Mode = area stim
    verts = 5 
    radius = 550 
    center = (600, 960) 
    first_angle = 1.2073315172466106 
    wm_size = [1200 1920] 
    stim_amp = 6 
    baseline_stim = 4
    current_stim_group = audio
    sense_zone = 0
    ===============================
2022-03-12 15:25:38.845507 False [   13875.462119] 0003 0035 0000002a
2022-03-12 15:25:38.863413 False [   13875.479606] 0003 0035 0000002a
2022-03-12 15:25:38.878964 False [   13875.495524] 0003 0035 0000002a
2022-03-12 15:25:38.895799 False [   13875.512054] 0003 0035 0000002a
2022-03-12 15:25:38.912710 False [   13875.529842] 0003 0035 0000002a
2022-03-12 15:25:38.928671 False [   13875.546573] 0003 0035 0000002a
2022-03-12 15:25:38.947749 False [   13875.563694] 0003 0035 0000002a
2022-03-12 15:25:38.963720 False [   13875.581628] 0003 0035 0000002a
2022-03-12 15:25:38.980682 False [   13875.598108] 0003 0035 0000002a
2022-03-12 15:25:38.997371 False [   13875.614693] 0003 0035 0000002a
2022-03-12 15:25:39.014567 False [   13875.631526] 0003 0035 0000002a
2022-03-12 15:25:39.031788 False [   13875.648839] 0003 0035 00000032
2022-03-12 15:25:39.048821 False [   13875.665260] 0003 0035 0000003b
2022-03-12 15:25:39.066318 False [   13875.683391] 0003 0035 00000045
2022-03-12 15:25:39.083606 False [   13875.700394] 0003 0035 0000004f
2022-03-12 15:25:39.097571 False [   13875.715034] 0003 0035 00000058
2022-03-12 15:25:39.115872 False [   13875.732687] 0003 0035 00000060
2022-03-12 15:25:39.132767 False [   13875.749537] 0003 0035 00000066
2022-03-12 15:25:39.150610 False [   13875.766928] 0003 0035 0000006b
2022-03-12 15:25:39.165825 False [   13875.783456] 0003 0035 0000006f
2022-03-12 15:25:39.183716 False [   13875.801414] 0003 0035 00000073
2022-03-12 15:25:39.201377 False [   13875.818356] 0003 0035 00000073
2022-03-12 15:25:39.218616 False [   13875.835229] 0003 0035 00000078
2022-03-12 15:25:39.234721 False [   13875.851801] 0003 0035 00000078
2022-03-12 15:25:39.252586 False [   13875.868871] 0003 0035 0000007c
2022-03-12 15:25:39.268178 False [   13875.885189] 0003 0035 00000080
2022-03-12 15:25:39.286365 False [   13875.902818] 0003 0035 00000086
2022-03-12 15:25:39.303203 False [   13875.919730] 0003 0035 0000008d
2022-03-12 15:25:39.321112 False [   13875.937081] 0003 0035 00000096
2022-03-12 15:25:39.337061 False [   13875.954319] 0003 0035 000000a1
2022-03-12 15:25:39.354362 False [   13875.970916] 0003 0035 000000ad
2022-03-12 15:25:39.370985 True [   13875.987664] 0003 0035 000000b8
2022-03-12 15:25:39.388045 True [   13876.005164] 0003 0035 000000c1
2022-03-12 15:25:39.405870 True [   13876.021900] 0003 0035 000000c9
2022-03-12 15:25:39.421409 True [   13876.038620] 0003 0035 000000d0
2022-03-12 15:25:39.438659 True [   13876.055376] 0003 0035 000000d6
2022-03-12 15:25:39.455856 True [   13876.072778] 0003 0035 000000da
2022-03-12 15:25:39.472475 True [   13876.089307] 0003 0035 000000da
2022-03-12 15:25:39.489551 True [   13876.106394] 0003 0035 000000da
2022-03-12 15:25:39.506097 True [   13876.123033] 0003 0035 000000da
2022-03-12 15:25:39.522459 True [   13876.139564] 0003 0035 000000da
2022-03-12 15:25:39.539300 True [   13876.156403] 0003 0035 000000da
2022-03-12 15:25:39.557857 True [   13876.174393] 0003 0035 000000da
2022-03-12 15:25:39.573595 True [   13876.191101] 0003 0035 000000da
2022-03-12 15:25:39.592288 True [   13876.208428] 0003 0035 000000de
2022-03-12 15:25:39.607398 True [   13876.223527] 0003 0035 000000de
2022-03-12 15:25:39.624528 True [   13876.240917] 0003 0035 000000e3
2022-03-12 15:25:39.641017 True [   13876.257838] 0003 0035 000000e7
2022-03-12 15:25:39.658261 True [   13876.275441] 0003 0035 000000e7
2022-03-12 15:25:40.453699 False [   13877.071129] 0003 0035 00000088
2022-03-12 15:25:40.471063 False [   13877.087393] 0003 0035 00000088
2022-03-12 15:25:40.488808 False [   13877.104621] 0003 0035 00000088
2022-03-12 15:25:40.505347 False [   13877.121703] 0003 0035 00000088
2022-03-12 15:25:40.521702 False [   13877.138083] 0003 0035 00000088
2022-03-12 15:25:40.537748 False [   13877.154595] 0003 0035 00000088
2022-03-12 15:25:40.555516 False [   13877.172295] 0003 0035 00000088
2022-03-12 15:25:40.572468 False [   13877.189213] 0003 0035 00000088
2022-03-12 15:25:40.587497 False [   13877.205252] 0003 0035 00000088
2022-03-12 15:25:40.604770 False [   13877.222117] 0003 0035 00000088
2022-03-12 15:25:40.623081 False [   13877.239477] 0003 0035 00000088
2022-03-12 15:25:40.640547 False [   13877.257336] 0003 0035 0000008b
2022-03-12 15:25:40.656757 False [   13877.273139] 0003 0035 0000008e
2022-03-12 15:25:40.673514 False [   13877.290238] 0003 0035 00000093
2022-03-12 15:25:40.692429 False [   13877.309274] 0003 0035 00000097
2022-03-12 15:25:40.707769 False [   13877.324384] 0003 0035 0000009c
2022-03-12 15:25:40.724520 False [   13877.341090] 0003 0035 000000a2
2022-03-12 15:25:40.741262 False [   13877.357888] 0003 0035 000000a7
2022-03-12 15:25:40.757217 False [   13877.374563] 0003 0035 000000ad
2022-03-12 15:25:40.773738 False [   13877.391476] 0003 0035 000000b3
2022-03-12 15:25:40.791416 False [   13877.408389] 0003 0035 000000b9
2022-03-12 15:25:40.808274 False [   13877.425448] 0003 0035 000000bf
2022-03-12 15:25:40.828475 False [   13877.443119] 0003 0035 000000c4
2022-03-12 15:25:40.843449 False [   13877.459980] 0003 0035 000000c9
2022-03-12 15:25:40.861667 False [   13877.477880] 0003 0035 000000cd
2022-03-12 15:25:40.876559 False [   13877.493330] 0003 0035 000000d2
2022-03-12 15:25:40.893174 False [   13877.510053] 0003 0035 000000d6
2022-03-12 15:25:40.910845 False [   13877.527594] 0003 0035 000000dc
2022-03-12 15:25:40.926913 False [   13877.543963] 0003 0035 000000e5
2022-03-12 15:25:40.943576 False [   13877.560845] 0003 0035 000000f1
2022-03-12 15:25:40.961241 False [   13877.578357] 0003 0035 000000ff
2022-03-12 15:25:40.977641 False [   13877.594930] 0003 0035 0000010e
2022-03-12 15:25:40.994593 False [   13877.611703] 0003 0035 0000011c
2022-03-12 15:25:41.012415 False [   13877.628824] 0003 0035 00000128
2022-03-12 15:25:41.029681 False [   13877.646206] 0003 0035 00000134
2022-03-12 15:25:41.045671 False [   13877.663072] 0003 0035 00000144
2022-03-12 15:25:41.062465 False [   13877.679623] 0003 0035 00000156
2022-03-12 15:25:41.079719 False [   13877.696926] 0003 0035 00000168
2022-03-12 15:25:41.095832 False [   13877.713533] 0003 0035 00000178
2022-03-12 15:25:41.113514 False [   13877.730360] 0003 0035 0000018a
2022-03-12 15:25:41.130812 False [   13877.747298] 0003 0035 000001a0
2022-03-12 15:25:41.148141 False [   13877.764777] 0003 0035 000001b5
2022-03-12 15:25:41.164521 False [   13877.781419] 0003 0035 000001c8
2022-03-12 15:25:41.181062 False [   13877.798153] 0003 0035 000001d7
2022-03-12 15:25:41.198453 False [   13877.815066] 0003 0035 000001e3
2022-03-12 15:25:41.215726 False [   13877.832878] 0003 0035 000001ee
2022-03-12 15:25:41.233159 False [   13877.849696] 0003 0035 000001f7
2022-03-12 15:25:41.249116 False [   13877.866019] 0003 0035 00000202
2022-03-12 15:25:41.265103 True [   13877.882979] 0003 0035 00000210
2022-03-12 15:25:41.282683 True [   13877.899698] 0003 0035 0000021f
2022-03-12 15:25:41.299944 True [   13877.916412] 0003 0035 0000022c
2022-03-12 15:25:41.318482 True [   13877.934549] 0003 0035 00000237
2022-03-12 15:25:41.334370 True [   13877.951232] 0003 0035 0000023f
2022-03-12 15:25:41.352147 True [   13877.968072] 0003 0035 00000246
2022-03-12 15:25:41.367796 True [   13877.984947] 0003 0035 0000024b
2022-03-12 15:25:41.384339 True [   13878.001711] 0003 0035 0000024f
2022-03-12 15:25:41.402009 True [   13878.019122] 0003 0035 00000252
2022-03-12 15:25:41.419313 True [   13878.035574] 0003 0035 00000254
2022-03-12 15:25:41.435312 True [   13878.052358] 0003 0035 00000254
2022-03-12 15:25:41.452491 True [   13878.069636] 0003 0035 00000254
2022-03-12 15:25:41.469061 True [   13878.086369] 0003 0035 00000257
2022-03-12 15:25:41.487204 True [   13878.103578] 0003 0035 00000257
2022-03-12 15:25:41.503657 True [   13878.119889] 0003 0035 00000257
2022-03-12 15:25:41.521815 True [   13878.138050] 0003 0035 00000257
2022-03-12 15:25:41.537760 True [   13878.154224] 0003 0035 00000257
2022-03-12 15:25:41.554686 True [   13878.171789] 0003 0035 00000257
2022-03-12 15:25:41.571840 True [   13878.188576] 0003 0035 00000257
2022-03-12 15:25:41.587933 True [   13878.204311] 0003 0035 00000257
2022-03-12 15:25:41.605504 True [   13878.222079] 0003 0035 00000257
2022-03-12 15:25:41.621151 True [   13878.238773] 0003 0035 00000257
2022-03-12 15:25:41.638029 True [   13878.255069] 0003 0035 00000257
2022-03-12 15:25:41.655889 True [   13878.272885] 0003 0035 00000257
2022-03-12 15:25:41.672447 True [   13878.289755] 0003 0035 00000257
2022-03-12 15:25:41.688605 True [   13878.305931] 0003 0035 00000257
2022-03-12 15:25:41.707050 True [   13878.323635] 0003 0035 00000257
2022-03-12 15:25:41.723438 True [   13878.340614] 0003 0035 00000257
2022-03-12 15:25:41.739909 True [   13878.356735] 0003 0035 00000257
2022-03-12 15:25:41.756279 True [   13878.373649] 0003 0035 00000257
2022-03-12 15:25:41.773362 True [   13878.390627] 0003 0035 00000257
2022-03-12 15:25:41.792436 True [   13878.407720] 0003 0035 0000025b
2022-03-12 15:25:41.807668 True [   13878.424895] 0003 0035 0000025d
2022-03-12 15:25:41.825521 True [   13878.442219] 0003 0035 0000025d
2022-03-12 15:25:41.841569 True [   13878.459179] 0003 0035 0000025d
2022-03-12 15:25:41.859312 True [   13878.475603] 0003 0035 0000025d
2022-03-12 15:25:41.876524 True [   13878.492913] 0003 0035 0000025d
2022-03-12 15:25:41.893590 True [   13878.510256] 0003 0035 0000025d
2022-03-12 15:25:41.909480 True [   13878.526710] 0003 0035 0000025d
2022-03-12 15:25:41.926554 True [   13878.543620] 0003 0035 0000025d
2022-03-12 15:25:41.943358 True [   13878.560250] 0003 0035 0000025d
2022-03-12 15:25:41.961874 True [   13878.577887] 0003 0035 0000025b
2022-03-12 15:25:41.977280 True [   13878.594613] 0003 0035 00000259
2022-03-12 15:25:41.994785 True [   13878.611529] 0003 0035 00000259
2022-03-12 15:25:42.011379 True [   13878.627904] 0003 0035 00000257
2022-03-12 15:25:42.028498 True [   13878.645694] 0003 0035 00000255
2022-03-12 15:25:42.045234 True [   13878.662182] 0003 0035 00000253
2022-03-12 15:25:42.062124 True [   13878.679227] 0003 0035 00000251
2022-03-12 15:25:42.079057 False [   13878.696246] 0003 0035 00000251
2022-03-12 15:25:42.096787 False [   13878.713191] 0003 0035 00000251
2022-03-12 15:25:42.113392 False [   13878.729934] 0003 0035 00000251
2022-03-12 15:25:42.130453 False [   13878.746521] 0003 0035 00000251
2022-03-12 15:25:42.145785 False [   13878.763210] 0003 0035 00000251
2022-03-12 15:25:42.162465 False [   13878.780205] 0003 0035 00000251
2022-03-12 15:25:42.180567 False [   13878.797802] 0003 0035 00000251
2022-03-12 15:25:42.198418 False [   13878.814219] 0003 0035 00000251
2022-03-12 15:25:42.214351 False [   13878.831147] 0003 0035 00000254
2022-03-12 15:25:42.231316 False [   13878.847939] 0003 0035 00000254
2022-03-12 15:25:42.249180 False [   13878.865893] 0003 0035 00000254
2022-03-12 15:25:42.265423 False [   13878.882337] 0003 0035 00000258
2022-03-12 15:25:42.282846 False [   13878.899483] 0003 0035 00000258
2022-03-12 15:25:42.299436 False [   13878.916649] 0003 0035 00000258
2022-03-12 15:25:42.316332 False [   13878.933447] 0003 0035 0000025c
2022-03-12 15:25:42.350965 False [   13878.967376] 0003 0035 00000262
2022-03-12 15:25:42.367899 False [   13878.984443] 0003 0035 0000026b
2022-03-12 15:25:42.384341 False [   13879.001062] 0003 0035 00000276
2022-03-12 15:25:42.400909 False [   13879.017287] 0003 0035 00000281
2022-03-12 15:25:42.419164 False [   13879.034178] 0003 0035 0000028b
2022-03-12 15:25:42.435732 False [   13879.051758] 0003 0035 00000293
2022-03-12 15:25:42.452389 False [   13879.068815] 0003 0035 00000299
2022-03-12 15:25:42.471363 False [   13879.087083] 0003 0035 0000029e
2022-03-12 15:25:42.486439 False [   13879.102685] 0003 0035 000002a2
2022-03-12 15:25:42.502411 False [   13879.119339] 0003 0035 000002a2
