Mode = area stim
    verts = 5 
    radius = 550 
    center = (600, 960) 
    first_angle = 2.163244089264183 
    wm_size = [1200 1920] 
    stim_amp = 5 
    baseline_stim = 5
    current_stim_group = 0
    sense_zone = 0
    ===============================
2022-03-10 16:21:33.095490 False [   90415.921200] 0003 0035 00000354
2022-03-10 16:21:33.114649 False [   90415.937830] 0003 0035 00000354
2022-03-10 16:21:33.127833 False [   90415.954382] 0003 0035 00000354
2022-03-10 16:21:33.147664 False [   90415.971660] 0003 0035 00000354
2022-03-10 16:21:33.165516 False [   90415.988300] 0003 0035 00000354
2022-03-10 16:21:33.180143 False [   90416.005090] 0003 0035 00000354
2022-03-10 16:21:33.196632 False [   90416.022052] 0003 0035 00000354
2022-03-10 16:21:33.217610 False [   90416.038866] 0003 0035 0000034d
2022-03-10 16:21:36.823655 False [   90419.647719] 0003 0035 0000030c
2022-03-10 16:21:36.842873 True [   90419.665650] 0003 0035 0000030c
2022-03-10 16:21:36.857343 True [   90419.682613] 0003 0035 0000030c
2022-03-10 16:21:36.875025 True [   90419.699138] 0003 0035 0000030c
2022-03-10 16:21:36.891562 True [   90419.715385] 0003 0035 0000030c
2022-03-10 16:21:36.910235 True [   90419.733312] 0003 0035 0000030c
2022-03-10 16:21:40.416632 True [   90423.240755] 0003 0035 000004eb
2022-03-10 16:21:40.431568 False [   90423.256047] 0003 0035 000004eb
2022-03-10 16:21:40.448420 False [   90423.273272] 0003 0035 000004eb
2022-03-10 16:21:40.465583 False [   90423.290237] 0003 0035 000004eb
2022-03-10 16:21:40.483200 False [   90423.306781] 0003 0035 000004eb
2022-03-10 16:21:40.500475 False [   90423.323525] 0003 0035 000004eb
2022-03-10 16:21:40.518662 False [   90423.341210] 0003 0035 000004eb
2022-03-10 16:21:40.533449 False [   90423.358213] 0003 0035 000004eb
2022-03-10 16:21:40.552838 False [   90423.375148] 0003 0035 000004eb
2022-03-10 16:21:40.568766 False [   90423.391921] 0003 0035 000004eb
2022-03-10 16:21:40.585829 False [   90423.409003] 0003 0035 000004eb
2022-03-10 16:21:45.110758 False [   90427.932927] 0003 0035 0000000d
2022-03-10 16:21:45.126557 False [   90427.949984] 0003 0035 0000000d
2022-03-10 16:21:45.145384 False [   90427.967533] 0003 0035 0000000d
2022-03-10 16:21:45.162320 False [   90427.984326] 0003 0035 0000000d
2022-03-10 16:21:45.178356 False [   90428.001212] 0003 0035 0000000d
2022-03-10 16:21:45.192497 False [   90428.017544] 0003 0035 0000000d
2022-03-10 16:21:45.209575 False [   90428.034081] 0003 0035 0000000d
2022-03-10 16:21:45.227145 False [   90428.051193] 0003 0035 0000000d
2022-03-10 16:21:45.246642 False [   90428.068142] 0003 0035 0000000d
2022-03-10 16:21:45.263622 False [   90428.085875] 0003 0035 0000000d
2022-03-10 16:21:46.669833 True [   90429.491559] 0003 0035 000004b3
2022-03-10 16:21:46.683995 True [   90429.508388] 0003 0035 000004b3
2022-03-10 16:21:46.702051 True [   90429.526115] 0003 0035 000004b3
2022-03-10 16:21:46.718498 True [   90429.541156] 0003 0035 000004b3
2022-03-10 16:21:46.735294 True [   90429.558968] 0003 0035 000004b3
2022-03-10 16:21:46.749899 True [   90429.575652] 0003 0035 000004b3
2022-03-10 16:21:46.768096 True [   90429.592375] 0003 0035 000004b3
2022-03-10 16:21:46.784534 True [   90429.609507] 0003 0035 000004b7
2022-03-10 16:21:46.803901 True [   90429.626136] 0003 0035 000004bc
2022-03-10 16:21:46.821518 True [   90429.642825] 0003 0035 000004c1
2022-03-10 16:21:46.838184 True [   90429.659845] 0003 0035 000004c6
2022-03-10 16:21:46.852315 True [   90429.676713] 0003 0035 000004cb
2022-03-10 16:21:46.872351 True [   90429.694992] 0003 0035 000004cf
2022-03-10 16:21:46.886330 True [   90429.711358] 0003 0035 000004d3
2022-03-10 16:21:46.905325 True [   90429.728779] 0003 0035 000004d7
2022-03-10 16:21:46.920362 True [   90429.744606] 0003 0035 000004d7
2022-03-10 16:21:46.937564 True [   90429.762230] 0003 0035 000004dc
2022-03-10 16:21:46.959140 True [   90429.778102] 0003 0035 000004dc
2022-03-10 16:21:46.972149 True [   90429.795236] 0003 0035 000004e0
2022-03-10 16:21:46.990376 True [   90429.812108] 0003 0035 000004e0
2022-03-10 16:21:47.004867 True [   90429.829050] 0003 0035 000004e0
2022-03-10 16:21:47.025919 True [   90429.845931] 0003 0035 000004e0
2022-03-10 16:21:47.039242 True [   90429.862767] 0003 0035 000004e0
2022-03-10 16:21:47.055894 True [   90429.880407] 0003 0035 000004e0
2022-03-10 16:21:47.073302 True [   90429.896906] 0003 0035 000004e0
2022-03-10 16:21:47.088264 True [   90429.913623] 0003 0035 000004e0
2022-03-10 16:21:47.107555 True [   90429.931103] 0003 0035 000004e0
2022-03-10 16:21:47.124548 True [   90429.947454] 0003 0035 000004e0
2022-03-10 16:21:47.140554 True [   90429.964459] 0003 0035 000004e0
2022-03-10 16:21:47.157059 True [   90429.981380] 0003 0035 000004e0
2022-03-10 16:21:47.174544 True [   90429.998285] 0003 0035 000004e0
2022-03-10 16:21:49.651385 True [   90432.472118] 0003 0035 0000049c
2022-03-10 16:21:49.666444 True [   90432.490868] 0003 0035 0000049c
2022-03-10 16:21:49.682649 True [   90432.506569] 0003 0035 0000049c
2022-03-10 16:21:49.699787 True [   90432.523115] 0003 0035 000004a1
2022-03-10 16:21:49.716664 True [   90432.541471] 0003 0035 000004a6
2022-03-10 16:21:49.733255 True [   90432.557390] 0003 0035 000004ac
2022-03-10 16:21:49.750893 True [   90432.575143] 0003 0035 000004b3
2022-03-10 16:21:49.768272 True [   90432.592636] 0003 0035 000004ba
2022-03-10 16:21:49.787454 True [   90432.609542] 0003 0035 000004c1
2022-03-10 16:21:49.801621 True [   90432.624523] 0003 0035 000004c7
2022-03-10 16:21:49.818449 True [   90432.641547] 0003 0035 000004cd
2022-03-10 16:21:49.835060 True [   90432.658294] 0003 0035 000004d2
2022-03-10 16:21:49.849896 True [   90432.675181] 0003 0035 000004d7
2022-03-10 16:21:49.868990 True [   90432.692126] 0003 0035 000004db
2022-03-10 16:21:49.884150 True [   90432.709009] 0003 0035 000004db
2022-03-10 16:21:49.903121 True [   90432.726177] 0003 0035 000004df
2022-03-10 16:21:49.919271 True [   90432.742959] 0003 0035 000004df
2022-03-10 16:21:49.938190 True [   90432.759928] 0003 0035 000004df
2022-03-10 16:21:49.953367 True [   90432.776926] 0003 0035 000004df
2022-03-10 16:21:49.976522 True [   90432.793744] 0003 0035 000004df
2022-03-10 16:21:49.987288 True [   90432.810625] 0003 0035 000004df
2022-03-10 16:21:50.007049 True [   90432.827586] 0003 0035 000004df
2022-03-10 16:21:50.021579 True [   90432.844645] 0003 0035 000004df
2022-03-10 16:21:50.041199 True [   90432.861666] 0003 0035 000004df
2022-03-10 16:21:50.060275 True [   90432.878425] 0003 0035 000004df
2022-03-10 16:21:50.073188 True [   90432.895321] 0003 0035 000004df
2022-03-10 16:21:50.088227 True [   90432.912685] 0003 0035 000004df
2022-03-10 16:21:50.106271 True [   90432.929278] 0003 0035 000004df
2022-03-10 16:21:50.123838 True [   90432.946040] 0003 0035 000004df
2022-03-10 16:21:51.749413 True [   90434.574062] 0003 0035 00000418
2022-03-10 16:21:51.766687 True [   90434.591110] 0003 0035 00000418
2022-03-10 16:21:51.783022 True [   90434.607796] 0003 0035 00000418
2022-03-10 16:21:51.800973 True [   90434.625205] 0003 0035 00000418
2022-03-10 16:21:51.818245 True [   90434.642125] 0003 0035 00000418
2022-03-10 16:21:51.834442 True [   90434.658711] 0003 0035 00000418
2022-03-10 16:21:51.851320 True [   90434.674735] 0003 0035 0000041e
2022-03-10 16:21:51.868633 True [   90434.692092] 0003 0035 00000427
2022-03-10 16:21:51.886496 True [   90434.709386] 0003 0035 00000432
2022-03-10 16:21:51.903408 True [   90434.726881] 0003 0035 0000043f
2022-03-10 16:21:51.918278 True [   90434.742270] 0003 0035 0000044c
2022-03-10 16:21:51.935453 True [   90434.758999] 0003 0035 00000458
2022-03-10 16:21:51.957225 True [   90434.776603] 0003 0035 00000462
2022-03-10 16:21:51.973226 True [   90434.793523] 0003 0035 0000046e
2022-03-10 16:21:51.989896 True [   90434.809887] 0003 0035 0000047e
2022-03-10 16:21:52.002126 True [   90434.826757] 0003 0035 00000491
2022-03-10 16:21:52.019674 True [   90434.843738] 0003 0035 000004a5
2022-03-10 16:21:52.039479 True [   90434.860698] 0003 0035 000004b7
2022-03-10 16:21:52.062172 True [   90434.877898] 0003 0035 000004c5
2022-03-10 16:21:52.070286 True [   90434.894606] 0003 0035 000004d1
2022-03-10 16:21:52.094634 True [   90434.911484] 0003 0035 000004d9
2022-03-10 16:21:52.104118 True [   90434.928466] 0003 0035 000004e0
2022-03-10 16:21:52.122788 True [   90434.945503] 0003 0035 000004e4
2022-03-10 16:21:52.138974 True [   90434.962358] 0003 0035 000004e4
2022-03-10 16:21:52.158070 True [   90434.979147] 0003 0035 000004e4
2022-03-10 16:21:55.089100 True [   90437.911686] 0003 0035 000004b2
2022-03-10 16:21:55.105205 True [   90437.928816] 0003 0035 000004b2
2022-03-10 16:21:55.124140 True [   90437.945012] 0003 0035 000004b2
2022-03-10 16:21:55.140209 True [   90437.962488] 0003 0035 000004b2
2022-03-10 16:21:55.154170 True [   90437.978412] 0003 0035 000004b2
2022-03-10 16:21:55.171880 True [   90437.995772] 0003 0035 000004b2
2022-03-10 16:21:55.188681 True [   90438.011940] 0003 0035 000004b2
2022-03-10 16:21:55.207287 True [   90438.029693] 0003 0035 000004b2
2022-03-10 16:21:55.220799 True [   90438.045819] 0003 0035 000004b7
2022-03-10 16:21:55.239580 True [   90438.063534] 0003 0035 000004bc
2022-03-10 16:21:55.257428 True [   90438.081573] 0003 0035 000004c1
2022-03-10 16:21:55.272114 True [   90438.096808] 0003 0035 000004c5
2022-03-10 16:21:55.293275 True [   90438.114932] 0003 0035 000004c9
2022-03-10 16:21:55.309538 True [   90438.131156] 0003 0035 000004c9
2022-03-10 16:21:55.326627 True [   90438.148400] 0003 0035 000004ce
2022-03-10 16:21:55.340819 True [   90438.165033] 0003 0035 000004ce
2022-03-10 16:21:55.357492 True [   90438.181378] 0003 0035 000004ce
2022-03-10 16:21:55.374926 True [   90438.198925] 0003 0035 000004ce
2022-03-10 16:21:55.391159 True [   90438.215811] 0003 0035 000004d2
2022-03-10 16:21:55.410340 True [   90438.232965] 0003 0035 000004d2
2022-03-10 16:21:55.426408 True [   90438.250065] 0003 0035 000004d2
2022-03-10 16:21:55.446700 True [   90438.267063] 0003 0035 000004d2
2022-03-10 16:21:55.461967 True [   90438.284102] 0003 0035 000004d2
2022-03-10 16:21:55.478023 True [   90438.299994] 0003 0035 000004d2
2022-03-10 16:21:55.494197 True [   90438.317595] 0003 0035 000004d2
2022-03-10 16:21:55.512039 True [   90438.333789] 0003 0035 000004d2
2022-03-10 16:21:55.528020 True [   90438.351289] 0003 0035 000004d2
2022-03-10 16:21:55.546452 True [   90438.368406] 0003 0035 000004d2
2022-03-10 16:21:55.564446 True [   90438.386298] 0003 0035 000004d6
2022-03-10 16:21:55.578238 True [   90438.402573] 0003 0035 000004d6
2022-03-10 16:21:55.593821 True [   90438.418522] 0003 0035 000004d6
2022-03-10 16:21:55.613500 True [   90438.435479] 0003 0035 000004d6
2022-03-10 16:21:55.631225 True [   90438.453191] 0003 0035 000004d6
2022-03-10 16:21:55.645423 True [   90438.469426] 0003 0035 000004d6
2022-03-10 16:21:55.663511 True [   90438.487126] 0003 0035 000004d6
2022-03-10 16:21:55.678619 True [   90438.503195] 0003 0035 000004d6
2022-03-10 16:21:55.697827 True [   90438.520808] 0003 0035 000004d6
2022-03-10 16:21:55.716484 True [   90438.538145] 0003 0035 000004d6
2022-03-10 16:21:55.734408 True [   90438.555237] 0003 0035 000004d6
2022-03-10 16:21:55.750012 True [   90438.572047] 0003 0035 000004d6
2022-03-10 16:21:55.767238 True [   90438.588999] 0003 0035 000004d6
2022-03-10 16:21:55.783879 True [   90438.606124] 0003 0035 000004d6
2022-03-10 16:21:55.800944 True [   90438.622667] 0003 0035 000004d6
2022-03-10 16:21:55.818066 True [   90438.640236] 0003 0035 000004d6
2022-03-10 16:21:55.831118 True [   90438.655839] 0003 0035 000004d6
2022-03-10 16:21:55.849039 True [   90438.673442] 0003 0035 000004d6
2022-03-10 16:21:55.868673 True [   90438.691042] 0003 0035 000004d6
2022-03-10 16:21:55.885373 True [   90438.707348] 0003 0035 000004d6
2022-03-10 16:21:55.901871 True [   90438.724078] 0003 0035 000004d6
2022-03-10 16:21:55.918671 True [   90438.740594] 0003 0035 000004d6
2022-03-10 16:21:55.935199 True [   90438.758525] 0003 0035 000004d6
2022-03-10 16:21:55.951292 True [   90438.775477] 0003 0035 000004d6
2022-03-10 16:21:55.968325 True [   90438.792064] 0003 0035 000004da
2022-03-10 16:21:55.985404 True [   90438.809210] 0003 0035 000004da
2022-03-10 16:21:56.003008 True [   90438.825133] 0003 0035 000004da
2022-03-10 16:21:56.021628 True [   90438.842361] 0003 0035 000004da
2022-03-10 16:21:56.034854 True [   90438.858938] 0003 0035 000004da
2022-03-10 16:21:56.052562 True [   90438.875900] 0003 0035 000004da
2022-03-10 16:21:56.068670 True [   90438.892847] 0003 0035 000004da
2022-03-10 16:21:56.089489 True [   90438.912741] 0003 0035 000004da
2022-03-10 16:21:56.105059 True [   90438.926971] 0003 0035 000004da
2022-03-10 16:21:56.118668 True [   90438.943645] 0003 0035 000004da
2022-03-10 16:21:56.136141 True [   90438.960978] 0003 0035 000004da
2022-03-10 16:21:56.154123 True [   90438.977595] 0003 0035 000004da
2022-03-10 16:21:56.171845 True [   90438.994720] 0003 0035 000004da
2022-03-10 16:21:56.187513 True [   90439.011487] 0003 0035 000004da
2022-03-10 16:21:56.203464 True [   90439.028626] 0003 0035 000004da
2022-03-10 16:21:56.227819 True [   90439.045331] 0003 0035 000004da
2022-03-10 16:21:56.240490 True [   90439.062289] 0003 0035 000004da
2022-03-10 16:21:56.256000 True [   90439.079350] 0003 0035 000004da
2022-03-10 16:21:56.272984 True [   90439.096210] 0003 0035 000004da
2022-03-10 16:21:56.290935 True [   90439.113094] 0003 0035 000004da
2022-03-10 16:21:56.314188 True [   90439.130115] 0003 0035 000004da
2022-03-10 16:21:56.325206 True [   90439.146942] 0003 0035 000004da
2022-03-10 16:21:56.340509 True [   90439.163929] 0003 0035 000004da
2022-03-10 16:21:56.357166 True [   90439.180855] 0003 0035 000004da
2022-03-10 16:21:56.373037 True [   90439.197852] 0003 0035 000004da
2022-03-10 16:21:56.395500 True [   90439.215204] 0003 0035 000004da
2022-03-10 16:21:56.406488 True [   90439.231695] 0003 0035 000004da
2022-03-10 16:21:56.425444 True [   90439.248637] 0003 0035 000004da
2022-03-10 16:21:56.441629 True [   90439.265579] 0003 0035 000004da
2022-03-10 16:21:56.457924 True [   90439.282539] 0003 0035 000004da
2022-03-10 16:21:56.474680 True [   90439.299676] 0003 0035 000004da
2022-03-10 16:21:56.494388 True [   90439.316735] 0003 0035 000004da
2022-03-10 16:21:56.512512 True [   90439.335039] 0003 0035 000004da
2022-03-10 16:21:56.529499 True [   90439.350300] 0003 0035 000004da
2022-03-10 16:21:56.544796 True [   90439.367228] 0003 0035 000004da
2022-03-10 16:21:56.559927 True [   90439.384184] 0003 0035 000004da
2022-03-10 16:21:56.579165 True [   90439.401802] 0003 0035 000004da
2022-03-10 16:21:56.596352 True [   90439.418463] 0003 0035 000004da
2022-03-10 16:21:56.613398 True [   90439.435009] 0003 0035 000004da
2022-03-10 16:21:56.630451 True [   90439.451944] 0003 0035 000004da
2022-03-10 16:21:56.647463 True [   90439.469742] 0003 0035 000004da
2022-03-10 16:21:56.663106 True [   90439.487042] 0003 0035 000004da
2022-03-10 16:21:56.681122 True [   90439.503568] 0003 0035 000004da
2022-03-10 16:21:56.697722 True [   90439.521665] 0003 0035 000004da
2022-03-10 16:21:56.714055 True [   90439.538085] 0003 0035 000004da
2022-03-10 16:21:56.731749 True [   90439.555438] 0003 0035 000004da
2022-03-10 16:21:56.749088 True [   90439.571495] 0003 0035 000004da
2022-03-10 16:21:56.764155 True [   90439.588321] 0003 0035 000004da
2022-03-10 16:21:56.780072 True [   90439.604405] 0003 0035 000004da
2022-03-10 16:21:56.798921 True [   90439.621634] 0003 0035 000004da
2022-03-10 16:21:56.814888 True [   90439.638742] 0003 0035 000004da
2022-03-10 16:21:56.832396 True [   90439.655911] 0003 0035 000004da
2022-03-10 16:21:56.847843 True [   90439.672810] 0003 0035 000004da
2022-03-10 16:21:56.868823 True [   90439.691382] 0003 0035 000004da
2022-03-10 16:21:56.884231 True [   90439.707486] 0003 0035 000004da
2022-03-10 16:21:56.900664 True [   90439.723343] 0003 0035 000004da
2022-03-10 16:21:56.917899 True [   90439.741133] 0003 0035 000004da
2022-03-10 16:21:56.937418 True [   90439.758868] 0003 0035 000004da
2022-03-10 16:21:56.951118 True [   90439.775598] 0003 0035 000004da
2022-03-10 16:21:56.967093 True [   90439.791789] 0003 0035 000004da
2022-03-10 16:21:56.985348 True [   90439.808846] 0003 0035 000004da
2022-03-10 16:21:57.003817 True [   90439.825029] 0003 0035 000004da
2022-03-10 16:21:57.035334 True [   90439.859156] 0003 0035 000004da
2022-03-10 16:21:57.049830 True [   90439.875730] 0003 0035 000004da
2022-03-10 16:21:57.070676 True [   90439.893881] 0003 0035 000004da
2022-03-10 16:21:57.086933 True [   90439.910684] 0003 0035 000004da
2022-03-10 16:21:57.105685 True [   90439.927185] 0003 0035 000004da
2022-03-10 16:21:57.121683 True [   90439.943264] 0003 0035 000004da
2022-03-10 16:21:57.139518 True [   90439.962113] 0003 0035 000004da
2022-03-10 16:21:57.154161 True [   90439.978213] 0003 0035 000004da
2022-03-10 16:21:57.170143 True [   90439.994632] 0003 0035 000004da
2022-03-10 16:21:57.187173 True [   90440.011374] 0003 0035 000004da
2022-03-10 16:21:57.205702 True [   90440.027958] 0003 0035 000004da
2022-03-10 16:21:57.221506 True [   90440.045518] 0003 0035 000004da
2022-03-10 16:21:57.237625 True [   90440.062039] 0003 0035 000004da
2022-03-10 16:21:57.253842 True [   90440.079403] 0003 0035 000004da
2022-03-10 16:21:57.271346 True [   90440.096075] 0003 0035 000004da
2022-03-10 16:21:57.291579 True [   90440.114527] 0003 0035 000004da
2022-03-10 16:21:57.309542 True [   90440.131456] 0003 0035 000004da
2022-03-10 16:21:57.329979 True [   90440.147357] 0003 0035 000004da
2022-03-10 16:21:57.342748 True [   90440.165091] 0003 0035 000004da
2022-03-10 16:21:57.356758 True [   90440.181409] 0003 0035 000004da
2022-03-10 16:21:57.375004 True [   90440.198164] 0003 0035 000004da
2022-03-10 16:21:57.391495 True [   90440.215457] 0003 0035 000004da
2022-03-10 16:21:57.407984 True [   90440.231874] 0003 0035 000004da
2022-03-10 16:21:57.427822 True [   90440.249706] 0003 0035 000004da
2022-03-10 16:21:57.443490 True [   90440.266589] 0003 0035 000004da
2022-03-10 16:21:57.457985 True [   90440.282251] 0003 0035 000004da
2022-03-10 16:21:57.475076 True [   90440.299002] 0003 0035 000004da
2022-03-10 16:21:57.492510 True [   90440.315935] 0003 0035 000004da
2022-03-10 16:21:57.507166 True [   90440.332916] 0003 0035 000004da
2022-03-10 16:21:57.528995 True [   90440.350077] 0003 0035 000004da
2022-03-10 16:21:57.544506 True [   90440.366734] 0003 0035 000004da
2022-03-10 16:21:57.561333 True [   90440.385546] 0003 0035 000004da
2022-03-10 16:21:57.578287 True [   90440.401925] 0003 0035 000004da
2022-03-10 16:21:57.593519 True [   90440.418152] 0003 0035 000004da
2022-03-10 16:21:57.612444 True [   90440.435389] 0003 0035 000004da
2022-03-10 16:21:57.630688 True [   90440.452475] 0003 0035 000004da
2022-03-10 16:21:57.647786 True [   90440.469384] 0003 0035 000004da
2022-03-10 16:21:57.662504 True [   90440.486704] 0003 0035 000004da
2022-03-10 16:21:57.681169 True [   90440.503968] 0003 0035 000004da
2022-03-10 16:21:57.696265 True [   90440.520097] 0003 0035 000004da
2022-03-10 16:21:57.714369 True [   90440.538152] 0003 0035 000004da
2022-03-10 16:21:57.730650 True [   90440.554573] 0003 0035 000004da
2022-03-10 16:21:57.748628 True [   90440.571459] 0003 0035 000004da
2022-03-10 16:21:57.766427 True [   90440.588832] 0003 0035 000004da
2022-03-10 16:21:57.781391 True [   90440.605502] 0003 0035 000004da
2022-03-10 16:21:57.800683 True [   90440.622703] 0003 0035 000004da
2022-03-10 16:21:57.815296 True [   90440.639027] 0003 0035 000004da
2022-03-10 16:21:57.831317 True [   90440.655372] 0003 0035 000004da
2022-03-10 16:21:57.848658 True [   90440.671915] 0003 0035 000004da
2022-03-10 16:21:57.865514 True [   90440.689602] 0003 0035 000004da
2022-03-10 16:21:57.883166 True [   90440.707820] 0003 0035 000004da
2022-03-10 16:21:57.899495 True [   90440.723722] 0003 0035 000004da
2022-03-10 16:21:57.916466 True [   90440.740422] 0003 0035 000004da
2022-03-10 16:21:57.935159 True [   90440.757761] 0003 0035 000004da
2022-03-10 16:21:57.950001 True [   90440.773797] 0003 0035 000004da
2022-03-10 16:21:57.967493 True [   90440.791327] 0003 0035 000004da
2022-03-10 16:21:57.985447 True [   90440.808669] 0003 0035 000004da
2022-03-10 16:21:58.001005 True [   90440.824572] 0003 0035 000004da
2022-03-10 16:21:58.018640 True [   90440.842115] 0003 0035 000004da
2022-03-10 16:21:58.038492 True [   90440.859488] 0003 0035 000004da
2022-03-10 16:21:58.052161 True [   90440.875615] 0003 0035 000004da
2022-03-10 16:21:58.069680 True [   90440.893954] 0003 0035 000004da
2022-03-10 16:21:58.086465 True [   90440.910370] 0003 0035 000004da
2022-03-10 16:21:58.104018 True [   90440.927914] 0003 0035 000004da
2022-03-10 16:21:58.119751 True [   90440.943992] 0003 0035 000004da
2022-03-10 16:21:58.138327 True [   90440.961349] 0003 0035 000004da
2022-03-10 16:21:58.156635 True [   90440.978048] 0003 0035 000004da
2022-03-10 16:21:58.170620 True [   90440.994011] 0003 0035 000004da
2022-03-10 16:21:58.186578 True [   90441.011121] 0003 0035 000004da
2022-03-10 16:21:58.204128 True [   90441.028315] 0003 0035 000004da
2022-03-10 16:21:58.222684 True [   90441.045466] 0003 0035 000004da
2022-03-10 16:21:58.241344 True [   90441.061959] 0003 0035 000004da
2022-03-10 16:21:58.254822 True [   90441.079510] 0003 0035 000004da
2022-03-10 16:21:58.273834 True [   90441.096463] 0003 0035 000004da
2022-03-10 16:21:58.291497 True [   90441.112973] 0003 0035 000004da
2022-03-10 16:21:58.307166 True [   90441.130911] 0003 0035 000004da
2022-03-10 16:21:58.323690 True [   90441.146926] 0003 0035 000004da
2022-03-10 16:21:58.340325 True [   90441.164265] 0003 0035 000004da
2022-03-10 16:21:58.358163 True [   90441.181605] 0003 0035 000004da
2022-03-10 16:21:58.373833 True [   90441.198146] 0003 0035 000004da
2022-03-10 16:21:58.390806 True [   90441.214386] 0003 0035 000004da
2022-03-10 16:21:58.407166 True [   90441.231199] 0003 0035 000004da
2022-03-10 16:21:58.424666 True [   90441.249088] 0003 0035 000004da
2022-03-10 16:21:58.443324 True [   90441.266240] 0003 0035 000004da
2022-03-10 16:21:58.457282 True [   90441.282189] 0003 0035 000004da
2022-03-10 16:21:58.474653 True [   90441.298700] 0003 0035 000004da
2022-03-10 16:21:58.494210 True [   90441.316915] 0003 0035 000004da
2022-03-10 16:21:58.510335 True [   90441.332388] 0003 0035 000004da
2022-03-10 16:21:58.527324 True [   90441.350331] 0003 0035 000004da
2022-03-10 16:21:58.545655 True [   90441.366267] 0003 0035 000004da
2022-03-10 16:21:58.561332 True [   90441.383746] 0003 0035 000004da
2022-03-10 16:21:58.578821 True [   90441.400984] 0003 0035 000004da
2022-03-10 16:21:58.594792 True [   90441.418555] 0003 0035 000004da
2022-03-10 16:21:58.610351 True [   90441.434471] 0003 0035 000004da
2022-03-10 16:21:58.628311 True [   90441.452059] 0003 0035 000004da
2022-03-10 16:21:58.645277 True [   90441.468893] 0003 0035 000004da
2022-03-10 16:21:58.664510 True [   90441.486331] 0003 0035 000004da
2022-03-10 16:21:58.681044 True [   90441.503293] 0003 0035 000004da
2022-03-10 16:21:58.697982 True [   90441.519544] 0003 0035 000004da
2022-03-10 16:21:58.712072 True [   90441.536079] 0003 0035 000004da
2022-03-10 16:21:58.730044 True [   90441.553066] 0003 0035 000004da
2022-03-10 16:21:58.748224 True [   90441.569885] 0003 0035 000004da
2022-03-10 16:21:58.764280 True [   90441.587741] 0003 0035 000004da
2022-03-10 16:21:58.778984 True [   90441.604111] 0003 0035 000004da
2022-03-10 16:21:58.796947 True [   90441.621016] 0003 0035 000004da
2022-03-10 16:21:58.816547 True [   90441.639025] 0003 0035 000004da
2022-03-10 16:21:58.832698 True [   90441.655519] 0003 0035 000004da
2022-03-10 16:21:58.847082 True [   90441.671609] 0003 0035 000004da
2022-03-10 16:21:58.863918 True [   90441.688528] 0003 0035 000004da
2022-03-10 16:21:58.886047 True [   90441.706538] 0003 0035 000004da
2022-03-10 16:21:58.900960 True [   90441.723090] 0003 0035 000004da
2022-03-10 16:21:58.916087 True [   90441.739409] 0003 0035 000004da
2022-03-10 16:21:58.934352 True [   90441.756501] 0003 0035 000004da
2022-03-10 16:21:58.951236 True [   90441.773671] 0003 0035 000004da
2022-03-10 16:21:58.970127 True [   90441.791183] 0003 0035 000004da
2022-03-10 16:21:58.985867 True [   90441.807281] 0003 0035 000004da
2022-03-10 16:21:59.001825 True [   90441.823890] 0003 0035 000004da
2022-03-10 16:21:59.018856 True [   90441.842433] 0003 0035 000004da
2022-03-10 16:21:59.035469 True [   90441.859338] 0003 0035 000004da
2022-03-10 16:21:59.055131 True [   90441.876688] 0003 0035 000004da
2022-03-10 16:21:59.069648 True [   90441.893512] 0003 0035 000004da
2022-03-10 16:21:59.086089 True [   90441.909806] 0003 0035 000004da
2022-03-10 16:21:59.104878 True [   90441.926360] 0003 0035 000004da
2022-03-10 16:21:59.118846 True [   90441.942740] 0003 0035 000004da
2022-03-10 16:21:59.135161 True [   90441.959968] 0003 0035 000004da
2022-03-10 16:21:59.152449 True [   90441.976951] 0003 0035 000004da
2022-03-10 16:21:59.172831 True [   90441.994502] 0003 0035 000004da
2022-03-10 16:21:59.189335 True [   90442.011470] 0003 0035 000004da
2022-03-10 16:21:59.202299 True [   90442.027213] 0003 0035 000004da
2022-03-10 16:21:59.220491 True [   90442.044700] 0003 0035 000004da
2022-03-10 16:21:59.241362 True [   90442.062019] 0003 0035 000004da
2022-03-10 16:21:59.255824 True [   90442.078640] 0003 0035 000004da
2022-03-10 16:21:59.272836 True [   90442.095128] 0003 0035 000004da
2022-03-10 16:21:59.290447 True [   90442.112562] 0003 0035 000004da
2022-03-10 16:21:59.306991 True [   90442.130068] 0003 0035 000004da
2022-03-10 16:21:59.322844 True [   90442.146841] 0003 0035 000004da
2022-03-10 16:21:59.339522 True [   90442.163112] 0003 0035 000004da
2022-03-10 16:21:59.359342 True [   90442.180841] 0003 0035 000004da
2022-03-10 16:21:59.373842 True [   90442.197857] 0003 0035 000004da
2022-03-10 16:21:59.390525 True [   90442.214354] 0003 0035 000004da
2022-03-10 16:21:59.407463 True [   90442.231247] 0003 0035 000004da
2022-03-10 16:21:59.423834 True [   90442.247614] 0003 0035 000004da
2022-03-10 16:21:59.441988 True [   90442.264490] 0003 0035 000004da
2022-03-10 16:21:59.456968 True [   90442.281747] 0003 0035 000004da
2022-03-10 16:21:59.475474 True [   90442.298060] 0003 0035 000004da
2022-03-10 16:21:59.493446 True [   90442.315319] 0003 0035 000004da
2022-03-10 16:21:59.508634 True [   90442.331867] 0003 0035 000004da
2022-03-10 16:21:59.526828 True [   90442.349847] 0003 0035 000004da
2022-03-10 16:21:59.544491 True [   90442.366276] 0003 0035 000004da
2022-03-10 16:21:59.560276 True [   90442.382723] 0003 0035 000004da
2022-03-10 16:21:59.579995 True [   90442.401820] 0003 0035 000004da
2022-03-10 16:21:59.594497 True [   90442.418130] 0003 0035 000004da
2022-03-10 16:21:59.613448 True [   90442.434827] 0003 0035 000004da
2022-03-10 16:21:59.628413 True [   90442.451173] 0003 0035 000004da
2022-03-10 16:21:59.645840 True [   90442.468495] 0003 0035 000004da
2022-03-10 16:21:59.664494 True [   90442.486361] 0003 0035 000004da
2022-03-10 16:21:59.678005 True [   90442.502412] 0003 0035 000004da
2022-03-10 16:21:59.697838 True [   90442.519749] 0003 0035 000004da
2022-03-10 16:21:59.711334 True [   90442.535632] 0003 0035 000004da
2022-03-10 16:21:59.728005 True [   90442.552711] 0003 0035 000004da
2022-03-10 16:21:59.745693 True [   90442.569472] 0003 0035 000004da
2022-03-10 16:21:59.765338 True [   90442.587156] 0003 0035 000004da
2022-03-10 16:21:59.781158 True [   90442.604593] 0003 0035 000004da
2022-03-10 16:21:59.797842 True [   90442.621879] 0003 0035 000004da
2022-03-10 16:21:59.814803 True [   90442.638309] 0003 0035 000004da
2022-03-10 16:21:59.830997 True [   90442.654447] 0003 0035 000004da
2022-03-10 16:21:59.847797 True [   90442.670761] 0003 0035 000004da
2022-03-10 16:21:59.865502 True [   90442.689671] 0003 0035 000004da
2022-03-10 16:21:59.885337 True [   90442.706068] 0003 0035 000004da
2022-03-10 16:21:59.901074 True [   90442.722348] 0003 0035 000004da
2022-03-10 16:21:59.916507 True [   90442.740321] 0003 0035 000004da
2022-03-10 16:21:59.932168 True [   90442.757070] 0003 0035 000004da
2022-03-10 16:21:59.952005 True [   90442.774231] 0003 0035 000004da
2022-03-10 16:21:59.966674 True [   90442.790310] 0003 0035 000004da
2022-03-10 16:21:59.982993 True [   90442.807439] 0003 0035 000004da
2022-03-10 16:21:59.999832 True [   90442.823822] 0003 0035 000004da
2022-03-10 16:22:00.019932 True [   90442.840572] 0003 0035 000004da
2022-03-10 16:22:00.035874 True [   90442.859154] 0003 0035 000004da
2022-03-10 16:22:00.051982 True [   90442.875060] 0003 0035 000004da
2022-03-10 16:22:00.068469 True [   90442.892153] 0003 0035 000004da
2022-03-10 16:22:00.085338 True [   90442.909245] 0003 0035 000004da
2022-03-10 16:22:00.103001 True [   90442.926367] 0003 0035 000004da
2022-03-10 16:22:00.118960 True [   90442.942122] 0003 0035 000004da
2022-03-10 16:22:00.136335 True [   90442.960639] 0003 0035 000004da
2022-03-10 16:22:00.153001 True [   90442.977704] 0003 0035 000004da
2022-03-10 16:22:00.169668 True [   90442.992610] 0003 0035 000004da
2022-03-10 16:22:00.187177 True [   90443.011187] 0003 0035 000004da
2022-03-10 16:22:00.204008 True [   90443.027667] 0003 0035 000004da
2022-03-10 16:22:00.223953 True [   90443.043979] 0003 0035 000004da
2022-03-10 16:22:00.239794 True [   90443.061622] 0003 0035 000004da
2022-03-10 16:22:00.256845 True [   90443.079025] 0003 0035 000004da
2022-03-10 16:22:00.270740 True [   90443.095289] 0003 0035 000004da
2022-03-10 16:22:00.289274 True [   90443.112170] 0003 0035 000004da
2022-03-10 16:22:00.308032 True [   90443.130260] 0003 0035 000004da
2022-03-10 16:22:00.322843 True [   90443.146486] 0003 0035 000004da
2022-03-10 16:22:00.338450 True [   90443.162185] 0003 0035 000004da
2022-03-10 16:22:00.355981 True [   90443.179381] 0003 0035 000004da
2022-03-10 16:22:00.371994 True [   90443.196546] 0003 0035 000004da
2022-03-10 16:22:00.389325 True [   90443.212788] 0003 0035 000004da
2022-03-10 16:22:06.031980 True [   90448.855588] 0003 0035 000004f1
2022-03-10 16:22:06.048004 True [   90448.872272] 0003 0035 000004f1
2022-03-10 16:22:06.066001 True [   90448.890174] 0003 0035 000004f1
2022-03-10 16:22:06.085076 True [   90448.906827] 0003 0035 000004f1
2022-03-10 16:22:06.098600 True [   90448.922477] 0003 0035 000004f1
2022-03-10 16:22:06.115540 True [   90448.939007] 0003 0035 000004f1
2022-03-10 16:22:06.133832 True [   90448.956167] 0003 0035 000004f1
2022-03-10 16:22:06.151043 True [   90448.974104] 0003 0035 000004f1
2022-03-10 16:22:06.166404 True [   90448.990023] 0003 0035 000004f1
2022-03-10 16:22:06.183422 True [   90449.007516] 0003 0035 000004f1
2022-03-10 16:22:06.201655 True [   90449.023488] 0003 0035 000004f1
2022-03-10 16:22:06.218027 True [   90449.041655] 0003 0035 000004f1
2022-03-10 16:22:06.234486 True [   90449.057761] 0003 0035 000004f1
2022-03-10 16:22:06.255246 True [   90449.076485] 0003 0035 000004f1
2022-03-10 16:22:06.271299 True [   90449.091914] 0003 0035 000004f1
2022-03-10 16:22:06.286115 True [   90449.109676] 0003 0035 000004f1
2022-03-10 16:22:06.302327 True [   90449.126413] 0003 0035 000004f1
2022-03-10 16:22:06.318389 True [   90449.142098] 0003 0035 000004f1
2022-03-10 16:22:06.335227 True [   90449.159237] 0003 0035 000004f1
2022-03-10 16:22:06.354324 True [   90449.178112] 0003 0035 000004f1
2022-03-10 16:22:06.372824 True [   90449.194358] 0003 0035 000004f1
2022-03-10 16:22:06.387802 True [   90449.211457] 0003 0035 000004f1
2022-03-10 16:22:06.404801 True [   90449.227008] 0003 0035 000004f1
2022-03-10 16:22:06.421775 True [   90449.244453] 0003 0035 000004f1
2022-03-10 16:22:06.438098 True [   90449.262317] 0003 0035 000004f1
2022-03-10 16:22:06.456050 True [   90449.278158] 0003 0035 000004f1
2022-03-10 16:22:06.472605 True [   90449.294807] 0003 0035 000004f1
2022-03-10 16:22:06.488353 True [   90449.311493] 0003 0035 000004f1
2022-03-10 16:22:06.503852 True [   90449.328415] 0003 0035 000004f1
2022-03-10 16:22:06.521690 True [   90449.345404] 0003 0035 000004f1
2022-03-10 16:22:06.539691 True [   90449.362312] 0003 0035 000004f1
2022-03-10 16:22:06.555052 True [   90449.379430] 0003 0035 000004f1
2022-03-10 16:22:06.571369 True [   90449.396640] 0003 0035 000004f1
2022-03-10 16:22:06.590341 True [   90449.414403] 0003 0035 000004f1
2022-03-10 16:22:06.606583 True [   90449.430889] 0003 0035 000004f1
2022-03-10 16:22:06.624099 True [   90449.447410] 0003 0035 000004f1
2022-03-10 16:22:06.640097 True [   90449.464716] 0003 0035 000004f1
2022-03-10 16:22:06.659968 True [   90449.482308] 0003 0035 000004f1
2022-03-10 16:22:06.676466 True [   90449.499464] 0003 0035 000004f1
2022-03-10 16:22:06.695085 True [   90449.516415] 0003 0035 000004f1
2022-03-10 16:22:06.710205 True [   90449.532334] 0003 0035 000004f1
2022-03-10 16:22:06.726250 True [   90449.550240] 0003 0035 000004f1
2022-03-10 16:22:06.744180 True [   90449.567143] 0003 0035 000004f1
2022-03-10 16:22:06.759802 True [   90449.583185] 0003 0035 000004f1
2022-03-10 16:22:06.777906 True [   90449.600457] 0003 0035 000004f1
2022-03-10 16:22:06.793227 True [   90449.617840] 0003 0035 000004f1
2022-03-10 16:22:06.811230 True [   90449.635063] 0003 0035 000004f1
2022-03-10 16:22:06.828472 True [   90449.650661] 0003 0035 000004f1
2022-03-10 16:22:06.846410 True [   90449.668087] 0003 0035 000004f1
2022-03-10 16:22:06.863224 True [   90449.685334] 0003 0035 000004f1
2022-03-10 16:22:06.877987 True [   90449.701659] 0003 0035 000004f1
2022-03-10 16:22:06.894940 True [   90449.719619] 0003 0035 000004f1
2022-03-10 16:22:06.912369 True [   90449.736552] 0003 0035 000004f1
2022-03-10 16:22:06.930764 True [   90449.753492] 0003 0035 000004f1
2022-03-10 16:22:06.946494 True [   90449.769735] 0003 0035 000004f1
2022-03-10 16:22:06.964321 True [   90449.786451] 0003 0035 000004f1
2022-03-10 16:22:07.878010 True [   90450.701644] 0003 0035 000004af
2022-03-10 16:22:07.894683 True [   90450.719395] 0003 0035 000004af
2022-03-10 16:22:07.912859 True [   90450.735519] 0003 0035 000004af
2022-03-10 16:22:07.927819 True [   90450.751599] 0003 0035 000004af
2022-03-10 16:22:07.945673 True [   90450.769474] 0003 0035 000004af
2022-03-10 16:22:07.962345 True [   90450.786301] 0003 0035 000004b3
2022-03-10 16:22:07.981398 True [   90450.803423] 0003 0035 000004b3
2022-03-10 16:22:07.995774 True [   90450.820148] 0003 0035 000004b9
2022-03-10 16:22:08.016349 True [   90450.838318] 0003 0035 000004be
2022-03-10 16:22:08.031728 True [   90450.854100] 0003 0035 000004c3
2022-03-10 16:22:08.047853 True [   90450.870455] 0003 0035 000004c8
2022-03-10 16:22:08.063485 True [   90450.888358] 0003 0035 000004cd
2022-03-10 16:22:08.080184 True [   90450.903867] 0003 0035 000004d2
2022-03-10 16:22:08.097529 True [   90450.921857] 0003 0035 000004d6
2022-03-10 16:22:08.113899 True [   90450.937735] 0003 0035 000004d6
2022-03-10 16:22:08.130716 True [   90450.954714] 0003 0035 000004db
2022-03-10 16:22:08.149025 True [   90450.971667] 0003 0035 000004db
2022-03-10 16:22:08.163759 True [   90450.988637] 0003 0035 000004db
2022-03-10 16:22:08.183832 True [   90451.008104] 0003 0035 000004db
2022-03-10 16:22:08.198837 True [   90451.022468] 0003 0035 000004db
2022-03-10 16:22:08.216171 True [   90451.039706] 0003 0035 000004db
2022-03-10 16:22:08.232576 True [   90451.056239] 0003 0035 000004db
2022-03-10 16:22:08.249702 True [   90451.073498] 0003 0035 000004db
2022-03-10 16:22:08.266686 True [   90451.090256] 0003 0035 000004db
2022-03-10 16:22:08.287620 True [   90451.107155] 0003 0035 000004db
2022-03-10 16:22:08.301528 True [   90451.124046] 0003 0035 000004db
2022-03-10 16:22:08.324899 True [   90451.141002] 0003 0035 000004db
2022-03-10 16:22:08.335903 True [   90451.157933] 0003 0035 000004db
2022-03-10 16:22:08.351935 True [   90451.175184] 0003 0035 000004db
2022-03-10 16:22:08.369921 True [   90451.193290] 0003 0035 000004db
2022-03-10 16:22:08.385614 True [   90451.208771] 0003 0035 000004db
2022-03-10 16:22:08.403854 True [   90451.225693] 0003 0035 000004db
2022-03-10 16:22:08.418675 True [   90451.242492] 0003 0035 000004db
2022-03-10 16:22:08.945098 True [   90451.767783] 0003 0035 00000490
2022-03-10 16:22:08.960249 True [   90451.784888] 0003 0035 00000490
2022-03-10 16:22:08.978710 True [   90451.801694] 0003 0035 00000490
2022-03-10 16:22:08.997383 True [   90451.818651] 0003 0035 00000490
2022-03-10 16:22:09.012261 True [   90451.835595] 0003 0035 00000496
2022-03-10 16:22:09.028493 True [   90451.852525] 0003 0035 000004a0
2022-03-10 16:22:09.045710 True [   90451.869802] 0003 0035 000004ac
2022-03-10 16:22:09.062600 True [   90451.886851] 0003 0035 000004b9
2022-03-10 16:22:09.081554 True [   90451.903379] 0003 0035 000004c5
2022-03-10 16:22:09.095850 True [   90451.920378] 0003 0035 000004cf
2022-03-10 16:22:09.113810 True [   90451.937153] 0003 0035 000004d7
2022-03-10 16:22:09.129629 True [   90451.954026] 0003 0035 000004dd
2022-03-10 16:22:09.148579 True [   90451.970996] 0003 0035 000004e2
2022-03-10 16:22:09.166509 True [   90451.988111] 0003 0035 000004e2
2022-03-10 16:22:09.183180 True [   90452.005006] 0003 0035 000004e2
2022-03-10 16:22:09.388481 True [   90452.208429] 0003 0035 000004d3
2022-03-10 16:22:09.406009 True [   90452.225168] 0003 0035 000004d3
2022-03-10 16:22:09.419323 True [   90452.242095] 0003 0035 000004d3
2022-03-10 16:22:09.437518 True [   90452.259023] 0003 0035 000004d3
2022-03-10 16:22:09.454009 True [   90452.276081] 0003 0035 000004d3
2022-03-10 16:22:09.470498 True [   90452.293956] 0003 0035 000004d3
2022-03-10 16:22:09.489499 True [   90452.310369] 0003 0035 000004d3
2022-03-10 16:22:09.506025 True [   90452.327595] 0003 0035 000004d3
2022-03-10 16:22:09.519503 True [   90452.343917] 0003 0035 000004d8
2022-03-10 16:22:09.539338 True [   90452.361281] 0003 0035 000004d8
2022-03-10 16:22:09.555705 True [   90452.377960] 0003 0035 000004dc
2022-03-10 16:22:09.571852 True [   90452.396349] 0003 0035 000004dc
2022-03-10 16:22:09.590989 True [   90452.411835] 0003 0035 000004dc
2022-03-10 16:22:09.605950 True [   90452.429089] 0003 0035 000004dc
2022-03-10 16:22:09.622983 True [   90452.446246] 0003 0035 000004dc
2022-03-10 16:22:10.337374 True [   90453.158308] 0003 0035 0000048e
2022-03-10 16:22:10.354097 True [   90453.174873] 0003 0035 0000048e
2022-03-10 16:22:10.369684 True [   90453.191178] 0003 0035 0000048e
2022-03-10 16:22:10.386350 True [   90453.208497] 0003 0035 0000048e
2022-03-10 16:22:10.400349 True [   90453.225069] 0003 0035 00000492
2022-03-10 16:22:10.420678 True [   90453.242321] 0003 0035 00000499
2022-03-10 16:22:10.437140 True [   90453.259282] 0003 0035 000004a3
2022-03-10 16:22:10.454325 True [   90453.276615] 0003 0035 000004af
2022-03-10 16:22:10.469667 True [   90453.293970] 0003 0035 000004bb
2022-03-10 16:22:10.486347 True [   90453.309582] 0003 0035 000004c6
2022-03-10 16:22:10.506876 True [   90453.326309] 0003 0035 000004d0
2022-03-10 16:22:10.527866 True [   90453.343128] 0003 0035 000004d8
2022-03-10 16:22:10.535843 True [   90453.360177] 0003 0035 000004dd
2022-03-10 16:22:10.554792 True [   90453.377047] 0003 0035 000004e1
2022-03-10 16:22:10.572097 True [   90453.394182] 0003 0035 000004e1
2022-03-10 16:22:10.590405 True [   90453.411061] 0003 0035 000004e1
2022-03-10 16:22:10.610658 True [   90453.428196] 0003 0035 000004e1
2022-03-10 16:22:10.624651 True [   90453.444826] 0003 0035 000004e1
2022-03-10 16:22:10.641356 True [   90453.461747] 0003 0035 000004e1
2022-03-10 16:22:10.658183 True [   90453.478714] 0003 0035 000004e1
2022-03-10 16:22:10.673354 True [   90453.495674] 0003 0035 000004e1
2022-03-10 16:22:11.165253 True [   90453.986900] 0003 0035 000004b2
2022-03-10 16:22:11.180354 True [   90454.003992] 0003 0035 000004b2
2022-03-10 16:22:11.198855 True [   90454.020971] 0003 0035 000004b2
2022-03-10 16:22:11.214504 True [   90454.038004] 0003 0035 000004b6
2022-03-10 16:22:11.231185 True [   90454.055091] 0003 0035 000004bc
2022-03-10 16:22:11.248850 True [   90454.073141] 0003 0035 000004c3
2022-03-10 16:22:11.268841 True [   90454.090734] 0003 0035 000004ca
2022-03-10 16:22:11.283356 True [   90454.107145] 0003 0035 000004d0
2022-03-10 16:22:11.299572 True [   90454.123677] 0003 0035 000004d5
2022-03-10 16:22:11.315703 True [   90454.140557] 0003 0035 000004da
2022-03-10 16:22:11.334909 True [   90454.156305] 0003 0035 000004de
2022-03-10 16:22:11.350022 True [   90454.173737] 0003 0035 000004de
2022-03-10 16:22:11.368976 True [   90454.190245] 0003 0035 000004de
2022-03-10 16:22:11.387355 True [   90454.207074] 0003 0035 000004de
2022-03-10 16:22:11.403014 True [   90454.223922] 0003 0035 000004de
2022-03-10 16:22:11.997201 True [   90454.817345] 0003 0035 000004f2
2022-03-10 16:22:12.014529 True [   90454.834133] 0003 0035 000004f2
2022-03-10 16:22:12.031715 True [   90454.850890] 0003 0035 000004f2
2022-03-10 16:22:12.045144 True [   90454.867763] 0003 0035 000004f2
2022-03-10 16:22:12.061589 True [   90454.884759] 0003 0035 000004f2
2022-03-10 16:22:12.078453 True [   90454.901634] 0003 0035 000004f2
2022-03-10 16:22:12.094823 True [   90454.918764] 0003 0035 000004f2
2022-03-10 16:22:12.115244 True [   90454.935990] 0003 0035 000004f2
2022-03-10 16:22:12.135310 True [   90454.952366] 0003 0035 000004f2
2022-03-10 16:22:13.249229 True [   90456.072329] 0003 0035 000004ef
2022-03-10 16:22:13.266576 True [   90456.089545] 0003 0035 000004ef
2022-03-10 16:22:13.281579 True [   90456.106055] 0003 0035 000004ef
2022-03-10 16:22:13.299364 True [   90456.122641] 0003 0035 000004ef
2022-03-10 16:22:13.314344 True [   90456.139098] 0003 0035 000004ef
2022-03-10 16:22:13.333295 True [   90456.156701] 0003 0035 000004ef
2022-03-10 16:22:13.350253 True [   90456.173755] 0003 0035 000004ef
2022-03-10 16:22:13.365420 True [   90456.189787] 0003 0035 000004ef
2022-03-10 16:22:13.878030 True [   90456.698884] 0003 0035 000004f1
2022-03-10 16:22:13.890529 True [   90456.716066] 0003 0035 000004f1
2022-03-10 16:22:13.909511 True [   90456.733323] 0003 0035 000004f1
2022-03-10 16:22:13.926477 True [   90456.749117] 0003 0035 000004f1
2022-03-10 16:22:13.943439 True [   90456.766437] 0003 0035 000004f1
2022-03-10 16:22:13.960691 True [   90456.783322] 0003 0035 000004f1
2022-03-10 16:22:13.975809 True [   90456.799016] 0003 0035 000004f1
2022-03-10 16:22:14.351339 True [   90457.173546] 0003 0035 000004f2
2022-03-10 16:22:14.366098 True [   90457.189547] 0003 0035 000004f2
2022-03-10 16:22:14.384952 True [   90457.207261] 0003 0035 000004f2
2022-03-10 16:22:14.399123 True [   90457.222968] 0003 0035 000004f2
2022-03-10 16:22:14.418682 True [   90457.241543] 0003 0035 000004f2
2022-03-10 16:22:14.435741 True [   90457.257776] 0003 0035 000004f2
2022-03-10 16:22:15.841064 True [   90458.663339] 0003 0035 00000139
2022-03-10 16:22:15.856432 False [   90458.680352] 0003 0035 00000139
2022-03-10 16:22:15.873632 False [   90458.696576] 0003 0035 00000139
2022-03-10 16:22:15.891326 False [   90458.714355] 0003 0035 00000139
2022-03-10 16:22:15.908970 False [   90458.731424] 0003 0035 00000139
2022-03-10 16:22:15.924940 False [   90458.747496] 0003 0035 00000139
2022-03-10 16:22:15.940983 False [   90458.764881] 0003 0035 00000139
2022-03-10 16:22:15.957491 False [   90458.780986] 0003 0035 00000139
2022-03-10 16:22:15.977101 False [   90458.798820] 0003 0035 00000139
2022-03-10 16:22:15.992924 False [   90458.815290] 0003 0035 00000139
2022-03-10 16:22:16.009547 False [   90458.832431] 0003 0035 00000135
2022-03-10 16:22:16.028066 False [   90458.850096] 0003 0035 00000132
2022-03-10 16:22:16.046032 False [   90458.866531] 0003 0035 00000130
2022-03-10 16:22:16.061372 False [   90458.883034] 0003 0035 0000012e
2022-03-10 16:22:16.076029 False [   90458.899576] 0003 0035 0000012c
2022-03-10 16:22:16.093637 False [   90458.916923] 0003 0035 00000129
2022-03-10 16:22:16.113431 False [   90458.934890] 0003 0035 00000126
2022-03-10 16:22:16.129133 False [   90458.951328] 0003 0035 00000124
2022-03-10 16:22:16.144823 False [   90458.967348] 0003 0035 00000122
2022-03-10 16:22:16.162657 False [   90458.986063] 0003 0035 00000122
2022-03-10 16:22:16.179820 False [   90459.002626] 0003 0035 00000122
2022-03-10 16:22:16.198026 False [   90459.018993] 0003 0035 00000122
2022-03-10 16:22:22.163851 True [   90464.983530] 0003 0035 000001c1
2022-03-10 16:22:22.177053 True [   90464.999784] 0003 0035 000001c1
2022-03-10 16:22:22.192610 True [   90465.016538] 0003 0035 000001c1
2022-03-10 16:22:22.210373 True [   90465.033287] 0003 0035 000001c1
2022-03-10 16:22:22.226032 True [   90465.050201] 0003 0035 000001c1
2022-03-10 16:22:22.243420 True [   90465.067107] 0003 0035 000001c1
2022-03-10 16:22:22.260782 True [   90465.084154] 0003 0035 000001c1
2022-03-10 16:22:22.277519 True [   90465.101732] 0003 0035 000001c1
2022-03-10 16:22:22.295171 True [   90465.118056] 0003 0035 000001c1
2022-03-10 16:22:22.312484 True [   90465.134946] 0003 0035 000001c1
2022-03-10 16:22:22.330129 True [   90465.151879] 0003 0035 000001c1
2022-03-10 16:22:22.347405 True [   90465.168773] 0003 0035 000001c1
2022-03-10 16:22:22.363365 True [   90465.185709] 0003 0035 000001c1
2022-03-10 16:22:22.380443 True [   90465.203092] 0003 0035 000001bf
2022-03-10 16:22:22.395533 True [   90465.219697] 0003 0035 000001bf
2022-03-10 16:22:22.414183 True [   90465.236598] 0003 0035 000001bf
2022-03-10 16:22:22.430201 True [   90465.253728] 0003 0035 000001bf
2022-03-10 16:22:22.448206 True [   90465.271381] 0003 0035 000001bd
2022-03-10 16:22:22.463507 True [   90465.287536] 0003 0035 000001ba
2022-03-10 16:22:22.482236 True [   90465.304556] 0003 0035 000001b8
2022-03-10 16:22:22.497928 True [   90465.321291] 0003 0035 000001b8
2022-03-10 16:22:22.516396 True [   90465.338432] 0003 0035 000001b6
2022-03-10 16:22:22.532702 True [   90465.355142] 0003 0035 000001b3
2022-03-10 16:22:22.555533 True [   90465.372182] 0003 0035 000001b1
2022-03-10 16:22:22.565509 True [   90465.389040] 0003 0035 000001b1
2022-03-10 16:22:22.581806 True [   90465.405987] 0003 0035 000001b1
2022-03-10 16:22:22.599882 True [   90465.422831] 0003 0035 000001ad
2022-03-10 16:22:22.617980 True [   90465.439748] 0003 0035 000001ad
2022-03-10 16:22:22.634062 True [   90465.456937] 0003 0035 000001ad
2022-03-10 16:22:22.652127 True [   90465.473723] 0003 0035 000001ad
2022-03-10 16:22:22.667668 True [   90465.490451] 0003 0035 000001ad
2022-03-10 16:23:41.473351 True [   90544.291597] 0003 0035 000004f2
2022-03-10 16:23:41.488431 True [   90544.308181] 0003 0035 000004f2
2022-03-10 16:23:41.505615 True [   90544.325325] 0003 0035 000004f2
2022-03-10 16:23:41.521633 True [   90544.341120] 0003 0035 000004f2
2022-03-10 16:23:41.537987 True [   90544.358142] 0003 0035 000004f2
2022-03-10 16:23:41.554791 True [   90544.374782] 0003 0035 000004f2
2022-03-10 16:23:41.570586 True [   90544.391786] 0003 0035 000004f2
2022-03-10 16:23:41.590221 True [   90544.409634] 0003 0035 000004f2
2022-03-10 16:23:41.604023 True [   90544.426073] 0003 0035 000004f2
2022-03-10 16:23:41.622349 True [   90544.442585] 0003 0035 000004f2
2022-03-10 16:23:41.643027 True [   90544.459035] 0003 0035 000004f2
2022-03-10 16:23:41.655932 True [   90544.475840] 0003 0035 000004f2
2022-03-10 16:23:41.675881 True [   90544.493940] 0003 0035 000004f2
2022-03-10 16:23:41.691790 True [   90544.510657] 0003 0035 000004f2
2022-03-10 16:23:43.100789 True [   90545.918315] 0003 0035 000004ef
2022-03-10 16:23:43.112842 True [   90545.934796] 0003 0035 000004ef
2022-03-10 16:23:43.130481 True [   90545.951014] 0003 0035 000004ef
2022-03-10 16:23:43.147828 True [   90545.968899] 0003 0035 000004ef
2022-03-10 16:23:43.162951 True [   90545.985116] 0003 0035 000004ef
2022-03-10 16:23:43.180781 True [   90546.002331] 0003 0035 000004ef
2022-03-10 16:23:43.197319 True [   90546.018657] 0003 0035 000004ef
2022-03-10 16:23:43.215407 True [   90546.036812] 0003 0035 000004ef
2022-03-10 16:23:43.231280 True [   90546.051746] 0003 0035 000004ef
2022-03-10 16:23:44.793786 True [   90547.611225] 0003 0035 000004ef
2022-03-10 16:23:44.806862 True [   90547.628369] 0003 0035 000004ef
2022-03-10 16:23:44.823967 True [   90547.644919] 0003 0035 000004ef
2022-03-10 16:23:44.841397 True [   90547.661987] 0003 0035 000004ef
2022-03-10 16:23:45.287187 True [   90548.103995] 0003 0035 000004f1
2022-03-10 16:23:45.298332 True [   90548.120458] 0003 0035 000004f1
2022-03-10 16:23:45.317303 True [   90548.137568] 0003 0035 000004f1
2022-03-10 16:23:45.333807 True [   90548.153949] 0003 0035 000004f1
2022-03-10 16:23:45.349264 True [   90548.170690] 0003 0035 000004f1
2022-03-10 16:23:45.845211 True [   90548.662733] 0003 0035 000004f5
2022-03-10 16:23:45.859896 True [   90548.679291] 0003 0035 000004f5
2022-03-10 16:23:45.872812 True [   90548.695168] 0003 0035 000004f5
2022-03-10 16:23:45.890986 True [   90548.713014] 0003 0035 000004f5
2022-03-10 16:24:04.704069 True [   90567.521385] 0003 0035 000004ef
2022-03-10 16:24:04.718486 True [   90567.539144] 0003 0035 000004ef
2022-03-10 16:24:04.732465 True [   90567.554884] 0003 0035 000004ef
2022-03-10 16:24:04.751845 True [   90567.573075] 0003 0035 000004ef
2022-03-10 16:24:05.039507 True [   90567.860891] 0003 0035 000004f1
2022-03-10 16:24:05.056611 True [   90567.878334] 0003 0035 000004f1
2022-03-10 16:24:05.073708 True [   90567.893804] 0003 0035 000004f1
2022-03-10 16:24:05.089803 True [   90567.911221] 0003 0035 000004f1
2022-03-10 16:24:05.106111 True [   90567.927755] 0003 0035 000004f1
2022-03-10 16:24:05.122015 True [   90567.943922] 0003 0035 000004f1
2022-03-10 16:24:05.140714 True [   90567.960519] 0003 0035 000004f1
2022-03-10 16:24:05.836603 True [   90568.657463] 0003 0035 000004f4
2022-03-10 16:24:05.854779 True [   90568.673923] 0003 0035 000004f4
2022-03-10 16:24:05.868915 True [   90568.690957] 0003 0035 000004f4
2022-03-10 16:24:05.887002 True [   90568.707894] 0003 0035 000004f4
2022-03-10 16:24:05.903378 True [   90568.725308] 0003 0035 000004f4
2022-03-10 16:24:05.920935 True [   90568.740850] 0003 0035 000004f4
2022-03-10 16:24:07.681801 False [   90570.502485] 0003 0035 000001ea
2022-03-10 16:24:07.697984 True [   90570.520121] 0003 0035 000001ea
2022-03-10 16:24:07.718793 True [   90570.537379] 0003 0035 000001ea
2022-03-10 16:24:07.735438 True [   90570.554295] 0003 0035 000001ea
2022-03-10 16:24:07.752144 True [   90570.570828] 0003 0035 000001ea
2022-03-10 16:24:07.768488 True [   90570.587347] 0003 0035 000001ea
2022-03-10 16:24:07.786481 True [   90570.605551] 0003 0035 000001ea
2022-03-10 16:24:07.803972 True [   90570.621598] 0003 0035 000001ea
2022-03-10 16:24:07.819802 True [   90570.640096] 0003 0035 000001ea
2022-03-10 16:24:07.835063 True [   90570.655766] 0003 0035 000001ea
2022-03-10 16:24:07.851789 True [   90570.672434] 0003 0035 000001ea
2022-03-10 16:24:07.868380 True [   90570.689212] 0003 0035 000001ea
2022-03-10 16:24:07.885834 True [   90570.705979] 0003 0035 000001ea
2022-03-10 16:24:07.903883 True [   90570.723135] 0003 0035 000001ea
2022-03-10 16:24:07.921865 True [   90570.741523] 0003 0035 000001ea
2022-03-10 16:24:07.937644 True [   90570.757837] 0003 0035 000001ea
2022-03-10 16:24:07.954165 True [   90570.774372] 0003 0035 000001ea
2022-03-10 16:24:07.971629 True [   90570.791039] 0003 0035 000001e8
2022-03-10 16:24:07.988655 True [   90570.807602] 0003 0035 000001e8
2022-03-10 16:24:08.003703 True [   90570.825387] 0003 0035 000001e6
2022-03-10 16:24:08.022776 True [   90570.842674] 0003 0035 000001e6
2022-03-10 16:24:08.036773 True [   90570.859187] 0003 0035 000001e4
2022-03-10 16:24:08.053503 True [   90570.875598] 0003 0035 000001e4
2022-03-10 16:24:08.072793 True [   90570.893406] 0003 0035 000001e2
2022-03-10 16:24:08.089312 True [   90570.909870] 0003 0035 000001e2
2022-03-10 16:24:08.105401 True [   90570.927000] 0003 0035 000001e0
2022-03-10 16:24:08.122274 True [   90570.943801] 0003 0035 000001e0
2022-03-10 16:24:08.138634 True [   90570.961296] 0003 0035 000001e0
2022-03-10 16:24:08.157200 True [   90570.978372] 0003 0035 000001e0
2022-03-10 16:24:08.174996 True [   90570.995529] 0003 0035 000001e0
2022-03-10 16:24:08.189625 True [   90571.012327] 0003 0035 000001e0
2022-03-10 16:24:08.206991 True [   90571.027610] 0003 0035 000001e0
2022-03-10 16:24:08.224804 True [   90571.045798] 0003 0035 000001e0
2022-03-10 16:24:08.241473 True [   90571.062922] 0003 0035 000001e0
2022-03-10 16:24:08.258139 True [   90571.079028] 0003 0035 000001e0
2022-03-10 16:24:08.277151 True [   90571.095220] 0003 0035 000001e0
2022-03-10 16:24:09.395856 True [   90572.214908] 0003 0035 000001dc
2022-03-10 16:24:09.409296 True [   90572.231619] 0003 0035 000001dc
2022-03-10 16:24:09.426106 True [   90572.247529] 0003 0035 000001dc
2022-03-10 16:24:09.443194 True [   90572.264601] 0003 0035 000001dc
2022-03-10 16:24:09.463487 True [   90572.281401] 0003 0035 000001de
2022-03-10 16:24:09.480242 True [   90572.298129] 0003 0035 000001e0
2022-03-10 16:24:09.493979 True [   90572.315199] 0003 0035 000001e0
2022-03-10 16:24:09.510214 True [   90572.332244] 0003 0035 000001de
2022-03-10 16:24:09.527239 True [   90572.349067] 0003 0035 000001d5
2022-03-10 16:24:09.547664 True [   90572.366098] 0003 0035 000001ca
2022-03-10 16:24:09.561114 True [   90572.382732] 0003 0035 000001c0
