Mode = area stim
    verts = 5 
    radius = 550 
    center = (600, 960) 
    first_angle = 2.163244089264183 
    wm_size = [1200 1920] 
    stim_amp = 5 
    baseline_stim = 5
    current_stim_group = 0
    sense_zone = 0
    ===============================
2022-03-10 16:07:49.034516 True [   89591.873956] 0003 0035 0000030e
2022-03-10 16:07:49.052052 True [   89591.890886] 0003 0035 0000030e
2022-03-10 16:07:49.066712 True [   89591.907659] 0003 0035 0000030e
2022-03-10 16:07:49.084635 True [   89591.925191] 0003 0035 0000030e
2022-03-10 16:07:49.100686 True [   89591.941933] 0003 0035 0000030e
2022-03-10 16:07:49.118689 True [   89591.957901] 0003 0035 0000030e
2022-03-10 16:07:50.863629 True [   89593.704823] 0003 0035 000001fa
2022-03-10 16:07:50.882252 True [   89593.721198] 0003 0035 000001fa
2022-03-10 16:07:50.899936 True [   89593.737508] 0003 0035 000001fa
2022-03-10 16:07:50.914662 True [   89593.755277] 0003 0035 000001fa
2022-03-10 16:07:50.929947 True [   89593.771175] 0003 0035 000001fa
2022-03-10 16:07:52.713665 True [   89595.553100] 0003 0035 0000021f
2022-03-10 16:07:52.729394 False [   89595.569963] 0003 0035 0000021f
2022-03-10 16:07:52.744667 False [   89595.586322] 0003 0035 0000021f
2022-03-10 16:07:52.762670 False [   89595.603691] 0003 0035 0000021f
2022-03-10 16:07:52.776906 False [   89595.619426] 0003 0035 0000021f
2022-03-10 16:07:52.796635 False [   89595.635494] 0003 0035 0000021f
2022-03-10 16:07:52.815247 False [   89595.653945] 0003 0035 0000021f
2022-03-10 16:07:52.831387 False [   89595.671047] 0003 0035 0000021f
2022-03-10 16:07:52.846901 False [   89595.687941] 0003 0035 0000021f
2022-03-10 16:07:52.866675 False [   89595.705542] 0003 0035 0000021f
2022-03-10 16:07:52.881567 False [   89595.721983] 0003 0035 0000021f
2022-03-10 16:07:52.897639 False [   89595.739362] 0003 0035 0000021f
2022-03-10 16:07:52.916753 False [   89595.755821] 0003 0035 0000021f
2022-03-10 16:07:52.931807 False [   89595.772803] 0003 0035 0000021f
2022-03-10 16:07:55.202165 False [   89598.042385] 0003 0035 0000014d
2022-03-10 16:07:55.217841 False [   89598.058711] 0003 0035 0000014d
2022-03-10 16:07:55.236287 False [   89598.075346] 0003 0035 0000014d
2022-03-10 16:07:55.251065 False [   89598.092393] 0003 0035 0000014d
2022-03-10 16:07:55.270435 False [   89598.109467] 0003 0035 0000014d
2022-03-10 16:07:55.286521 False [   89598.126286] 0003 0035 0000014d
2022-03-10 16:07:55.302595 False [   89598.142918] 0003 0035 0000014d
2022-03-10 16:08:03.590525 True [   89606.431270] 0003 0035 000004d6
2022-03-10 16:08:03.606474 True [   89606.447061] 0003 0035 000004d6
2022-03-10 16:08:03.622610 True [   89606.463685] 0003 0035 000004d6
2022-03-10 16:08:03.639711 True [   89606.480733] 0003 0035 000004d6
2022-03-10 16:08:03.655967 True [   89606.497555] 0003 0035 000004d6
2022-03-10 16:08:03.674052 True [   89606.514356] 0003 0035 000004d6
2022-03-10 16:08:05.658749 False [   89608.498914] 0003 0035 0000007a
2022-03-10 16:08:05.673640 False [   89608.514159] 0003 0035 0000007a
2022-03-10 16:08:05.690753 False [   89608.531479] 0003 0035 0000007a
2022-03-10 16:08:05.708640 False [   89608.548379] 0003 0035 0000007a
2022-03-10 16:08:05.726047 False [   89608.565152] 0003 0035 0000007a
2022-03-10 16:08:05.747230 False [   89608.581690] 0003 0035 0000007a
2022-03-10 16:08:11.623504 False [   89614.463811] 0003 0035 0000001a
2022-03-10 16:08:11.645500 False [   89614.483749] 0003 0035 0000001a
2022-03-10 16:08:11.659813 False [   89614.500157] 0003 0035 0000001a
2022-03-10 16:08:11.677242 False [   89614.517492] 0003 0035 0000001a
2022-03-10 16:08:11.693320 False [   89614.534202] 0003 0035 0000001a
2022-03-10 16:08:11.711071 False [   89614.551024] 0003 0035 0000001a
2022-03-10 16:08:11.729817 False [   89614.567826] 0003 0035 0000001a
2022-03-10 16:08:11.743193 False [   89614.584600] 0003 0035 0000001a
2022-03-10 16:08:13.492017 True [   89616.331561] 0003 0035 000004e2
2022-03-10 16:08:13.508870 True [   89616.347462] 0003 0035 000004e2
2022-03-10 16:08:13.524047 True [   89616.365135] 0003 0035 000004e2
2022-03-10 16:08:13.542987 True [   89616.381365] 0003 0035 000004e2
2022-03-10 16:08:13.557559 True [   89616.398251] 0003 0035 000004e2
2022-03-10 16:08:13.574535 True [   89616.415226] 0003 0035 000004e2
2022-03-10 16:08:13.591825 True [   89616.432323] 0003 0035 000004de
2022-03-10 16:08:13.609521 True [   89616.449124] 0003 0035 000004de
2022-03-10 16:08:13.627501 True [   89616.465999] 0003 0035 000004de
2022-03-10 16:08:13.641887 True [   89616.482754] 0003 0035 000004de
2022-03-10 16:08:19.491460 True [   89622.330700] 0003 0035 000002d2
2022-03-10 16:08:19.506168 True [   89622.346391] 0003 0035 000002d2
2022-03-10 16:08:19.524946 True [   89622.363356] 0003 0035 000002d2
2022-03-10 16:08:19.542325 True [   89622.380249] 0003 0035 000002d2
2022-03-10 16:08:19.561160 True [   89622.397269] 0003 0035 000002d2
2022-03-10 16:08:19.573746 True [   89622.414447] 0003 0035 000002d2
2022-03-10 16:08:19.593930 True [   89622.431790] 0003 0035 000002d2
2022-03-10 16:08:19.609472 True [   89622.448109] 0003 0035 000002d2
2022-03-10 16:08:19.625553 True [   89622.464810] 0003 0035 000002d2
2022-03-10 16:08:21.015936 True [   89623.854697] 0003 0035 0000029e
2022-03-10 16:08:21.033589 False [   89623.872227] 0003 0035 0000029e
2022-03-10 16:08:21.047824 False [   89623.888505] 0003 0035 0000029e
2022-03-10 16:08:21.065717 False [   89623.905461] 0003 0035 0000029e
2022-03-10 16:08:21.081981 False [   89623.922730] 0003 0035 0000029e
2022-03-10 16:08:21.100609 False [   89623.939221] 0003 0035 0000029e
2022-03-10 16:08:21.115886 False [   89623.956240] 0003 0035 0000029e
2022-03-10 16:08:21.133113 False [   89623.973724] 0003 0035 0000029e
2022-03-10 16:09:09.936788 False [   89672.776171] 0003 0035 0000038a
2022-03-10 16:09:09.953377 True [   89672.792396] 0003 0035 0000038a
2022-03-10 16:09:09.969763 True [   89672.808875] 0003 0035 0000038a
2022-03-10 16:09:09.986644 True [   89672.825957] 0003 0035 0000038a
2022-03-10 16:09:10.003283 True [   89672.842681] 0003 0035 0000038a
2022-03-10 16:09:10.021339 True [   89672.859468] 0003 0035 00000390
2022-03-10 16:09:11.495767 False [   89674.333844] 0003 0035 00000063
2022-03-10 16:09:11.511759 False [   89674.351025] 0003 0035 00000063
2022-03-10 16:09:11.528977 False [   89674.368080] 0003 0035 00000063
2022-03-10 16:09:11.548286 False [   89674.384780] 0003 0035 00000063
2022-03-10 16:09:11.580009 False [   89674.418531] 0003 0035 0000005e
2022-03-10 16:09:11.595184 False [   89674.435594] 0003 0035 00000058
2022-03-10 16:09:11.613054 False [   89674.452936] 0003 0035 00000053
2022-03-10 16:09:11.631568 False [   89674.469459] 0003 0035 00000050
2022-03-10 16:09:11.649127 False [   89674.486462] 0003 0035 00000050
2022-03-10 16:09:11.667392 False [   89674.503439] 0003 0035 00000050
2022-03-10 16:09:11.682975 False [   89674.520307] 0003 0035 00000050
2022-03-10 16:09:11.699741 False [   89674.537394] 0003 0035 00000050
2022-03-10 16:09:11.715762 False [   89674.554178] 0003 0035 00000050
2022-03-10 16:09:11.732124 False [   89674.571153] 0003 0035 00000054
2022-03-10 16:09:11.750448 False [   89674.588144] 0003 0035 00000054
2022-03-10 16:09:11.768131 False [   89674.604986] 0003 0035 00000054
2022-03-10 16:09:11.782992 False [   89674.621948] 0003 0035 00000054
2022-03-10 16:09:11.800469 False [   89674.639279] 0003 0035 00000058
2022-03-10 16:09:11.817837 False [   89674.656460] 0003 0035 00000058
2022-03-10 16:09:11.834463 False [   89674.673303] 0003 0035 0000005c
2022-03-10 16:09:11.851067 False [   89674.689856] 0003 0035 0000005c
2022-03-10 16:09:11.866622 False [   89674.706682] 0003 0035 0000005c
2022-03-10 16:09:11.884360 False [   89674.723461] 0003 0035 00000060
2022-03-10 16:09:27.240376 True [   89690.077349] 0003 0035 0000043e
2022-03-10 16:09:27.254620 True [   89690.093921] 0003 0035 0000043e
2022-03-10 16:09:27.272015 True [   89690.110787] 0003 0035 00000443
2022-03-10 16:21:04.794316 True [   90387.616621] 0003 0035 000001fe
2022-03-10 16:21:04.806482 True [   90387.632453] 0003 0035 000001fe
2022-03-10 16:21:04.824336 True [   90387.649328] 0003 0035 000001fe
2022-03-10 16:21:04.843732 True [   90387.667085] 0003 0035 000001fe
2022-03-10 16:21:04.862319 True [   90387.683168] 0003 0035 000001fe
2022-03-10 16:21:04.876303 True [   90387.700077] 0003 0035 000001fe
2022-03-10 16:21:04.892267 True [   90387.717210] 0003 0035 00000205
2022-03-10 16:21:04.911156 True [   90387.733751] 0003 0035 0000020f
2022-03-10 16:21:05.249863 True [   90388.072656] 0003 0035 000002be
2022-03-10 16:21:05.264824 True [   90388.089615] 0003 0035 000002be
2022-03-10 16:21:05.281779 True [   90388.106532] 0003 0035 000002be
2022-03-10 16:21:05.297702 True [   90388.123564] 0003 0035 000002c3
2022-03-10 16:21:05.318648 True [   90388.140575] 0003 0035 000002c9
2022-03-10 16:21:05.334605 True [   90388.157467] 0003 0035 000002ce
2022-03-10 16:21:05.353614 True [   90388.174751] 0003 0035 000002d3
2022-03-10 16:21:05.365842 True [   90388.191192] 0003 0035 000002db
2022-03-10 16:21:05.642380 True [   90388.462597] 0003 0035 00000305
2022-03-10 16:21:05.658728 True [   90388.479198] 0003 0035 00000305
2022-03-10 16:21:05.672380 True [   90388.496076] 0003 0035 00000305
2022-03-10 16:21:05.689512 True [   90388.513093] 0003 0035 00000305
2022-03-10 16:21:05.704114 True [   90388.530109] 0003 0035 00000305
2022-03-10 16:21:05.724773 True [   90388.546977] 0003 0035 00000300
2022-03-10 16:21:05.739121 True [   90388.563905] 0003 0035 000002f8
2022-03-10 16:21:05.757250 True [   90388.580548] 0003 0035 000002ea
2022-03-10 16:21:06.252090 False [   90389.072142] 0003 0035 0000000f
2022-03-10 16:21:06.263061 False [   90389.089035] 0003 0035 0000000f
2022-03-10 16:21:06.280016 False [   90389.105900] 0003 0035 0000000f
2022-03-10 16:21:06.296956 False [   90389.122925] 0003 0035 0000001c
2022-03-10 16:21:06.314508 False [   90389.140136] 0003 0035 00000035
2022-03-10 16:21:06.334232 False [   90389.156864] 0003 0035 00000051
2022-03-10 16:21:06.351534 False [   90389.173697] 0003 0035 0000006c
2022-03-10 16:21:06.671783 False [   90389.495461] 0003 0035 0000000d
2022-03-10 16:21:06.686763 False [   90389.512454] 0003 0035 0000000d
2022-03-10 16:21:06.706055 False [   90389.529391] 0003 0035 0000000d
2022-03-10 16:21:06.721429 False [   90389.546158] 0003 0035 0000000d
2022-03-10 16:21:07.520425 True [   90390.342793] 0003 0035 00000264
2022-03-10 16:21:07.541223 True [   90390.365038] 0003 0035 00000264
2022-03-10 16:21:07.556049 True [   90390.377768] 0003 0035 00000264
2022-03-10 16:21:07.569254 True [   90390.392972] 0003 0035 00000264
