Mode = area stim
    verts = 4 
    radius = 550 
    center = (600, 960) 
    first_angle = 2.0931176187513074 
    wm_size = [1200 1920] 
    stim_amp = 6 
    baseline_stim = 4
    current_stim_group = audio
    sense_zone = 0
    ===============================
2022-03-16 15:19:09.366412 True [   18926.451397] 0003 0036 00000102
2022-03-16 15:19:09.383036 True [   18926.467584] 0003 0035 0000037d
2022-03-16 15:19:09.383036 True [   18926.467584] 0003 0036 00000102
2022-03-16 15:19:09.403256 True [   18926.484134] 0003 0035 00000387
2022-03-16 15:19:09.403256 True [   18926.484134] 0003 0036 00000108
2022-03-16 15:19:09.419126 True [   18926.502097] 0003 0035 00000397
2022-03-16 15:19:09.419126 True [   18926.502097] 0003 0036 00000113
2022-03-16 15:19:09.433684 True [   18926.518139] 0003 0035 000003a7
2022-03-16 15:19:09.434681 True [   18926.518139] 0003 0036 00000122
2022-03-16 15:19:09.451653 True [   18926.535171] 0003 0035 000003b7
2022-03-16 15:19:09.452634 True [   18926.535171] 0003 0036 00000133
2022-03-16 15:19:09.467903 True [   18926.551693] 0003 0035 000003ca
2022-03-16 15:19:09.467903 True [   18926.551693] 0003 0036 00000145
2022-03-16 15:19:09.485248 True [   18926.568861] 0003 0035 000003e1
2022-03-16 15:19:09.485248 True [   18926.568861] 0003 0036 00000156
2022-03-16 15:19:09.505999 True [   18926.586122] 0003 0035 000003f6
2022-03-16 15:19:09.505999 True [   18926.586122] 0003 0036 00000166
2022-03-16 15:19:09.517756 True [   18926.602500] 0003 0035 00000406
2022-03-16 15:19:09.517756 True [   18926.602500] 0003 0036 00000174
2022-03-16 15:19:09.536520 True [   18926.619530] 0003 0035 00000411
2022-03-16 15:19:09.536520 True [   18926.619530] 0003 0036 0000017e
2022-03-16 15:19:09.551369 True [   18926.636818] 0003 0035 00000418
2022-03-16 15:19:09.552373 True [   18926.636818] 0003 0036 00000185
2022-03-16 15:19:09.569432 True [   18926.653564] 0003 0035 0000041c
2022-03-16 15:19:09.569432 True [   18926.653564] 0003 0036 00000189
2022-03-16 15:19:09.589237 True [   18926.670618] 0003 0035 0000041c
2022-03-16 15:19:09.590239 True [   18926.670618] 0003 0036 00000189
2022-03-16 15:19:09.606545 True [   18926.687176] 0003 0035 00000415
2022-03-16 15:19:09.607515 True [   18926.687176] 0003 0036 00000186
2022-03-16 15:19:09.622184 True [   18926.704161] 0003 0035 00000403
2022-03-16 15:19:09.622184 True [   18926.704161] 0003 0036 0000017b
2022-03-16 15:19:09.638801 True [   18926.721232] 0003 0035 000003eb
2022-03-16 15:19:09.638801 True [   18926.721232] 0003 0036 0000016a
2022-03-16 15:19:09.654619 True [   18926.738480] 0003 0035 000003cb
2022-03-16 15:19:09.654619 True [   18926.738480] 0003 0036 00000154
2022-03-16 15:19:09.671687 True [   18926.755416] 0003 0035 000003a7
2022-03-16 15:19:09.671687 True [   18926.755416] 0003 0036 0000013b
2022-03-16 15:19:09.688216 True [   18926.772611] 0003 0035 00000381
2022-03-16 15:19:09.688216 True [   18926.772611] 0003 0036 00000121
2022-03-16 15:19:09.705797 True [   18926.789500] 0003 0035 0000035b
2022-03-16 15:19:09.706808 True [   18926.789500] 0003 0036 00000109
2022-03-16 15:19:09.723753 True [   18926.806299] 0003 0035 0000033d
2022-03-16 15:19:09.723753 True [   18926.806299] 0003 0036 000000f4
2022-03-16 15:19:09.739242 True [   18926.822847] 0003 0035 00000326
2022-03-16 15:19:09.739242 True [   18926.822847] 0003 0036 000000e2
2022-03-16 15:19:09.756349 True [   18926.839708] 0003 0035 00000315
2022-03-16 15:19:09.756349 False [   18926.839708] 0003 0036 000000d4
2022-03-16 15:19:09.773048 False [   18926.857339] 0003 0035 0000030a
2022-03-16 15:19:09.773048 False [   18926.857339] 0003 0036 000000ca
2022-03-16 15:19:09.793891 False [   18926.873488] 0003 0035 00000304
2022-03-16 15:19:09.793891 False [   18926.873488] 0003 0036 000000c4
2022-03-16 15:19:09.808636 False [   18926.890782] 0003 0035 00000304
2022-03-16 15:19:09.808636 False [   18926.890782] 0003 0036 000000c4
2022-03-16 15:19:09.828046 False [   18926.908253] 0003 0035 00000304
2022-03-16 15:19:09.828046 False [   18926.908253] 0003 0036 000000c4
2022-03-16 15:19:09.843227 False [   18926.924343] 0003 0035 00000307
2022-03-16 15:19:09.843227 False [   18926.924343] 0003 0036 000000cf
2022-03-16 15:19:09.857291 False [   18926.941563] 0003 0035 00000312
2022-03-16 15:19:09.857291 True [   18926.941563] 0003 0036 000000e0
2022-03-16 15:19:09.876679 True [   18926.958438] 0003 0035 00000327
2022-03-16 15:19:09.876679 True [   18926.958438] 0003 0036 000000f6
2022-03-16 15:19:09.893530 True [   18926.975386] 0003 0035 0000033f
2022-03-16 15:19:09.893530 True [   18926.975386] 0003 0036 0000010e
2022-03-16 15:19:09.910813 True [   18926.992657] 0003 0035 0000035a
2022-03-16 15:19:09.910813 True [   18926.992657] 0003 0036 00000127
2022-03-16 15:19:09.926820 True [   18927.010120] 0003 0035 00000378
2022-03-16 15:19:09.927823 True [   18927.010120] 0003 0036 0000013f
2022-03-16 15:19:09.940668 True [   18927.025982] 0003 0035 00000395
2022-03-16 15:19:09.941618 True [   18927.025982] 0003 0036 00000156
2022-03-16 15:19:09.958387 True [   18927.042898] 0003 0035 000003ae
2022-03-16 15:19:09.958387 True [   18927.042898] 0003 0036 0000016b
2022-03-16 15:19:09.975881 True [   18927.060416] 0003 0035 000003c7
2022-03-16 15:19:09.976894 True [   18927.060416] 0003 0036 0000017d
2022-03-16 15:19:10.000403 True [   18927.077779] 0003 0035 000003e1
2022-03-16 15:19:10.000403 True [   18927.077779] 0003 0036 0000018c
2022-03-16 15:19:10.010376 True [   18927.093760] 0003 0035 000003f6
2022-03-16 15:19:10.010376 True [   18927.093760] 0003 0036 00000197
2022-03-16 15:19:10.026213 True [   18927.111498] 0003 0035 00000404
2022-03-16 15:19:10.026213 True [   18927.111498] 0003 0036 0000019f
2022-03-16 15:19:10.043411 True [   18927.128345] 0003 0035 0000040d
2022-03-16 15:19:10.043411 True [   18927.128345] 0003 0036 000001a4
2022-03-16 15:19:10.064438 True [   18927.145047] 0003 0035 00000411
2022-03-16 15:19:10.065423 True [   18927.145047] 0003 0036 000001a6
2022-03-16 15:19:10.079427 True [   18927.161892] 0003 0035 00000411
2022-03-16 15:19:10.079427 True [   18927.161892] 0003 0036 000001a6
2022-03-16 15:19:10.094065 True [   18927.178683] 0003 0035 00000404
2022-03-16 15:19:10.095074 True [   18927.178683] 0003 0036 0000019f
2022-03-16 15:19:10.115532 True [   18927.195928] 0003 0035 000003f4
2022-03-16 15:19:10.115532 True [   18927.195928] 0003 0036 00000196
2022-03-16 15:19:10.127818 True [   18927.212544] 0003 0035 000003e3
2022-03-16 15:19:10.127818 True [   18927.212544] 0003 0036 0000018b
2022-03-16 15:19:10.144429 True [   18927.229897] 0003 0035 000003cf
2022-03-16 15:19:10.144429 True [   18927.229897] 0003 0036 0000017e
2022-03-16 15:19:10.165684 True [   18927.246189] 0003 0035 000003b8
2022-03-16 15:19:10.165684 True [   18927.246189] 0003 0036 00000170
2022-03-16 15:19:10.178584 True [   18927.263358] 0003 0035 000003a2
2022-03-16 15:19:10.179582 True [   18927.263358] 0003 0036 00000162
2022-03-16 15:19:10.197023 True [   18927.280720] 0003 0035 0000038f
2022-03-16 15:19:10.197023 True [   18927.280720] 0003 0036 00000155
2022-03-16 15:19:10.213019 True [   18927.297769] 0003 0035 00000382
2022-03-16 15:19:10.213019 True [   18927.297769] 0003 0036 0000014a
2022-03-16 15:19:10.232824 True [   18927.314554] 0003 0035 00000378
2022-03-16 15:19:10.232824 True [   18927.314554] 0003 0036 00000140
2022-03-16 15:19:10.247361 True [   18927.331489] 0003 0035 00000372
2022-03-16 15:19:10.247361 True [   18927.331489] 0003 0036 00000138
2022-03-16 15:19:10.265372 True [   18927.347864] 0003 0035 0000036e
2022-03-16 15:19:10.265372 True [   18927.347864] 0003 0036 00000132
2022-03-16 15:19:10.282194 True [   18927.365011] 0003 0035 0000036b
2022-03-16 15:19:10.282194 True [   18927.365011] 0003 0036 0000012e
2022-03-16 15:19:10.303516 True [   18927.382507] 0003 0035 0000036b
2022-03-16 15:19:10.303516 True [   18927.382507] 0003 0036 0000012e
2022-03-16 15:19:10.315975 True [   18927.399959] 0003 0035 0000036b
2022-03-16 15:19:10.315975 True [   18927.399959] 0003 0036 0000012e
2022-03-16 15:19:10.330661 True [   18927.415607] 0003 0035 0000036b
2022-03-16 15:19:10.330661 True [   18927.415607] 0003 0036 0000012e
2022-03-16 15:19:10.347769 True [   18927.432950] 0003 0035 0000036b
2022-03-16 15:19:10.347769 True [   18927.432950] 0003 0036 0000012e
2022-03-16 15:19:10.365584 True [   18927.450619] 0003 0035 0000036b
2022-03-16 15:19:10.365584 True [   18927.450619] 0003 0036 0000012e
2022-03-16 15:19:10.383279 True [   18927.466884] 0003 0035 0000036b
2022-03-16 15:19:10.384260 True [   18927.466884] 0003 0036 0000012e
2022-03-16 15:19:10.402523 True [   18927.483352] 0003 0035 0000036b
2022-03-16 15:19:10.402523 True [   18927.483352] 0003 0036 0000012e
2022-03-16 15:19:10.415877 True [   18927.500254] 0003 0035 0000036b
2022-03-16 15:19:10.415877 True [   18927.500254] 0003 0036 0000012e
2022-03-16 15:19:10.433963 True [   18927.517836] 0003 0035 0000036b
2022-03-16 15:19:10.433963 True [   18927.517836] 0003 0036 0000012e
2022-03-16 15:19:10.453613 True [   18927.534791] 0003 0035 00000370
2022-03-16 15:19:10.453613 True [   18927.534791] 0003 0036 00000133
2022-03-16 15:19:10.469112 True [   18927.551139] 0003 0035 0000037b
2022-03-16 15:19:10.469112 True [   18927.551139] 0003 0036 00000139
2022-03-16 15:19:10.487109 True [   18927.568312] 0003 0035 0000038a
2022-03-16 15:19:10.487109 True [   18927.568312] 0003 0036 00000141
2022-03-16 15:19:10.501222 True [   18927.585958] 0003 0035 00000399
2022-03-16 15:19:10.501222 True [   18927.585958] 0003 0036 0000014a
2022-03-16 15:19:10.521663 True [   18927.602303] 0003 0035 000003a6
2022-03-16 15:19:10.521663 True [   18927.602303] 0003 0036 00000153
2022-03-16 15:19:10.538506 True [   18927.619677] 0003 0035 000003b2
2022-03-16 15:19:10.538506 True [   18927.619677] 0003 0036 0000015d
2022-03-16 15:19:10.554462 True [   18927.635831] 0003 0035 000003bd
2022-03-16 15:19:10.554462 True [   18927.635831] 0003 0036 00000167
2022-03-16 15:19:10.567991 True [   18927.653468] 0003 0035 000003ca
2022-03-16 15:19:10.568989 True [   18927.653468] 0003 0036 00000171
2022-03-16 15:19:10.585942 True [   18927.670673] 0003 0035 000003db
2022-03-16 15:19:10.585942 True [   18927.670673] 0003 0036 0000017b
2022-03-16 15:19:10.606639 True [   18927.687419] 0003 0035 000003ed
2022-03-16 15:19:10.607637 True [   18927.687419] 0003 0036 00000185
2022-03-16 15:19:10.624390 True [   18927.705394] 0003 0035 000003fc
2022-03-16 15:19:10.625437 True [   18927.705394] 0003 0036 0000018f
2022-03-16 15:19:10.636164 True [   18927.721127] 0003 0035 00000409
2022-03-16 15:19:10.636164 True [   18927.721127] 0003 0036 00000198
2022-03-16 15:19:10.656338 True [   18927.737882] 0003 0035 00000413
2022-03-16 15:19:10.656338 True [   18927.737882] 0003 0036 000001a0
2022-03-16 15:19:10.674401 True [   18927.754439] 0003 0035 0000041b
2022-03-16 15:19:10.674401 True [   18927.754439] 0003 0036 000001a8
2022-03-16 15:19:10.690332 True [   18927.771939] 0003 0035 00000422
2022-03-16 15:19:10.690332 True [   18927.771939] 0003 0036 000001ae
2022-03-16 15:19:10.708339 True [   18927.788519] 0003 0035 00000427
2022-03-16 15:19:10.708339 True [   18927.788519] 0003 0036 000001b3
2022-03-16 15:19:10.721741 True [   18927.805515] 0003 0035 0000042b
2022-03-16 15:19:10.721741 True [   18927.805515] 0003 0036 000001b7
2022-03-16 15:19:10.742501 True [   18927.822195] 0003 0035 0000042b
2022-03-16 15:19:10.742501 True [   18927.822195] 0003 0036 000001b7
2022-03-16 15:19:10.758446 True [   18927.839393] 0003 0035 0000042b
2022-03-16 15:19:10.758446 True [   18927.839393] 0003 0036 000001b7
2022-03-16 15:19:10.776026 True [   18927.856362] 0003 0035 0000042b
2022-03-16 15:19:10.776026 True [   18927.856362] 0003 0036 000001b7
2022-03-16 15:19:10.793648 True [   18927.873897] 0003 0035 0000042b
2022-03-16 15:19:10.794660 True [   18927.873897] 0003 0036 000001b7
2022-03-16 15:19:10.808960 True [   18927.890816] 0003 0035 0000042b
2022-03-16 15:19:10.808960 True [   18927.890816] 0003 0036 000001b7
2022-03-16 15:19:10.822216 True [   18927.907567] 0003 0035 00000427
2022-03-16 15:19:10.823210 True [   18927.907567] 0003 0036 000001b0
2022-03-16 15:19:10.842361 True [   18927.924591] 0003 0035 0000041e
2022-03-16 15:19:10.842361 True [   18927.924591] 0003 0036 000001a7
2022-03-16 15:19:10.856860 True [   18927.941471] 0003 0035 0000040e
2022-03-16 15:19:10.856860 True [   18927.941471] 0003 0036 0000019d
2022-03-16 15:19:10.873053 True [   18927.957700] 0003 0035 000003fc
2022-03-16 15:19:10.873053 True [   18927.957700] 0003 0036 00000191
2022-03-16 15:19:10.890491 True [   18927.974982] 0003 0035 000003ea
2022-03-16 15:19:10.890491 True [   18927.974982] 0003 0036 00000185
2022-03-16 15:19:10.911621 True [   18927.991527] 0003 0035 000003db
2022-03-16 15:19:10.911621 True [   18927.991527] 0003 0036 0000017a
2022-03-16 15:19:10.929650 True [   18928.009722] 0003 0035 000003c8
2022-03-16 15:19:10.929650 True [   18928.009722] 0003 0036 0000016e
2022-03-16 15:19:10.943172 True [   18928.025672] 0003 0035 000003b1
2022-03-16 15:19:10.943172 True [   18928.025672] 0003 0036 00000161
2022-03-16 15:19:10.959188 True [   18928.042377] 0003 0035 0000039b
2022-03-16 15:19:10.959188 True [   18928.042377] 0003 0036 00000154
2022-03-16 15:19:10.974533 True [   18928.059678] 0003 0035 00000389
2022-03-16 15:19:10.975533 True [   18928.059678] 0003 0036 00000147
2022-03-16 15:19:10.994858 True [   18928.077230] 0003 0035 0000037a
2022-03-16 15:19:10.994858 True [   18928.077230] 0003 0036 0000013a
2022-03-16 15:19:11.008824 True [   18928.093998] 0003 0035 0000036a
2022-03-16 15:19:11.008824 True [   18928.093998] 0003 0036 0000012e
2022-03-16 15:19:11.026405 True [   18928.110130] 0003 0035 00000358
2022-03-16 15:19:11.026405 True [   18928.110130] 0003 0036 00000124
2022-03-16 15:19:11.042610 True [   18928.127257] 0003 0035 00000346
2022-03-16 15:19:11.042610 True [   18928.127257] 0003 0036 0000011a
2022-03-16 15:19:11.063479 True [   18928.144058] 0003 0035 00000337
2022-03-16 15:19:11.063479 True [   18928.144058] 0003 0036 00000110
2022-03-16 15:19:11.078477 True [   18928.161334] 0003 0035 0000032a
2022-03-16 15:19:11.078477 True [   18928.161334] 0003 0036 00000107
2022-03-16 15:19:11.093914 True [   18928.178302] 0003 0035 0000031f
2022-03-16 15:19:11.093914 True [   18928.178302] 0003 0036 000000fe
2022-03-16 15:19:11.110612 True [   18928.195077] 0003 0035 00000315
2022-03-16 15:19:11.110612 True [   18928.195077] 0003 0036 000000f6
2022-03-16 15:19:11.127543 True [   18928.211786] 0003 0035 0000030a
2022-03-16 15:19:11.127543 True [   18928.211786] 0003 0036 000000ee
2022-03-16 15:19:11.145776 True [   18928.229775] 0003 0035 000002fc
2022-03-16 15:19:11.146774 True [   18928.229775] 0003 0036 000000e6
2022-03-16 15:19:11.160751 True [   18928.245681] 0003 0035 000002ed
2022-03-16 15:19:11.160751 True [   18928.245681] 0003 0036 000000de
2022-03-16 15:19:11.178324 False [   18928.263385] 0003 0035 000002df
2022-03-16 15:19:11.179292 False [   18928.263385] 0003 0036 000000d6
2022-03-16 15:19:11.198753 False [   18928.280690] 0003 0035 000002d3
2022-03-16 15:19:11.198753 False [   18928.280690] 0003 0036 000000cf
2022-03-16 15:19:11.213127 False [   18928.297235] 0003 0035 000002ca
2022-03-16 15:19:11.213127 False [   18928.297235] 0003 0036 000000c9
2022-03-16 15:19:11.231792 False [   18928.313398] 0003 0035 000002c3
2022-03-16 15:19:11.231792 False [   18928.313398] 0003 0036 000000c3
2022-03-16 15:19:11.246378 False [   18928.330705] 0003 0035 000002be
2022-03-16 15:19:11.247395 False [   18928.330705] 0003 0036 000000bf
2022-03-16 15:19:11.265549 False [   18928.347277] 0003 0035 000002bb
2022-03-16 15:19:11.265549 False [   18928.347277] 0003 0036 000000bb
2022-03-16 15:19:11.283033 False [   18928.364571] 0003 0035 000002bb
2022-03-16 15:19:11.283033 False [   18928.364571] 0003 0036 000000bb
2022-03-16 15:19:11.297176 False [   18928.381558] 0003 0035 000002bb
2022-03-16 15:19:11.298175 False [   18928.381558] 0003 0036 000000bb
2022-03-16 15:19:11.314661 False [   18928.398682] 0003 0035 000002b9
2022-03-16 15:19:11.314661 False [   18928.398682] 0003 0036 000000b7
2022-03-16 15:19:11.332748 False [   18928.415071] 0003 0035 000002b9
2022-03-16 15:19:11.332748 False [   18928.415071] 0003 0036 000000b7
2022-03-16 15:19:11.349598 False [   18928.431998] 0003 0035 000002b9
2022-03-16 15:19:11.349598 False [   18928.431998] 0003 0036 000000b7
2022-03-16 15:19:11.366150 False [   18928.449041] 0003 0035 000002b9
2022-03-16 15:19:11.366150 False [   18928.449041] 0003 0036 000000b7
2022-03-16 15:19:11.382443 False [   18928.466430] 0003 0035 000002b9
2022-03-16 15:19:11.382443 False [   18928.466430] 0003 0036 000000b7
2022-03-16 15:19:11.403492 False [   18928.482793] 0003 0035 000002b9
2022-03-16 15:19:11.403492 False [   18928.482793] 0003 0036 000000b7
2022-03-16 15:19:11.415817 False [   18928.500440] 0003 0035 000002b9
2022-03-16 15:19:11.415817 False [   18928.500440] 0003 0036 000000bb
2022-03-16 15:19:11.434399 False [   18928.517518] 0003 0035 000002be
2022-03-16 15:19:11.434399 False [   18928.517518] 0003 0036 000000c1
2022-03-16 15:19:11.453515 False [   18928.535109] 0003 0035 000002c8
2022-03-16 15:19:11.453515 False [   18928.535109] 0003 0036 000000c8
2022-03-16 15:19:11.470612 False [   18928.551175] 0003 0035 000002d6
2022-03-16 15:19:11.470612 False [   18928.551175] 0003 0036 000000d1
2022-03-16 15:19:11.483577 False [   18928.567949] 0003 0035 000002e4
2022-03-16 15:19:11.483577 False [   18928.567949] 0003 0036 000000da
2022-03-16 15:19:11.499956 False [   18928.584497] 0003 0035 000002f1
2022-03-16 15:19:11.499956 True [   18928.584497] 0003 0036 000000e4
2022-03-16 15:19:11.518058 True [   18928.601428] 0003 0035 000002fc
2022-03-16 15:19:11.518058 True [   18928.601428] 0003 0036 000000ed
2022-03-16 15:19:11.535764 True [   18928.618373] 0003 0035 00000305
2022-03-16 15:19:11.535764 True [   18928.618373] 0003 0036 000000f6
2022-03-16 15:19:11.550826 True [   18928.635303] 0003 0035 0000030d
2022-03-16 15:19:11.550826 True [   18928.635303] 0003 0036 000000fe
2022-03-16 15:19:11.569756 True [   18928.652642] 0003 0035 00000317
2022-03-16 15:19:11.569756 True [   18928.652642] 0003 0036 00000105
2022-03-16 15:19:11.589372 True [   18928.669853] 0003 0035 00000324
2022-03-16 15:19:11.589372 True [   18928.669853] 0003 0036 0000010c
2022-03-16 15:19:11.604367 True [   18928.686930] 0003 0035 00000332
2022-03-16 15:19:11.604367 True [   18928.686930] 0003 0036 00000113
2022-03-16 15:19:11.619164 True [   18928.703820] 0003 0035 0000033e
2022-03-16 15:19:11.619164 True [   18928.703820] 0003 0036 00000118
2022-03-16 15:19:11.635785 True [   18928.720085] 0003 0035 00000347
2022-03-16 15:19:11.635785 True [   18928.720085] 0003 0036 0000011c
2022-03-16 15:19:11.652948 True [   18928.738165] 0003 0035 0000034d
2022-03-16 15:19:11.652948 True [   18928.738165] 0003 0036 0000011f
2022-03-16 15:19:11.669050 True [   18928.754426] 0003 0035 00000351
2022-03-16 15:19:11.669050 True [   18928.754426] 0003 0036 00000121
2022-03-16 15:19:11.689993 True [   18928.771385] 0003 0035 00000351
2022-03-16 15:19:11.689993 True [   18928.771385] 0003 0036 00000121
2022-03-16 15:19:11.703627 True [   18928.787761] 0003 0035 00000351
2022-03-16 15:19:11.703627 True [   18928.787761] 0003 0036 00000121
2022-03-16 15:19:11.719621 True [   18928.804718] 0003 0035 0000034c
2022-03-16 15:19:11.719621 True [   18928.804718] 0003 0036 0000011f
2022-03-16 15:19:11.737451 True [   18928.822393] 0003 0035 00000343
2022-03-16 15:19:11.737451 True [   18928.822393] 0003 0036 0000011b
2022-03-16 15:19:11.754569 True [   18928.839403] 0003 0035 00000338
2022-03-16 15:19:11.754569 True [   18928.839403] 0003 0036 00000116
2022-03-16 15:19:11.770962 True [   18928.855844] 0003 0035 0000032d
2022-03-16 15:19:11.770962 True [   18928.855844] 0003 0036 0000010f
2022-03-16 15:19:11.790158 True [   18928.872905] 0003 0035 00000322
2022-03-16 15:19:11.790158 True [   18928.872905] 0003 0036 00000107
2022-03-16 15:19:11.805629 True [   18928.890313] 0003 0035 00000316
2022-03-16 15:19:11.805629 True [   18928.890313] 0003 0036 000000fe
2022-03-16 15:19:11.824338 True [   18928.906744] 0003 0035 00000308
2022-03-16 15:19:11.825319 True [   18928.906744] 0003 0036 000000f4
2022-03-16 15:19:11.843659 True [   18928.924076] 0003 0035 000002f6
2022-03-16 15:19:11.843659 True [   18928.924076] 0003 0036 000000ea
2022-03-16 15:19:11.859630 True [   18928.940911] 0003 0035 000002e4
2022-03-16 15:19:11.859630 True [   18928.940911] 0003 0036 000000df
2022-03-16 15:19:11.874969 False [   18928.957933] 0003 0035 000002d6
2022-03-16 15:19:11.874969 False [   18928.957933] 0003 0036 000000d5
2022-03-16 15:19:11.890951 False [   18928.974536] 0003 0035 000002ca
2022-03-16 15:19:11.890951 False [   18928.974536] 0003 0036 000000cc
2022-03-16 15:19:11.909631 False [   18928.991806] 0003 0035 000002c1
2022-03-16 15:19:11.909631 False [   18928.991806] 0003 0036 000000c4
2022-03-16 15:19:11.924926 False [   18929.009279] 0003 0035 000002b9
2022-03-16 15:19:11.924926 False [   18929.009279] 0003 0036 000000bc
2022-03-16 15:19:11.940734 False [   18929.025917] 0003 0035 000002b3
2022-03-16 15:19:11.940734 False [   18929.025917] 0003 0036 000000b5
2022-03-16 15:19:11.956644 False [   18929.042270] 0003 0035 000002ad
2022-03-16 15:19:11.957641 False [   18929.042270] 0003 0036 000000b0
2022-03-16 15:19:11.974439 False [   18929.058916] 0003 0035 000002a5
2022-03-16 15:19:11.974439 False [   18929.058916] 0003 0036 000000ab
2022-03-16 15:19:11.995168 False [   18929.076077] 0003 0035 0000029c
2022-03-16 15:19:11.995168 False [   18929.076077] 0003 0036 000000a6
2022-03-16 15:19:12.011499 False [   18929.093448] 0003 0035 00000292
2022-03-16 15:19:12.011499 False [   18929.093448] 0003 0036 000000a1
2022-03-16 15:19:12.025963 False [   18929.110261] 0003 0035 00000289
2022-03-16 15:19:12.025963 False [   18929.110261] 0003 0036 0000009c
2022-03-16 15:19:12.042091 False [   18929.126606] 0003 0035 00000280
2022-03-16 15:19:12.042091 False [   18929.126606] 0003 0036 00000098
2022-03-16 15:19:12.060789 False [   18929.143553] 0003 0035 00000279
2022-03-16 15:19:12.060789 False [   18929.143553] 0003 0036 00000094
2022-03-16 15:19:12.076539 False [   18929.161024] 0003 0035 00000273
2022-03-16 15:19:12.076539 False [   18929.161024] 0003 0036 00000091
2022-03-16 15:19:12.096866 False [   18929.177956] 0003 0035 0000026e
2022-03-16 15:19:12.096866 False [   18929.177956] 0003 0036 0000008e
2022-03-16 15:19:12.112450 False [   18929.194539] 0003 0035 0000026a
2022-03-16 15:19:12.112450 False [   18929.194539] 0003 0036 0000008b
2022-03-16 15:19:12.128780 False [   18929.211300] 0003 0035 0000026a
2022-03-16 15:19:12.129744 False [   18929.211300] 0003 0036 0000008b
2022-03-16 15:19:12.146149 False [   18929.228290] 0003 0035 0000026a
2022-03-16 15:19:12.146149 False [   18929.228290] 0003 0036 0000008b
2022-03-16 15:19:12.163721 False [   18929.245440] 0003 0035 0000026a
2022-03-16 15:19:12.163721 False [   18929.245440] 0003 0036 0000008b
2022-03-16 15:19:12.179991 False [   18929.262490] 0003 0035 0000026a
2022-03-16 15:19:12.179991 False [   18929.262490] 0003 0036 0000008b
2022-03-16 15:19:12.197039 False [   18929.279149] 0003 0035 00000267
2022-03-16 15:19:12.197039 False [   18929.279149] 0003 0036 00000087
2022-03-16 15:19:12.217013 False [   18929.296295] 0003 0035 00000267
2022-03-16 15:19:12.217013 False [   18929.296295] 0003 0036 00000087
2022-03-16 15:19:12.233690 False [   18929.313281] 0003 0035 00000267
2022-03-16 15:19:12.233690 False [   18929.313281] 0003 0036 00000087
2022-03-16 15:19:12.248372 False [   18929.330470] 0003 0035 00000267
2022-03-16 15:19:12.248372 False [   18929.330470] 0003 0036 00000087
2022-03-16 15:19:12.265647 False [   18929.346857] 0003 0035 00000267
2022-03-16 15:19:12.265647 False [   18929.346857] 0003 0036 00000087
2022-03-16 15:19:12.281344 False [   18929.364104] 0003 0035 00000267
2022-03-16 15:19:12.281344 False [   18929.364104] 0003 0036 00000087
2022-03-16 15:19:12.298297 False [   18929.381828] 0003 0035 00000267
2022-03-16 15:19:12.298297 False [   18929.381828] 0003 0036 00000087
2022-03-16 15:19:12.314236 False [   18929.397959] 0003 0035 00000267
2022-03-16 15:19:12.314236 False [   18929.397959] 0003 0036 00000087
2022-03-16 15:19:12.330953 False [   18929.415347] 0003 0035 00000267
2022-03-16 15:19:12.330953 False [   18929.415347] 0003 0036 00000087
2022-03-16 15:19:12.348311 False [   18929.431965] 0003 0035 00000267
2022-03-16 15:19:12.348311 False [   18929.431965] 0003 0036 00000087
2022-03-16 15:19:12.364959 False [   18929.449597] 0003 0035 00000267
2022-03-16 15:19:12.364959 False [   18929.449597] 0003 0036 00000087
2022-03-16 15:19:12.383141 False [   18929.466122] 0003 0035 00000267
2022-03-16 15:19:12.383141 False [   18929.466122] 0003 0036 00000087
2022-03-16 15:19:12.399644 False [   18929.482466] 0003 0035 00000267
2022-03-16 15:19:12.399644 False [   18929.482466] 0003 0036 00000087
2022-03-16 15:19:12.414674 False [   18929.499845] 0003 0035 00000267
2022-03-16 15:19:12.414674 False [   18929.499845] 0003 0036 00000087
2022-03-16 15:19:12.434680 False [   18929.517046] 0003 0035 00000267
2022-03-16 15:19:12.434680 False [   18929.517046] 0003 0036 00000087
2022-03-16 15:19:12.453371 False [   18929.533954] 0003 0035 00000267
2022-03-16 15:19:12.453371 False [   18929.533954] 0003 0036 00000087
2022-03-16 15:19:12.466390 False [   18929.550496] 0003 0035 00000267
2022-03-16 15:19:12.466390 False [   18929.550496] 0003 0036 00000087
2022-03-16 15:19:12.483038 False [   18929.567804] 0003 0035 00000267
2022-03-16 15:19:12.483038 False [   18929.567804] 0003 0036 00000087
2022-03-16 15:19:12.501023 False [   18929.584946] 0003 0035 00000267
2022-03-16 15:19:12.501023 False [   18929.584946] 0003 0036 00000087
2022-03-16 15:19:12.516991 False [   18929.600951] 0003 0035 00000267
2022-03-16 15:19:12.516991 False [   18929.600951] 0003 0036 00000087
2022-03-16 15:19:12.534179 False [   18929.618323] 0003 0035 00000267
2022-03-16 15:19:12.534179 False [   18929.618323] 0003 0036 00000087
2022-03-16 15:19:12.550651 False [   18929.634825] 0003 0035 00000267
2022-03-16 15:19:12.550651 False [   18929.634825] 0003 0036 00000087
2022-03-16 15:19:12.570620 False [   18929.652444] 0003 0035 00000267
2022-03-16 15:19:12.570620 False [   18929.652444] 0003 0036 00000087
2022-03-16 15:19:12.588985 False [   18929.669631] 0003 0035 00000267
2022-03-16 15:19:12.589999 False [   18929.669631] 0003 0036 00000087
2022-03-16 15:19:12.605056 False [   18929.686008] 0003 0035 00000263
2022-03-16 15:19:12.605056 False [   18929.686008] 0003 0036 00000083
2022-03-16 15:19:12.619068 False [   18929.702525] 0003 0035 00000263
2022-03-16 15:19:12.619068 False [   18929.702525] 0003 0036 00000083
2022-03-16 15:19:12.634674 False [   18929.719680] 0003 0035 00000263
2022-03-16 15:19:12.634674 False [   18929.719680] 0003 0036 00000083
2022-03-16 15:19:12.655432 False [   18929.737921] 0003 0035 00000260
2022-03-16 15:19:12.655432 False [   18929.737921] 0003 0036 0000007f
2022-03-16 15:19:12.669055 False [   18929.754056] 0003 0035 00000260
2022-03-16 15:19:12.669055 False [   18929.754056] 0003 0036 0000007f
2022-03-16 15:19:12.691084 False [   18929.770878] 0003 0035 00000260
2022-03-16 15:19:12.691084 False [   18929.770878] 0003 0036 0000007f
2022-03-16 15:19:12.702343 False [   18929.787661] 0003 0035 0000025e
2022-03-16 15:19:12.702343 False [   18929.787661] 0003 0036 0000007b
2022-03-16 15:19:13.842374 False [   18930.923626] 0003 0035 000004e1
2022-03-16 15:19:13.842374 False [   18930.923626] 0003 0036 0000002f
2022-03-16 15:19:13.857240 False [   18930.940081] 0003 0035 000004e1
2022-03-16 15:19:13.857240 False [   18930.940081] 0003 0036 0000002f
2022-03-16 15:19:13.872345 False [   18930.956958] 0003 0035 000004e1
2022-03-16 15:19:13.872345 False [   18930.956958] 0003 0036 0000002f
2022-03-16 15:19:13.888725 False [   18930.973219] 0003 0035 000004e1
2022-03-16 15:19:13.888725 False [   18930.973219] 0003 0036 0000002f
