Mode = area stim
    verts = 22 
    radius = 550 
    center = (600, 960) 
    first_angle = 0.1431505575617069 
    wm_size = [1200 1920] 
    stim_amp = 4 
    baseline_stim = 2
    current_stim_group = 0
    sense_zone = 0
    ===============================
2022-03-10 15:50:45.418613 True [   88568.279753] 0003 0035 000002ed
2022-03-10 15:50:45.437294 True [   88568.296923] 0003 0035 000002ed
2022-03-10 15:50:45.453972 True [   88568.314347] 0003 0035 000002ed
2022-03-10 15:50:45.469625 True [   88568.330579] 0003 0035 000002ed
2022-03-10 15:50:45.485749 True [   88568.347526] 0003 0035 000002ed
2022-03-10 15:50:45.506745 True [   88568.364500] 0003 0035 000002ed
2022-03-10 15:50:47.948420 True [   88570.806779] 0003 0035 000002ba
2022-03-10 15:50:47.962225 False [   88570.822057] 0003 0035 000002ba
2022-03-10 15:50:47.979511 False [   88570.838933] 0003 0035 000002ba
2022-03-10 15:50:47.994418 False [   88570.855802] 0003 0035 000002ba
2022-03-10 15:50:48.012411 False [   88570.872546] 0003 0035 000002ba
2022-03-10 15:50:50.384843 False [   88573.247016] 0003 0035 000002ae
2022-03-10 15:50:50.402824 False [   88573.262633] 0003 0035 000002ae
2022-03-10 15:50:50.418068 False [   88573.278767] 0003 0035 000002ae
2022-03-10 15:50:50.433363 False [   88573.295743] 0003 0035 000002ae
2022-03-10 15:50:50.451489 False [   88573.312624] 0003 0035 000002ae
2022-03-10 15:50:50.468667 False [   88573.329621] 0003 0035 000002ae
2022-03-10 15:50:50.487783 False [   88573.346720] 0003 0035 000002ae
2022-03-10 15:50:52.401749 False [   88575.263194] 0003 0035 00000290
2022-03-10 15:50:52.417542 False [   88575.279543] 0003 0035 00000290
2022-03-10 15:50:52.436250 False [   88575.295784] 0003 0035 00000290
2022-03-10 15:50:52.451763 False [   88575.313472] 0003 0035 00000290
2022-03-10 15:50:52.468105 False [   88575.330225] 0003 0035 00000290
2022-03-10 15:50:52.485607 False [   88575.347105] 0003 0035 00000290
2022-03-10 15:50:52.502612 False [   88575.363948] 0003 0035 00000290
2022-03-10 15:50:52.520538 False [   88575.381427] 0003 0035 00000290
2022-03-10 15:50:53.741178 False [   88576.601853] 0003 0035 0000030e
2022-03-10 15:50:53.755265 True [   88576.616842] 0003 0035 0000030e
2022-03-10 15:50:53.773308 True [   88576.633924] 0003 0035 0000030e
2022-03-10 15:50:53.789332 True [   88576.650773] 0003 0035 0000030e
2022-03-10 15:50:53.807278 True [   88576.667734] 0003 0035 0000030e
2022-03-10 15:50:53.824619 True [   88576.684561] 0003 0035 0000030e
2022-03-10 15:50:53.840009 True [   88576.701412] 0003 0035 0000030e
2022-03-10 15:50:56.282187 True [   88579.142759] 0003 0035 0000030e
2022-03-10 15:50:56.297374 True [   88579.158854] 0003 0035 0000030e
2022-03-10 15:50:56.314453 True [   88579.175705] 0003 0035 0000030e
2022-03-10 15:50:56.330660 True [   88579.192536] 0003 0035 0000030e
2022-03-10 15:50:56.351575 True [   88579.209379] 0003 0035 0000030e
2022-03-10 15:50:56.366744 True [   88579.226705] 0003 0035 0000030e
2022-03-10 15:50:56.381428 True [   88579.243105] 0003 0035 0000030e
2022-03-10 15:50:56.689314 True [   88579.548149] 0003 0035 00000308
2022-03-10 15:50:56.703265 True [   88579.565618] 0003 0035 00000308
2022-03-10 15:50:56.721983 True [   88579.582225] 0003 0035 00000308
2022-03-10 15:50:56.736878 True [   88579.599158] 0003 0035 00000308
2022-03-10 15:50:56.756827 True [   88579.616181] 0003 0035 00000308
2022-03-10 15:50:56.771787 True [   88579.633061] 0003 0035 00000308
2022-03-10 15:50:56.787795 True [   88579.649825] 0003 0035 00000308
2022-03-10 15:50:57.179458 True [   88580.039713] 0003 0035 0000030a
2022-03-10 15:50:57.194848 True [   88580.056696] 0003 0035 0000030a
2022-03-10 15:50:57.212559 True [   88580.073537] 0003 0035 0000030a
2022-03-10 15:50:57.840372 True [   88580.700555] 0003 0035 000002c1
2022-03-10 15:50:57.857593 True [   88580.718248] 0003 0035 000002c1
2022-03-10 15:50:57.873275 True [   88580.734444] 0003 0035 000002c1
2022-03-10 15:50:57.890096 True [   88580.751365] 0003 0035 000002c1
2022-03-10 15:50:57.906036 True [   88580.768112] 0003 0035 000002c1
2022-03-10 15:51:02.399112 True [   88585.260834] 0003 0035 000004b5
2022-03-10 15:51:02.415872 True [   88585.276191] 0003 0035 000004b5
2022-03-10 15:51:02.431478 True [   88585.292828] 0003 0035 000004b5
2022-03-10 15:51:02.448721 True [   88585.310539] 0003 0035 000004b5
2022-03-10 15:51:02.466004 True [   88585.326519] 0003 0035 000004af
2022-03-10 15:51:04.379544 False [   88587.242425] 0003 0035 00000035
2022-03-10 15:51:04.397576 False [   88587.258688] 0003 0035 00000035
2022-03-10 15:51:04.416800 False [   88587.275297] 0003 0035 00000035
2022-03-10 15:51:04.430783 False [   88587.292205] 0003 0035 00000035
2022-03-10 15:51:04.447924 False [   88587.309146] 0003 0035 00000035
2022-03-10 15:51:04.465760 False [   88587.326221] 0003 0035 00000035
2022-03-10 15:51:04.482929 False [   88587.343112] 0003 0035 00000035
2022-03-10 15:51:04.497648 False [   88587.360266] 0003 0035 00000035
2022-03-10 15:51:04.517638 False [   88587.376739] 0003 0035 00000035
2022-03-10 15:51:07.329945 False [   88590.191378] 0003 0035 0000000d
2022-03-10 15:51:07.345703 False [   88590.207150] 0003 0035 0000000d
2022-03-10 15:51:07.362259 False [   88590.223681] 0003 0035 0000000d
2022-03-10 15:51:07.378304 False [   88590.240604] 0003 0035 0000000d
2022-03-10 15:51:07.396516 False [   88590.257669] 0003 0035 0000000d
2022-03-10 15:51:07.413568 False [   88590.274914] 0003 0035 0000000d
2022-03-10 15:51:07.431578 False [   88590.291844] 0003 0035 0000000d
2022-03-10 15:51:07.452567 False [   88590.308259] 0003 0035 0000000d
2022-03-10 15:51:09.790144 True [   88592.648413] 0003 0035 000004bc
2022-03-10 15:51:09.803726 True [   88592.665207] 0003 0035 000004bc
2022-03-10 15:51:09.821139 True [   88592.681675] 0003 0035 000004bc
2022-03-10 15:51:09.838381 True [   88592.697871] 0003 0035 000004bc
