Mode = area stim
    verts = 4 
    radius = 550 
    center = (600, 960) 
    first_angle = 1.113634001116318 
    wm_size = [1200 1920] 
    stim_amp = 4 
    baseline_stim = 2
    current_stim_group = 0
    sense_zone = 0
    ===============================
2022-03-03 19:12:48.561249 True [   71640.108172] 0003 0035 0000043b
2022-03-03 19:12:48.577725 True [   71640.124538] 0003 0035 0000043b
2022-03-03 19:12:48.593958 True [   71640.141260] 0003 0035 0000043b
2022-03-03 19:12:48.611095 True [   71640.158177] 0003 0035 0000043b
2022-03-03 19:12:48.627804 True [   71640.175044] 0003 0035 0000043b
2022-03-03 19:12:48.645769 True [   71640.191999] 0003 0035 0000043b
2022-03-03 19:12:48.662060 True [   71640.209117] 0003 0035 0000043b
2022-03-03 19:12:48.681749 True [   71640.226226] 0003 0035 0000043b
2022-03-03 19:12:48.695513 True [   71640.242783] 0003 0035 0000043b
2022-03-03 19:12:48.715315 True [   71640.259727] 0003 0035 0000043b
2022-03-03 19:12:48.732052 True [   71640.276639] 0003 0035 0000043b
2022-03-03 19:12:48.749241 True [   71640.293598] 0003 0035 0000043b
2022-03-03 19:12:48.765195 True [   71640.311042] 0003 0035 0000043b
2022-03-03 19:12:48.798118 True [   71640.344631] 0003 0035 00000437
2022-03-03 19:12:48.815047 True [   71640.361143] 0003 0035 00000437
2022-03-03 19:12:48.831965 True [   71640.378146] 0003 0035 00000432
2022-03-03 19:12:48.850604 True [   71640.395065] 0003 0035 00000432
2022-03-03 19:12:48.868022 True [   71640.412198] 0003 0035 0000042e
2022-03-03 19:12:48.885158 True [   71640.429449] 0003 0035 0000042a
2022-03-03 19:12:48.899694 True [   71640.445713] 0003 0035 0000042a
2022-03-03 19:12:48.915463 True [   71640.462624] 0003 0035 00000426
2022-03-03 19:12:48.932706 True [   71640.479881] 0003 0035 00000426
2022-03-03 19:12:48.949675 True [   71640.496655] 0003 0035 00000421
2022-03-03 19:12:48.966663 True [   71640.513751] 0003 0035 0000041d
2022-03-03 19:12:48.984110 True [   71640.530569] 0003 0035 0000041d
2022-03-03 19:12:48.999932 True [   71640.547347] 0003 0035 00000419
2022-03-03 19:12:49.018039 True [   71640.564167] 0003 0035 00000415
2022-03-03 19:12:49.037218 True [   71640.581274] 0003 0035 00000410
2022-03-03 19:12:49.054049 True [   71640.598079] 0003 0035 0000040a
2022-03-03 19:12:49.068683 True [   71640.615203] 0003 0035 00000405
2022-03-03 19:12:49.087364 True [   71640.632189] 0003 0035 00000401
2022-03-03 19:12:49.103022 True [   71640.648883] 0003 0035 00000401
2022-03-03 19:12:49.119704 True [   71640.665756] 0003 0035 00000401
2022-03-03 19:12:49.137777 True [   71640.682765] 0003 0035 00000401
2022-03-03 19:12:49.153754 True [   71640.699733] 0003 0035 00000401
2022-03-03 19:12:49.171772 True [   71640.716925] 0003 0035 00000401
2022-03-03 19:12:49.188379 True [   71640.733544] 0003 0035 00000401
2022-03-03 19:12:49.203731 True [   71640.750227] 0003 0035 00000401
2022-03-03 19:12:50.440623 True [   71641.986294] 0003 0035 000004c0
2022-03-03 19:12:50.457850 True [   71642.002988] 0003 0035 000004c0
2022-03-03 19:12:50.474727 True [   71642.020859] 0003 0035 000004c0
2022-03-03 19:12:50.491570 True [   71642.036614] 0003 0035 000004c0
2022-03-03 19:12:50.508143 True [   71642.053594] 0003 0035 000004bb
2022-03-03 19:12:50.525852 True [   71642.070447] 0003 0035 000004b6
2022-03-03 19:12:50.541352 True [   71642.087427] 0003 0035 000004b2
2022-03-03 19:12:50.558535 True [   71642.104577] 0003 0035 000004ad
2022-03-03 19:12:50.576784 True [   71642.122493] 0003 0035 000004a9
2022-03-03 19:12:50.592313 True [   71642.138628] 0003 0035 000004a5
2022-03-03 19:12:50.608182 True [   71642.155096] 0003 0035 000004a0
2022-03-03 19:12:50.624879 True [   71642.172081] 0003 0035 0000049c
2022-03-03 19:12:50.643844 True [   71642.188959] 0003 0035 00000498
2022-03-03 19:12:50.658984 True [   71642.205931] 0003 0035 00000494
2022-03-03 19:12:50.679621 True [   71642.223367] 0003 0035 0000048f
2022-03-03 19:12:50.694646 True [   71642.239780] 0003 0035 0000048b
2022-03-03 19:12:50.710300 True [   71642.256599] 0003 0035 00000487
2022-03-03 19:12:50.727881 True [   71642.273519] 0003 0035 00000480
2022-03-03 19:12:50.745521 True [   71642.290471] 0003 0035 00000474
2022-03-03 19:12:50.761673 True [   71642.307410] 0003 0035 00000466
2022-03-03 19:12:50.781824 True [   71642.324979] 0003 0035 0000045a
2022-03-03 19:12:50.796554 True [   71642.341275] 0003 0035 0000044f
2022-03-03 19:12:50.811082 True [   71642.358160] 0003 0035 00000446
2022-03-03 19:12:50.828986 True [   71642.375158] 0003 0035 0000043e
2022-03-03 19:12:50.846934 True [   71642.392333] 0003 0035 00000437
2022-03-03 19:12:50.863013 True [   71642.409251] 0003 0035 00000432
2022-03-03 19:12:50.880072 True [   71642.426693] 0003 0035 0000042d
2022-03-03 19:12:50.897177 True [   71642.442768] 0003 0035 00000429
2022-03-03 19:12:50.913440 True [   71642.459713] 0003 0035 00000429
2022-03-03 19:12:50.930027 True [   71642.476695] 0003 0035 00000422
2022-03-03 19:12:50.947283 True [   71642.493652] 0003 0035 00000419
2022-03-03 19:12:50.964925 True [   71642.510557] 0003 0035 0000040e
2022-03-03 19:12:50.998167 True [   71642.544772] 0003 0035 00000403
2022-03-03 19:12:51.015098 True [   71642.561292] 0003 0035 000003f8
2022-03-03 19:12:51.033145 True [   71642.578133] 0003 0035 000003ee
2022-03-03 19:12:51.052125 True [   71642.595094] 0003 0035 000003e5
2022-03-03 19:12:51.068254 True [   71642.612599] 0003 0035 000003dc
2022-03-03 19:12:51.085162 True [   71642.629765] 0003 0035 000003d4
2022-03-03 19:12:51.100783 True [   71642.645873] 0003 0035 000003cb
2022-03-03 19:12:51.118105 True [   71642.662734] 0003 0035 000003bf
2022-03-03 19:12:51.135218 True [   71642.680400] 0003 0035 000003b2
2022-03-03 19:12:51.152967 True [   71642.697053] 0003 0035 000003a6
2022-03-03 19:12:51.169416 True [   71642.713878] 0003 0035 0000039b
2022-03-03 19:12:51.185316 True [   71642.730969] 0003 0035 00000390
2022-03-03 19:12:51.185316 True [   71642.730969] 0003 0035 0000036f
2022-03-03 19:12:51.202868 False [   71642.747563] 0003 0035 00000386
2022-03-03 19:12:51.204863 False [   71642.747563] 0003 0035 0000036c
2022-03-03 19:12:51.219231 False [   71642.764405] 0003 0035 0000037f
2022-03-03 19:12:51.235290 True [   71642.781296] 0003 0035 00000378
2022-03-03 19:12:51.253249 True [   71642.798077] 0003 0035 00000370
2022-03-03 19:12:51.269202 True [   71642.815485] 0003 0035 00000365
2022-03-03 19:12:51.287530 True [   71642.833044] 0003 0035 00000358
2022-03-03 19:12:51.303020 True [   71642.848978] 0003 0035 0000034b
2022-03-03 19:12:51.319744 True [   71642.865881] 0003 0035 0000033f
2022-03-03 19:12:51.336308 True [   71642.882774] 0003 0035 00000334
2022-03-03 19:12:51.353757 True [   71642.899684] 0003 0035 0000032b
2022-03-03 19:12:51.371075 True [   71642.917079] 0003 0035 00000323
2022-03-03 19:12:51.391159 True [   71642.934042] 0003 0035 0000031c
2022-03-03 19:12:51.405467 True [   71642.950428] 0003 0035 00000315
2022-03-03 19:12:51.421664 True [   71642.967386] 0003 0035 0000030c
2022-03-03 19:12:51.437392 True [   71642.984376] 0003 0035 00000301
2022-03-03 19:12:51.457351 True [   71643.001547] 0003 0035 000002f5
2022-03-03 19:12:51.472316 True [   71643.018624] 0003 0035 000002e9
2022-03-03 19:12:51.489356 True [   71643.035596] 0003 0035 000002de
2022-03-03 19:12:51.505503 True [   71643.052135] 0003 0035 000002d4
2022-03-03 19:12:51.521815 True [   71643.068919] 0003 0035 000002cc
2022-03-03 19:12:51.541490 True [   71643.086811] 0003 0035 000002c5
2022-03-03 19:12:51.555767 True [   71643.102881] 0003 0035 000002c0
2022-03-03 19:12:51.575774 True [   71643.120165] 0003 0035 000002ba
2022-03-03 19:12:51.593383 True [   71643.137636] 0003 0035 000002b2
2022-03-03 19:12:51.608627 True [   71643.153575] 0003 0035 000002a7
2022-03-03 19:12:51.623419 True [   71643.170463] 0003 0035 0000029a
2022-03-03 19:12:51.641355 True [   71643.187361] 0003 0035 0000028e
2022-03-03 19:12:51.659301 True [   71643.204340] 0003 0035 00000283
2022-03-03 19:12:51.675295 True [   71643.221725] 0003 0035 00000279
2022-03-03 19:12:51.694384 True [   71643.238193] 0003 0035 00000270
2022-03-03 19:12:51.710172 True [   71643.255139] 0003 0035 00000269
2022-03-03 19:12:51.727842 True [   71643.271929] 0003 0035 00000263
2022-03-03 19:12:51.743069 True [   71643.289002] 0003 0035 0000025b
2022-03-03 19:12:51.761223 True [   71643.305822] 0003 0035 0000024f
2022-03-03 19:12:51.777795 True [   71643.323068] 0003 0035 00000242
2022-03-03 19:12:51.794943 True [   71643.339904] 0003 0035 00000235
2022-03-03 19:12:51.810294 True [   71643.356663] 0003 0035 0000022a
2022-03-03 19:12:51.826986 True [   71643.373510] 0003 0035 00000220
2022-03-03 19:12:51.844934 True [   71643.390524] 0003 0035 00000218
2022-03-03 19:12:51.862103 True [   71643.407410] 0003 0035 00000210
2022-03-03 19:12:51.879976 True [   71643.424704] 0003 0035 0000020a
2022-03-03 19:12:51.896899 True [   71643.441208] 0003 0035 00000205
2022-03-03 19:12:51.913488 True [   71643.458387] 0003 0035 00000201
2022-03-03 19:12:51.929878 True [   71643.475071] 0003 0035 000001fb
2022-03-03 19:12:51.947091 True [   71643.492092] 0003 0035 000001f3
2022-03-03 19:12:51.963948 True [   71643.508968] 0003 0035 000001ea
2022-03-03 19:12:51.979801 True [   71643.526135] 0003 0035 000001e1
2022-03-03 19:12:51.999707 True [   71643.542738] 0003 0035 000001d7
2022-03-03 19:12:52.013929 True [   71643.559644] 0003 0035 000001ce
2022-03-03 19:12:52.029773 True [   71643.576517] 0003 0035 000001c6
2022-03-03 19:12:52.046637 True [   71643.593470] 0003 0035 000001bf
2022-03-03 19:12:52.063950 True [   71643.610448] 0003 0035 000001b9
2022-03-03 19:12:52.101856 True [   71643.644558] 0003 0035 000001b3
2022-03-03 19:12:52.114487 True [   71643.661176] 0003 0035 000001ae
2022-03-03 19:12:52.131631 True [   71643.678034] 0003 0035 000001aa
2022-03-03 19:12:52.148638 True [   71643.694952] 0003 0035 000001aa
2022-03-03 19:12:52.537324 True [   71644.084192] 0003 0035 000001aa
2022-03-03 19:12:52.555248 True [   71644.101213] 0003 0035 000001aa
2022-03-03 19:12:52.572768 True [   71644.118209] 0003 0035 000001aa
2022-03-03 19:12:52.589525 True [   71644.135082] 0003 0035 000001aa
2022-03-03 19:12:52.605024 True [   71644.151876] 0003 0035 000001aa
2022-03-03 19:12:52.621822 True [   71644.168840] 0003 0035 000001b1
2022-03-03 19:12:52.639478 True [   71644.186101] 0003 0035 000001bb
2022-03-03 19:12:52.657546 True [   71644.202795] 0003 0035 000001c7
2022-03-03 19:12:52.673788 True [   71644.219963] 0003 0035 000001d3
2022-03-03 19:12:52.691450 True [   71644.236524] 0003 0035 000001de
2022-03-03 19:12:52.709121 True [   71644.253490] 0003 0035 000001e8
2022-03-03 19:12:52.725282 True [   71644.270405] 0003 0035 000001f0
2022-03-03 19:12:52.741231 True [   71644.287431] 0003 0035 000001f8
2022-03-03 19:12:52.757331 True [   71644.304311] 0003 0035 00000203
2022-03-03 19:12:52.776009 True [   71644.322066] 0003 0035 0000020f
2022-03-03 19:12:52.792159 True [   71644.338193] 0003 0035 0000021c
2022-03-03 19:12:52.810355 True [   71644.355034] 0003 0035 00000228
2022-03-03 19:12:52.826862 True [   71644.371883] 0003 0035 00000234
2022-03-03 19:12:52.844864 True [   71644.389179] 0003 0035 0000023f
2022-03-03 19:12:52.859191 True [   71644.405873] 0003 0035 00000248
2022-03-03 19:12:52.877590 True [   71644.423063] 0003 0035 00000254
2022-03-03 19:12:52.893479 True [   71644.439635] 0003 0035 00000264
2022-03-03 19:12:52.909254 True [   71644.456499] 0003 0035 00000277
2022-03-03 19:12:52.926908 True [   71644.473486] 0003 0035 00000289
2022-03-03 19:12:52.943896 True [   71644.490485] 0003 0035 00000299
2022-03-03 19:12:52.963877 True [   71644.507325] 0003 0035 000002a8
2022-03-03 19:12:52.979979 True [   71644.524937] 0003 0035 000002b6
2022-03-03 19:12:52.997015 True [   71644.541243] 0003 0035 000002c4
2022-03-03 19:12:53.012969 True [   71644.557997] 0003 0035 000002d1
2022-03-03 19:12:53.028074 True [   71644.574920] 0003 0035 000002de
2022-03-03 19:12:53.045656 True [   71644.591810] 0003 0035 000002ea
2022-03-03 19:12:53.064366 True [   71644.609440] 0003 0035 000002f5
2022-03-03 19:12:53.080611 True [   71644.626662] 0003 0035 00000303
2022-03-03 19:12:53.096645 True [   71644.642657] 0003 0035 00000314
2022-03-03 19:12:53.113734 True [   71644.659578] 0003 0035 00000326
2022-03-03 19:12:53.131594 True [   71644.676529] 0003 0035 00000337
2022-03-03 19:12:53.150552 True [   71644.694163] 0003 0035 00000345
2022-03-03 19:12:53.165525 True [   71644.710360] 0003 0035 00000351
2022-03-03 19:12:53.184460 True [   71644.727645] 0003 0035 0000035b
2022-03-03 19:12:53.199420 True [   71644.744204] 0003 0035 00000363
2022-03-03 19:12:53.214501 True [   71644.760962] 0003 0035 0000036a
2022-03-03 19:12:53.370288 True [   71644.913939] 0003 0035 00000375
2022-03-03 19:12:53.386307 True [   71644.931595] 0003 0035 00000375
2022-03-03 19:12:53.405112 True [   71644.947683] 0003 0035 00000379
2022-03-03 19:12:53.419596 True [   71644.964239] 0003 0035 0000037d
2022-03-03 19:12:53.437183 True [   71644.981743] 0003 0035 00000380
2022-03-03 19:12:53.452913 True [   71644.998225] 0003 0035 00000380
2022-03-03 19:12:53.468651 True [   71645.015114] 0003 0035 0000037d
2022-03-03 19:12:53.503212 True [   71645.049320] 0003 0035 00000379
2022-03-03 19:12:53.520810 True [   71645.065866] 0003 0035 00000372
2022-03-03 19:12:53.537606 True [   71645.082744] 0003 0035 00000367
2022-03-03 19:12:53.554960 True [   71645.099597] 0003 0035 0000035a
2022-03-03 19:12:53.572908 True [   71645.117395] 0003 0035 0000034c
2022-03-03 19:12:53.620856 True [   71645.167459] 0003 0035 0000033c
2022-03-03 19:12:53.639352 True [   71645.184434] 0003 0035 00000324
2022-03-03 19:12:53.655432 True [   71645.201584] 0003 0035 00000306
2022-03-03 19:12:53.671775 True [   71645.218971] 0003 0035 000002e9
2022-03-03 19:12:53.688495 True [   71645.235199] 0003 0035 000002ce
2022-03-03 19:12:53.705912 True [   71645.251935] 0003 0035 000002b6
2022-03-03 19:12:53.721832 True [   71645.268857] 0003 0035 000002a0
2022-03-03 19:12:53.741265 True [   71645.285756] 0003 0035 0000028d
2022-03-03 19:12:53.756218 True [   71645.302811] 0003 0035 0000027d
2022-03-03 19:12:53.773254 True [   71645.319725] 0003 0035 0000026d
2022-03-03 19:12:53.790488 True [   71645.336873] 0003 0035 0000025b
2022-03-03 19:12:53.810160 True [   71645.354249] 0003 0035 00000248
2022-03-03 19:12:53.825752 True [   71645.370388] 0003 0035 00000237
2022-03-03 19:12:53.842129 True [   71645.387343] 0003 0035 00000229
2022-03-03 19:12:53.859081 True [   71645.404213] 0003 0035 0000021d
2022-03-03 19:12:53.909411 True [   71645.455185] 0003 0035 00000215
2022-03-03 19:12:53.926857 True [   71645.471898] 0003 0035 0000020f
2022-03-03 19:12:53.941997 True [   71645.488866] 0003 0035 0000020b
2022-03-03 19:12:53.961239 True [   71645.505851] 0003 0035 0000020b
2022-03-03 19:12:53.979209 True [   71645.523007] 0003 0035 0000020b
2022-03-03 19:12:53.995167 True [   71645.539804] 0003 0035 00000209
2022-03-03 19:12:54.009284 True [   71645.556504] 0003 0035 00000209
2022-03-03 19:12:54.027347 True [   71645.573461] 0003 0035 00000209
2022-03-03 19:12:54.043436 True [   71645.590390] 0003 0035 0000020b
2022-03-03 19:12:54.061395 True [   71645.607409] 0003 0035 0000020f
2022-03-03 19:12:54.078103 True [   71645.624496] 0003 0035 00000218
2022-03-03 19:12:54.095620 True [   71645.641158] 0003 0035 00000223
2022-03-03 19:12:54.113854 True [   71645.658842] 0003 0035 0000022e
2022-03-03 19:12:54.129855 True [   71645.675007] 0003 0035 00000239
2022-03-03 19:12:54.146358 True [   71645.691902] 0003 0035 00000244
2022-03-03 19:12:54.163315 True [   71645.709581] 0003 0035 00000252
2022-03-03 19:12:54.180028 True [   71645.726252] 0003 0035 00000264
2022-03-03 19:12:54.197823 True [   71645.742665] 0003 0035 00000278
2022-03-03 19:12:54.213066 True [   71645.759654] 0003 0035 0000028a
2022-03-03 19:12:54.230064 True [   71645.776932] 0003 0035 0000029a
2022-03-03 19:12:54.246702 True [   71645.793455] 0003 0035 000002aa
2022-03-03 19:12:54.264489 True [   71645.810406] 0003 0035 000002bc
2022-03-03 19:12:54.298335 True [   71645.844689] 0003 0035 000002d0
2022-03-03 19:12:54.316454 True [   71645.862111] 0003 0035 000002e3
2022-03-03 19:12:54.333206 True [   71645.877995] 0003 0035 000002f7
2022-03-03 19:12:54.348610 True [   71645.895086] 0003 0035 0000030d
2022-03-03 19:12:54.366569 True [   71645.911982] 0003 0035 00000322
2022-03-03 19:12:54.400867 True [   71645.946641] 0003 0035 00000334
2022-03-03 19:12:54.417532 True [   71645.963413] 0003 0035 00000342
2022-03-03 19:12:54.434141 True [   71645.979571] 0003 0035 0000034e
2022-03-03 19:12:54.450938 True [   71645.996769] 0003 0035 00000356
2022-03-03 19:12:54.466506 True [   71646.013749] 0003 0035 0000035b
2022-03-03 19:12:54.502230 True [   71646.047649] 0003 0035 0000035e
2022-03-03 19:12:54.517508 True [   71646.064225] 0003 0035 0000035e
2022-03-03 19:12:54.535744 True [   71646.081163] 0003 0035 00000359
2022-03-03 19:12:54.551812 True [   71646.098108] 0003 0035 0000034f
2022-03-03 19:12:54.570757 True [   71646.115042] 0003 0035 00000342
2022-03-03 19:12:54.585681 True [   71646.132304] 0003 0035 00000335
2022-03-03 19:12:54.602934 False [   71646.149119] 0003 0035 00000329
2022-03-03 19:12:54.618960 False [   71646.165746] 0003 0035 0000031d
2022-03-03 19:12:54.637590 False [   71646.182685] 0003 0035 0000030f
2022-03-03 19:12:54.653945 False [   71646.199642] 0003 0035 000002fe
2022-03-03 19:12:54.671669 False [   71646.217170] 0003 0035 000002ed
2022-03-03 19:12:54.690167 False [   71646.236157] 0003 0035 000002dd
2022-03-03 19:12:54.704905 False [   71646.250350] 0003 0035 000002cf
2022-03-03 19:12:54.721699 False [   71646.267254] 0003 0035 000002c3
2022-03-03 19:12:54.738905 False [   71646.284226] 0003 0035 000002b8
2022-03-03 19:12:54.756919 False [   71646.301570] 0003 0035 000002ad
2022-03-03 19:12:54.772910 False [   71646.318195] 0003 0035 000002a3
2022-03-03 19:12:54.792059 False [   71646.335402] 0003 0035 00000299
2022-03-03 19:12:54.806566 False [   71646.351911] 0003 0035 0000028f
2022-03-03 19:12:54.823468 False [   71646.368805] 0003 0035 00000285
2022-03-03 19:12:54.841514 False [   71646.385779] 0003 0035 0000027c
2022-03-03 19:12:54.858076 False [   71646.402645] 0003 0035 00000274
2022-03-03 19:12:54.874066 False [   71646.419752] 0003 0035 0000026e
2022-03-03 19:12:54.891032 False [   71646.436760] 0003 0035 00000269
2022-03-03 19:12:54.906713 False [   71646.453442] 0003 0035 00000263
2022-03-03 19:12:54.924282 False [   71646.470378] 0003 0035 0000025d
2022-03-03 19:12:54.943190 False [   71646.487395] 0003 0035 00000256
2022-03-03 19:12:54.960160 False [   71646.504509] 0003 0035 00000250
2022-03-03 19:12:54.977242 False [   71646.521562] 0003 0035 00000249
2022-03-03 19:12:54.992014 False [   71646.538074] 0003 0035 00000241
2022-03-03 19:12:55.008466 False [   71646.554967] 0003 0035 00000238
2022-03-03 19:12:55.027209 False [   71646.571864] 0003 0035 00000230
2022-03-03 19:12:55.044017 False [   71646.588863] 0003 0035 0000022a
2022-03-03 19:12:55.061292 False [   71646.605839] 0003 0035 00000225
2022-03-03 19:12:55.077462 False [   71646.622959] 0003 0035 00000221
2022-03-03 19:12:55.093728 False [   71646.640503] 0003 0035 00000221
2022-03-03 19:12:55.110477 False [   71646.656942] 0003 0035 00000221
2022-03-03 19:12:55.129022 False [   71646.673441] 0003 0035 0000021d
2022-03-03 19:12:55.145647 False [   71646.690384] 0003 0035 0000021d
2022-03-03 19:12:55.163602 False [   71646.707368] 0003 0035 0000021b
2022-03-03 19:12:55.178791 False [   71646.724272] 0003 0035 0000021b
2022-03-03 19:12:55.197860 True [   71646.741117] 0003 0035 0000021b
2022-03-03 19:12:55.211145 True [   71646.758036] 0003 0035 0000021b
2022-03-03 19:12:55.229653 True [   71646.774971] 0003 0035 0000021f
2022-03-03 19:12:55.247345 True [   71646.791967] 0003 0035 00000226
2022-03-03 19:12:55.263367 True [   71646.809078] 0003 0035 0000022f
2022-03-03 19:12:55.280145 True [   71646.825931] 0003 0035 00000238
2022-03-03 19:12:55.297494 True [   71646.842909] 0003 0035 00000241
2022-03-03 19:12:55.315484 True [   71646.859563] 0003 0035 00000249
2022-03-03 19:12:55.332170 True [   71646.876510] 0003 0035 00000250
2022-03-03 19:12:55.349776 True [   71646.894007] 0003 0035 00000256
2022-03-03 19:12:55.365697 True [   71646.910354] 0003 0035 0000025f
2022-03-03 19:12:55.381669 True [   71646.927747] 0003 0035 0000026b
2022-03-03 19:12:55.399788 True [   71646.944250] 0003 0035 00000278
2022-03-03 19:12:55.414513 True [   71646.961060] 0003 0035 00000285
2022-03-03 19:12:55.432152 True [   71646.978019] 0003 0035 0000028f
2022-03-03 19:12:55.448728 True [   71646.995367] 0003 0035 00000297
2022-03-03 19:12:55.466101 True [   71647.012524] 0003 0035 0000029d
2022-03-03 19:12:55.499823 True [   71647.046222] 0003 0035 0000029d
2022-03-03 19:12:55.519551 True [   71647.063411] 0003 0035 000002a1
2022-03-03 19:12:55.533736 True [   71647.079560] 0003 0035 000002a1
2022-03-03 19:12:55.549810 True [   71647.096700] 0003 0035 000002a1
2022-03-03 19:12:55.569113 True [   71647.113502] 0003 0035 000002a1
2022-03-03 19:12:55.588023 True [   71647.133476] 0003 0035 000002a1
2022-03-03 19:12:55.601055 True [   71647.147435] 0003 0035 000002a3
2022-03-03 19:12:55.618447 True [   71647.164392] 0003 0035 000002a3
2022-03-03 19:12:55.634206 True [   71647.181136] 0003 0035 000002a3
2022-03-03 19:12:55.651964 True [   71647.198320] 0003 0035 000002a3
2022-03-03 19:12:55.669562 True [   71647.215412] 0003 0035 000002a3
2022-03-03 19:12:55.688387 True [   71647.235554] 0003 0035 000002a3
2022-03-03 19:12:55.701969 True [   71647.248775] 0003 0035 000002a3
2022-03-03 19:12:55.721648 True [   71647.265680] 0003 0035 000002a3
2022-03-03 19:12:55.736315 True [   71647.282627] 0003 0035 000002a1
2022-03-03 19:12:55.754971 True [   71647.299704] 0003 0035 0000029f
2022-03-03 19:12:55.771947 True [   71647.316675] 0003 0035 0000029c
2022-03-03 19:12:55.788948 False [   71647.333752] 0003 0035 0000029a
2022-03-03 19:12:55.805926 False [   71647.350323] 0003 0035 00000297
2022-03-03 19:12:55.822885 False [   71647.367217] 0003 0035 00000293
2022-03-03 19:12:55.839422 False [   71647.384220] 0003 0035 0000028e
2022-03-03 19:12:55.855226 False [   71647.401276] 0003 0035 0000028a
2022-03-03 19:12:55.875138 False [   71647.418042] 0003 0035 00000288
2022-03-03 19:12:55.890553 False [   71647.435162] 0003 0035 00000288
2022-03-03 19:12:55.905927 False [   71647.451872] 0003 0035 00000286
2022-03-03 19:12:55.921837 False [   71647.468773] 0003 0035 00000286
2022-03-03 19:12:55.940598 False [   71647.485694] 0003 0035 00000284
2022-03-03 19:12:55.957992 False [   71647.502672] 0003 0035 00000284
2022-03-03 19:12:55.973951 False [   71647.519960] 0003 0035 00000284
2022-03-03 19:12:55.992894 False [   71647.536758] 0003 0035 00000284
2022-03-03 19:12:56.007397 False [   71647.553401] 0003 0035 00000284
2022-03-03 19:12:56.023879 False [   71647.570300] 0003 0035 00000284
2022-03-03 19:12:56.041773 False [   71647.587375] 0003 0035 00000284
2022-03-03 19:12:56.058119 False [   71647.604272] 0003 0035 00000284
2022-03-03 19:12:56.075879 False [   71647.621410] 0003 0035 00000284
2022-03-03 19:12:56.092016 False [   71647.638074] 0003 0035 00000284
2022-03-03 19:12:56.108019 False [   71647.654926] 0003 0035 00000284
2022-03-03 19:12:56.125970 False [   71647.671817] 0003 0035 00000284
2022-03-03 19:12:56.141894 False [   71647.688825] 0003 0035 00000284
2022-03-03 19:12:56.158886 False [   71647.705743] 0003 0035 00000284
2022-03-03 19:12:56.177572 False [   71647.722720] 0003 0035 00000284
2022-03-03 19:12:56.193683 False [   71647.739677] 0003 0035 00000284
2022-03-03 19:12:56.209367 False [   71647.756489] 0003 0035 00000284
2022-03-03 19:12:56.226122 False [   71647.773406] 0003 0035 00000284
2022-03-03 19:12:56.243452 False [   71647.790292] 0003 0035 00000284
2022-03-03 19:12:56.261426 False [   71647.807373] 0003 0035 00000284
2022-03-03 19:12:56.279709 False [   71647.824633] 0003 0035 00000284
2022-03-03 19:12:56.299530 False [   71647.841481] 0003 0035 00000284
2022-03-03 19:12:56.312328 False [   71647.858313] 0003 0035 00000284
2022-03-03 19:12:56.329011 False [   71647.874917] 0003 0035 00000284
2022-03-03 19:12:56.346603 False [   71647.891925] 0003 0035 00000284
2022-03-03 19:12:56.362207 False [   71647.908759] 0003 0035 00000284
2022-03-03 19:12:56.381022 False [   71647.925953] 0003 0035 00000284
2022-03-03 19:12:56.397978 False [   71647.942628] 0003 0035 00000284
2022-03-03 19:12:56.414096 False [   71647.959502] 0003 0035 00000284
2022-03-03 19:12:56.430138 False [   71647.976408] 0003 0035 00000284
2022-03-03 19:12:56.448706 False [   71647.993635] 0003 0035 00000284
2022-03-03 19:12:56.464417 False [   71648.010324] 0003 0035 00000284
2022-03-03 19:12:56.481154 False [   71648.027528] 0003 0035 00000284
2022-03-03 19:12:56.499812 False [   71648.044270] 0003 0035 00000284
2022-03-03 19:12:56.515365 False [   71648.061057] 0003 0035 00000284
2022-03-03 19:12:56.532529 False [   71648.078013] 0003 0035 00000284
2022-03-03 19:12:56.550369 False [   71648.095056] 0003 0035 00000284
2022-03-03 19:12:56.566303 False [   71648.111918] 0003 0035 00000284
2022-03-03 19:12:56.585166 False [   71648.129315] 0003 0035 00000284
2022-03-03 19:12:56.601120 False [   71648.145739] 0003 0035 00000284
2022-03-03 19:12:56.617160 False [   71648.162555] 0003 0035 00000284
2022-03-03 19:12:56.634186 False [   71648.179474] 0003 0035 00000284
2022-03-03 19:12:56.654964 False [   71648.196480] 0003 0035 00000284
2022-03-03 19:12:56.667615 False [   71648.213688] 0003 0035 00000284
2022-03-03 19:12:56.684998 False [   71648.230662] 0003 0035 00000284
2022-03-03 19:12:56.701964 False [   71648.247168] 0003 0035 00000284
2022-03-03 19:12:56.720743 False [   71648.264173] 0003 0035 00000284
2022-03-03 19:12:56.734148 False [   71648.281056] 0003 0035 00000284
2022-03-03 19:12:56.754149 False [   71648.298924] 0003 0035 00000284
2022-03-03 19:12:56.771150 False [   71648.314987] 0003 0035 00000284
2022-03-03 19:12:56.791090 False [   71648.332518] 0003 0035 00000284
2022-03-03 19:12:56.806978 False [   71648.348837] 0003 0035 00000284
2022-03-03 19:12:56.821821 False [   71648.365652] 0003 0035 00000284
2022-03-03 19:12:56.837960 False [   71648.382565] 0003 0035 00000284
2022-03-03 19:12:56.854539 False [   71648.399481] 0003 0035 00000284
2022-03-03 19:12:56.870718 False [   71648.416538] 0003 0035 00000284
2022-03-03 19:12:56.889366 False [   71648.434596] 0003 0035 00000284
2022-03-03 19:12:56.906258 False [   71648.450263] 0003 0035 00000284
2022-03-03 19:12:56.922691 False [   71648.467185] 0003 0035 00000284
2022-03-03 19:12:56.938273 False [   71648.484159] 0003 0035 00000284
2022-03-03 19:12:56.956855 False [   71648.501061] 0003 0035 00000284
2022-03-03 19:12:56.972746 False [   71648.518504] 0003 0035 00000284
2022-03-03 19:12:56.990131 False [   71648.535483] 0003 0035 00000284
2022-03-03 19:12:57.005094 False [   71648.551812] 0003 0035 00000284
2022-03-03 19:12:57.022159 False [   71648.568719] 0003 0035 00000284
2022-03-03 19:12:57.040057 False [   71648.585645] 0003 0035 00000284
2022-03-03 19:12:57.056199 False [   71648.602524] 0003 0035 00000284
2022-03-03 19:12:57.072979 False [   71648.619525] 0003 0035 00000284
2022-03-03 19:12:57.090880 False [   71648.637296] 0003 0035 00000284
2022-03-03 19:12:57.108487 False [   71648.653376] 0003 0035 00000284
2022-03-03 19:12:57.123446 False [   71648.670308] 0003 0035 00000284
2022-03-03 19:12:57.140488 False [   71648.687182] 0003 0035 00000284
2022-03-03 19:12:57.158146 False [   71648.704492] 0003 0035 00000284
2022-03-03 19:12:57.177475 False [   71648.721451] 0003 0035 00000284
2022-03-03 19:12:57.192202 False [   71648.738415] 0003 0035 00000284
2022-03-03 19:12:57.210161 False [   71648.754857] 0003 0035 00000284
2022-03-03 19:12:57.225141 False [   71648.771788] 0003 0035 00000284
2022-03-03 19:12:57.243499 False [   71648.788734] 0003 0035 00000284
2022-03-03 19:12:57.258365 False [   71648.805643] 0003 0035 00000284
2022-03-03 19:12:57.278629 False [   71648.823029] 0003 0035 00000284
2022-03-03 19:12:57.296701 False [   71648.839581] 0003 0035 00000280
2022-03-03 19:12:57.310089 False [   71648.856491] 0003 0035 00000280
2022-03-03 19:12:57.328220 False [   71648.873604] 0003 0035 0000027c
2022-03-03 19:12:57.345530 False [   71648.890254] 0003 0035 0000027c
2022-03-03 19:12:57.362779 False [   71648.907411] 0003 0035 0000027c
2022-03-03 19:12:57.380031 False [   71648.924575] 0003 0035 00000278
2022-03-03 19:12:57.396478 False [   71648.941661] 0003 0035 00000278
2022-03-03 19:12:57.415435 False [   71648.958024] 0003 0035 00000274
2022-03-03 19:12:57.428902 False [   71648.974877] 0003 0035 00000274
2022-03-03 19:12:57.445663 False [   71648.991780] 0003 0035 00000270
2022-03-03 19:12:57.463343 False [   71649.008918] 0003 0035 00000270
2022-03-03 19:12:57.481572 False [   71649.026407] 0003 0035 0000026c
2022-03-03 19:12:57.496815 False [   71649.042631] 0003 0035 00000268
2022-03-03 19:12:57.514262 False [   71649.059477] 0003 0035 00000268
2022-03-03 19:12:57.530042 False [   71649.076455] 0003 0035 00000268
2022-03-03 19:12:57.548306 False [   71649.093383] 0003 0035 00000264
2022-03-03 19:12:57.563316 False [   71649.110417] 0003 0035 00000264
2022-03-03 19:12:57.583768 False [   71649.127675] 0003 0035 00000264
2022-03-03 19:12:57.599794 False [   71649.145522] 0003 0035 00000260
2022-03-03 19:12:57.616778 False [   71649.161058] 0003 0035 00000260
2022-03-03 19:12:57.634832 False [   71649.177942] 0003 0035 00000260
2022-03-03 19:12:57.649898 False [   71649.194830] 0003 0035 0000025c
2022-03-03 19:12:57.665204 False [   71649.211877] 0003 0035 0000025c
2022-03-03 19:12:57.687189 False [   71649.231386] 0003 0035 0000025c
2022-03-03 19:12:57.700804 False [   71649.245675] 0003 0035 0000025c
2022-03-03 19:12:57.717068 False [   71649.262522] 0003 0035 00000258
2022-03-03 19:12:57.733139 False [   71649.279435] 0003 0035 00000258
2022-03-03 19:12:57.751822 False [   71649.296373] 0003 0035 00000258
2022-03-03 19:12:57.768449 False [   71649.313865] 0003 0035 00000258
2022-03-03 19:12:57.785356 False [   71649.331286] 0003 0035 00000258
2022-03-03 19:12:57.802650 False [   71649.347144] 0003 0035 00000258
2022-03-03 19:12:57.817609 False [   71649.364187] 0003 0035 00000254
2022-03-03 19:12:57.835819 False [   71649.381037] 0003 0035 00000254
2022-03-03 19:12:57.851967 False [   71649.397967] 0003 0035 00000254
2022-03-03 19:12:57.870603 False [   71649.414991] 0003 0035 00000254
2022-03-03 19:12:57.887755 False [   71649.432787] 0003 0035 00000254
2022-03-03 19:12:57.905075 False [   71649.448660] 0003 0035 00000254
2022-03-03 19:12:57.920652 False [   71649.465631] 0003 0035 00000254
2022-03-03 19:12:57.937335 False [   71649.482517] 0003 0035 00000254
2022-03-03 19:12:57.955366 False [   71649.499479] 0003 0035 00000252
2022-03-03 19:12:57.971543 False [   71649.516668] 0003 0035 00000252
2022-03-03 19:12:57.992126 False [   71649.534234] 0003 0035 00000252
2022-03-03 19:12:58.018130 False [   71649.550717] 0003 0035 00000252
2022-03-03 19:12:58.022123 False [   71649.567210] 0003 0035 00000252
2022-03-03 19:12:58.038077 False [   71649.584179] 0003 0035 00000254
2022-03-03 19:12:58.054124 False [   71649.601119] 0003 0035 00000258
2022-03-03 19:12:58.073701 False [   71649.617990] 0003 0035 0000025f
2022-03-03 19:12:58.092100 False [   71649.635536] 0003 0035 00000269
2022-03-03 19:12:58.109743 False [   71649.651789] 0003 0035 00000275
2022-03-03 19:12:58.121877 True [   71649.668716] 0003 0035 00000281
2022-03-03 19:12:58.140370 True [   71649.685539] 0003 0035 0000028c
2022-03-03 19:12:58.158842 True [   71649.704867] 0003 0035 00000296
2022-03-03 19:12:58.174826 True [   71649.720538] 0003 0035 0000029f
2022-03-03 19:12:58.192574 True [   71649.736796] 0003 0035 000002a7
2022-03-03 19:12:58.206754 True [   71649.753320] 0003 0035 000002ad
2022-03-03 19:12:58.224001 True [   71649.770129] 0003 0035 000002b1
2022-03-03 19:12:58.241957 True [   71649.787070] 0003 0035 000002b1
2022-03-03 19:12:58.258086 True [   71649.804196] 0003 0035 000002b7
2022-03-03 19:12:58.276821 True [   71649.821073] 0003 0035 000002bf
2022-03-03 19:12:58.293656 True [   71649.838176] 0003 0035 000002c9
2022-03-03 19:12:58.308150 True [   71649.854818] 0003 0035 000002d2
2022-03-03 19:12:58.325841 True [   71649.871709] 0003 0035 000002da
2022-03-03 19:12:58.343113 True [   71649.888598] 0003 0035 000002e1
2022-03-03 19:12:58.360067 True [   71649.905534] 0003 0035 000002e6
2022-03-03 19:12:58.377200 True [   71649.922980] 0003 0035 000002e6
2022-03-03 19:12:58.396809 True [   71649.940398] 0003 0035 000002eb
2022-03-03 19:12:58.409600 False [   71649.956287] 0003 0035 000002ef
2022-03-03 19:12:58.428979 False [   71649.973258] 0003 0035 000002ef
2022-03-03 19:12:58.444944 False [   71649.990095] 0003 0035 000002ef
2022-03-03 19:12:58.460491 False [   71650.007031] 0003 0035 000002f2
2022-03-03 19:12:58.477591 False [   71650.024496] 0003 0035 000002f4
2022-03-03 19:12:58.495717 False [   71650.041769] 0003 0035 000002f4
2022-03-03 19:12:58.511858 False [   71650.057871] 0003 0035 000002f4
2022-03-03 19:12:58.531038 False [   71650.074827] 0003 0035 000002f4
2022-03-03 19:12:58.546650 False [   71650.091667] 0003 0035 000002f4
2022-03-03 19:12:58.563787 False [   71650.108720] 0003 0035 000002f4
2022-03-03 19:12:58.581580 False [   71650.126132] 0003 0035 000002f0
2022-03-03 19:12:58.599829 False [   71650.142661] 0003 0035 000002ea
2022-03-03 19:12:58.614337 False [   71650.159387] 0003 0035 000002e4
2022-03-03 19:12:58.630132 False [   71650.176924] 0003 0035 000002de
2022-03-03 19:12:58.647093 False [   71650.193269] 0003 0035 000002d8
2022-03-03 19:12:58.664101 False [   71650.210275] 0003 0035 000002d3
2022-03-03 19:12:58.700506 False [   71650.245078] 0003 0035 000002ce
2022-03-03 19:12:58.716488 False [   71650.260966] 0003 0035 000002c9
2022-03-03 19:12:58.731172 False [   71650.277849] 0003 0035 000002c5
2022-03-03 19:12:58.749698 False [   71650.294792] 0003 0035 000002c1
2022-03-03 19:12:58.765928 False [   71650.311839] 0003 0035 000002c1
2022-03-03 19:12:58.784065 False [   71650.329005] 0003 0035 000002bc
2022-03-03 19:12:58.800933 False [   71650.345624] 0003 0035 000002b7
2022-03-03 19:12:58.816435 False [   71650.362537] 0003 0035 000002b2
2022-03-03 19:12:58.834184 False [   71650.379412] 0003 0035 000002ae
2022-03-03 19:12:58.853161 False [   71650.396389] 0003 0035 000002aa
2022-03-03 19:12:58.867988 False [   71650.413861] 0003 0035 000002a4
2022-03-03 19:12:58.886888 False [   71650.430737] 0003 0035 0000029d
2022-03-03 19:12:58.905596 False [   71650.447250] 0003 0035 00000296
2022-03-03 19:12:58.917735 False [   71650.464084] 0003 0035 0000028f
2022-03-03 19:12:58.936200 False [   71650.480948] 0003 0035 00000288
2022-03-03 19:12:58.952476 False [   71650.497913] 0003 0035 00000283
2022-03-03 19:12:58.969716 False [   71650.514897] 0003 0035 0000027e
2022-03-03 19:12:58.987225 False [   71650.532328] 0003 0035 0000027a
2022-03-03 19:12:59.005220 False [   71650.549317] 0003 0035 0000027a
2022-03-03 19:12:59.020751 False [   71650.565870] 0003 0035 0000027a
2022-03-03 19:12:59.038032 False [   71650.582911] 0003 0035 0000027a
2022-03-03 19:12:59.054986 False [   71650.599443] 0003 0035 0000027a
2022-03-03 19:12:59.071598 False [   71650.616597] 0003 0035 0000027a
2022-03-03 19:12:59.089208 False [   71650.633771] 0003 0035 0000027a
2022-03-03 19:12:59.104028 False [   71650.650184] 0003 0035 0000027a
2022-03-03 19:12:59.121760 False [   71650.667141] 0003 0035 0000027a
2022-03-03 19:12:59.137324 False [   71650.684119] 0003 0035 0000027a
2022-03-03 19:12:59.154645 False [   71650.701011] 0003 0035 0000027a
2022-03-03 19:12:59.171328 False [   71650.717878] 0003 0035 0000027a
2022-03-03 19:12:59.190276 False [   71650.735283] 0003 0035 0000027a
2022-03-03 19:12:59.716837 False [   71651.260102] 0003 0035 00000203
2022-03-03 19:12:59.731902 True [   71651.277155] 0003 0035 00000203
2022-03-03 19:12:59.748025 True [   71651.293361] 0003 0035 00000203
2022-03-03 19:12:59.764374 True [   71651.310241] 0003 0035 00000203
2022-03-03 19:12:59.783327 True [   71651.327931] 0003 0035 00000203
2022-03-03 19:12:59.801304 True [   71651.344943] 0003 0035 00000201
2022-03-03 19:12:59.816238 True [   71651.361444] 0003 0035 000001fe
2022-03-03 19:12:59.832152 True [   71651.377931] 0003 0035 000001f6
2022-03-03 19:12:59.850471 True [   71651.394976] 0003 0035 000001e9
2022-03-03 19:12:59.865195 True [   71651.411834] 0003 0035 000001d9
2022-03-03 19:12:59.883166 False [   71651.428876] 0003 0035 000001cb
2022-03-03 19:12:59.900895 False [   71651.445609] 0003 0035 000001c0
2022-03-03 19:12:59.916863 False [   71651.463348] 0003 0035 000001b8
2022-03-03 19:12:59.934184 False [   71651.480217] 0003 0035 000001b2
2022-03-03 19:12:59.950841 False [   71651.496405] 0003 0035 000001ae
2022-03-03 19:12:59.967093 False [   71651.514050] 0003 0035 000001ab
2022-03-03 19:12:59.984147 False [   71651.530185] 0003 0035 000001ab
2022-03-03 19:13:00.000864 False [   71651.546990] 0003 0035 000001ab
2022-03-03 19:13:00.730569 False [   71652.275319] 0003 0035 000003c5
2022-03-03 19:13:00.746447 False [   71652.292396] 0003 0035 000003c5
2022-03-03 19:13:00.761714 False [   71652.308645] 0003 0035 000003c5
2022-03-03 19:13:00.779567 False [   71652.326092] 0003 0035 000003c5
2022-03-03 19:13:00.798803 False [   71652.342589] 0003 0035 000003c5
2022-03-03 19:13:00.815395 False [   71652.359384] 0003 0035 000003c5
2022-03-03 19:13:00.830753 False [   71652.376306] 0003 0035 000003bf
2022-03-03 19:13:00.849529 False [   71652.393254] 0003 0035 000003b5
2022-03-03 19:13:00.865458 False [   71652.410228] 0003 0035 000003a8
2022-03-03 19:13:00.881785 False [   71652.427324] 0003 0035 0000039a
2022-03-03 19:13:00.897999 False [   71652.444179] 0003 0035 0000038e
2022-03-03 19:13:00.915341 False [   71652.461701] 0003 0035 00000383
2022-03-03 19:13:00.932288 False [   71652.477893] 0003 0035 00000379
2022-03-03 19:13:00.950031 False [   71652.494863] 0003 0035 00000370
2022-03-03 19:13:00.965439 False [   71652.511712] 0003 0035 00000367
2022-03-03 19:13:00.985124 False [   71652.528961] 0003 0035 0000035d
2022-03-03 19:13:01.002442 False [   71652.546067] 0003 0035 00000351
2022-03-03 19:13:01.016455 False [   71652.562534] 0003 0035 00000346
2022-03-03 19:13:01.035171 False [   71652.579589] 0003 0035 0000033c
2022-03-03 19:13:01.052612 False [   71652.596580] 0003 0035 00000334
2022-03-03 19:13:01.067567 False [   71652.613426] 0003 0035 0000032d
2022-03-03 19:13:01.086267 False [   71652.630926] 0003 0035 00000328
2022-03-03 19:13:01.104987 False [   71652.647349] 0003 0035 00000328
2022-03-03 19:13:01.119202 False [   71652.664002] 0003 0035 00000328
2022-03-03 19:13:01.137157 False [   71652.680940] 0003 0035 00000328
2022-03-03 19:13:01.153337 False [   71652.697858] 0003 0035 00000328
2022-03-03 19:13:01.559153 False [   71653.104168] 0003 0035 000003ae
2022-03-03 19:13:01.576982 False [   71653.120965] 0003 0035 000003ae
2022-03-03 19:13:01.591539 False [   71653.138579] 0003 0035 000003ae
2022-03-03 19:13:01.611848 False [   71653.155540] 0003 0035 000003ae
2022-03-03 19:13:01.624832 False [   71653.171685] 0003 0035 000003a9
2022-03-03 19:13:01.641732 False [   71653.188607] 0003 0035 000003a1
2022-03-03 19:13:01.660035 False [   71653.205702] 0003 0035 00000398
2022-03-03 19:13:01.676949 False [   71653.222858] 0003 0035 0000038e
2022-03-03 19:13:01.693621 False [   71653.239544] 0003 0035 00000385
2022-03-03 19:13:01.709943 False [   71653.256261] 0003 0035 0000037c
2022-03-03 19:13:01.728867 False [   71653.273252] 0003 0035 00000372
2022-03-03 19:13:01.743576 False [   71653.290081] 0003 0035 00000367
2022-03-03 19:13:01.761536 False [   71653.307148] 0003 0035 0000035a
2022-03-03 19:13:01.778606 False [   71653.324150] 0003 0035 0000034b
2022-03-03 19:13:01.799129 False [   71653.342088] 0003 0035 0000033e
2022-03-03 19:13:01.812861 False [   71653.357830] 0003 0035 00000333
2022-03-03 19:13:01.828996 False [   71653.374789] 0003 0035 00000329
2022-03-03 19:13:01.846542 False [   71653.391705] 0003 0035 00000321
2022-03-03 19:13:01.862446 False [   71653.408643] 0003 0035 00000319
2022-03-03 19:13:01.879989 False [   71653.425694] 0003 0035 00000312
2022-03-03 19:13:01.898706 False [   71653.442867] 0003 0035 0000030d
2022-03-03 19:13:01.914932 False [   71653.459403] 0003 0035 0000030a
2022-03-03 19:13:01.929985 False [   71653.476152] 0003 0035 0000030a
2022-03-03 19:13:02.168509 False [   71653.713262] 0003 0035 000003c3
2022-03-03 19:13:02.186236 True [   71653.730613] 0003 0035 000003c3
2022-03-03 19:13:02.201635 True [   71653.747049] 0003 0035 000003c3
2022-03-03 19:13:02.218830 True [   71653.763994] 0003 0035 000003c3
2022-03-03 19:13:02.237060 True [   71653.780936] 0003 0035 000003c3
2022-03-03 19:13:02.253623 True [   71653.798134] 0003 0035 000003c3
2022-03-03 19:13:02.270650 True [   71653.814804] 0003 0035 000003c3
2022-03-03 19:13:02.287388 True [   71653.832290] 0003 0035 000003bd
2022-03-03 19:13:02.304002 True [   71653.848693] 0003 0035 000003b1
2022-03-03 19:13:02.319553 True [   71653.865580] 0003 0035 000003a0
2022-03-03 19:13:02.335631 True [   71653.882403] 0003 0035 0000038f
2022-03-03 19:13:02.353688 False [   71653.899405] 0003 0035 0000037f
2022-03-03 19:13:02.370643 False [   71653.916419] 0003 0035 0000036d
2022-03-03 19:13:02.388594 False [   71653.933677] 0003 0035 00000358
2022-03-03 19:13:02.405147 False [   71653.950382] 0003 0035 00000343
2022-03-03 19:13:02.420788 False [   71653.967066] 0003 0035 00000331
2022-03-03 19:13:02.437693 False [   71653.983990] 0003 0035 00000321
2022-03-03 19:13:02.454370 False [   71654.000977] 0003 0035 00000316
2022-03-03 19:13:02.473202 False [   71654.018128] 0003 0035 0000030f
2022-03-03 19:13:02.492482 False [   71654.037737] 0003 0035 0000030b
2022-03-03 19:13:02.506881 False [   71654.051754] 0003 0035 00000308
2022-03-03 19:13:02.521728 False [   71654.068637] 0003 0035 00000308
2022-03-03 19:13:02.540133 False [   71654.085427] 0003 0035 00000308
2022-03-03 19:13:03.183208 False [   71654.729425] 0003 0035 000003cd
2022-03-03 19:13:03.199800 True [   71654.745701] 0003 0035 000003cd
2022-03-03 19:13:03.216661 True [   71654.762523] 0003 0035 000003cd
2022-03-03 19:13:03.232646 True [   71654.779388] 0003 0035 000003cd
2022-03-03 19:13:03.251590 True [   71654.796534] 0003 0035 000003cd
2022-03-03 19:13:03.266339 True [   71654.813359] 0003 0035 000003cd
2022-03-03 19:13:03.284473 True [   71654.831432] 0003 0035 000003cd
2022-03-03 19:13:03.302244 True [   71654.847784] 0003 0035 000003c8
2022-03-03 19:13:03.318470 True [   71654.864420] 0003 0035 000003be
2022-03-03 19:13:03.335329 True [   71654.881775] 0003 0035 000003b0
2022-03-03 19:13:03.351995 True [   71654.898048] 0003 0035 000003a0
2022-03-03 19:13:03.370575 True [   71654.914994] 0003 0035 00000392
2022-03-03 19:13:03.385804 True [   71654.932551] 0003 0035 00000386
2022-03-03 19:13:03.403263 True [   71654.948895] 0003 0035 0000037c
2022-03-03 19:13:03.420763 True [   71654.965561] 0003 0035 00000374
2022-03-03 19:13:03.438814 True [   71654.982461] 0003 0035 0000036d
2022-03-03 19:13:03.453998 True [   71654.999418] 0003 0035 00000367
2022-03-03 19:13:03.470233 True [   71655.016429] 0003 0035 00000363
2022-03-03 19:13:03.488345 True [   71655.033673] 0003 0035 0000035f
2022-03-03 19:13:03.505660 True [   71655.050176] 0003 0035 0000035f
2022-03-03 19:13:03.522594 True [   71655.067055] 0003 0035 0000035f
2022-03-03 19:13:03.537818 True [   71655.083993] 0003 0035 0000035f
2022-03-03 19:13:03.556974 True [   71655.101034] 0003 0035 0000035f
2022-03-03 19:13:03.572901 True [   71655.118154] 0003 0035 0000035f
2022-03-03 19:13:03.589386 True [   71655.135104] 0003 0035 0000035f
2022-03-03 19:13:03.607163 True [   71655.151756] 0003 0035 0000035f
2022-03-03 19:13:03.624773 True [   71655.168610] 0003 0035 0000035f
2022-03-03 19:13:04.506522 True [   71656.049424] 0003 0035 00000254
2022-03-03 19:13:04.521689 True [   71656.065911] 0003 0035 00000254
2022-03-03 19:13:04.536608 True [   71656.082544] 0003 0035 00000254
2022-03-03 19:13:04.552733 True [   71656.099501] 0003 0035 00000254
2022-03-03 19:13:04.570669 True [   71656.116438] 0003 0035 00000259
2022-03-03 19:13:04.589226 True [   71656.133845] 0003 0035 00000266
2022-03-03 19:13:04.604716 True [   71656.150515] 0003 0035 0000027a
2022-03-03 19:13:04.620661 True [   71656.167106] 0003 0035 00000294
2022-03-03 19:13:04.638340 True [   71656.184131] 0003 0035 000002b2
2022-03-03 19:13:04.655786 True [   71656.200982] 0003 0035 000002d1
2022-03-03 19:13:04.672685 True [   71656.217873] 0003 0035 000002f0
2022-03-03 19:13:04.689489 True [   71656.235103] 0003 0035 00000310
2022-03-03 19:13:04.707917 True [   71656.251717] 0003 0035 0000032d
2022-03-03 19:13:04.721917 True [   71656.268636] 0003 0035 0000034b
2022-03-03 19:13:04.739609 True [   71656.285539] 0003 0035 0000036a
2022-03-03 19:13:04.756176 True [   71656.302428] 0003 0035 00000386
2022-03-03 19:13:04.772831 True [   71656.319184] 0003 0035 0000039c
