Mode = area stim
    verts = 4 
    radius = 550 
    center = (600, 960) 
    first_angle = 1.7653129007762625 
    wm_size = [1200 1920] 
    stim_amp = 3 
    baseline_stim = 3
    current_stim_group = 0
    sense_zone = 0
    ===============================
2022-03-16 15:12:56.426100 False [   18553.517403] 0003 0036 0000029e
2022-03-16 15:12:56.442544 False [   18553.533862] 0003 0035 0000046f
2022-03-16 15:12:56.442544 False [   18553.533862] 0003 0036 0000029e
2022-03-16 15:12:56.458477 False [   18553.550278] 0003 0035 0000046f
2022-03-16 15:12:56.458477 False [   18553.550278] 0003 0036 0000029e
2022-03-16 15:12:56.475427 False [   18553.566680] 0003 0035 0000046f
2022-03-16 15:12:56.475427 False [   18553.566680] 0003 0036 0000029e
2022-03-16 15:12:56.492404 False [   18553.583299] 0003 0035 0000046f
2022-03-16 15:12:56.492404 False [   18553.583299] 0003 0036 0000029e
2022-03-16 15:12:56.509797 False [   18553.600835] 0003 0035 0000046f
2022-03-16 15:12:56.509797 False [   18553.600835] 0003 0036 0000029e
2022-03-16 15:12:56.526750 False [   18553.617546] 0003 0035 0000046f
2022-03-16 15:12:56.526750 False [   18553.617546] 0003 0036 0000029e
2022-03-16 15:12:56.543709 False [   18553.634321] 0003 0035 0000046f
2022-03-16 15:12:56.543709 False [   18553.634321] 0003 0036 0000029e
2022-03-16 15:12:56.560674 False [   18553.650844] 0003 0035 0000046f
2022-03-16 15:12:56.560674 False [   18553.650844] 0003 0036 0000029e
2022-03-16 15:12:56.576674 False [   18553.668571] 0003 0035 0000046f
2022-03-16 15:12:56.576674 False [   18553.668571] 0003 0036 0000029e
2022-03-16 15:12:56.594569 False [   18553.685467] 0003 0035 0000046f
2022-03-16 15:12:56.594569 False [   18553.685467] 0003 0036 0000029e
2022-03-16 15:12:56.611667 False [   18553.702832] 0003 0035 0000046f
2022-03-16 15:12:56.611667 False [   18553.702832] 0003 0036 0000029e
2022-03-16 15:12:56.628871 False [   18553.719316] 0003 0035 0000046f
2022-03-16 15:12:56.628871 False [   18553.719316] 0003 0036 0000029e
2022-03-16 15:12:56.644865 False [   18553.736000] 0003 0035 0000046f
2022-03-16 15:12:56.644865 False [   18553.736000] 0003 0036 0000029e
2022-03-16 15:12:57.084664 False [   18554.176581] 0003 0035 0000041f
2022-03-16 15:12:57.085711 False [   18554.176581] 0003 0036 00000280
2022-03-16 15:12:57.101991 False [   18554.193484] 0003 0035 0000041f
2022-03-16 15:12:57.101991 False [   18554.193484] 0003 0036 00000280
2022-03-16 15:12:57.120006 False [   18554.210821] 0003 0035 0000041f
2022-03-16 15:12:57.120006 False [   18554.210821] 0003 0036 00000280
2022-03-16 15:12:57.136151 False [   18554.227374] 0003 0035 0000041f
2022-03-16 15:12:57.136151 False [   18554.227374] 0003 0036 00000280
2022-03-16 15:12:57.152893 False [   18554.244410] 0003 0035 0000041f
2022-03-16 15:12:57.152893 False [   18554.244410] 0003 0036 00000280
2022-03-16 15:12:57.170117 False [   18554.261035] 0003 0035 0000041f
2022-03-16 15:12:57.170117 False [   18554.261035] 0003 0036 00000280
2022-03-16 15:12:57.185853 False [   18554.278284] 0003 0035 0000041f
2022-03-16 15:12:57.186883 False [   18554.278284] 0003 0036 00000280
2022-03-16 15:12:57.202146 False [   18554.294683] 0003 0035 0000041f
2022-03-16 15:12:57.203096 False [   18554.294683] 0003 0036 00000280
2022-03-16 15:12:57.220056 False [   18554.311701] 0003 0035 0000041f
2022-03-16 15:12:57.221059 False [   18554.311701] 0003 0036 00000280
2022-03-16 15:12:57.236043 False [   18554.328392] 0003 0035 0000041f
2022-03-16 15:12:57.236043 False [   18554.328392] 0003 0036 00000280
2022-03-16 15:12:57.254720 False [   18554.346435] 0003 0035 0000041f
2022-03-16 15:12:57.254720 False [   18554.346435] 0003 0036 00000280
2022-03-16 15:12:57.269918 False [   18554.362480] 0003 0035 0000041f
2022-03-16 15:12:57.269918 False [   18554.362480] 0003 0036 00000280
2022-03-16 15:12:57.287363 False [   18554.379268] 0003 0035 0000041f
2022-03-16 15:12:57.287363 False [   18554.379268] 0003 0036 00000280
2022-03-16 15:12:57.305352 False [   18554.396802] 0003 0035 0000041f
2022-03-16 15:12:57.305352 False [   18554.396802] 0003 0036 00000280
2022-03-16 15:12:57.321710 False [   18554.413039] 0003 0035 0000041f
2022-03-16 15:12:57.321710 False [   18554.413039] 0003 0036 00000280
2022-03-16 15:12:57.340709 False [   18554.430759] 0003 0035 0000041f
2022-03-16 15:12:57.340709 False [   18554.430759] 0003 0036 00000280
2022-03-16 15:12:57.355942 False [   18554.447457] 0003 0035 0000041f
2022-03-16 15:12:57.355942 False [   18554.447457] 0003 0036 00000280
2022-03-16 15:12:57.371874 False [   18554.464656] 0003 0035 00000418
2022-03-16 15:12:57.371874 False [   18554.464656] 0003 0036 0000027e
2022-03-16 15:12:57.389082 False [   18554.481216] 0003 0035 00000410
2022-03-16 15:12:57.389082 False [   18554.481216] 0003 0036 0000027c
2022-03-16 15:12:57.406014 False [   18554.498151] 0003 0035 00000407
2022-03-16 15:12:57.406014 False [   18554.498151] 0003 0036 0000027a
2022-03-16 15:12:57.423897 False [   18554.514630] 0003 0035 000003ff
2022-03-16 15:12:57.423897 False [   18554.514630] 0003 0036 00000278
2022-03-16 15:12:57.441036 False [   18554.531447] 0003 0035 000003f6
2022-03-16 15:12:57.441036 False [   18554.531447] 0003 0036 00000276
2022-03-16 15:12:57.457369 False [   18554.549022] 0003 0035 000003ee
2022-03-16 15:12:57.457369 False [   18554.549022] 0003 0036 00000274
2022-03-16 15:12:57.474345 False [   18554.565605] 0003 0035 000003e7
2022-03-16 15:12:57.474345 False [   18554.565605] 0003 0036 00000272
2022-03-16 15:12:57.490237 False [   18554.582586] 0003 0035 000003e2
2022-03-16 15:12:57.490237 False [   18554.582586] 0003 0036 00000270
2022-03-16 15:12:57.509135 False [   18554.599340] 0003 0035 000003de
2022-03-16 15:12:57.509135 False [   18554.599340] 0003 0036 0000026e
2022-03-16 15:12:57.525091 False [   18554.616620] 0003 0035 000003da
2022-03-16 15:12:57.525091 False [   18554.616620] 0003 0036 0000026c
2022-03-16 15:12:57.542046 False [   18554.633944] 0003 0035 000003d6
2022-03-16 15:12:57.542046 False [   18554.633944] 0003 0036 0000026a
2022-03-16 15:12:57.558206 False [   18554.649995] 0003 0035 000003d6
2022-03-16 15:12:57.558206 False [   18554.649995] 0003 0036 0000026a
2022-03-16 15:12:57.576148 False [   18554.666987] 0003 0035 000003d1
2022-03-16 15:12:57.576148 False [   18554.666987] 0003 0036 00000267
2022-03-16 15:12:57.593485 False [   18554.684063] 0003 0035 000003cd
2022-03-16 15:12:57.593485 False [   18554.684063] 0003 0036 00000265
2022-03-16 15:12:57.610433 False [   18554.701054] 0003 0035 000003cd
2022-03-16 15:12:57.610433 False [   18554.701054] 0003 0036 00000265
2022-03-16 15:12:57.627908 False [   18554.718205] 0003 0035 000003c8
2022-03-16 15:12:57.627908 False [   18554.718205] 0003 0036 00000262
2022-03-16 15:12:57.643183 False [   18554.734659] 0003 0035 000003c4
2022-03-16 15:12:57.643183 False [   18554.734659] 0003 0036 0000025f
2022-03-16 15:12:57.660112 False [   18554.751635] 0003 0035 000003c0
2022-03-16 15:12:57.660112 False [   18554.751635] 0003 0036 0000025d
2022-03-16 15:12:57.677110 False [   18554.769323] 0003 0035 000003ba
2022-03-16 15:12:57.677110 False [   18554.769323] 0003 0036 0000025b
2022-03-16 15:12:57.694931 False [   18554.786303] 0003 0035 000003b2
2022-03-16 15:12:57.694931 False [   18554.786303] 0003 0036 00000259
2022-03-16 15:12:57.712082 False [   18554.802842] 0003 0035 000003a9
2022-03-16 15:12:57.712082 False [   18554.802842] 0003 0036 00000257
2022-03-16 15:12:57.726698 False [   18554.819450] 0003 0035 000003a0
2022-03-16 15:12:57.726698 False [   18554.819450] 0003 0036 00000254
2022-03-16 15:12:57.744622 False [   18554.836568] 0003 0035 00000398
2022-03-16 15:12:57.744622 False [   18554.836568] 0003 0036 00000252
2022-03-16 15:12:57.762502 False [   18554.853473] 0003 0035 00000390
2022-03-16 15:12:57.762502 False [   18554.853473] 0003 0036 00000250
2022-03-16 15:12:57.779318 False [   18554.870963] 0003 0035 00000389
2022-03-16 15:12:57.779318 False [   18554.870963] 0003 0036 0000024d
2022-03-16 15:12:57.796296 False [   18554.887926] 0003 0035 00000384
2022-03-16 15:12:57.796296 False [   18554.887926] 0003 0036 0000024b
2022-03-16 15:12:57.814156 False [   18554.905374] 0003 0035 00000380
2022-03-16 15:12:57.814156 False [   18554.905374] 0003 0036 00000249
2022-03-16 15:12:57.830165 False [   18554.921661] 0003 0035 0000037c
2022-03-16 15:12:57.830165 False [   18554.921661] 0003 0036 00000247
2022-03-16 15:12:57.846941 False [   18554.938698] 0003 0035 0000037c
2022-03-16 15:12:57.846941 False [   18554.938698] 0003 0036 00000247
2022-03-16 15:12:57.864957 False [   18554.955640] 0003 0035 00000377
2022-03-16 15:12:57.864957 False [   18554.955640] 0003 0036 00000245
2022-03-16 15:12:57.880923 False [   18554.972580] 0003 0035 00000377
2022-03-16 15:12:57.880923 False [   18554.972580] 0003 0036 00000245
2022-03-16 15:12:57.898173 False [   18554.989519] 0003 0035 00000377
2022-03-16 15:12:57.898173 False [   18554.989519] 0003 0036 00000245
2022-03-16 15:12:57.915349 False [   18555.006157] 0003 0035 00000373
2022-03-16 15:12:57.915349 False [   18555.006157] 0003 0036 00000243
2022-03-16 15:12:57.932157 False [   18555.023243] 0003 0035 00000373
2022-03-16 15:12:57.932157 False [   18555.023243] 0003 0036 00000243
2022-03-16 15:12:57.948114 False [   18555.040279] 0003 0035 00000373
2022-03-16 15:12:57.948114 False [   18555.040279] 0003 0036 00000243
2022-03-16 15:12:57.965675 False [   18555.057261] 0003 0035 0000036f
2022-03-16 15:12:57.965675 False [   18555.057261] 0003 0036 00000241
2022-03-16 15:12:57.983305 False [   18555.074874] 0003 0035 0000036f
2022-03-16 15:12:57.983305 False [   18555.074874] 0003 0036 00000241
2022-03-16 15:12:57.999192 False [   18555.090682] 0003 0035 0000036f
2022-03-16 15:12:57.999192 False [   18555.090682] 0003 0036 00000241
2022-03-16 15:12:58.016057 False [   18555.107460] 0003 0035 0000036a
2022-03-16 15:12:58.016057 False [   18555.107460] 0003 0036 0000023d
2022-03-16 15:12:58.036575 False [   18555.124896] 0003 0035 0000036a
2022-03-16 15:12:58.036575 False [   18555.124896] 0003 0036 0000023d
2022-03-16 15:12:58.051122 False [   18555.141674] 0003 0035 00000365
2022-03-16 15:12:58.051122 False [   18555.141674] 0003 0036 00000239
2022-03-16 15:12:58.067755 False [   18555.158663] 0003 0035 00000361
2022-03-16 15:12:58.067755 False [   18555.158663] 0003 0036 00000236
2022-03-16 15:12:58.084189 False [   18555.175227] 0003 0035 00000361
2022-03-16 15:12:58.084189 False [   18555.175227] 0003 0036 00000236
2022-03-16 15:12:58.100071 False [   18555.192702] 0003 0035 0000035c
2022-03-16 15:12:58.101083 False [   18555.192702] 0003 0036 00000232
2022-03-16 15:12:58.117687 False [   18555.209524] 0003 0035 00000357
2022-03-16 15:12:58.117687 False [   18555.209524] 0003 0036 0000022e
2022-03-16 15:12:58.136733 False [   18555.226732] 0003 0035 00000351
2022-03-16 15:12:58.137714 False [   18555.226732] 0003 0036 0000022b
2022-03-16 15:12:58.151819 False [   18555.243546] 0003 0035 0000034a
2022-03-16 15:12:58.151819 False [   18555.243546] 0003 0036 00000228
2022-03-16 15:12:58.168966 False [   18555.259761] 0003 0035 00000343
2022-03-16 15:12:58.168966 False [   18555.259761] 0003 0036 00000225
2022-03-16 15:12:58.185977 False [   18555.276884] 0003 0035 0000033d
2022-03-16 15:12:58.185977 False [   18555.276884] 0003 0036 00000223
2022-03-16 15:12:58.203158 False [   18555.294121] 0003 0035 00000337
2022-03-16 15:12:58.203158 True [   18555.294121] 0003 0036 00000220
2022-03-16 15:12:58.218839 True [   18555.310914] 0003 0035 00000332
2022-03-16 15:12:58.219872 True [   18555.310914] 0003 0036 0000021e
2022-03-16 15:12:58.237995 True [   18555.328461] 0003 0035 0000032d
2022-03-16 15:12:58.237995 True [   18555.328461] 0003 0036 0000021c
2022-03-16 15:12:58.254680 True [   18555.345391] 0003 0035 00000329
2022-03-16 15:12:58.254680 True [   18555.345391] 0003 0036 0000021a
2022-03-16 15:12:58.270943 True [   18555.362071] 0003 0035 00000329
2022-03-16 15:12:58.270943 True [   18555.362071] 0003 0036 0000021a
2022-03-16 15:12:58.287554 True [   18555.378841] 0003 0035 00000325
2022-03-16 15:12:58.287554 True [   18555.378841] 0003 0036 00000217
2022-03-16 15:12:58.303332 True [   18555.395517] 0003 0035 00000325
2022-03-16 15:12:58.303332 True [   18555.395517] 0003 0036 00000217
2022-03-16 15:12:58.320555 True [   18555.412533] 0003 0035 00000320
2022-03-16 15:12:58.321553 True [   18555.412533] 0003 0036 00000212
2022-03-16 15:12:58.338520 True [   18555.429794] 0003 0035 00000320
2022-03-16 15:12:58.338520 True [   18555.429794] 0003 0036 00000212
2022-03-16 15:12:58.355053 True [   18555.446076] 0003 0035 0000031c
2022-03-16 15:12:58.356041 True [   18555.446076] 0003 0036 0000020e
2022-03-16 15:12:58.371993 True [   18555.463371] 0003 0035 0000031c
2022-03-16 15:12:58.371993 True [   18555.463371] 0003 0036 0000020e
2022-03-16 15:12:58.389943 True [   18555.480461] 0003 0035 00000318
2022-03-16 15:12:58.389943 True [   18555.480461] 0003 0036 0000020a
2022-03-16 15:12:58.405909 True [   18555.497471] 0003 0035 00000318
2022-03-16 15:12:58.405909 True [   18555.497471] 0003 0036 0000020a
2022-03-16 15:12:58.422852 True [   18555.514445] 0003 0035 00000316
2022-03-16 15:12:58.422852 True [   18555.514445] 0003 0036 00000206
2022-03-16 15:12:58.439821 True [   18555.531040] 0003 0035 00000316
2022-03-16 15:12:58.439821 True [   18555.531040] 0003 0036 00000206
2022-03-16 15:12:58.456332 True [   18555.547740] 0003 0035 00000316
2022-03-16 15:12:58.457330 True [   18555.547740] 0003 0036 00000206
2022-03-16 15:12:58.473371 True [   18555.564830] 0003 0035 00000313
2022-03-16 15:12:58.473371 True [   18555.564830] 0003 0036 00000202
2022-03-16 15:12:58.490599 True [   18555.581772] 0003 0035 00000313
2022-03-16 15:12:58.491633 True [   18555.581772] 0003 0036 00000202
2022-03-16 15:12:58.507112 True [   18555.598897] 0003 0035 00000311
2022-03-16 15:12:58.507112 True [   18555.598897] 0003 0036 000001fe
2022-03-16 15:12:58.525064 True [   18555.616119] 0003 0035 00000311
2022-03-16 15:12:58.525064 True [   18555.616119] 0003 0036 000001fe
2022-03-16 15:12:58.543017 True [   18555.632767] 0003 0035 00000311
2022-03-16 15:12:58.543017 True [   18555.632767] 0003 0036 000001fe
2022-03-16 15:12:58.557002 True [   18555.649597] 0003 0035 00000311
2022-03-16 15:12:58.557002 True [   18555.649597] 0003 0036 000001fe
2022-03-16 15:12:58.575952 True [   18555.666572] 0003 0035 00000311
2022-03-16 15:12:58.575952 True [   18555.666572] 0003 0036 000001fe
2022-03-16 15:12:58.592844 True [   18555.683682] 0003 0035 00000311
2022-03-16 15:12:58.592844 True [   18555.683682] 0003 0036 000001fe
2022-03-16 15:12:58.608455 True [   18555.700961] 0003 0035 00000311
2022-03-16 15:12:58.609439 True [   18555.700961] 0003 0036 000001fe
2022-03-16 15:12:58.627407 True [   18555.718172] 0003 0035 00000311
2022-03-16 15:12:58.627407 True [   18555.718172] 0003 0036 000001fe
2022-03-16 15:12:58.644387 True [   18555.734938] 0003 0035 00000311
2022-03-16 15:12:58.644387 True [   18555.734938] 0003 0036 000001fe
2022-03-16 15:12:58.660639 True [   18555.752044] 0003 0035 00000311
2022-03-16 15:12:58.660639 True [   18555.752044] 0003 0036 000001fe
2022-03-16 15:12:58.676593 True [   18555.768405] 0003 0035 00000311
2022-03-16 15:12:58.676593 True [   18555.768405] 0003 0036 000001fe
2022-03-16 15:12:58.693597 True [   18555.785344] 0003 0035 00000311
2022-03-16 15:12:58.694597 True [   18555.785344] 0003 0036 000001fe
2022-03-16 15:12:58.711096 True [   18555.801959] 0003 0035 00000311
2022-03-16 15:12:58.711096 True [   18555.801959] 0003 0036 000001fe
2022-03-16 15:12:58.728834 True [   18555.819690] 0003 0035 00000311
2022-03-16 15:12:58.728834 True [   18555.819690] 0003 0036 000001fe
2022-03-16 15:12:58.745101 True [   18555.836100] 0003 0035 00000311
2022-03-16 15:12:58.745101 True [   18555.836100] 0003 0036 000001fe
2022-03-16 15:12:58.761149 True [   18555.853097] 0003 0035 00000311
2022-03-16 15:12:58.761149 True [   18555.853097] 0003 0036 000001fe
2022-03-16 15:12:58.777201 True [   18555.869590] 0003 0035 00000311
2022-03-16 15:12:58.778199 True [   18555.869590] 0003 0036 000001fe
2022-03-16 15:12:58.796286 True [   18555.886890] 0003 0035 00000311
2022-03-16 15:12:58.796286 True [   18555.886890] 0003 0036 000001fe
2022-03-16 15:12:58.811455 True [   18555.903763] 0003 0035 00000311
2022-03-16 15:12:58.811455 True [   18555.903763] 0003 0036 000001fe
2022-03-16 15:12:58.829395 True [   18555.920983] 0003 0035 00000311
2022-03-16 15:12:58.829395 True [   18555.920983] 0003 0036 000001fe
2022-03-16 15:12:58.845341 True [   18555.937613] 0003 0035 00000311
2022-03-16 15:12:58.845341 True [   18555.937613] 0003 0036 000001fe
2022-03-16 15:12:58.864316 True [   18555.955177] 0003 0035 00000311
2022-03-16 15:12:58.864316 True [   18555.955177] 0003 0036 000001fe
2022-03-16 15:12:58.864316 True [   18555.955177] 0003 0035 0000030e
2022-03-16 15:12:58.864316 True [   18555.955177] 0003 0036 000000da
2022-03-16 15:12:58.880260 True [   18555.971541] 0003 0035 00000311
2022-03-16 15:12:58.880260 True [   18555.971541] 0003 0036 000001fe
2022-03-16 15:12:58.880260 True [   18555.971541] 0003 0035 0000030e
2022-03-16 15:12:58.880260 True [   18555.971541] 0003 0036 000000d2
2022-03-16 15:12:58.897542 True [   18555.988661] 0003 0035 00000311
2022-03-16 15:12:58.897542 True [   18555.988661] 0003 0036 000001fe
2022-03-16 15:12:58.897542 True [   18555.988661] 0003 0035 0000030e
2022-03-16 15:12:58.897542 True [   18555.988661] 0003 0036 000000e4
2022-03-16 15:12:58.914352 True [   18556.006241] 0003 0035 00000311
2022-03-16 15:12:58.914352 True [   18556.006241] 0003 0036 000001fe
2022-03-16 15:12:58.914352 True [   18556.006241] 0003 0035 0000030e
2022-03-16 15:12:58.914352 True [   18556.006241] 0003 0036 0000010c
2022-03-16 15:12:58.931024 True [   18556.022453] 0003 0035 00000311
2022-03-16 15:12:58.931024 True [   18556.022453] 0003 0036 000001fe
2022-03-16 15:12:58.946663 True [   18556.038908] 0003 0035 00000311
2022-03-16 15:12:58.946663 True [   18556.038908] 0003 0036 000001fe
2022-03-16 15:12:58.964838 True [   18556.056320] 0003 0035 00000311
2022-03-16 15:12:58.964838 True [   18556.056320] 0003 0036 000001fe
2022-03-16 15:12:58.982042 True [   18556.073520] 0003 0035 00000311
2022-03-16 15:12:58.982042 True [   18556.073520] 0003 0036 000001fe
2022-03-16 15:12:58.998150 True [   18556.090222] 0003 0035 00000311
2022-03-16 15:12:58.998150 True [   18556.090222] 0003 0036 000001fe
2022-03-16 15:12:59.015592 True [   18556.107420] 0003 0035 00000311
2022-03-16 15:12:59.015592 True [   18556.107420] 0003 0036 000001fe
2022-03-16 15:12:59.033543 True [   18556.124686] 0003 0035 00000311
2022-03-16 15:12:59.034546 True [   18556.124686] 0003 0036 000001fe
2022-03-16 15:12:59.049894 True [   18556.141142] 0003 0035 00000311
2022-03-16 15:12:59.049894 True [   18556.141142] 0003 0036 000001fe
2022-03-16 15:12:59.065262 True [   18556.157889] 0003 0035 00000311
2022-03-16 15:12:59.065262 True [   18556.157889] 0003 0036 000001fe
2022-03-16 15:12:59.082879 True [   18556.174315] 0003 0035 00000311
2022-03-16 15:12:59.083614 True [   18556.174315] 0003 0036 000001fe
2022-03-16 15:12:59.099772 True [   18556.191285] 0003 0035 00000311
2022-03-16 15:12:59.099772 True [   18556.191285] 0003 0036 000001fe
2022-03-16 15:12:59.116346 True [   18556.208385] 0003 0035 00000311
2022-03-16 15:12:59.116346 True [   18556.208385] 0003 0036 000001fe
2022-03-16 15:12:59.132520 True [   18556.225270] 0003 0035 00000311
2022-03-16 15:12:59.132520 True [   18556.225270] 0003 0036 000001fe
2022-03-16 15:12:59.151324 True [   18556.242303] 0003 0035 0000030d
2022-03-16 15:12:59.151324 True [   18556.242303] 0003 0036 000001fe
2022-03-16 15:12:59.167856 True [   18556.259072] 0003 0035 0000030d
2022-03-16 15:12:59.167856 True [   18556.259072] 0003 0036 000001fe
2022-03-16 15:12:59.185592 True [   18556.276256] 0003 0035 00000307
2022-03-16 15:12:59.185592 True [   18556.276256] 0003 0036 000001fe
2022-03-16 15:12:59.201445 True [   18556.293121] 0003 0035 00000300
2022-03-16 15:12:59.201445 True [   18556.293121] 0003 0036 000001fe
2022-03-16 15:12:59.218431 True [   18556.309691] 0003 0035 000002f9
2022-03-16 15:12:59.218431 True [   18556.309691] 0003 0036 00000200
2022-03-16 15:12:59.236836 True [   18556.327242] 0003 0035 000002f1
2022-03-16 15:12:59.236836 True [   18556.327242] 0003 0036 00000203
2022-03-16 15:12:59.252035 True [   18556.343501] 0003 0035 000002e9
2022-03-16 15:12:59.252035 True [   18556.343501] 0003 0036 00000205
2022-03-16 15:12:59.269604 True [   18556.360927] 0003 0035 000002e1
2022-03-16 15:12:59.269604 True [   18556.360927] 0003 0036 00000208
2022-03-16 15:12:59.286314 True [   18556.377868] 0003 0035 000002db
2022-03-16 15:12:59.286314 True [   18556.377868] 0003 0036 0000020a
2022-03-16 15:12:59.302920 True [   18556.394558] 0003 0035 000002d5
2022-03-16 15:12:59.302920 True [   18556.394558] 0003 0036 0000020c
2022-03-16 15:12:59.320739 True [   18556.411612] 0003 0035 000002d0
2022-03-16 15:12:59.320739 True [   18556.411612] 0003 0036 0000020e
2022-03-16 15:12:59.337695 True [   18556.428977] 0003 0035 000002cc
2022-03-16 15:12:59.337695 True [   18556.428977] 0003 0036 00000211
2022-03-16 15:12:59.353313 True [   18556.446005] 0003 0035 000002c8
2022-03-16 15:12:59.354301 True [   18556.446005] 0003 0036 00000213
2022-03-16 15:12:59.370836 True [   18556.462475] 0003 0035 000002c8
2022-03-16 15:12:59.370836 True [   18556.462475] 0003 0036 00000213
2022-03-16 15:12:59.388564 True [   18556.479523] 0003 0035 000002c4
2022-03-16 15:12:59.388564 True [   18556.479523] 0003 0036 00000215
2022-03-16 15:12:59.405862 True [   18556.496941] 0003 0035 000002c4
2022-03-16 15:12:59.405862 True [   18556.496941] 0003 0036 00000215
2022-03-16 15:12:59.421840 True [   18556.513930] 0003 0035 000002c4
2022-03-16 15:12:59.421840 True [   18556.513930] 0003 0036 00000215
2022-03-16 15:12:59.438778 True [   18556.530377] 0003 0035 000002c0
2022-03-16 15:12:59.438778 True [   18556.530377] 0003 0036 00000217
2022-03-16 15:12:59.456734 True [   18556.547175] 0003 0035 000002c0
2022-03-16 15:12:59.456734 True [   18556.547175] 0003 0036 00000217
2022-03-16 15:12:59.472597 True [   18556.564681] 0003 0035 000002c0
2022-03-16 15:12:59.472597 True [   18556.564681] 0003 0036 00000217
2022-03-16 15:12:59.489962 True [   18556.581609] 0003 0035 000002c0
2022-03-16 15:12:59.489962 True [   18556.581609] 0003 0036 00000217
2022-03-16 15:12:59.507830 True [   18556.598714] 0003 0035 000002c0
2022-03-16 15:12:59.507830 True [   18556.598714] 0003 0036 00000217
2022-03-16 15:12:59.524127 True [   18556.615096] 0003 0035 000002bc
2022-03-16 15:12:59.524127 True [   18556.615096] 0003 0036 00000219
2022-03-16 15:13:00.778967 False [   18557.870133] 0003 0035 000003d4
2022-03-16 15:13:00.779913 False [   18557.870133] 0003 0036 00000275
2022-03-16 15:13:00.794501 False [   18557.886164] 0003 0035 000003d4
2022-03-16 15:13:00.794501 False [   18557.886164] 0003 0036 00000275
2022-03-16 15:13:00.812137 False [   18557.902780] 0003 0035 000003d4
2022-03-16 15:13:00.812137 False [   18557.902780] 0003 0036 00000275
2022-03-16 15:13:00.826003 False [   18557.918739] 0003 0035 000003d4
2022-03-16 15:13:00.826003 False [   18557.918739] 0003 0036 00000275
2022-03-16 15:13:00.845122 False [   18557.935958] 0003 0035 000003d4
2022-03-16 15:13:00.845122 False [   18557.935958] 0003 0036 00000275
2022-03-16 15:13:00.862552 False [   18557.952517] 0003 0035 000003d4
2022-03-16 15:13:00.862552 False [   18557.952517] 0003 0036 00000275
2022-03-16 15:13:00.878869 False [   18557.969528] 0003 0035 000003d4
2022-03-16 15:13:00.878869 False [   18557.969528] 0003 0036 00000275
2022-03-16 15:13:00.895834 False [   18557.986629] 0003 0035 000003d4
2022-03-16 15:13:00.897201 False [   18557.986629] 0003 0036 00000275
2022-03-16 15:13:00.912627 False [   18558.003299] 0003 0035 000003d4
2022-03-16 15:13:00.912627 False [   18558.003299] 0003 0036 00000275
2022-03-16 15:13:00.928261 False [   18558.020714] 0003 0035 000003d4
2022-03-16 15:13:00.929257 False [   18558.020714] 0003 0036 00000275
2022-03-16 15:13:00.946827 False [   18558.038114] 0003 0035 000003d1
2022-03-16 15:13:00.947797 False [   18558.038114] 0003 0036 00000271
2022-03-16 15:13:00.963761 False [   18558.054376] 0003 0035 000003d1
2022-03-16 15:13:00.963761 False [   18558.054376] 0003 0036 00000271
2022-03-16 15:13:00.979714 False [   18558.071511] 0003 0035 000003ce
2022-03-16 15:13:00.979714 False [   18558.071511] 0003 0036 0000026d
2022-03-16 15:13:00.997665 False [   18558.089051] 0003 0035 000003ce
2022-03-16 15:13:00.997665 False [   18558.089051] 0003 0036 0000026d
2022-03-16 15:13:01.013954 False [   18558.105275] 0003 0035 000003cc
2022-03-16 15:13:01.013954 False [   18558.105275] 0003 0036 00000269
2022-03-16 15:13:01.031918 False [   18558.122063] 0003 0035 000003cc
2022-03-16 15:13:01.031918 False [   18558.122063] 0003 0036 00000269
2022-03-16 15:13:01.048051 False [   18558.139621] 0003 0035 000003cc
2022-03-16 15:13:01.049091 False [   18558.139621] 0003 0036 00000269
2022-03-16 15:13:01.065207 False [   18558.155969] 0003 0035 000003c8
2022-03-16 15:13:01.065207 False [   18558.155969] 0003 0036 00000265
2022-03-16 15:13:01.081665 False [   18558.172830] 0003 0035 000003c8
2022-03-16 15:13:01.081665 False [   18558.172830] 0003 0036 00000265
2022-03-16 15:13:01.098763 False [   18558.190162] 0003 0035 000003c3
2022-03-16 15:13:01.098763 False [   18558.190162] 0003 0036 00000261
2022-03-16 15:13:01.115851 False [   18558.206491] 0003 0035 000003bf
2022-03-16 15:13:01.115851 False [   18558.206491] 0003 0036 0000025e
2022-03-16 15:13:01.131795 False [   18558.223838] 0003 0035 000003bb
2022-03-16 15:13:01.131795 False [   18558.223838] 0003 0036 0000025c
2022-03-16 15:13:01.150121 False [   18558.240771] 0003 0035 000003b6
2022-03-16 15:13:01.150121 False [   18558.240771] 0003 0036 0000025a
2022-03-16 15:13:01.166758 False [   18558.257573] 0003 0035 000003ad
2022-03-16 15:13:01.166758 False [   18558.257573] 0003 0036 00000258
2022-03-16 15:13:01.185518 False [   18558.275505] 0003 0035 000003a4
2022-03-16 15:13:01.185518 False [   18558.275505] 0003 0036 00000256
2022-03-16 15:13:01.200560 False [   18558.291688] 0003 0035 0000039b
2022-03-16 15:13:01.200560 False [   18558.291688] 0003 0036 00000256
2022-03-16 15:13:01.216968 False [   18558.308506] 0003 0035 00000393
2022-03-16 15:13:01.216968 False [   18558.308506] 0003 0036 00000254
2022-03-16 15:13:01.234316 False [   18558.325260] 0003 0035 0000038c
2022-03-16 15:13:01.234316 False [   18558.325260] 0003 0036 00000252
2022-03-16 15:13:01.252270 False [   18558.343187] 0003 0035 00000387
2022-03-16 15:13:01.252270 False [   18558.343187] 0003 0036 00000250
2022-03-16 15:13:01.268252 False [   18558.359371] 0003 0035 00000382
2022-03-16 15:13:01.268252 False [   18558.359371] 0003 0036 00000250
2022-03-16 15:13:01.285070 False [   18558.376351] 0003 0035 0000037e
2022-03-16 15:13:01.285070 False [   18558.376351] 0003 0036 00000250
2022-03-16 15:13:01.285070 False [   18558.376351] 0003 0035 00000366
2022-03-16 15:13:01.285070 True [   18558.376351] 0003 0036 0000014e
2022-03-16 15:13:01.301993 True [   18558.393151] 0003 0035 0000037e
2022-03-16 15:13:01.301993 True [   18558.393151] 0003 0035 00000368
2022-03-16 15:13:01.301993 True [   18558.393151] 0003 0036 000000fd
2022-03-16 15:13:01.318738 False [   18558.410580] 0003 0035 0000037a
2022-03-16 15:13:01.319712 False [   18558.410580] 0003 0036 0000024c
2022-03-16 15:13:01.336634 False [   18558.427856] 0003 0035 00000376
2022-03-16 15:13:01.336634 False [   18558.427856] 0003 0036 00000249
2022-03-16 15:13:01.353250 False [   18558.444653] 0003 0035 00000376
2022-03-16 15:13:01.353250 False [   18558.444653] 0003 0036 00000249
2022-03-16 15:13:01.369932 False [   18558.461003] 0003 0035 00000376
2022-03-16 15:13:01.369932 False [   18558.461003] 0003 0036 00000249
2022-03-16 15:13:01.387244 False [   18558.477941] 0003 0035 00000376
2022-03-16 15:13:01.387244 False [   18558.477941] 0003 0036 00000249
2022-03-16 15:13:01.405423 False [   18558.495287] 0003 0035 00000372
2022-03-16 15:13:01.405423 False [   18558.495287] 0003 0036 00000245
2022-03-16 15:13:01.419496 False [   18558.511905] 0003 0035 00000372
2022-03-16 15:13:01.420522 False [   18558.511905] 0003 0036 00000245
2022-03-16 15:13:01.438175 False [   18558.529273] 0003 0035 00000372
2022-03-16 15:13:01.438175 False [   18558.529273] 0003 0036 00000245
2022-03-16 15:13:01.455289 False [   18558.546492] 0003 0035 0000036e
2022-03-16 15:13:01.455289 False [   18558.546492] 0003 0036 00000243
2022-03-16 15:13:01.471258 False [   18558.562554] 0003 0035 0000036e
2022-03-16 15:13:01.471258 False [   18558.562554] 0003 0036 00000243
2022-03-16 15:13:01.488437 False [   18558.580058] 0003 0035 0000036e
2022-03-16 15:13:01.489435 False [   18558.580058] 0003 0036 00000243
2022-03-16 15:13:01.505398 False [   18558.596924] 0003 0035 0000036e
2022-03-16 15:13:01.507378 False [   18558.596924] 0003 0036 00000243
2022-03-16 15:13:01.522767 False [   18558.613963] 0003 0035 0000036e
2022-03-16 15:13:01.522767 False [   18558.613963] 0003 0036 00000243
2022-03-16 15:13:01.539089 False [   18558.629885] 0003 0035 00000369
2022-03-16 15:13:01.539089 False [   18558.629885] 0003 0036 00000240
2022-03-16 15:13:01.556753 False [   18558.647839] 0003 0035 00000369
2022-03-16 15:13:01.556753 False [   18558.647839] 0003 0036 00000240
2022-03-16 15:13:01.573781 False [   18558.664534] 0003 0035 00000365
2022-03-16 15:13:01.573781 False [   18558.664534] 0003 0036 0000023e
2022-03-16 15:13:01.589641 False [   18558.681525] 0003 0035 00000365
2022-03-16 15:13:01.590649 False [   18558.681525] 0003 0036 0000023e
2022-03-16 15:13:01.605834 False [   18558.698001] 0003 0035 00000361
2022-03-16 15:13:01.605834 False [   18558.698001] 0003 0036 0000023c
2022-03-16 15:13:01.623762 False [   18558.714562] 0003 0035 00000361
2022-03-16 15:13:01.623762 False [   18558.714562] 0003 0036 0000023c
2022-03-16 15:13:01.639784 False [   18558.731874] 0003 0035 0000035d
2022-03-16 15:13:01.639784 False [   18558.731874] 0003 0036 0000023a
2022-03-16 15:13:01.657944 False [   18558.748949] 0003 0035 0000035d
2022-03-16 15:13:01.657944 False [   18558.748949] 0003 0036 0000023a
2022-03-16 15:13:01.673606 False [   18558.765473] 0003 0035 0000035d
2022-03-16 15:13:01.673606 False [   18558.765473] 0003 0036 0000023a
2022-03-16 15:13:01.690926 False [   18558.782905] 0003 0035 0000035d
2022-03-16 15:13:01.690926 False [   18558.782905] 0003 0036 0000023a
2022-03-16 15:13:01.708218 False [   18558.799126] 0003 0035 0000035d
2022-03-16 15:13:01.708218 False [   18558.799126] 0003 0036 0000023a
2022-03-16 15:13:02.066918 False [   18559.157086] 0003 0035 000003c9
2022-03-16 15:13:02.066918 False [   18559.157086] 0003 0036 00000259
2022-03-16 15:13:02.081903 False [   18559.172872] 0003 0035 000003c9
2022-03-16 15:13:02.081903 False [   18559.172872] 0003 0036 00000259
2022-03-16 15:13:02.098798 False [   18559.189842] 0003 0035 000003c9
2022-03-16 15:13:02.098798 False [   18559.189842] 0003 0036 00000259
2022-03-16 15:13:02.115682 False [   18559.206592] 0003 0035 000003c9
2022-03-16 15:13:02.115682 False [   18559.206592] 0003 0036 00000259
2022-03-16 15:13:02.132110 False [   18559.223580] 0003 0035 000003c9
2022-03-16 15:13:02.132110 False [   18559.223580] 0003 0036 00000259
2022-03-16 15:13:02.149068 False [   18559.240681] 0003 0035 000003c9
2022-03-16 15:13:02.149068 False [   18559.240681] 0003 0036 00000259
2022-03-16 15:13:02.167990 False [   18559.257109] 0003 0035 000003c9
2022-03-16 15:13:02.167990 False [   18559.257109] 0003 0036 00000259
2022-03-16 15:13:02.183575 False [   18559.274287] 0003 0035 000003c9
2022-03-16 15:13:02.183575 False [   18559.274287] 0003 0036 00000259
2022-03-16 15:13:02.183575 False [   18559.274287] 0003 0035 000003c8
2022-03-16 15:13:02.184514 False [   18559.274287] 0003 0036 000000b0
2022-03-16 15:13:02.200772 False [   18559.291257] 0003 0035 000003c9
2022-03-16 15:13:02.200772 False [   18559.291257] 0003 0036 00000259
2022-03-16 15:13:02.200772 False [   18559.291257] 0003 0035 000003c6
2022-03-16 15:13:02.201754 False [   18559.291257] 0003 0036 0000007c
2022-03-16 15:13:02.216714 False [   18559.307556] 0003 0035 000003c9
2022-03-16 15:13:02.216714 False [   18559.307556] 0003 0036 00000259
2022-03-16 15:13:02.233856 False [   18559.324545] 0003 0035 000003c9
2022-03-16 15:13:02.233856 False [   18559.324545] 0003 0036 00000259
2022-03-16 15:13:02.251015 False [   18559.342145] 0003 0035 000003c9
2022-03-16 15:13:02.251015 False [   18559.342145] 0003 0036 00000259
2022-03-16 15:13:02.268661 False [   18559.358891] 0003 0035 000003c2
2022-03-16 15:13:02.268661 False [   18559.358891] 0003 0036 00000259
2022-03-16 15:13:02.285055 False [   18559.376109] 0003 0035 000003b6
2022-03-16 15:13:02.285055 False [   18559.376109] 0003 0036 00000256
2022-03-16 15:13:02.301842 False [   18559.392875] 0003 0035 000003a8
2022-03-16 15:13:02.301842 False [   18559.392875] 0003 0036 00000252
2022-03-16 15:13:02.318873 False [   18559.409973] 0003 0035 0000039a
2022-03-16 15:13:02.318873 False [   18559.409973] 0003 0036 0000024e
2022-03-16 15:13:02.335224 False [   18559.426473] 0003 0035 0000038e
2022-03-16 15:13:02.335224 False [   18559.426473] 0003 0036 0000024a
2022-03-16 15:13:02.351981 False [   18559.443514] 0003 0035 00000384
2022-03-16 15:13:02.351981 False [   18559.443514] 0003 0036 00000246
2022-03-16 15:13:02.367991 False [   18559.459955] 0003 0035 0000037b
2022-03-16 15:13:02.367991 False [   18559.459955] 0003 0036 00000243
2022-03-16 15:13:02.387531 False [   18559.478273] 0003 0035 00000374
2022-03-16 15:13:02.387531 False [   18559.478273] 0003 0036 00000240
2022-03-16 15:13:02.403507 False [   18559.494497] 0003 0035 0000036e
2022-03-16 15:13:02.403507 False [   18559.494497] 0003 0036 0000023e
2022-03-16 15:13:02.420046 False [   18559.511120] 0003 0035 00000369
2022-03-16 15:13:02.420046 False [   18559.511120] 0003 0036 0000023e
2022-03-16 15:13:02.437003 False [   18559.527811] 0003 0035 00000362
2022-03-16 15:13:02.437003 False [   18559.527811] 0003 0036 0000023e
2022-03-16 15:13:02.453278 False [   18559.544965] 0003 0035 0000035a
2022-03-16 15:13:02.453278 False [   18559.544965] 0003 0036 0000023e
2022-03-16 15:13:02.470832 False [   18559.561446] 0003 0035 00000351
2022-03-16 15:13:02.470832 False [   18559.561446] 0003 0036 0000023c
2022-03-16 15:13:02.486191 False [   18559.578431] 0003 0035 00000348
2022-03-16 15:13:02.486191 False [   18559.578431] 0003 0036 0000023a
2022-03-16 15:13:02.503158 False [   18559.595450] 0003 0035 00000340
2022-03-16 15:13:02.503158 False [   18559.595450] 0003 0036 00000238
2022-03-16 15:13:02.520968 False [   18559.612960] 0003 0035 00000339
2022-03-16 15:13:02.520968 False [   18559.612960] 0003 0036 00000238
2022-03-16 15:13:02.539510 False [   18559.630316] 0003 0035 00000332
2022-03-16 15:13:02.539510 False [   18559.630316] 0003 0036 00000236
2022-03-16 15:13:02.555171 False [   18559.646656] 0003 0035 0000032b
2022-03-16 15:13:02.555171 False [   18559.646656] 0003 0036 00000234
2022-03-16 15:13:02.571841 False [   18559.663944] 0003 0035 00000325
2022-03-16 15:13:02.571841 False [   18559.663944] 0003 0036 00000231
2022-03-16 15:13:02.588752 False [   18559.680401] 0003 0035 00000320
2022-03-16 15:13:02.588752 False [   18559.680401] 0003 0036 0000022e
2022-03-16 15:13:02.607044 False [   18559.697473] 0003 0035 0000031a
2022-03-16 15:13:02.607044 False [   18559.697473] 0003 0036 0000022b
2022-03-16 15:13:02.623711 True [   18559.714384] 0003 0035 00000316
2022-03-16 15:13:02.623711 True [   18559.714384] 0003 0036 00000228
2022-03-16 15:13:02.640041 True [   18559.731524] 0003 0035 00000312
2022-03-16 15:13:02.640041 True [   18559.731524] 0003 0036 00000226
2022-03-16 15:13:02.657457 True [   18559.748296] 0003 0035 0000030e
2022-03-16 15:13:02.657528 True [   18559.748296] 0003 0036 00000226
2022-03-16 15:13:02.673827 True [   18559.765320] 0003 0035 00000307
2022-03-16 15:13:02.673827 True [   18559.765320] 0003 0036 00000226
2022-03-16 15:13:04.250368 True [   18561.341924] 0003 0035 00000258
2022-03-16 15:13:04.250368 True [   18561.341924] 0003 0036 00000129
2022-03-16 15:13:04.267787 True [   18561.358090] 0003 0035 00000258
2022-03-16 15:13:04.267787 True [   18561.358090] 0003 0036 00000129
2022-03-16 15:13:04.283204 True [   18561.374528] 0003 0035 00000258
2022-03-16 15:13:04.283204 True [   18561.374528] 0003 0036 00000129
2022-03-16 15:13:04.300548 True [   18561.391754] 0003 0035 00000258
2022-03-16 15:13:04.300548 True [   18561.391754] 0003 0036 00000129
2022-03-16 15:13:04.317468 True [   18561.407903] 0003 0035 00000258
2022-03-16 15:13:04.317468 True [   18561.407903] 0003 0036 00000129
2022-03-16 15:13:04.334197 True [   18561.425398] 0003 0035 0000025f
2022-03-16 15:13:04.334197 True [   18561.425398] 0003 0036 00000129
2022-03-16 15:13:04.350665 True [   18561.441948] 0003 0035 00000268
2022-03-16 15:13:04.350665 True [   18561.441948] 0003 0036 00000129
2022-03-16 15:13:04.367620 True [   18561.459421] 0003 0035 00000271
2022-03-16 15:13:04.367620 True [   18561.459421] 0003 0036 0000012b
2022-03-16 15:13:04.385072 True [   18561.476089] 0003 0035 0000027b
2022-03-16 15:13:04.385072 True [   18561.476089] 0003 0036 00000130
2022-03-16 15:13:04.401017 True [   18561.492924] 0003 0035 00000285
2022-03-16 15:13:04.401017 True [   18561.492924] 0003 0036 00000137
2022-03-16 15:13:04.417802 True [   18561.510059] 0003 0035 0000028f
2022-03-16 15:13:04.417802 True [   18561.510059] 0003 0036 00000141
2022-03-16 15:13:04.435886 True [   18561.526969] 0003 0035 00000297
2022-03-16 15:13:04.435886 True [   18561.526969] 0003 0036 0000014d
2022-03-16 15:13:04.452580 True [   18561.543191] 0003 0035 0000029f
2022-03-16 15:13:04.452580 True [   18561.543191] 0003 0036 0000015b
2022-03-16 15:13:04.471796 True [   18561.560737] 0003 0035 000002a6
2022-03-16 15:13:04.471796 True [   18561.560737] 0003 0036 0000016a
2022-03-16 15:13:04.486159 True [   18561.577554] 0003 0035 000002ae
2022-03-16 15:13:04.486159 True [   18561.577554] 0003 0036 0000017a
2022-03-16 15:13:04.502931 True [   18561.594744] 0003 0035 000002b6
2022-03-16 15:13:04.502931 True [   18561.594744] 0003 0036 0000018a
2022-03-16 15:13:04.519011 True [   18561.610928] 0003 0035 000002c1
2022-03-16 15:13:04.519011 True [   18561.610928] 0003 0036 00000199
2022-03-16 15:13:04.535964 True [   18561.627882] 0003 0035 000002cd
2022-03-16 15:13:04.535964 True [   18561.627882] 0003 0036 000001a7
2022-03-16 15:13:04.555300 True [   18561.645557] 0003 0035 000002d9
2022-03-16 15:13:04.555300 True [   18561.645557] 0003 0036 000001b4
2022-03-16 15:13:04.570887 True [   18561.662340] 0003 0035 000002e3
2022-03-16 15:13:04.571884 True [   18561.662340] 0003 0036 000001bf
2022-03-16 15:13:04.588416 True [   18561.679137] 0003 0035 000002eb
2022-03-16 15:13:04.588416 True [   18561.679137] 0003 0036 000001cb
2022-03-16 15:13:04.605368 True [   18561.696379] 0003 0035 000002f2
2022-03-16 15:13:04.605368 True [   18561.696379] 0003 0036 000001d7
2022-03-16 15:13:04.622326 True [   18561.713310] 0003 0035 000002f9
2022-03-16 15:13:04.622326 True [   18561.713310] 0003 0036 000001e5
2022-03-16 15:13:04.638326 True [   18561.729676] 0003 0035 000002ff
2022-03-16 15:13:04.638326 True [   18561.729676] 0003 0036 000001f2
2022-03-16 15:13:04.655365 True [   18561.746546] 0003 0035 00000305
2022-03-16 15:13:04.656365 True [   18561.746546] 0003 0036 000001ff
2022-03-16 15:13:04.671815 True [   18561.763593] 0003 0035 00000309
2022-03-16 15:13:04.671815 True [   18561.763593] 0003 0036 0000020a
2022-03-16 15:13:04.688834 True [   18561.780321] 0003 0035 0000030d
2022-03-16 15:13:04.688834 True [   18561.780321] 0003 0036 00000214
2022-03-16 15:13:04.706216 True [   18561.797857] 0003 0035 00000310
2022-03-16 15:13:04.706216 True [   18561.797857] 0003 0036 0000021d
2022-03-16 15:13:04.723162 True [   18561.814763] 0003 0035 00000312
2022-03-16 15:13:04.723162 True [   18561.814763] 0003 0036 00000225
2022-03-16 15:13:04.740722 True [   18561.831267] 0003 0035 00000312
2022-03-16 15:13:04.740722 True [   18561.831267] 0003 0036 0000022c
2022-03-16 15:13:04.756107 True [   18561.848106] 0003 0035 00000312
2022-03-16 15:13:04.756107 False [   18561.848106] 0003 0036 00000231
2022-03-16 15:13:04.773480 False [   18561.865586] 0003 0035 00000312
2022-03-16 15:13:04.774443 False [   18561.865586] 0003 0036 00000235
2022-03-16 15:13:04.790797 False [   18561.882820] 0003 0035 00000312
2022-03-16 15:13:04.791785 False [   18561.882820] 0003 0036 00000235
2022-03-16 15:13:04.808990 False [   18561.899727] 0003 0035 00000312
2022-03-16 15:13:04.808990 False [   18561.899727] 0003 0036 00000235
2022-03-16 15:13:04.823964 False [   18561.915792] 0003 0035 00000312
2022-03-16 15:13:04.823964 False [   18561.915792] 0003 0036 00000235
2022-03-16 15:13:04.840761 False [   18561.932666] 0003 0035 00000306
2022-03-16 15:13:04.840761 True [   18561.932666] 0003 0036 0000022f
2022-03-16 15:13:04.859001 True [   18561.949862] 0003 0035 000002f1
2022-03-16 15:13:04.860008 True [   18561.949862] 0003 0036 00000222
2022-03-16 15:13:04.874950 True [   18561.966637] 0003 0035 000002d6
2022-03-16 15:13:04.874950 True [   18561.966637] 0003 0036 0000020e
2022-03-16 15:13:04.892819 True [   18561.984384] 0003 0035 000002b6
2022-03-16 15:13:04.892819 True [   18561.984384] 0003 0036 000001f5
2022-03-16 15:13:04.909789 True [   18562.000480] 0003 0035 00000292
2022-03-16 15:13:04.909789 True [   18562.000480] 0003 0036 000001da
2022-03-16 15:13:04.927736 True [   18562.018199] 0003 0035 0000026f
2022-03-16 15:13:04.928723 True [   18562.018199] 0003 0036 000001bf
2022-03-16 15:13:04.943618 True [   18562.034669] 0003 0035 0000024b
2022-03-16 15:13:04.943618 True [   18562.034669] 0003 0036 000001a6
2022-03-16 15:13:04.961045 True [   18562.051386] 0003 0035 0000022a
2022-03-16 15:13:04.961045 True [   18562.051386] 0003 0036 0000018e
2022-03-16 15:13:04.978996 True [   18562.068702] 0003 0035 0000020a
2022-03-16 15:13:04.978996 True [   18562.068702] 0003 0036 00000176
2022-03-16 15:13:04.993921 True [   18562.085858] 0003 0035 000001e8
2022-03-16 15:13:04.994867 True [   18562.085858] 0003 0036 0000015e
2022-03-16 15:13:05.013281 True [   18562.104286] 0003 0035 000001cb
2022-03-16 15:13:05.013281 True [   18562.104286] 0003 0036 00000148
2022-03-16 15:13:05.028238 True [   18562.119103] 0003 0035 000001b5
2022-03-16 15:13:05.028238 True [   18562.119103] 0003 0036 00000136
2022-03-16 15:13:05.044803 True [   18562.136186] 0003 0035 000001a6
2022-03-16 15:13:05.044803 True [   18562.136186] 0003 0036 00000129
2022-03-16 15:13:05.062122 True [   18562.153090] 0003 0035 0000019c
2022-03-16 15:13:05.062122 True [   18562.153090] 0003 0036 00000120
2022-03-16 15:13:05.079093 True [   18562.170661] 0003 0035 00000197
2022-03-16 15:13:05.079093 True [   18562.170661] 0003 0036 0000011b
2022-03-16 15:13:05.096160 True [   18562.187619] 0003 0035 00000197
2022-03-16 15:13:05.096160 True [   18562.187619] 0003 0036 0000011b
2022-03-16 15:13:05.113081 True [   18562.204716] 0003 0035 00000199
2022-03-16 15:13:05.113081 True [   18562.204716] 0003 0036 0000011f
2022-03-16 15:13:05.129217 True [   18562.220936] 0003 0035 000001a7
2022-03-16 15:13:05.130226 True [   18562.220936] 0003 0036 0000012d
2022-03-16 15:13:05.146171 True [   18562.237618] 0003 0035 000001be
2022-03-16 15:13:05.146171 True [   18562.237618] 0003 0036 00000144
2022-03-16 15:13:05.163043 True [   18562.255154] 0003 0035 000001d7
2022-03-16 15:13:05.163043 True [   18562.255154] 0003 0036 00000163
2022-03-16 15:13:05.181812 True [   18562.271464] 0003 0035 000001f1
2022-03-16 15:13:05.181812 True [   18562.271464] 0003 0036 00000185
2022-03-16 15:13:05.196657 True [   18562.288726] 0003 0035 0000020d
2022-03-16 15:13:05.196657 True [   18562.288726] 0003 0036 000001a9
2022-03-16 15:13:05.214370 True [   18562.305434] 0003 0035 00000225
2022-03-16 15:13:05.214370 True [   18562.305434] 0003 0036 000001ce
2022-03-16 15:13:05.232328 True [   18562.322243] 0003 0035 00000237
2022-03-16 15:13:05.232328 True [   18562.322243] 0003 0036 000001f0
2022-03-16 15:13:05.247828 True [   18562.339322] 0003 0035 00000245
2022-03-16 15:13:05.247828 True [   18562.339322] 0003 0036 0000020e
2022-03-16 15:13:05.264863 True [   18562.356412] 0003 0035 0000024f
2022-03-16 15:13:05.264863 True [   18562.356412] 0003 0036 00000226
2022-03-16 15:13:05.283786 True [   18562.373986] 0003 0035 00000256
2022-03-16 15:13:05.283786 True [   18562.373986] 0003 0036 00000239
2022-03-16 15:13:05.298026 True [   18562.390715] 0003 0035 0000025a
2022-03-16 15:13:05.298026 True [   18562.390715] 0003 0036 00000248
2022-03-16 15:13:05.316649 True [   18562.407230] 0003 0035 0000025a
2022-03-16 15:13:05.316649 True [   18562.407230] 0003 0036 00000253
2022-03-16 15:13:05.332295 True [   18562.423976] 0003 0035 0000025a
2022-03-16 15:13:05.332295 True [   18562.423976] 0003 0036 00000259
2022-03-16 15:13:05.349594 True [   18562.441120] 0003 0035 0000025a
2022-03-16 15:13:05.349594 True [   18562.441120] 0003 0036 00000259
2022-03-16 15:13:05.366635 True [   18562.457897] 0003 0035 00000254
2022-03-16 15:13:05.366635 True [   18562.457897] 0003 0036 00000259
2022-03-16 15:13:05.386608 True [   18562.474704] 0003 0035 0000024a
2022-03-16 15:13:05.386608 True [   18562.474704] 0003 0036 00000251
2022-03-16 15:13:05.399678 True [   18562.491839] 0003 0035 0000023a
2022-03-16 15:13:05.399678 True [   18562.491839] 0003 0036 00000243
2022-03-16 15:13:05.417701 True [   18562.509251] 0003 0035 00000229
2022-03-16 15:13:05.417701 True [   18562.509251] 0003 0036 00000231
2022-03-16 15:13:05.435383 True [   18562.526285] 0003 0035 00000218
2022-03-16 15:13:05.435383 True [   18562.526285] 0003 0036 0000021a
2022-03-16 15:13:05.450684 True [   18562.542808] 0003 0035 0000020a
2022-03-16 15:13:05.451675 True [   18562.542808] 0003 0036 000001ff
2022-03-16 15:13:05.467420 True [   18562.559553] 0003 0035 000001fb
2022-03-16 15:13:05.467420 True [   18562.559553] 0003 0036 000001e1
2022-03-16 15:13:05.488495 True [   18562.576610] 0003 0035 000001e6
2022-03-16 15:13:05.488495 True [   18562.576610] 0003 0036 000001c2
2022-03-16 15:13:05.502193 True [   18562.593715] 0003 0035 000001cd
2022-03-16 15:13:05.502193 True [   18562.593715] 0003 0036 000001a2
2022-03-16 15:13:05.518649 True [   18562.610679] 0003 0035 000001b7
2022-03-16 15:13:05.518649 True [   18562.610679] 0003 0036 00000185
2022-03-16 15:13:05.535503 True [   18562.627220] 0003 0035 000001a6
2022-03-16 15:13:05.535503 True [   18562.627220] 0003 0036 0000016c
2022-03-16 15:13:05.552383 True [   18562.644355] 0003 0035 0000019a
2022-03-16 15:13:05.553371 True [   18562.644355] 0003 0036 00000159
2022-03-16 15:13:05.570006 True [   18562.661562] 0003 0035 00000191
2022-03-16 15:13:05.571968 True [   18562.661562] 0003 0036 0000014d
2022-03-16 15:13:05.589304 True [   18562.678818] 0003 0035 0000018b
2022-03-16 15:13:05.589304 True [   18562.678818] 0003 0036 00000146
2022-03-16 15:13:05.605240 True [   18562.695704] 0003 0035 00000187
2022-03-16 15:13:05.605240 True [   18562.695704] 0003 0036 00000143
2022-03-16 15:13:05.621199 True [   18562.711856] 0003 0035 00000187
2022-03-16 15:13:05.621199 True [   18562.711856] 0003 0036 00000143
2022-03-16 15:13:05.637572 True [   18562.728757] 0003 0035 00000187
2022-03-16 15:13:05.637572 True [   18562.728757] 0003 0036 0000014d
2022-03-16 15:13:05.655654 True [   18562.746655] 0003 0035 0000018b
2022-03-16 15:13:05.655654 True [   18562.746655] 0003 0036 0000015f
2022-03-16 15:13:05.671421 True [   18562.762868] 0003 0035 0000018f
2022-03-16 15:13:05.671421 True [   18562.762868] 0003 0036 00000174
2022-03-16 15:13:05.689258 True [   18562.779536] 0003 0035 00000193
2022-03-16 15:13:05.689258 True [   18562.779536] 0003 0036 0000018b
2022-03-16 15:13:05.705303 True [   18562.797341] 0003 0035 00000196
2022-03-16 15:13:05.705303 True [   18562.797341] 0003 0036 000001a3
2022-03-16 15:13:05.721809 True [   18562.814090] 0003 0035 00000199
2022-03-16 15:13:05.721809 True [   18562.814090] 0003 0036 000001bb
2022-03-16 15:13:05.739705 True [   18562.830408] 0003 0035 0000019b
2022-03-16 15:13:05.739705 True [   18562.830408] 0003 0036 000001d5
2022-03-16 15:13:05.757107 True [   18562.847553] 0003 0035 0000019d
2022-03-16 15:13:05.757107 True [   18562.847553] 0003 0036 000001ed
2022-03-16 15:13:05.773863 True [   18562.864791] 0003 0035 0000019f
2022-03-16 15:13:05.773863 True [   18562.864791] 0003 0036 00000202
2022-03-16 15:13:05.789845 True [   18562.881267] 0003 0035 000001a1
2022-03-16 15:13:05.789845 True [   18562.881267] 0003 0036 00000214
2022-03-16 15:13:05.807294 True [   18562.898228] 0003 0035 000001a1
2022-03-16 15:13:05.807294 True [   18562.898228] 0003 0036 00000223
2022-03-16 15:13:05.823612 True [   18562.915135] 0003 0035 000001a1
2022-03-16 15:13:05.823612 True [   18562.915135] 0003 0036 0000022f
2022-03-16 15:13:05.840759 True [   18562.932408] 0003 0035 000001a1
2022-03-16 15:13:05.840759 False [   18562.932408] 0003 0036 00000237
2022-03-16 15:13:05.857741 False [   18562.949411] 0003 0035 000001a1
2022-03-16 15:13:05.857741 False [   18562.949411] 0003 0036 0000023c
2022-03-16 15:13:05.874687 False [   18562.966136] 0003 0035 000001a1
2022-03-16 15:13:05.874687 False [   18562.966136] 0003 0036 0000023c
2022-03-16 15:13:05.892587 False [   18562.983105] 0003 0035 000001a1
2022-03-16 15:13:05.892587 False [   18562.983105] 0003 0036 0000023c
2022-03-16 15:13:05.909311 False [   18563.000651] 0003 0035 000001a1
2022-03-16 15:13:05.909311 False [   18563.000651] 0003 0036 0000023c
2022-03-16 15:13:05.926123 False [   18563.017576] 0003 0035 000001a1
2022-03-16 15:13:05.926123 False [   18563.017576] 0003 0036 0000023c
2022-03-16 15:13:05.943087 False [   18563.034123] 0003 0035 0000019f
2022-03-16 15:13:05.943087 False [   18563.034123] 0003 0036 00000234
2022-03-16 15:13:05.959224 False [   18563.051352] 0003 0035 0000019f
2022-03-16 15:13:05.959224 True [   18563.051352] 0003 0036 00000227
2022-03-16 15:13:05.975849 True [   18563.068178] 0003 0035 000001a7
2022-03-16 15:13:05.976849 True [   18563.068178] 0003 0036 00000216
2022-03-16 15:13:05.993789 True [   18563.084637] 0003 0035 000001b6
2022-03-16 15:13:05.993789 True [   18563.084637] 0003 0036 00000200
2022-03-16 15:13:06.010798 True [   18563.101582] 0003 0035 000001c7
2022-03-16 15:13:06.010798 True [   18563.101582] 0003 0036 000001e6
2022-03-16 15:13:06.027752 True [   18563.119166] 0003 0035 000001d6
2022-03-16 15:13:06.027752 True [   18563.119166] 0003 0036 000001ca
2022-03-16 15:13:06.043557 True [   18563.135408] 0003 0035 000001e1
2022-03-16 15:13:06.044555 True [   18563.135408] 0003 0036 000001ac
2022-03-16 15:13:06.061286 True [   18563.152670] 0003 0035 000001ea
2022-03-16 15:13:06.061286 True [   18563.152670] 0003 0036 0000018e
2022-03-16 15:13:06.078247 True [   18563.169719] 0003 0035 000001f1
2022-03-16 15:13:06.078247 True [   18563.169719] 0003 0036 00000171
2022-03-16 15:13:06.095759 True [   18563.186081] 0003 0035 000001f7
2022-03-16 15:13:06.095759 True [   18563.186081] 0003 0036 00000158
2022-03-16 15:13:06.112731 True [   18563.204347] 0003 0035 00000202
2022-03-16 15:13:06.112731 True [   18563.204347] 0003 0036 00000142
2022-03-16 15:13:06.129892 True [   18563.220224] 0003 0035 00000212
2022-03-16 15:13:06.129892 True [   18563.220224] 0003 0036 00000130
2022-03-16 15:13:06.145622 True [   18563.237049] 0003 0035 00000224
2022-03-16 15:13:06.145622 True [   18563.237049] 0003 0036 00000123
2022-03-16 15:13:06.162251 True [   18563.254626] 0003 0035 00000233
2022-03-16 15:13:06.162251 True [   18563.254626] 0003 0036 0000011b
2022-03-16 15:13:06.180561 True [   18563.271292] 0003 0035 00000240
2022-03-16 15:13:06.180561 True [   18563.271292] 0003 0036 00000119
2022-03-16 15:13:06.197293 True [   18563.287981] 0003 0035 00000256
2022-03-16 15:13:06.197293 True [   18563.287981] 0003 0036 00000120
2022-03-16 15:13:06.213515 True [   18563.304679] 0003 0035 00000275
2022-03-16 15:13:06.213515 True [   18563.304679] 0003 0036 00000130
2022-03-16 15:13:06.231278 True [   18563.322031] 0003 0035 00000297
2022-03-16 15:13:06.231278 True [   18563.322031] 0003 0036 00000145
2022-03-16 15:13:06.247692 True [   18563.339352] 0003 0035 000002bb
2022-03-16 15:13:06.247692 True [   18563.339352] 0003 0036 0000015d
2022-03-16 15:13:06.265584 True [   18563.355856] 0003 0035 000002db
2022-03-16 15:13:06.265584 True [   18563.355856] 0003 0036 00000177
2022-03-16 15:13:06.282455 True [   18563.373841] 0003 0035 000002fc
2022-03-16 15:13:06.282455 True [   18563.373841] 0003 0036 00000193
2022-03-16 15:13:06.298771 True [   18563.390022] 0003 0035 0000031d
2022-03-16 15:13:06.298771 True [   18563.390022] 0003 0036 000001b0
2022-03-16 15:13:06.315798 True [   18563.406956] 0003 0035 00000339
2022-03-16 15:13:06.316759 True [   18563.406956] 0003 0036 000001cd
2022-03-16 15:13:06.331419 True [   18563.423268] 0003 0035 0000034e
2022-03-16 15:13:06.331419 True [   18563.423268] 0003 0036 000001e8
2022-03-16 15:13:06.348044 True [   18563.440176] 0003 0035 0000035d
2022-03-16 15:13:06.348044 True [   18563.440176] 0003 0036 00000200
2022-03-16 15:13:06.366828 True [   18563.457933] 0003 0035 00000369
2022-03-16 15:13:06.366828 True [   18563.457933] 0003 0036 00000213
2022-03-16 15:13:06.382751 True [   18563.474882] 0003 0035 00000371
2022-03-16 15:13:06.382751 False [   18563.474882] 0003 0036 00000220
2022-03-16 15:13:06.401194 False [   18563.491661] 0003 0035 00000378
2022-03-16 15:13:06.402196 False [   18563.491661] 0003 0036 00000227
2022-03-16 15:13:06.417933 False [   18563.509011] 0003 0035 00000378
2022-03-16 15:13:06.417933 False [   18563.509011] 0003 0036 00000227
2022-03-16 15:13:06.434352 False [   18563.525491] 0003 0035 00000378
2022-03-16 15:13:06.434352 False [   18563.525491] 0003 0036 00000227
2022-03-16 15:13:06.451368 False [   18563.542425] 0003 0035 00000378
2022-03-16 15:13:06.451368 False [   18563.542425] 0003 0036 0000021e
2022-03-16 15:13:06.468186 False [   18563.559403] 0003 0035 00000378
2022-03-16 15:13:06.468186 True [   18563.559403] 0003 0036 0000020f
2022-03-16 15:13:06.486297 True [   18563.576547] 0003 0035 00000376
2022-03-16 15:13:06.487262 True [   18563.576547] 0003 0036 000001fb
2022-03-16 15:13:06.503107 True [   18563.593430] 0003 0035 00000374
2022-03-16 15:13:06.506183 True [   18563.593430] 0003 0036 000001e2
2022-03-16 15:13:06.518605 True [   18563.610352] 0003 0035 00000372
2022-03-16 15:13:06.518605 True [   18563.610352] 0003 0036 000001c5
2022-03-16 15:13:06.536326 True [   18563.627054] 0003 0035 00000370
2022-03-16 15:13:06.536326 True [   18563.627054] 0003 0036 000001a5
2022-03-16 15:13:06.552932 True [   18563.643594] 0003 0035 0000036d
2022-03-16 15:13:06.552932 True [   18563.643594] 0003 0036 00000184
2022-03-16 15:13:06.569296 True [   18563.660666] 0003 0035 00000369
2022-03-16 15:13:06.569296 True [   18563.660666] 0003 0036 00000164
2022-03-16 15:13:06.586358 True [   18563.678259] 0003 0035 00000366
2022-03-16 15:13:06.586358 True [   18563.678259] 0003 0036 00000145
2022-03-16 15:13:06.603127 True [   18563.694634] 0003 0035 00000362
2022-03-16 15:13:06.603127 True [   18563.694634] 0003 0036 0000012a
2022-03-16 15:13:06.620828 True [   18563.711957] 0003 0035 0000035f
2022-03-16 15:13:06.620828 True [   18563.711957] 0003 0036 00000114
2022-03-16 15:13:06.638758 True [   18563.728968] 0003 0035 0000035d
2022-03-16 15:13:06.638758 True [   18563.728968] 0003 0036 00000103
2022-03-16 15:13:06.653743 True [   18563.745117] 0003 0035 0000035d
2022-03-16 15:13:06.653743 True [   18563.745117] 0003 0036 000000f7
2022-03-16 15:13:06.671356 True [   18563.762437] 0003 0035 0000035d
2022-03-16 15:13:06.671356 True [   18563.762437] 0003 0036 000000f0
2022-03-16 15:13:06.688123 True [   18563.779139] 0003 0035 0000035d
2022-03-16 15:13:06.688123 True [   18563.779139] 0003 0036 000000f0
2022-03-16 15:13:06.704105 False [   18563.796100] 0003 0035 00000365
2022-03-16 15:13:06.704994 False [   18563.796100] 0003 0036 000000f2
2022-03-16 15:13:06.722704 False [   18563.813162] 0003 0035 00000372
2022-03-16 15:13:06.722704 True [   18563.813162] 0003 0036 000000fc
2022-03-16 15:13:06.740173 False [   18563.830321] 0003 0035 00000384
2022-03-16 15:13:06.740173 True [   18563.830321] 0003 0036 0000010e
2022-03-16 15:13:06.754883 False [   18563.846891] 0003 0035 00000396
2022-03-16 15:13:06.754883 True [   18563.846891] 0003 0036 00000123
2022-03-16 15:13:06.772653 True [   18563.864105] 0003 0035 000003a4
2022-03-16 15:13:06.773607 True [   18563.864105] 0003 0036 00000139
2022-03-16 15:13:06.789755 True [   18563.880897] 0003 0035 000003ae
2022-03-16 15:13:06.790723 True [   18563.880897] 0003 0036 0000014d
2022-03-16 15:13:06.806004 True [   18563.898356] 0003 0035 000003b4
2022-03-16 15:13:06.806004 True [   18563.898356] 0003 0036 00000161
2022-03-16 15:13:06.822417 True [   18563.914446] 0003 0035 000003b9
2022-03-16 15:13:06.822417 True [   18563.914446] 0003 0036 00000176
2022-03-16 15:13:06.840393 True [   18563.931582] 0003 0035 000003bd
2022-03-16 15:13:06.840393 True [   18563.931582] 0003 0036 0000018b
2022-03-16 15:13:06.857292 True [   18563.948350] 0003 0035 000003c0
2022-03-16 15:13:06.857292 True [   18563.948350] 0003 0036 000001a1
2022-03-16 15:13:06.874852 True [   18563.965867] 0003 0035 000003c0
2022-03-16 15:13:06.874852 True [   18563.965867] 0003 0036 000001b8
2022-03-16 15:13:06.892637 True [   18563.982899] 0003 0035 000003c0
2022-03-16 15:13:06.892637 True [   18563.982899] 0003 0036 000001cf
2022-03-16 15:13:06.908324 True [   18563.999329] 0003 0035 000003c0
2022-03-16 15:13:06.908324 True [   18563.999329] 0003 0036 000001e6
2022-03-16 15:13:06.925333 True [   18564.016343] 0003 0035 000003c0
2022-03-16 15:13:06.925333 True [   18564.016343] 0003 0036 000001fa
2022-03-16 15:13:06.942193 True [   18564.033785] 0003 0035 000003c0
2022-03-16 15:13:06.942193 False [   18564.033785] 0003 0036 0000020b
2022-03-16 15:13:06.960134 False [   18564.050366] 0003 0035 000003c0
2022-03-16 15:13:06.960134 False [   18564.050366] 0003 0036 00000218
2022-03-16 15:13:06.977079 False [   18564.067677] 0003 0035 000003c2
2022-03-16 15:13:06.977079 False [   18564.067677] 0003 0036 00000222
2022-03-16 15:13:06.993064 False [   18564.084075] 0003 0035 000003c2
2022-03-16 15:13:06.993064 False [   18564.084075] 0003 0036 00000228
2022-03-16 15:13:07.010830 False [   18564.101556] 0003 0035 000003c2
2022-03-16 15:13:07.010830 False [   18564.101556] 0003 0036 0000022c
2022-03-16 15:13:07.026377 False [   18564.118505] 0003 0035 000003c2
2022-03-16 15:13:07.026377 False [   18564.118505] 0003 0036 0000022c
2022-03-16 15:13:07.043043 False [   18564.135448] 0003 0035 000003c2
2022-03-16 15:13:07.043043 False [   18564.135448] 0003 0036 0000022c
2022-03-16 15:13:07.061324 False [   18564.152509] 0003 0035 000003c2
2022-03-16 15:13:07.061324 False [   18564.152509] 0003 0036 00000226
2022-03-16 15:13:07.077883 False [   18564.169313] 0003 0035 000003c2
2022-03-16 15:13:07.077883 False [   18564.169313] 0003 0036 0000021d
2022-03-16 15:13:07.094822 False [   18564.185449] 0003 0035 000003c2
2022-03-16 15:13:07.094822 False [   18564.185449] 0003 0036 00000212
2022-03-16 15:13:07.111847 False [   18564.202344] 0003 0035 000003c4
2022-03-16 15:13:07.111847 False [   18564.202344] 0003 0036 00000204
2022-03-16 15:13:07.128460 False [   18564.220771] 0003 0035 000003c6
2022-03-16 15:13:07.128460 True [   18564.220771] 0003 0036 000001f3
2022-03-16 15:13:07.144503 True [   18564.236306] 0003 0035 000003c8
2022-03-16 15:13:07.144503 True [   18564.236306] 0003 0036 000001df
2022-03-16 15:13:07.161370 True [   18564.253164] 0003 0035 000003cb
2022-03-16 15:13:07.161370 True [   18564.253164] 0003 0036 000001c9
2022-03-16 15:13:07.178961 True [   18564.270721] 0003 0035 000003cf
2022-03-16 15:13:07.178961 True [   18564.270721] 0003 0036 000001b1
2022-03-16 15:13:07.197513 True [   18564.287596] 0003 0035 000003d4
2022-03-16 15:13:07.197513 True [   18564.287596] 0003 0036 00000199
2022-03-16 15:13:07.212558 True [   18564.304673] 0003 0035 000003d9
2022-03-16 15:13:07.212558 True [   18564.304673] 0003 0036 00000181
2022-03-16 15:13:07.229310 True [   18564.321498] 0003 0035 000003e0
2022-03-16 15:13:07.229310 True [   18564.321498] 0003 0036 0000016b
2022-03-16 15:13:07.248112 True [   18564.338385] 0003 0035 000003ea
2022-03-16 15:13:07.248112 True [   18564.338385] 0003 0036 00000158
2022-03-16 15:13:07.263983 True [   18564.354713] 0003 0035 000003f4
2022-03-16 15:13:07.263983 True [   18564.354713] 0003 0036 00000148
2022-03-16 15:13:07.280916 False [   18564.371900] 0003 0035 000003fc
2022-03-16 15:13:07.280916 False [   18564.371900] 0003 0036 0000013c
2022-03-16 15:13:07.296847 False [   18564.388666] 0003 0035 00000402
2022-03-16 15:13:07.296847 False [   18564.388666] 0003 0036 00000135
2022-03-16 15:13:07.314727 False [   18564.405762] 0003 0035 00000405
2022-03-16 15:13:07.314727 False [   18564.405762] 0003 0036 00000131
2022-03-16 15:13:07.330948 False [   18564.422796] 0003 0035 00000409
2022-03-16 15:13:07.330948 False [   18564.422796] 0003 0036 00000134
2022-03-16 15:13:07.347364 False [   18564.439604] 0003 0035 0000040c
2022-03-16 15:13:07.347364 False [   18564.439604] 0003 0036 00000141
2022-03-16 15:13:07.365837 False [   18564.456382] 0003 0035 0000040f
2022-03-16 15:13:07.365837 True [   18564.456382] 0003 0036 00000158
2022-03-16 15:13:10.026407 True [   18567.117552] 0003 0035 000003e3
2022-03-16 15:13:10.027403 False [   18567.117552] 0003 0036 000000c6
2022-03-16 15:13:10.042809 False [   18567.133928] 0003 0035 000003e3
2022-03-16 15:13:10.042809 False [   18567.133928] 0003 0036 000000c6
2022-03-16 15:13:10.059432 False [   18567.150035] 0003 0035 000003e3
2022-03-16 15:13:10.059432 False [   18567.150035] 0003 0036 000000c6
2022-03-16 15:13:10.075825 False [   18567.166959] 0003 0035 000003e7
2022-03-16 15:13:10.075825 False [   18567.166959] 0003 0036 000000c6
2022-03-16 15:13:10.094428 False [   18567.183820] 0003 0035 000003ec
2022-03-16 15:13:10.094428 False [   18567.183820] 0003 0036 000000c6
2022-03-16 15:13:10.109517 False [   18567.200646] 0003 0035 000003f0
2022-03-16 15:13:10.109517 False [   18567.200646] 0003 0036 000000c6
2022-03-16 15:13:10.126197 False [   18567.218091] 0003 0035 000003f0
2022-03-16 15:13:10.126197 False [   18567.218091] 0003 0036 000000c6
2022-03-16 15:13:10.159456 False [   18567.250908] 0003 0035 000003f0
2022-03-16 15:13:10.159456 False [   18567.250908] 0003 0036 000000c6
2022-03-16 15:13:10.177992 False [   18567.268125] 0003 0035 000003e8
2022-03-16 15:13:10.177992 False [   18567.268125] 0003 0036 000000c6
2022-03-16 15:13:10.194705 False [   18567.284740] 0003 0035 000003d5
2022-03-16 15:13:10.194705 False [   18567.284740] 0003 0036 000000c6
2022-03-16 15:13:10.211340 False [   18567.302640] 0003 0035 000003b9
2022-03-16 15:13:10.211340 False [   18567.302640] 0003 0036 000000c6
2022-03-16 15:13:10.227842 False [   18567.319359] 0003 0035 00000395
2022-03-16 15:13:10.227842 False [   18567.319359] 0003 0036 000000c6
2022-03-16 15:13:10.243954 False [   18567.335560] 0003 0035 0000036c
2022-03-16 15:13:10.243954 False [   18567.335560] 0003 0036 000000c6
2022-03-16 15:13:10.261870 False [   18567.352394] 0003 0035 0000033d
2022-03-16 15:13:10.261870 False [   18567.352394] 0003 0036 000000c4
2022-03-16 15:13:10.278850 True [   18567.369744] 0003 0035 00000306
2022-03-16 15:13:10.278850 True [   18567.369744] 0003 0036 000000c2
2022-03-16 15:13:10.296951 True [   18567.386811] 0003 0035 000002cc
2022-03-16 15:13:10.296951 True [   18567.386811] 0003 0036 000000c0
2022-03-16 15:13:10.312349 False [   18567.403529] 0003 0035 00000292
2022-03-16 15:13:10.313383 False [   18567.403529] 0003 0036 000000bd
2022-03-16 15:13:10.329303 False [   18567.420885] 0003 0035 00000258
2022-03-16 15:13:10.329303 False [   18567.420885] 0003 0036 000000ba
2022-03-16 15:13:10.346750 False [   18567.437650] 0003 0035 00000221
2022-03-16 15:13:10.346750 False [   18567.437650] 0003 0036 000000b6
2022-03-16 15:13:10.362491 False [   18567.454395] 0003 0035 000001f0
2022-03-16 15:13:10.362491 False [   18567.454395] 0003 0036 000000b2
2022-03-16 15:13:10.381661 False [   18567.472159] 0003 0035 000001c6
2022-03-16 15:13:10.381661 False [   18567.472159] 0003 0036 000000af
2022-03-16 15:13:10.396077 False [   18567.488444] 0003 0035 000001a2
2022-03-16 15:13:10.397084 False [   18567.488444] 0003 0036 000000ad
2022-03-16 15:13:10.416793 False [   18567.505065] 0003 0035 00000184
2022-03-16 15:13:10.416793 False [   18567.505065] 0003 0036 000000ad
2022-03-16 15:13:10.430937 False [   18567.522103] 0003 0035 0000016d
2022-03-16 15:13:10.430937 False [   18567.522103] 0003 0036 000000ab
2022-03-16 15:13:10.447212 False [   18567.538582] 0003 0035 0000015b
2022-03-16 15:13:10.447212 False [   18567.538582] 0003 0036 000000ab
2022-03-16 15:13:10.790053 False [   18567.879712] 0003 0035 00000361
2022-03-16 15:13:10.790053 False [   18567.879712] 0003 0036 000000a9
2022-03-16 15:13:10.804281 False [   18567.895144] 0003 0035 00000361
2022-03-16 15:13:10.804281 False [   18567.895144] 0003 0036 000000a9
2022-03-16 15:13:10.821286 False [   18567.912132] 0003 0035 0000035c
2022-03-16 15:13:10.821286 False [   18567.912132] 0003 0036 000000a9
2022-03-16 15:13:10.837932 False [   18567.929241] 0003 0035 0000034f
2022-03-16 15:13:10.837932 False [   18567.929241] 0003 0036 000000a9
2022-03-16 15:13:10.854254 False [   18567.945614] 0003 0035 0000033c
2022-03-16 15:13:10.854254 False [   18567.945614] 0003 0036 000000a6
2022-03-16 15:13:10.871260 False [   18567.962666] 0003 0035 00000321
2022-03-16 15:13:10.871260 False [   18567.962666] 0003 0036 000000a3
2022-03-16 15:13:10.888503 False [   18567.979849] 0003 0035 000002fe
2022-03-16 15:13:10.888503 False [   18567.979849] 0003 0036 0000009f
2022-03-16 15:13:10.906266 False [   18567.996436] 0003 0035 000002d7
2022-03-16 15:13:10.906266 False [   18567.996436] 0003 0036 0000009a
2022-03-16 15:13:10.922538 False [   18568.013608] 0003 0035 000002ac
2022-03-16 15:13:10.922538 False [   18568.013608] 0003 0036 00000095
2022-03-16 15:13:10.938588 False [   18568.029984] 0003 0035 0000027e
2022-03-16 15:13:10.938588 False [   18568.029984] 0003 0036 00000091
2022-03-16 15:13:10.955555 False [   18568.046810] 0003 0035 00000249
2022-03-16 15:13:10.955555 False [   18568.046810] 0003 0036 0000008d
2022-03-16 15:13:10.973697 False [   18568.063667] 0003 0035 00000210
2022-03-16 15:13:10.973697 False [   18568.063667] 0003 0036 00000089
2022-03-16 15:13:10.989428 False [   18568.080613] 0003 0035 000001d6
2022-03-16 15:13:10.989428 False [   18568.080613] 0003 0036 00000086
2022-03-16 15:13:11.007646 False [   18568.098266] 0003 0035 00000197
2022-03-16 15:13:11.007646 False [   18568.098266] 0003 0036 00000083
