Mode = area stim
    verts = 4 
    radius = 550 
    center = (600, 960) 
    first_angle = 1.7653129007762625 
    wm_size = [1200 1920] 
    stim_amp = 3 
    baseline_stim = 3
    current_stim_group = 0
    sense_zone = 0
    ===============================
2022-03-16 15:12:26.599447 True [   18523.692166] 0003 0036 000001f7
2022-03-16 15:12:26.615042 True [   18523.707947] 0003 0035 000003cc
2022-03-16 15:12:26.616047 True [   18523.707947] 0003 0036 000001f7
2022-03-16 15:12:26.630111 True [   18523.723889] 0003 0035 000003cc
2022-03-16 15:12:26.630111 True [   18523.723889] 0003 0036 000001f7
2022-03-16 15:12:26.648595 True [   18523.742317] 0003 0035 000003cc
2022-03-16 15:12:26.649564 True [   18523.742317] 0003 0036 000001f7
2022-03-16 15:12:26.665016 True [   18523.758780] 0003 0035 000003cc
2022-03-16 15:12:26.666014 True [   18523.758780] 0003 0036 000001f7
2022-03-16 15:12:26.681233 True [   18523.774737] 0003 0035 000003cc
2022-03-16 15:12:26.681233 True [   18523.774737] 0003 0036 000001f7
2022-03-16 15:12:26.699275 True [   18523.792433] 0003 0035 000003cc
2022-03-16 15:12:26.699275 True [   18523.792433] 0003 0036 000001f7
2022-03-16 15:12:26.716417 True [   18523.809594] 0003 0035 000003cc
2022-03-16 15:12:26.716417 True [   18523.809594] 0003 0036 000001f7
2022-03-16 15:12:26.733322 True [   18523.826335] 0003 0035 000003cc
2022-03-16 15:12:26.733322 True [   18523.826335] 0003 0036 000001f7
2022-03-16 15:12:26.750804 True [   18523.842838] 0003 0035 000003cc
2022-03-16 15:12:26.750804 True [   18523.842838] 0003 0036 000001f7
2022-03-16 15:12:26.766726 True [   18523.860144] 0003 0035 000003cc
2022-03-16 15:12:26.766726 True [   18523.860144] 0003 0036 000001f7
2022-03-16 15:12:26.783705 True [   18523.876308] 0003 0035 000003cc
2022-03-16 15:12:26.783705 True [   18523.876308] 0003 0036 000001f7
2022-03-16 15:12:26.800912 True [   18523.893639] 0003 0035 000003cc
2022-03-16 15:12:26.800912 True [   18523.893639] 0003 0036 000001f7
2022-03-16 15:12:26.819136 True [   18523.910920] 0003 0035 000003cc
2022-03-16 15:12:26.819136 True [   18523.910920] 0003 0036 000001f7
2022-03-16 15:12:26.834368 True [   18523.927311] 0003 0035 000003cc
2022-03-16 15:12:26.834368 True [   18523.927311] 0003 0036 000001f7
2022-03-16 15:12:26.851238 True [   18523.944419] 0003 0035 000003cc
2022-03-16 15:12:26.851238 True [   18523.944419] 0003 0036 000001f7
2022-03-16 15:12:26.868073 True [   18523.961375] 0003 0035 000003cc
2022-03-16 15:12:26.868073 True [   18523.961375] 0003 0036 000001f7
2022-03-16 15:12:26.885459 True [   18523.978698] 0003 0035 000003cc
2022-03-16 15:12:26.885459 True [   18523.978698] 0003 0036 000001f7
2022-03-16 15:12:26.902265 True [   18523.995061] 0003 0035 000003cc
2022-03-16 15:12:26.902265 True [   18523.995061] 0003 0036 000001f7
2022-03-16 15:12:26.920689 True [   18524.011988] 0003 0035 000003cc
2022-03-16 15:12:26.920689 True [   18524.011988] 0003 0036 000001f7
2022-03-16 15:12:26.936908 True [   18524.029684] 0003 0035 000003cc
2022-03-16 15:12:26.936908 True [   18524.029684] 0003 0036 000001f7
2022-03-16 15:12:26.953980 True [   18524.046447] 0003 0035 000003cc
2022-03-16 15:12:26.953980 True [   18524.046447] 0003 0036 000001f7
2022-03-16 15:12:26.970206 True [   18524.062794] 0003 0035 000003cc
2022-03-16 15:12:26.970206 True [   18524.062794] 0003 0036 000001f7
2022-03-16 15:12:26.986930 True [   18524.079719] 0003 0035 000003cc
2022-03-16 15:12:26.986930 True [   18524.079719] 0003 0036 000001f7
2022-03-16 15:12:27.005133 True [   18524.096957] 0003 0035 000003cc
2022-03-16 15:12:27.005133 True [   18524.096957] 0003 0036 000001f7
2022-03-16 15:12:27.021091 True [   18524.113503] 0003 0035 000003cc
2022-03-16 15:12:27.021091 True [   18524.113503] 0003 0036 000001f7
2022-03-16 15:12:27.038540 True [   18524.131003] 0003 0035 000003cc
2022-03-16 15:12:27.038540 True [   18524.131003] 0003 0036 000001f7
2022-03-16 15:12:27.055015 True [   18524.147901] 0003 0035 000003cc
2022-03-16 15:12:27.055015 True [   18524.147901] 0003 0036 000001f7
2022-03-16 15:12:27.072018 True [   18524.164656] 0003 0035 000003cc
2022-03-16 15:12:27.072018 True [   18524.164656] 0003 0036 000001f7
2022-03-16 15:12:27.089079 True [   18524.181358] 0003 0035 000003c8
2022-03-16 15:12:27.089079 True [   18524.181358] 0003 0036 000001f7
2022-03-16 15:12:27.106297 True [   18524.198646] 0003 0035 000003c4
2022-03-16 15:12:27.106297 True [   18524.198646] 0003 0036 000001f7
2022-03-16 15:12:27.122957 True [   18524.215265] 0003 0035 000003be
2022-03-16 15:12:27.122957 True [   18524.215265] 0003 0036 000001f9
2022-03-16 15:12:27.138442 True [   18524.231967] 0003 0035 000003b6
2022-03-16 15:12:27.138442 True [   18524.231967] 0003 0036 000001fb
2022-03-16 15:12:27.156119 True [   18524.248932] 0003 0035 000003ac
2022-03-16 15:12:27.156119 True [   18524.248932] 0003 0036 000001fb
2022-03-16 15:12:27.173286 True [   18524.265866] 0003 0035 000003a3
2022-03-16 15:12:27.173286 True [   18524.265866] 0003 0036 000001fd
2022-03-16 15:12:27.189672 True [   18524.283180] 0003 0035 0000039a
2022-03-16 15:12:27.189672 True [   18524.283180] 0003 0036 000001fd
2022-03-16 15:12:27.206234 True [   18524.299756] 0003 0035 00000392
2022-03-16 15:12:27.206234 True [   18524.299756] 0003 0036 000001ff
2022-03-16 15:12:27.223050 True [   18524.316858] 0003 0035 0000038b
2022-03-16 15:12:27.223050 True [   18524.316858] 0003 0036 000001ff
2022-03-16 15:12:27.240872 True [   18524.334015] 0003 0035 00000385
2022-03-16 15:12:27.240872 True [   18524.334015] 0003 0036 000001ff
2022-03-16 15:12:27.259689 True [   18524.350955] 0003 0035 00000380
2022-03-16 15:12:27.259689 True [   18524.350955] 0003 0036 00000201
2022-03-16 15:12:27.276020 True [   18524.367864] 0003 0035 0000037c
2022-03-16 15:12:27.276020 True [   18524.367864] 0003 0036 00000201
2022-03-16 15:12:27.292083 True [   18524.385274] 0003 0035 0000037c
2022-03-16 15:12:27.292083 True [   18524.385274] 0003 0036 00000201
2022-03-16 15:12:27.309247 True [   18524.401386] 0003 0035 0000037c
2022-03-16 15:12:27.309247 True [   18524.401386] 0003 0036 00000201
2022-03-16 15:12:27.326030 True [   18524.418839] 0003 0035 00000378
2022-03-16 15:12:27.326030 True [   18524.418839] 0003 0036 00000203
2022-03-16 15:12:27.343076 True [   18524.435401] 0003 0035 00000378
2022-03-16 15:12:27.343076 True [   18524.435401] 0003 0036 00000203
2022-03-16 15:12:27.359629 True [   18524.452381] 0003 0035 00000378
2022-03-16 15:12:27.359629 True [   18524.452381] 0003 0036 00000203
2022-03-16 15:12:27.376340 True [   18524.469514] 0003 0035 00000378
2022-03-16 15:12:27.376340 True [   18524.469514] 0003 0036 00000203
2022-03-16 15:12:27.393171 True [   18524.486417] 0003 0035 00000374
2022-03-16 15:12:27.393171 True [   18524.486417] 0003 0036 00000203
2022-03-16 15:12:27.411268 True [   18524.503411] 0003 0035 00000374
2022-03-16 15:12:27.411268 True [   18524.503411] 0003 0036 00000203
2022-03-16 15:12:27.426741 True [   18524.520310] 0003 0035 00000374
2022-03-16 15:12:27.426741 True [   18524.520310] 0003 0036 00000203
2022-03-16 15:12:27.444755 True [   18524.537225] 0003 0035 0000036f
2022-03-16 15:12:27.444755 True [   18524.537225] 0003 0036 00000205
2022-03-16 15:12:27.461037 True [   18524.553768] 0003 0035 0000036b
2022-03-16 15:12:27.461037 True [   18524.553768] 0003 0036 00000205
2022-03-16 15:12:27.478556 True [   18524.570876] 0003 0035 00000366
2022-03-16 15:12:27.478556 True [   18524.570876] 0003 0036 00000207
2022-03-16 15:12:27.496896 True [   18524.587812] 0003 0035 0000035f
2022-03-16 15:12:27.496896 True [   18524.587812] 0003 0036 00000207
2022-03-16 15:12:27.512140 True [   18524.604952] 0003 0035 00000356
2022-03-16 15:12:27.512140 True [   18524.604952] 0003 0036 00000209
2022-03-16 15:12:27.528537 True [   18524.621740] 0003 0035 0000034e
2022-03-16 15:12:27.528537 True [   18524.621740] 0003 0036 00000209
2022-03-16 15:12:27.546943 True [   18524.639097] 0003 0035 00000345
2022-03-16 15:12:27.546943 True [   18524.639097] 0003 0036 0000020b
2022-03-16 15:12:27.562604 True [   18524.655334] 0003 0035 0000033d
2022-03-16 15:12:27.562604 True [   18524.655334] 0003 0036 0000020b
2022-03-16 15:12:27.579544 True [   18524.672923] 0003 0035 00000336
2022-03-16 15:12:27.579544 True [   18524.672923] 0003 0036 0000020b
2022-03-16 15:12:27.597502 True [   18524.690242] 0003 0035 00000330
2022-03-16 15:12:27.597502 True [   18524.690242] 0003 0036 0000020b
2022-03-16 15:12:27.613631 True [   18524.706394] 0003 0035 0000032b
2022-03-16 15:12:27.614650 True [   18524.706394] 0003 0036 0000020d
2022-03-16 15:12:27.630467 True [   18524.723893] 0003 0035 00000327
2022-03-16 15:12:27.630467 True [   18524.723893] 0003 0036 0000020d
2022-03-16 15:12:27.647443 True [   18524.740660] 0003 0035 00000327
2022-03-16 15:12:27.647443 True [   18524.740660] 0003 0036 0000020d
2022-03-16 15:12:27.664013 True [   18524.756959] 0003 0035 00000323
2022-03-16 15:12:27.664013 True [   18524.756959] 0003 0036 0000020d
2022-03-16 15:12:27.680758 True [   18524.774681] 0003 0035 00000323
2022-03-16 15:12:27.680758 True [   18524.774681] 0003 0036 0000020d
2022-03-16 15:12:27.697670 True [   18524.791269] 0003 0035 0000031f
2022-03-16 15:12:27.697670 True [   18524.791269] 0003 0036 0000020f
2022-03-16 15:12:27.715762 True [   18524.807997] 0003 0035 0000031f
2022-03-16 15:12:27.715762 True [   18524.807997] 0003 0036 0000020f
2022-03-16 15:12:27.732127 True [   18524.824919] 0003 0035 0000031a
2022-03-16 15:12:27.732127 True [   18524.824919] 0003 0036 0000020f
2022-03-16 15:12:27.749157 True [   18524.842277] 0003 0035 0000031a
2022-03-16 15:12:27.749157 True [   18524.842277] 0003 0036 0000020f
2022-03-16 15:12:27.765658 True [   18524.859053] 0003 0035 00000315
2022-03-16 15:12:27.765658 True [   18524.859053] 0003 0036 00000211
2022-03-16 15:12:27.782546 True [   18524.875655] 0003 0035 00000311
2022-03-16 15:12:27.783543 True [   18524.875655] 0003 0036 00000213
2022-03-16 15:12:27.799998 True [   18524.893042] 0003 0035 0000030d
2022-03-16 15:12:27.799998 True [   18524.893042] 0003 0036 00000213
2022-03-16 15:12:27.817238 True [   18524.910428] 0003 0035 0000030d
2022-03-16 15:12:27.817238 True [   18524.910428] 0003 0036 00000213
2022-03-16 15:12:27.833272 True [   18524.927047] 0003 0035 00000307
2022-03-16 15:12:27.833272 True [   18524.927047] 0003 0036 00000215
2022-03-16 15:12:27.852126 True [   18524.944237] 0003 0035 000002ff
2022-03-16 15:12:27.852126 True [   18524.944237] 0003 0036 00000215
2022-03-16 15:12:27.867276 True [   18524.960417] 0003 0035 000002f7
2022-03-16 15:12:27.867276 True [   18524.960417] 0003 0036 00000215
2022-03-16 15:12:27.884455 True [   18524.977562] 0003 0035 000002f0
2022-03-16 15:12:27.884455 True [   18524.977562] 0003 0036 00000217
2022-03-16 15:12:27.903124 True [   18524.994888] 0003 0035 000002e9
2022-03-16 15:12:27.903124 True [   18524.994888] 0003 0036 00000217
2022-03-16 15:12:27.919780 True [   18525.011747] 0003 0035 000002e4
2022-03-16 15:12:27.919780 True [   18525.011747] 0003 0036 00000217
2022-03-16 15:12:27.935884 True [   18525.028362] 0003 0035 000002e0
2022-03-16 15:12:27.935884 True [   18525.028362] 0003 0036 00000217
2022-03-16 15:12:27.952779 True [   18525.045441] 0003 0035 000002e0
2022-03-16 15:12:27.952779 True [   18525.045441] 0003 0036 00000217
2022-03-16 15:12:27.968841 True [   18525.062150] 0003 0035 000002dc
2022-03-16 15:12:27.969844 True [   18525.062150] 0003 0036 00000219
2022-03-16 15:12:28.478613 True [   18525.571305] 0003 0035 000002ec
2022-03-16 15:12:28.478613 True [   18525.571305] 0003 0036 0000021a
2022-03-16 15:12:28.497204 True [   18525.587571] 0003 0035 000002ec
2022-03-16 15:12:28.497204 True [   18525.587571] 0003 0036 0000021a
2022-03-16 15:12:28.511665 True [   18525.604769] 0003 0035 000002ec
2022-03-16 15:12:28.511665 True [   18525.604769] 0003 0036 0000021a
2022-03-16 15:12:28.529835 True [   18525.622109] 0003 0035 000002ec
2022-03-16 15:12:28.529835 True [   18525.622109] 0003 0036 0000021a
2022-03-16 15:12:28.546167 True [   18525.639071] 0003 0035 000002ec
2022-03-16 15:12:28.546167 True [   18525.639071] 0003 0036 0000021a
2022-03-16 15:12:28.561640 True [   18525.654800] 0003 0035 000002e7
2022-03-16 15:12:28.561640 True [   18525.654800] 0003 0036 0000021a
2022-03-16 15:12:28.579373 True [   18525.672188] 0003 0035 000002e3
2022-03-16 15:12:28.579373 True [   18525.672188] 0003 0036 0000021a
2022-03-16 15:12:28.597314 True [   18525.689219] 0003 0035 000002de
2022-03-16 15:12:28.597314 True [   18525.689219] 0003 0036 0000021a
2022-03-16 15:12:28.613529 True [   18525.706218] 0003 0035 000002d8
2022-03-16 15:12:28.613529 True [   18525.706218] 0003 0036 0000021a
2022-03-16 15:12:28.629515 True [   18525.722657] 0003 0035 000002d3
2022-03-16 15:12:28.629515 True [   18525.722657] 0003 0036 0000021a
2022-03-16 15:12:28.647484 True [   18525.739440] 0003 0035 000002cf
2022-03-16 15:12:28.647484 True [   18525.739440] 0003 0036 0000021a
2022-03-16 15:12:28.665963 True [   18525.756193] 0003 0035 000002cb
2022-03-16 15:12:28.665963 True [   18525.756193] 0003 0036 0000021a
2022-03-16 15:12:28.681411 True [   18525.773666] 0003 0035 000002c7
2022-03-16 15:12:28.681411 True [   18525.773666] 0003 0036 00000218
2022-03-16 15:12:28.697027 True [   18525.790048] 0003 0035 000002c3
2022-03-16 15:12:28.697027 True [   18525.790048] 0003 0036 00000216
2022-03-16 15:12:28.714662 True [   18525.807702] 0003 0035 000002bf
2022-03-16 15:12:28.714662 True [   18525.807702] 0003 0036 00000216
2022-03-16 15:12:28.731169 True [   18525.824506] 0003 0035 000002bb
2022-03-16 15:12:28.731169 True [   18525.824506] 0003 0036 00000214
2022-03-16 15:12:28.748079 True [   18525.841573] 0003 0035 000002b7
2022-03-16 15:12:28.748079 True [   18525.841573] 0003 0036 00000212
2022-03-16 15:12:28.767169 True [   18525.858415] 0003 0035 000002b3
2022-03-16 15:12:28.769158 True [   18525.858415] 0003 0036 00000210
2022-03-16 15:12:28.780983 True [   18525.874746] 0003 0035 000002ad
2022-03-16 15:12:28.780983 True [   18525.874746] 0003 0036 0000020e
2022-03-16 15:12:28.798768 True [   18525.891842] 0003 0035 000002a3
2022-03-16 15:12:28.798768 True [   18525.891842] 0003 0036 0000020b
2022-03-16 15:12:28.815900 True [   18525.909008] 0003 0035 00000299
2022-03-16 15:12:28.815900 True [   18525.909008] 0003 0036 00000209
2022-03-16 15:12:28.834162 True [   18525.926392] 0003 0035 0000028e
2022-03-16 15:12:28.834162 True [   18525.926392] 0003 0036 00000206
2022-03-16 15:12:28.849622 True [   18525.943194] 0003 0035 00000284
2022-03-16 15:12:28.850620 True [   18525.943194] 0003 0036 00000204
2022-03-16 15:12:28.867015 True [   18525.959671] 0003 0035 0000027c
2022-03-16 15:12:28.867015 True [   18525.959671] 0003 0036 00000202
2022-03-16 15:12:28.884639 True [   18525.977538] 0003 0035 00000275
2022-03-16 15:12:28.884639 True [   18525.977538] 0003 0036 00000200
2022-03-16 15:12:28.902302 True [   18525.994034] 0003 0035 0000026e
2022-03-16 15:12:28.902302 True [   18525.994034] 0003 0036 000001fe
2022-03-16 15:12:28.918822 True [   18526.011051] 0003 0035 00000269
2022-03-16 15:12:28.918822 True [   18526.011051] 0003 0036 000001fc
2022-03-16 15:12:28.934517 True [   18526.027380] 0003 0035 00000265
2022-03-16 15:12:28.934517 True [   18526.027380] 0003 0036 000001fa
2022-03-16 15:12:28.951291 True [   18526.044373] 0003 0035 00000265
2022-03-16 15:12:28.951291 True [   18526.044373] 0003 0036 000001fa
2022-03-16 15:12:28.968799 True [   18526.061452] 0003 0035 00000261
2022-03-16 15:12:28.968799 True [   18526.061452] 0003 0036 000001f8
2022-03-16 15:12:28.988082 True [   18526.079364] 0003 0035 00000261
2022-03-16 15:12:28.988082 True [   18526.079364] 0003 0036 000001f8
2022-03-16 15:12:29.003174 True [   18526.094861] 0003 0035 0000025c
2022-03-16 15:12:29.003174 True [   18526.094861] 0003 0036 000001f6
2022-03-16 15:12:29.018957 True [   18526.112388] 0003 0035 00000258
2022-03-16 15:12:29.018957 True [   18526.112388] 0003 0036 000001f4
2022-03-16 15:12:29.036745 True [   18526.128876] 0003 0035 00000254
2022-03-16 15:12:29.036745 True [   18526.128876] 0003 0036 000001f2
2022-03-16 15:12:29.053208 True [   18526.145885] 0003 0035 00000250
2022-03-16 15:12:29.053208 True [   18526.145885] 0003 0036 000001ef
2022-03-16 15:12:29.070551 True [   18526.163355] 0003 0035 0000024a
2022-03-16 15:12:29.070551 True [   18526.163355] 0003 0036 000001ed
2022-03-16 15:12:29.086666 True [   18526.179622] 0003 0035 00000243
2022-03-16 15:12:29.086666 True [   18526.179622] 0003 0036 000001ea
2022-03-16 15:12:29.104576 True [   18526.196536] 0003 0035 0000023a
2022-03-16 15:12:29.104576 True [   18526.196536] 0003 0036 000001e7
2022-03-16 15:12:29.122079 True [   18526.213672] 0003 0035 00000231
2022-03-16 15:12:29.122079 True [   18526.213672] 0003 0036 000001e5
2022-03-16 15:12:29.139385 True [   18526.230848] 0003 0035 00000229
2022-03-16 15:12:29.139385 True [   18526.230848] 0003 0036 000001e2
2022-03-16 15:12:29.154231 True [   18526.247496] 0003 0035 00000222
2022-03-16 15:12:29.154231 True [   18526.247496] 0003 0036 000001e0
2022-03-16 15:12:29.171570 True [   18526.264447] 0003 0035 0000021b
2022-03-16 15:12:29.171570 True [   18526.264447] 0003 0036 000001dd
2022-03-16 15:12:29.189698 True [   18526.281782] 0003 0035 00000216
2022-03-16 15:12:29.189698 True [   18526.281782] 0003 0036 000001db
2022-03-16 15:12:29.206217 True [   18526.299521] 0003 0035 00000212
2022-03-16 15:12:29.206217 True [   18526.299521] 0003 0036 000001db
2022-03-16 15:12:29.223223 True [   18526.315066] 0003 0035 0000020e
2022-03-16 15:12:29.224228 True [   18526.315066] 0003 0036 000001d9
2022-03-16 15:12:29.239671 True [   18526.332001] 0003 0035 0000020e
2022-03-16 15:12:29.239671 True [   18526.332001] 0003 0036 000001d9
2022-03-16 15:12:29.257131 True [   18526.349386] 0003 0035 0000020a
2022-03-16 15:12:29.257131 True [   18526.349386] 0003 0036 000001d6
2022-03-16 15:12:29.274142 True [   18526.366462] 0003 0035 0000020a
2022-03-16 15:12:29.275135 True [   18526.366462] 0003 0036 000001d6
2022-03-16 15:12:29.290341 True [   18526.383014] 0003 0035 0000020a
2022-03-16 15:12:29.290341 True [   18526.383014] 0003 0036 000001d6
2022-03-16 15:12:29.306739 True [   18526.399976] 0003 0035 00000206
2022-03-16 15:12:29.306739 True [   18526.399976] 0003 0036 000001d2
2022-03-16 15:12:29.324518 True [   18526.416728] 0003 0035 00000206
2022-03-16 15:12:29.324518 True [   18526.416728] 0003 0036 000001d2
2022-03-16 15:12:29.341773 True [   18526.433637] 0003 0035 00000206
2022-03-16 15:12:29.341773 True [   18526.433637] 0003 0036 000001d2
2022-03-16 15:12:29.358727 True [   18526.450961] 0003 0035 00000202
2022-03-16 15:12:29.358727 True [   18526.450961] 0003 0036 000001ce
2022-03-16 15:12:29.374110 True [   18526.467464] 0003 0035 00000202
2022-03-16 15:12:29.374110 True [   18526.467464] 0003 0036 000001ce
2022-03-16 15:12:29.391754 True [   18526.484881] 0003 0035 00000202
2022-03-16 15:12:29.391754 True [   18526.484881] 0003 0036 000001ce
2022-03-16 15:12:29.409486 True [   18526.502243] 0003 0035 000001fe
2022-03-16 15:12:29.409486 True [   18526.502243] 0003 0036 000001ca
2022-03-16 15:12:29.425620 True [   18526.519076] 0003 0035 000001fe
2022-03-16 15:12:29.426670 True [   18526.519076] 0003 0036 000001ca
2022-03-16 15:12:29.443027 True [   18526.535477] 0003 0035 000001fe
2022-03-16 15:12:29.443027 True [   18526.535477] 0003 0036 000001ca
2022-03-16 15:12:29.459878 True [   18526.552804] 0003 0035 000001fa
2022-03-16 15:12:29.459878 True [   18526.552804] 0003 0036 000001c6
2022-03-16 15:12:29.476586 True [   18526.569685] 0003 0035 000001fa
2022-03-16 15:12:29.476586 True [   18526.569685] 0003 0036 000001c6
2022-03-16 15:12:29.493724 True [   18526.586781] 0003 0035 000001fa
2022-03-16 15:12:29.493724 True [   18526.586781] 0003 0036 000001c6
2022-03-16 15:12:29.510575 True [   18526.603762] 0003 0035 000001f6
2022-03-16 15:12:29.510575 True [   18526.603762] 0003 0036 000001c3
2022-03-16 15:12:29.528904 True [   18526.620498] 0003 0035 000001f6
2022-03-16 15:12:29.529926 True [   18526.620498] 0003 0036 000001c3
2022-03-16 15:12:29.544714 True [   18526.637670] 0003 0035 000001f2
2022-03-16 15:12:29.544714 True [   18526.637670] 0003 0036 000001c0
2022-03-16 15:12:29.562155 True [   18526.654199] 0003 0035 000001f2
2022-03-16 15:12:29.562155 True [   18526.654199] 0003 0036 000001c0
2022-03-16 15:12:29.578120 True [   18526.670699] 0003 0035 000001ed
2022-03-16 15:12:29.578120 True [   18526.670699] 0003 0036 000001bc
2022-03-16 15:12:29.594537 True [   18526.687666] 0003 0035 000001e9
2022-03-16 15:12:29.594537 True [   18526.687666] 0003 0036 000001b9
2022-03-16 15:12:29.611499 True [   18526.704839] 0003 0035 000001e4
2022-03-16 15:12:29.611499 True [   18526.704839] 0003 0036 000001b7
2022-03-16 15:12:29.629285 True [   18526.722003] 0003 0035 000001df
2022-03-16 15:12:29.629285 True [   18526.722003] 0003 0036 000001b5
2022-03-16 15:12:29.646748 True [   18526.739076] 0003 0035 000001da
2022-03-16 15:12:29.646748 True [   18526.739076] 0003 0036 000001b3
2022-03-16 15:12:29.662242 True [   18526.755780] 0003 0035 000001d4
2022-03-16 15:12:29.662242 True [   18526.755780] 0003 0036 000001b0
2022-03-16 15:12:29.679341 True [   18526.772898] 0003 0035 000001cf
2022-03-16 15:12:29.679341 True [   18526.772898] 0003 0036 000001ad
2022-03-16 15:12:29.698080 True [   18526.790458] 0003 0035 000001ca
2022-03-16 15:12:29.698080 True [   18526.790458] 0003 0036 000001ab
2022-03-16 15:12:29.713571 True [   18526.806923] 0003 0035 000001c5
2022-03-16 15:12:29.713571 True [   18526.806923] 0003 0036 000001a9
2022-03-16 15:12:29.731255 True [   18526.823360] 0003 0035 000001c1
2022-03-16 15:12:29.731255 True [   18526.823360] 0003 0036 000001a7
2022-03-16 15:12:29.748214 True [   18526.840898] 0003 0035 000001c1
2022-03-16 15:12:29.748214 True [   18526.840898] 0003 0036 000001a7
2022-03-16 15:12:29.765884 True [   18526.857980] 0003 0035 000001bc
2022-03-16 15:12:29.765884 True [   18526.857980] 0003 0036 000001a5
2022-03-16 15:12:29.781514 True [   18526.874729] 0003 0035 000001bc
2022-03-16 15:12:29.781514 True [   18526.874729] 0003 0036 000001a5
2022-03-16 15:12:29.798420 True [   18526.891354] 0003 0035 000001b8
2022-03-16 15:12:29.799401 True [   18526.891354] 0003 0036 000001a2
2022-03-16 15:12:29.815810 True [   18526.907829] 0003 0035 000001b4
2022-03-16 15:12:29.815810 True [   18526.907829] 0003 0036 000001a0
2022-03-16 15:12:29.831521 True [   18526.924751] 0003 0035 000001b4
2022-03-16 15:12:29.831521 True [   18526.924751] 0003 0036 000001a0
2022-03-16 15:12:29.850162 True [   18526.942545] 0003 0035 000001b4
2022-03-16 15:12:29.850162 True [   18526.942545] 0003 0036 000001a0
2022-03-16 15:12:29.867014 True [   18526.959471] 0003 0035 000001b0
2022-03-16 15:12:29.868028 True [   18526.959471] 0003 0036 0000019c
2022-03-16 15:12:29.883006 True [   18526.975751] 0003 0035 000001b0
2022-03-16 15:12:29.883006 True [   18526.975751] 0003 0036 0000019c
2022-03-16 15:12:29.901040 True [   18526.992985] 0003 0035 000001ad
2022-03-16 15:12:29.901040 True [   18526.992985] 0003 0036 00000197
2022-03-16 15:12:29.916856 True [   18527.009995] 0003 0035 000001ad
2022-03-16 15:12:29.916856 True [   18527.009995] 0003 0036 00000197
2022-03-16 15:12:29.933155 True [   18527.026765] 0003 0035 000001aa
2022-03-16 15:12:29.933155 True [   18527.026765] 0003 0036 00000192
2022-03-16 15:12:29.951941 True [   18527.043563] 0003 0035 000001a8
2022-03-16 15:12:29.951941 True [   18527.043563] 0003 0036 0000018e
2022-03-16 15:12:29.968888 True [   18527.060894] 0003 0035 000001a8
2022-03-16 15:12:29.968888 True [   18527.060894] 0003 0036 0000018e
2022-03-16 15:12:29.984241 True [   18527.077630] 0003 0035 000001a8
2022-03-16 15:12:29.984241 True [   18527.077630] 0003 0036 00000189
2022-03-16 15:12:30.001169 True [   18527.094752] 0003 0035 000001a8
2022-03-16 15:12:30.002170 True [   18527.094752] 0003 0036 00000185
2022-03-16 15:12:30.019167 True [   18527.111545] 0003 0035 000001a8
2022-03-16 15:12:30.019167 True [   18527.111545] 0003 0036 00000181
2022-03-16 15:12:30.036095 True [   18527.128797] 0003 0035 000001a8
2022-03-16 15:12:30.036095 True [   18527.128797] 0003 0036 0000017d
2022-03-16 15:12:30.052203 True [   18527.145313] 0003 0035 000001a8
2022-03-16 15:12:30.053201 True [   18527.145313] 0003 0036 00000179
2022-03-16 15:12:30.070103 True [   18527.162129] 0003 0035 000001a8
2022-03-16 15:12:30.070103 True [   18527.162129] 0003 0036 00000175
2022-03-16 15:12:30.086061 True [   18527.179001] 0003 0035 000001a8
2022-03-16 15:12:30.087058 True [   18527.179001] 0003 0036 00000171
2022-03-16 15:12:30.102142 True [   18527.195744] 0003 0035 000001aa
2022-03-16 15:12:30.102142 True [   18527.195744] 0003 0036 0000016d
2022-03-16 15:12:30.121383 True [   18527.214073] 0003 0035 000001ac
2022-03-16 15:12:30.121383 True [   18527.214073] 0003 0036 00000169
2022-03-16 15:12:30.136502 True [   18527.229869] 0003 0035 000001b1
2022-03-16 15:12:30.136502 True [   18527.229869] 0003 0036 00000165
2022-03-16 15:12:30.153161 True [   18527.246718] 0003 0035 000001b7
2022-03-16 15:12:30.153161 True [   18527.246718] 0003 0036 00000161
2022-03-16 15:12:30.171083 True [   18527.263900] 0003 0035 000001bf
2022-03-16 15:12:30.171083 True [   18527.263900] 0003 0036 0000015d
2022-03-16 15:12:30.189082 True [   18527.281017] 0003 0035 000001c8
2022-03-16 15:12:30.189082 True [   18527.281017] 0003 0036 00000159
2022-03-16 15:12:30.205090 True [   18527.297992] 0003 0035 000001d0
2022-03-16 15:12:30.205090 True [   18527.297992] 0003 0036 00000155
2022-03-16 15:12:30.222000 True [   18527.314941] 0003 0035 000001d8
2022-03-16 15:12:30.222000 True [   18527.314941] 0003 0036 00000151
2022-03-16 15:12:30.239202 True [   18527.331448] 0003 0035 000001df
2022-03-16 15:12:30.239202 True [   18527.331448] 0003 0036 0000014e
2022-03-16 15:12:30.255659 True [   18527.348375] 0003 0035 000001e5
2022-03-16 15:12:30.255659 True [   18527.348375] 0003 0036 0000014b
2022-03-16 15:12:30.273307 True [   18527.365871] 0003 0035 000001ea
2022-03-16 15:12:30.273307 True [   18527.365871] 0003 0036 00000148
2022-03-16 15:12:30.289599 True [   18527.382792] 0003 0035 000001ee
2022-03-16 15:12:30.289599 True [   18527.382792] 0003 0036 00000145
2022-03-16 15:12:30.307370 True [   18527.399750] 0003 0035 000001ee
2022-03-16 15:12:30.307370 True [   18527.399750] 0003 0036 00000145
2022-03-16 15:12:30.323219 True [   18527.416634] 0003 0035 000001f2
2022-03-16 15:12:30.323219 True [   18527.416634] 0003 0036 00000142
2022-03-16 15:12:30.341134 True [   18527.433502] 0003 0035 000001f7
2022-03-16 15:12:30.341134 True [   18527.433502] 0003 0036 0000013f
2022-03-16 15:12:30.357393 True [   18527.450149] 0003 0035 000001ff
2022-03-16 15:12:30.357393 True [   18527.450149] 0003 0036 0000013b
2022-03-16 15:12:30.375701 True [   18527.467111] 0003 0035 0000020b
2022-03-16 15:12:30.375701 True [   18527.467111] 0003 0036 00000137
2022-03-16 15:12:30.391566 True [   18527.484203] 0003 0035 00000219
2022-03-16 15:12:30.391566 True [   18527.484203] 0003 0036 00000132
2022-03-16 15:12:30.409297 True [   18527.501065] 0003 0035 00000227
2022-03-16 15:12:30.409297 True [   18527.501065] 0003 0036 0000012e
2022-03-16 15:12:30.424364 True [   18527.517560] 0003 0035 00000234
2022-03-16 15:12:30.424364 True [   18527.517560] 0003 0036 0000012a
2022-03-16 15:12:30.442844 True [   18527.534394] 0003 0035 0000023f
2022-03-16 15:12:30.442844 True [   18527.534394] 0003 0036 00000126
2022-03-16 15:12:30.460004 True [   18527.551629] 0003 0035 00000248
2022-03-16 15:12:30.460004 True [   18527.551629] 0003 0036 00000123
2022-03-16 15:12:30.477038 True [   18527.568714] 0003 0035 0000024f
2022-03-16 15:12:30.477038 True [   18527.568714] 0003 0036 00000120
2022-03-16 15:12:30.494383 True [   18527.585355] 0003 0035 00000256
2022-03-16 15:12:30.494383 True [   18527.585355] 0003 0036 0000011e
2022-03-16 15:12:30.510781 True [   18527.602906] 0003 0035 00000261
2022-03-16 15:12:30.510781 True [   18527.602906] 0003 0036 0000011b
2022-03-16 15:12:30.528511 True [   18527.619312] 0003 0035 0000026e
2022-03-16 15:12:30.528511 True [   18527.619312] 0003 0036 00000118
2022-03-16 15:12:30.543045 True [   18527.636409] 0003 0035 0000027b
2022-03-16 15:12:30.544038 True [   18527.636409] 0003 0036 00000115
2022-03-16 15:12:30.561567 True [   18527.654053] 0003 0035 00000286
2022-03-16 15:12:30.561567 True [   18527.654053] 0003 0036 00000112
2022-03-16 15:12:30.578053 True [   18527.670752] 0003 0035 00000290
2022-03-16 15:12:30.578053 True [   18527.670752] 0003 0036 00000110
2022-03-16 15:12:30.593679 True [   18527.686916] 0003 0035 00000298
2022-03-16 15:12:30.593679 True [   18527.686916] 0003 0036 0000010e
2022-03-16 15:12:30.612009 True [   18527.703978] 0003 0035 000002a0
2022-03-16 15:12:30.612009 True [   18527.703978] 0003 0036 0000010c
2022-03-16 15:12:30.629126 True [   18527.722170] 0003 0035 000002a6
2022-03-16 15:12:30.629126 True [   18527.722170] 0003 0036 0000010c
2022-03-16 15:12:30.645336 True [   18527.738459] 0003 0035 000002aa
2022-03-16 15:12:30.645336 True [   18527.738459] 0003 0036 0000010a
2022-03-16 15:12:30.662403 True [   18527.755685] 0003 0035 000002aa
2022-03-16 15:12:30.662403 True [   18527.755685] 0003 0036 0000010a
2022-03-16 15:12:30.680734 True [   18527.772363] 0003 0035 000002ae
2022-03-16 15:12:30.680734 True [   18527.772363] 0003 0036 0000010a
2022-03-16 15:12:30.696425 True [   18527.788670] 0003 0035 000002b4
2022-03-16 15:12:30.696425 True [   18527.788670] 0003 0036 0000010a
2022-03-16 15:12:30.713615 True [   18527.806236] 0003 0035 000002bc
2022-03-16 15:12:30.713615 True [   18527.806236] 0003 0036 0000010a
2022-03-16 15:12:30.730004 True [   18527.822779] 0003 0035 000002c5
2022-03-16 15:12:30.730004 True [   18527.822779] 0003 0036 00000108
2022-03-16 15:12:30.747215 True [   18527.839747] 0003 0035 000002cf
2022-03-16 15:12:30.747215 True [   18527.839747] 0003 0036 00000108
2022-03-16 15:12:30.764085 True [   18527.856915] 0003 0035 000002d9
2022-03-16 15:12:30.764085 True [   18527.856915] 0003 0036 00000108
2022-03-16 15:12:30.782063 True [   18527.873710] 0003 0035 000002e3
2022-03-16 15:12:30.782063 True [   18527.873710] 0003 0036 00000108
2022-03-16 15:12:30.799402 True [   18527.890790] 0003 0035 000002eb
2022-03-16 15:12:30.799402 True [   18527.890790] 0003 0036 00000108
2022-03-16 15:12:30.813821 True [   18527.907081] 0003 0035 000002f2
2022-03-16 15:12:30.813821 True [   18527.907081] 0003 0036 00000108
2022-03-16 15:12:30.831730 True [   18527.924427] 0003 0035 000002f9
2022-03-16 15:12:30.831730 True [   18527.924427] 0003 0036 00000108
2022-03-16 15:12:30.848384 True [   18527.941108] 0003 0035 000002fd
2022-03-16 15:12:30.848384 True [   18527.941108] 0003 0036 00000108
2022-03-16 15:12:30.865873 True [   18527.958412] 0003 0035 000002fd
2022-03-16 15:12:30.865873 True [   18527.958412] 0003 0036 00000108
2022-03-16 15:12:30.882459 True [   18527.975502] 0003 0035 00000301
2022-03-16 15:12:30.882459 True [   18527.975502] 0003 0036 00000108
2022-03-16 15:12:30.899259 True [   18527.992076] 0003 0035 00000301
2022-03-16 15:12:30.899259 True [   18527.992076] 0003 0036 00000108
2022-03-16 15:12:30.917343 True [   18528.009538] 0003 0035 00000307
2022-03-16 15:12:30.917343 True [   18528.009538] 0003 0036 00000108
2022-03-16 15:12:30.932691 True [   18528.026355] 0003 0035 00000310
2022-03-16 15:12:30.932691 True [   18528.026355] 0003 0036 00000108
2022-03-16 15:12:30.949659 True [   18528.042610] 0003 0035 0000031c
2022-03-16 15:12:30.949659 True [   18528.042610] 0003 0036 00000108
2022-03-16 15:12:30.968383 True [   18528.060064] 0003 0035 00000329
2022-03-16 15:12:30.968383 True [   18528.060064] 0003 0036 00000108
2022-03-16 15:12:30.983540 True [   18528.076388] 0003 0035 00000336
2022-03-16 15:12:30.983540 True [   18528.076388] 0003 0036 00000108
2022-03-16 15:12:31.000957 True [   18528.094441] 0003 0035 00000341
2022-03-16 15:12:31.000957 True [   18528.094441] 0003 0036 00000108
2022-03-16 15:12:31.018319 True [   18528.110378] 0003 0035 0000034b
2022-03-16 15:12:31.018319 True [   18528.110378] 0003 0036 00000108
2022-03-16 15:12:31.035393 True [   18528.127255] 0003 0035 00000353
2022-03-16 15:12:31.035393 True [   18528.127255] 0003 0036 0000010a
2022-03-16 15:12:31.051210 True [   18528.144441] 0003 0035 0000035a
2022-03-16 15:12:31.051210 True [   18528.144441] 0003 0036 0000010a
2022-03-16 15:12:31.069346 True [   18528.161419] 0003 0035 0000035f
2022-03-16 15:12:31.069346 True [   18528.161419] 0003 0036 0000010a
2022-03-16 15:12:31.085668 True [   18528.178001] 0003 0035 00000366
2022-03-16 15:12:31.085668 True [   18528.178001] 0003 0036 0000010c
2022-03-16 15:12:31.104420 True [   18528.195662] 0003 0035 00000371
2022-03-16 15:12:31.105423 True [   18528.195662] 0003 0036 0000010e
2022-03-16 15:12:31.119376 True [   18528.212110] 0003 0035 0000037f
2022-03-16 15:12:31.119376 True [   18528.212110] 0003 0036 00000110
2022-03-16 15:12:31.137608 True [   18528.229518] 0003 0035 0000038d
2022-03-16 15:12:31.137608 True [   18528.229518] 0003 0036 00000112
2022-03-16 15:12:31.154251 True [   18528.246544] 0003 0035 0000039a
2022-03-16 15:12:31.154251 True [   18528.246544] 0003 0036 00000114
2022-03-16 15:12:31.170711 False [   18528.263166] 0003 0035 000003a5
2022-03-16 15:12:31.170711 False [   18528.263166] 0003 0036 00000116
2022-03-16 15:12:31.187218 False [   18528.280671] 0003 0035 000003af
2022-03-16 15:12:31.187218 False [   18528.280671] 0003 0036 00000118
2022-03-16 15:12:31.205157 False [   18528.297182] 0003 0035 000003b7
2022-03-16 15:12:31.205157 False [   18528.297182] 0003 0036 0000011a
2022-03-16 15:12:31.221350 False [   18528.314069] 0003 0035 000003bc
2022-03-16 15:12:31.221350 False [   18528.314069] 0003 0036 0000011c
2022-03-16 15:12:31.237614 False [   18528.330595] 0003 0035 000003c1
2022-03-16 15:12:31.237614 False [   18528.330595] 0003 0036 0000011c
2022-03-16 15:12:31.255182 False [   18528.348194] 0003 0035 000003c8
2022-03-16 15:12:31.255182 False [   18528.348194] 0003 0036 0000011f
2022-03-16 15:12:31.272419 False [   18528.364911] 0003 0035 000003d2
2022-03-16 15:12:31.272419 False [   18528.364911] 0003 0036 00000122
2022-03-16 15:12:31.290191 False [   18528.382410] 0003 0035 000003dd
2022-03-16 15:12:31.290191 False [   18528.382410] 0003 0036 00000125
2022-03-16 15:12:31.306527 False [   18528.398534] 0003 0035 000003e8
2022-03-16 15:12:31.306527 False [   18528.398534] 0003 0036 00000128
2022-03-16 15:12:31.322337 False [   18528.415286] 0003 0035 000003f3
2022-03-16 15:12:31.322337 False [   18528.415286] 0003 0036 0000012b
2022-03-16 15:12:31.338413 False [   18528.432152] 0003 0035 000003fc
2022-03-16 15:12:31.339412 False [   18528.432152] 0003 0036 0000012e
2022-03-16 15:12:31.357522 False [   18528.449613] 0003 0035 00000404
2022-03-16 15:12:31.358510 False [   18528.449613] 0003 0036 00000131
2022-03-16 15:12:31.374262 False [   18528.466602] 0003 0035 0000040a
2022-03-16 15:12:31.374262 False [   18528.466602] 0003 0036 00000134
2022-03-16 15:12:31.390582 False [   18528.483099] 0003 0035 00000410
2022-03-16 15:12:31.390582 False [   18528.483099] 0003 0036 00000138
2022-03-16 15:12:31.406711 False [   18528.499855] 0003 0035 00000416
2022-03-16 15:12:31.406711 False [   18528.499855] 0003 0036 0000013d
2022-03-16 15:12:31.424357 False [   18528.517500] 0003 0035 0000041c
2022-03-16 15:12:31.424357 False [   18528.517500] 0003 0036 00000143
2022-03-16 15:12:31.442170 False [   18528.534477] 0003 0035 00000422
2022-03-16 15:12:31.443148 False [   18528.534477] 0003 0036 00000149
2022-03-16 15:12:31.457543 False [   18528.551033] 0003 0035 00000428
2022-03-16 15:12:31.457543 False [   18528.551033] 0003 0036 00000150
2022-03-16 15:12:31.477356 False [   18528.568435] 0003 0035 00000430
2022-03-16 15:12:31.477356 False [   18528.568435] 0003 0036 00000157
2022-03-16 15:12:31.493327 False [   18528.585172] 0003 0035 0000043a
2022-03-16 15:12:31.494253 False [   18528.585172] 0003 0036 0000015f
2022-03-16 15:12:31.509256 False [   18528.601872] 0003 0035 00000444
2022-03-16 15:12:31.509256 False [   18528.601872] 0003 0036 00000168
2022-03-16 15:12:31.831625 True [   18528.925098] 0003 0035 000001ef
2022-03-16 15:12:31.832622 False [   18528.925098] 0003 0036 00000294
2022-03-16 15:12:31.848845 False [   18528.941557] 0003 0035 000001ef
2022-03-16 15:12:31.849811 False [   18528.941557] 0003 0036 00000294
2022-03-16 15:12:31.865877 False [   18528.958836] 0003 0035 000001ef
2022-03-16 15:12:31.865877 False [   18528.958836] 0003 0036 00000294
2022-03-16 15:12:31.881880 False [   18528.975005] 0003 0035 000001ef
2022-03-16 15:12:31.881880 False [   18528.975005] 0003 0036 00000294
2022-03-16 15:12:31.899853 False [   18528.991600] 0003 0035 000001ef
2022-03-16 15:12:31.899853 False [   18528.991600] 0003 0036 00000294
2022-03-16 15:12:31.914816 False [   18529.008451] 0003 0035 000001ef
2022-03-16 15:12:31.914816 False [   18529.008451] 0003 0036 00000294
2022-03-16 15:12:31.931540 False [   18529.024855] 0003 0035 000001ef
2022-03-16 15:12:31.931540 False [   18529.024855] 0003 0036 00000294
2022-03-16 15:12:31.948465 False [   18529.041815] 0003 0035 000001e6
2022-03-16 15:12:31.948465 False [   18529.041815] 0003 0036 00000294
2022-03-16 15:12:31.965492 False [   18529.058741] 0003 0035 000001dc
2022-03-16 15:12:31.966491 False [   18529.058741] 0003 0036 00000294
2022-03-16 15:12:31.982244 False [   18529.075595] 0003 0035 000001d0
2022-03-16 15:12:31.982244 False [   18529.075595] 0003 0036 00000294
2022-03-16 15:12:32.000252 False [   18529.093425] 0003 0035 000001c6
2022-03-16 15:12:32.000252 False [   18529.093425] 0003 0036 00000294
2022-03-16 15:12:32.016910 False [   18529.109459] 0003 0035 000001be
2022-03-16 15:12:32.016910 False [   18529.109459] 0003 0036 00000292
2022-03-16 15:12:32.034891 False [   18529.126245] 0003 0035 000001b6
2022-03-16 15:12:32.034891 False [   18529.126245] 0003 0036 00000292
2022-03-16 15:12:32.051065 False [   18529.143439] 0003 0035 000001b0
2022-03-16 15:12:32.051065 False [   18529.143439] 0003 0036 00000290
2022-03-16 15:12:32.066942 False [   18529.160252] 0003 0035 000001aa
2022-03-16 15:12:32.066942 False [   18529.160252] 0003 0036 00000290
2022-03-16 15:12:32.084865 False [   18529.177414] 0003 0035 0000019f
2022-03-16 15:12:32.084865 False [   18529.177414] 0003 0036 0000028e
2022-03-16 15:12:32.101441 False [   18529.194245] 0003 0035 0000018f
2022-03-16 15:12:32.101441 False [   18529.194245] 0003 0036 0000028c
2022-03-16 15:12:32.119937 False [   18529.211721] 0003 0035 0000017e
2022-03-16 15:12:32.119937 False [   18529.211721] 0003 0036 0000028a
2022-03-16 15:12:32.137101 False [   18529.228331] 0003 0035 0000016e
2022-03-16 15:12:32.137101 False [   18529.228331] 0003 0036 00000288
2022-03-16 15:12:32.153820 False [   18529.244936] 0003 0035 00000161
2022-03-16 15:12:32.153820 False [   18529.244936] 0003 0036 00000286
2022-03-16 15:12:32.171437 False [   18529.262187] 0003 0035 00000157
2022-03-16 15:12:32.172421 False [   18529.262187] 0003 0036 00000284
2022-03-16 15:12:32.186634 False [   18529.278739] 0003 0035 00000150
2022-03-16 15:12:32.186634 False [   18529.278739] 0003 0036 00000282
2022-03-16 15:12:32.202441 False [   18529.295604] 0003 0035 0000014b
2022-03-16 15:12:32.202441 False [   18529.295604] 0003 0036 00000282
2022-03-16 15:12:32.221392 False [   18529.313481] 0003 0035 0000014b
2022-03-16 15:12:32.221392 False [   18529.313481] 0003 0036 00000282
2022-03-16 15:12:32.237652 False [   18529.329506] 0003 0035 00000147
2022-03-16 15:12:32.237652 False [   18529.329506] 0003 0036 00000282
2022-03-16 15:12:32.253095 False [   18529.346436] 0003 0035 00000143
2022-03-16 15:12:32.253095 False [   18529.346436] 0003 0036 00000280
2022-03-16 15:12:32.271025 False [   18529.364123] 0003 0035 00000143
2022-03-16 15:12:32.272028 False [   18529.364123] 0003 0036 00000280
2022-03-16 15:12:32.287454 False [   18529.380799] 0003 0035 0000013f
2022-03-16 15:12:32.288431 False [   18529.380799] 0003 0036 0000027e
2022-03-16 15:12:32.304238 False [   18529.397632] 0003 0035 0000013f
2022-03-16 15:12:32.305206 False [   18529.397632] 0003 0036 0000027e
2022-03-16 15:12:32.322253 False [   18529.414662] 0003 0035 0000013f
2022-03-16 15:12:32.322253 False [   18529.414662] 0003 0036 0000027e
2022-03-16 15:12:32.338571 False [   18529.431565] 0003 0035 0000013f
2022-03-16 15:12:32.338571 False [   18529.431565] 0003 0036 0000027e
2022-03-16 15:12:32.355939 False [   18529.448381] 0003 0035 0000013f
2022-03-16 15:12:32.355939 False [   18529.448381] 0003 0036 0000027e
2022-03-16 15:12:32.373400 False [   18529.465740] 0003 0035 0000013f
2022-03-16 15:12:32.373400 False [   18529.465740] 0003 0036 0000027e
2022-03-16 15:12:32.389559 False [   18529.482294] 0003 0035 0000013f
2022-03-16 15:12:32.389559 False [   18529.482294] 0003 0036 0000027e
2022-03-16 15:12:32.407593 False [   18529.499484] 0003 0035 0000013f
2022-03-16 15:12:32.407593 False [   18529.499484] 0003 0036 0000027e
2022-03-16 15:12:32.423863 False [   18529.516207] 0003 0035 0000013f
2022-03-16 15:12:32.423863 False [   18529.516207] 0003 0036 0000027e
2022-03-16 15:12:32.444144 False [   18529.534453] 0003 0035 0000013f
2022-03-16 15:12:32.444144 False [   18529.534453] 0003 0036 0000027e
2022-03-16 15:12:32.458126 False [   18529.550075] 0003 0035 0000013f
2022-03-16 15:12:32.458126 False [   18529.550075] 0003 0036 0000027e
2022-03-16 15:12:32.474014 False [   18529.567093] 0003 0035 0000013f
2022-03-16 15:12:32.474014 False [   18529.567093] 0003 0036 0000027e
2022-03-16 15:12:32.492100 False [   18529.584575] 0003 0035 0000013f
2022-03-16 15:12:32.492100 False [   18529.584575] 0003 0036 0000027e
2022-03-16 15:12:32.508421 False [   18529.601381] 0003 0035 0000013f
2022-03-16 15:12:32.508421 False [   18529.601381] 0003 0036 0000027e
2022-03-16 15:12:32.526281 False [   18529.618076] 0003 0035 00000147
2022-03-16 15:12:32.526281 False [   18529.618076] 0003 0036 0000027b
2022-03-16 15:12:32.543755 False [   18529.635159] 0003 0035 00000158
2022-03-16 15:12:32.543755 False [   18529.635159] 0003 0036 00000279
2022-03-16 15:12:32.559269 False [   18529.651439] 0003 0035 00000173
2022-03-16 15:12:32.559269 False [   18529.651439] 0003 0036 00000279
2022-03-16 15:12:32.575202 False [   18529.668902] 0003 0035 00000195
2022-03-16 15:12:32.575202 False [   18529.668902] 0003 0036 00000277
2022-03-16 15:12:32.593348 False [   18529.685923] 0003 0035 000001ba
2022-03-16 15:12:32.593348 False [   18529.685923] 0003 0036 00000277
2022-03-16 15:12:32.610616 False [   18529.702815] 0003 0035 000001e2
2022-03-16 15:12:32.610616 False [   18529.702815] 0003 0036 00000275
2022-03-16 15:12:32.626487 False [   18529.719262] 0003 0035 0000020b
2022-03-16 15:12:32.626487 False [   18529.719262] 0003 0036 00000275
2022-03-16 15:12:32.643926 False [   18529.736339] 0003 0035 00000236
2022-03-16 15:12:32.643926 False [   18529.736339] 0003 0036 00000273
2022-03-16 15:12:32.661474 False [   18529.753518] 0003 0035 00000260
2022-03-16 15:12:32.661474 False [   18529.753518] 0003 0036 00000271
2022-03-16 15:12:32.678201 False [   18529.770909] 0003 0035 00000288
2022-03-16 15:12:32.678201 False [   18529.770909] 0003 0036 0000026e
2022-03-16 15:12:32.694343 False [   18529.786924] 0003 0035 000002af
2022-03-16 15:12:32.694343 False [   18529.786924] 0003 0036 0000026b
2022-03-16 15:12:32.711588 False [   18529.803758] 0003 0035 000002d6
2022-03-16 15:12:32.711588 False [   18529.803758] 0003 0036 00000268
2022-03-16 15:12:32.728973 False [   18529.820645] 0003 0035 000002fe
2022-03-16 15:12:32.728973 False [   18529.820645] 0003 0036 00000264
2022-03-16 15:12:32.745077 False [   18529.838378] 0003 0035 00000322
2022-03-16 15:12:32.745077 False [   18529.838378] 0003 0036 00000260
2022-03-16 15:12:32.761402 False [   18529.854701] 0003 0035 0000033e
2022-03-16 15:12:32.761402 False [   18529.854701] 0003 0036 0000025c
2022-03-16 15:12:32.779006 False [   18529.871676] 0003 0035 00000353
2022-03-16 15:12:32.779006 False [   18529.871676] 0003 0036 00000258
2022-03-16 15:12:32.796831 False [   18529.889028] 0003 0035 00000364
2022-03-16 15:12:32.796831 False [   18529.889028] 0003 0036 00000254
2022-03-16 15:12:32.813766 False [   18529.906626] 0003 0035 00000375
2022-03-16 15:12:32.813766 False [   18529.906626] 0003 0036 00000250
2022-03-16 15:12:32.829392 False [   18529.923000] 0003 0035 00000383
2022-03-16 15:12:32.830389 False [   18529.923000] 0003 0036 0000024b
2022-03-16 15:12:32.848087 False [   18529.939958] 0003 0035 0000038c
2022-03-16 15:12:32.848087 False [   18529.939958] 0003 0036 00000247
2022-03-16 15:12:32.863645 False [   18529.956546] 0003 0035 0000038e
2022-03-16 15:12:32.863645 False [   18529.956546] 0003 0036 00000243
2022-03-16 15:12:32.881153 False [   18529.973884] 0003 0035 0000038b
2022-03-16 15:12:32.881153 False [   18529.973884] 0003 0036 0000023f
2022-03-16 15:12:32.897785 False [   18529.990444] 0003 0035 00000385
2022-03-16 15:12:32.897785 False [   18529.990444] 0003 0036 0000023a
2022-03-16 15:12:32.913949 False [   18530.007366] 0003 0035 00000379
2022-03-16 15:12:32.914948 False [   18530.007366] 0003 0036 00000233
2022-03-16 15:12:32.931903 False [   18530.024462] 0003 0035 00000366
2022-03-16 15:12:32.931903 False [   18530.024462] 0003 0036 0000022b
2022-03-16 15:12:32.948646 False [   18530.041470] 0003 0035 00000350
2022-03-16 15:12:32.948646 False [   18530.041470] 0003 0036 00000223
2022-03-16 15:12:32.965629 False [   18530.058351] 0003 0035 00000339
2022-03-16 15:12:32.966602 True [   18530.058351] 0003 0036 0000021a
2022-03-16 15:12:32.982238 True [   18530.075466] 0003 0035 0000031f
2022-03-16 15:12:32.983236 True [   18530.075466] 0003 0036 00000211
2022-03-16 15:12:33.000174 True [   18530.092109] 0003 0035 00000301
2022-03-16 15:12:33.000174 True [   18530.092109] 0003 0036 00000206
2022-03-16 15:12:33.017530 True [   18530.109141] 0003 0035 000002e6
2022-03-16 15:12:33.017530 True [   18530.109141] 0003 0036 000001fb
2022-03-16 15:12:33.033482 True [   18530.126116] 0003 0035 000002cf
2022-03-16 15:12:33.033482 True [   18530.126116] 0003 0036 000001f0
2022-03-16 15:12:33.050430 True [   18530.142445] 0003 0035 000002b9
2022-03-16 15:12:33.050430 True [   18530.142445] 0003 0036 000001e5
2022-03-16 15:12:33.068037 True [   18530.159581] 0003 0035 000002a3
2022-03-16 15:12:33.068037 True [   18530.159581] 0003 0036 000001da
2022-03-16 15:12:33.083997 True [   18530.177014] 0003 0035 00000291
2022-03-16 15:12:33.083997 True [   18530.177014] 0003 0036 000001ce
2022-03-16 15:12:33.101086 True [   18530.193602] 0003 0035 00000288
2022-03-16 15:12:33.101086 True [   18530.193602] 0003 0036 000001c2
2022-03-16 15:12:33.118389 True [   18530.210410] 0003 0035 0000028a
2022-03-16 15:12:33.118389 True [   18530.210410] 0003 0036 000001b4
2022-03-16 15:12:33.134543 True [   18530.227554] 0003 0035 00000294
2022-03-16 15:12:33.134543 True [   18530.227554] 0003 0036 000001a5
2022-03-16 15:12:33.151279 True [   18530.244617] 0003 0035 000002a0
2022-03-16 15:12:33.152312 True [   18530.244617] 0003 0036 00000196
2022-03-16 15:12:33.169323 True [   18530.261497] 0003 0035 000002ac
2022-03-16 15:12:33.169323 True [   18530.261497] 0003 0036 00000188
2022-03-16 15:12:33.185483 True [   18530.278360] 0003 0035 000002b6
2022-03-16 15:12:33.185483 True [   18530.278360] 0003 0036 0000017d
2022-03-16 15:12:33.203395 True [   18530.295636] 0003 0035 000002bd
2022-03-16 15:12:33.203395 True [   18530.295636] 0003 0036 00000174
2022-03-16 15:12:33.221055 True [   18530.312877] 0003 0035 000002c0
2022-03-16 15:12:33.221061 True [   18530.312877] 0003 0036 0000016d
2022-03-16 15:12:33.236501 True [   18530.328754] 0003 0035 000002c0
2022-03-16 15:12:33.236501 True [   18530.328754] 0003 0036 00000168
2022-03-16 15:12:33.254224 True [   18530.346443] 0003 0035 000002ba
2022-03-16 15:12:33.254224 True [   18530.346443] 0003 0036 00000165
2022-03-16 15:12:33.270630 True [   18530.363011] 0003 0035 000002aa
2022-03-16 15:12:33.270630 True [   18530.363011] 0003 0036 00000165
2022-03-16 15:12:33.288033 True [   18530.380540] 0003 0035 0000028f
2022-03-16 15:12:33.288033 True [   18530.380540] 0003 0036 00000165
2022-03-16 15:12:33.304442 True [   18530.397185] 0003 0035 00000264
2022-03-16 15:12:33.304952 True [   18530.397185] 0003 0036 00000167
2022-03-16 15:12:34.491413 False [   18531.583572] 0003 0035 000004da
2022-03-16 15:12:34.492409 False [   18531.583572] 0003 0036 0000002c
2022-03-16 15:12:34.507441 False [   18531.599754] 0003 0035 000004da
2022-03-16 15:12:34.507441 False [   18531.599754] 0003 0036 0000002c
2022-03-16 15:12:34.523302 False [   18531.616658] 0003 0035 000004da
2022-03-16 15:12:34.524310 False [   18531.616658] 0003 0036 0000002c
2022-03-16 15:12:34.542214 False [   18531.634954] 0003 0035 000004da
2022-03-16 15:12:34.542214 False [   18531.634954] 0003 0036 0000002c
2022-03-16 15:12:34.557969 False [   18531.651311] 0003 0035 000004da
2022-03-16 15:12:34.557969 False [   18531.651311] 0003 0036 0000002c
2022-03-16 15:12:34.575024 False [   18531.667954] 0003 0035 000004da
2022-03-16 15:12:34.575024 False [   18531.667954] 0003 0036 0000002c
2022-03-16 15:12:34.592153 False [   18531.684797] 0003 0035 000004da
2022-03-16 15:12:34.592153 False [   18531.684797] 0003 0036 0000002c
2022-03-16 15:12:36.439330 False [   18533.530482] 0003 0035 0000038d
2022-03-16 15:12:36.439330 False [   18533.530482] 0003 0036 000000af
2022-03-16 15:12:36.455199 False [   18533.546783] 0003 0035 0000038d
2022-03-16 15:12:36.455199 False [   18533.546783] 0003 0036 000000af
2022-03-16 15:12:36.472524 False [   18533.563775] 0003 0035 0000038d
2022-03-16 15:12:36.472524 False [   18533.563775] 0003 0036 000000af
2022-03-16 15:12:36.488235 False [   18533.580807] 0003 0035 0000038d
2022-03-16 15:12:36.488235 False [   18533.580807] 0003 0036 000000af
2022-03-16 15:12:36.505890 False [   18533.597637] 0003 0035 0000038d
2022-03-16 15:12:36.506872 False [   18533.597637] 0003 0036 000000af
2022-03-16 15:12:36.521836 False [   18533.614460] 0003 0035 0000038d
2022-03-16 15:12:36.521836 False [   18533.614460] 0003 0036 000000af
2022-03-16 15:12:36.539795 False [   18533.631217] 0003 0035 0000038d
2022-03-16 15:12:36.539795 False [   18533.631217] 0003 0036 000000af
2022-03-16 15:12:38.081591 False [   18535.173173] 0003 0035 0000031c
2022-03-16 15:12:38.081591 True [   18535.173173] 0003 0036 000001b1
2022-03-16 15:12:38.097558 True [   18535.190320] 0003 0035 0000031c
2022-03-16 15:12:38.098563 True [   18535.190320] 0003 0036 000001b1
2022-03-16 15:12:38.114493 True [   18535.207178] 0003 0035 0000031c
2022-03-16 15:12:38.115489 True [   18535.207178] 0003 0036 000001b1
2022-03-16 15:12:38.131677 True [   18535.224081] 0003 0035 0000031c
2022-03-16 15:12:38.131677 True [   18535.224081] 0003 0036 000001b1
2022-03-16 15:12:38.148646 True [   18535.241154] 0003 0035 0000031c
2022-03-16 15:12:38.148646 True [   18535.241154] 0003 0036 000001b1
2022-03-16 15:12:38.165591 True [   18535.258100] 0003 0035 0000031c
2022-03-16 15:12:38.165591 True [   18535.258100] 0003 0036 000001b1
2022-03-16 15:12:39.486980 True [   18536.579659] 0003 0035 00000325
2022-03-16 15:12:39.486980 True [   18536.579659] 0003 0036 000001c2
2022-03-16 15:12:39.503124 True [   18536.595635] 0003 0035 00000325
2022-03-16 15:12:39.503124 True [   18536.595635] 0003 0036 000001c2
2022-03-16 15:12:39.520042 True [   18536.612637] 0003 0035 00000325
2022-03-16 15:12:39.520042 True [   18536.612637] 0003 0036 000001c2
2022-03-16 15:12:39.521059 True [   18536.612637] 0003 0035 00000268
2022-03-16 15:12:39.522035 True [   18536.612637] 0003 0036 000001f0
2022-03-16 15:12:39.536977 True [   18536.630085] 0003 0035 00000325
2022-03-16 15:12:39.536977 True [   18536.630085] 0003 0036 000001c2
2022-03-16 15:12:39.536977 True [   18536.630085] 0003 0035 00000268
2022-03-16 15:12:39.536977 True [   18536.630085] 0003 0036 000001f0
2022-03-16 15:12:39.554932 True [   18536.646496] 0003 0035 00000325
2022-03-16 15:12:39.554932 True [   18536.646496] 0003 0036 000001c2
2022-03-16 15:12:39.555927 True [   18536.646496] 0003 0035 00000268
2022-03-16 15:12:39.555927 True [   18536.646496] 0003 0036 000001f0
2022-03-16 15:12:39.572441 True [   18536.663363] 0003 0035 00000325
2022-03-16 15:12:39.573436 True [   18536.663363] 0003 0036 000001c2
2022-03-16 15:12:39.573436 True [   18536.663363] 0003 0035 00000268
2022-03-16 15:12:39.573436 True [   18536.663363] 0003 0036 000001f0
2022-03-16 15:12:39.588865 True [   18536.680921] 0003 0035 00000325
2022-03-16 15:12:39.588865 True [   18536.680921] 0003 0036 000001c2
2022-03-16 15:12:39.590775 True [   18536.680921] 0003 0035 00000268
2022-03-16 15:12:39.590775 True [   18536.680921] 0003 0036 000001f0
2022-03-16 15:12:39.606675 True [   18536.698221] 0003 0035 00000325
2022-03-16 15:12:39.606675 True [   18536.698221] 0003 0036 000001c2
2022-03-16 15:12:39.607671 True [   18536.698221] 0003 0035 00000268
2022-03-16 15:12:39.607671 True [   18536.698221] 0003 0036 000001f0
2022-03-16 15:12:39.623842 True [   18536.714689] 0003 0035 00000325
2022-03-16 15:12:39.624839 True [   18536.714689] 0003 0036 000001c2
2022-03-16 15:12:39.624839 True [   18536.714689] 0003 0035 00000268
2022-03-16 15:12:39.624839 True [   18536.714689] 0003 0036 000001f0
2022-03-16 15:12:39.640846 True [   18536.731859] 0003 0035 00000325
2022-03-16 15:12:39.640846 True [   18536.731859] 0003 0036 000001c2
2022-03-16 15:12:39.640846 True [   18536.731859] 0003 0035 00000268
2022-03-16 15:12:39.641803 True [   18536.731859] 0003 0036 000001f0
2022-03-16 15:12:39.658023 True [   18536.748152] 0003 0035 0000032b
2022-03-16 15:12:39.658023 True [   18536.748152] 0003 0036 000001c2
2022-03-16 15:12:39.658023 True [   18536.748152] 0003 0035 00000268
2022-03-16 15:12:39.658023 True [   18536.748152] 0003 0036 000001f0
2022-03-16 15:12:39.673144 True [   18536.765082] 0003 0035 00000331
2022-03-16 15:12:39.673144 True [   18536.765082] 0003 0036 000001c2
2022-03-16 15:12:39.673144 True [   18536.765082] 0003 0035 00000268
2022-03-16 15:12:39.673144 True [   18536.765082] 0003 0036 000001f0
2022-03-16 15:12:39.691306 True [   18536.782418] 0003 0035 00000337
2022-03-16 15:12:39.691306 True [   18536.782418] 0003 0036 000001c2
2022-03-16 15:12:39.691306 True [   18536.782418] 0003 0035 00000268
2022-03-16 15:12:39.691306 True [   18536.782418] 0003 0036 000001f0
2022-03-16 15:12:39.707263 True [   18536.798846] 0003 0035 0000033c
2022-03-16 15:12:39.707263 True [   18536.798846] 0003 0036 000001c2
2022-03-16 15:12:39.707263 True [   18536.798846] 0003 0035 00000268
2022-03-16 15:12:39.707263 True [   18536.798846] 0003 0036 000001f0
2022-03-16 15:12:39.724217 True [   18536.816352] 0003 0035 00000341
2022-03-16 15:12:39.725229 True [   18536.816352] 0003 0036 000001c0
2022-03-16 15:12:39.726570 True [   18536.816352] 0003 0035 00000268
2022-03-16 15:12:39.726570 True [   18536.816352] 0003 0036 000001f0
2022-03-16 15:12:39.740181 True [   18536.832835] 0003 0035 00000341
2022-03-16 15:12:39.740181 True [   18536.832835] 0003 0036 000001c0
2022-03-16 15:12:39.742195 True [   18536.832835] 0003 0035 00000268
2022-03-16 15:12:39.742195 True [   18536.832835] 0003 0036 000001f0
2022-03-16 15:12:39.758000 True [   18536.850364] 0003 0035 00000345
2022-03-16 15:12:39.758000 True [   18536.850364] 0003 0036 000001c0
2022-03-16 15:12:39.760020 True [   18536.850364] 0003 0035 00000268
2022-03-16 15:12:39.760020 True [   18536.850364] 0003 0036 000001f0
2022-03-16 15:12:39.774607 True [   18536.866713] 0003 0035 00000345
2022-03-16 15:12:39.775604 True [   18536.866713] 0003 0036 000001c0
2022-03-16 15:12:39.775604 True [   18536.866713] 0003 0035 00000268
2022-03-16 15:12:39.775604 True [   18536.866713] 0003 0036 000001f0
2022-03-16 15:12:39.790808 True [   18536.883541] 0003 0035 00000345
2022-03-16 15:12:39.792821 True [   18536.883541] 0003 0036 000001c0
2022-03-16 15:12:39.792821 True [   18536.883541] 0003 0035 00000268
2022-03-16 15:12:39.792821 True [   18536.883541] 0003 0036 000001f0
2022-03-16 15:12:39.809554 True [   18536.901124] 0003 0035 00000349
2022-03-16 15:12:39.809554 True [   18536.901124] 0003 0036 000001c0
2022-03-16 15:12:39.809554 True [   18536.901124] 0003 0035 00000268
2022-03-16 15:12:39.809554 True [   18536.901124] 0003 0036 000001f0
2022-03-16 15:12:39.825270 True [   18536.917855] 0003 0035 00000349
2022-03-16 15:12:39.825270 True [   18536.917855] 0003 0036 000001c0
2022-03-16 15:12:39.825270 True [   18536.917855] 0003 0035 00000268
2022-03-16 15:12:39.825270 True [   18536.917855] 0003 0036 000001f0
2022-03-16 15:12:39.843366 True [   18536.934441] 0003 0035 00000349
2022-03-16 15:12:39.844378 True [   18536.934441] 0003 0036 000001c0
2022-03-16 15:12:39.844378 True [   18536.934441] 0003 0035 00000268
2022-03-16 15:12:39.844378 True [   18536.934441] 0003 0036 000001f0
2022-03-16 15:12:39.861207 True [   18536.951749] 0003 0035 0000034d
2022-03-16 15:12:39.861207 True [   18536.951749] 0003 0036 000001c0
2022-03-16 15:12:39.861207 True [   18536.951749] 0003 0035 00000268
2022-03-16 15:12:39.861207 True [   18536.951749] 0003 0036 000001f0
2022-03-16 15:12:39.876498 True [   18536.968917] 0003 0035 0000034d
2022-03-16 15:12:39.876498 True [   18536.968917] 0003 0036 000001c0
2022-03-16 15:12:39.876498 True [   18536.968917] 0003 0035 00000268
2022-03-16 15:12:39.876498 True [   18536.968917] 0003 0036 000001f0
2022-03-16 15:12:39.892932 True [   18536.986056] 0003 0035 0000034d
2022-03-16 15:12:39.892932 True [   18536.986056] 0003 0036 000001c0
2022-03-16 15:12:39.892932 True [   18536.986056] 0003 0035 00000268
2022-03-16 15:12:39.892932 True [   18536.986056] 0003 0036 000001f0
2022-03-16 15:12:39.909746 True [   18537.002734] 0003 0035 0000034d
2022-03-16 15:12:39.909746 True [   18537.002734] 0003 0036 000001c0
2022-03-16 15:12:39.911772 True [   18537.002734] 0003 0035 00000268
2022-03-16 15:12:39.911772 True [   18537.002734] 0003 0036 000001f0
2022-03-16 15:12:39.928469 True [   18537.019909] 0003 0035 0000034d
2022-03-16 15:12:39.928469 True [   18537.019909] 0003 0036 000001c0
2022-03-16 15:12:39.928469 True [   18537.019909] 0003 0035 00000268
2022-03-16 15:12:39.928469 True [   18537.019909] 0003 0036 000001f0
2022-03-16 15:12:39.946410 True [   18537.036820] 0003 0035 0000034d
2022-03-16 15:12:39.946410 True [   18537.036820] 0003 0036 000001c0
2022-03-16 15:12:39.946410 True [   18537.036820] 0003 0035 00000268
2022-03-16 15:12:39.946410 True [   18537.036820] 0003 0036 000001f0
2022-03-16 15:12:39.962944 True [   18537.053925] 0003 0035 0000034d
2022-03-16 15:12:39.962944 True [   18537.053925] 0003 0036 000001c0
2022-03-16 15:12:39.962944 True [   18537.053925] 0003 0035 00000268
2022-03-16 15:12:39.962944 True [   18537.053925] 0003 0036 000001f0
2022-03-16 15:12:39.977891 True [   18537.069934] 0003 0035 0000034d
2022-03-16 15:12:39.977891 True [   18537.069934] 0003 0036 000001c0
2022-03-16 15:12:39.977891 True [   18537.069934] 0003 0035 00000268
2022-03-16 15:12:39.977891 True [   18537.069934] 0003 0036 000001f0
2022-03-16 15:12:39.995055 True [   18537.086875] 0003 0035 0000034d
2022-03-16 15:12:39.995055 True [   18537.086875] 0003 0036 000001c0
2022-03-16 15:12:39.995055 True [   18537.086875] 0003 0035 00000268
2022-03-16 15:12:39.996052 True [   18537.086875] 0003 0036 000001f0
2022-03-16 15:12:40.013174 True [   18537.103811] 0003 0035 0000034d
2022-03-16 15:12:40.013174 True [   18537.103811] 0003 0036 000001c0
2022-03-16 15:12:40.013174 True [   18537.103811] 0003 0035 00000268
2022-03-16 15:12:40.013174 True [   18537.103811] 0003 0036 000001f0
2022-03-16 15:12:40.029312 True [   18537.121162] 0003 0035 0000034d
2022-03-16 15:12:40.029312 True [   18537.121162] 0003 0036 000001c0
2022-03-16 15:12:40.030318 True [   18537.121162] 0003 0035 00000268
2022-03-16 15:12:40.030318 True [   18537.121162] 0003 0036 000001f0
2022-03-16 15:12:40.046187 True [   18537.137996] 0003 0035 00000351
2022-03-16 15:12:40.046187 True [   18537.137996] 0003 0036 000001c0
2022-03-16 15:12:40.046187 True [   18537.137996] 0003 0035 00000268
2022-03-16 15:12:40.047195 True [   18537.137996] 0003 0036 000001f0
2022-03-16 15:12:40.062732 True [   18537.154187] 0003 0035 00000351
2022-03-16 15:12:40.063715 True [   18537.154187] 0003 0036 000001c0
2022-03-16 15:12:40.063715 True [   18537.154187] 0003 0035 00000268
2022-03-16 15:12:40.063715 True [   18537.154187] 0003 0036 000001f0
2022-03-16 15:12:41.197106 True [   18538.289857] 0003 0035 00000365
2022-03-16 15:12:41.197106 True [   18538.289857] 0003 0036 000001c6
2022-03-16 15:12:41.214341 True [   18538.306869] 0003 0035 00000365
2022-03-16 15:12:41.214341 True [   18538.306869] 0003 0036 000001c6
2022-03-16 15:12:41.231306 True [   18538.323448] 0003 0035 00000365
2022-03-16 15:12:41.231306 True [   18538.323448] 0003 0036 000001c6
2022-03-16 15:12:41.231306 True [   18538.323448] 0003 0035 000002a7
2022-03-16 15:12:41.231306 True [   18538.323448] 0003 0036 000001f3
2022-03-16 15:12:41.250228 True [   18538.342154] 0003 0035 00000365
2022-03-16 15:12:41.251226 True [   18538.342154] 0003 0036 000001c6
2022-03-16 15:12:41.251226 True [   18538.342154] 0003 0035 000002a7
2022-03-16 15:12:41.251226 True [   18538.342154] 0003 0036 000001f3
2022-03-16 15:12:41.265875 True [   18538.358016] 0003 0035 00000365
2022-03-16 15:12:41.266872 True [   18538.358016] 0003 0036 000001c6
2022-03-16 15:12:41.266872 True [   18538.358016] 0003 0035 000002a7
2022-03-16 15:12:41.266872 True [   18538.358016] 0003 0036 000001f3
2022-03-16 15:12:41.282312 True [   18538.374895] 0003 0035 00000365
2022-03-16 15:12:41.282312 True [   18538.374895] 0003 0036 000001c6
2022-03-16 15:12:41.282312 True [   18538.374895] 0003 0035 000002a7
2022-03-16 15:12:41.282312 True [   18538.374895] 0003 0036 000001f3
2022-03-16 15:12:41.299341 True [   18538.391966] 0003 0035 00000365
2022-03-16 15:12:41.299341 True [   18538.391966] 0003 0036 000001c6
2022-03-16 15:12:41.300337 True [   18538.391966] 0003 0035 000002a7
2022-03-16 15:12:41.300337 True [   18538.391966] 0003 0036 000001f3
2022-03-16 15:12:41.318243 True [   18538.408431] 0003 0035 00000365
2022-03-16 15:12:41.318243 True [   18538.408431] 0003 0036 000001c6
2022-03-16 15:12:41.318243 True [   18538.408431] 0003 0035 000002a7
2022-03-16 15:12:41.318243 True [   18538.408431] 0003 0036 000001f3
2022-03-16 15:12:41.335236 True [   18538.425454] 0003 0035 00000365
2022-03-16 15:12:41.335236 True [   18538.425454] 0003 0036 000001c6
2022-03-16 15:12:41.335236 True [   18538.425454] 0003 0035 000002a7
2022-03-16 15:12:41.335236 True [   18538.425454] 0003 0036 000001f3
2022-03-16 15:12:41.348974 True [   18538.442253] 0003 0035 00000365
2022-03-16 15:12:41.348974 True [   18538.442253] 0003 0036 000001c6
2022-03-16 15:12:41.349938 True [   18538.442253] 0003 0035 000002a7
2022-03-16 15:12:41.349938 True [   18538.442253] 0003 0036 000001f3
2022-03-16 15:12:41.367168 True [   18538.458946] 0003 0035 00000365
2022-03-16 15:12:41.368168 True [   18538.458946] 0003 0036 000001c6
2022-03-16 15:12:41.368168 True [   18538.458946] 0003 0035 000002a7
2022-03-16 15:12:41.368168 True [   18538.458946] 0003 0036 000001f3
2022-03-16 15:12:41.386117 True [   18538.476429] 0003 0035 00000365
2022-03-16 15:12:41.386117 True [   18538.476429] 0003 0036 000001c6
2022-03-16 15:12:41.386117 True [   18538.476429] 0003 0035 000002a7
2022-03-16 15:12:41.386117 True [   18538.476429] 0003 0036 000001f3
2022-03-16 15:12:41.403072 True [   18538.493462] 0003 0035 00000365
2022-03-16 15:12:41.403072 True [   18538.493462] 0003 0036 000001c6
2022-03-16 15:12:41.403072 True [   18538.493462] 0003 0035 000002a7
2022-03-16 15:12:41.403072 True [   18538.493462] 0003 0036 000001f3
2022-03-16 15:12:41.417034 True [   18538.509821] 0003 0035 00000365
2022-03-16 15:12:41.417034 True [   18538.509821] 0003 0036 000001c6
2022-03-16 15:12:41.417034 True [   18538.509821] 0003 0035 000002a7
2022-03-16 15:12:41.418045 True [   18538.509821] 0003 0036 000001f3
2022-03-16 15:12:41.436533 True [   18538.526717] 0003 0035 00000365
2022-03-16 15:12:41.436533 True [   18538.526717] 0003 0036 000001c6
2022-03-16 15:12:41.436533 True [   18538.526717] 0003 0035 000002a7
2022-03-16 15:12:41.436533 True [   18538.526717] 0003 0036 000001f3
2022-03-16 15:12:41.450273 True [   18538.543489] 0003 0035 00000365
2022-03-16 15:12:41.451282 True [   18538.543489] 0003 0036 000001c6
2022-03-16 15:12:41.451282 True [   18538.543489] 0003 0035 000002a7
2022-03-16 15:12:41.451282 True [   18538.543489] 0003 0036 000001f3
2022-03-16 15:12:41.469237 True [   18538.560504] 0003 0035 00000365
2022-03-16 15:12:41.469237 True [   18538.560504] 0003 0036 000001c6
2022-03-16 15:12:41.469237 True [   18538.560504] 0003 0035 000002a7
2022-03-16 15:12:41.469237 True [   18538.560504] 0003 0036 000001f3
2022-03-16 15:12:41.487178 True [   18538.578230] 0003 0035 00000365
2022-03-16 15:12:41.487178 True [   18538.578230] 0003 0036 000001c6
2022-03-16 15:12:41.487178 True [   18538.578230] 0003 0035 000002a7
2022-03-16 15:12:41.487178 True [   18538.578230] 0003 0036 000001f3
2022-03-16 15:12:41.503209 True [   18538.594648] 0003 0035 00000365
2022-03-16 15:12:41.503209 True [   18538.594648] 0003 0036 000001c6
2022-03-16 15:12:41.503209 True [   18538.594648] 0003 0035 000002a7
2022-03-16 15:12:41.503209 True [   18538.594648] 0003 0036 000001f3
2022-03-16 15:12:41.518149 True [   18538.611176] 0003 0035 00000368
2022-03-16 15:12:41.519092 True [   18538.611176] 0003 0036 000001c2
2022-03-16 15:12:41.519092 True [   18538.611176] 0003 0035 000002a7
2022-03-16 15:12:41.519092 True [   18538.611176] 0003 0036 000001f3
2022-03-16 15:12:41.536092 True [   18538.628721] 0003 0035 00000368
2022-03-16 15:12:41.536092 True [   18538.628721] 0003 0036 000001c2
2022-03-16 15:12:41.536092 True [   18538.628721] 0003 0035 000002a7
2022-03-16 15:12:41.536092 True [   18538.628721] 0003 0036 000001f3
2022-03-16 15:12:41.553003 True [   18538.645676] 0003 0035 00000368
2022-03-16 15:12:41.553003 True [   18538.645676] 0003 0036 000001c2
2022-03-16 15:12:41.553998 True [   18538.645676] 0003 0035 000002a7
2022-03-16 15:12:41.553998 True [   18538.645676] 0003 0036 000001f3
2022-03-16 15:12:41.569962 True [   18538.662606] 0003 0035 0000036c
2022-03-16 15:12:41.570950 True [   18538.662606] 0003 0036 000001bf
2022-03-16 15:12:41.570950 True [   18538.662606] 0003 0035 000002a7
2022-03-16 15:12:41.570950 True [   18538.662606] 0003 0036 000001f3
2022-03-16 15:12:41.586275 True [   18538.678930] 0003 0035 0000036c
2022-03-16 15:12:41.586275 True [   18538.678930] 0003 0036 000001bf
2022-03-16 15:12:41.586275 True [   18538.678930] 0003 0035 000002a7
2022-03-16 15:12:41.586275 True [   18538.678930] 0003 0036 000001f3
2022-03-16 15:12:41.603415 True [   18538.695779] 0003 0035 0000036c
2022-03-16 15:12:41.603415 True [   18538.695779] 0003 0036 000001bf
2022-03-16 15:12:41.603415 True [   18538.695779] 0003 0035 000002a7
2022-03-16 15:12:41.603415 True [   18538.695779] 0003 0036 000001f3
2022-03-16 15:12:41.620293 True [   18538.713164] 0003 0035 0000036c
2022-03-16 15:12:41.620293 True [   18538.713164] 0003 0036 000001bf
