Mode = area stim
    verts = 4 
    radius = 550 
    center = (600, 960) 
    first_angle = 2.7260976748865002 
    wm_size = [1200 1920] 
    stim_amp = 6 
    baseline_stim = 4
    current_stim_group = audio
    sense_zone = 0
    ===============================
2022-03-16 15:19:33.526659 False [   18950.607181] 0003 0036 00000054
2022-03-16 15:19:33.540113 False [   18950.623930] 0003 0035 000004c7
2022-03-16 15:19:33.540113 False [   18950.623930] 0003 0036 00000054
2022-03-16 15:19:33.556085 False [   18950.639949] 0003 0035 000004c7
2022-03-16 15:19:33.556085 False [   18950.639949] 0003 0036 00000054
2022-03-16 15:19:33.572029 False [   18950.656881] 0003 0035 000004c7
2022-03-16 15:19:33.573026 False [   18950.656881] 0003 0036 00000054
2022-03-16 15:19:33.594021 False [   18950.673795] 0003 0035 000004c7
2022-03-16 15:19:33.594021 False [   18950.673795] 0003 0036 00000054
2022-03-16 15:19:33.609926 False [   18950.690793] 0003 0035 000004c7
2022-03-16 15:19:33.609926 False [   18950.690793] 0003 0036 00000054
2022-03-16 15:19:33.623797 False [   18950.707667] 0003 0035 000004c7
2022-03-16 15:19:33.623797 False [   18950.707667] 0003 0036 00000054
2022-03-16 15:19:33.643713 False [   18950.725293] 0003 0035 000004c7
2022-03-16 15:19:33.644709 False [   18950.725293] 0003 0036 00000054
2022-03-16 15:19:33.658673 False [   18950.742101] 0003 0035 000004cf
2022-03-16 15:19:33.659671 False [   18950.742101] 0003 0036 00000058
2022-03-16 15:19:33.673774 False [   18950.758534] 0003 0035 000004d6
2022-03-16 15:19:33.673774 False [   18950.758534] 0003 0036 0000005e
2022-03-16 15:19:33.691682 False [   18950.776265] 0003 0035 000004dd
2022-03-16 15:19:33.691682 False [   18950.776265] 0003 0036 00000064
2022-03-16 15:19:33.709706 False [   18950.792595] 0003 0035 000004e3
2022-03-16 15:19:33.709706 False [   18950.792595] 0003 0036 0000006a
2022-03-16 15:19:33.725669 False [   18950.809405] 0003 0035 000004e8
2022-03-16 15:19:33.730771 False [   18950.809405] 0003 0036 0000006f
2022-03-16 15:19:33.745885 False [   18950.826868] 0003 0035 000004ec
2022-03-16 15:19:33.745885 False [   18950.826868] 0003 0036 00000073
2022-03-16 15:19:33.763691 False [   18950.843997] 0003 0035 000004ec
2022-03-16 15:19:33.763691 False [   18950.843997] 0003 0036 00000073
2022-03-16 15:19:33.779970 False [   18950.860166] 0003 0035 000004ec
2022-03-16 15:19:33.779970 False [   18950.860166] 0003 0036 00000073
2022-03-16 15:19:33.794905 False [   18950.877100] 0003 0035 000004ec
2022-03-16 15:19:33.794905 False [   18950.877100] 0003 0036 00000073
2022-03-16 15:19:33.811775 False [   18950.894414] 0003 0035 000004ec
2022-03-16 15:19:33.811775 False [   18950.894414] 0003 0036 00000073
2022-03-16 15:19:33.830734 False [   18950.911568] 0003 0035 000004e3
2022-03-16 15:19:33.830734 False [   18950.911568] 0003 0036 0000006d
2022-03-16 15:19:33.844137 False [   18950.928691] 0003 0035 000004d2
2022-03-16 15:19:33.844137 False [   18950.928691] 0003 0036 00000065
2022-03-16 15:19:33.865316 False [   18950.945244] 0003 0035 000004c1
2022-03-16 15:19:33.865316 False [   18950.945244] 0003 0036 0000005d
2022-03-16 15:19:33.879283 False [   18950.962120] 0003 0035 000004b3
2022-03-16 15:19:33.879283 False [   18950.962120] 0003 0036 00000056
2022-03-16 15:19:33.896285 False [   18950.978754] 0003 0035 000004a8
2022-03-16 15:19:33.896285 False [   18950.978754] 0003 0036 00000051
2022-03-16 15:19:33.912806 False [   18950.995638] 0003 0035 000004a1
2022-03-16 15:19:33.912806 False [   18950.995638] 0003 0036 0000004e
2022-03-16 15:19:33.928701 False [   18951.013415] 0003 0035 0000049c
2022-03-16 15:19:33.928701 False [   18951.013415] 0003 0036 0000004c
2022-03-16 15:19:33.946767 False [   18951.030122] 0003 0035 0000049c
2022-03-16 15:19:33.946767 False [   18951.030122] 0003 0036 0000004c
2022-03-16 15:19:33.964649 False [   18951.046899] 0003 0035 000004a3
2022-03-16 15:19:33.964649 False [   18951.046899] 0003 0036 00000050
2022-03-16 15:19:33.984258 False [   18951.064191] 0003 0035 000004b1
2022-03-16 15:19:33.984258 False [   18951.064191] 0003 0036 00000056
2022-03-16 15:19:33.997128 False [   18951.081126] 0003 0035 000004c1
2022-03-16 15:19:33.997128 False [   18951.081126] 0003 0036 0000005d
2022-03-16 15:19:34.014648 False [   18951.098459] 0003 0035 000004d0
2022-03-16 15:19:34.014648 False [   18951.098459] 0003 0036 00000064
2022-03-16 15:19:34.033601 False [   18951.114641] 0003 0035 000004dc
2022-03-16 15:19:34.033601 False [   18951.114641] 0003 0036 0000006a
2022-03-16 15:19:34.049582 False [   18951.131944] 0003 0035 000004e4
2022-03-16 15:19:34.049582 False [   18951.131944] 0003 0036 00000070
2022-03-16 15:19:34.064578 False [   18951.148893] 0003 0035 000004e9
2022-03-16 15:19:34.064578 False [   18951.148893] 0003 0036 00000074
2022-03-16 15:19:34.081544 False [   18951.165629] 0003 0035 000004e9
2022-03-16 15:19:34.081544 False [   18951.165629] 0003 0036 00000074
2022-03-16 15:19:34.101434 False [   18951.182569] 0003 0035 000004e9
2022-03-16 15:19:34.101434 False [   18951.182569] 0003 0036 00000074
2022-03-16 15:19:34.120156 False [   18951.199166] 0003 0035 000004e0
2022-03-16 15:19:34.120156 False [   18951.199166] 0003 0036 00000072
2022-03-16 15:19:34.135709 False [   18951.216172] 0003 0035 000004cc
2022-03-16 15:19:34.136706 False [   18951.216172] 0003 0036 0000006c
2022-03-16 15:19:34.149703 False [   18951.233319] 0003 0035 000004b5
2022-03-16 15:19:34.149703 False [   18951.233319] 0003 0036 00000063
2022-03-16 15:19:34.166646 False [   18951.249797] 0003 0035 000004a2
2022-03-16 15:19:34.166646 False [   18951.249797] 0003 0036 0000005b
2022-03-16 15:19:34.182584 False [   18951.266706] 0003 0035 00000494
2022-03-16 15:19:34.182584 False [   18951.266706] 0003 0036 00000055
2022-03-16 15:19:34.200494 False [   18951.283635] 0003 0035 0000048b
2022-03-16 15:19:34.200494 False [   18951.283635] 0003 0036 00000051
2022-03-16 15:19:34.216451 False [   18951.300592] 0003 0035 00000486
2022-03-16 15:19:34.216451 False [   18951.300592] 0003 0036 0000004f
2022-03-16 15:19:34.237395 False [   18951.317947] 0003 0035 00000486
2022-03-16 15:19:34.237395 False [   18951.317947] 0003 0036 0000004f
2022-03-16 15:19:34.254350 False [   18951.335414] 0003 0035 00000483
2022-03-16 15:19:34.254350 False [   18951.335414] 0003 0036 00000055
2022-03-16 15:19:34.272328 False [   18951.351632] 0003 0035 00000488
2022-03-16 15:19:34.272328 False [   18951.351632] 0003 0036 00000060
2022-03-16 15:19:34.285267 False [   18951.368945] 0003 0035 00000498
2022-03-16 15:19:34.285267 False [   18951.368945] 0003 0036 0000006f
2022-03-16 15:19:34.301763 False [   18951.386031] 0003 0035 000004af
2022-03-16 15:19:34.302733 False [   18951.386031] 0003 0036 00000080
2022-03-16 15:19:34.317698 False [   18951.402587] 0003 0035 000004c6
2022-03-16 15:19:34.318683 False [   18951.402587] 0003 0036 00000090
2022-03-16 15:19:34.335638 False [   18951.419533] 0003 0035 000004d7
2022-03-16 15:19:34.335638 False [   18951.419533] 0003 0036 0000009d
2022-03-16 15:19:34.351630 False [   18951.436198] 0003 0035 000004e2
2022-03-16 15:19:34.351630 False [   18951.436198] 0003 0036 000000a7
2022-03-16 15:19:34.368549 False [   18951.453268] 0003 0035 000004e9
2022-03-16 15:19:34.369547 False [   18951.453268] 0003 0036 000000ae
2022-03-16 15:19:34.385750 False [   18951.469986] 0003 0035 000004ed
2022-03-16 15:19:34.385750 False [   18951.469986] 0003 0036 000000b1
2022-03-16 15:19:34.405583 False [   18951.486991] 0003 0035 000004ed
2022-03-16 15:19:34.405583 False [   18951.486991] 0003 0036 000000b1
2022-03-16 15:19:34.420008 False [   18951.503852] 0003 0035 000004e0
2022-03-16 15:19:34.420008 False [   18951.503852] 0003 0036 000000ad
2022-03-16 15:19:34.437737 False [   18951.521618] 0003 0035 000004c9
2022-03-16 15:19:34.437737 False [   18951.521618] 0003 0036 000000a4
2022-03-16 15:19:34.455958 False [   18951.537739] 0003 0035 000004b0
2022-03-16 15:19:34.455958 False [   18951.537739] 0003 0036 00000098
2022-03-16 15:19:34.471301 False [   18951.555059] 0003 0035 0000049a
2022-03-16 15:19:34.471301 False [   18951.555059] 0003 0036 0000008a
2022-03-16 15:19:34.490226 False [   18951.571749] 0003 0035 00000485
2022-03-16 15:19:34.490226 False [   18951.571749] 0003 0036 0000007e
2022-03-16 15:19:34.505832 False [   18951.589169] 0003 0035 00000470
2022-03-16 15:19:34.505832 False [   18951.589169] 0003 0036 00000074
2022-03-16 15:19:34.522324 False [   18951.605660] 0003 0035 0000045f
2022-03-16 15:19:34.522324 False [   18951.605660] 0003 0036 0000006c
2022-03-16 15:19:34.540309 False [   18951.622688] 0003 0035 00000451
2022-03-16 15:19:34.540309 False [   18951.622688] 0003 0036 00000066
2022-03-16 15:19:34.558149 False [   18951.639370] 0003 0035 00000447
2022-03-16 15:19:34.558149 False [   18951.639370] 0003 0036 00000062
2022-03-16 15:19:34.573100 False [   18951.657098] 0003 0035 00000442
2022-03-16 15:19:34.573100 False [   18951.657098] 0003 0036 00000060
2022-03-16 15:19:34.594503 False [   18951.674021] 0003 0035 00000446
2022-03-16 15:19:34.594503 False [   18951.674021] 0003 0036 00000063
2022-03-16 15:19:34.611268 False [   18951.690860] 0003 0035 00000450
2022-03-16 15:19:34.611268 False [   18951.690860] 0003 0036 0000006a
2022-03-16 15:19:34.626269 False [   18951.707151] 0003 0035 00000460
2022-03-16 15:19:34.626269 False [   18951.707151] 0003 0036 00000077
2022-03-16 15:19:34.641301 False [   18951.724399] 0003 0035 0000047a
2022-03-16 15:19:34.641301 False [   18951.724399] 0003 0036 00000089
2022-03-16 15:19:34.657036 False [   18951.741474] 0003 0035 0000049d
2022-03-16 15:19:34.658004 False [   18951.741474] 0003 0036 0000009e
2022-03-16 15:19:34.676781 False [   18951.758328] 0003 0035 000004bd
2022-03-16 15:19:34.676781 False [   18951.758328] 0003 0036 000000b3
2022-03-16 15:19:34.690904 False [   18951.775208] 0003 0035 000004d4
2022-03-16 15:19:34.690904 False [   18951.775208] 0003 0036 000000c7
2022-03-16 15:19:34.707758 False [   18951.792234] 0003 0035 000004e1
2022-03-16 15:19:34.707758 False [   18951.792234] 0003 0036 000000d8
2022-03-16 15:19:34.724623 False [   18951.808757] 0003 0035 000004e9
2022-03-16 15:19:34.725588 False [   18951.808757] 0003 0036 000000e4
2022-03-16 15:19:34.743582 False [   18951.826149] 0003 0035 000004ed
2022-03-16 15:19:34.743582 False [   18951.826149] 0003 0036 000000eb
2022-03-16 15:19:34.758892 False [   18951.843087] 0003 0035 000004ef
2022-03-16 15:19:34.758892 False [   18951.843087] 0003 0036 000000ef
2022-03-16 15:19:34.779541 False [   18951.859675] 0003 0035 000004ef
2022-03-16 15:19:34.779541 False [   18951.859675] 0003 0036 000000ef
2022-03-16 15:19:34.792766 False [   18951.876713] 0003 0035 000004e1
2022-03-16 15:19:34.792766 False [   18951.876713] 0003 0036 000000e5
2022-03-16 15:19:34.809705 False [   18951.894043] 0003 0035 000004c5
2022-03-16 15:19:34.809705 False [   18951.894043] 0003 0036 000000d4
2022-03-16 15:19:34.829952 False [   18951.910779] 0003 0035 000004a4
2022-03-16 15:19:34.829952 False [   18951.910779] 0003 0036 000000c0
2022-03-16 15:19:34.843217 False [   18951.927618] 0003 0035 00000483
2022-03-16 15:19:34.843217 False [   18951.927618] 0003 0036 000000ac
2022-03-16 15:19:34.864127 False [   18951.944253] 0003 0035 00000464
2022-03-16 15:19:34.864127 False [   18951.944253] 0003 0036 0000009a
2022-03-16 15:19:34.878092 False [   18951.962029] 0003 0035 0000044b
2022-03-16 15:19:34.878092 False [   18951.962029] 0003 0036 00000089
2022-03-16 15:19:34.894100 False [   18951.978133] 0003 0035 00000438
2022-03-16 15:19:34.894100 False [   18951.978133] 0003 0036 0000007a
2022-03-16 15:19:34.914465 False [   18951.995028] 0003 0035 0000042a
2022-03-16 15:19:34.914465 False [   18951.995028] 0003 0036 0000006f
2022-03-16 15:19:34.929053 False [   18952.012857] 0003 0035 00000421
2022-03-16 15:19:34.929053 False [   18952.012857] 0003 0036 00000067
2022-03-16 15:19:34.948012 False [   18952.029244] 0003 0035 0000041c
2022-03-16 15:19:34.948012 False [   18952.029244] 0003 0036 00000062
2022-03-16 15:19:34.961965 False [   18952.045888] 0003 0035 0000041c
2022-03-16 15:19:34.961965 False [   18952.045888] 0003 0036 00000062
2022-03-16 15:19:34.978923 False [   18952.062827] 0003 0035 0000041c
2022-03-16 15:19:34.978923 False [   18952.062827] 0003 0036 00000062
2022-03-16 15:19:34.998286 False [   18952.079836] 0003 0035 00000429
2022-03-16 15:19:34.998286 False [   18952.079836] 0003 0036 0000006f
2022-03-16 15:19:35.017370 False [   18952.096999] 0003 0035 00000441
2022-03-16 15:19:35.017370 False [   18952.096999] 0003 0036 00000082
2022-03-16 15:19:35.030842 False [   18952.113638] 0003 0035 00000461
2022-03-16 15:19:35.030842 False [   18952.113638] 0003 0036 00000099
2022-03-16 15:19:35.047034 False [   18952.131112] 0003 0035 00000488
2022-03-16 15:19:35.047034 False [   18952.131112] 0003 0036 000000b3
2022-03-16 15:19:35.064895 False [   18952.148289] 0003 0035 000004af
2022-03-16 15:19:35.064895 False [   18952.148289] 0003 0036 000000cc
2022-03-16 15:19:35.083895 False [   18952.165168] 0003 0035 000004cb
2022-03-16 15:19:35.083895 False [   18952.165168] 0003 0036 000000e4
2022-03-16 15:19:35.098185 False [   18952.182107] 0003 0035 000004db
2022-03-16 15:19:35.098185 False [   18952.182107] 0003 0036 000000f9
2022-03-16 15:19:35.152543 False [   18952.233260] 0003 0035 000004f1
2022-03-16 15:19:35.152543 False [   18952.233260] 0003 0036 00000111
2022-03-16 15:19:35.168553 False [   18952.249993] 0003 0035 000004f1
2022-03-16 15:19:35.168553 False [   18952.249993] 0003 0036 00000111
2022-03-16 15:19:35.182508 False [   18952.266887] 0003 0035 000004ed
2022-03-16 15:19:35.182508 False [   18952.266887] 0003 0036 0000010b
2022-03-16 15:19:35.199355 False [   18952.283961] 0003 0035 000004db
2022-03-16 15:19:35.200331 False [   18952.283961] 0003 0036 000000fe
2022-03-16 15:19:35.218286 False [   18952.300065] 0003 0035 000004b9
2022-03-16 15:19:35.218286 False [   18952.300065] 0003 0036 000000e9
2022-03-16 15:19:35.235261 False [   18952.317321] 0003 0035 00000493
2022-03-16 15:19:35.235261 False [   18952.317321] 0003 0036 000000d1
2022-03-16 15:19:35.250198 False [   18952.333953] 0003 0035 0000046d
2022-03-16 15:19:35.250198 False [   18952.333953] 0003 0036 000000b9
2022-03-16 15:19:35.267154 False [   18952.350790] 0003 0035 00000448
2022-03-16 15:19:35.267154 False [   18952.350790] 0003 0036 000000a3
2022-03-16 15:19:35.284108 False [   18952.367940] 0003 0035 00000423
2022-03-16 15:19:35.284108 False [   18952.367940] 0003 0036 0000008f
2022-03-16 15:19:35.301066 False [   18952.384975] 0003 0035 00000404
2022-03-16 15:19:35.301066 False [   18952.384975] 0003 0036 0000007d
2022-03-16 15:19:35.318070 False [   18952.401702] 0003 0035 000003ed
2022-03-16 15:19:35.319070 False [   18952.401702] 0003 0036 0000006e
2022-03-16 15:19:35.335624 False [   18952.418559] 0003 0035 000003de
2022-03-16 15:19:35.335624 False [   18952.418559] 0003 0036 00000062
2022-03-16 15:19:35.355560 False [   18952.435567] 0003 0035 000003d5
2022-03-16 15:19:35.355560 False [   18952.435567] 0003 0036 0000005b
2022-03-16 15:19:35.370734 False [   18952.452408] 0003 0035 000003cf
2022-03-16 15:19:35.376738 False [   18952.452408] 0003 0036 00000057
2022-03-16 15:19:35.389980 False [   18952.469897] 0003 0035 000003cf
2022-03-16 15:19:35.389980 False [   18952.469897] 0003 0036 00000057
2022-03-16 15:19:35.403164 False [   18952.486357] 0003 0035 000003d3
2022-03-16 15:19:35.403164 False [   18952.486357] 0003 0036 0000005c
2022-03-16 15:19:35.420049 False [   18952.503348] 0003 0035 000003e2
2022-03-16 15:19:35.420049 False [   18952.503348] 0003 0036 00000068
2022-03-16 15:19:35.436885 False [   18952.520350] 0003 0035 000003f8
2022-03-16 15:19:35.436885 False [   18952.520350] 0003 0036 0000007a
2022-03-16 15:19:35.454826 False [   18952.537577] 0003 0035 00000417
2022-03-16 15:19:35.454826 False [   18952.537577] 0003 0036 00000092
2022-03-16 15:19:35.472629 False [   18952.554182] 0003 0035 0000043d
2022-03-16 15:19:35.472629 False [   18952.554182] 0003 0036 000000af
2022-03-16 15:19:35.488587 False [   18952.571124] 0003 0035 00000463
2022-03-16 15:19:35.488587 False [   18952.571124] 0003 0036 000000cc
2022-03-16 15:19:35.507898 False [   18952.588111] 0003 0035 0000048c
2022-03-16 15:19:35.507898 False [   18952.588111] 0003 0036 000000e7
2022-03-16 15:19:35.520853 False [   18952.604997] 0003 0035 000004b1
2022-03-16 15:19:35.520853 False [   18952.604997] 0003 0036 00000100
2022-03-16 15:19:35.541011 False [   18952.622371] 0003 0035 000004cb
2022-03-16 15:19:35.541011 False [   18952.622371] 0003 0036 00000116
2022-03-16 15:19:35.556020 False [   18952.638890] 0003 0035 000004db
2022-03-16 15:19:35.556020 False [   18952.638890] 0003 0036 00000127
2022-03-16 15:19:35.573878 False [   18952.655719] 0003 0035 000004e5
2022-03-16 15:19:35.573878 False [   18952.655719] 0003 0036 00000134
2022-03-16 15:19:35.589282 False [   18952.672709] 0003 0035 000004eb
2022-03-16 15:19:35.589282 False [   18952.672709] 0003 0036 0000013d
2022-03-16 15:19:35.608257 False [   18952.689649] 0003 0035 000004ee
2022-03-16 15:19:35.608257 False [   18952.689649] 0003 0036 00000142
2022-03-16 15:19:35.625717 False [   18952.706705] 0003 0035 000004ee
2022-03-16 15:19:35.625717 False [   18952.706705] 0003 0036 00000142
2022-03-16 15:19:35.639714 False [   18952.723580] 0003 0035 000004ee
2022-03-16 15:19:35.639714 False [   18952.723580] 0003 0036 00000142
2022-03-16 15:19:35.659640 False [   18952.740777] 0003 0035 000004ee
2022-03-16 15:19:35.659640 False [   18952.740777] 0003 0036 00000142
2022-03-16 15:19:35.676632 False [   18952.757842] 0003 0035 000004ee
2022-03-16 15:19:35.676632 False [   18952.757842] 0003 0036 0000013c
2022-03-16 15:19:35.690936 False [   18952.775337] 0003 0035 000004ee
2022-03-16 15:19:35.691896 False [   18952.775337] 0003 0036 00000136
2022-03-16 15:19:36.030347 True [   18953.115108] 0003 0035 00000434
2022-03-16 15:19:36.030347 False [   18953.115108] 0003 0036 0000007f
2022-03-16 15:19:36.047808 False [   18953.130793] 0003 0035 00000434
2022-03-16 15:19:36.047808 False [   18953.130793] 0003 0036 0000007f
2022-03-16 15:19:36.063779 False [   18953.147187] 0003 0035 00000434
2022-03-16 15:19:36.063779 False [   18953.147187] 0003 0036 0000007f
2022-03-16 15:19:36.085856 False [   18953.166158] 0003 0035 00000434
2022-03-16 15:19:36.085856 False [   18953.166158] 0003 0036 0000007f
2022-03-16 15:19:36.097821 False [   18953.181676] 0003 0035 0000043a
2022-03-16 15:19:36.097821 False [   18953.181676] 0003 0036 00000085
2022-03-16 15:19:36.114776 False [   18953.198550] 0003 0035 00000447
2022-03-16 15:19:36.114776 False [   18953.198550] 0003 0036 00000090
2022-03-16 15:19:36.131925 False [   18953.215582] 0003 0035 00000458
2022-03-16 15:19:36.131925 False [   18953.215582] 0003 0036 000000a0
2022-03-16 15:19:36.150255 False [   18953.232509] 0003 0035 00000469
2022-03-16 15:19:36.150255 False [   18953.232509] 0003 0036 000000b3
2022-03-16 15:19:36.168208 False [   18953.249692] 0003 0035 00000482
2022-03-16 15:19:36.168208 False [   18953.249692] 0003 0036 000000c9
2022-03-16 15:19:36.182679 False [   18953.266223] 0003 0035 000004a2
2022-03-16 15:19:36.182679 False [   18953.266223] 0003 0036 000000e1
2022-03-16 15:19:36.201891 False [   18953.282501] 0003 0035 000004bf
2022-03-16 15:19:36.201891 False [   18953.282501] 0003 0036 000000f5
2022-03-16 15:19:36.218844 False [   18953.299709] 0003 0035 000004d5
2022-03-16 15:19:36.218844 False [   18953.299709] 0003 0036 00000105
2022-03-16 15:19:36.234964 False [   18953.317031] 0003 0035 000004e3
2022-03-16 15:19:36.234964 False [   18953.317031] 0003 0036 00000110
2022-03-16 15:19:36.251740 False [   18953.333739] 0003 0035 000004ea
2022-03-16 15:19:36.251740 False [   18953.333739] 0003 0036 00000116
2022-03-16 15:19:36.267650 False [   18953.350655] 0003 0035 000004ea
2022-03-16 15:19:36.267650 False [   18953.350655] 0003 0036 00000116
2022-03-16 15:19:36.283636 False [   18953.367229] 0003 0035 000004d6
2022-03-16 15:19:36.283636 False [   18953.367229] 0003 0036 0000010e
2022-03-16 15:19:36.303201 False [   18953.384179] 0003 0035 000004ba
2022-03-16 15:19:36.303201 False [   18953.384179] 0003 0036 000000ff
2022-03-16 15:19:36.317780 False [   18953.401860] 0003 0035 00000496
2022-03-16 15:19:36.317780 False [   18953.401860] 0003 0036 000000ea
2022-03-16 15:19:36.337736 False [   18953.419271] 0003 0035 0000046d
2022-03-16 15:19:36.337736 False [   18953.419271] 0003 0036 000000d2
2022-03-16 15:19:36.352706 False [   18953.435660] 0003 0035 00000446
2022-03-16 15:19:36.352706 False [   18953.435660] 0003 0036 000000b8
2022-03-16 15:19:36.370957 False [   18953.452424] 0003 0035 00000420
2022-03-16 15:19:36.370957 False [   18953.452424] 0003 0036 000000a0
2022-03-16 15:19:36.390069 False [   18953.469718] 0003 0035 00000400
2022-03-16 15:19:36.390069 False [   18953.469718] 0003 0036 0000008a
2022-03-16 15:19:36.403050 False [   18953.486587] 0003 0035 000003e8
2022-03-16 15:19:36.403050 False [   18953.486587] 0003 0036 00000079
2022-03-16 15:19:36.423752 False [   18953.503292] 0003 0035 000003d8
2022-03-16 15:19:36.423752 False [   18953.503292] 0003 0036 0000006c
2022-03-16 15:19:36.435671 False [   18953.519657] 0003 0035 000003cf
2022-03-16 15:19:36.435671 False [   18953.519657] 0003 0036 00000063
2022-03-16 15:19:36.453622 False [   18953.536567] 0003 0035 000003ca
2022-03-16 15:19:36.453622 False [   18953.536567] 0003 0036 0000005f
2022-03-16 15:19:36.470609 False [   18953.554472] 0003 0035 000003ca
2022-03-16 15:19:36.470609 False [   18953.554472] 0003 0036 0000005f
2022-03-16 15:19:36.488646 False [   18953.571000] 0003 0035 000003ca
2022-03-16 15:19:36.488646 False [   18953.571000] 0003 0036 00000064
2022-03-16 15:19:36.503332 False [   18953.587435] 0003 0035 000003d5
2022-03-16 15:19:36.503332 False [   18953.587435] 0003 0036 00000070
2022-03-16 15:19:36.521859 False [   18953.604434] 0003 0035 000003ea
2022-03-16 15:19:36.521859 False [   18953.604434] 0003 0036 00000082
2022-03-16 15:19:36.538702 False [   18953.621876] 0003 0035 00000402
2022-03-16 15:19:36.538702 False [   18953.621876] 0003 0036 00000097
2022-03-16 15:19:36.554347 False [   18953.638379] 0003 0035 0000041f
2022-03-16 15:19:36.555316 False [   18953.638379] 0003 0036 000000ad
2022-03-16 15:19:36.571969 False [   18953.655506] 0003 0035 0000043f
2022-03-16 15:19:36.571969 False [   18953.655506] 0003 0036 000000c4
2022-03-16 15:19:36.590918 False [   18953.672182] 0003 0035 0000045c
2022-03-16 15:19:36.590918 False [   18953.672182] 0003 0036 000000da
2022-03-16 15:19:36.610134 False [   18953.689336] 0003 0035 00000478
2022-03-16 15:19:36.610134 False [   18953.689336] 0003 0036 000000ed
2022-03-16 15:19:36.625149 False [   18953.706086] 0003 0035 00000495
2022-03-16 15:19:36.625149 False [   18953.706086] 0003 0036 000000fd
2022-03-16 15:19:36.638773 False [   18953.722986] 0003 0035 000004b0
2022-03-16 15:19:36.638773 False [   18953.722986] 0003 0036 00000109
2022-03-16 15:19:36.656757 False [   18953.740366] 0003 0035 000004c5
2022-03-16 15:19:36.656757 False [   18953.740366] 0003 0036 00000112
2022-03-16 15:19:36.673303 False [   18953.756965] 0003 0035 000004d5
2022-03-16 15:19:36.673303 False [   18953.756965] 0003 0036 00000118
2022-03-16 15:19:36.690265 False [   18953.774085] 0003 0035 000004e0
2022-03-16 15:19:36.690265 False [   18953.774085] 0003 0036 0000011b
2022-03-16 15:19:36.710199 False [   18953.790925] 0003 0035 000004e6
2022-03-16 15:19:36.711195 False [   18953.790925] 0003 0036 0000011b
2022-03-16 15:19:36.724988 False [   18953.807905] 0003 0035 000004ea
2022-03-16 15:19:36.725986 False [   18953.807905] 0003 0036 0000011b
2022-03-16 15:19:36.739981 False [   18953.824672] 0003 0035 000004ea
2022-03-16 15:19:36.739981 False [   18953.824672] 0003 0036 0000011b
2022-03-16 15:19:36.759790 False [   18953.841829] 0003 0035 000004ea
2022-03-16 15:19:36.759790 False [   18953.841829] 0003 0036 0000011b
2022-03-16 15:19:36.775753 False [   18953.859015] 0003 0035 000004ea
2022-03-16 15:19:36.775753 False [   18953.859015] 0003 0036 0000011b
2022-03-16 15:19:36.791650 False [   18953.875953] 0003 0035 000004ea
2022-03-16 15:19:36.791650 False [   18953.875953] 0003 0036 0000011b
2022-03-16 15:19:36.808408 False [   18953.892901] 0003 0035 000004ea
2022-03-16 15:19:36.809391 False [   18953.892901] 0003 0036 0000011b
2022-03-16 15:19:37.470755 False [   18954.554660] 0003 0035 000004ee
2022-03-16 15:19:37.470755 False [   18954.554660] 0003 0036 00000102
2022-03-16 15:19:37.489720 False [   18954.571619] 0003 0035 000004ee
2022-03-16 15:19:37.489720 False [   18954.571619] 0003 0036 00000102
2022-03-16 15:19:37.503680 False [   18954.587512] 0003 0035 000004ee
2022-03-16 15:19:37.503680 False [   18954.587512] 0003 0036 00000102
2022-03-16 15:19:37.519669 False [   18954.604445] 0003 0035 000004ee
2022-03-16 15:19:37.519669 False [   18954.604445] 0003 0036 00000102
2022-03-16 15:19:37.537461 False [   18954.621331] 0003 0035 000004ee
2022-03-16 15:19:37.537461 False [   18954.621331] 0003 0036 00000102
2022-03-16 15:19:37.554382 False [   18954.637707] 0003 0035 000004ee
2022-03-16 15:19:37.554382 False [   18954.637707] 0003 0036 00000102
2022-03-16 15:19:37.571632 False [   18954.655154] 0003 0035 000004ec
2022-03-16 15:19:37.571632 False [   18954.655154] 0003 0036 00000109
2022-03-16 15:19:37.589583 False [   18954.672395] 0003 0035 000004ec
2022-03-16 15:19:37.589583 False [   18954.672395] 0003 0036 00000112
2022-03-16 15:19:37.606973 False [   18954.689126] 0003 0035 000004ec
2022-03-16 15:19:37.607971 False [   18954.689126] 0003 0036 0000011e
2022-03-16 15:19:37.626494 False [   18954.706534] 0003 0035 000004ec
2022-03-16 15:19:37.626494 False [   18954.706534] 0003 0036 0000012c
2022-03-16 15:19:37.639488 False [   18954.724225] 0003 0035 000004ec
2022-03-16 15:19:37.640491 False [   18954.724225] 0003 0036 0000013c
2022-03-16 15:19:37.663312 False [   18954.739560] 0003 0035 000004ec
2022-03-16 15:19:37.663312 False [   18954.739560] 0003 0036 0000014d
2022-03-16 15:19:37.672288 False [   18954.756327] 0003 0035 000004ec
2022-03-16 15:19:37.672288 False [   18954.756327] 0003 0036 0000015e
2022-03-16 15:19:37.696490 False [   18954.773479] 0003 0035 000004ec
2022-03-16 15:19:37.696490 False [   18954.773479] 0003 0036 0000016f
2022-03-16 15:19:37.706442 False [   18954.790195] 0003 0035 000004ec
2022-03-16 15:19:37.706442 False [   18954.790195] 0003 0036 0000017f
2022-03-16 15:19:37.723128 False [   18954.807167] 0003 0035 000004ec
2022-03-16 15:19:37.723128 False [   18954.807167] 0003 0036 0000018e
2022-03-16 15:19:37.741801 False [   18954.824298] 0003 0035 000004ee
2022-03-16 15:19:37.741801 False [   18954.824298] 0003 0036 0000019b
2022-03-16 15:19:37.758170 False [   18954.841265] 0003 0035 000004ee
2022-03-16 15:19:37.758170 False [   18954.841265] 0003 0036 000001a7
2022-03-16 15:19:37.774755 False [   18954.858231] 0003 0035 000004ee
2022-03-16 15:19:37.774755 False [   18954.858231] 0003 0036 000001b0
2022-03-16 15:19:37.793715 False [   18954.874803] 0003 0035 000004f0
2022-03-16 15:19:37.793715 False [   18954.874803] 0003 0036 000001b6
2022-03-16 15:19:37.807123 False [   18954.891728] 0003 0035 000004f0
2022-03-16 15:19:37.807123 False [   18954.891728] 0003 0036 000001ba
2022-03-16 15:19:37.826694 False [   18954.908989] 0003 0035 000004f0
2022-03-16 15:19:37.826694 False [   18954.908989] 0003 0036 000001ba
2022-03-16 15:19:37.843684 False [   18954.925648] 0003 0035 000004f0
2022-03-16 15:19:37.843684 False [   18954.925648] 0003 0036 000001b6
2022-03-16 15:19:37.858638 False [   18954.942588] 0003 0035 000004f0
2022-03-16 15:19:37.858638 False [   18954.942588] 0003 0036 000001ac
2022-03-16 15:19:37.876540 False [   18954.959870] 0003 0035 000004f0
2022-03-16 15:19:37.877484 False [   18954.959870] 0003 0036 0000019e
2022-03-16 15:19:37.895445 False [   18954.976521] 0003 0035 000004f0
2022-03-16 15:19:37.895445 False [   18954.976521] 0003 0036 0000018d
2022-03-16 15:19:37.912408 False [   18954.993604] 0003 0035 000004ee
2022-03-16 15:19:37.912408 False [   18954.993604] 0003 0036 0000017a
2022-03-16 15:19:37.929284 False [   18955.011596] 0003 0035 000004ee
2022-03-16 15:19:37.929284 False [   18955.011596] 0003 0036 00000166
2022-03-16 15:19:37.944796 False [   18955.028854] 0003 0035 000004ec
2022-03-16 15:19:37.944796 False [   18955.028854] 0003 0036 00000152
2022-03-16 15:19:37.961451 False [   18955.045587] 0003 0035 000004ec
2022-03-16 15:19:37.961451 False [   18955.045587] 0003 0036 0000013f
2022-03-16 15:19:37.979374 False [   18955.062202] 0003 0035 000004ea
2022-03-16 15:19:37.979374 False [   18955.062202] 0003 0036 0000012e
2022-03-16 15:19:37.995002 False [   18955.079622] 0003 0035 000004ea
2022-03-16 15:19:37.995002 False [   18955.079622] 0003 0036 00000120
2022-03-16 15:19:38.014347 False [   18955.095932] 0003 0035 000004ea
2022-03-16 15:19:38.014347 False [   18955.095932] 0003 0036 00000116
2022-03-16 15:19:38.029394 False [   18955.113445] 0003 0035 000004ea
2022-03-16 15:19:38.029394 False [   18955.113445] 0003 0036 0000010f
2022-03-16 15:19:38.048532 False [   18955.130148] 0003 0035 000004ea
2022-03-16 15:19:38.048532 False [   18955.130148] 0003 0036 0000010a
2022-03-16 15:19:38.063134 False [   18955.146851] 0003 0035 000004ea
2022-03-16 15:19:38.063134 False [   18955.146851] 0003 0036 0000010a
2022-03-16 15:19:38.084088 False [   18955.164117] 0003 0035 000004ea
2022-03-16 15:19:38.084088 False [   18955.164117] 0003 0036 0000010a
2022-03-16 15:19:38.097045 False [   18955.180622] 0003 0035 000004ea
2022-03-16 15:19:38.097045 False [   18955.180622] 0003 0036 0000010a
2022-03-16 15:19:38.115891 False [   18955.198379] 0003 0035 000004ea
2022-03-16 15:19:38.116899 False [   18955.198379] 0003 0036 00000112
2022-03-16 15:19:38.134841 False [   18955.214987] 0003 0035 000004ea
2022-03-16 15:19:38.135840 False [   18955.214987] 0003 0036 0000011b
2022-03-16 15:19:38.149461 False [   18955.230958] 0003 0035 000004ea
2022-03-16 15:19:38.149461 False [   18955.230958] 0003 0036 00000124
2022-03-16 15:19:38.435741 False [   18955.518495] 0003 0035 000004e8
2022-03-16 15:19:38.436708 False [   18955.518495] 0003 0036 00000116
2022-03-16 15:19:38.453186 False [   18955.536304] 0003 0035 000004e8
2022-03-16 15:19:38.454146 False [   18955.536304] 0003 0036 00000116
2022-03-16 15:19:38.471102 False [   18955.553859] 0003 0035 000004e8
2022-03-16 15:19:38.471102 False [   18955.553859] 0003 0036 00000116
2022-03-16 15:19:38.490659 False [   18955.570290] 0003 0035 000004e8
2022-03-16 15:19:38.490659 False [   18955.570290] 0003 0036 00000116
2022-03-16 15:19:38.504375 False [   18955.586068] 0003 0035 000004e8
2022-03-16 15:19:38.504375 False [   18955.586068] 0003 0036 00000116
2022-03-16 15:19:38.897786 False [   18955.978008] 0003 0035 000004e7
2022-03-16 15:19:38.897786 False [   18955.978008] 0003 0036 00000128
2022-03-16 15:19:38.910937 False [   18955.994960] 0003 0035 000004e7
2022-03-16 15:19:38.910937 False [   18955.994960] 0003 0036 00000128
2022-03-16 15:19:38.930394 False [   18956.011080] 0003 0035 000004e7
2022-03-16 15:19:38.930394 False [   18956.011080] 0003 0036 00000128
2022-03-16 15:19:38.946130 False [   18956.028856] 0003 0035 000004e7
2022-03-16 15:19:38.946130 False [   18956.028856] 0003 0036 00000128
2022-03-16 15:19:38.962702 False [   18956.044243] 0003 0035 000004e7
2022-03-16 15:19:38.962702 False [   18956.044243] 0003 0036 00000128
2022-03-16 15:19:38.977802 False [   18956.061642] 0003 0035 000004e7
2022-03-16 15:19:38.977802 False [   18956.061642] 0003 0036 00000128
2022-03-16 15:19:38.994914 False [   18956.078836] 0003 0035 000004e7
2022-03-16 15:19:38.994914 False [   18956.078836] 0003 0036 00000128
2022-03-16 15:19:39.320878 False [   18956.400295] 0003 0035 000004f2
2022-03-16 15:19:39.320878 False [   18956.400295] 0003 0036 0000011f
2022-03-16 15:19:39.338691 False [   18956.418547] 0003 0035 000004f2
2022-03-16 15:19:39.338691 False [   18956.418547] 0003 0036 0000011f
2022-03-16 15:19:39.351338 False [   18956.434624] 0003 0035 000004f2
2022-03-16 15:19:39.351338 False [   18956.434624] 0003 0036 0000011f
2022-03-16 15:19:39.367636 False [   18956.451099] 0003 0035 000004f2
2022-03-16 15:19:39.367636 False [   18956.451099] 0003 0036 0000011f
2022-03-16 15:19:39.387597 False [   18956.467465] 0003 0035 000004f2
2022-03-16 15:19:39.387597 False [   18956.467465] 0003 0036 0000011f
2022-03-16 15:19:39.403536 False [   18956.485134] 0003 0035 000004f2
2022-03-16 15:19:39.404532 False [   18956.485134] 0003 0036 0000011f
2022-03-16 15:19:39.418748 False [   18956.502566] 0003 0035 000004f2
2022-03-16 15:19:39.418748 False [   18956.502566] 0003 0036 00000124
2022-03-16 15:19:39.436445 False [   18956.519713] 0003 0035 000004f2
2022-03-16 15:19:39.436445 False [   18956.519713] 0003 0036 0000012b
2022-03-16 15:19:39.451366 False [   18956.535222] 0003 0035 000004f2
2022-03-16 15:19:39.451366 False [   18956.535222] 0003 0036 00000134
2022-03-16 15:19:39.469839 False [   18956.553001] 0003 0035 000004f2
2022-03-16 15:19:39.469839 False [   18956.553001] 0003 0036 0000013f
2022-03-16 15:19:39.486376 False [   18956.569503] 0003 0035 000004f2
2022-03-16 15:19:39.486376 False [   18956.569503] 0003 0036 0000014b
2022-03-16 15:19:39.502565 False [   18956.586178] 0003 0035 000004f2
2022-03-16 15:19:39.502565 False [   18956.586178] 0003 0036 00000157
2022-03-16 15:19:39.522510 False [   18956.603211] 0003 0035 000004f2
2022-03-16 15:19:39.522510 False [   18956.603211] 0003 0036 00000162
2022-03-16 15:19:39.540021 False [   18956.619682] 0003 0035 000004f2
2022-03-16 15:19:39.540021 False [   18956.619682] 0003 0036 0000016c
2022-03-16 15:19:39.553984 False [   18956.636392] 0003 0035 000004f2
2022-03-16 15:19:39.553984 False [   18956.636392] 0003 0036 00000175
2022-03-16 15:19:39.569866 False [   18956.653654] 0003 0035 000004f2
2022-03-16 15:19:39.570873 False [   18956.653654] 0003 0036 0000017c
2022-03-16 15:19:39.592035 False [   18956.671042] 0003 0035 000004f2
2022-03-16 15:19:39.594081 False [   18956.671042] 0003 0036 00000180
2022-03-16 15:19:39.604754 False [   18956.687250] 0003 0035 000004f2
2022-03-16 15:19:39.604754 False [   18956.687250] 0003 0036 00000180
2022-03-16 15:19:39.623343 False [   18956.704185] 0003 0035 000004f2
2022-03-16 15:19:39.623343 False [   18956.704185] 0003 0036 00000180
2022-03-16 15:19:39.640940 False [   18956.721302] 0003 0035 000004f2
2022-03-16 15:19:39.640940 False [   18956.721302] 0003 0036 00000180
2022-03-16 15:19:39.659184 False [   18956.738046] 0003 0035 000004f2
2022-03-16 15:19:39.659184 False [   18956.738046] 0003 0036 00000180
2022-03-16 15:19:39.674044 False [   18956.754967] 0003 0035 000004f2
2022-03-16 15:19:39.675041 False [   18956.754967] 0003 0036 00000180
2022-03-16 15:19:39.694210 False [   18956.771966] 0003 0035 000004f2
2022-03-16 15:19:39.694210 False [   18956.771966] 0003 0036 00000180
2022-03-16 15:19:39.707312 False [   18956.788825] 0003 0035 000004f2
2022-03-16 15:19:39.707312 False [   18956.788825] 0003 0036 0000017a
2022-03-16 15:19:39.721428 False [   18956.805835] 0003 0035 000004f2
2022-03-16 15:19:39.721428 False [   18956.805835] 0003 0036 00000170
2022-03-16 15:19:39.742078 False [   18956.822887] 0003 0035 000004f2
2022-03-16 15:19:39.742078 False [   18956.822887] 0003 0036 00000165
2022-03-16 15:19:39.758630 False [   18956.840428] 0003 0035 000004f2
2022-03-16 15:19:39.758630 False [   18956.840428] 0003 0036 00000159
2022-03-16 15:19:39.773257 False [   18956.857441] 0003 0035 000004f2
2022-03-16 15:19:39.773257 False [   18956.857441] 0003 0036 0000014f
2022-03-16 15:19:39.793730 False [   18956.875488] 0003 0035 000004f2
2022-03-16 15:19:39.793730 False [   18956.875488] 0003 0036 00000146
2022-03-16 15:19:39.810484 False [   18956.892360] 0003 0035 000004ef
2022-03-16 15:19:39.810484 False [   18956.892360] 0003 0036 00000140
2022-03-16 15:19:40.182043 False [   18957.264341] 0003 0035 000004ca
2022-03-16 15:19:40.182043 False [   18957.264341] 0003 0036 00000143
2022-03-16 15:19:40.198993 False [   18957.280812] 0003 0035 000004ca
2022-03-16 15:19:40.198993 False [   18957.280812] 0003 0036 00000143
2022-03-16 15:19:40.215091 False [   18957.298019] 0003 0035 000004ca
2022-03-16 15:19:40.215091 False [   18957.298019] 0003 0036 00000143
2022-03-16 15:19:40.230227 False [   18957.314250] 0003 0035 000004ca
2022-03-16 15:19:40.236266 False [   18957.314250] 0003 0036 00000143
2022-03-16 15:19:40.248604 False [   18957.331855] 0003 0035 000004ca
2022-03-16 15:19:40.248604 False [   18957.331855] 0003 0036 00000143
2022-03-16 15:19:40.263779 False [   18957.348078] 0003 0035 000004ca
2022-03-16 15:19:40.263779 False [   18957.348078] 0003 0036 00000143
2022-03-16 15:19:40.281723 False [   18957.364523] 0003 0035 000004ca
2022-03-16 15:19:40.281723 False [   18957.364523] 0003 0036 00000143
2022-03-16 15:19:40.962864 False [   18958.043700] 0003 0035 000004ca
2022-03-16 15:19:40.962864 False [   18958.043700] 0003 0036 000002ae
2022-03-16 15:19:40.976827 False [   18958.060111] 0003 0035 000004ca
2022-03-16 15:19:40.976827 False [   18958.060111] 0003 0036 000002ae
2022-03-16 15:19:40.992067 False [   18958.076809] 0003 0035 000004ca
2022-03-16 15:19:40.992067 False [   18958.076809] 0003 0036 000002ae
2022-03-16 15:19:41.009732 False [   18958.093554] 0003 0035 000004ca
2022-03-16 15:19:41.009732 False [   18958.093554] 0003 0036 000002ae
2022-03-16 15:19:41.027790 False [   18958.110809] 0003 0035 000004ca
2022-03-16 15:19:41.027790 False [   18958.110809] 0003 0036 000002ae
2022-03-16 15:19:41.043900 False [   18958.127239] 0003 0035 000004ca
2022-03-16 15:19:41.043900 False [   18958.127239] 0003 0036 000002ae
2022-03-16 15:19:41.402914 False [   18958.484818] 0003 0035 000004b6
2022-03-16 15:19:41.402914 False [   18958.484818] 0003 0036 00000259
2022-03-16 15:19:41.416118 False [   18958.500772] 0003 0035 000004b6
2022-03-16 15:19:41.416118 False [   18958.500772] 0003 0036 00000259
2022-03-16 15:19:41.436457 False [   18958.518456] 0003 0035 000004b6
2022-03-16 15:19:41.436457 False [   18958.518456] 0003 0036 00000259
2022-03-16 15:19:41.453483 False [   18958.535083] 0003 0035 000004b6
2022-03-16 15:19:41.453483 False [   18958.535083] 0003 0036 00000259
2022-03-16 15:19:41.466543 False [   18958.550741] 0003 0035 000004b6
2022-03-16 15:19:41.466543 False [   18958.550741] 0003 0036 00000259
2022-03-16 15:19:41.485223 False [   18958.567785] 0003 0035 000004b6
2022-03-16 15:19:41.485223 False [   18958.567785] 0003 0036 00000259
2022-03-16 15:19:41.861077 False [   18958.941626] 0003 0035 00000487
2022-03-16 15:19:41.861077 False [   18958.941626] 0003 0036 0000021f
2022-03-16 15:19:41.875060 False [   18958.958529] 0003 0035 00000487
2022-03-16 15:19:41.875060 False [   18958.958529] 0003 0036 0000021f
2022-03-16 15:19:41.894571 False [   18958.975201] 0003 0035 00000487
2022-03-16 15:19:41.895569 False [   18958.975201] 0003 0036 0000021f
2022-03-16 15:19:41.911049 False [   18958.992099] 0003 0035 00000487
2022-03-16 15:19:41.912046 False [   18958.992099] 0003 0036 0000021f
2022-03-16 15:19:41.927690 False [   18959.008140] 0003 0035 00000487
2022-03-16 15:19:41.927690 False [   18959.008140] 0003 0036 0000021f
2022-03-16 15:19:41.942493 False [   18959.024451] 0003 0035 00000487
2022-03-16 15:19:41.942493 False [   18959.024451] 0003 0036 0000021f
2022-03-16 15:19:42.148864 False [   18959.229723] 0003 0035 000003e0
2022-03-16 15:19:42.148864 False [   18959.229723] 0003 0036 00000202
2022-03-16 15:19:42.164884 False [   18959.246468] 0003 0035 000003e0
2022-03-16 15:19:42.164884 False [   18959.246468] 0003 0036 00000202
2022-03-16 15:19:42.182576 False [   18959.263160] 0003 0035 000003e0
2022-03-16 15:19:42.182576 False [   18959.263160] 0003 0036 00000202
2022-03-16 15:19:42.196984 False [   18959.279768] 0003 0035 000003e0
2022-03-16 15:19:42.196984 False [   18959.279768] 0003 0036 00000202
2022-03-16 15:19:42.213965 False [   18959.296400] 0003 0035 000003e0
2022-03-16 15:19:42.213965 False [   18959.296400] 0003 0036 00000202
2022-03-16 15:19:42.232365 False [   18959.312537] 0003 0035 000003e0
2022-03-16 15:19:42.233315 False [   18959.312537] 0003 0036 00000202
2022-03-16 15:19:42.942288 False [   18960.026268] 0003 0035 00000419
2022-03-16 15:19:42.942288 False [   18960.026268] 0003 0036 0000025b
2022-03-16 15:19:42.960508 False [   18960.042687] 0003 0035 00000419
2022-03-16 15:19:42.960508 False [   18960.042687] 0003 0036 0000025b
2022-03-16 15:19:42.979488 False [   18960.058247] 0003 0035 00000419
2022-03-16 15:19:42.979488 False [   18960.058247] 0003 0036 0000025b
2022-03-16 15:19:42.990927 False [   18960.075006] 0003 0035 00000419
2022-03-16 15:19:42.991894 False [   18960.075006] 0003 0036 0000025b
2022-03-16 15:19:43.013108 False [   18960.091550] 0003 0035 00000419
2022-03-16 15:19:43.013108 False [   18960.091550] 0003 0036 0000025b
2022-03-16 15:19:43.468022 True [   18960.550824] 0003 0035 0000036b
2022-03-16 15:19:43.468022 True [   18960.550824] 0003 0036 00000242
2022-03-16 15:19:43.487452 True [   18960.567127] 0003 0035 0000036b
2022-03-16 15:19:43.487452 True [   18960.567127] 0003 0036 00000242
2022-03-16 15:19:43.503525 True [   18960.583754] 0003 0035 0000036b
2022-03-16 15:19:43.503525 True [   18960.583754] 0003 0036 00000242
2022-03-16 15:19:43.519009 True [   18960.601104] 0003 0035 0000036b
2022-03-16 15:19:43.519009 True [   18960.601104] 0003 0036 00000242
2022-03-16 15:19:43.537728 True [   18960.617639] 0003 0035 0000036b
2022-03-16 15:19:43.537728 True [   18960.617639] 0003 0036 00000242
2022-03-16 15:19:44.585490 False [   18961.667730] 0003 0035 000003be
2022-03-16 15:19:44.585490 False [   18961.667730] 0003 0036 00000280
2022-03-16 15:19:44.600605 False [   18961.684990] 0003 0035 000003be
2022-03-16 15:19:44.601580 False [   18961.684990] 0003 0036 00000280
2022-03-16 15:19:44.620528 False [   18961.701889] 0003 0035 000003be
2022-03-16 15:19:44.620528 False [   18961.701889] 0003 0036 00000280
2022-03-16 15:19:44.636657 False [   18961.719313] 0003 0035 000003be
2022-03-16 15:19:44.637655 False [   18961.719313] 0003 0036 00000280
2022-03-16 15:19:44.652011 False [   18961.735439] 0003 0035 000003be
2022-03-16 15:19:44.652011 False [   18961.735439] 0003 0036 00000280
2022-03-16 15:19:44.668088 False [   18961.751413] 0003 0035 000003be
2022-03-16 15:19:44.668088 False [   18961.751413] 0003 0036 00000280
2022-03-16 15:19:45.230773 False [   18962.312681] 0003 0035 0000041d
2022-03-16 15:19:45.231737 False [   18962.312681] 0003 0036 000002a1
2022-03-16 15:19:45.245846 False [   18962.329312] 0003 0035 0000041d
2022-03-16 15:19:45.246854 False [   18962.329312] 0003 0036 000002a1
2022-03-16 15:19:45.262676 False [   18962.346187] 0003 0035 0000041d
2022-03-16 15:19:45.262676 False [   18962.346187] 0003 0036 000002a1
2022-03-16 15:19:45.280635 False [   18962.362906] 0003 0035 0000041d
2022-03-16 15:19:45.280635 False [   18962.362906] 0003 0036 000002a1
2022-03-16 15:19:45.299070 False [   18962.379414] 0003 0035 0000041d
2022-03-16 15:19:45.299070 False [   18962.379414] 0003 0036 000002a1
2022-03-16 15:19:45.316101 False [   18962.395765] 0003 0035 0000041d
2022-03-16 15:19:45.316101 False [   18962.395765] 0003 0036 000002a1
2022-03-16 15:19:47.211572 False [   18964.294114] 0003 0035 0000041a
2022-03-16 15:19:47.212569 False [   18964.294114] 0003 0036 00000236
2022-03-16 15:19:47.226573 False [   18964.310140] 0003 0035 0000041a
2022-03-16 15:19:47.226573 False [   18964.310140] 0003 0036 00000236
2022-03-16 15:19:47.244091 False [   18964.326897] 0003 0035 0000041a
2022-03-16 15:19:47.244091 False [   18964.326897] 0003 0036 00000236
2022-03-16 15:19:47.259697 False [   18964.343899] 0003 0035 0000041a
2022-03-16 15:19:47.259697 False [   18964.343899] 0003 0036 00000236
2022-03-16 15:19:47.280797 False [   18964.360382] 0003 0035 0000041a
2022-03-16 15:19:47.280797 False [   18964.360382] 0003 0036 00000236
2022-03-16 15:19:47.905425 True [   18964.988062] 0003 0035 0000030e
2022-03-16 15:19:47.905425 False [   18964.988062] 0003 0036 0000028f
2022-03-16 15:19:47.923666 False [   18965.004423] 0003 0035 0000030e
2022-03-16 15:19:47.923666 False [   18965.004423] 0003 0036 0000028f
2022-03-16 15:19:47.937635 False [   18965.021580] 0003 0035 0000030e
2022-03-16 15:19:47.937635 False [   18965.021580] 0003 0036 0000028f
2022-03-16 15:19:47.957551 False [   18965.037809] 0003 0035 0000030e
2022-03-16 15:19:47.957551 False [   18965.037809] 0003 0036 0000028f
2022-03-16 15:19:47.975173 False [   18965.055178] 0003 0035 0000030e
2022-03-16 15:19:47.975173 False [   18965.055178] 0003 0036 0000028f
2022-03-16 15:19:47.989260 False [   18965.071318] 0003 0035 0000030e
2022-03-16 15:19:47.989260 False [   18965.071318] 0003 0036 0000028f
2022-03-16 15:19:48.751850 False [   18965.835091] 0003 0035 0000036e
2022-03-16 15:19:48.751850 False [   18965.835091] 0003 0036 000002b1
2022-03-16 15:19:48.767836 False [   18965.851554] 0003 0035 0000036e
2022-03-16 15:19:48.767836 False [   18965.851554] 0003 0036 000002b1
2022-03-16 15:19:48.784763 False [   18965.868094] 0003 0035 0000036e
2022-03-16 15:19:48.784763 False [   18965.868094] 0003 0036 000002b1
2022-03-16 15:19:48.800721 False [   18965.885539] 0003 0035 0000036e
2022-03-16 15:19:48.800721 False [   18965.885539] 0003 0036 000002b1
2022-03-16 15:19:48.818041 False [   18965.901858] 0003 0035 0000036e
2022-03-16 15:19:48.818041 False [   18965.901858] 0003 0036 000002b1
2022-03-16 15:19:48.838535 False [   18965.918445] 0003 0035 0000036e
2022-03-16 15:19:48.838535 False [   18965.918445] 0003 0036 000002b1
2022-03-16 15:19:49.534701 False [   18966.614328] 0003 0035 00000354
2022-03-16 15:19:49.536700 False [   18966.614328] 0003 0036 0000026a
2022-03-16 15:19:49.546806 False [   18966.630794] 0003 0035 00000354
2022-03-16 15:19:49.546806 False [   18966.630794] 0003 0036 0000026a
2022-03-16 15:19:49.564634 False [   18966.646933] 0003 0035 00000354
2022-03-16 15:19:49.564634 False [   18966.646933] 0003 0036 0000026a
2022-03-16 15:19:49.581665 False [   18966.664690] 0003 0035 00000354
2022-03-16 15:19:49.581665 False [   18966.664690] 0003 0036 0000026a
2022-03-16 15:19:49.598148 False [   18966.681606] 0003 0035 00000354
2022-03-16 15:19:49.598148 False [   18966.681606] 0003 0036 0000026a
2022-03-16 15:19:49.616086 False [   18966.697602] 0003 0035 00000354
2022-03-16 15:19:49.616086 False [   18966.697602] 0003 0036 0000026a
2022-03-16 15:19:50.125695 False [   18967.208075] 0003 0035 000003c5
2022-03-16 15:19:50.125695 False [   18967.208075] 0003 0036 00000252
2022-03-16 15:19:50.138948 False [   18967.223887] 0003 0035 000003c5
2022-03-16 15:19:50.139950 False [   18967.223887] 0003 0036 00000252
2022-03-16 15:19:50.158689 False [   18967.240411] 0003 0035 000003c5
2022-03-16 15:19:50.159674 False [   18967.240411] 0003 0036 00000252
2022-03-16 15:19:50.179647 False [   18967.258350] 0003 0035 000003c5
2022-03-16 15:19:50.179647 False [   18967.258350] 0003 0036 00000252
2022-03-16 15:19:50.192541 False [   18967.274194] 0003 0035 000003c5
2022-03-16 15:19:50.192541 False [   18967.274194] 0003 0036 00000252
2022-03-16 15:19:50.207735 False [   18967.291186] 0003 0035 000003c5
2022-03-16 15:19:50.207735 False [   18967.291186] 0003 0036 00000252
2022-03-16 15:19:50.226875 False [   18967.307466] 0003 0035 000003c5
2022-03-16 15:19:50.226875 False [   18967.307466] 0003 0036 00000252
2022-03-16 15:19:50.716902 True [   18967.799804] 0003 0035 00000318
2022-03-16 15:19:50.716902 True [   18967.799804] 0003 0036 0000017e
2022-03-16 15:19:50.736646 True [   18967.816855] 0003 0035 00000318
2022-03-16 15:19:50.737644 True [   18967.816855] 0003 0036 0000017e
2022-03-16 15:19:50.750967 True [   18967.834049] 0003 0035 00000318
2022-03-16 15:19:50.750967 True [   18967.834049] 0003 0036 0000017e
2022-03-16 15:19:50.767148 True [   18967.851296] 0003 0035 00000318
2022-03-16 15:19:50.767148 True [   18967.851296] 0003 0036 0000017e
2022-03-16 15:19:50.784424 True [   18967.867107] 0003 0035 00000318
2022-03-16 15:19:50.784424 True [   18967.867107] 0003 0036 0000017e
2022-03-16 15:19:50.804056 True [   18967.883838] 0003 0035 00000318
2022-03-16 15:19:50.804056 True [   18967.883838] 0003 0036 0000017e
2022-03-16 15:19:50.818964 True [   18967.900643] 0003 0035 00000318
2022-03-16 15:19:50.818964 True [   18967.900643] 0003 0036 0000017e
2022-03-16 15:19:51.191870 True [   18968.274528] 0003 0035 000001ac
2022-03-16 15:19:51.191870 False [   18968.274528] 0003 0036 000000bb
2022-03-16 15:19:51.209821 False [   18968.290452] 0003 0035 000001ac
2022-03-16 15:19:51.209821 False [   18968.290452] 0003 0036 000000bb
2022-03-16 15:19:51.228770 False [   18968.308229] 0003 0035 000001ac
2022-03-16 15:19:51.228770 False [   18968.308229] 0003 0036 000000bb
2022-03-16 15:19:51.243034 False [   18968.324556] 0003 0035 000001ac
2022-03-16 15:19:51.243034 False [   18968.324556] 0003 0036 000000bb
2022-03-16 15:19:51.257849 False [   18968.341671] 0003 0035 000001ac
2022-03-16 15:19:51.257849 False [   18968.341671] 0003 0036 000000bb
2022-03-16 15:19:51.274907 False [   18968.358439] 0003 0035 000001ac
2022-03-16 15:19:51.274907 False [   18968.358439] 0003 0036 000000bb
2022-03-16 15:19:51.704274 False [   18968.782979] 0003 0035 000001a4
2022-03-16 15:19:51.704274 True [   18968.782979] 0003 0036 000001ae
2022-03-16 15:19:51.718504 True [   18968.799440] 0003 0035 000001a4
2022-03-16 15:19:51.718504 True [   18968.799440] 0003 0036 000001ae
2022-03-16 15:19:51.731686 True [   18968.815417] 0003 0035 000001a4
2022-03-16 15:19:51.731686 True [   18968.815417] 0003 0036 000001ae
2022-03-16 15:19:51.748341 True [   18968.832617] 0003 0035 000001a4
2022-03-16 15:19:51.748341 True [   18968.832617] 0003 0036 000001ae
2022-03-16 15:19:51.767109 True [   18968.849850] 0003 0035 000001a4
2022-03-16 15:19:51.767109 True [   18968.849850] 0003 0036 000001ae
2022-03-16 15:19:51.787175 True [   18968.866682] 0003 0035 000001a4
2022-03-16 15:19:51.788167 True [   18968.866682] 0003 0036 000001ae
2022-03-16 15:19:52.172576 True [   18969.257560] 0003 0035 00000163
2022-03-16 15:19:52.172576 False [   18969.257560] 0003 0036 0000026e
2022-03-16 15:19:52.192542 False [   18969.273988] 0003 0035 00000163
2022-03-16 15:19:52.192542 False [   18969.273988] 0003 0036 0000026e
2022-03-16 15:19:52.206242 False [   18969.290687] 0003 0035 00000163
2022-03-16 15:19:52.206242 False [   18969.290687] 0003 0036 0000026e
2022-03-16 15:19:52.224253 False [   18969.307660] 0003 0035 00000163
2022-03-16 15:19:52.224253 False [   18969.307660] 0003 0036 0000026e
2022-03-16 15:19:52.240535 False [   18969.324063] 0003 0035 00000163
2022-03-16 15:19:52.240535 False [   18969.324063] 0003 0036 0000026e
2022-03-16 15:19:52.256646 False [   18969.340973] 0003 0035 0000016a
2022-03-16 15:19:52.256646 False [   18969.340973] 0003 0036 0000026e
2022-03-16 15:19:52.563763 False [   18969.645803] 0003 0035 000002aa
2022-03-16 15:19:52.563763 True [   18969.645803] 0003 0036 00000205
2022-03-16 15:19:52.579692 True [   18969.663124] 0003 0035 000002aa
2022-03-16 15:19:52.580692 True [   18969.663124] 0003 0036 00000205
2022-03-16 15:19:52.595927 True [   18969.679888] 0003 0035 000002aa
2022-03-16 15:19:52.595927 True [   18969.679888] 0003 0036 00000205
2022-03-16 15:19:52.612946 True [   18969.696937] 0003 0035 000002aa
2022-03-16 15:19:52.612946 True [   18969.696937] 0003 0036 00000205
2022-03-16 15:19:52.635317 True [   18969.713458] 0003 0035 000002aa
2022-03-16 15:19:52.635317 True [   18969.713458] 0003 0036 00000205
2022-03-16 15:19:52.649372 True [   18969.730224] 0003 0035 000002aa
2022-03-16 15:19:52.649372 True [   18969.730224] 0003 0036 00000205
2022-03-16 15:19:52.665715 True [   18969.747064] 0003 0035 000002aa
2022-03-16 15:19:52.665715 True [   18969.747064] 0003 0036 00000205
2022-03-16 15:19:52.970391 True [   18970.053555] 0003 0035 0000015d
2022-03-16 15:19:52.970391 True [   18970.053555] 0003 0036 00000182
2022-03-16 15:19:52.988683 True [   18970.069685] 0003 0035 0000015d
2022-03-16 15:19:52.988683 True [   18970.069685] 0003 0036 00000182
2022-03-16 15:19:53.006288 True [   18970.086387] 0003 0035 0000015d
2022-03-16 15:19:53.006288 True [   18970.086387] 0003 0036 00000182
2022-03-16 15:19:53.023863 True [   18970.104333] 0003 0035 0000015d
2022-03-16 15:19:53.023863 True [   18970.104333] 0003 0036 00000182
2022-03-16 15:19:53.039064 True [   18970.120273] 0003 0035 0000015d
2022-03-16 15:19:53.039064 True [   18970.120273] 0003 0036 00000182
2022-03-16 15:19:53.052449 True [   18970.136361] 0003 0035 0000015d
2022-03-16 15:19:53.052449 True [   18970.136361] 0003 0036 00000182
2022-03-16 15:19:53.444491 True [   18970.527802] 0003 0035 000002c4
2022-03-16 15:19:53.444491 False [   18970.527802] 0003 0036 0000009a
2022-03-16 15:19:53.460573 False [   18970.543660] 0003 0035 000002c4
2022-03-16 15:19:53.460573 False [   18970.543660] 0003 0036 0000009a
2022-03-16 15:19:53.476921 False [   18970.560732] 0003 0035 000002c4
2022-03-16 15:19:53.476921 False [   18970.560732] 0003 0036 0000009a
2022-03-16 15:19:53.495157 False [   18970.578721] 0003 0035 000002c4
2022-03-16 15:19:53.495157 False [   18970.578721] 0003 0036 0000009a
2022-03-16 15:19:53.510675 False [   18970.594529] 0003 0035 000002c4
2022-03-16 15:19:53.510675 False [   18970.594529] 0003 0036 0000009a
2022-03-16 15:19:53.527724 False [   18970.611461] 0003 0035 000002c4
2022-03-16 15:19:53.527724 False [   18970.611461] 0003 0036 0000009a
2022-03-16 15:19:53.545743 False [   18970.627646] 0003 0035 000002c4
2022-03-16 15:19:53.545743 False [   18970.627646] 0003 0036 0000009a
2022-03-16 15:19:53.903369 False [   18970.984894] 0003 0035 00000096
2022-03-16 15:19:53.903369 False [   18970.984894] 0003 0036 00000070
2022-03-16 15:19:53.918637 False [   18971.001926] 0003 0035 00000096
2022-03-16 15:19:53.918637 False [   18971.001926] 0003 0036 00000070
2022-03-16 15:19:53.939112 False [   18971.018492] 0003 0035 00000096
2022-03-16 15:19:53.939112 False [   18971.018492] 0003 0036 00000070
2022-03-16 15:19:53.954016 False [   18971.035310] 0003 0035 00000096
2022-03-16 15:19:53.954016 False [   18971.035310] 0003 0036 00000070
2022-03-16 15:19:53.972774 False [   18971.053384] 0003 0035 00000096
2022-03-16 15:19:53.972774 False [   18971.053384] 0003 0036 00000070
2022-03-16 15:19:54.411515 False [   18971.492929] 0003 0035 000002c4
2022-03-16 15:19:54.411515 False [   18971.492929] 0003 0036 00000067
2022-03-16 15:19:54.430347 False [   18971.510289] 0003 0035 000002c4
2022-03-16 15:19:54.430347 False [   18971.510289] 0003 0036 00000067
2022-03-16 15:19:54.445145 False [   18971.526562] 0003 0035 000002c4
2022-03-16 15:19:54.445145 False [   18971.526562] 0003 0036 00000067
2022-03-16 15:19:54.463989 False [   18971.543447] 0003 0035 000002c4
2022-03-16 15:19:54.463989 False [   18971.543447] 0003 0036 00000067
2022-03-16 15:19:54.480403 False [   18971.559801] 0003 0035 000002c4
2022-03-16 15:19:54.480403 False [   18971.559801] 0003 0036 00000067
2022-03-16 15:19:54.494077 False [   18971.576203] 0003 0035 000002c4
2022-03-16 15:19:54.494077 False [   18971.576203] 0003 0036 00000067
2022-03-16 15:19:54.513858 False [   18971.592934] 0003 0035 000002cf
2022-03-16 15:19:54.513858 False [   18971.592934] 0003 0036 00000067
2022-03-16 15:19:57.188140 False [   18974.270561] 0003 0035 00000314
2022-03-16 15:19:57.188140 True [   18974.270561] 0003 0036 00000122
