Mode = area stim
    verts = 5 
    radius = 550 
    center = (800, 1280) 
    first_angle = 0.7882221502565199 
    wm_size = [1600 2560] 
    stim_amp = 6 
    baseline_stim = 4
    current_stim_group = audio
    sense_zone = 0
    ===============================
2022-03-16 19:37:23.743983 0 [   34760.773406] 0003 0036 00000882
2022-03-16 19:37:23.782377 0 [   34760.813858] 0003 0036 00000881
2022-03-16 19:37:23.797419 0 [   34760.830511] 0003 0036 0000087f
2022-03-16 19:37:23.806818 0 [   34760.838721] 0003 0036 0000087e
2022-03-16 19:37:23.814809 0 [   34760.847182] 0003 0036 0000087c
2022-03-16 19:37:23.823377 0 [   34760.855450] 0003 0036 0000087b
2022-03-16 19:37:23.832588 0 [   34760.863809] 0003 0036 00000879
2022-03-16 19:37:23.840995 0 [   34760.872038] 0003 0036 00000878
2022-03-16 19:37:23.849384 0 [   34760.880468] 0003 0036 00000876
2022-03-16 19:37:23.857721 0 [   34760.888573] 0003 0036 00000874
2022-03-16 19:37:23.866024 0 [   34760.897125] 0003 0036 00000873
2022-03-16 19:37:23.872367 0 [   34760.905228] 0003 0036 00000871
2022-03-16 19:37:23.882372 0 [   34760.913826] 0003 0036 0000086f
2022-03-16 19:37:23.889287 0 [   34760.922227] 0003 0036 0000086d
2022-03-16 19:37:23.896635 0 [   34760.930306] 0003 0036 0000086b
2022-03-16 19:37:23.905462 0 [   34760.938475] 0003 0036 00000869
2022-03-16 19:37:23.914138 0 [   34760.946839] 0003 0036 00000867
2022-03-16 19:37:23.921309 0 [   34760.955166] 0003 0036 00000865
2022-03-16 19:37:23.930689 0 [   34760.963513] 0003 0036 00000864
2022-03-16 19:37:23.940341 0 [   34760.971723] 0003 0036 00000862
2022-03-16 19:37:23.947639 0 [   34760.980366] 0003 0036 00000861
2022-03-16 19:37:23.957169 0 [   34760.988350] 0003 0036 0000085f
2022-03-16 19:37:23.965467 0 [   34760.996773] 0003 0036 0000085e
2022-03-16 19:37:23.972354 0 [   34761.004999] 0003 0036 0000085c
2022-03-16 19:37:23.981976 0 [   34761.013822] 0003 0036 0000085a
2022-03-16 19:37:23.989964 0 [   34761.021625] 0003 0036 00000859
2022-03-16 19:37:23.999940 0 [   34761.031003] 0003 0036 00000858
2022-03-16 19:37:24.007926 0 [   34761.038370] 0003 0036 00000856
2022-03-16 19:37:24.015398 0 [   34761.046700] 0003 0036 00000854
2022-03-16 19:37:24.033417 0 [   34761.063653] 0003 0036 00000852
2022-03-16 19:37:24.042250 0 [   34761.071475] 0003 0036 00000851
2022-03-16 19:37:24.050404 0 [   34761.080116] 0003 0036 00000850
2022-03-16 19:37:24.057498 0 [   34761.088050] 0003 0036 0000084f
2022-03-16 19:37:24.068408 0 [   34761.096559] 0003 0036 0000084e
2022-03-16 19:37:24.074897 0 [   34761.104823] 0003 0036 0000084d
2022-03-16 19:37:24.081885 0 [   34761.113323] 0003 0036 0000084c
2022-03-16 19:37:24.092027 0 [   34761.121366] 0003 0036 0000084b
2022-03-16 19:37:24.106479 0 [   34761.137910] 0003 0036 0000084a
2022-03-16 19:37:24.114349 0 [   34761.146625] 0003 0036 00000848
2022-03-16 19:37:24.125369 0 [   34761.154572] 0003 0036 00000847
2022-03-16 19:37:24.140352 0 [   34761.171719] 0003 0036 00000845
2022-03-16 19:37:24.147178 0 [   34761.179888] 0003 0036 00000844
2022-03-16 19:37:24.156276 0 [   34761.187864] 0003 0036 00000843
2022-03-16 19:37:24.165068 0 [   34761.196505] 0003 0036 00000842
2022-03-16 19:37:24.173722 0 [   34761.204406] 0003 0036 00000841
2022-03-16 19:37:24.181085 0 [   34761.212876] 0003 0036 0000083f
2022-03-16 19:37:24.191501 0 [   34761.221255] 0003 0036 0000083e
2022-03-16 19:37:24.207165 0 [   34761.238098] 0003 0036 0000083d
2022-03-16 19:37:24.213154 0 [   34761.246486] 0003 0036 0000083b
2022-03-16 19:37:24.223879 0 [   34761.254529] 0003 0036 0000083a
2022-03-16 19:37:24.240343 0 [   34761.270910] 0003 0036 00000839
2022-03-16 19:37:24.248999 0 [   34761.279283] 0003 0036 00000838
2022-03-16 19:37:24.256814 0 [   34761.287522] 0003 0036 00000837
2022-03-16 19:37:24.264706 0 [   34761.296072] 0003 0036 00000836
2022-03-16 19:37:24.284047 0 [   34761.312658] 0003 0036 00000835
2022-03-16 19:37:24.322349 0 [   34761.354077] 0003 0036 00000834
2022-03-16 19:37:24.357865 0 [   34761.387288] 0003 0036 00000833
2022-03-16 19:37:24.511404 0 [   34761.545336] 0003 0036 00000832
2022-03-16 19:37:24.546277 0 [   34761.578843] 0003 0036 00000831
2022-03-16 19:37:24.613036 0 [   34761.645776] 0003 0036 00000830
2022-03-16 19:37:24.644944 0 [   34761.678788] 0003 0036 0000082f
2022-03-16 19:37:24.680134 0 [   34761.712063] 0003 0036 0000082e
2022-03-16 19:37:24.713012 0 [   34761.745122] 0003 0036 0000082d
2022-03-16 19:37:24.745258 0 [   34761.777909] 0003 0036 0000082c
2022-03-16 19:37:24.763630 0 [   34761.794691] 0003 0036 0000082a
2022-03-16 19:37:24.771608 0 [   34761.802746] 0003 0036 00000829
2022-03-16 19:37:24.780591 0 [   34761.812388] 0003 0036 00000828
2022-03-16 19:37:24.790209 0 [   34761.819841] 0003 0036 00000827
2022-03-16 19:37:24.796193 0 [   34761.827799] 0003 0036 00000826
2022-03-16 19:37:24.803311 0 [   34761.836039] 0003 0036 00000824
2022-03-16 19:37:24.811274 0 [   34761.844629] 0003 0036 00000822
2022-03-16 19:37:24.822354 0 [   34761.852695] 0003 0036 00000820
2022-03-16 19:37:24.828780 0 [   34761.861440] 0003 0036 0000081e
2022-03-16 19:37:24.838387 0 [   34761.869181] 0003 0036 0000081b
2022-03-16 19:37:24.845481 0 [   34761.877669] 0003 0036 0000081a
2022-03-16 19:37:24.854027 0 [   34761.885915] 0003 0036 00000817
2022-03-16 19:37:24.862354 0 [   34761.895044] 0003 0036 00000815
2022-03-16 19:37:24.871202 0 [   34761.902546] 0003 0036 00000812
2022-03-16 19:37:24.879762 0 [   34761.911179] 0003 0036 0000080f
2022-03-16 19:37:24.887368 0 [   34761.919288] 0003 0036 0000080d
2022-03-16 19:37:24.896491 0 [   34761.928332] 0003 0036 0000080a
2022-03-16 19:37:24.904748 0 [   34761.935758] 0003 0036 00000807
2022-03-16 19:37:24.912177 0 [   34761.944390] 0003 0036 00000804
2022-03-16 19:37:24.920248 0 [   34761.952399] 0003 0036 000007ff
2022-03-16 19:37:24.929240 0 [   34761.960789] 0003 0036 000007fb
2022-03-16 19:37:24.936209 0 [   34761.969227] 0003 0036 000007f7
2022-03-16 19:37:24.946032 0 [   34761.977406] 0003 0036 000007f3
2022-03-16 19:37:24.954173 0 [   34761.985655] 0003 0036 000007ef
2022-03-16 19:37:24.961144 0 [   34761.993950] 0003 0036 000007ea
2022-03-16 19:37:24.970243 0 [   34762.002186] 0003 0036 000007e7
2022-03-16 19:37:24.978213 0 [   34762.011306] 0003 0036 000007e3
2022-03-16 19:37:24.989295 0 [   34762.019094] 0003 0036 000007df
2022-03-16 19:37:24.995285 0 [   34762.027226] 0003 0036 000007dc
2022-03-16 19:37:25.004636 0 [   34762.035527] 0003 0036 000007d8
2022-03-16 19:37:25.012403 0 [   34762.043959] 0003 0036 000007d4
2022-03-16 19:37:25.019982 0 [   34762.052390] 0003 0036 000007cf
2022-03-16 19:37:25.028861 0 [   34762.060546] 0003 0036 000007ca
2022-03-16 19:37:25.037879 0 [   34762.068766] 0003 0036 000007c5
2022-03-16 19:37:25.044408 0 [   34762.077137] 0003 0036 000007c0
2022-03-16 19:37:25.054221 0 [   34762.085507] 0003 0036 000007bc
2022-03-16 19:37:25.062859 0 [   34762.094081] 0003 0036 000007b7
2022-03-16 19:37:25.069327 0 [   34762.101995] 0003 0036 000007b2
2022-03-16 19:37:25.077227 0 [   34762.111152] 0003 0036 000007ae
2022-03-16 19:37:25.086827 0 [   34762.118617] 0003 0036 000007aa
2022-03-16 19:37:25.095554 0 [   34762.127238] 0003 0036 000007a5
2022-03-16 19:37:25.102437 0 [   34762.135344] 0003 0036 000007a0
2022-03-16 19:37:25.111450 0 [   34762.144053] 0003 0036 0000079c
2022-03-16 19:37:25.120445 0 [   34762.151911] 0003 0036 00000797
2022-03-16 19:37:25.127411 0 [   34762.160338] 0003 0036 00000791
2022-03-16 19:37:25.136518 0 [   34762.168607] 0003 0036 0000078d
2022-03-16 19:37:25.145011 0 [   34762.176988] 0003 0036 00000787
2022-03-16 19:37:25.154617 0 [   34762.185166] 0003 0036 00000782
2022-03-16 19:37:25.160794 0 [   34762.193503] 0003 0036 0000077e
2022-03-16 19:37:25.168586 0 [   34762.201772] 0003 0036 0000077a
2022-03-16 19:37:25.179108 0 [   34762.210188] 0003 0036 00000775
2022-03-16 19:37:25.187028 0 [   34762.218375] 0003 0036 00000772
2022-03-16 19:37:25.196517 0 [   34762.227347] 0003 0036 0000076d
2022-03-16 19:37:25.206501 0 [   34762.235029] 0003 0036 00000767
2022-03-16 19:37:25.210503 0 [   34762.243428] 0003 0036 00000760
2022-03-16 19:37:25.220110 0 [   34762.251610] 0003 0036 0000075a
2022-03-16 19:37:25.226699 0 [   34762.260523] 0003 0036 00000755
2022-03-16 19:37:25.236975 0 [   34762.268260] 0003 0036 0000074f
2022-03-16 19:37:25.243785 0 [   34762.276960] 0003 0036 0000074b
2022-03-16 19:37:25.255223 0 [   34762.284876] 0003 0036 00000746
2022-03-16 19:37:25.264669 0 [   34762.293412] 0003 0036 00000743
2022-03-16 19:37:25.271363 0 [   34762.301495] 0003 0036 0000073f
2022-03-16 19:37:25.278726 0 [   34762.309921] 0003 0036 0000073a
2022-03-16 19:37:25.286676 0 [   34762.318080] 0003 0036 00000736
2022-03-16 19:37:25.294468 0 [   34762.326898] 0003 0036 00000731
2022-03-16 19:37:25.302548 0 [   34762.334771] 0003 0036 0000072d
2022-03-16 19:37:25.310530 0 [   34762.343350] 0003 0036 00000727
2022-03-16 19:37:25.318474 0 [   34762.351288] 0003 0036 00000721
2022-03-16 19:37:25.327035 0 [   34762.360058] 0003 0036 0000071c
2022-03-16 19:37:25.335144 0 [   34762.368000] 0003 0036 00000718
2022-03-16 19:37:25.343550 0 [   34762.376658] 0003 0036 00000713
2022-03-16 19:37:25.351716 0 [   34762.384583] 0003 0036 0000070f
2022-03-16 19:37:25.361391 0 [   34762.393013] 0003 0036 0000070b
2022-03-16 19:37:25.371660 0 [   34762.401211] 0003 0036 00000706
2022-03-16 19:37:25.378767 0 [   34762.409618] 0003 0036 00000702
2022-03-16 19:37:25.386157 0 [   34762.417827] 0003 0036 000006fd
2022-03-16 19:37:25.393321 0 [   34762.426469] 0003 0036 000006f7
2022-03-16 19:37:25.404552 0 [   34762.434460] 0003 0036 000006f1
2022-03-16 19:37:25.413864 0 [   34762.443341] 0003 0036 000006ed
2022-03-16 19:37:25.419609 0 [   34762.451061] 0003 0036 000006e8
2022-03-16 19:37:25.426860 0 [   34762.459904] 0003 0036 000006e5
2022-03-16 19:37:25.437243 0 [   34762.467719] 0003 0036 000006e1
2022-03-16 19:37:25.444383 0 [   34762.476364] 0003 0036 000006de
2022-03-16 19:37:25.453612 0 [   34762.484347] 0003 0036 000006da
2022-03-16 19:37:25.460877 0 [   34762.492863] 0003 0036 000006d6
2022-03-16 19:37:25.469825 0 [   34762.500930] 0003 0036 000006d3
2022-03-16 19:37:25.477675 0 [   34762.510144] 0003 0036 000006cf
2022-03-16 19:37:25.486367 0 [   34762.517493] 0003 0036 000006cc
2022-03-16 19:37:25.493351 0 [   34762.526229] 0003 0036 000006c8
2022-03-16 19:37:25.501937 0 [   34762.534221] 0003 0036 000006c3
2022-03-16 19:37:25.511778 0 [   34762.542642] 0003 0036 000006bf
2022-03-16 19:37:25.518470 0 [   34762.550871] 0003 0036 000006ba
2022-03-16 19:37:25.527451 0 [   34762.559220] 0003 0036 000006b5
2022-03-16 19:37:25.535141 0 [   34762.567420] 0003 0036 000006b0
2022-03-16 19:37:25.545793 0 [   34762.575836] 0003 0036 000006ac
2022-03-16 19:37:25.552147 0 [   34762.584056] 0003 0036 000006a8
2022-03-16 19:37:25.560087 0 [   34762.592445] 0003 0036 000006a4
2022-03-16 19:37:25.569924 0 [   34762.600630] 0003 0036 0000069f
2022-03-16 19:37:25.577807 0 [   34762.609159] 0003 0036 0000069b
2022-03-16 19:37:25.587762 0 [   34762.617255] 0003 0036 00000698
2022-03-16 19:37:25.593524 0 [   34762.625696] 0003 0036 00000694
2022-03-16 19:37:25.602323 0 [   34762.633890] 0003 0036 00000690
2022-03-16 19:37:25.611143 0 [   34762.642280] 0003 0036 0000068c
2022-03-16 19:37:25.619064 0 [   34762.650519] 0003 0036 00000688
2022-03-16 19:37:25.627484 0 [   34762.658951] 0003 0036 00000684
2022-03-16 19:37:25.634776 0 [   34762.667212] 0003 0036 0000067f
2022-03-16 19:37:25.642364 0 [   34762.675526] 0003 0036 0000067b
2022-03-16 19:37:25.651207 0 [   34762.683732] 0003 0036 00000676
2022-03-16 19:37:25.659093 0 [   34762.692148] 0003 0036 00000673
2022-03-16 19:37:25.668325 0 [   34762.700361] 0003 0036 0000066f
2022-03-16 19:37:25.675248 0 [   34762.708725] 0003 0036 0000066b
2022-03-16 19:37:25.684800 0 [   34762.716950] 0003 0036 00000668
2022-03-16 19:37:25.694360 0 [   34762.725383] 0003 0036 00000665
2022-03-16 19:37:25.701337 0 [   34762.733591] 0003 0036 00000662
2022-03-16 19:37:25.708352 0 [   34762.742010] 0003 0036 0000065e
2022-03-16 19:37:25.719387 0 [   34762.750199] 0003 0036 0000065b
2022-03-16 19:37:25.724906 0 [   34762.758585] 0003 0036 00000656
2022-03-16 19:37:25.735019 0 [   34762.766814] 0003 0036 00000652
2022-03-16 19:37:25.742422 0 [   34762.775256] 0003 0036 0000064e
2022-03-16 19:37:25.750644 0 [   34762.783486] 0003 0036 0000064a
2022-03-16 19:37:25.759357 0 [   34762.791864] 0003 0036 00000646
2022-03-16 19:37:25.770955 0 [   34762.800176] 0003 0036 00000643
2022-03-16 19:37:25.777322 0 [   34762.808561] 0003 0036 0000063f
2022-03-16 19:37:25.786250 0 [   34762.816672] 0003 0036 0000063b
2022-03-16 19:37:25.792396 0 [   34762.825130] 0003 0036 00000638
2022-03-16 19:37:25.801508 0 [   34762.833317] 0003 0036 00000635
2022-03-16 19:37:25.809502 0 [   34762.841726] 0003 0036 00000632
2022-03-16 19:37:25.816940 0 [   34762.850035] 0003 0036 0000062f
2022-03-16 19:37:25.826123 0 [   34762.858351] 0003 0036 0000062a
2022-03-16 19:37:25.834997 0 [   34762.866607] 0003 0036 00000627
2022-03-16 19:37:25.844375 0 [   34762.874989] 0003 0036 00000622
2022-03-16 19:37:25.854088 0 [   34762.883180] 0003 0036 0000061d
2022-03-16 19:37:25.860580 0 [   34762.891581] 0003 0036 00000619
2022-03-16 19:37:25.868562 0 [   34762.899869] 0003 0036 00000614
2022-03-16 19:37:25.874882 0 [   34762.908257] 0003 0036 00000610
2022-03-16 19:37:25.884522 0 [   34762.916366] 0003 0036 0000060d
2022-03-16 19:37:25.892348 0 [   34762.924829] 0003 0036 0000060a
2022-03-16 19:37:25.900515 0 [   34762.933017] 0003 0036 00000606
2022-03-16 19:37:25.910482 0 [   34762.941438] 0003 0036 00000603
2022-03-16 19:37:25.917414 0 [   34762.949643] 0003 0036 000005ff
2022-03-16 19:37:25.925715 0 [   34762.958025] 0003 0036 000005fe
2022-03-16 19:37:25.935211 0 [   34762.966260] 0003 0036 000005fb
2022-03-16 19:37:25.941460 0 [   34762.974664] 0003 0036 000005f9
2022-03-16 19:37:25.950857 0 [   34762.982931] 0003 0036 000005f5
2022-03-16 19:37:25.960796 0 [   34762.991391] 0003 0036 000005f3
2022-03-16 19:37:25.968731 0 [   34762.999593] 0003 0036 000005ef
2022-03-16 19:37:25.975035 0 [   34763.007914] 0003 0036 000005ec
2022-03-16 19:37:25.984772 0 [   34763.016093] 0003 0036 000005e9
2022-03-16 19:37:25.993657 0 [   34763.024602] 0003 0036 000005e6
2022-03-16 19:37:26.000106 0 [   34763.032750] 0003 0036 000005e2
2022-03-16 19:37:26.009377 0 [   34763.041085] 0003 0036 000005de
2022-03-16 19:37:26.019159 0 [   34763.049392] 0003 0036 000005db
2022-03-16 19:37:26.025653 0 [   34763.057724] 0003 0036 000005d8
2022-03-16 19:37:26.034786 0 [   34763.065904] 0003 0036 000005d5
2022-03-16 19:37:26.041444 0 [   34763.074326] 0003 0036 000005d2
2022-03-16 19:37:26.051472 0 [   34763.082624] 0003 0036 000005cf
2022-03-16 19:37:26.058209 0 [   34763.090975] 0003 0036 000005ce
2022-03-16 19:37:26.066674 0 [   34763.099199] 0003 0036 000005cb
2022-03-16 19:37:26.074263 0 [   34763.107560] 0003 0036 000005c9
2022-03-16 19:37:26.084514 0 [   34763.116034] 0003 0036 000005c7
2022-03-16 19:37:26.091478 0 [   34763.124258] 0003 0036 000005c3
2022-03-16 19:37:26.100350 0 [   34763.132373] 0003 0036 000005c1
2022-03-16 19:37:26.107322 0 [   34763.140815] 0003 0036 000005be
2022-03-16 19:37:26.119298 0 [   34763.149092] 0003 0036 000005bc
2022-03-16 19:37:26.124677 0 [   34763.157479] 0003 0036 000005ba
2022-03-16 19:37:26.134572 0 [   34763.165623] 0003 0036 000005b7
2022-03-16 19:37:26.140879 0 [   34763.174077] 0003 0036 000005b5
2022-03-16 19:37:26.150928 0 [   34763.182321] 0003 0036 000005b1
2022-03-16 19:37:26.159263 0 [   34763.190782] 0003 0036 000005ae
2022-03-16 19:37:26.166845 0 [   34763.198934] 0003 0036 000005ab
2022-03-16 19:37:26.174065 0 [   34763.207302] 0003 0036 000005a8
2022-03-16 19:37:26.183658 0 [   34763.215503] 0003 0036 000005a5
2022-03-16 19:37:26.191914 0 [   34763.223948] 0003 0036 000005a3
2022-03-16 19:37:26.200210 0 [   34763.232130] 0003 0036 000005a0
2022-03-16 19:37:26.207979 0 [   34763.240600] 0003 0036 0000059d
2022-03-16 19:37:26.216624 0 [   34763.249179] 0003 0036 0000059a
2022-03-16 19:37:26.226422 0 [   34763.257200] 0003 0036 00000599
2022-03-16 19:37:26.235222 0 [   34763.265456] 0003 0036 00000596
2022-03-16 19:37:26.241257 0 [   34763.273776] 0003 0036 00000594
2022-03-16 19:37:26.249619 0 [   34763.281991] 0003 0036 00000592
2022-03-16 19:37:26.259591 0 [   34763.290448] 0003 0036 0000058f
2022-03-16 19:37:26.266487 0 [   34763.298622] 0003 0036 0000058e
2022-03-16 19:37:26.274625 0 [   34763.307017] 0003 0036 0000058a
2022-03-16 19:37:26.282753 0 [   34763.315278] 0003 0036 00000587
2022-03-16 19:37:26.292731 0 [   34763.323706] 0003 0036 00000584
2022-03-16 19:37:26.300707 0 [   34763.331846] 0003 0036 00000581
2022-03-16 19:37:26.309706 0 [   34763.340295] 0003 0036 0000057e
2022-03-16 19:37:26.316207 0 [   34763.348510] 0003 0036 0000057a
2022-03-16 19:37:26.324626 0 [   34763.356923] 0003 0036 00000577
2022-03-16 19:37:26.334243 0 [   34763.365135] 0003 0036 00000574
2022-03-16 19:37:26.342643 0 [   34763.373500] 0003 0036 00000570
2022-03-16 19:37:26.352043 0 [   34763.381718] 0003 0036 0000056e
2022-03-16 19:37:26.359930 0 [   34763.390144] 0003 0036 0000056a
2022-03-16 19:37:26.366929 0 [   34763.398380] 0003 0036 00000567
2022-03-16 19:37:26.375089 0 [   34763.406709] 0003 0036 00000564
2022-03-16 19:37:26.381956 0 [   34763.414973] 0003 0036 00000562
2022-03-16 19:37:26.392107 0 [   34763.423400] 0003 0036 0000055f
2022-03-16 19:37:26.399231 0 [   34763.431627] 0003 0036 0000055b
2022-03-16 19:37:26.407599 0 [   34763.439998] 0003 0036 00000558
2022-03-16 19:37:26.416655 0 [   34763.448285] 0003 0036 00000554
2022-03-16 19:37:26.424145 0 [   34763.456673] 0003 0036 00000551
2022-03-16 19:37:26.434348 0 [   34763.464826] 0003 0036 0000054e
2022-03-16 19:37:26.440864 0 [   34763.473254] 0003 0036 0000054a
2022-03-16 19:37:26.449628 0 [   34763.481489] 0003 0036 00000548
2022-03-16 19:37:26.457972 0 [   34763.489822] 0003 0036 00000544
2022-03-16 19:37:26.465873 0 [   34763.498044] 0003 0036 00000540
2022-03-16 19:37:26.474346 0 [   34763.506475] 0003 0036 0000053e
2022-03-16 19:37:26.482265 0 [   34763.514669] 0003 0036 0000053a
2022-03-16 19:37:26.491258 0 [   34763.523084] 0003 0036 00000538
2022-03-16 19:37:26.500217 0 [   34763.531376] 0003 0036 00000535
2022-03-16 19:37:26.506201 0 [   34763.539802] 0003 0036 00000534
2022-03-16 19:37:26.517209 0 [   34763.547958] 0003 0036 00000531
2022-03-16 19:37:26.524156 0 [   34763.556302] 0003 0036 0000052f
2022-03-16 19:37:26.534141 0 [   34763.564534] 0003 0036 0000052d
2022-03-16 19:37:26.541093 0 [   34763.572961] 0003 0036 0000052b
2022-03-16 19:37:26.549398 0 [   34763.581199] 0003 0036 00000529
2022-03-16 19:37:26.557388 0 [   34763.589550] 0003 0036 00000527
2022-03-16 19:37:26.566633 0 [   34763.597770] 0003 0036 00000526
2022-03-16 19:37:26.574379 0 [   34763.606161] 0003 0036 00000524
2022-03-16 19:37:26.583162 0 [   34763.614401] 0003 0036 00000522
2022-03-16 19:37:26.592005 0 [   34763.622822] 0003 0036 00000520
2022-03-16 19:37:26.599245 0 [   34763.631036] 0003 0036 0000051e
2022-03-16 19:37:26.607201 0 [   34763.639443] 0003 0036 0000051b
2022-03-16 19:37:26.614976 0 [   34763.647668] 0003 0036 0000051a
2022-03-16 19:37:26.623452 0 [   34763.656076] 0003 0036 00000517
2022-03-16 19:37:26.632229 0 [   34763.664263] 0003 0036 00000515
2022-03-16 19:37:26.641152 0 [   34763.672787] 0003 0036 00000513
2022-03-16 19:37:26.649574 0 [   34763.680889] 0003 0036 00000510
2022-03-16 19:37:26.658777 0 [   34763.689257] 0003 0036 0000050d
2022-03-16 19:37:26.668191 0 [   34763.697463] 0003 0036 0000050b
2022-03-16 19:37:26.674170 0 [   34763.705891] 0003 0036 00000508
2022-03-16 19:37:26.682148 0 [   34763.714084] 0003 0036 00000506
2022-03-16 19:37:26.691124 0 [   34763.722499] 0003 0036 00000504
2022-03-16 19:37:26.699035 0 [   34763.730706] 0003 0036 00000502
2022-03-16 19:37:26.708992 0 [   34763.739145] 0003 0036 00000500
2022-03-16 19:37:26.716760 0 [   34763.747306] 0003 0036 000004ff
2022-03-16 19:37:26.725499 0 [   34763.755779] 0003 0036 000004fe
2022-03-16 19:37:26.731808 0 [   34763.763946] 0003 0036 000004fc
2022-03-16 19:37:26.739016 0 [   34763.772376] 0003 0036 000004fa
2022-03-16 19:37:26.747673 0 [   34763.780635] 0003 0036 000004f9
2022-03-16 19:37:26.755651 0 [   34763.788979] 0003 0036 000004f6
2022-03-16 19:37:26.767470 0 [   34763.797185] 0003 0036 000004f5
2022-03-16 19:37:26.772393 0 [   34763.805633] 0003 0036 000004f3
2022-03-16 19:37:26.779915 0 [   34763.813829] 0003 0036 000004f1
2022-03-16 19:37:26.788296 0 [   34763.822241] 0003 0036 000004ef
2022-03-16 19:37:26.798444 0 [   34763.830422] 0003 0036 000004ee
2022-03-16 19:37:26.807977 0 [   34763.838845] 0003 0036 000004ec
2022-03-16 19:37:26.815290 0 [   34763.847017] 0003 0036 000004ea
2022-03-16 19:37:26.822623 0 [   34763.855576] 0003 0036 000004e8
2022-03-16 19:37:26.834796 0 [   34763.864811] 0003 0036 000004e6
2022-03-16 19:37:26.841294 0 [   34763.872109] 0003 0036 000004e4
2022-03-16 19:37:26.848331 0 [   34763.880410] 0003 0036 000004e2
2022-03-16 19:37:26.857075 0 [   34763.888712] 0003 0036 000004e0
2022-03-16 19:37:26.866901 0 [   34763.896988] 0003 0036 000004de
2022-03-16 19:37:26.874234 0 [   34763.905322] 0003 0036 000004dc
2022-03-16 19:37:26.882648 0 [   34763.913521] 0003 0036 000004da
2022-03-16 19:37:26.890358 0 [   34763.921952] 0003 0036 000004d8
2022-03-16 19:37:26.898148 0 [   34763.930138] 0003 0036 000004d5
2022-03-16 19:37:26.906863 0 [   34763.938564] 0003 0036 000004d3
2022-03-16 19:37:26.914188 0 [   34763.946733] 0003 0036 000004d0
2022-03-16 19:37:26.923326 0 [   34763.955179] 0003 0036 000004ce
2022-03-16 19:37:26.931968 0 [   34763.963379] 0003 0036 000004cc
2022-03-16 19:37:26.939715 0 [   34763.971804] 0003 0036 000004c9
2022-03-16 19:37:26.947770 0 [   34763.980136] 0003 0036 000004c8
2022-03-16 19:37:26.956904 0 [   34763.988477] 0003 0036 000004c5
2022-03-16 19:37:26.964072 0 [   34763.996574] 0003 0036 000004c3
2022-03-16 19:37:26.973982 0 [   34764.005045] 0003 0036 000004c0
2022-03-16 19:37:26.981238 0 [   34764.013245] 0003 0036 000004bf
2022-03-16 19:37:26.989566 0 [   34764.021635] 0003 0036 000004bd
2022-03-16 19:37:26.998210 0 [   34764.029836] 0003 0036 000004bb
2022-03-16 19:37:27.006592 0 [   34764.038284] 0003 0036 000004b9
2022-03-16 19:37:27.014415 0 [   34764.046497] 0003 0036 000004b7
2022-03-16 19:37:27.023260 0 [   34764.054910] 0003 0036 000004b4
2022-03-16 19:37:27.030500 0 [   34764.063100] 0003 0036 000004b3
2022-03-16 19:37:27.038555 0 [   34764.071548] 0003 0036 000004b1
2022-03-16 19:37:27.047698 0 [   34764.079810] 0003 0036 000004ae
2022-03-16 19:37:27.055684 0 [   34764.088166] 0003 0036 000004ad
2022-03-16 19:37:27.063652 0 [   34764.096331] 0003 0036 000004ac
2022-03-16 19:37:27.072864 0 [   34764.104803] 0003 0036 000004aa
2022-03-16 19:37:27.080666 0 [   34764.113100] 0003 0036 000004a9
2022-03-16 19:37:27.088471 0 [   34764.121365] 0003 0036 000004a6
2022-03-16 19:37:27.099131 0 [   34764.129675] 0003 0036 000004a4
2022-03-16 19:37:27.104771 0 [   34764.137972] 0003 0036 000004a1
2022-03-16 19:37:27.113258 0 [   34764.146165] 0003 0036 0000049e
2022-03-16 19:37:27.122554 0 [   34764.154580] 0003 0036 0000049c
2022-03-16 19:37:27.132006 0 [   34764.162865] 0003 0036 00000499
2022-03-16 19:37:27.139224 0 [   34764.171212] 0003 0036 00000497
2022-03-16 19:37:27.147387 0 [   34764.179390] 0003 0036 00000494
2022-03-16 19:37:27.156313 0 [   34764.187848] 0003 0036 00000491
2022-03-16 19:37:27.165281 0 [   34764.196186] 0003 0036 0000048f
2022-03-16 19:37:27.171392 0 [   34764.204577] 0003 0036 0000048c
2022-03-16 19:37:27.181354 0 [   34764.212645] 0003 0036 0000048a
2022-03-16 19:37:27.189218 0 [   34764.221061] 0003 0036 00000486
2022-03-16 19:37:27.198149 0 [   34764.229287] 0003 0036 00000484
2022-03-16 19:37:27.206996 0 [   34764.237725] 0003 0036 00000481
2022-03-16 19:37:27.214735 0 [   34764.245894] 0003 0036 0000047e
2022-03-16 19:37:27.222713 0 [   34764.254307] 0003 0036 0000047b
2022-03-16 19:37:27.231827 0 [   34764.262534] 0003 0036 00000478
2022-03-16 19:37:27.238803 0 [   34764.270952] 0003 0036 00000475
2022-03-16 19:37:27.248781 0 [   34764.279102] 0003 0036 00000471
2022-03-16 19:37:27.256802 0 [   34764.287528] 0003 0036 0000046e
2022-03-16 19:37:27.265050 0 [   34764.295744] 0003 0036 0000046b
2022-03-16 19:37:27.271448 0 [   34764.304326] 0003 0036 00000468
2022-03-16 19:37:27.281119 0 [   34764.312381] 0003 0036 00000466
2022-03-16 19:37:27.288189 0 [   34764.320816] 0003 0036 00000464
2022-03-16 19:37:27.296590 0 [   34764.329051] 0003 0036 00000462
2022-03-16 19:37:27.304683 0 [   34764.337441] 0003 0036 0000045f
2022-03-16 19:37:27.315161 0 [   34764.345611] 0003 0036 0000045e
2022-03-16 19:37:27.321144 0 [   34764.354028] 0003 0036 0000045c
2022-03-16 19:37:27.331132 0 [   34764.362277] 0003 0036 0000045b
2022-03-16 19:37:27.337119 0 [   34764.370658] 0003 0036 0000045a
2022-03-16 19:37:27.347135 0 [   34764.378842] 0003 0036 00000459
2022-03-16 19:37:27.354303 0 [   34764.387259] 0003 0036 00000458
2022-03-16 19:37:27.362431 0 [   34764.395559] 0003 0036 00000457
2022-03-16 19:37:27.370627 0 [   34764.403950] 0003 0036 00000456
2022-03-16 19:37:27.379053 0 [   34764.412146] 0003 0036 00000455
2022-03-16 19:37:27.398181 0 [   34764.428843] 0003 0036 00000454
2022-03-16 19:37:27.422883 0 [   34764.453756] 0003 0036 00000453
2022-03-16 19:37:27.438638 0 [   34764.470385] 0003 0036 00000452
2022-03-16 19:37:27.445659 0 [   34764.478563] 0003 0036 00000451
2022-03-16 19:37:27.455596 0 [   34764.486945] 0003 0036 0000044f
2022-03-16 19:37:27.462625 0 [   34764.495179] 0003 0036 0000044e
2022-03-16 19:37:27.470547 0 [   34764.503626] 0003 0036 0000044c
2022-03-16 19:37:27.480678 0 [   34764.512066] 0003 0036 0000044a
2022-03-16 19:37:27.489129 0 [   34764.520411] 0003 0036 00000447
2022-03-16 19:37:27.495904 0 [   34764.528483] 0003 0036 00000444
2022-03-16 19:37:27.505665 0 [   34764.536891] 0003 0036 00000441
2022-03-16 19:37:27.514349 0 [   34764.545076] 0003 0036 0000043e
2022-03-16 19:37:27.522245 0 [   34764.553487] 0003 0036 0000043b
2022-03-16 19:37:27.532196 0 [   34764.561731] 0003 0036 00000438
2022-03-16 19:37:27.538059 0 [   34764.570086] 0003 0036 00000434
2022-03-16 19:37:27.546054 0 [   34764.578317] 0003 0036 00000432
2022-03-16 19:37:27.555007 0 [   34764.586695] 0003 0036 0000042f
2022-03-16 19:37:27.563293 0 [   34764.594942] 0003 0036 0000042c
2022-03-16 19:37:27.573078 0 [   34764.603406] 0003 0036 00000429
2022-03-16 19:37:27.579777 0 [   34764.611606] 0003 0036 00000428
2022-03-16 19:37:27.588043 0 [   34764.619971] 0003 0036 00000425
2022-03-16 19:37:27.595937 0 [   34764.628173] 0003 0036 00000423
2022-03-16 19:37:27.603797 0 [   34764.636733] 0003 0036 00000420
2022-03-16 19:37:27.614085 0 [   34764.644788] 0003 0036 0000041e
2022-03-16 19:37:27.621507 0 [   34764.653176] 0003 0036 0000041a
2022-03-16 19:37:27.628896 0 [   34764.661419] 0003 0036 00000416
2022-03-16 19:37:27.638051 0 [   34764.669866] 0003 0036 00000412
2022-03-16 19:37:27.645074 0 [   34764.678109] 0003 0036 0000040d
2022-03-16 19:37:27.654009 0 [   34764.686440] 0003 0036 00000409
2022-03-16 19:37:27.663006 0 [   34764.694658] 0003 0036 00000403
2022-03-16 19:37:27.672267 0 [   34764.703101] 0003 0036 000003fe
2022-03-16 19:37:27.682168 0 [   34764.711254] 0003 0036 000003f9
2022-03-16 19:37:27.686875 0 [   34764.719679] 0003 0036 000003f3
2022-03-16 19:37:27.695781 0 [   34764.727861] 0003 0036 000003ef
2022-03-16 19:37:27.703140 0 [   34764.736450] 0003 0036 000003eb
2022-03-16 19:37:27.713128 0 [   34764.744515] 0003 0036 000003e6
2022-03-16 19:37:27.719400 0 [   34764.752879] 0003 0036 000003e2
2022-03-16 19:37:27.728193 0 [   34764.761103] 0003 0036 000003dd
2022-03-16 19:37:27.738612 0 [   34764.769492] 0003 0036 000003d9
2022-03-16 19:37:27.746077 0 [   34764.777710] 0003 0036 000003d3
2022-03-16 19:37:27.755237 0 [   34764.786140] 0003 0036 000003cd
2022-03-16 19:37:27.763447 0 [   34764.794349] 0003 0036 000003c8
2022-03-16 19:37:27.770022 0 [   34764.802724] 0003 0036 000003c3
2022-03-16 19:37:27.779200 0 [   34764.810915] 0003 0036 000003be
2022-03-16 19:37:27.788228 0 [   34764.819353] 0003 0036 000003ba
2022-03-16 19:37:27.794804 0 [   34764.827576] 0003 0036 000003b5
2022-03-16 19:37:27.802900 0 [   34764.836047] 0003 0036 000003af
2022-03-16 19:37:27.813293 0 [   34764.844242] 0003 0036 000003aa
2022-03-16 19:37:27.820492 0 [   34764.852731] 0003 0036 000003a4
2022-03-16 19:37:27.829600 0 [   34764.860776] 0003 0036 0000039f
2022-03-16 19:37:27.837524 0 [   34764.869199] 0003 0036 0000039a
2022-03-16 19:37:27.847504 0 [   34764.877446] 0003 0036 00000394
2022-03-16 19:37:27.855482 0 [   34764.885872] 0003 0036 00000390
2022-03-16 19:37:27.863461 0 [   34764.894059] 0003 0036 0000038b
2022-03-16 19:37:27.871193 0 [   34764.902475] 0003 0036 00000386
2022-03-16 19:37:27.877395 0 [   34764.910666] 0003 0036 00000382
2022-03-16 19:37:27.886532 0 [   34764.919083] 0003 0036 0000037e
2022-03-16 19:37:27.894381 0 [   34764.927249] 0003 0036 0000037a
2022-03-16 19:37:27.902685 0 [   34764.935732] 0003 0036 00000376
2022-03-16 19:37:27.911153 0 [   34764.943915] 0003 0036 00000372
2022-03-16 19:37:27.919190 0 [   34764.952498] 0003 0036 0000036e
2022-03-16 19:37:27.928171 0 [   34764.960546] 0003 0036 00000369
2022-03-16 19:37:27.934586 0 [   34764.968953] 0003 0036 00000364
2022-03-16 19:37:27.945234 0 [   34764.977124] 0003 0036 0000035f
2022-03-16 19:37:27.953874 0 [   34764.985563] 0003 0036 0000035a
2022-03-16 19:37:27.964713 0 [   34764.993761] 0003 0036 00000356
2022-03-16 19:37:27.968230 0 [   34765.002166] 0003 0036 00000352
2022-03-16 19:37:27.979067 0 [   34765.010406] 0003 0036 0000034e
2022-03-16 19:37:27.986329 0 [   34765.018829] 0003 0036 0000034a
2022-03-16 19:37:27.995106 0 [   34765.027043] 0003 0036 00000346
2022-03-16 19:37:28.003849 0 [   34765.035410] 0003 0036 00000341
2022-03-16 19:37:28.012994 0 [   34765.043636] 0003 0036 0000033d
2022-03-16 19:37:28.019975 0 [   34765.052069] 0003 0036 00000338
2022-03-16 19:37:28.029949 0 [   34765.060350] 0003 0036 00000332
2022-03-16 19:37:28.035934 0 [   34765.068665] 0003 0036 0000032d
2022-03-16 19:37:28.044465 0 [   34765.076865] 0003 0036 00000328
2022-03-16 19:37:28.053300 0 [   34765.085309] 0003 0036 00000324
2022-03-16 19:37:28.061355 0 [   34765.093501] 0003 0036 0000031f
2022-03-16 19:37:28.068184 0 [   34765.101915] 0003 0036 0000031a
2022-03-16 19:37:28.077221 0 [   34765.110128] 0003 0036 00000315
2022-03-16 19:37:28.087082 0 [   34765.118508] 0003 0036 0000030f
2022-03-16 19:37:28.095416 0 [   34765.126789] 0003 0036 0000030a
2022-03-16 19:37:28.105320 0 [   34765.135212] 0003 0036 00000303
2022-03-16 19:37:28.114288 0 [   34765.143318] 0003 0036 000002fc
2022-03-16 19:37:28.120194 0 [   34765.151751] 0003 0036 000002f5
2022-03-16 19:37:28.128718 0 [   34765.159980] 0003 0036 000002ef
2022-03-16 19:37:28.135442 0 [   34765.168518] 0003 0036 000002e9
2022-03-16 19:37:28.144508 0 [   34765.176582] 0003 0036 000002e2
2022-03-16 19:37:28.161182 0 [   34765.185187] 0003 0036 000002db
2022-03-16 19:37:28.164174 0 [   34765.193254] 0003 0036 000002d4
2022-03-16 19:37:28.168843 0 [   34765.201582] 0003 0036 000002ce
2022-03-16 19:37:28.177218 0 [   34765.209789] 0003 0036 000002c7
2022-03-16 19:37:28.185755 0 [   34765.218237] 0003 0036 000002c0
2022-03-16 19:37:28.195349 0 [   34765.226472] 0003 0036 000002b9
2022-03-16 19:37:28.203372 0 [   34765.234847] 0003 0036 000002b3
2022-03-16 19:37:28.211336 0 [   34765.243055] 0003 0036 000002ac
2022-03-16 19:37:28.221348 0 [   34765.251482] 0003 0036 000002a5
2022-03-16 19:37:28.229443 0 [   34765.259713] 0003 0036 0000029e
2022-03-16 19:37:28.234937 0 [   34765.268092] 0003 0036 00000295
2022-03-16 19:37:28.243422 0 [   34765.276266] 0003 0036 0000028d
2022-03-16 19:37:28.253338 0 [   34765.284850] 0003 0036 00000285
2022-03-16 19:37:28.260136 0 [   34765.292953] 0003 0036 0000027e
2022-03-16 19:37:28.268115 0 [   34765.301324] 0003 0036 00000276
2022-03-16 19:37:28.276853 0 [   34765.309537] 0003 0036 0000026f
2022-03-16 19:37:28.284700 0 [   34765.317935] 0003 0036 00000267
2022-03-16 19:37:28.294382 0 [   34765.326187] 0003 0036 0000025f
2022-03-16 19:37:28.303365 0 [   34765.334610] 0003 0036 00000258
2022-03-16 19:37:28.310014 0 [   34765.342768] 0003 0036 00000251
2022-03-16 19:37:28.318782 0 [   34765.351194] 0003 0036 0000024a
2022-03-16 19:37:28.329015 0 [   34765.359433] 0003 0036 00000244
2022-03-16 19:37:28.336874 0 [   34765.367853] 0003 0036 0000023d
2022-03-16 19:37:28.344699 0 [   34765.376071] 0003 0036 00000237
2022-03-16 19:37:28.353176 0 [   34765.384559] 0003 0036 00000230
2022-03-16 19:37:28.362305 0 [   34765.392682] 0003 0036 00000229
2022-03-16 19:37:28.370203 0 [   34765.401231] 0003 0036 00000221
2022-03-16 19:37:28.376881 0 [   34765.409319] 0003 0036 0000021a
2022-03-16 19:37:28.390921 0 [   34765.417709] 0003 0036 00000214
2022-03-16 19:37:28.395924 0 [   34765.425966] 0003 0036 0000020e
2022-03-16 19:37:28.402891 0 [   34765.434281] 0003 0036 00000208
2022-03-16 19:37:28.411744 0 [   34765.442529] 0003 0036 00000202
2022-03-16 19:37:28.420751 0 [   34765.450929] 0003 0036 000001fd
2022-03-16 19:37:28.428104 0 [   34765.459147] 0003 0036 000001f8
2022-03-16 19:37:28.435932 0 [   34765.467530] 0003 0036 000001f1
2022-03-16 19:37:28.443543 0 [   34765.475731] 0003 0036 000001ec
2022-03-16 19:37:28.452956 0 [   34765.484155] 0003 0036 000001e7
2022-03-16 19:37:28.460928 0 [   34765.492389] 0003 0036 000001e2
2022-03-16 19:37:28.470190 0 [   34765.500898] 0003 0036 000001dd
2022-03-16 19:37:28.478335 0 [   34765.508966] 0003 0036 000001d9
2022-03-16 19:37:28.486810 0 [   34765.517349] 0003 0036 000001d5
2022-03-16 19:37:28.494492 0 [   34765.525638] 0003 0036 000001d0
2022-03-16 19:37:28.502702 0 [   34765.534050] 0003 0036 000001cd
2022-03-16 19:37:28.511964 0 [   34765.542220] 0003 0036 000001ca
2022-03-16 19:37:28.519275 0 [   34765.550630] 0003 0036 000001c6
2022-03-16 19:37:28.527134 0 [   34765.558838] 0003 0036 000001c3
2022-03-16 19:37:28.536953 0 [   34765.567275] 0003 0036 000001c0
2022-03-16 19:37:28.543936 0 [   34765.575480] 0003 0036 000001bf
2022-03-16 19:37:28.552893 0 [   34765.583847] 0003 0036 000001be
2022-03-16 19:37:28.558878 0 [   34765.592114] 0003 0036 000001bd
2022-03-16 19:37:28.567852 0 [   34765.600755] 0003 0036 000001bb
2022-03-16 19:37:28.576487 0 [   34765.608705] 0003 0036 000001ba
2022-03-16 19:37:28.583915 0 [   34765.617180] 0003 0036 000001b9
2022-03-16 19:37:28.593284 0 [   34765.625405] 0003 0036 000001b8
2022-03-16 19:37:28.602056 0 [   34765.633725] 0003 0036 000001b7
2022-03-16 19:37:28.611035 0 [   34765.641946] 0003 0036 000001b6
2022-03-16 19:37:28.618144 0 [   34765.650334] 0003 0036 000001b5
2022-03-16 19:37:28.626619 0 [   34765.658555] 0003 0036 000001b4
2022-03-16 19:37:28.693980 0 [   34765.725122] 0003 0036 000001b5
2022-03-16 19:37:28.701184 0 [   34765.733488] 0003 0036 000001b6
2022-03-16 19:37:28.709942 0 [   34765.741677] 0003 0036 000001b9
2022-03-16 19:37:28.718202 0 [   34765.750058] 0003 0036 000001bd
2022-03-16 19:37:28.725264 0 [   34765.758254] 0003 0036 000001c0
2022-03-16 19:37:28.736286 0 [   34765.766819] 0003 0036 000001c4
2022-03-16 19:37:28.743401 0 [   34765.774919] 0003 0036 000001c7
2022-03-16 19:37:28.752480 0 [   34765.783292] 0003 0036 000001cb
2022-03-16 19:37:28.758616 0 [   34765.791521] 0003 0036 000001cf
2022-03-16 19:37:28.769119 0 [   34765.799912] 0003 0036 000001d3
2022-03-16 19:37:28.774676 0 [   34765.808087] 0003 0036 000001d6
2022-03-16 19:37:28.783014 0 [   34765.816632] 0003 0036 000001da
2022-03-16 19:37:28.792995 0 [   34765.824844] 0003 0036 000001df
2022-03-16 19:37:28.800968 0 [   34765.833398] 0003 0036 000001e4
2022-03-16 19:37:28.809706 0 [   34765.841342] 0003 0036 000001ea
2022-03-16 19:37:28.817646 0 [   34765.849727] 0003 0036 000001f1
2022-03-16 19:37:28.827086 0 [   34765.857962] 0003 0036 000001f7
2022-03-16 19:37:28.834379 0 [   34765.866377] 0003 0036 000001fe
2022-03-16 19:37:28.842157 0 [   34765.874520] 0003 0036 00000205
2022-03-16 19:37:28.851661 0 [   34765.882985] 0003 0036 0000020c
2022-03-16 19:37:28.859189 0 [   34765.891195] 0003 0036 00000214
2022-03-16 19:37:28.868595 0 [   34765.899550] 0003 0036 0000021e
2022-03-16 19:37:28.875286 0 [   34765.907795] 0003 0036 00000226
2022-03-16 19:37:28.884009 0 [   34765.916231] 0003 0036 0000022e
2022-03-16 19:37:28.892358 0 [   34765.924462] 0003 0036 00000236
2022-03-16 19:37:28.899378 0 [   34765.932863] 0003 0036 0000023f
2022-03-16 19:37:28.908236 0 [   34765.940988] 0003 0036 00000246
2022-03-16 19:37:28.918670 0 [   34765.949478] 0003 0036 0000024f
2022-03-16 19:37:28.926891 0 [   34765.957693] 0003 0036 00000258
2022-03-16 19:37:28.935088 0 [   34765.966082] 0003 0036 00000260
2022-03-16 19:37:28.942319 0 [   34765.974261] 0003 0036 0000026a
2022-03-16 19:37:28.951945 0 [   34765.982714] 0003 0036 00000274
2022-03-16 19:37:28.960501 0 [   34765.990880] 0003 0036 0000027f
2022-03-16 19:37:28.967615 0 [   34765.999386] 0003 0036 00000289
2022-03-16 19:37:28.976142 0 [   34766.007562] 0003 0036 00000293
2022-03-16 19:37:28.983885 0 [   34766.015859] 0003 0036 0000029f
2022-03-16 19:37:28.990868 0 [   34766.024124] 0003 0036 000002ab
2022-03-16 19:37:29.001840 0 [   34766.032596] 0003 0036 000002b7
2022-03-16 19:37:29.010215 0 [   34766.040755] 0003 0036 000002c3
2022-03-16 19:37:29.016282 0 [   34766.049304] 0003 0036 000002cf
2022-03-16 19:37:29.026512 0 [   34766.057447] 0003 0036 000002db
2022-03-16 19:37:29.033254 0 [   34766.065820] 0003 0036 000002e9
2022-03-16 19:37:29.042298 0 [   34766.073976] 0003 0036 000002f5
2022-03-16 19:37:29.050727 0 [   34766.082451] 0003 0036 00000303
2022-03-16 19:37:29.058181 0 [   34766.090614] 0003 0036 0000030f
2022-03-16 19:37:29.066717 0 [   34766.099101] 0003 0036 0000031f
2022-03-16 19:37:29.074258 0 [   34766.107221] 0003 0036 0000032e
2022-03-16 19:37:29.083368 0 [   34766.115633] 0003 0036 0000033c
2022-03-16 19:37:29.092744 0 [   34766.123845] 0003 0036 00000349
2022-03-16 19:37:29.100930 0 [   34766.132322] 0003 0036 00000357
2022-03-16 19:37:29.110731 0 [   34766.141503] 0003 0036 00000365
2022-03-16 19:37:29.116604 0 [   34766.149001] 0003 0036 00000373
2022-03-16 19:37:29.125617 0 [   34766.157096] 0003 0036 00000379
2022-03-16 19:37:29.133356 0 [   34766.165592] 0003 0036 00000385
2022-03-16 19:37:29.141758 0 [   34766.173769] 0003 0036 0000038d
2022-03-16 19:37:29.150517 0 [   34766.182144] 0003 0036 00000398
2022-03-16 19:37:29.157096 0 [   34766.190307] 0003 0036 0000039f
2022-03-16 19:37:29.165840 0 [   34766.198729] 0003 0036 000003a4
2022-03-16 19:37:29.174174 0 [   34766.206948] 0003 0036 000003ae
2022-03-16 19:37:29.182156 0 [   34766.215347] 0003 0036 000003b5
2022-03-16 19:37:29.192132 0 [   34766.223588] 0003 0036 000003b9
2022-03-16 19:37:29.199110 0 [   34766.231985] 0003 0036 000003c4
2022-03-16 19:37:29.209861 0 [   34766.240175] 0003 0036 000003ca
2022-03-16 19:37:29.216188 0 [   34766.248599] 0003 0036 000003d0
2022-03-16 19:37:29.224610 0 [   34766.256859] 0003 0036 000003dc
2022-03-16 19:37:29.232379 0 [   34766.265454] 0003 0036 000003e4
2022-03-16 19:37:29.240228 0 [   34766.273494] 0003 0036 000003f2
2022-03-16 19:37:29.247683 0 [   34766.281857] 0003 0036 000003fe
2022-03-16 19:37:29.256824 0 [   34766.290073] 0003 0036 00000409
2022-03-16 19:37:29.266520 0 [   34766.298494] 0003 0036 00000413
2022-03-16 19:37:29.273756 0 [   34766.306678] 0003 0036 0000041d
2022-03-16 19:37:29.282731 0 [   34766.315101] 0003 0036 00000428
2022-03-16 19:37:29.291010 0 [   34766.323348] 0003 0036 00000433
2022-03-16 19:37:29.298639 0 [   34766.331705] 0003 0036 0000043d
2022-03-16 19:37:29.308070 0 [   34766.339906] 0003 0036 00000446
2022-03-16 19:37:29.317881 0 [   34766.348319] 0003 0036 00000450
2022-03-16 19:37:29.324867 0 [   34766.356609] 0003 0036 0000045a
2022-03-16 19:37:29.332352 0 [   34766.365029] 0003 0036 00000465
2022-03-16 19:37:29.340662 0 [   34766.373238] 0003 0036 0000046e
2022-03-16 19:37:29.348981 0 [   34766.381630] 0003 0036 00000478
2022-03-16 19:37:29.356638 0 [   34766.389766] 0003 0036 00000482
2022-03-16 19:37:29.365616 0 [   34766.398172] 0003 0036 0000048b
2022-03-16 19:37:29.373609 0 [   34766.406371] 0003 0036 00000495
2022-03-16 19:37:29.384566 0 [   34766.414865] 0003 0036 000004a0
2022-03-16 19:37:29.391743 0 [   34766.423012] 0003 0036 000004aa
2022-03-16 19:37:29.399581 0 [   34766.431393] 0003 0036 000004b4
2022-03-16 19:37:29.407933 0 [   34766.439658] 0003 0036 000004bf
2022-03-16 19:37:29.416517 0 [   34766.448042] 0003 0036 000004c9
2022-03-16 19:37:29.424254 0 [   34766.456301] 0003 0036 000004d4
2022-03-16 19:37:29.433137 0 [   34766.464681] 0003 0036 000004de
2022-03-16 19:37:29.440824 0 [   34766.472849] 0003 0036 000004e7
2022-03-16 19:37:29.450384 0 [   34766.481268] 0003 0036 000004f1
2022-03-16 19:37:29.458946 0 [   34766.489566] 0003 0036 000004fb
2022-03-16 19:37:29.467066 0 [   34766.497959] 0003 0036 00000505
2022-03-16 19:37:29.475871 0 [   34766.506114] 0003 0036 00000511
2022-03-16 19:37:29.484170 0 [   34766.514487] 0003 0036 0000051c
2022-03-16 19:37:29.493666 0 [   34766.522724] 0003 0036 00000527
2022-03-16 19:37:29.500635 0 [   34766.531180] 0003 0036 00000532
2022-03-16 19:37:29.509334 0 [   34766.539382] 0003 0036 0000053e
2022-03-16 19:37:29.516238 0 [   34766.547755] 0003 0036 00000549
2022-03-16 19:37:29.524825 0 [   34766.555969] 0003 0036 00000554
2022-03-16 19:37:29.534166 0 [   34766.564425] 0003 0036 0000055d
2022-03-16 19:37:29.541787 0 [   34766.572631] 0003 0036 00000568
2022-03-16 19:37:29.548863 0 [   34766.581162] 0003 0036 00000571
2022-03-16 19:37:29.556858 0 [   34766.589208] 0003 0036 0000057b
2022-03-16 19:37:29.563817 0 [   34766.597716] 0003 0036 00000584
2022-03-16 19:37:29.574290 0 [   34766.605958] 0003 0036 0000058b
2022-03-16 19:37:29.581595 0 [   34766.614280] 0003 0036 00000591
2022-03-16 19:37:29.589978 0 [   34766.622560] 0003 0036 00000597
2022-03-16 19:37:29.597277 0 [   34766.630886] 0003 0036 0000059b
2022-03-16 19:37:29.607854 0 [   34766.639068] 0003 0036 0000059e
2022-03-16 19:37:29.614146 0 [   34766.647507] 0003 0036 000005a0
2022-03-16 19:37:29.624580 0 [   34766.655714] 0003 0036 000005a1
2022-03-16 19:37:29.630842 0 [   34766.664120] 0003 0036 000005a2
2022-03-16 19:37:29.681256 0 [   34766.713922] 0003 0036 000005a1
2022-03-16 19:37:59.041321 0 [   34796.071741] 0003 0036 0000089f
2022-03-16 19:37:59.049509 0 [   34796.080732] 0003 0036 000008a0
2022-03-16 19:37:59.056838 0 [   34796.088238] 0003 0036 000008a1
2022-03-16 19:37:59.064158 0 [   34796.096721] 0003 0036 000008a4
2022-03-16 19:37:59.073390 0 [   34796.104932] 0003 0036 000008a7
2022-03-16 19:37:59.082328 0 [   34796.113211] 0003 0036 000008aa
2022-03-16 19:37:59.091298 0 [   34796.121427] 0003 0036 000008ac
2022-03-16 19:37:59.099493 0 [   34796.129876] 0003 0036 000008b1
2022-03-16 19:37:59.107302 0 [   34796.138110] 0003 0036 000008b4
2022-03-16 19:37:59.115285 0 [   34796.146489] 0003 0036 000008b8
2022-03-16 19:37:59.132749 0 [   34796.154735] 0003 0036 000008bb
2022-03-16 19:37:59.133746 0 [   34796.163211] 0003 0036 000008be
2022-03-16 19:37:59.140261 0 [   34796.171360] 0003 0036 000008c0
2022-03-16 19:37:59.147416 0 [   34796.179817] 0003 0036 000008c3
2022-03-16 19:37:59.155835 0 [   34796.187931] 0003 0036 000008c4
2022-03-16 19:37:59.164080 0 [   34796.196389] 0003 0036 000008c7
2022-03-16 19:37:59.171458 0 [   34796.204545] 0003 0036 000008c8
2022-03-16 19:37:59.179756 0 [   34796.212959] 0003 0036 000008ca
2022-03-16 19:37:59.188203 0 [   34796.221214] 0003 0036 000008cb
2022-03-16 19:37:59.198520 0 [   34796.229669] 0003 0036 000008cc
2022-03-16 19:37:59.207659 0 [   34796.238023] 0003 0036 000008cd
2022-03-16 19:37:59.248759 0 [   34796.279966] 0003 0036 000008cb
2022-03-16 19:37:59.257613 0 [   34796.287783] 0003 0036 000008c8
2022-03-16 19:37:59.264175 0 [   34796.296245] 0003 0036 000008c0
2022-03-16 19:37:59.273946 0 [   34796.304446] 0003 0036 000008ba
2022-03-16 19:37:59.281925 0 [   34796.312914] 0003 0036 000008b0
2022-03-16 19:37:59.292209 0 [   34796.321125] 0003 0036 000008aa
2022-03-16 19:37:59.298018 0 [   34796.329334] 0003 0036 0000089e
2022-03-16 19:37:59.305933 0 [   34796.337517] 0003 0036 00000894
2022-03-16 19:37:59.315116 0 [   34796.345970] 0003 0036 0000088e
2022-03-16 19:37:59.325065 0 [   34796.354257] 0003 0036 00000886
2022-03-16 19:37:59.331449 0 [   34796.362789] 0003 0036 0000087f
2022-03-16 19:37:59.339303 0 [   34796.370754] 0003 0036 0000087a
2022-03-16 19:37:59.348779 0 [   34796.379678] 0003 0036 00000876
2022-03-16 19:37:59.356465 0 [   34796.387451] 0003 0036 00000874
2022-03-16 19:37:59.365442 0 [   34796.396266] 0003 0036 00000871
2022-03-16 19:37:59.373088 0 [   34796.403992] 0003 0036 0000086f
2022-03-16 19:37:59.397136 0 [   34796.429244] 0003 0036 0000086e
