Mode = area stim
    verts = 5 
    radius = 550 
    center = (600, 960) 
    first_angle = 0.058930601544963414 
    wm_size = [1200 1920] 
    stim_amp = 4 
    baseline_stim = 2
    current_stim_group = 0
    sense_zone = 0
    ===============================
2022-03-10 15:53:29.498677 False [   88732.355647] 0003 0035 00000017
2022-03-10 15:53:29.512832 False [   88732.372562] 0003 0035 00000017
2022-03-10 15:53:29.530499 False [   88732.389665] 0003 0035 00000017
2022-03-10 15:53:29.547633 False [   88732.406426] 0003 0035 00000017
2022-03-10 15:53:29.564466 False [   88732.423482] 0003 0035 00000017
2022-03-10 15:53:29.585639 False [   88732.440351] 0003 0035 00000017
2022-03-10 15:53:29.599809 False [   88732.457259] 0003 0035 00000017
2022-03-10 15:53:29.616141 False [   88732.474217] 0003 0035 00000017
2022-03-10 15:53:29.632749 False [   88732.491363] 0003 0035 00000017
2022-03-10 15:53:29.652728 False [   88732.508151] 0003 0035 00000017
2022-03-10 15:53:29.667771 False [   88732.525110] 0003 0035 0000001b
2022-03-10 15:53:29.685936 False [   88732.541987] 0003 0035 00000021
2022-03-10 15:53:29.700898 False [   88732.558936] 0003 0035 00000029
2022-03-10 15:53:29.717753 False [   88732.575862] 0003 0035 00000035
2022-03-10 15:53:29.736369 False [   88732.592932] 0003 0035 00000041
2022-03-10 15:53:29.752096 False [   88732.610238] 0003 0035 0000004d
2022-03-10 15:53:29.768497 False [   88732.627137] 0003 0035 00000057
2022-03-10 15:53:29.788477 False [   88732.643681] 0003 0035 0000005f
2022-03-10 15:53:29.802210 False [   88732.660671] 0003 0035 00000065
2022-03-10 15:53:29.819021 False [   88732.677572] 0003 0035 00000069
2022-03-10 15:53:29.836706 False [   88732.694556] 0003 0035 00000069
2022-03-10 15:53:29.853095 False [   88732.711555] 0003 0035 00000069
2022-03-10 15:53:29.871978 False [   88732.728538] 0003 0035 00000069
2022-03-10 15:53:29.889628 False [   88732.745352] 0003 0035 0000006d
2022-03-10 15:53:29.903764 False [   88732.762328] 0003 0035 0000006d
2022-03-10 15:53:29.922014 False [   88732.779195] 0003 0035 0000006d
2022-03-10 15:53:29.937804 False [   88732.796224] 0003 0035 00000071
2022-03-10 15:53:29.954258 False [   88732.813280] 0003 0035 00000071
2022-03-10 15:53:29.970629 False [   88732.830174] 0003 0035 00000071
2022-03-10 15:53:29.989648 False [   88732.847055] 0003 0035 00000075
2022-03-10 15:53:30.004675 False [   88732.863966] 0003 0035 00000075
2022-03-10 15:53:30.023838 False [   88732.880883] 0003 0035 00000075
2022-03-10 15:53:30.039814 False [   88732.897970] 0003 0035 00000075
2022-03-10 15:53:30.058389 False [   88732.915033] 0003 0035 00000079
2022-03-10 15:53:30.074962 False [   88732.931802] 0003 0035 00000079
2022-03-10 15:53:30.089523 False [   88732.948729] 0003 0035 00000079
2022-03-10 15:53:30.107282 False [   88732.965662] 0003 0035 0000007d
2022-03-10 15:53:30.125426 False [   88732.982562] 0003 0035 00000081
2022-03-10 15:53:30.141356 False [   88732.999552] 0003 0035 00000081
2022-03-10 15:53:30.159576 False [   88733.016547] 0003 0035 00000086
2022-03-10 15:53:30.175882 False [   88733.033927] 0003 0035 0000008b
2022-03-10 15:53:30.195404 False [   88733.050386] 0003 0035 00000091
2022-03-10 15:53:30.208486 False [   88733.067319] 0003 0035 00000099
2022-03-10 15:53:30.227114 False [   88733.084222] 0003 0035 000000a2
2022-03-10 15:53:30.243211 False [   88733.101355] 0003 0035 000000ab
2022-03-10 15:53:30.260492 False [   88733.118181] 0003 0035 000000b4
2022-03-10 15:53:30.278372 False [   88733.135358] 0003 0035 000000bc
2022-03-10 15:53:30.298527 False [   88733.152096] 0003 0035 000000c3
2022-03-10 15:53:30.311678 False [   88733.168979] 0003 0035 000000c8
2022-03-10 15:53:30.328767 False [   88733.185935] 0003 0035 000000cd
2022-03-10 15:53:30.344641 False [   88733.202965] 0003 0035 000000d2
2022-03-10 15:53:30.361602 False [   88733.219881] 0003 0035 000000d6
2022-03-10 15:53:30.379144 False [   88733.236895] 0003 0035 000000d6
2022-03-10 15:53:30.398931 False [   88733.253667] 0003 0035 000000da
2022-03-10 15:53:30.413656 False [   88733.270632] 0003 0035 000000da
2022-03-10 15:53:30.428346 False [   88733.287619] 0003 0035 000000de
2022-03-10 15:53:30.446343 False [   88733.304698] 0003 0035 000000de
2022-03-10 15:53:30.462213 False [   88733.321501] 0003 0035 000000de
2022-03-10 15:53:30.479668 False [   88733.338593] 0003 0035 000000de
2022-03-10 15:53:30.498877 False [   88733.356177] 0003 0035 000000de
2022-03-10 15:53:30.513903 False [   88733.372383] 0003 0035 000000de
2022-03-10 15:53:30.530884 False [   88733.389331] 0003 0035 000000de
2022-03-10 15:53:30.548651 False [   88733.406199] 0003 0035 000000e2
2022-03-10 15:53:30.565687 False [   88733.423203] 0003 0035 000000e2
2022-03-10 15:53:30.583580 False [   88733.440250] 0003 0035 000000e6
2022-03-10 15:53:30.600253 False [   88733.458004] 0003 0035 000000ea
2022-03-10 15:53:30.615348 False [   88733.473974] 0003 0035 000000ef
2022-03-10 15:53:30.632054 False [   88733.490930] 0003 0035 000000f5
2022-03-10 15:53:30.650063 False [   88733.508174] 0003 0035 000000fc
2022-03-10 15:53:30.669712 False [   88733.524845] 0003 0035 00000104
2022-03-10 15:53:30.682694 False [   88733.541842] 0003 0035 0000010b
2022-03-10 15:53:30.700082 False [   88733.559223] 0003 0035 00000111
2022-03-10 15:53:30.716690 False [   88733.575627] 0003 0035 00000117
2022-03-10 15:53:30.733463 True [   88733.592567] 0003 0035 0000011c
2022-03-10 15:53:30.751496 True [   88733.609524] 0003 0035 00000121
2022-03-10 15:53:30.768310 True [   88733.626512] 0003 0035 00000126
2022-03-10 15:53:30.785760 True [   88733.643541] 0003 0035 00000126
2022-03-10 15:53:30.803940 True [   88733.660314] 0003 0035 0000012a
2022-03-10 15:53:30.819926 True [   88733.677301] 0003 0035 0000012a
2022-03-10 15:53:30.836026 True [   88733.694292] 0003 0035 0000012a
2022-03-10 15:53:30.854149 True [   88733.711560] 0003 0035 0000012a
2022-03-10 15:53:30.869126 True [   88733.728186] 0003 0035 0000012a
2022-03-10 15:53:30.886700 True [   88733.745114] 0003 0035 0000012a
2022-03-10 15:53:30.904363 True [   88733.762036] 0003 0035 0000012a
2022-03-10 15:53:30.923470 True [   88733.779057] 0003 0035 0000012a
2022-03-10 15:53:30.937308 True [   88733.795958] 0003 0035 0000012a
2022-03-10 15:53:30.954774 True [   88733.813692] 0003 0035 0000012e
2022-03-10 15:53:30.974648 True [   88733.829867] 0003 0035 0000012e
2022-03-10 15:53:30.989656 True [   88733.846788] 0003 0035 0000012e
2022-03-10 15:53:31.004699 True [   88733.863714] 0003 0035 0000012e
2022-03-10 15:53:31.022038 True [   88733.880649] 0003 0035 0000012e
2022-03-10 15:53:31.040972 True [   88733.898379] 0003 0035 00000132
2022-03-10 15:53:31.058427 True [   88733.915064] 0003 0035 00000132
2022-03-10 15:53:31.075398 True [   88733.931484] 0003 0035 00000132
2022-03-10 15:53:31.091658 True [   88733.948492] 0003 0035 00000136
2022-03-10 15:53:31.107966 True [   88733.965321] 0003 0035 0000013a
2022-03-10 15:53:31.124102 True [   88733.982314] 0003 0035 0000013a
2022-03-10 15:53:31.140036 True [   88733.999288] 0003 0035 0000013e
2022-03-10 15:53:31.159532 True [   88734.016434] 0003 0035 00000142
2022-03-10 15:53:31.175949 True [   88734.033149] 0003 0035 00000142
2022-03-10 15:53:31.194842 True [   88734.050837] 0003 0035 00000142
2022-03-10 15:53:31.208532 True [   88734.066992] 0003 0035 00000142
2022-03-10 15:53:31.224667 True [   88734.083979] 0003 0035 00000146
2022-03-10 15:53:31.241970 True [   88734.101033] 0003 0035 00000146
2022-03-10 15:53:31.261697 True [   88734.117859] 0003 0035 00000146
2022-03-10 15:53:31.276659 True [   88734.135020] 0003 0035 0000014b
2022-03-10 15:53:31.294016 True [   88734.151762] 0003 0035 0000014b
2022-03-10 15:53:31.313586 True [   88734.168686] 0003 0035 0000014b
2022-03-10 15:53:31.326919 True [   88734.185677] 0003 0035 0000014f
2022-03-10 15:53:31.342921 True [   88734.202602] 0003 0035 0000014f
2022-03-10 15:53:31.361497 True [   88734.219521] 0003 0035 0000014f
2022-03-10 15:53:31.377872 True [   88734.236504] 0003 0035 00000153
2022-03-10 15:53:31.398610 True [   88734.253447] 0003 0035 00000153
2022-03-10 15:53:31.412389 True [   88734.270721] 0003 0035 00000153
2022-03-10 15:53:31.429387 True [   88734.287287] 0003 0035 00000157
2022-03-10 15:53:31.446679 True [   88734.304659] 0003 0035 00000157
2022-03-10 15:53:31.463568 True [   88734.321406] 0003 0035 00000157
2022-03-10 15:53:31.478909 True [   88734.338188] 0003 0035 00000157
2022-03-10 15:53:31.496115 True [   88734.355123] 0003 0035 00000157
2022-03-10 15:53:31.514049 True [   88734.371989] 0003 0035 00000157
2022-03-10 15:53:31.530613 True [   88734.389011] 0003 0035 00000157
2022-03-10 15:53:31.547593 True [   88734.406029] 0003 0035 00000157
2022-03-10 15:53:31.565829 True [   88734.423287] 0003 0035 00000157
2022-03-10 15:53:31.582416 True [   88734.439803] 0003 0035 00000157
2022-03-10 15:53:31.599493 True [   88734.456842] 0003 0035 00000157
2022-03-10 15:53:31.616158 True [   88734.473697] 0003 0035 00000157
2022-03-10 15:53:31.631544 True [   88734.490626] 0003 0035 00000157
2022-03-10 15:53:31.653157 True [   88734.507790] 0003 0035 00000157
2022-03-10 15:53:31.666139 True [   88734.524593] 0003 0035 00000157
2022-03-10 15:53:31.683528 True [   88734.541581] 0003 0035 00000157
2022-03-10 15:53:31.701389 True [   88734.558423] 0003 0035 00000157
2022-03-10 15:53:31.718212 True [   88734.575322] 0003 0035 00000157
2022-03-10 15:53:31.733589 True [   88734.592303] 0003 0035 00000157
2022-03-10 15:53:31.750584 True [   88734.610065] 0003 0035 00000157
2022-03-10 15:53:31.768705 True [   88734.626216] 0003 0035 00000157
2022-03-10 15:53:31.785663 True [   88734.643319] 0003 0035 00000157
2022-03-10 15:53:31.800745 True [   88734.660115] 0003 0035 00000157
2022-03-10 15:53:31.818918 True [   88734.677008] 0003 0035 00000157
2022-03-10 15:53:31.836434 True [   88734.693939] 0003 0035 00000157
2022-03-10 15:53:31.853671 True [   88734.711174] 0003 0035 00000157
2022-03-10 15:53:31.873688 True [   88734.728304] 0003 0035 00000157
2022-03-10 15:53:31.887723 True [   88734.744922] 0003 0035 00000157
2022-03-10 15:53:31.905064 True [   88734.761728] 0003 0035 00000157
2022-03-10 15:53:31.920939 True [   88734.778665] 0003 0035 00000157
2022-03-10 15:53:31.937183 True [   88734.795658] 0003 0035 00000157
2022-03-10 15:53:31.954332 True [   88734.812713] 0003 0035 00000157
2022-03-10 15:53:31.971611 True [   88734.829996] 0003 0035 00000157
2022-03-10 15:53:31.989718 True [   88734.846832] 0003 0035 00000157
2022-03-10 15:53:32.008225 True [   88734.863396] 0003 0035 00000157
2022-03-10 15:53:32.022492 True [   88734.880405] 0003 0035 00000157
2022-03-10 15:53:32.038270 True [   88734.897322] 0003 0035 00000157
2022-03-10 15:53:32.055998 True [   88734.914293] 0003 0035 00000157
2022-03-10 15:53:32.076086 True [   88734.931652] 0003 0035 00000157
2022-03-10 15:53:32.091370 True [   88734.948425] 0003 0035 00000157
2022-03-10 15:53:32.105535 True [   88734.965090] 0003 0035 00000157
2022-03-10 15:53:32.123117 True [   88734.982158] 0003 0035 00000157
2022-03-10 15:53:32.140814 True [   88734.999010] 0003 0035 00000157
2022-03-10 15:53:32.158036 True [   88735.016251] 0003 0035 00000157
2022-03-10 15:53:32.174975 True [   88735.032954] 0003 0035 00000157
2022-03-10 15:53:32.194216 True [   88735.050693] 0003 0035 0000015b
2022-03-10 15:53:32.209603 True [   88735.066772] 0003 0035 0000015f
2022-03-10 15:53:32.230308 True [   88735.083965] 0003 0035 0000015f
2022-03-10 15:53:32.242179 True [   88735.100745] 0003 0035 00000163
2022-03-10 15:53:32.261451 True [   88735.117630] 0003 0035 00000163
2022-03-10 15:53:32.275524 True [   88735.135013] 0003 0035 00000167
2022-03-10 15:53:32.295622 True [   88735.154941] 0003 0035 0000016b
2022-03-10 15:53:32.308353 True [   88735.168388] 0003 0035 0000016b
2022-03-10 15:53:32.325438 True [   88735.185415] 0003 0035 0000016f
2022-03-10 15:53:32.344038 True [   88735.202366] 0003 0035 0000016f
2022-03-10 15:53:32.360118 True [   88735.219396] 0003 0035 00000173
2022-03-10 15:53:32.378298 True [   88735.236285] 0003 0035 00000177
2022-03-10 15:53:32.394577 True [   88735.253175] 0003 0035 00000177
2022-03-10 15:53:32.415567 True [   88735.270081] 0003 0035 0000017b
2022-03-10 15:53:32.429021 True [   88735.287048] 0003 0035 0000017b
2022-03-10 15:53:32.445088 True [   88735.304194] 0003 0035 0000017b
2022-03-10 15:53:32.462447 True [   88735.321011] 0003 0035 0000017f
2022-03-10 15:53:32.480427 True [   88735.338642] 0003 0035 0000017f
2022-03-10 15:53:32.496518 True [   88735.354998] 0003 0035 0000017f
2022-03-10 15:53:32.512337 True [   88735.371758] 0003 0035 00000183
2022-03-10 15:53:32.530349 True [   88735.388732] 0003 0035 00000183
2022-03-10 15:53:32.547719 True [   88735.405739] 0003 0035 00000183
2022-03-10 15:53:32.565545 True [   88735.422669] 0003 0035 00000183
2022-03-10 15:53:32.580853 True [   88735.439614] 0003 0035 00000183
2022-03-10 15:53:32.599355 True [   88735.456486] 0003 0035 00000183
2022-03-10 15:53:32.615070 True [   88735.474145] 0003 0035 00000183
2022-03-10 15:53:32.632972 True [   88735.490363] 0003 0035 00000183
2022-03-10 15:53:32.650129 True [   88735.507339] 0003 0035 00000183
2022-03-10 15:53:32.665849 True [   88735.524308] 0003 0035 00000183
2022-03-10 15:53:32.682739 True [   88735.541307] 0003 0035 00000187
2022-03-10 15:53:32.699631 True [   88735.558245] 0003 0035 00000187
2022-03-10 15:53:32.716471 True [   88735.575113] 0003 0035 00000187
2022-03-10 15:53:32.733943 True [   88735.592090] 0003 0035 00000187
2022-03-10 15:53:32.750879 True [   88735.609425] 0003 0035 00000187
2022-03-10 15:53:32.766500 True [   88735.625966] 0003 0035 00000187
2022-03-10 15:53:32.783679 True [   88735.642926] 0003 0035 00000187
2022-03-10 15:53:32.802556 True [   88735.659864] 0003 0035 0000018b
2022-03-10 15:53:32.816869 True [   88735.676759] 0003 0035 0000018b
2022-03-10 15:53:32.835093 True [   88735.693696] 0003 0035 0000018b
2022-03-10 15:53:32.853127 True [   88735.710888] 0003 0035 0000018b
2022-03-10 15:53:32.870152 True [   88735.727841] 0003 0035 0000018b
2022-03-10 15:53:32.890270 True [   88735.744544] 0003 0035 0000018b
2022-03-10 15:53:32.905548 True [   88735.761570] 0003 0035 0000018b
2022-03-10 15:53:32.919573 True [   88735.778416] 0003 0035 0000018b
2022-03-10 15:53:32.937092 True [   88735.795349] 0003 0035 0000018b
2022-03-10 15:53:32.954367 True [   88735.812369] 0003 0035 0000018b
2022-03-10 15:53:32.970559 True [   88735.829664] 0003 0035 00000190
2022-03-10 15:53:32.987673 True [   88735.846164] 0003 0035 00000194
2022-03-10 15:53:33.007257 True [   88735.863116] 0003 0035 00000198
2022-03-10 15:53:33.026936 True [   88735.880107] 0003 0035 00000198
2022-03-10 15:53:33.039719 True [   88735.897107] 0003 0035 00000198
2022-03-10 15:53:33.056295 True [   88735.914328] 0003 0035 0000019c
2022-03-10 15:53:33.074364 True [   88735.930976] 0003 0035 0000019c
2022-03-10 15:53:33.089669 True [   88735.947832] 0003 0035 0000019c
2022-03-10 15:53:33.110787 True [   88735.964766] 0003 0035 0000019c
2022-03-10 15:53:33.127381 True [   88735.982496] 0003 0035 0000019c
2022-03-10 15:53:33.142455 True [   88735.999030] 0003 0035 0000019c
2022-03-10 15:53:33.157164 True [   88736.015959] 0003 0035 0000019c
2022-03-10 15:53:33.174519 True [   88736.032599] 0003 0035 0000019c
2022-03-10 15:53:33.190759 True [   88736.049708] 0003 0035 0000019c
2022-03-10 15:53:33.209557 True [   88736.066428] 0003 0035 0000019c
2022-03-10 15:53:33.225702 True [   88736.083409] 0003 0035 0000019c
2022-03-10 15:53:33.241776 True [   88736.100311] 0003 0035 0000019c
2022-03-10 15:53:33.259439 True [   88736.117519] 0003 0035 0000019c
2022-03-10 15:53:33.277673 True [   88736.134562] 0003 0035 0000019c
2022-03-10 15:53:33.294603 True [   88736.151358] 0003 0035 0000019c
2022-03-10 15:53:33.312872 True [   88736.168064] 0003 0035 0000019c
2022-03-10 15:53:33.327097 True [   88736.185017] 0003 0035 000001a0
2022-03-10 15:53:33.343533 True [   88736.201991] 0003 0035 000001a0
2022-03-10 15:53:33.360544 True [   88736.219149] 0003 0035 000001a0
2022-03-10 15:53:33.378301 True [   88736.235885] 0003 0035 000001a4
2022-03-10 15:53:33.394964 True [   88736.252872] 0003 0035 000001a8
2022-03-10 15:53:33.412108 True [   88736.269727] 0003 0035 000001ae
2022-03-10 15:53:33.428850 True [   88736.286707] 0003 0035 000001b4
2022-03-10 15:53:33.444298 True [   88736.303754] 0003 0035 000001ba
2022-03-10 15:53:33.461704 True [   88736.320685] 0003 0035 000001c0
2022-03-10 15:53:33.479231 True [   88736.337651] 0003 0035 000001c5
2022-03-10 15:53:33.496745 True [   88736.354525] 0003 0035 000001ca
2022-03-10 15:53:33.513705 True [   88736.371376] 0003 0035 000001cf
2022-03-10 15:53:33.528871 True [   88736.388351] 0003 0035 000001cf
2022-03-10 15:53:33.547201 True [   88736.405383] 0003 0035 000001d3
2022-03-10 15:53:33.565636 True [   88736.422379] 0003 0035 000001d3
2022-03-10 15:53:33.580624 True [   88736.439576] 0003 0035 000001d3
2022-03-10 15:53:33.599014 True [   88736.456265] 0003 0035 000001d3
2022-03-10 15:53:33.616426 True [   88736.473096] 0003 0035 000001d3
2022-03-10 15:53:33.632255 True [   88736.490048] 0003 0035 000001d3
2022-03-10 15:53:33.648527 True [   88736.507032] 0003 0035 000001d7
2022-03-10 15:53:33.666648 True [   88736.523896] 0003 0035 000001d7
2022-03-10 15:53:33.682248 True [   88736.541165] 0003 0035 000001d7
2022-03-10 15:53:33.700547 True [   88736.558035] 0003 0035 000001db
2022-03-10 15:53:33.716026 True [   88736.574837] 0003 0035 000001db
2022-03-10 15:53:33.733183 True [   88736.591756] 0003 0035 000001db
2022-03-10 15:53:33.751151 True [   88736.608855] 0003 0035 000001df
2022-03-10 15:53:33.767950 True [   88736.626358] 0003 0035 000001df
2022-03-10 15:53:33.783946 True [   88736.642571] 0003 0035 000001df
2022-03-10 15:53:33.802837 True [   88736.659466] 0003 0035 000001e3
2022-03-10 15:53:33.819742 True [   88736.676479] 0003 0035 000001e3
2022-03-10 15:53:33.835996 True [   88736.693423] 0003 0035 000001e3
2022-03-10 15:53:33.851051 True [   88736.710624] 0003 0035 000001e3
2022-03-10 15:53:33.868547 True [   88736.727211] 0003 0035 000001e3
2022-03-10 15:53:33.885033 True [   88736.744217] 0003 0035 000001e3
2022-03-10 15:53:33.903125 True [   88736.761316] 0003 0035 000001e7
2022-03-10 15:53:33.920981 True [   88736.778132] 0003 0035 000001e7
2022-03-10 15:53:33.936108 True [   88736.795007] 0003 0035 000001eb
2022-03-10 15:53:33.953882 True [   88736.811930] 0003 0035 000001eb
2022-03-10 15:53:33.970563 True [   88736.828928] 0003 0035 000001eb
2022-03-10 15:53:33.986741 True [   88736.846216] 0003 0035 000001ef
2022-03-10 15:53:34.006357 True [   88736.862873] 0003 0035 000001ef
2022-03-10 15:53:34.022972 True [   88736.879701] 0003 0035 000001f4
2022-03-10 15:53:34.037619 True [   88736.896732] 0003 0035 000001f8
2022-03-10 15:53:34.059394 True [   88736.913618] 0003 0035 000001fe
2022-03-10 15:53:34.074869 True [   88736.930573] 0003 0035 00000207
2022-03-10 15:53:34.089827 True [   88736.947545] 0003 0035 00000211
2022-03-10 15:53:34.107711 True [   88736.964653] 0003 0035 0000021b
2022-03-10 15:53:34.125874 True [   88736.981445] 0003 0035 00000225
2022-03-10 15:53:34.141248 True [   88736.998414] 0003 0035 0000022d
2022-03-10 15:53:34.160373 True [   88737.015386] 0003 0035 00000234
2022-03-10 15:53:34.174183 True [   88737.032346] 0003 0035 0000023b
2022-03-10 15:53:34.191151 True [   88737.049315] 0003 0035 0000023f
2022-03-10 15:53:34.208533 True [   88737.066184] 0003 0035 0000023f
2022-03-10 15:53:34.226196 True [   88737.083069] 0003 0035 00000243
2022-03-10 15:53:34.242278 True [   88737.100081] 0003 0035 00000243
2022-03-10 15:53:34.259950 True [   88737.117070] 0003 0035 00000243
2022-03-10 15:53:34.276607 True [   88737.133945] 0003 0035 00000247
2022-03-10 15:53:34.294265 True [   88737.150929] 0003 0035 0000024b
2022-03-10 15:53:34.311004 True [   88737.167935] 0003 0035 00000250
2022-03-10 15:53:34.327958 True [   88737.184734] 0003 0035 00000258
2022-03-10 15:53:34.344459 True [   88737.201688] 0003 0035 00000263
2022-03-10 15:53:34.360715 True [   88737.218902] 0003 0035 0000026f
2022-03-10 15:53:34.377188 True [   88737.235660] 0003 0035 0000027c
2022-03-10 15:53:34.395498 True [   88737.252595] 0003 0035 00000287
2022-03-10 15:53:34.412636 True [   88737.269629] 0003 0035 00000290
2022-03-10 15:53:34.431311 True [   88737.286437] 0003 0035 00000298
2022-03-10 15:53:34.444477 True [   88737.303365] 0003 0035 0000029f
2022-03-10 15:53:34.462278 True [   88737.320506] 0003 0035 000002a3
2022-03-10 15:53:34.480787 True [   88737.337490] 0003 0035 000002a3
2022-03-10 15:53:34.497457 True [   88737.354613] 0003 0035 000002a3
2022-03-10 15:53:34.512741 True [   88737.371179] 0003 0035 000002a7
2022-03-10 15:53:34.533127 True [   88737.388072] 0003 0035 000002a7
2022-03-10 15:53:34.548349 True [   88737.405002] 0003 0035 000002af
2022-03-10 15:53:34.567354 True [   88737.421971] 0003 0035 000002bb
2022-03-10 15:53:34.584243 True [   88737.438902] 0003 0035 000002c9
2022-03-10 15:53:34.597252 True [   88737.455938] 0003 0035 000002d6
2022-03-10 15:53:34.615431 True [   88737.472825] 0003 0035 000002e2
2022-03-10 15:53:34.633374 True [   88737.489748] 0003 0035 000002ec
2022-03-10 15:53:34.648420 True [   88737.506966] 0003 0035 000002f3
2022-03-10 15:53:34.664772 True [   88737.523651] 0003 0035 000002fa
2022-03-10 15:53:34.682515 True [   88737.540614] 0003 0035 000002ff
2022-03-10 15:53:34.701877 True [   88737.558175] 0003 0035 00000303
2022-03-10 15:53:34.717807 True [   88737.574539] 0003 0035 00000303
2022-03-10 15:53:34.733296 True [   88737.591384] 0003 0035 00000303
2022-03-10 15:53:34.749295 True [   88737.608390] 0003 0035 00000303
2022-03-10 15:53:34.768539 True [   88737.625369] 0003 0035 00000307
2022-03-10 15:53:34.784646 True [   88737.642346] 0003 0035 0000030d
2022-03-10 15:53:34.799781 True [   88737.659183] 0003 0035 00000317
2022-03-10 15:53:34.818738 True [   88737.676123] 0003 0035 00000323
2022-03-10 15:53:34.836187 True [   88737.693437] 0003 0035 0000032e
2022-03-10 15:53:34.851517 True [   88737.710265] 0003 0035 00000339
2022-03-10 15:53:34.868311 True [   88737.726976] 0003 0035 00000343
2022-03-10 15:53:34.888555 True [   88737.743888] 0003 0035 0000034b
2022-03-10 15:53:34.905045 True [   88737.760883] 0003 0035 00000352
2022-03-10 15:53:34.920747 True [   88737.777866] 0003 0035 00000358
2022-03-10 15:53:34.937238 True [   88737.794793] 0003 0035 0000035d
2022-03-10 15:53:34.954321 True [   88737.811815] 0003 0035 0000035d
2022-03-10 15:53:34.971073 True [   88737.828629] 0003 0035 00000361
2022-03-10 15:53:34.988135 True [   88737.845686] 0003 0035 00000361
2022-03-10 15:53:35.003899 True [   88737.862572] 0003 0035 00000361
2022-03-10 15:53:35.022948 True [   88737.879441] 0003 0035 00000361
2022-03-10 15:53:35.037590 True [   88737.896595] 0003 0035 00000365
2022-03-10 15:53:35.055348 True [   88737.913328] 0003 0035 0000036a
2022-03-10 15:53:35.072977 True [   88737.930337] 0003 0035 00000372
2022-03-10 15:53:35.089280 True [   88737.947262] 0003 0035 0000037c
2022-03-10 15:53:35.105577 True [   88737.964174] 0003 0035 00000386
2022-03-10 15:53:35.122855 True [   88737.981117] 0003 0035 0000038f
2022-03-10 15:53:35.139771 True [   88737.998783] 0003 0035 00000397
2022-03-10 15:53:35.158045 True [   88738.015004] 0003 0035 0000039e
2022-03-10 15:53:35.173260 True [   88738.031886] 0003 0035 000003a4
2022-03-10 15:53:35.193326 True [   88738.049618] 0003 0035 000003a4
2022-03-10 15:53:35.208354 True [   88738.066381] 0003 0035 000003a8
2022-03-10 15:53:35.225076 True [   88738.082803] 0003 0035 000003a8
2022-03-10 15:53:35.241197 True [   88738.100428] 0003 0035 000003a8
2022-03-10 15:53:35.258053 True [   88738.116910] 0003 0035 000003ac
2022-03-10 15:53:35.274903 True [   88738.133682] 0003 0035 000003b0
2022-03-10 15:53:35.292824 True [   88738.150566] 0003 0035 000003b0
2022-03-10 15:53:35.310996 True [   88738.167484] 0003 0035 000003b4
2022-03-10 15:53:35.326170 True [   88738.184455] 0003 0035 000003b8
2022-03-10 15:53:35.342273 True [   88738.201365] 0003 0035 000003b8
2022-03-10 15:53:35.360391 True [   88738.218419] 0003 0035 000003bc
2022-03-10 15:53:35.376114 True [   88738.235663] 0003 0035 000003c0
2022-03-10 15:53:35.394377 True [   88738.252263] 0003 0035 000003c6
2022-03-10 15:53:35.411329 True [   88738.269151] 0003 0035 000003ce
2022-03-10 15:53:35.427648 True [   88738.286069] 0003 0035 000003d7
2022-03-10 15:53:35.444027 True [   88738.303036] 0003 0035 000003e1
2022-03-10 15:53:35.460814 True [   88738.319943] 0003 0035 000003e9
2022-03-10 15:53:35.478598 True [   88738.337059] 0003 0035 000003f0
2022-03-10 15:53:35.496034 True [   88738.353948] 0003 0035 000003f6
2022-03-10 15:53:35.513687 True [   88738.371000] 0003 0035 000003fb
2022-03-10 15:53:35.534694 True [   88738.387955] 0003 0035 000003ff
2022-03-10 15:53:35.545513 True [   88738.404681] 0003 0035 000003ff
2022-03-10 15:53:35.565152 True [   88738.421995] 0003 0035 00000403
2022-03-10 15:53:35.579388 True [   88738.438599] 0003 0035 00000403
2022-03-10 15:53:35.596693 True [   88738.455572] 0003 0035 00000407
2022-03-10 15:53:35.614717 True [   88738.472536] 0003 0035 00000407
2022-03-10 15:53:35.632413 True [   88738.489447] 0003 0035 00000407
2022-03-10 15:53:35.650333 True [   88738.506462] 0003 0035 0000040b
2022-03-10 15:53:35.666327 True [   88738.523453] 0003 0035 0000040b
2022-03-10 15:53:35.683233 True [   88738.540861] 0003 0035 0000040b
2022-03-10 15:53:35.699444 True [   88738.557302] 0003 0035 0000040b
2022-03-10 15:53:35.717470 True [   88738.574275] 0003 0035 0000040f
2022-03-10 15:53:35.733786 True [   88738.591272] 0003 0035 0000040f
2022-03-10 15:53:35.749497 True [   88738.608164] 0003 0035 0000040f
2022-03-10 15:53:35.766863 True [   88738.625060] 0003 0035 00000413
2022-03-10 15:53:35.787195 True [   88738.641986] 0003 0035 00000413
2022-03-10 15:53:35.801323 True [   88738.659113] 0003 0035 00000413
2022-03-10 15:53:35.818282 True [   88738.675852] 0003 0035 00000417
2022-03-10 15:53:35.836718 True [   88738.692766] 0003 0035 00000417
2022-03-10 15:53:35.852567 True [   88738.709705] 0003 0035 0000041b
2022-03-10 15:53:35.868876 True [   88738.726664] 0003 0035 0000041f
2022-03-10 15:53:35.889134 True [   88738.744400] 0003 0035 0000041f
2022-03-10 15:53:35.903893 True [   88738.761315] 0003 0035 00000424
2022-03-10 15:53:35.918697 True [   88738.777612] 0003 0035 00000428
2022-03-10 15:53:35.936994 True [   88738.795027] 0003 0035 0000042e
2022-03-10 15:53:35.952597 True [   88738.811408] 0003 0035 00000435
2022-03-10 15:53:35.969171 True [   88738.828242] 0003 0035 0000043c
2022-03-10 15:53:35.986289 True [   88738.845305] 0003 0035 00000443
2022-03-10 15:53:36.003815 True [   88738.862202] 0003 0035 00000449
2022-03-10 15:53:36.020775 True [   88738.879193] 0003 0035 0000044e
2022-03-10 15:53:36.038751 True [   88738.896070] 0003 0035 00000453
2022-03-10 15:53:36.055336 True [   88738.913072] 0003 0035 00000457
2022-03-10 15:53:36.071995 True [   88738.930008] 0003 0035 00000457
2022-03-10 15:53:36.088001 True [   88738.946933] 0003 0035 0000045b
2022-03-10 15:53:36.106388 True [   88738.964212] 0003 0035 0000045b
2022-03-10 15:53:36.123786 True [   88738.981027] 0003 0035 0000045b
2022-03-10 15:53:36.139869 True [   88738.997784] 0003 0035 0000045b
2022-03-10 15:53:36.156123 True [   88739.014853] 0003 0035 0000045b
2022-03-10 15:53:36.172875 True [   88739.031616] 0003 0035 0000045b
2022-03-10 15:53:36.190489 True [   88739.048604] 0003 0035 0000045b
2022-03-10 15:53:36.206532 True [   88739.065610] 0003 0035 0000045b
2022-03-10 15:53:36.224159 True [   88739.082530] 0003 0035 0000045b
2022-03-10 15:53:36.243890 True [   88739.099440] 0003 0035 0000045b
2022-03-10 15:53:36.258446 True [   88739.116497] 0003 0035 0000045b
2022-03-10 15:53:36.275305 True [   88739.133426] 0003 0035 0000045b
2022-03-10 15:53:36.293226 True [   88739.150403] 0003 0035 0000045f
2022-03-10 15:53:36.312307 True [   88739.167328] 0003 0035 0000045f
2022-03-10 15:53:36.329086 True [   88739.184605] 0003 0035 0000045f
2022-03-10 15:53:36.347206 True [   88739.201077] 0003 0035 0000045f
2022-03-10 15:53:36.359399 True [   88739.218327] 0003 0035 0000045f
2022-03-10 15:53:36.376368 True [   88739.234937] 0003 0035 0000045f
2022-03-10 15:53:36.395450 True [   88739.252115] 0003 0035 0000045f
2022-03-10 15:53:36.412151 True [   88739.269107] 0003 0035 00000463
2022-03-10 15:53:36.427157 True [   88739.285889] 0003 0035 00000463
2022-03-10 15:53:36.443728 True [   88739.302734] 0003 0035 00000463
2022-03-10 15:53:36.461256 True [   88739.319806] 0003 0035 00000463
2022-03-10 15:53:36.478815 True [   88739.336611] 0003 0035 00000463
2022-03-10 15:53:36.497513 True [   88739.353658] 0003 0035 00000463
2022-03-10 15:53:36.512704 True [   88739.370560] 0003 0035 00000468
2022-03-10 15:53:36.529923 True [   88739.387868] 0003 0035 0000046c
2022-03-10 15:53:36.546281 True [   88739.405146] 0003 0035 0000046f
2022-03-10 15:53:36.563968 True [   88739.421938] 0003 0035 00000471
2022-03-10 15:53:36.579308 True [   88739.438232] 0003 0035 00000471
2022-03-10 15:53:36.598355 True [   88739.455523] 0003 0035 00000471
2022-03-10 15:53:36.615654 True [   88739.472445] 0003 0035 00000471
2022-03-10 15:53:36.631720 True [   88739.489474] 0003 0035 00000471
2022-03-10 15:53:36.650230 True [   88739.506067] 0003 0035 00000471
2022-03-10 15:53:36.665249 True [   88739.523071] 0003 0035 00000471
2022-03-10 15:53:36.682069 True [   88739.539929] 0003 0035 0000046f
2022-03-10 15:53:36.699179 True [   88739.556888] 0003 0035 0000046c
2022-03-10 15:53:36.715717 True [   88739.573853] 0003 0035 00000468
2022-03-10 15:53:36.733358 True [   88739.590861] 0003 0035 00000461
2022-03-10 15:53:36.753806 True [   88739.607666] 0003 0035 00000458
2022-03-10 15:53:36.766693 True [   88739.624768] 0003 0035 0000044f
2022-03-10 15:53:36.782942 True [   88739.641643] 0003 0035 00000447
2022-03-10 15:53:36.800405 True [   88739.658602] 0003 0035 00000441
2022-03-10 15:53:36.818270 True [   88739.675525] 0003 0035 0000043c
2022-03-10 15:53:36.835941 True [   88739.692477] 0003 0035 00000438
2022-03-10 15:53:36.852925 True [   88739.709416] 0003 0035 00000434
2022-03-10 15:53:36.868890 True [   88739.726521] 0003 0035 00000431
2022-03-10 15:53:36.885530 True [   88739.743309] 0003 0035 0000042e
2022-03-10 15:53:36.905102 True [   88739.760317] 0003 0035 0000042c
2022-03-10 15:53:36.920970 True [   88739.777374] 0003 0035 00000429
2022-03-10 15:53:36.936245 True [   88739.794201] 0003 0035 00000426
2022-03-10 15:53:36.954625 True [   88739.811238] 0003 0035 00000424
2022-03-10 15:53:36.970831 True [   88739.828123] 0003 0035 00000422
2022-03-10 15:53:36.990137 True [   88739.845062] 0003 0035 0000041f
2022-03-10 15:53:37.003281 True [   88739.861938] 0003 0035 0000041f
2022-03-10 15:53:37.024320 True [   88739.878840] 0003 0035 0000041f
2022-03-10 15:53:37.039419 True [   88739.895888] 0003 0035 00000418
2022-03-10 15:53:37.056053 True [   88739.912829] 0003 0035 0000040b
2022-03-10 15:53:37.070805 True [   88739.929647] 0003 0035 000003fc
2022-03-10 15:53:37.087774 True [   88739.946569] 0003 0035 000003ec
2022-03-10 15:53:37.107488 True [   88739.963686] 0003 0035 000003dc
2022-03-10 15:53:37.124996 True [   88739.980509] 0003 0035 000003ce
2022-03-10 15:53:37.140813 True [   88739.997999] 0003 0035 000003c0
2022-03-10 15:53:37.155891 True [   88740.014538] 0003 0035 000003b2
2022-03-10 15:53:37.173697 True [   88740.031359] 0003 0035 000003a4
2022-03-10 15:53:37.189578 True [   88740.048314] 0003 0035 00000398
2022-03-10 15:53:37.206359 True [   88740.065349] 0003 0035 0000038e
2022-03-10 15:53:37.224743 True [   88740.082210] 0003 0035 00000385
2022-03-10 15:53:37.240408 True [   88740.099194] 0003 0035 0000037f
2022-03-10 15:53:37.257117 True [   88740.116338] 0003 0035 0000037a
2022-03-10 15:53:37.275159 True [   88740.133113] 0003 0035 0000037a
2022-03-10 15:53:37.292618 True [   88740.150006] 0003 0035 00000377
2022-03-10 15:53:37.309918 True [   88740.167010] 0003 0035 00000377
2022-03-10 15:53:37.324549 True [   88740.183852] 0003 0035 00000377
2022-03-10 15:53:37.344408 True [   88740.200827] 0003 0035 00000377
2022-03-10 15:53:37.358259 True [   88740.217797] 0003 0035 00000377
2022-03-10 15:53:37.375605 True [   88740.235013] 0003 0035 00000375
2022-03-10 15:53:37.392908 True [   88740.251583] 0003 0035 00000373
2022-03-10 15:53:37.409643 True [   88740.268518] 0003 0035 00000371
2022-03-10 15:53:37.429433 True [   88740.285517] 0003 0035 00000371
2022-03-10 15:53:37.446353 True [   88740.302462] 0003 0035 00000371
2022-03-10 15:53:37.463684 True [   88740.319686] 0003 0035 0000036d
2022-03-10 15:53:37.478672 True [   88740.336247] 0003 0035 00000369
2022-03-10 15:53:37.494782 True [   88740.353419] 0003 0035 00000360
2022-03-10 15:53:37.512392 True [   88740.370289] 0003 0035 0000034f
2022-03-10 15:53:37.528841 True [   88740.387205] 0003 0035 0000033c
2022-03-10 15:53:37.546061 True [   88740.404145] 0003 0035 00000327
2022-03-10 15:53:37.563521 True [   88740.421129] 0003 0035 00000312
2022-03-10 15:53:37.580034 True [   88740.438006] 0003 0035 000002ff
2022-03-10 15:53:37.595848 True [   88740.454949] 0003 0035 000002ed
2022-03-10 15:53:37.614590 True [   88740.471906] 0003 0035 000002df
2022-03-10 15:53:37.630330 True [   88740.488856] 0003 0035 000002d5
2022-03-10 15:53:37.646940 True [   88740.505791] 0003 0035 000002cf
2022-03-10 15:53:37.664476 True [   88740.522795] 0003 0035 000002cc
2022-03-10 15:53:37.680562 True [   88740.539596] 0003 0035 000002cc
2022-03-10 15:53:37.698885 True [   88740.556681] 0003 0035 000002cc
2022-03-10 15:53:37.714870 True [   88740.573523] 0003 0035 000002cc
2022-03-10 15:53:37.733502 True [   88740.590732] 0003 0035 000002ca
2022-03-10 15:53:37.750749 True [   88740.607425] 0003 0035 000002c7
2022-03-10 15:53:37.766409 True [   88740.624557] 0003 0035 000002c3
2022-03-10 15:53:37.783533 True [   88740.641290] 0003 0035 000002bf
2022-03-10 15:53:37.801144 True [   88740.658309] 0003 0035 000002b9
2022-03-10 15:53:37.818012 True [   88740.675317] 0003 0035 000002b0
2022-03-10 15:53:37.832942 True [   88740.692207] 0003 0035 000002a3
2022-03-10 15:53:37.854182 True [   88740.709049] 0003 0035 00000294
2022-03-10 15:53:37.867712 True [   88740.726122] 0003 0035 00000285
2022-03-10 15:53:37.883962 True [   88740.742940] 0003 0035 00000278
2022-03-10 15:53:37.904279 True [   88740.759892] 0003 0035 0000026f
2022-03-10 15:53:37.921744 True [   88740.776937] 0003 0035 00000268
2022-03-10 15:53:37.935558 True [   88740.793980] 0003 0035 00000262
2022-03-10 15:53:37.953343 True [   88740.810848] 0003 0035 0000025e
2022-03-10 15:53:37.969436 True [   88740.827866] 0003 0035 0000025b
2022-03-10 15:53:37.986219 True [   88740.844584] 0003 0035 00000258
2022-03-10 15:53:38.002984 True [   88740.861966] 0003 0035 00000254
2022-03-10 15:53:38.021977 True [   88740.878505] 0003 0035 0000024d
2022-03-10 15:53:38.037772 True [   88740.895675] 0003 0035 00000240
2022-03-10 15:53:38.053405 True [   88740.912500] 0003 0035 0000022f
2022-03-10 15:53:38.071912 True [   88740.929483] 0003 0035 0000021c
2022-03-10 15:53:38.087548 True [   88740.946243] 0003 0035 00000205
2022-03-10 15:53:38.104780 True [   88740.963246] 0003 0035 000001ea
2022-03-10 15:53:38.122210 True [   88740.980188] 0003 0035 000001d0
2022-03-10 15:53:38.138207 True [   88740.997162] 0003 0035 000001ba
2022-03-10 15:53:38.160243 True [   88741.014174] 0003 0035 000001a9
2022-03-10 15:53:38.172086 True [   88741.030952] 0003 0035 0000019a
2022-03-10 15:53:38.190547 True [   88741.047858] 0003 0035 0000018a
2022-03-10 15:53:38.207807 True [   88741.064871] 0003 0035 0000017d
2022-03-10 15:53:38.224806 True [   88741.082191] 0003 0035 00000172
2022-03-10 15:53:38.240871 True [   88741.099033] 0003 0035 00000169
2022-03-10 15:53:38.258572 True [   88741.115870] 0003 0035 00000161
2022-03-10 15:53:38.274162 True [   88741.132629] 0003 0035 0000015c
2022-03-10 15:53:38.291553 True [   88741.149583] 0003 0035 00000158
2022-03-10 15:53:38.308510 True [   88741.166596] 0003 0035 00000158
2022-03-10 15:53:38.324937 True [   88741.183750] 0003 0035 00000152
2022-03-10 15:53:38.342873 True [   88741.200516] 0003 0035 0000014d
2022-03-10 15:53:38.364674 True [   88741.217512] 0003 0035 00000149
2022-03-10 15:53:38.375001 True [   88741.234277] 0003 0035 00000145
2022-03-10 15:53:38.393516 True [   88741.251245] 0003 0035 00000142
2022-03-10 15:53:38.409620 True [   88741.268332] 0003 0035 00000142
2022-03-10 15:53:38.427040 True [   88741.285303] 0003 0035 00000142
2022-03-10 15:53:38.443012 True [   88741.302191] 0003 0035 00000142
2022-03-10 15:53:38.465020 True [   88741.319330] 0003 0035 00000142
2022-03-10 15:53:38.477941 True [   88741.335982] 0003 0035 00000142
2022-03-10 15:53:38.494013 True [   88741.352877] 0003 0035 00000142
2022-03-10 15:53:38.510701 True [   88741.370039] 0003 0035 00000144
2022-03-10 15:53:38.529398 True [   88741.386897] 0003 0035 00000146
2022-03-10 15:53:38.547681 True [   88741.406279] 0003 0035 00000149
2022-03-10 15:53:38.562735 True [   88741.421014] 0003 0035 0000014c
2022-03-10 15:53:38.579013 True [   88741.437664] 0003 0035 00000150
2022-03-10 15:53:38.595696 True [   88741.454662] 0003 0035 00000153
2022-03-10 15:53:38.612730 True [   88741.471709] 0003 0035 00000156
2022-03-10 15:53:38.629681 True [   88741.488579] 0003 0035 0000015b
2022-03-10 15:53:38.648172 True [   88741.505634] 0003 0035 00000163
2022-03-10 15:53:38.665400 True [   88741.522637] 0003 0035 0000016b
2022-03-10 15:53:38.681497 True [   88741.539387] 0003 0035 00000173
2022-03-10 15:53:38.697636 True [   88741.556325] 0003 0035 00000178
2022-03-10 15:53:38.714676 False [   88741.573693] 0003 0035 0000017b
2022-03-10 15:53:38.733408 False [   88741.590929] 0003 0035 0000017d
2022-03-10 15:53:38.749339 False [   88741.607203] 0003 0035 0000017d
2022-03-10 15:53:38.767877 False [   88741.624233] 0003 0035 0000017d
2022-03-10 15:53:38.783877 False [   88741.641022] 0003 0035 0000017d
2022-03-10 15:53:38.799841 False [   88741.657956] 0003 0035 0000017d
2022-03-10 15:53:38.816863 False [   88741.674984] 0003 0035 0000017d
2022-03-10 15:53:38.836634 False [   88741.692097] 0003 0035 0000017d
2022-03-10 15:53:38.850452 False [   88741.708984] 0003 0035 00000181
2022-03-10 15:53:38.868742 False [   88741.726398] 0003 0035 00000186
2022-03-10 15:53:38.884852 False [   88741.742781] 0003 0035 0000018c
2022-03-10 15:53:38.901356 False [   88741.759578] 0003 0035 00000193
2022-03-10 15:53:38.918017 False [   88741.776671] 0003 0035 000001a0
2022-03-10 15:53:38.939577 False [   88741.793597] 0003 0035 000001b7
2022-03-10 15:53:38.952758 False [   88741.810686] 0003 0035 000001d8
2022-03-10 15:53:38.969067 False [   88741.828232] 0003 0035 00000204
2022-03-10 15:53:38.986396 False [   88741.844392] 0003 0035 00000236
2022-03-10 15:53:39.003481 False [   88741.861272] 0003 0035 00000266
2022-03-10 15:53:39.019850 False [   88741.878358] 0003 0035 00000292
2022-03-10 15:53:39.037339 False [   88741.895524] 0003 0035 000002b7
2022-03-10 15:53:39.055516 False [   88741.912200] 0003 0035 000002d9
2022-03-10 15:53:39.072471 False [   88741.929458] 0003 0035 000002f9
2022-03-10 15:53:39.087540 False [   88741.945994] 0003 0035 00000315
2022-03-10 15:53:39.104045 False [   88741.962978] 0003 0035 0000032c
2022-03-10 15:53:39.121056 False [   88741.980091] 0003 0035 0000033d
2022-03-10 15:53:39.138566 False [   88741.996880] 0003 0035 00000347
2022-03-10 15:53:39.157603 False [   88742.014254] 0003 0035 00000347
2022-03-10 15:53:39.173615 False [   88742.030768] 0003 0035 00000340
2022-03-10 15:53:39.188924 False [   88742.047700] 0003 0035 00000333
2022-03-10 15:53:39.205971 False [   88742.064682] 0003 0035 0000031f
2022-03-10 15:53:39.224245 False [   88742.081671] 0003 0035 00000306
2022-03-10 15:53:39.239556 False [   88742.098564] 0003 0035 000002ed
2022-03-10 15:53:39.257265 False [   88742.115700] 0003 0035 000002d9
2022-03-10 15:53:39.273312 False [   88742.132572] 0003 0035 000002cb
2022-03-10 15:53:39.291245 False [   88742.149418] 0003 0035 000002c3
2022-03-10 15:53:39.307227 False [   88742.166367] 0003 0035 000002c3
2022-03-10 15:53:39.324838 False [   88742.183387] 0003 0035 000002cf
2022-03-10 15:53:39.341952 False [   88742.200418] 0003 0035 000002e8
2022-03-10 15:53:39.360010 False [   88742.217142] 0003 0035 0000030d
2022-03-10 15:53:39.375178 False [   88742.233872] 0003 0035 00000330
2022-03-10 15:53:39.954276 False [   88742.810369] 0003 0035 000002bc
2022-03-10 15:53:39.969986 False [   88742.827324] 0003 0035 000002bc
2022-03-10 15:53:39.986991 False [   88742.844738] 0003 0035 000002bc
2022-03-10 15:53:40.004200 False [   88742.861043] 0003 0035 000002bc
2022-03-10 15:53:40.021137 False [   88742.877975] 0003 0035 000002bc
2022-03-10 15:53:40.041639 False [   88742.894997] 0003 0035 000002bc
2022-03-10 15:53:40.057138 False [   88742.912570] 0003 0035 000002bc
2022-03-10 15:53:40.074952 False [   88742.929652] 0003 0035 000002c0
2022-03-10 15:53:40.087256 False [   88742.945751] 0003 0035 000002c7
2022-03-10 15:53:40.104525 False [   88742.962658] 0003 0035 000002d1
2022-03-10 15:53:40.121131 False [   88742.979660] 0003 0035 000002dc
2022-03-10 15:53:40.138692 False [   88742.996621] 0003 0035 000002e6
2022-03-10 15:53:40.157333 False [   88743.013849] 0003 0035 000002ef
2022-03-10 15:53:40.171785 False [   88743.030702] 0003 0035 000002f7
2022-03-10 15:53:40.189741 False [   88743.047423] 0003 0035 000002fe
2022-03-10 15:53:40.206363 False [   88743.064444] 0003 0035 00000304
2022-03-10 15:53:40.223423 False [   88743.081328] 0003 0035 00000309
2022-03-10 15:53:40.239752 False [   88743.097992] 0003 0035 0000030d
2022-03-10 15:53:40.632548 False [   88743.487996] 0003 0035 00000328
2022-03-10 15:53:40.647037 False [   88743.504921] 0003 0035 00000328
2022-03-10 15:53:40.664724 False [   88743.522864] 0003 0035 0000032c
2022-03-10 15:53:40.682114 False [   88743.538806] 0003 0035 00000334
2022-03-10 15:53:40.698447 True [   88743.555703] 0003 0035 0000033e
2022-03-10 15:53:40.717302 True [   88743.572765] 0003 0035 00000349
2022-03-10 15:53:40.731861 True [   88743.589674] 0003 0035 00000355
2022-03-10 15:53:40.748929 True [   88743.606789] 0003 0035 00000365
2022-03-10 15:53:40.766709 True [   88743.624613] 0003 0035 00000379
2022-03-10 15:53:40.781637 True [   88743.640454] 0003 0035 0000038e
2022-03-10 15:53:40.798622 True [   88743.657372] 0003 0035 000003a1
2022-03-10 15:53:40.815866 True [   88743.674278] 0003 0035 000003b1
2022-03-10 15:53:40.832818 True [   88743.691254] 0003 0035 000003be
2022-03-10 15:53:41.156760 True [   88744.014158] 0003 0035 0000024a
2022-03-10 15:53:41.173059 True [   88744.030308] 0003 0035 0000024a
2022-03-10 15:53:41.189372 True [   88744.047169] 0003 0035 0000024a
2022-03-10 15:53:41.206551 True [   88744.064205] 0003 0035 0000024a
2022-03-10 15:53:41.222053 True [   88744.081168] 0003 0035 0000024a
2022-03-10 15:53:41.239524 True [   88744.098229] 0003 0035 00000250
2022-03-10 15:53:41.257149 True [   88744.115311] 0003 0035 0000025d
2022-03-10 15:53:41.275250 True [   88744.132649] 0003 0035 00000271
2022-03-10 15:53:41.291037 True [   88744.148755] 0003 0035 00000287
2022-03-10 15:53:41.307377 True [   88744.165655] 0003 0035 0000029d
2022-03-10 15:53:41.325355 True [   88744.182699] 0003 0035 000002b6
2022-03-10 15:53:41.342984 True [   88744.199890] 0003 0035 000002cd
2022-03-10 15:53:41.359964 True [   88744.217050] 0003 0035 000002e0
2022-03-10 15:53:41.375406 True [   88744.233590] 0003 0035 000002ef
2022-03-10 15:53:41.395252 True [   88744.250614] 0003 0035 000002fb
2022-03-10 15:53:41.681374 True [   88744.539742] 0003 0035 0000019c
2022-03-10 15:53:41.700022 True [   88744.555690] 0003 0035 0000019c
2022-03-10 15:53:41.713792 True [   88744.572368] 0003 0035 0000019c
2022-03-10 15:53:41.732486 True [   88744.589459] 0003 0035 0000019c
2022-03-10 15:53:41.749211 True [   88744.606751] 0003 0035 0000019c
2022-03-10 15:53:41.766124 True [   88744.623401] 0003 0035 000001a3
2022-03-10 15:53:41.783789 True [   88744.640362] 0003 0035 000001b1
2022-03-10 15:53:41.798467 True [   88744.657122] 0003 0035 000001c5
2022-03-10 15:53:41.815368 True [   88744.673995] 0003 0035 000001d9
2022-03-10 15:53:41.833480 True [   88744.690967] 0003 0035 000001f0
2022-03-10 15:53:41.851207 True [   88744.708260] 0003 0035 0000020b
2022-03-10 15:53:41.867784 True [   88744.725956] 0003 0035 00000225
2022-03-10 15:53:41.885743 True [   88744.741757] 0003 0035 0000023b
2022-03-10 15:53:41.900739 True [   88744.758554] 0003 0035 0000024e
2022-03-10 15:53:42.189163 False [   88745.046797] 0003 0035 000000e9
2022-03-10 15:53:42.205492 False [   88745.063845] 0003 0035 000000e9
2022-03-10 15:53:42.223223 False [   88745.081136] 0003 0035 000000e9
2022-03-10 15:53:42.239546 False [   88745.098121] 0003 0035 000000e9
2022-03-10 15:53:42.256610 False [   88745.114850] 0003 0035 000000e9
2022-03-10 15:53:42.274110 False [   88745.131609] 0003 0035 000000f3
2022-03-10 15:53:42.289538 False [   88745.148510] 0003 0035 00000102
2022-03-10 15:53:42.306687 True [   88745.165406] 0003 0035 00000113
2022-03-10 15:53:42.324874 True [   88745.182344] 0003 0035 00000124
2022-03-10 15:53:42.341903 True [   88745.199393] 0003 0035 0000013b
2022-03-10 15:53:42.359820 True [   88745.216498] 0003 0035 00000155
2022-03-10 15:53:42.376072 True [   88745.233425] 0003 0035 0000016d
2022-03-10 15:53:42.392042 True [   88745.250069] 0003 0035 00000183
2022-03-10 15:53:42.409576 True [   88745.266820] 0003 0035 00000198
2022-03-10 15:53:42.869531 False [   88745.725092] 0003 0035 000000e8
2022-03-10 15:53:42.882800 False [   88745.741554] 0003 0035 000000e8
2022-03-10 15:53:42.900002 False [   88745.758471] 0003 0035 000000e8
2022-03-10 15:53:42.918049 False [   88745.775403] 0003 0035 000000e8
2022-03-10 15:53:42.935575 False [   88745.792304] 0003 0035 000000ec
2022-03-10 15:53:42.955109 False [   88745.809705] 0003 0035 000000f5
2022-03-10 15:53:42.968926 False [   88745.826702] 0003 0035 00000103
2022-03-10 15:53:42.986039 True [   88745.843447] 0003 0035 00000112
2022-03-10 15:53:43.001293 True [   88745.860151] 0003 0035 00000122
2022-03-10 15:53:43.018651 True [   88745.877153] 0003 0035 00000134
2022-03-10 15:53:43.036727 True [   88745.894014] 0003 0035 0000014a
2022-03-10 15:53:43.053819 True [   88745.910998] 0003 0035 00000160
2022-03-10 15:53:43.070300 True [   88745.928184] 0003 0035 00000174
2022-03-10 15:53:43.086555 True [   88745.945096] 0003 0035 00000184
2022-03-10 15:53:43.103296 True [   88745.961791] 0003 0035 00000191
2022-03-10 15:53:46.866439 True [   88749.725333] 0003 0035 0000049c
2022-03-10 15:53:46.883620 False [   88749.742455] 0003 0035 0000049c
2022-03-10 15:53:46.899260 False [   88749.757911] 0003 0035 0000049c
2022-03-10 15:53:46.916766 False [   88749.774241] 0003 0035 0000049c
2022-03-10 15:53:46.938631 False [   88749.791183] 0003 0035 0000049c
2022-03-10 15:53:46.949876 False [   88749.807860] 0003 0035 0000049c
2022-03-10 15:53:46.970228 False [   88749.824640] 0003 0035 0000049c
2022-03-10 15:53:54.391137 False [   88757.247468] 0003 0035 000003c0
2022-03-10 15:53:54.405403 True [   88757.264156] 0003 0035 000003c0
2022-03-10 15:53:54.424028 True [   88757.280448] 0003 0035 000003c0
2022-03-10 15:53:54.440997 True [   88757.298938] 0003 0035 000003c0
2022-03-10 15:53:54.456813 True [   88757.315085] 0003 0035 000003c0
2022-03-10 15:53:56.406150 True [   88759.263592] 0003 0035 000004c9
2022-03-10 15:53:56.422074 False [   88759.279764] 0003 0035 000004c9
2022-03-10 15:53:56.438151 False [   88759.296280] 0003 0035 000004c9
2022-03-10 15:53:56.456057 False [   88759.313351] 0003 0035 000004c9
2022-03-10 15:53:56.472249 False [   88759.330185] 0003 0035 000004c9
2022-03-10 15:53:56.489265 False [   88759.347260] 0003 0035 000004c9
2022-03-10 15:53:57.948696 False [   88760.804531] 0003 0035 0000032d
2022-03-10 15:53:57.964639 False [   88760.821670] 0003 0035 0000032d
2022-03-10 15:53:57.982288 False [   88760.839072] 0003 0035 0000032d
2022-03-10 15:53:57.998503 False [   88760.855168] 0003 0035 0000032d
2022-03-10 15:53:58.015864 False [   88760.873225] 0003 0035 0000032d
2022-03-10 15:53:59.759488 False [   88762.617391] 0003 0035 000000a9
2022-03-10 15:53:59.776048 False [   88762.634477] 0003 0035 000000a9
2022-03-10 15:53:59.793097 False [   88762.651537] 0003 0035 000000a9
2022-03-10 15:53:59.810564 False [   88762.668347] 0003 0035 000000a9
2022-03-10 15:53:59.831972 False [   88762.685066] 0003 0035 000000a9
2022-03-10 15:54:01.270429 True [   88764.126379] 0003 0035 00000307
2022-03-10 15:54:01.285551 False [   88764.142425] 0003 0035 00000307
2022-03-10 15:54:01.301386 False [   88764.159412] 0003 0035 00000307
2022-03-10 15:54:01.316533 False [   88764.176148] 0003 0035 00000307
2022-03-10 15:54:01.336333 False [   88764.193025] 0003 0035 00000307
2022-03-10 15:54:01.354681 False [   88764.209749] 0003 0035 00000307
2022-03-10 15:54:02.778292 False [   88765.633638] 0003 0035 0000040e
2022-03-10 15:54:02.796819 False [   88765.651106] 0003 0035 0000040e
2022-03-10 15:54:02.808454 False [   88765.666996] 0003 0035 0000040e
2022-03-10 15:54:02.825361 False [   88765.683909] 0003 0035 0000040e
2022-03-10 15:54:02.842970 False [   88765.700896] 0003 0035 0000040e
2022-03-10 15:54:04.233289 False [   88767.089936] 0003 0035 00000017
2022-03-10 15:54:04.249989 False [   88767.106917] 0003 0035 00000017
2022-03-10 15:54:04.266592 False [   88767.123833] 0003 0035 00000017
2022-03-10 15:54:04.282432 False [   88767.140800] 0003 0035 00000017
2022-03-10 15:54:04.299360 False [   88767.157978] 0003 0035 00000017
2022-03-10 15:54:04.317972 False [   88767.174750] 0003 0035 00000017
2022-03-10 15:54:04.334662 False [   88767.191586] 0003 0035 00000017
2022-03-10 15:54:10.250795 False [   88773.106787] 0003 0035 000001e9
2022-03-10 15:54:10.264640 False [   88773.123329] 0003 0035 000001e9
2022-03-10 15:54:10.282104 False [   88773.139087] 0003 0035 000001e9
2022-03-10 15:54:10.298456 False [   88773.155562] 0003 0035 000001e9
2022-03-10 15:54:10.315109 False [   88773.173566] 0003 0035 000001e9
2022-03-10 15:54:11.365840 False [   88774.222883] 0003 0035 0000047e
2022-03-10 15:54:11.382997 True [   88774.239838] 0003 0035 0000047e
2022-03-10 15:54:11.400220 True [   88774.257345] 0003 0035 0000047e
2022-03-10 15:54:11.419481 True [   88774.274521] 0003 0035 0000047e
2022-03-10 15:54:11.434386 True [   88774.290841] 0003 0035 0000047e
2022-03-10 15:54:11.451219 True [   88774.308082] 0003 0035 0000047e
2022-03-10 15:54:11.469445 True [   88774.325112] 0003 0035 0000047e
2022-03-10 15:54:11.486808 True [   88774.343155] 0003 0035 0000047e
2022-03-10 15:54:11.501260 True [   88774.359238] 0003 0035 0000047e
2022-03-10 15:54:11.517882 True [   88774.375654] 0003 0035 0000047e
2022-03-10 15:54:11.533742 True [   88774.392594] 0003 0035 0000047e
2022-03-10 15:54:11.551254 True [   88774.409569] 0003 0035 0000047e
2022-03-10 15:54:11.569814 True [   88774.426333] 0003 0035 0000047e
2022-03-10 15:54:11.586528 True [   88774.443127] 0003 0035 0000047e
2022-03-10 15:54:11.604423 True [   88774.460733] 0003 0035 0000047e
2022-03-10 15:54:11.620965 True [   88774.477805] 0003 0035 0000047a
2022-03-10 15:54:11.639015 True [   88774.493941] 0003 0035 0000047a
2022-03-10 15:54:11.653803 True [   88774.511517] 0003 0035 00000476
2022-03-10 15:54:11.669983 True [   88774.527783] 0003 0035 00000476
2022-03-10 15:54:11.687371 True [   88774.544697] 0003 0035 00000472
2022-03-10 15:54:11.703334 True [   88774.561481] 0003 0035 00000472
2022-03-10 15:54:13.586032 False [   88776.444056] 0003 0035 00000023
2022-03-10 15:54:13.602427 False [   88776.461000] 0003 0035 00000023
2022-03-10 15:54:13.619475 False [   88776.476769] 0003 0035 00000023
2022-03-10 15:54:13.636180 False [   88776.493565] 0003 0035 00000023
2022-03-10 15:54:13.652235 False [   88776.509997] 0003 0035 00000023
2022-03-10 15:54:13.668055 False [   88776.527037] 0003 0035 00000023
2022-03-10 15:54:16.130215 False [   88778.985043] 0003 0035 000001a6
2022-03-10 15:54:16.145087 False [   88779.001146] 0003 0035 000001a6
2022-03-10 15:54:16.160169 False [   88779.018049] 0003 0035 000001a6
2022-03-10 15:54:16.177022 False [   88779.034512] 0003 0035 000001a6
2022-03-10 15:54:16.193308 False [   88779.051460] 0003 0035 000001a6
2022-03-10 15:54:16.210553 False [   88779.068254] 0003 0035 000001a6
2022-03-10 15:54:18.838134 False [   88781.694710] 0003 0035 0000019f
2022-03-10 15:54:18.855587 False [   88781.711655] 0003 0035 0000019f
2022-03-10 15:54:18.878086 False [   88781.732721] 0003 0035 0000019f
2022-03-10 15:54:18.891322 False [   88781.745588] 0003 0035 0000019f
2022-03-10 15:54:18.904292 False [   88781.762388] 0003 0035 0000019f
2022-03-10 15:54:18.921196 False [   88781.778917] 0003 0035 0000019f
2022-03-10 15:54:19.364111 False [   88782.219655] 0003 0035 000001de
2022-03-10 15:54:19.380497 False [   88782.236910] 0003 0035 000001de
2022-03-10 15:54:19.399389 False [   88782.254059] 0003 0035 000001de
2022-03-10 15:54:19.413630 False [   88782.270699] 0003 0035 000001de
2022-03-10 15:54:19.430179 False [   88782.287328] 0003 0035 000001de
2022-03-10 15:54:19.446589 False [   88782.304359] 0003 0035 000001de
2022-03-10 15:54:21.683716 False [   88784.540615] 0003 0035 00000149
2022-03-10 15:54:21.700618 False [   88784.558052] 0003 0035 00000149
2022-03-10 15:54:21.721184 False [   88784.575544] 0003 0035 00000149
2022-03-10 15:54:21.734263 False [   88784.592087] 0003 0035 00000149
2022-03-10 15:54:21.752076 False [   88784.608283] 0003 0035 00000149
2022-03-10 15:54:21.767860 False [   88784.625125] 0003 0035 00000149
2022-03-10 15:54:22.259933 False [   88785.117494] 0003 0035 00000483
2022-03-10 15:54:22.276739 True [   88785.134265] 0003 0035 00000483
2022-03-10 15:54:22.292926 True [   88785.150885] 0003 0035 00000483
2022-03-10 15:54:22.309824 True [   88785.168060] 0003 0035 00000483
2022-03-10 15:54:22.330365 True [   88785.185838] 0003 0035 00000483
2022-03-10 15:54:22.344638 True [   88785.201453] 0003 0035 00000483
2022-03-10 15:54:22.362158 True [   88785.218132] 0003 0035 00000483
2022-03-10 15:54:22.379492 True [   88785.235088] 0003 0035 00000483
2022-03-10 15:54:22.394381 True [   88785.252997] 0003 0035 00000480
2022-03-10 15:54:22.412069 True [   88785.269918] 0003 0035 0000047e
2022-03-10 15:54:22.429271 True [   88785.286433] 0003 0035 0000047e
2022-03-10 15:54:22.445297 True [   88785.303056] 0003 0035 0000047b
2022-03-10 15:54:22.463905 True [   88785.320699] 0003 0035 00000479
2022-03-10 15:54:22.478693 True [   88785.337434] 0003 0035 00000477
2022-03-10 15:54:22.497111 True [   88785.354212] 0003 0035 00000475
2022-03-10 15:54:22.820273 True [   88785.677551] 0003 0035 0000041c
2022-03-10 15:54:22.837247 True [   88785.692710] 0003 0035 0000041c
2022-03-10 15:54:22.851911 True [   88785.709494] 0003 0035 0000041c
2022-03-10 15:54:22.871727 True [   88785.726309] 0003 0035 0000041c
2022-03-10 15:54:22.885901 True [   88785.743424] 0003 0035 0000041c
2022-03-10 15:54:22.903293 True [   88785.760372] 0003 0035 0000041c
2022-03-10 15:54:22.921230 True [   88785.777586] 0003 0035 0000041c
2022-03-10 15:54:22.936673 True [   88785.794024] 0003 0035 0000041c
2022-03-10 15:54:22.952908 True [   88785.810924] 0003 0035 0000041c
2022-03-10 15:54:22.970278 True [   88785.827809] 0003 0035 0000041c
2022-03-10 15:54:22.986439 True [   88785.844887] 0003 0035 0000041c
2022-03-10 15:54:23.005262 True [   88785.862515] 0003 0035 0000041c
2022-03-10 15:54:23.024262 True [   88785.879178] 0003 0035 0000041c
2022-03-10 15:54:23.037874 True [   88785.895612] 0003 0035 0000041c
2022-03-10 15:54:23.055463 True [   88785.912622] 0003 0035 0000041c
2022-03-10 15:54:23.070797 True [   88785.929518] 0003 0035 0000041c
2022-03-10 15:54:23.088806 True [   88785.946294] 0003 0035 0000041c
2022-03-10 15:54:25.631441 False [   88788.489580] 0003 0035 00000024
2022-03-10 15:54:25.647165 False [   88788.504966] 0003 0035 00000024
2022-03-10 15:54:25.663776 False [   88788.521833] 0003 0035 00000024
2022-03-10 15:54:25.680955 False [   88788.538371] 0003 0035 00000024
2022-03-10 15:54:25.699600 False [   88788.555392] 0003 0035 00000024
2022-03-10 15:54:25.716632 False [   88788.572367] 0003 0035 00000024
2022-03-10 15:54:25.734441 False [   88788.589180] 0003 0035 00000024
2022-03-10 15:54:28.073354 False [   88790.928484] 0003 0035 0000008c
2022-03-10 15:54:28.087611 False [   88790.944877] 0003 0035 0000008c
2022-03-10 15:54:28.104691 False [   88790.961673] 0003 0035 0000008c
2022-03-10 15:54:28.121620 False [   88790.978384] 0003 0035 0000008c
2022-03-10 15:54:28.137575 False [   88790.994983] 0003 0035 0000008c
2022-03-10 15:54:30.511958 False [   88793.367666] 0003 0035 000001bd
2022-03-10 15:54:30.528126 False [   88793.385341] 0003 0035 000001bd
2022-03-10 15:54:30.545590 False [   88793.401394] 0003 0035 000001bd
2022-03-10 15:54:30.562676 False [   88793.419029] 0003 0035 000001bd
2022-03-10 15:54:30.577772 False [   88793.435682] 0003 0035 000001bd
2022-03-10 15:54:30.595029 False [   88793.453178] 0003 0035 000001bd
2022-03-10 15:54:31.682336 False [   88794.535605] 0003 0035 000002d3
2022-03-10 15:54:31.695114 True [   88794.552571] 0003 0035 000002d3
2022-03-10 15:54:31.711718 True [   88794.569487] 0003 0035 000002d3
2022-03-10 15:54:31.730163 True [   88794.586424] 0003 0035 000002d3
2022-03-10 15:54:31.747829 True [   88794.603269] 0003 0035 000002d3
2022-03-10 15:54:32.118607 True [   88794.975987] 0003 0035 0000019c
2022-03-10 15:54:32.138542 True [   88794.993644] 0003 0035 0000019c
2022-03-10 15:54:32.153607 True [   88795.009963] 0003 0035 0000019c
2022-03-10 15:54:32.170005 True [   88795.026969] 0003 0035 0000019c
2022-03-10 15:54:32.187393 True [   88795.043804] 0003 0035 0000019c
2022-03-10 15:54:32.203205 True [   88795.060887] 0003 0035 0000019c
2022-03-10 15:54:32.219732 True [   88795.077737] 0003 0035 000001a3
2022-03-10 15:54:32.237759 True [   88795.095346] 0003 0035 000001b0
2022-03-10 15:54:32.254510 True [   88795.111668] 0003 0035 000001c2
2022-03-10 15:54:32.271226 True [   88795.128847] 0003 0035 000001d3
2022-03-10 15:54:32.291349 True [   88795.145470] 0003 0035 000001e1
2022-03-10 15:54:32.304062 True [   88795.162396] 0003 0035 000001ef
2022-03-10 15:54:32.321177 True [   88795.179571] 0003 0035 000001ff
2022-03-10 15:54:32.339778 True [   88795.196804] 0003 0035 00000210
2022-03-10 15:54:32.356179 True [   88795.213352] 0003 0035 0000021f
2022-03-10 15:54:32.373123 True [   88795.230261] 0003 0035 0000022c
2022-03-10 15:54:32.390529 True [   88795.247083] 0003 0035 00000236
2022-03-10 15:54:32.407676 True [   88795.264079] 0003 0035 0000023e
2022-03-10 15:54:32.424443 True [   88795.280985] 0003 0035 00000244
2022-03-10 15:54:32.441213 True [   88795.298666] 0003 0035 00000248
2022-03-10 15:54:32.458382 True [   88795.314650] 0003 0035 00000248
2022-03-10 15:54:37.849613 True [   88800.705072] 0003 0035 00000122
2022-03-10 15:54:37.864371 True [   88800.720162] 0003 0035 00000122
2022-03-10 15:54:37.880433 True [   88800.737082] 0003 0035 00000122
2022-03-10 15:54:37.899107 True [   88800.753889] 0003 0035 00000122
2022-03-10 15:54:37.915114 True [   88800.770875] 0003 0035 00000122
2022-03-10 15:54:37.933104 True [   88800.787866] 0003 0035 0000011e
2022-03-10 15:54:37.949274 True [   88800.804822] 0003 0035 0000011a
2022-03-10 15:54:37.964673 True [   88800.821621] 0003 0035 00000114
2022-03-10 15:54:37.983499 True [   88800.838659] 0003 0035 0000010d
2022-03-10 15:54:37.998186 True [   88800.855619] 0003 0035 00000105
2022-03-10 15:54:38.017048 True [   88800.872486] 0003 0035 000000fd
2022-03-10 15:54:38.033666 True [   88800.889672] 0003 0035 000000f6
2022-03-10 15:54:38.049655 True [   88800.906689] 0003 0035 000000ef
2022-03-10 15:54:38.066233 True [   88800.923249] 0003 0035 000000ea
2022-03-10 15:54:38.084588 True [   88800.940322] 0003 0035 000000e6
2022-03-10 15:54:38.101242 False [   88800.957254] 0003 0035 000000e2
2022-03-10 15:54:38.115885 False [   88800.974133] 0003 0035 000000e2
2022-03-10 15:54:38.133722 False [   88800.990858] 0003 0035 000000e2
2022-03-10 15:54:38.574983 True [   88801.431417] 0003 0035 0000012f
2022-03-10 15:54:38.591194 True [   88801.448453] 0003 0035 0000012f
2022-03-10 15:54:38.608488 True [   88801.465479] 0003 0035 0000012f
2022-03-10 15:54:38.627713 True [   88801.482808] 0003 0035 0000012f
2022-03-10 15:54:38.645941 True [   88801.499462] 0003 0035 0000012f
2022-03-10 15:54:38.659775 True [   88801.516201] 0003 0035 0000012b
2022-03-10 15:54:38.677877 True [   88801.533257] 0003 0035 00000125
2022-03-10 15:54:38.692981 True [   88801.550151] 0003 0035 0000011f
2022-03-10 15:54:38.711629 True [   88801.567080] 0003 0035 0000011a
2022-03-10 15:54:38.726959 True [   88801.584197] 0003 0035 00000115
2022-03-10 15:54:38.748093 True [   88801.601394] 0003 0035 00000111
2022-03-10 15:54:38.762605 True [   88801.617907] 0003 0035 0000010c
2022-03-10 15:54:38.779558 True [   88801.634791] 0003 0035 00000107
2022-03-10 15:54:38.795043 True [   88801.651807] 0003 0035 00000103
2022-03-10 15:54:38.812096 True [   88801.668863] 0003 0035 000000fe
2022-03-10 15:54:38.829523 True [   88801.686047] 0003 0035 000000fe
2022-03-10 15:54:38.849275 True [   88801.702881] 0003 0035 000000f9
2022-03-10 15:54:38.862903 True [   88801.719533] 0003 0035 000000f5
2022-03-10 15:54:38.878894 True [   88801.736537] 0003 0035 000000f5
2022-03-10 15:54:38.897133 True [   88801.753721] 0003 0035 000000f5
2022-03-10 15:54:38.912985 True [   88801.770393] 0003 0035 000000f1
2022-03-10 15:54:38.929621 True [   88801.787058] 0003 0035 000000f1
2022-03-10 15:54:40.391279 True [   88803.244865] 0003 0035 00000104
2022-03-10 15:54:40.406254 True [   88803.261971] 0003 0035 00000104
2022-03-10 15:54:40.421246 True [   88803.278127] 0003 0035 00000104
2022-03-10 15:54:40.439227 True [   88803.295423] 0003 0035 00000104
2022-03-10 15:54:40.457619 True [   88803.312063] 0003 0035 00000104
2022-03-10 15:54:40.472812 True [   88803.329016] 0003 0035 00000104
2022-03-10 15:54:40.489344 True [   88803.345864] 0003 0035 00000104
2022-03-10 15:54:40.508011 True [   88803.363603] 0003 0035 00000104
2022-03-10 15:54:40.524051 True [   88803.379800] 0003 0035 00000104
2022-03-10 15:54:40.541388 True [   88803.397169] 0003 0035 00000104
2022-03-10 15:54:40.557491 True [   88803.413569] 0003 0035 00000104
2022-03-10 15:54:40.572973 True [   88803.430538] 0003 0035 00000104
2022-03-10 15:54:40.592088 True [   88803.447613] 0003 0035 00000104
2022-03-10 15:54:40.608011 True [   88803.464529] 0003 0035 00000100
2022-03-10 15:54:40.625333 True [   88803.481455] 0003 0035 000000fc
2022-03-10 15:54:40.644639 True [   88803.499064] 0003 0035 000000f8
2022-03-10 15:54:40.662730 True [   88803.515349] 0003 0035 000000f4
2022-03-10 15:54:40.675123 True [   88803.532197] 0003 0035 000000f4
2022-03-10 15:54:40.691798 True [   88803.549130] 0003 0035 000000ef
2022-03-10 15:54:40.710514 True [   88803.566173] 0003 0035 000000ef
2022-03-10 15:54:40.727633 True [   88803.583047] 0003 0035 000000eb
2022-03-10 15:54:40.747188 True [   88803.600309] 0003 0035 000000eb
2022-03-10 15:54:40.761732 True [   88803.616862] 0003 0035 000000eb
2022-03-10 15:54:40.777781 True [   88803.633789] 0003 0035 000000eb
2022-03-10 15:54:40.793918 True [   88803.650461] 0003 0035 000000eb
2022-03-10 15:54:41.405699 True [   88804.260616] 0003 0035 0000012e
2022-03-10 15:54:41.420316 True [   88804.277747] 0003 0035 0000012e
2022-03-10 15:54:41.438946 True [   88804.294525] 0003 0035 0000012e
2022-03-10 15:54:41.455468 True [   88804.311720] 0003 0035 0000012e
2022-03-10 15:54:41.472083 True [   88804.328832] 0003 0035 0000012e
2022-03-10 15:54:41.489261 True [   88804.345439] 0003 0035 0000012e
2022-03-10 15:54:41.504546 True [   88804.362380] 0003 0035 0000012a
2022-03-10 15:54:41.523578 True [   88804.379419] 0003 0035 00000125
2022-03-10 15:54:41.538772 True [   88804.396549] 0003 0035 0000011f
2022-03-10 15:54:41.557225 True [   88804.413261] 0003 0035 00000118
2022-03-10 15:54:41.574092 True [   88804.430179] 0003 0035 00000110
2022-03-10 15:54:41.590363 True [   88804.447068] 0003 0035 00000109
2022-03-10 15:54:41.607412 True [   88804.463991] 0003 0035 00000101
2022-03-10 15:54:41.624429 True [   88804.481044] 0003 0035 000000fb
2022-03-10 15:54:41.641496 True [   88804.498129] 0003 0035 000000f5
2022-03-10 15:54:41.658596 True [   88804.514850] 0003 0035 000000f0
2022-03-10 15:54:41.674296 True [   88804.531903] 0003 0035 000000ea
2022-03-10 15:54:41.691793 False [   88804.549095] 0003 0035 000000e5
2022-03-10 15:54:41.709603 False [   88804.565675] 0003 0035 000000e1
2022-03-10 15:54:41.726247 False [   88804.582605] 0003 0035 000000e1
2022-03-10 15:54:42.015883 True [   88804.870542] 0003 0035 000000f6
2022-03-10 15:54:42.031381 True [   88804.887792] 0003 0035 000000f6
2022-03-10 15:54:42.048216 True [   88804.905465] 0003 0035 000000f6
2022-03-10 15:54:42.067006 True [   88804.921453] 0003 0035 000000f6
2022-03-10 15:54:42.082371 True [   88804.938414] 0003 0035 000000f6
2022-03-10 15:54:42.098076 True [   88804.955348] 0003 0035 000000f6
2022-03-10 15:54:42.114899 True [   88804.972329] 0003 0035 000000f6
2022-03-10 15:54:42.135461 True [   88804.989317] 0003 0035 000000f6
2022-03-10 15:54:42.150171 True [   88805.006635] 0003 0035 000000f6
2022-03-10 15:54:42.168962 True [   88805.023122] 0003 0035 000000f6
2022-03-10 15:54:42.183383 True [   88805.039994] 0003 0035 000000f6
2022-03-10 15:54:42.200348 True [   88805.056933] 0003 0035 000000f6
2022-03-10 15:54:42.216666 True [   88805.074020] 0003 0035 000000f6
2022-03-10 15:54:42.234697 True [   88805.090836] 0003 0035 000000f2
2022-03-10 15:54:42.251570 True [   88805.108091] 0003 0035 000000ee
2022-03-10 15:54:42.269062 True [   88805.125468] 0003 0035 000000ee
2022-03-10 15:54:42.285172 True [   88805.141636] 0003 0035 000000ea
2022-03-10 15:54:42.303278 True [   88805.158961] 0003 0035 000000ea
2022-03-10 15:54:42.320082 False [   88805.175912] 0003 0035 000000e5
2022-03-10 15:54:42.336703 False [   88805.192649] 0003 0035 000000e1
2022-03-10 15:54:42.354586 False [   88805.210089] 0003 0035 000000e1
2022-03-10 15:54:42.370943 False [   88805.226907] 0003 0035 000000dd
2022-03-10 15:54:42.386183 False [   88805.243523] 0003 0035 000000dd
2022-03-10 15:54:42.525113 True [   88805.378833] 0003 0035 0000010a
2022-03-10 15:54:42.539776 True [   88805.395803] 0003 0035 0000010a
2022-03-10 15:54:42.556265 True [   88805.412739] 0003 0035 0000010a
2022-03-10 15:54:42.573811 True [   88805.429716] 0003 0035 0000010a
2022-03-10 15:54:42.589404 True [   88805.446678] 0003 0035 0000010a
2022-03-10 15:54:42.608220 True [   88805.464198] 0003 0035 0000010a
2022-03-10 15:54:42.624009 True [   88805.480527] 0003 0035 00000106
2022-03-10 15:54:42.643107 True [   88805.497734] 0003 0035 00000101
2022-03-10 15:54:42.661599 True [   88805.514824] 0003 0035 000000fc
2022-03-10 15:54:42.675755 True [   88805.531291] 0003 0035 000000f7
2022-03-10 15:54:42.690731 True [   88805.548250] 0003 0035 000000f1
2022-03-10 15:54:42.711019 True [   88805.565172] 0003 0035 000000ea
2022-03-10 15:54:42.725155 False [   88805.582170] 0003 0035 000000e4
2022-03-10 15:54:42.741956 False [   88805.599351] 0003 0035 000000df
2022-03-10 15:54:42.759659 False [   88805.615861] 0003 0035 000000da
