Mode = area stim
    verts = 5 
    radius = 550 
    center = (600, 960) 
    first_angle = 0.5690930576673584 
    wm_size = [1200 1920] 
    stim_amp = 6 
    baseline_stim = 4
    current_stim_group = audio
    sense_zone = 0
    ===============================
2022-03-16 15:22:38.239818 False [   19135.319452] 0003 0036 0000007e
2022-03-16 15:22:38.257285 False [   19135.335040] 0003 0035 0000048a
2022-03-16 15:22:38.257285 False [   19135.335040] 0003 0036 0000007e
2022-03-16 15:22:38.274028 False [   19135.352084] 0003 0035 0000048a
2022-03-16 15:22:38.274028 False [   19135.352084] 0003 0036 0000007e
2022-03-16 15:22:38.291431 False [   19135.369153] 0003 0035 0000048a
2022-03-16 15:22:38.291431 False [   19135.369153] 0003 0036 0000007e
2022-03-16 15:22:38.306533 False [   19135.386896] 0003 0035 0000048a
2022-03-16 15:22:38.306533 False [   19135.386896] 0003 0036 0000007e
2022-03-16 15:22:38.321899 False [   19135.402495] 0003 0035 0000048a
2022-03-16 15:22:38.322891 False [   19135.402495] 0003 0036 0000007e
2022-03-16 15:22:38.338870 False [   19135.418960] 0003 0035 0000048a
2022-03-16 15:22:38.338870 False [   19135.418960] 0003 0036 0000007e
2022-03-16 15:22:38.360311 False [   19135.436435] 0003 0035 0000048a
2022-03-16 15:22:38.360311 False [   19135.436435] 0003 0036 0000007e
2022-03-16 15:22:38.373265 False [   19135.453206] 0003 0035 0000048a
2022-03-16 15:22:38.373265 False [   19135.453206] 0003 0036 0000007e
2022-03-16 15:22:39.072559 False [   19136.149558] 0003 0035 000002b8
2022-03-16 15:22:39.073570 True [   19136.149558] 0003 0036 000001bf
2022-03-16 15:22:39.085815 True [   19136.166124] 0003 0035 000002b8
2022-03-16 15:22:39.085815 True [   19136.166124] 0003 0036 000001bf
2022-03-16 15:22:39.108019 True [   19136.183033] 0003 0035 000002b8
2022-03-16 15:22:39.108019 True [   19136.183033] 0003 0036 000001bf
2022-03-16 15:22:39.122231 True [   19136.199479] 0003 0035 000002b8
2022-03-16 15:22:39.122231 True [   19136.199479] 0003 0036 000001bf
2022-03-16 15:22:39.138881 True [   19136.215469] 0003 0035 000002b8
2022-03-16 15:22:39.138881 True [   19136.215469] 0003 0036 000001bf
2022-03-16 15:22:39.152879 True [   19136.232297] 0003 0035 000002b8
2022-03-16 15:22:39.153873 True [   19136.232297] 0003 0036 000001bf
2022-03-16 15:22:39.170902 True [   19136.249013] 0003 0035 000002b8
2022-03-16 15:22:39.170902 True [   19136.249013] 0003 0036 000001bf
2022-03-16 15:22:39.185950 True [   19136.266319] 0003 0035 000002b8
2022-03-16 15:22:39.190894 True [   19136.266319] 0003 0036 000001bf
2022-03-16 15:22:39.205906 True [   19136.282878] 0003 0035 000002b8
2022-03-16 15:22:39.205906 True [   19136.282878] 0003 0036 000001bf
2022-03-16 15:22:40.039100 False [   19137.115210] 0003 0035 000004e8
2022-03-16 15:22:40.039100 False [   19137.115210] 0003 0036 000000ad
2022-03-16 15:22:40.051051 False [   19137.131345] 0003 0035 000004e8
2022-03-16 15:22:40.051051 False [   19137.131345] 0003 0036 000000ad
2022-03-16 15:22:40.071681 False [   19137.148093] 0003 0035 000004e8
2022-03-16 15:22:40.071681 False [   19137.148093] 0003 0036 000000ad
2022-03-16 15:22:40.087685 False [   19137.165210] 0003 0035 000004e8
2022-03-16 15:22:40.087685 False [   19137.165210] 0003 0036 000000ad
2022-03-16 15:22:40.102643 False [   19137.182691] 0003 0035 000004e8
2022-03-16 15:22:40.102643 False [   19137.182691] 0003 0036 000000ad
2022-03-16 15:22:40.122530 False [   19137.198857] 0003 0035 000004e8
2022-03-16 15:22:40.122530 False [   19137.198857] 0003 0036 000000ad
2022-03-16 15:22:40.594676 False [   19137.674323] 0003 0035 0000049a
2022-03-16 15:22:40.594676 False [   19137.674323] 0003 0036 000000b7
2022-03-16 15:22:40.608387 False [   19137.689885] 0003 0035 0000049a
2022-03-16 15:22:40.608387 False [   19137.689885] 0003 0036 000000b7
2022-03-16 15:22:40.629290 False [   19137.706380] 0003 0035 0000049a
2022-03-16 15:22:40.629290 False [   19137.706380] 0003 0036 000000b7
2022-03-16 15:22:40.644233 False [   19137.722753] 0003 0035 0000049a
2022-03-16 15:22:40.644233 False [   19137.722753] 0003 0036 000000b7
2022-03-16 15:22:40.662185 False [   19137.739808] 0003 0035 0000049a
2022-03-16 15:22:40.662185 False [   19137.739808] 0003 0036 000000b7
2022-03-16 15:22:40.676000 False [   19137.756974] 0003 0035 0000049a
2022-03-16 15:22:40.676000 False [   19137.756974] 0003 0036 000000b7
2022-03-16 15:22:40.696948 False [   19137.773518] 0003 0035 0000049a
2022-03-16 15:22:40.696948 False [   19137.773518] 0003 0036 000000b7
2022-03-16 15:22:40.712358 False [   19137.791119] 0003 0035 0000049a
2022-03-16 15:22:40.712358 False [   19137.791119] 0003 0036 000000b7
2022-03-16 15:22:41.564353 False [   19138.639643] 0003 0035 0000042e
2022-03-16 15:22:41.564353 False [   19138.639643] 0003 0036 0000006b
2022-03-16 15:22:41.577824 False [   19138.655487] 0003 0035 0000042e
2022-03-16 15:22:41.578822 False [   19138.655487] 0003 0036 0000006b
2022-03-16 15:22:41.596808 False [   19138.672302] 0003 0035 0000042e
2022-03-16 15:22:41.596808 False [   19138.672302] 0003 0036 0000006b
2022-03-16 15:22:41.610992 False [   19138.689458] 0003 0035 0000042e
2022-03-16 15:22:41.611990 False [   19138.689458] 0003 0036 0000006b
2022-03-16 15:22:41.625273 False [   19138.705949] 0003 0035 0000042e
2022-03-16 15:22:41.626271 False [   19138.705949] 0003 0036 0000006b
2022-03-16 15:22:41.641796 False [   19138.722341] 0003 0035 0000042e
2022-03-16 15:22:41.641796 False [   19138.722341] 0003 0036 0000006b
2022-03-16 15:22:41.660033 False [   19138.739253] 0003 0035 0000042e
2022-03-16 15:22:41.660033 False [   19138.739253] 0003 0036 0000006b
2022-03-16 15:22:41.678835 False [   19138.756369] 0003 0035 0000042e
2022-03-16 15:22:41.678835 False [   19138.756369] 0003 0036 0000006b
2022-03-16 15:22:42.085398 False [   19139.164061] 0003 0035 000004e7
2022-03-16 15:22:42.085398 False [   19139.164061] 0003 0036 00000076
2022-03-16 15:22:42.103574 False [   19139.180588] 0003 0035 000004e7
2022-03-16 15:22:42.103574 False [   19139.180588] 0003 0036 00000076
2022-03-16 15:22:42.121627 False [   19139.197759] 0003 0035 000004e7
2022-03-16 15:22:42.121627 False [   19139.197759] 0003 0036 00000076
2022-03-16 15:22:42.134668 False [   19139.214659] 0003 0035 000004e7
2022-03-16 15:22:42.134668 False [   19139.214659] 0003 0036 00000076
2022-03-16 15:22:42.151600 False [   19139.231176] 0003 0035 000004e7
2022-03-16 15:22:42.151600 False [   19139.231176] 0003 0036 00000076
2022-03-16 15:22:42.167556 False [   19139.247419] 0003 0035 000004e7
2022-03-16 15:22:42.167556 False [   19139.247419] 0003 0036 00000076
2022-03-16 15:22:42.476536 False [   19139.553786] 0003 0035 000004e7
2022-03-16 15:22:42.476536 False [   19139.553786] 0003 0036 00000060
2022-03-16 15:22:42.490951 False [   19139.570775] 0003 0035 000004e7
2022-03-16 15:22:42.490951 False [   19139.570775] 0003 0036 00000060
2022-03-16 15:22:42.513679 False [   19139.587465] 0003 0035 000004e7
2022-03-16 15:22:42.513679 False [   19139.587465] 0003 0036 00000060
2022-03-16 15:22:42.524717 False [   19139.603780] 0003 0035 000004e7
2022-03-16 15:22:42.524717 False [   19139.603780] 0003 0036 00000060
2022-03-16 15:22:42.540614 False [   19139.620882] 0003 0035 000004e7
2022-03-16 15:22:42.540614 False [   19139.620882] 0003 0036 00000060
2022-03-16 15:22:42.556613 False [   19139.637253] 0003 0035 000004e7
2022-03-16 15:22:42.556613 False [   19139.637253] 0003 0036 00000060
2022-03-16 15:22:42.576218 False [   19139.653659] 0003 0035 000004e7
2022-03-16 15:22:42.576218 False [   19139.653659] 0003 0036 00000060
2022-03-16 15:22:42.953455 False [   19140.028690] 0003 0035 000004f4
2022-03-16 15:22:42.954452 False [   19140.028690] 0003 0036 00000065
2022-03-16 15:22:42.969343 False [   19140.045089] 0003 0035 000004f4
2022-03-16 15:22:42.969343 False [   19140.045089] 0003 0036 00000065
2022-03-16 15:22:42.986284 False [   19140.062136] 0003 0035 000004f4
2022-03-16 15:22:42.986284 False [   19140.062136] 0003 0036 00000065
2022-03-16 15:22:42.998865 False [   19140.078536] 0003 0035 000004f4
2022-03-16 15:22:42.998865 False [   19140.078536] 0003 0036 00000065
2022-03-16 15:22:43.015742 False [   19140.095948] 0003 0035 000004f4
2022-03-16 15:22:43.015742 False [   19140.095948] 0003 0036 00000065
2022-03-16 15:22:43.035001 False [   19140.112350] 0003 0035 000004f4
2022-03-16 15:22:43.035001 False [   19140.112350] 0003 0036 00000065
2022-03-16 15:22:43.049094 False [   19140.128685] 0003 0035 000004f4
2022-03-16 15:22:43.049094 False [   19140.128685] 0003 0036 00000065
2022-03-16 15:22:43.612485 False [   19140.689450] 0003 0035 00000494
2022-03-16 15:22:43.612485 False [   19140.689450] 0003 0036 000002ad
2022-03-16 15:22:43.625037 False [   19140.705316] 0003 0035 00000494
2022-03-16 15:22:43.625037 False [   19140.705316] 0003 0036 000002ad
2022-03-16 15:22:43.642333 False [   19140.722503] 0003 0035 00000494
2022-03-16 15:22:43.642333 False [   19140.722503] 0003 0036 000002ad
2022-03-16 15:22:43.662508 False [   19140.738532] 0003 0035 00000494
2022-03-16 15:22:43.662508 False [   19140.738532] 0003 0036 000002ad
2022-03-16 15:22:43.676041 False [   19140.755359] 0003 0035 00000494
2022-03-16 15:22:43.676041 False [   19140.755359] 0003 0036 000002ad
2022-03-16 15:22:43.691977 False [   19140.771836] 0003 0035 00000494
2022-03-16 15:22:43.691977 False [   19140.771836] 0003 0036 000002ad
2022-03-16 15:22:44.035311 False [   19141.112815] 0003 0035 0000049a
2022-03-16 15:22:44.035311 False [   19141.112815] 0003 0036 0000024a
2022-03-16 15:22:44.051565 False [   19141.128812] 0003 0035 0000049a
2022-03-16 15:22:44.051565 False [   19141.128812] 0003 0036 0000024a
2022-03-16 15:22:44.068507 False [   19141.144703] 0003 0035 0000049a
2022-03-16 15:22:44.068507 False [   19141.144703] 0003 0036 0000024a
2022-03-16 15:22:44.081472 False [   19141.162308] 0003 0035 0000049a
2022-03-16 15:22:44.085461 False [   19141.162308] 0003 0036 0000024a
2022-03-16 15:22:44.098477 False [   19141.178349] 0003 0035 0000049a
2022-03-16 15:22:44.098764 False [   19141.178349] 0003 0036 0000024a
2022-03-16 15:22:44.608736 False [   19141.688771] 0003 0035 0000041a
2022-03-16 15:22:44.609741 False [   19141.688771] 0003 0036 00000293
2022-03-16 15:22:44.626898 False [   19141.705478] 0003 0035 0000041a
2022-03-16 15:22:44.626898 False [   19141.705478] 0003 0036 00000293
2022-03-16 15:22:44.641926 False [   19141.721790] 0003 0035 0000041a
2022-03-16 15:22:44.641926 False [   19141.721790] 0003 0036 00000293
2022-03-16 15:22:44.658472 False [   19141.738354] 0003 0035 0000041a
2022-03-16 15:22:44.658472 False [   19141.738354] 0003 0036 00000293
2022-03-16 15:22:44.677445 False [   19141.754290] 0003 0035 0000041a
2022-03-16 15:22:44.677445 False [   19141.754290] 0003 0036 00000293
2022-03-16 15:22:44.694304 False [   19141.772120] 0003 0035 0000041a
2022-03-16 15:22:44.694304 False [   19141.772120] 0003 0036 00000293
2022-03-16 15:22:45.000758 False [   19142.077726] 0003 0035 00000497
2022-03-16 15:22:45.000758 False [   19142.077726] 0003 0036 00000206
2022-03-16 15:22:45.014243 False [   19142.094015] 0003 0035 00000497
2022-03-16 15:22:45.014243 False [   19142.094015] 0003 0036 00000206
2022-03-16 15:22:45.030209 False [   19142.110703] 0003 0035 00000497
2022-03-16 15:22:45.030209 False [   19142.110703] 0003 0036 00000206
2022-03-16 15:22:45.047492 False [   19142.127617] 0003 0035 00000497
2022-03-16 15:22:45.047492 False [   19142.127617] 0003 0036 00000206
2022-03-16 15:22:45.067562 False [   19142.144774] 0003 0035 00000497
2022-03-16 15:22:45.067562 False [   19142.144774] 0003 0036 00000206
2022-03-16 15:22:45.080954 False [   19142.160839] 0003 0035 00000497
2022-03-16 15:22:45.080954 False [   19142.160839] 0003 0036 00000206
2022-03-16 15:22:45.626097 False [   19142.705119] 0003 0035 000004cc
2022-03-16 15:22:45.626097 False [   19142.705119] 0003 0036 00000190
2022-03-16 15:22:45.639819 False [   19142.719988] 0003 0035 000004cc
2022-03-16 15:22:45.639819 False [   19142.719988] 0003 0036 00000190
2022-03-16 15:22:45.656472 False [   19142.737191] 0003 0035 000004cc
2022-03-16 15:22:45.657470 False [   19142.737191] 0003 0036 00000190
2022-03-16 15:22:45.677783 False [   19142.756234] 0003 0035 000004cc
2022-03-16 15:22:45.677783 False [   19142.756234] 0003 0036 00000190
2022-03-16 15:22:45.695242 False [   19142.771012] 0003 0035 000004cc
2022-03-16 15:22:45.695242 False [   19142.771012] 0003 0036 00000190
2022-03-16 15:22:45.710513 False [   19142.787899] 0003 0035 000004cc
2022-03-16 15:22:45.710513 False [   19142.787899] 0003 0036 00000190
2022-03-16 15:22:46.053112 True [   19143.128521] 0003 0035 000003bb
2022-03-16 15:22:46.053112 True [   19143.128521] 0003 0036 00000116
2022-03-16 15:22:46.063842 True [   19143.143955] 0003 0035 000003bb
2022-03-16 15:22:46.063842 True [   19143.143955] 0003 0036 00000116
2022-03-16 15:22:46.086341 True [   19143.160919] 0003 0035 000003bb
2022-03-16 15:22:46.086341 True [   19143.160919] 0003 0036 00000116
2022-03-16 15:22:46.101516 True [   19143.178045] 0003 0035 000003bb
2022-03-16 15:22:46.101516 True [   19143.178045] 0003 0036 00000116
2022-03-16 15:22:46.115928 True [   19143.193998] 0003 0035 000003bb
2022-03-16 15:22:46.115928 True [   19143.193998] 0003 0036 00000116
2022-03-16 15:22:46.132503 True [   19143.211653] 0003 0035 000003bb
2022-03-16 15:22:46.132503 True [   19143.211653] 0003 0036 00000116
2022-03-16 15:22:46.147151 True [   19143.228496] 0003 0035 000003bb
2022-03-16 15:22:46.148183 True [   19143.228496] 0003 0036 00000116
2022-03-16 15:22:46.965816 False [   19144.043269] 0003 0035 0000047c
2022-03-16 15:22:46.965816 False [   19144.043269] 0003 0036 0000013d
2022-03-16 15:22:46.982783 False [   19144.058908] 0003 0035 0000047c
2022-03-16 15:22:46.982783 False [   19144.058908] 0003 0036 0000013d
2022-03-16 15:22:46.995400 False [   19144.075714] 0003 0035 0000047c
2022-03-16 15:22:46.995400 False [   19144.075714] 0003 0036 0000013d
2022-03-16 15:22:47.013815 False [   19144.093892] 0003 0035 0000047c
2022-03-16 15:22:47.013815 False [   19144.093892] 0003 0036 0000013d
2022-03-16 15:22:47.030455 False [   19144.110704] 0003 0035 0000047c
2022-03-16 15:22:47.030455 False [   19144.110704] 0003 0036 0000013d
2022-03-16 15:22:47.050338 False [   19144.126301] 0003 0035 0000047c
2022-03-16 15:22:47.050338 False [   19144.126301] 0003 0036 0000013d
2022-03-16 15:22:47.067816 False [   19144.143283] 0003 0035 0000047c
2022-03-16 15:22:47.067816 False [   19144.143283] 0003 0036 0000013d
2022-03-16 15:22:49.741831 False [   19146.821446] 0003 0035 0000007e
2022-03-16 15:22:49.742792 False [   19146.821446] 0003 0036 0000008d
2022-03-16 15:22:49.761956 False [   19146.837515] 0003 0035 0000007e
2022-03-16 15:22:49.762952 False [   19146.837515] 0003 0036 0000008d
2022-03-16 15:22:49.773600 False [   19146.853260] 0003 0035 0000007e
2022-03-16 15:22:49.773600 False [   19146.853260] 0003 0036 0000008d
2022-03-16 15:22:49.792611 False [   19146.870832] 0003 0035 0000007e
2022-03-16 15:22:49.792611 False [   19146.870832] 0003 0036 0000008d
2022-03-16 15:22:49.807697 False [   19146.888233] 0003 0035 0000007e
2022-03-16 15:22:49.807697 False [   19146.888233] 0003 0036 0000008d
2022-03-16 15:22:49.828243 False [   19146.904805] 0003 0035 0000007e
2022-03-16 15:22:49.828243 False [   19146.904805] 0003 0036 0000008d
2022-03-16 15:22:49.841055 False [   19146.921688] 0003 0035 0000007e
2022-03-16 15:22:49.841055 False [   19146.921688] 0003 0036 0000008d
2022-03-16 15:22:49.860756 False [   19146.938156] 0003 0035 0000007e
2022-03-16 15:22:49.860756 False [   19146.938156] 0003 0036 0000008d
2022-03-16 15:22:49.875019 False [   19146.954871] 0003 0035 00000082
2022-03-16 15:22:49.875019 False [   19146.954871] 0003 0036 0000008d
2022-03-16 15:22:49.890978 False [   19146.971788] 0003 0035 00000088
2022-03-16 15:22:49.890978 False [   19146.971788] 0003 0036 0000008d
2022-03-16 15:22:49.909816 False [   19146.989731] 0003 0035 0000008f
2022-03-16 15:22:49.909816 False [   19146.989731] 0003 0036 0000008d
2022-03-16 15:22:49.926711 False [   19147.006278] 0003 0035 00000097
2022-03-16 15:22:49.926711 False [   19147.006278] 0003 0036 0000008d
2022-03-16 15:22:49.944520 False [   19147.023351] 0003 0035 000000a0
2022-03-16 15:22:49.944520 False [   19147.023351] 0003 0036 0000008b
2022-03-16 15:22:49.960930 False [   19147.039579] 0003 0035 000000aa
2022-03-16 15:22:49.960930 False [   19147.039579] 0003 0036 0000008b
2022-03-16 15:22:49.976158 False [   19147.056953] 0003 0035 000000b3
2022-03-16 15:22:49.977170 False [   19147.056953] 0003 0036 0000008b
2022-03-16 15:22:49.994106 False [   19147.073415] 0003 0035 000000ba
2022-03-16 15:22:49.994106 False [   19147.073415] 0003 0036 0000008b
2022-03-16 15:22:50.010156 False [   19147.090373] 0003 0035 000000c0
2022-03-16 15:22:50.010156 False [   19147.090373] 0003 0036 0000008b
2022-03-16 15:22:50.027329 False [   19147.107590] 0003 0035 000000c0
2022-03-16 15:22:50.027329 False [   19147.107590] 0003 0036 0000008b
2022-03-16 15:22:50.047214 False [   19147.124279] 0003 0035 000000c0
2022-03-16 15:22:50.047214 False [   19147.124279] 0003 0036 0000008b
2022-03-16 15:22:50.061808 False [   19147.141468] 0003 0035 000000c0
2022-03-16 15:22:50.061808 False [   19147.141468] 0003 0036 0000008b
2022-03-16 15:22:50.081799 False [   19147.158624] 0003 0035 000000c0
2022-03-16 15:22:50.081799 False [   19147.158624] 0003 0036 0000008b
2022-03-16 15:22:50.094182 False [   19147.175056] 0003 0035 000000c3
2022-03-16 15:22:50.094182 False [   19147.175056] 0003 0036 00000090
2022-03-16 15:22:50.117040 False [   19147.191960] 0003 0035 000000c5
2022-03-16 15:22:50.118036 False [   19147.191960] 0003 0036 00000094
2022-03-16 15:22:50.128889 False [   19147.209487] 0003 0035 000000c5
2022-03-16 15:22:50.134884 False [   19147.209487] 0003 0036 00000098
2022-03-16 15:22:50.151322 False [   19147.227372] 0003 0035 000000c5
2022-03-16 15:22:50.151322 False [   19147.227372] 0003 0036 00000098
2022-03-16 15:22:50.164266 False [   19147.242834] 0003 0035 000000c7
2022-03-16 15:22:50.164266 False [   19147.242834] 0003 0036 0000009d
2022-03-16 15:22:50.179226 False [   19147.259787] 0003 0035 000000ca
2022-03-16 15:22:50.179226 False [   19147.259787] 0003 0036 000000a1
2022-03-16 15:22:50.198257 False [   19147.276731] 0003 0035 000000cd
2022-03-16 15:22:50.198257 False [   19147.276731] 0003 0036 000000a5
2022-03-16 15:22:50.215209 False [   19147.293704] 0003 0035 000000d0
2022-03-16 15:22:50.215209 False [   19147.293704] 0003 0036 000000a9
2022-03-16 15:22:50.232038 False [   19147.310816] 0003 0035 000000d5
2022-03-16 15:22:50.232038 False [   19147.310816] 0003 0036 000000ad
2022-03-16 15:22:50.247893 False [   19147.327971] 0003 0035 000000da
2022-03-16 15:22:50.247893 False [   19147.327971] 0003 0036 000000b0
2022-03-16 15:22:50.264211 False [   19147.344564] 0003 0035 000000e3
2022-03-16 15:22:50.264211 False [   19147.344564] 0003 0036 000000b3
2022-03-16 15:22:50.286408 False [   19147.361454] 0003 0035 000000f1
2022-03-16 15:22:50.286408 False [   19147.361454] 0003 0036 000000b5
2022-03-16 15:22:50.302144 False [   19147.378624] 0003 0035 00000103
2022-03-16 15:22:50.302144 False [   19147.378624] 0003 0036 000000b5
2022-03-16 15:22:50.318807 False [   19147.395586] 0003 0035 00000115
2022-03-16 15:22:50.318807 False [   19147.395586] 0003 0036 000000b5
2022-03-16 15:22:50.332294 False [   19147.412476] 0003 0035 0000012b
2022-03-16 15:22:50.333261 False [   19147.412476] 0003 0036 000000b5
2022-03-16 15:22:50.351194 False [   19147.429958] 0003 0035 00000147
2022-03-16 15:22:50.351194 False [   19147.429958] 0003 0036 000000b5
2022-03-16 15:22:50.366741 False [   19147.446892] 0003 0035 00000164
2022-03-16 15:22:50.366741 False [   19147.446892] 0003 0036 000000b2
2022-03-16 15:22:50.384708 False [   19147.463102] 0003 0035 00000180
2022-03-16 15:22:50.385690 False [   19147.463102] 0003 0036 000000b0
2022-03-16 15:22:50.400327 False [   19147.480151] 0003 0035 0000019a
2022-03-16 15:22:50.400327 False [   19147.480151] 0003 0036 000000ad
2022-03-16 15:22:50.422912 False [   19147.498264] 0003 0035 000001b2
2022-03-16 15:22:50.422912 False [   19147.498264] 0003 0036 000000ab
2022-03-16 15:22:50.434837 False [   19147.514301] 0003 0035 000001c9
2022-03-16 15:22:50.434837 False [   19147.514301] 0003 0036 000000a8
2022-03-16 15:22:50.455436 False [   19147.531612] 0003 0035 000001e1
2022-03-16 15:22:50.455436 False [   19147.531612] 0003 0036 000000a5
2022-03-16 15:22:50.472364 False [   19147.547889] 0003 0035 000001fe
2022-03-16 15:22:50.472364 False [   19147.547889] 0003 0036 000000a2
2022-03-16 15:22:50.488240 False [   19147.565536] 0003 0035 0000021b
2022-03-16 15:22:50.488240 False [   19147.565536] 0003 0036 0000009e
2022-03-16 15:22:50.501757 False [   19147.582123] 0003 0035 00000237
2022-03-16 15:22:50.502743 False [   19147.582123] 0003 0036 0000009a
2022-03-16 15:22:50.519216 False [   19147.599102] 0003 0035 00000253
2022-03-16 15:22:50.520214 False [   19147.599102] 0003 0036 00000097
2022-03-16 15:22:50.540206 False [   19147.616394] 0003 0035 0000026d
2022-03-16 15:22:50.540206 False [   19147.616394] 0003 0036 00000094
2022-03-16 15:22:50.557314 False [   19147.633081] 0003 0035 00000285
2022-03-16 15:22:50.557314 False [   19147.633081] 0003 0036 00000091
2022-03-16 15:22:50.573337 False [   19147.649640] 0003 0035 0000029d
2022-03-16 15:22:50.574335 False [   19147.649640] 0003 0036 0000008e
2022-03-16 15:22:50.590868 False [   19147.666770] 0003 0035 000002b7
2022-03-16 15:22:50.591853 False [   19147.666770] 0003 0036 0000008c
2022-03-16 15:22:50.607215 False [   19147.683510] 0003 0035 000002d1
2022-03-16 15:22:50.608215 False [   19147.683510] 0003 0036 0000008a
2022-03-16 15:22:50.620393 False [   19147.700969] 0003 0035 000002ec
2022-03-16 15:22:50.621399 False [   19147.700969] 0003 0036 0000008a
2022-03-16 15:22:50.639731 False [   19147.717974] 0003 0035 0000030a
2022-03-16 15:22:50.639731 False [   19147.717974] 0003 0036 00000088
2022-03-16 15:22:50.654383 False [   19147.734158] 0003 0035 00000327
2022-03-16 15:22:50.654383 False [   19147.734158] 0003 0036 00000088
2022-03-16 15:22:50.676404 False [   19147.752078] 0003 0035 00000344
2022-03-16 15:22:50.676404 False [   19147.752078] 0003 0036 00000086
2022-03-16 15:22:50.689106 False [   19147.768349] 0003 0035 00000363
2022-03-16 15:22:50.689106 False [   19147.768349] 0003 0036 00000084
2022-03-16 15:22:50.708144 False [   19147.785653] 0003 0035 00000380
2022-03-16 15:22:50.708144 False [   19147.785653] 0003 0036 00000082
2022-03-16 15:22:50.723876 False [   19147.802303] 0003 0035 0000039b
2022-03-16 15:22:50.723876 False [   19147.802303] 0003 0036 00000080
2022-03-16 15:22:50.741973 False [   19147.819565] 0003 0035 000003b3
2022-03-16 15:22:50.741973 False [   19147.819565] 0003 0036 0000007e
2022-03-16 15:22:50.756562 False [   19147.836498] 0003 0035 000003c9
2022-03-16 15:22:50.756562 False [   19147.836498] 0003 0036 0000007e
2022-03-16 15:22:50.773517 False [   19147.853318] 0003 0035 000003dd
2022-03-16 15:22:50.773517 False [   19147.853318] 0003 0036 0000007c
2022-03-16 15:22:50.793599 False [   19147.870554] 0003 0035 000003ef
2022-03-16 15:22:50.793599 False [   19147.870554] 0003 0036 0000007c
2022-03-16 15:22:50.811915 False [   19147.887348] 0003 0035 000003fe
2022-03-16 15:22:50.811915 False [   19147.887348] 0003 0036 0000007c
2022-03-16 15:22:50.828513 False [   19147.903975] 0003 0035 0000040b
2022-03-16 15:22:50.828513 False [   19147.903975] 0003 0036 0000007c
2022-03-16 15:22:50.841157 False [   19147.920514] 0003 0035 00000414
2022-03-16 15:22:50.841157 False [   19147.920514] 0003 0036 0000007c
2022-03-16 15:22:50.858676 False [   19147.937501] 0003 0035 0000041b
2022-03-16 15:22:50.858676 False [   19147.937501] 0003 0036 0000007c
2022-03-16 15:22:50.880349 False [   19147.955177] 0003 0035 0000041f
2022-03-16 15:22:50.880349 False [   19147.955177] 0003 0036 0000007c
2022-03-16 15:22:50.893963 False [   19147.971313] 0003 0035 00000423
2022-03-16 15:22:50.893963 False [   19147.971313] 0003 0036 0000007f
2022-03-16 15:22:50.910962 False [   19147.988931] 0003 0035 00000426
2022-03-16 15:22:50.910962 False [   19147.988931] 0003 0036 00000083
2022-03-16 15:22:50.930303 False [   19148.005581] 0003 0035 00000428
2022-03-16 15:22:50.930303 False [   19148.005581] 0003 0036 00000089
2022-03-16 15:22:50.942144 False [   19148.022180] 0003 0035 00000428
2022-03-16 15:22:50.942144 False [   19148.022180] 0003 0036 00000090
2022-03-16 15:22:50.959060 False [   19148.039210] 0003 0035 00000428
2022-03-16 15:22:50.959060 False [   19148.039210] 0003 0036 00000098
2022-03-16 15:22:50.977943 False [   19148.057117] 0003 0035 00000428
2022-03-16 15:22:50.977943 False [   19148.057117] 0003 0036 000000a1
2022-03-16 15:22:50.996292 False [   19148.073057] 0003 0035 00000428
2022-03-16 15:22:50.997293 False [   19148.073057] 0003 0036 000000aa
2022-03-16 15:22:51.012207 False [   19148.090052] 0003 0035 00000428
2022-03-16 15:22:51.012207 False [   19148.090052] 0003 0036 000000b3
2022-03-16 15:22:51.027850 False [   19148.107409] 0003 0035 00000428
2022-03-16 15:22:51.027850 False [   19148.107409] 0003 0036 000000bb
2022-03-16 15:22:51.044223 False [   19148.124077] 0003 0035 00000428
2022-03-16 15:22:51.044223 False [   19148.124077] 0003 0036 000000c1
2022-03-16 15:22:51.060051 False [   19148.140832] 0003 0035 00000428
2022-03-16 15:22:51.060051 False [   19148.140832] 0003 0036 000000c6
2022-03-16 15:22:51.081182 False [   19148.158333] 0003 0035 00000428
2022-03-16 15:22:51.081182 False [   19148.158333] 0003 0036 000000cb
2022-03-16 15:22:51.094896 False [   19148.174901] 0003 0035 00000428
2022-03-16 15:22:51.094896 False [   19148.174901] 0003 0036 000000cb
2022-03-16 15:22:51.113254 False [   19148.192433] 0003 0035 0000042b
2022-03-16 15:22:51.114252 False [   19148.192433] 0003 0036 000000cf
2022-03-16 15:22:51.133526 False [   19148.209021] 0003 0035 0000042b
2022-03-16 15:22:51.133526 False [   19148.209021] 0003 0036 000000cf
2022-03-16 15:22:51.145333 False [   19148.225518] 0003 0035 0000042f
2022-03-16 15:22:51.146319 False [   19148.225518] 0003 0036 000000d2
2022-03-16 15:22:51.166099 False [   19148.242398] 0003 0035 0000042f
2022-03-16 15:22:51.166099 False [   19148.242398] 0003 0036 000000d2
2022-03-16 15:22:51.179983 False [   19148.259410] 0003 0035 0000042f
2022-03-16 15:22:51.179983 False [   19148.259410] 0003 0036 000000d2
2022-03-16 15:22:51.197578 False [   19148.276372] 0003 0035 0000042f
2022-03-16 15:22:51.197578 False [   19148.276372] 0003 0036 000000d2
2022-03-16 15:22:51.215535 False [   19148.293283] 0003 0035 00000434
2022-03-16 15:22:51.215535 False [   19148.293283] 0003 0036 000000d4
2022-03-16 15:22:51.234969 False [   19148.310868] 0003 0035 00000439
2022-03-16 15:22:51.234969 False [   19148.310868] 0003 0036 000000d4
2022-03-16 15:22:51.249446 False [   19148.327510] 0003 0035 0000043d
2022-03-16 15:22:51.249446 False [   19148.327510] 0003 0036 000000d4
2022-03-16 15:22:51.265313 False [   19148.344080] 0003 0035 00000442
2022-03-16 15:22:51.265313 False [   19148.344080] 0003 0036 000000d4
2022-03-16 15:22:51.286264 False [   19148.362057] 0003 0035 00000446
2022-03-16 15:22:51.286264 False [   19148.362057] 0003 0036 000000d4
2022-03-16 15:22:51.300048 False [   19148.378309] 0003 0035 00000446
2022-03-16 15:22:51.301045 False [   19148.378309] 0003 0036 000000d4
2022-03-16 15:22:51.314942 False [   19148.395101] 0003 0035 0000044a
2022-03-16 15:22:51.314942 False [   19148.395101] 0003 0036 000000d6
2022-03-16 15:22:51.335706 False [   19148.412335] 0003 0035 0000044e
2022-03-16 15:22:51.335706 False [   19148.412335] 0003 0036 000000d8
2022-03-16 15:22:51.351975 False [   19148.428817] 0003 0035 00000453
2022-03-16 15:22:51.351975 False [   19148.428817] 0003 0036 000000db
2022-03-16 15:22:51.369137 False [   19148.445761] 0003 0035 00000459
2022-03-16 15:22:51.369137 False [   19148.445761] 0003 0036 000000de
2022-03-16 15:22:51.385880 False [   19148.462671] 0003 0035 0000045f
2022-03-16 15:22:51.385880 False [   19148.462671] 0003 0036 000000e1
2022-03-16 15:22:51.400443 False [   19148.480096] 0003 0035 00000464
2022-03-16 15:22:51.400443 False [   19148.480096] 0003 0036 000000e3
2022-03-16 15:22:51.419015 False [   19148.496601] 0003 0035 00000469
2022-03-16 15:22:51.419015 False [   19148.496601] 0003 0036 000000e5
2022-03-16 15:22:51.439616 False [   19148.514072] 0003 0035 0000046e
2022-03-16 15:22:51.439616 False [   19148.514072] 0003 0036 000000e5
2022-03-16 15:22:51.453608 False [   19148.530736] 0003 0035 0000046e
2022-03-16 15:22:51.453608 False [   19148.530736] 0003 0036 000000e5
2022-03-16 15:22:51.467762 False [   19148.548304] 0003 0035 00000472
2022-03-16 15:22:51.467762 False [   19148.548304] 0003 0036 000000e5
2022-03-16 15:22:51.486715 False [   19148.565088] 0003 0035 00000472
2022-03-16 15:22:51.486715 False [   19148.565088] 0003 0036 000000e5
2022-03-16 15:22:51.507661 False [   19148.582043] 0003 0035 00000472
2022-03-16 15:22:51.507661 False [   19148.582043] 0003 0036 000000e5
2022-03-16 15:22:51.524243 False [   19148.598220] 0003 0035 00000474
2022-03-16 15:22:51.524243 False [   19148.598220] 0003 0036 000000df
2022-03-16 15:22:51.541586 False [   19148.615373] 0003 0035 00000474
2022-03-16 15:22:51.542574 False [   19148.615373] 0003 0036 000000d9
2022-03-16 15:22:51.557554 False [   19148.632611] 0003 0035 00000476
2022-03-16 15:22:51.557554 False [   19148.632611] 0003 0036 000000d4
2022-03-16 15:22:51.570427 False [   19148.649171] 0003 0035 00000478
2022-03-16 15:22:51.570427 False [   19148.649171] 0003 0036 000000cf
2022-03-16 15:22:51.586082 False [   19148.666266] 0003 0035 0000047a
2022-03-16 15:22:51.586082 False [   19148.666266] 0003 0036 000000cb
2022-03-16 15:22:51.606395 False [   19148.683929] 0003 0035 0000047a
2022-03-16 15:22:51.606395 False [   19148.683929] 0003 0036 000000c7
2022-03-16 15:22:51.620274 False [   19148.699895] 0003 0035 0000047a
2022-03-16 15:22:51.620274 False [   19148.699895] 0003 0036 000000c7
2022-03-16 15:22:51.638852 False [   19148.717513] 0003 0035 0000047a
2022-03-16 15:22:51.638852 False [   19148.717513] 0003 0036 000000c0
2022-03-16 15:22:51.656018 False [   19148.733651] 0003 0035 0000047a
2022-03-16 15:22:51.656018 False [   19148.733651] 0003 0036 000000b5
2022-03-16 15:22:51.671118 False [   19148.750695] 0003 0035 0000047a
2022-03-16 15:22:51.671118 False [   19148.750695] 0003 0036 000000a8
2022-03-16 15:22:51.687861 False [   19148.767501] 0003 0035 0000047a
2022-03-16 15:22:51.687861 False [   19148.767501] 0003 0036 0000009e
2022-03-16 15:22:51.708256 False [   19148.784515] 0003 0035 0000047a
2022-03-16 15:22:51.708256 False [   19148.784515] 0003 0036 00000096
2022-03-16 15:22:51.743168 False [   19148.818846] 0003 0035 0000047a
2022-03-16 15:22:51.743168 False [   19148.818846] 0003 0036 00000092
2022-03-16 15:22:51.755449 False [   19148.835319] 0003 0035 0000047a
2022-03-16 15:22:51.755449 False [   19148.835319] 0003 0036 00000092
2022-03-16 15:22:51.773012 False [   19148.852884] 0003 0035 0000047a
2022-03-16 15:22:51.773012 False [   19148.852884] 0003 0036 00000092
2022-03-16 15:22:51.791150 False [   19148.869162] 0003 0035 0000047a
2022-03-16 15:22:51.791150 False [   19148.869162] 0003 0036 00000097
2022-03-16 15:22:51.807916 False [   19148.888139] 0003 0035 00000478
2022-03-16 15:22:51.807916 False [   19148.888139] 0003 0036 000000a2
2022-03-16 15:22:51.823027 False [   19148.903129] 0003 0035 00000476
2022-03-16 15:22:51.823027 False [   19148.903129] 0003 0036 000000b0
2022-03-16 15:22:51.843210 False [   19148.920456] 0003 0035 00000472
2022-03-16 15:22:51.843210 False [   19148.920456] 0003 0036 000000c0
2022-03-16 15:22:51.856888 False [   19148.937084] 0003 0035 0000046a
2022-03-16 15:22:51.856888 False [   19148.937084] 0003 0036 000000d1
2022-03-16 15:22:51.874884 False [   19148.953961] 0003 0035 0000045f
2022-03-16 15:22:51.874884 False [   19148.953961] 0003 0036 000000e1
2022-03-16 15:22:51.890187 False [   19148.970889] 0003 0035 00000453
2022-03-16 15:22:51.890187 False [   19148.970889] 0003 0036 000000ef
2022-03-16 15:22:51.909612 False [   19148.988059] 0003 0035 00000448
2022-03-16 15:22:51.909612 False [   19148.988059] 0003 0036 000000fb
2022-03-16 15:22:51.927707 False [   19149.004818] 0003 0035 00000441
2022-03-16 15:22:51.927707 True [   19149.004818] 0003 0036 00000103
2022-03-16 15:22:51.941530 True [   19149.021740] 0003 0035 0000043c
2022-03-16 15:22:51.941530 True [   19149.021740] 0003 0036 00000108
2022-03-16 15:22:51.961481 True [   19149.038968] 0003 0035 0000043c
2022-03-16 15:22:51.961481 True [   19149.038968] 0003 0036 00000108
2022-03-16 15:22:51.975704 True [   19149.055826] 0003 0035 00000441
2022-03-16 15:22:51.975704 True [   19149.055826] 0003 0036 00000108
2022-03-16 15:22:51.992580 False [   19149.072871] 0003 0035 00000449
2022-03-16 15:22:51.992580 False [   19149.072871] 0003 0036 00000105
2022-03-16 15:22:52.009740 False [   19149.090251] 0003 0035 00000452
2022-03-16 15:22:52.009740 False [   19149.090251] 0003 0036 000000ff
2022-03-16 15:22:52.028536 False [   19149.106779] 0003 0035 0000045b
2022-03-16 15:22:52.028536 False [   19149.106779] 0003 0036 000000f7
2022-03-16 15:22:52.043931 False [   19149.123600] 0003 0035 00000463
2022-03-16 15:22:52.043931 False [   19149.123600] 0003 0036 000000ec
2022-03-16 15:22:52.060132 False [   19149.140992] 0003 0035 00000469
2022-03-16 15:22:52.061140 False [   19149.140992] 0003 0036 000000e1
2022-03-16 15:22:52.078010 False [   19149.158015] 0003 0035 0000046e
2022-03-16 15:22:52.078010 False [   19149.158015] 0003 0036 000000d7
2022-03-16 15:22:52.094024 False [   19149.174602] 0003 0035 00000471
2022-03-16 15:22:52.094024 False [   19149.174602] 0003 0036 000000d0
2022-03-16 15:22:52.110759 False [   19149.191384] 0003 0035 00000473
2022-03-16 15:22:52.110759 False [   19149.191384] 0003 0036 000000cc
2022-03-16 15:22:52.128297 False [   19149.208725] 0003 0035 00000473
2022-03-16 15:22:52.129295 False [   19149.208725] 0003 0036 000000cc
2022-03-16 15:22:52.146019 False [   19149.225722] 0003 0035 00000473
2022-03-16 15:22:52.146019 False [   19149.225722] 0003 0036 000000cc
2022-03-16 15:22:52.161976 False [   19149.242696] 0003 0035 00000471
2022-03-16 15:22:52.161976 False [   19149.242696] 0003 0036 000000d0
2022-03-16 15:22:52.178931 False [   19149.259226] 0003 0035 00000468
2022-03-16 15:22:52.179957 False [   19149.259226] 0003 0036 000000db
2022-03-16 15:22:52.196224 False [   19149.276458] 0003 0035 00000458
2022-03-16 15:22:52.196224 False [   19149.276458] 0003 0036 000000eb
2022-03-16 15:22:52.213567 False [   19149.293502] 0003 0035 00000448
2022-03-16 15:22:52.213567 False [   19149.293502] 0003 0036 000000fd
2022-03-16 15:22:52.230394 False [   19149.309876] 0003 0035 0000043c
2022-03-16 15:22:52.230394 True [   19149.309876] 0003 0036 0000010e
2022-03-16 15:22:52.246501 True [   19149.326826] 0003 0035 00000436
2022-03-16 15:22:52.246501 True [   19149.326826] 0003 0036 0000011c
2022-03-16 15:22:52.265062 True [   19149.343542] 0003 0035 00000436
2022-03-16 15:22:52.265062 True [   19149.343542] 0003 0036 00000126
2022-03-16 15:22:52.282648 True [   19149.361809] 0003 0035 00000438
2022-03-16 15:22:52.282648 True [   19149.361809] 0003 0036 0000012c
2022-03-16 15:22:52.298202 True [   19149.377469] 0003 0035 0000043d
2022-03-16 15:22:52.298202 True [   19149.377469] 0003 0036 0000012f
2022-03-16 15:22:52.315933 True [   19149.394361] 0003 0035 00000443
2022-03-16 15:22:52.315933 True [   19149.394361] 0003 0036 00000131
2022-03-16 15:22:52.332097 True [   19149.412151] 0003 0035 0000044a
2022-03-16 15:22:52.332097 True [   19149.412151] 0003 0036 00000131
2022-03-16 15:22:52.350490 False [   19149.428967] 0003 0035 00000451
2022-03-16 15:22:52.350490 False [   19149.428967] 0003 0036 00000131
2022-03-16 15:22:52.367103 False [   19149.445899] 0003 0035 00000459
2022-03-16 15:22:52.367103 False [   19149.445899] 0003 0036 0000012e
2022-03-16 15:22:52.384078 False [   19149.462740] 0003 0035 00000460
2022-03-16 15:22:52.384078 False [   19149.462740] 0003 0036 0000012a
2022-03-16 15:22:52.405014 False [   19149.479854] 0003 0035 00000466
2022-03-16 15:22:52.405014 False [   19149.479854] 0003 0036 00000127
2022-03-16 15:22:52.415521 False [   19149.496078] 0003 0035 00000466
2022-03-16 15:22:52.415521 False [   19149.496078] 0003 0036 00000127
2022-03-16 15:22:52.435102 False [   19149.513512] 0003 0035 0000046a
2022-03-16 15:22:52.435102 False [   19149.513512] 0003 0036 00000123
2022-03-16 15:22:52.450112 False [   19149.530257] 0003 0035 0000046a
2022-03-16 15:22:52.451118 False [   19149.530257] 0003 0036 00000123
2022-03-16 15:22:52.466795 False [   19149.547544] 0003 0035 0000046a
2022-03-16 15:22:52.466795 False [   19149.547544] 0003 0036 00000123
2022-03-16 15:22:52.483717 False [   19149.563720] 0003 0035 00000461
2022-03-16 15:22:52.483717 False [   19149.563720] 0003 0036 0000011f
2022-03-16 15:22:52.501670 False [   19149.581646] 0003 0035 00000456
2022-03-16 15:22:52.501670 False [   19149.581646] 0003 0036 0000011c
2022-03-16 15:22:52.517786 False [   19149.597970] 0003 0035 0000044b
2022-03-16 15:22:52.517786 False [   19149.597970] 0003 0036 0000011a
2022-03-16 15:22:52.534925 True [   19149.614569] 0003 0035 00000441
2022-03-16 15:22:52.534925 True [   19149.614569] 0003 0036 0000011a
2022-03-16 15:22:52.552399 True [   19149.631792] 0003 0035 00000439
2022-03-16 15:22:52.552399 True [   19149.631792] 0003 0036 0000011a
2022-03-16 15:22:52.568717 True [   19149.649010] 0003 0035 00000433
2022-03-16 15:22:52.568717 True [   19149.649010] 0003 0036 0000011a
2022-03-16 15:22:52.588447 True [   19149.665765] 0003 0035 0000042f
2022-03-16 15:22:52.588447 True [   19149.665765] 0003 0036 0000011c
2022-03-16 15:22:52.602431 True [   19149.682708] 0003 0035 0000042f
2022-03-16 15:22:52.602431 True [   19149.682708] 0003 0036 0000011c
2022-03-16 15:22:52.618299 True [   19149.699509] 0003 0035 0000042c
2022-03-16 15:22:52.619296 True [   19149.699509] 0003 0036 00000121
2022-03-16 15:22:52.641373 True [   19149.717253] 0003 0035 0000042c
2022-03-16 15:22:52.641373 True [   19149.717253] 0003 0036 00000126
2022-03-16 15:22:52.659340 True [   19149.733898] 0003 0035 0000042e
2022-03-16 15:22:52.659340 True [   19149.733898] 0003 0036 0000012a
2022-03-16 15:22:52.675265 True [   19149.750856] 0003 0035 00000434
2022-03-16 15:22:52.675265 True [   19149.750856] 0003 0036 0000012d
2022-03-16 15:22:52.690858 True [   19149.767812] 0003 0035 0000043c
2022-03-16 15:22:52.690858 True [   19149.767812] 0003 0036 00000130
2022-03-16 15:22:52.706850 True [   19149.784765] 0003 0035 00000445
2022-03-16 15:22:52.706850 True [   19149.784765] 0003 0036 00000132
2022-03-16 15:22:52.721305 True [   19149.801524] 0003 0035 0000044d
2022-03-16 15:22:52.721305 True [   19149.801524] 0003 0036 00000132
2022-03-16 15:22:52.738260 False [   19149.818944] 0003 0035 00000456
2022-03-16 15:22:52.738260 False [   19149.818944] 0003 0036 00000132
2022-03-16 15:22:52.757297 False [   19149.835513] 0003 0035 0000045e
2022-03-16 15:22:52.757297 False [   19149.835513] 0003 0036 00000132
2022-03-16 15:22:52.773391 False [   19149.851776] 0003 0035 00000463
2022-03-16 15:22:52.773391 False [   19149.851776] 0003 0036 00000132
2022-03-16 15:22:52.791332 False [   19149.868713] 0003 0035 00000467
2022-03-16 15:22:52.791332 False [   19149.868713] 0003 0036 00000132
2022-03-16 15:22:52.811056 False [   19149.886114] 0003 0035 00000467
2022-03-16 15:22:52.811056 False [   19149.886114] 0003 0036 00000132
2022-03-16 15:22:52.823268 False [   19149.902745] 0003 0035 0000046b
2022-03-16 15:22:52.823268 False [   19149.902745] 0003 0036 0000012f
2022-03-16 15:22:52.840220 False [   19149.919828] 0003 0035 0000046b
2022-03-16 15:22:52.841210 False [   19149.919828] 0003 0036 0000012f
2022-03-16 15:22:52.859376 False [   19149.937001] 0003 0035 0000046b
