Mode = area stim
    verts = 4 
    radius = 550 
    center = (600, 960) 
    first_angle = 0.6510293235592144 
    wm_size = [1200 1920] 
    stim_amp = 4 
    baseline_stim = 2
    current_stim_group = 0
    sense_zone = 0
    ===============================
2022-03-10 15:34:47.556524 True [   87610.438307] 0003 0035 00000348
2022-03-10 15:34:47.572670 True [   87610.455040] 0003 0035 00000348
2022-03-10 15:34:47.589527 True [   87610.471894] 0003 0035 00000348
2022-03-10 15:34:47.607096 True [   87610.488749] 0003 0035 00000348
2022-03-10 15:35:04.462441 True [   87627.343418] 0003 0035 000002d0
2022-03-10 15:35:04.479264 False [   87627.361051] 0003 0035 000002d0
2022-03-10 15:35:04.496483 False [   87627.377154] 0003 0035 000002d0
2022-03-10 15:35:04.512314 False [   87627.393993] 0003 0035 000002d0
2022-03-10 15:35:04.531992 False [   87627.410898] 0003 0035 000002d0
2022-03-10 15:35:04.546360 False [   87627.427754] 0003 0035 000002d0
2022-03-10 15:35:04.563200 False [   87627.444684] 0003 0035 000002d0
2022-03-10 15:35:04.579676 False [   87627.461427] 0003 0035 000002d0
2022-03-10 15:36:30.926121 False [   87713.805309] 0003 0035 000001fa
2022-03-10 15:36:30.942612 True [   87713.822020] 0003 0035 000001fa
2022-03-10 15:36:30.959325 True [   87713.838698] 0003 0035 000001fa
2022-03-10 15:36:30.974987 True [   87713.855594] 0003 0035 000001fa
2022-03-10 15:36:30.993306 True [   87713.872210] 0003 0035 000001fa
2022-03-10 15:36:31.009331 True [   87713.889073] 0003 0035 000001fa
2022-03-10 15:36:31.026824 True [   87713.905738] 0003 0035 000001fa
2022-03-10 15:36:32.533336 True [   87715.413430] 0003 0035 0000023c
2022-03-10 15:36:32.550263 False [   87715.430110] 0003 0035 0000023c
2022-03-10 15:36:32.566599 False [   87715.446153] 0003 0035 0000023c
2022-03-10 15:36:32.583874 False [   87715.463857] 0003 0035 0000023c
2022-03-10 15:36:32.600371 False [   87715.480166] 0003 0035 0000023c
2022-03-10 15:36:32.617806 False [   87715.496936] 0003 0035 0000023c
2022-03-10 15:36:32.634267 False [   87715.513869] 0003 0035 0000023c
2022-03-10 15:36:32.653129 False [   87715.531580] 0003 0035 0000023c
2022-03-10 15:36:32.668325 False [   87715.548099] 0003 0035 0000023c
2022-03-10 15:36:32.684487 False [   87715.564623] 0003 0035 0000023c
2022-03-10 15:36:32.702238 False [   87715.581666] 0003 0035 0000023c
2022-03-10 15:36:32.719223 False [   87715.598480] 0003 0035 0000023c
2022-03-10 15:36:32.736386 False [   87715.615642] 0003 0035 0000023c
2022-03-10 15:36:32.752528 False [   87715.632413] 0003 0035 0000023c
2022-03-10 15:36:32.768928 False [   87715.649264] 0003 0035 0000023c
2022-03-10 15:36:32.786072 False [   87715.666193] 0003 0035 0000023c
2022-03-10 15:36:32.804058 False [   87715.683169] 0003 0035 0000023c
2022-03-10 15:36:32.819794 False [   87715.700120] 0003 0035 0000023c
2022-03-10 15:36:32.837470 False [   87715.717195] 0003 0035 0000023c
2022-03-10 15:36:32.854161 False [   87715.733898] 0003 0035 0000023c
2022-03-10 15:36:32.870793 False [   87715.750791] 0003 0035 0000023c
2022-03-10 15:36:32.888523 False [   87715.767757] 0003 0035 0000023c
2022-03-10 15:36:32.905160 False [   87715.784765] 0003 0035 0000023c
2022-03-10 15:36:32.921792 False [   87715.801645] 0003 0035 0000023c
2022-03-10 15:36:32.941738 False [   87715.819740] 0003 0035 0000023c
2022-03-10 15:36:32.955086 False [   87715.835419] 0003 0035 0000023c
2022-03-10 15:36:32.972470 False [   87715.852356] 0003 0035 0000023c
2022-03-10 15:36:32.989744 False [   87715.869358] 0003 0035 0000023c
2022-03-10 15:36:33.006255 False [   87715.886248] 0003 0035 0000023c
2022-03-10 15:36:33.023268 False [   87715.903139] 0003 0035 0000023c
2022-03-10 15:36:33.040084 False [   87715.920237] 0003 0035 0000023c
2022-03-10 15:36:33.056981 False [   87715.936947] 0003 0035 0000023c
2022-03-10 15:36:33.074038 False [   87715.953892] 0003 0035 0000023c
2022-03-10 15:36:33.090624 False [   87715.970815] 0003 0035 0000023c
2022-03-10 15:36:33.109353 False [   87715.987956] 0003 0035 0000023c
2022-03-10 15:36:33.125929 False [   87716.004747] 0003 0035 0000023c
2022-03-10 15:36:33.142878 False [   87716.021655] 0003 0035 0000023c
2022-03-10 15:36:33.159363 False [   87716.039348] 0003 0035 0000023c
2022-03-10 15:36:33.175156 False [   87716.055447] 0003 0035 0000023c
2022-03-10 15:36:33.193143 False [   87716.072931] 0003 0035 0000023c
2022-03-10 15:36:33.209368 False [   87716.089319] 0003 0035 0000023c
2022-03-10 15:36:33.226052 False [   87716.106267] 0003 0035 0000023c
2022-03-10 15:36:33.243758 False [   87716.123120] 0003 0035 0000023c
2022-03-10 15:36:33.260434 False [   87716.140081] 0003 0035 0000023c
2022-03-10 15:36:33.277088 False [   87716.156952] 0003 0035 0000023c
2022-03-10 15:36:33.294786 False [   87716.174005] 0003 0035 0000023c
2022-03-10 15:36:33.311438 False [   87716.190881] 0003 0035 0000023c
2022-03-10 15:36:33.329395 False [   87716.207717] 0003 0035 0000023c
2022-03-10 15:36:33.347339 False [   87716.224606] 0003 0035 0000023c
2022-03-10 15:36:33.633129 False [   87716.512683] 0003 0035 00000212
2022-03-10 15:36:33.651651 False [   87716.529328] 0003 0035 00000212
2022-03-10 15:36:33.666791 False [   87716.546982] 0003 0035 00000212
2022-03-10 15:36:33.684458 False [   87716.563690] 0003 0035 00000212
2022-03-10 15:36:33.699978 False [   87716.580270] 0003 0035 00000212
2022-03-10 15:36:33.717596 False [   87716.597315] 0003 0035 00000212
2022-03-10 15:36:33.734349 False [   87716.614339] 0003 0035 00000212
2022-03-10 15:36:33.754172 False [   87716.631634] 0003 0035 00000212
2022-03-10 15:36:33.768661 False [   87716.647995] 0003 0035 00000212
2022-03-10 15:36:33.785235 False [   87716.664766] 0003 0035 00000212
2022-03-10 15:36:33.801893 False [   87716.681706] 0003 0035 00000212
2022-03-10 15:36:33.820039 False [   87716.698814] 0003 0035 00000212
2022-03-10 15:36:33.836992 False [   87716.715800] 0003 0035 00000212
2022-03-10 15:36:33.854016 False [   87716.732477] 0003 0035 00000212
2022-03-10 15:36:33.869630 False [   87716.749362] 0003 0035 00000212
2022-03-10 15:36:33.886129 False [   87716.766221] 0003 0035 00000212
2022-03-10 15:36:33.904033 False [   87716.783281] 0003 0035 00000212
2022-03-10 15:36:33.920708 False [   87716.800157] 0003 0035 00000212
2022-03-10 15:36:33.938493 False [   87716.817992] 0003 0035 00000212
2022-03-10 15:36:33.954315 False [   87716.834013] 0003 0035 00000212
2022-03-10 15:36:33.971770 False [   87716.851170] 0003 0035 00000212
2022-03-10 15:36:33.988545 False [   87716.868592] 0003 0035 00000212
2022-03-10 15:36:34.007505 False [   87716.884875] 0003 0035 00000212
2022-03-10 15:36:34.021380 False [   87716.901764] 0003 0035 00000212
2022-03-10 15:36:34.039558 False [   87716.919163] 0003 0035 00000212
2022-03-10 15:36:34.055516 False [   87716.935777] 0003 0035 00000212
2022-03-10 15:36:34.072740 False [   87716.952697] 0003 0035 00000212
2022-03-10 15:36:34.089601 False [   87716.969397] 0003 0035 00000216
2022-03-10 15:36:34.107602 False [   87716.986601] 0003 0035 0000021b
2022-03-10 15:36:34.122933 False [   87717.003212] 0003 0035 00000221
2022-03-10 15:36:34.140321 False [   87717.020199] 0003 0035 00000227
2022-03-10 15:36:34.157566 False [   87717.037694] 0003 0035 0000022d
2022-03-10 15:36:34.173934 False [   87717.053956] 0003 0035 00000232
2022-03-10 15:36:34.190731 False [   87717.070872] 0003 0035 00000237
2022-03-10 15:36:34.207585 False [   87717.087855] 0003 0035 0000023b
2022-03-10 15:36:34.225285 False [   87717.104898] 0003 0035 0000023e
2022-03-10 15:36:34.242182 False [   87717.122246] 0003 0035 00000241
2022-03-10 15:36:34.258233 False [   87717.138617] 0003 0035 00000245
2022-03-10 15:36:34.275458 False [   87717.155532] 0003 0035 00000248
2022-03-10 15:36:34.292349 True [   87717.172438] 0003 0035 0000024c
2022-03-10 15:36:34.309468 True [   87717.189487] 0003 0035 0000024f
2022-03-10 15:36:34.327105 True [   87717.206695] 0003 0035 00000252
2022-03-10 15:36:34.344768 True [   87717.223357] 0003 0035 00000256
2022-03-10 15:36:34.361330 True [   87717.240830] 0003 0035 00000258
2022-03-10 15:36:34.377212 True [   87717.257170] 0003 0035 0000025a
2022-03-10 15:36:34.393976 True [   87717.274037] 0003 0035 0000025c
2022-03-10 15:36:34.411065 True [   87717.290948] 0003 0035 0000025e
2022-03-10 15:36:34.428104 True [   87717.307804] 0003 0035 0000025e
2022-03-10 15:36:34.446066 True [   87717.324761] 0003 0035 0000025e
2022-03-10 15:36:34.461308 True [   87717.341644] 0003 0035 0000025e
2022-03-10 15:36:34.478700 True [   87717.358621] 0003 0035 0000025e
2022-03-10 15:36:34.495924 True [   87717.375588] 0003 0035 0000025e
2022-03-10 15:36:34.512440 True [   87717.392525] 0003 0035 0000025e
2022-03-10 15:36:34.529966 True [   87717.409399] 0003 0035 0000025e
2022-03-10 15:36:34.546856 True [   87717.426754] 0003 0035 00000260
2022-03-10 15:36:34.563532 True [   87717.443175] 0003 0035 00000260
2022-03-10 15:36:34.582095 True [   87717.460172] 0003 0035 00000260
2022-03-10 15:36:34.596897 True [   87717.477132] 0003 0035 00000260
2022-03-10 15:36:34.613431 True [   87717.494076] 0003 0035 00000260
2022-03-10 15:36:34.631375 True [   87717.510941] 0003 0035 00000260
2022-03-10 15:36:34.648689 True [   87717.528520] 0003 0035 00000260
2022-03-10 15:36:34.665162 True [   87717.544730] 0003 0035 00000260
2022-03-10 15:36:34.681899 True [   87717.561886] 0003 0035 00000260
2022-03-10 15:36:34.699047 True [   87717.579164] 0003 0035 00000260
2022-03-10 15:36:34.717275 True [   87717.595547] 0003 0035 00000260
2022-03-10 15:36:34.732642 True [   87717.612502] 0003 0035 00000260
2022-03-10 15:36:34.751971 True [   87717.629455] 0003 0035 00000260
2022-03-10 15:36:34.767629 True [   87717.646679] 0003 0035 00000260
2022-03-10 15:36:34.782925 True [   87717.663204] 0003 0035 00000260
2022-03-10 15:36:34.800923 True [   87717.680193] 0003 0035 00000260
2022-03-10 15:36:34.817219 True [   87717.697084] 0003 0035 00000260
2022-03-10 15:36:34.834220 True [   87717.714045] 0003 0035 00000260
2022-03-10 15:36:34.853327 True [   87717.731125] 0003 0035 00000260
2022-03-10 15:36:34.867667 True [   87717.747800] 0003 0035 00000260
2022-03-10 15:36:34.884387 True [   87717.764831] 0003 0035 00000260
2022-03-10 15:36:34.901168 True [   87717.781684] 0003 0035 00000260
2022-03-10 15:36:34.919187 True [   87717.798717] 0003 0035 00000260
2022-03-10 15:36:34.936235 True [   87717.815590] 0003 0035 00000260
2022-03-10 15:36:34.954694 True [   87717.832516] 0003 0035 00000260
2022-03-10 15:36:34.969769 True [   87717.849435] 0003 0035 00000260
2022-03-10 15:36:34.985644 True [   87717.866322] 0003 0035 00000260
2022-03-10 15:36:35.003214 True [   87717.883319] 0003 0035 00000260
2022-03-10 15:36:35.020189 True [   87717.900583] 0003 0035 00000260
2022-03-10 15:36:35.036392 True [   87717.917065] 0003 0035 00000260
2022-03-10 15:36:35.055876 True [   87717.934805] 0003 0035 00000260
2022-03-10 15:36:35.070949 True [   87717.951137] 0003 0035 00000260
2022-03-10 15:36:35.088475 True [   87717.968443] 0003 0035 00000260
2022-03-10 15:36:35.105582 True [   87717.984956] 0003 0035 00000260
2022-03-10 15:36:35.121035 True [   87718.001774] 0003 0035 00000260
2022-03-10 15:36:35.138645 True [   87718.018726] 0003 0035 00000260
2022-03-10 15:36:35.156214 True [   87718.035591] 0003 0035 00000260
2022-03-10 15:36:35.172584 True [   87718.052496] 0003 0035 00000260
2022-03-10 15:36:35.189221 True [   87718.069442] 0003 0035 00000260
2022-03-10 15:36:35.207204 True [   87718.086916] 0003 0035 00000260
2022-03-10 15:36:35.223165 True [   87718.103313] 0003 0035 00000260
2022-03-10 15:36:35.239939 True [   87718.120254] 0003 0035 00000260
2022-03-10 15:36:35.257001 True [   87718.137084] 0003 0035 0000025e
2022-03-10 15:36:35.274063 True [   87718.154045] 0003 0035 0000025e
2022-03-10 15:36:35.290899 True [   87718.171000] 0003 0035 0000025c
2022-03-10 15:36:35.307999 True [   87718.188122] 0003 0035 0000025c
2022-03-10 15:36:35.324753 True [   87718.204847] 0003 0035 0000025c
2022-03-10 15:36:35.341591 True [   87718.221784] 0003 0035 0000025c
2022-03-10 15:36:35.358485 True [   87718.238662] 0003 0035 0000025c
2022-03-10 15:36:35.376651 True [   87718.255579] 0003 0035 00000259
2022-03-10 15:36:35.393698 True [   87718.272498] 0003 0035 00000259
2022-03-10 15:36:35.410358 True [   87718.289403] 0003 0035 00000256
2022-03-10 15:36:35.426315 True [   87718.306397] 0003 0035 00000256
2022-03-10 15:36:35.445752 True [   87718.323350] 0003 0035 00000253
2022-03-10 15:36:35.460945 True [   87718.340935] 0003 0035 00000253
2022-03-10 15:36:35.477992 True [   87718.357651] 0003 0035 00000250
2022-03-10 15:36:35.493945 True [   87718.374072] 0003 0035 00000250
2022-03-10 15:36:35.511402 True [   87718.390994] 0003 0035 0000024b
2022-03-10 15:36:35.528387 True [   87718.408368] 0003 0035 00000247
2022-03-10 15:36:35.547953 True [   87718.425460] 0003 0035 00000243
2022-03-10 15:36:35.561617 True [   87718.441757] 0003 0035 0000023e
2022-03-10 15:36:35.578749 True [   87718.458678] 0003 0035 00000238
2022-03-10 15:36:35.595907 True [   87718.475591] 0003 0035 00000231
2022-03-10 15:36:35.612916 True [   87718.492637] 0003 0035 0000022a
2022-03-10 15:36:35.628857 True [   87718.509519] 0003 0035 00000223
2022-03-10 15:36:35.646990 True [   87718.526945] 0003 0035 0000021c
2022-03-10 15:36:35.663689 True [   87718.543316] 0003 0035 00000215
2022-03-10 15:36:35.680108 True [   87718.560189] 0003 0035 0000020e
2022-03-10 15:36:35.697102 True [   87718.577168] 0003 0035 00000209
2022-03-10 15:36:35.714308 True [   87718.594033] 0003 0035 00000204
2022-03-10 15:36:35.731736 True [   87718.611049] 0003 0035 00000200
2022-03-10 15:36:35.748422 True [   87718.627894] 0003 0035 000001fb
2022-03-10 15:36:35.765296 True [   87718.644842] 0003 0035 000001f3
2022-03-10 15:36:35.781736 True [   87718.661768] 0003 0035 000001e9
2022-03-10 15:36:35.799974 True [   87718.678717] 0003 0035 000001dd
2022-03-10 15:36:35.816810 True [   87718.695663] 0003 0035 000001d1
2022-03-10 15:36:35.832766 True [   87718.712524] 0003 0035 000001c7
2022-03-10 15:36:35.851225 True [   87718.729742] 0003 0035 000001bf
2022-03-10 15:36:35.866059 True [   87718.746376] 0003 0035 000001b9
2022-03-10 15:36:35.883557 True [   87718.763272] 0003 0035 000001b3
2022-03-10 15:36:35.900247 True [   87718.780236] 0003 0035 000001af
2022-03-10 15:36:35.917595 True [   87718.797294] 0003 0035 000001af
2022-03-10 15:36:35.933964 True [   87718.814127] 0003 0035 000001aa
2022-03-10 15:36:35.951143 True [   87718.831007] 0003 0035 000001aa
2022-03-10 15:36:35.967784 True [   87718.847970] 0003 0035 000001a6
2022-03-10 15:36:35.985419 True [   87718.864876] 0003 0035 000001a6
2022-03-10 15:36:36.002070 True [   87718.881813] 0003 0035 000001a6
2022-03-10 15:36:36.019024 True [   87718.899029] 0003 0035 000001a2
2022-03-10 15:36:36.036229 True [   87718.915658] 0003 0035 000001a2
2022-03-10 15:36:36.053961 True [   87718.932940] 0003 0035 000001a2
2022-03-10 15:36:36.069602 True [   87718.949481] 0003 0035 000001a2
2022-03-10 15:36:36.086331 True [   87718.966397] 0003 0035 000001a2
2022-03-10 15:36:36.103534 True [   87718.983276] 0003 0035 000001a2
2022-03-10 15:36:36.121808 True [   87719.000550] 0003 0035 000001a2
2022-03-10 15:36:36.138232 True [   87719.017127] 0003 0035 000001a2
2022-03-10 15:36:36.155366 True [   87719.034458] 0003 0035 000001a2
2022-03-10 15:36:36.170932 True [   87719.050716] 0003 0035 000001a2
2022-03-10 15:37:00.118281 True [   87742.997697] 0003 0035 000003c5
2022-03-10 15:37:00.134508 True [   87743.013916] 0003 0035 000003c5
2022-03-10 15:37:00.151904 True [   87743.031258] 0003 0035 000003c5
2022-03-10 15:37:00.168351 True [   87743.047864] 0003 0035 000003c5
2022-03-10 15:37:00.184473 True [   87743.064323] 0003 0035 000003c5
2022-03-10 15:37:00.202171 True [   87743.081296] 0003 0035 000003bd
2022-03-10 15:37:00.220978 True [   87743.098180] 0003 0035 000003b0
2022-03-10 15:37:00.236434 True [   87743.115170] 0003 0035 000003a0
2022-03-10 15:37:00.253007 True [   87743.132096] 0003 0035 00000390
2022-03-10 15:37:00.269410 True [   87743.149052] 0003 0035 0000037e
2022-03-10 15:37:00.286212 True [   87743.165807] 0003 0035 00000369
2022-03-10 15:37:00.303161 True [   87743.182775] 0003 0035 00000356
2022-03-10 15:37:00.320958 True [   87743.199899] 0003 0035 00000347
2022-03-10 15:37:00.337465 True [   87743.216711] 0003 0035 0000033d
2022-03-10 15:37:00.354620 True [   87743.233685] 0003 0035 00000337
2022-03-10 15:37:00.371222 True [   87743.250639] 0003 0035 00000337
2022-03-10 15:37:00.387699 True [   87743.267368] 0003 0035 00000337
2022-03-10 15:37:00.405351 True [   87743.284948] 0003 0035 0000033f
2022-03-10 15:37:00.421732 True [   87743.301276] 0003 0035 0000034e
2022-03-10 15:37:00.439510 True [   87743.318179] 0003 0035 00000363
2022-03-10 15:37:00.455492 True [   87743.335062] 0003 0035 00000378
2022-03-10 15:37:00.472978 True [   87743.352298] 0003 0035 00000389
2022-03-10 15:37:00.489451 True [   87743.368908] 0003 0035 00000395
2022-03-10 15:37:00.506295 True [   87743.385780] 0003 0035 0000039e
2022-03-10 15:37:00.523512 True [   87743.402803] 0003 0035 000003a3
2022-03-10 15:37:00.540759 True [   87743.419767] 0003 0035 000003a3
2022-03-10 15:37:00.557370 True [   87743.436740] 0003 0035 000003a3
2022-03-10 15:37:00.575076 True [   87743.453873] 0003 0035 0000039f
2022-03-10 15:37:00.590834 True [   87743.470688] 0003 0035 00000399
2022-03-10 15:37:00.607072 True [   87743.487015] 0003 0035 00000392
