Mode = area stim
    verts = 22 
    radius = 550 
    center = (600, 960) 
    first_angle = 2.6459762454581623 
    wm_size = [1200 1920] 
    stim_amp = 4 
    baseline_stim = 2
    current_stim_group = 0
    sense_zone = 0
    ===============================
2022-03-03 18:57:53.403878 False [   70744.970782] 0003 0035 00000254
2022-03-03 18:57:53.419959 False [   70744.987054] 0003 0035 00000254
2022-03-03 18:57:53.437441 False [   70745.004443] 0003 0035 00000254
2022-03-03 18:57:53.456037 False [   70745.021205] 0003 0035 00000254
2022-03-03 18:57:53.473290 False [   70745.038715] 0003 0035 00000254
2022-03-03 18:57:53.489386 False [   70745.055184] 0003 0035 00000254
2022-03-03 18:57:53.507792 False [   70745.072115] 0003 0035 00000254
2022-03-03 18:57:53.525801 False [   70745.090414] 0003 0035 00000254
2022-03-03 18:57:53.541706 False [   70745.105922] 0003 0035 00000254
2022-03-03 18:57:53.558139 False [   70745.123860] 0003 0035 00000254
2022-03-03 18:57:53.574811 False [   70745.140580] 0003 0035 00000254
2022-03-03 18:57:53.590455 False [   70745.157163] 0003 0035 00000254
2022-03-03 18:57:53.608415 False [   70745.174025] 0003 0035 00000254
2022-03-03 18:57:53.625370 False [   70745.191339] 0003 0035 00000254
2022-03-03 18:57:53.642495 False [   70745.208822] 0003 0035 00000256
2022-03-03 18:57:53.657683 False [   70745.223615] 0003 0035 00000258
2022-03-03 18:57:53.675337 False [   70745.241947] 0003 0035 0000025a
2022-03-03 18:57:53.693510 False [   70745.259002] 0003 0035 0000025c
2022-03-03 18:57:53.709224 False [   70745.275403] 0003 0035 0000025e
2022-03-03 18:57:53.726936 False [   70745.292500] 0003 0035 0000025e
2022-03-03 18:57:53.744254 False [   70745.310314] 0003 0035 00000261
2022-03-03 18:57:53.759294 False [   70745.325992] 0003 0035 00000263
2022-03-03 18:57:53.777948 False [   70745.342901] 0003 0035 00000265
2022-03-03 18:57:53.794022 False [   70745.360232] 0003 0035 00000265
2022-03-03 18:57:53.811967 False [   70745.377188] 0003 0035 00000267
2022-03-03 18:57:53.827780 False [   70745.394331] 0003 0035 00000269
2022-03-03 18:57:53.845326 False [   70745.411184] 0003 0035 0000026b
2022-03-03 18:57:53.861777 False [   70745.428095] 0003 0035 0000026d
2022-03-03 18:57:53.876920 False [   70745.444077] 0003 0035 0000026f
2022-03-03 18:57:53.896846 False [   70745.462175] 0003 0035 00000271
2022-03-03 18:57:53.913705 False [   70745.478704] 0003 0035 00000273
2022-03-03 18:57:53.929305 False [   70745.495389] 0003 0035 00000276
2022-03-03 18:57:53.945736 False [   70745.511541] 0003 0035 0000027a
2022-03-03 18:57:53.963435 False [   70745.530089] 0003 0035 0000027e
2022-03-03 18:57:53.981684 False [   70745.547626] 0003 0035 00000281
2022-03-03 18:57:53.997730 False [   70745.564087] 0003 0035 00000285
2022-03-03 18:57:54.013689 False [   70745.579958] 0003 0035 00000288
2022-03-03 18:57:54.030082 False [   70745.596894] 0003 0035 0000028b
2022-03-03 18:57:54.047310 False [   70745.614117] 0003 0035 0000028d
2022-03-03 18:57:54.063163 False [   70745.629773] 0003 0035 0000028d
2022-03-03 18:57:54.081591 False [   70745.647908] 0003 0035 0000028f
2022-03-03 18:57:54.099805 False [   70745.665567] 0003 0035 00000291
2022-03-03 18:57:54.118010 False [   70745.682244] 0003 0035 00000291
2022-03-03 18:57:54.133128 False [   70745.699062] 0003 0035 00000291
2022-03-03 18:57:54.149643 False [   70745.714826] 0003 0035 00000291
2022-03-03 18:57:54.167996 False [   70745.733038] 0003 0035 00000293
2022-03-03 18:57:54.184636 True [   70745.749894] 0003 0035 00000293
2022-03-03 18:57:54.200799 True [   70745.765932] 0003 0035 00000293
2022-03-03 18:57:54.215771 True [   70745.782496] 0003 0035 00000293
2022-03-03 18:57:54.234113 True [   70745.799777] 0003 0035 00000293
2022-03-03 18:57:54.250337 True [   70745.816403] 0003 0035 00000293
2022-03-03 18:57:54.268264 True [   70745.833704] 0003 0035 00000293
2022-03-03 18:57:54.284594 True [   70745.850151] 0003 0035 00000293
2022-03-03 18:57:54.303753 True [   70745.868822] 0003 0035 00000293
2022-03-03 18:57:54.318624 True [   70745.884469] 0003 0035 00000293
2022-03-03 18:57:54.335900 True [   70745.902103] 0003 0035 00000293
2022-03-03 18:57:54.353123 True [   70745.918346] 0003 0035 00000293
2022-03-03 18:57:54.368563 True [   70745.934865] 0003 0035 00000293
2022-03-03 18:57:54.385152 True [   70745.951357] 0003 0035 00000293
2022-03-03 18:57:54.403946 True [   70745.970300] 0003 0035 00000293
2022-03-03 18:57:54.420898 True [   70745.986823] 0003 0035 00000293
2022-03-03 18:57:54.436859 True [   70746.003641] 0003 0035 00000293
2022-03-03 18:57:54.453979 True [   70746.020084] 0003 0035 00000293
2022-03-03 18:57:54.471544 True [   70746.037987] 0003 0035 00000293
2022-03-03 18:57:54.489331 True [   70746.054741] 0003 0035 00000293
2022-03-03 18:57:54.505095 True [   70746.071266] 0003 0035 00000293
2022-03-03 18:57:54.523720 True [   70746.088823] 0003 0035 00000293
2022-03-03 18:57:54.539929 True [   70746.106239] 0003 0035 00000293
2022-03-03 18:57:54.556029 True [   70746.121574] 0003 0035 00000293
2022-03-03 18:57:54.572464 True [   70746.138751] 0003 0035 00000293
2022-03-03 18:57:54.589522 True [   70746.155545] 0003 0035 00000293
2022-03-03 18:57:54.606129 True [   70746.172684] 0003 0035 00000293
2022-03-03 18:57:54.624076 True [   70746.190255] 0003 0035 00000295
2022-03-03 18:57:54.641136 True [   70746.206856] 0003 0035 00000297
2022-03-03 18:57:54.657212 True [   70746.223598] 0003 0035 00000299
2022-03-03 18:57:54.674744 True [   70746.240195] 0003 0035 0000029b
2022-03-03 18:57:54.692340 False [   70746.256936] 0003 0035 0000029b
2022-03-03 18:57:54.709130 False [   70746.274269] 0003 0035 0000029b
2022-03-03 18:57:54.723788 False [   70746.290946] 0003 0035 0000029b
2022-03-03 18:57:54.742474 False [   70746.307687] 0003 0035 0000029b
2022-03-03 18:57:54.757132 False [   70746.324368] 0003 0035 0000029d
2022-03-03 18:57:54.776565 False [   70746.342096] 0003 0035 0000029f
2022-03-03 18:57:54.792020 False [   70746.358362] 0003 0035 0000029f
2022-03-03 18:57:54.809918 False [   70746.376249] 0003 0035 000002a1
2022-03-03 18:57:54.826877 False [   70746.393903] 0003 0035 000002a1
2022-03-03 18:57:54.843451 False [   70746.410796] 0003 0035 000002a3
2022-03-03 18:57:54.860217 False [   70746.426325] 0003 0035 000002a5
2022-03-03 18:57:54.877638 False [   70746.443860] 0003 0035 000002a7
2022-03-03 18:57:54.894733 False [   70746.459945] 0003 0035 000002a9
2022-03-03 18:57:54.912295 False [   70746.478298] 0003 0035 000002a9
2022-03-03 18:57:54.928987 False [   70746.494581] 0003 0035 000002ab
2022-03-03 18:57:54.944639 False [   70746.511389] 0003 0035 000002ab
2022-03-03 18:57:54.960998 False [   70746.528354] 0003 0035 000002ab
2022-03-03 18:57:54.980954 False [   70746.545880] 0003 0035 000002ae
2022-03-03 18:57:54.996015 False [   70746.562946] 0003 0035 000002b0
2022-03-03 18:57:55.012359 False [   70746.578894] 0003 0035 000002b2
2022-03-03 18:57:55.028362 False [   70746.595638] 0003 0035 000002b2
2022-03-03 18:57:55.048312 False [   70746.612874] 0003 0035 000002b2
2022-03-03 18:57:55.063332 False [   70746.629708] 0003 0035 000002b4
2022-03-03 18:57:55.080522 False [   70746.646373] 0003 0035 000002b6
2022-03-03 18:57:55.097369 False [   70746.663546] 0003 0035 000002b6
2022-03-03 18:57:55.114296 False [   70746.679641] 0003 0035 000002b6
2022-03-03 18:57:55.132357 False [   70746.697678] 0003 0035 000002b6
2022-03-03 18:57:55.148370 False [   70746.714327] 0003 0035 000002b6
2022-03-03 18:57:55.165210 False [   70746.731147] 0003 0035 000002b8
2022-03-03 18:57:55.181314 False [   70746.747539] 0003 0035 000002b8
2022-03-03 18:57:55.198790 False [   70746.765531] 0003 0035 000002b8
2022-03-03 18:57:55.215412 False [   70746.781983] 0003 0035 000002ba
2022-03-03 18:57:55.232362 False [   70746.799206] 0003 0035 000002ba
2022-03-03 18:57:55.248179 False [   70746.815059] 0003 0035 000002ba
2022-03-03 18:57:55.265600 False [   70746.831795] 0003 0035 000002ba
2022-03-03 18:57:55.281997 False [   70746.848923] 0003 0035 000002bc
2022-03-03 18:57:55.300238 False [   70746.866019] 0003 0035 000002bc
2022-03-03 18:57:55.317094 False [   70746.882753] 0003 0035 000002bc
2022-03-03 18:57:55.334882 False [   70746.899980] 0003 0035 000002bc
2022-03-03 18:57:55.349956 False [   70746.916269] 0003 0035 000002bc
2022-03-03 18:57:55.368905 False [   70746.935015] 0003 0035 000002bc
2022-03-03 18:57:55.386529 False [   70746.951497] 0003 0035 000002bc
2022-03-03 18:57:55.401965 False [   70746.968801] 0003 0035 000002bc
2022-03-03 18:57:55.418516 False [   70746.984179] 0003 0035 000002bc
2022-03-03 18:57:55.435470 False [   70747.001625] 0003 0035 000002bc
2022-03-03 18:57:55.453420 False [   70747.018768] 0003 0035 000002bc
2022-03-03 18:57:55.469650 False [   70747.035244] 0003 0035 000002bc
2022-03-03 18:57:55.487267 False [   70747.053032] 0003 0035 000002bc
2022-03-03 18:57:55.502959 False [   70747.069785] 0003 0035 000002bc
2022-03-03 18:57:55.520641 False [   70747.085905] 0003 0035 000002bc
2022-03-03 18:57:55.537213 False [   70747.102701] 0003 0035 000002bc
2022-03-03 18:57:55.552617 False [   70747.119301] 0003 0035 000002bc
2022-03-03 18:57:55.570064 False [   70747.136500] 0003 0035 000002bc
2022-03-03 18:57:55.586457 False [   70747.153747] 0003 0035 000002bc
2022-03-03 18:57:55.606006 False [   70747.170939] 0003 0035 000002bc
2022-03-03 18:57:55.622672 False [   70747.189311] 0003 0035 000002bc
2022-03-03 18:57:55.640623 False [   70747.206327] 0003 0035 000002bc
2022-03-03 18:57:55.656581 False [   70747.221976] 0003 0035 000002bc
2022-03-03 18:57:55.672943 False [   70747.239184] 0003 0035 000002bc
2022-03-03 18:57:55.689686 False [   70747.255777] 0003 0035 000002bc
2022-03-03 18:57:55.707179 False [   70747.273511] 0003 0035 000002bc
2022-03-03 18:57:55.723673 False [   70747.289935] 0003 0035 000002bc
2022-03-03 18:57:55.741468 False [   70747.307543] 0003 0035 000002bc
2022-03-03 18:57:55.758139 False [   70747.323702] 0003 0035 000002bc
2022-03-03 18:57:55.775826 False [   70747.341518] 0003 0035 000002bc
2022-03-03 18:57:55.793042 False [   70747.358297] 0003 0035 000002bc
2022-03-03 18:57:55.810115 False [   70747.375441] 0003 0035 000002bc
2022-03-03 18:57:55.826772 False [   70747.391804] 0003 0035 000002bc
2022-03-03 18:57:55.841730 False [   70747.408944] 0003 0035 000002bc
2022-03-03 18:57:55.859797 False [   70747.425564] 0003 0035 000002bc
2022-03-03 18:57:55.875559 False [   70747.442198] 0003 0035 000002bc
2022-03-03 18:57:55.891332 False [   70747.458740] 0003 0035 000002bc
2022-03-03 18:57:55.909093 False [   70747.476440] 0003 0035 000002bc
2022-03-03 18:57:55.928599 False [   70747.493795] 0003 0035 000002bc
2022-03-03 18:57:55.944312 False [   70747.510483] 0003 0035 000002bc
2022-03-03 18:57:55.959947 False [   70747.527163] 0003 0035 000002bc
2022-03-03 18:57:55.977541 False [   70747.543947] 0003 0035 000002bc
2022-03-03 18:57:55.994510 False [   70747.560441] 0003 0035 000002bc
2022-03-03 18:57:56.012596 False [   70747.578650] 0003 0035 000002bc
2022-03-03 18:57:56.028737 False [   70747.594840] 0003 0035 000002bc
2022-03-03 18:57:56.045693 False [   70747.612770] 0003 0035 000002bc
2022-03-03 18:57:56.062540 False [   70747.628053] 0003 0035 000002bc
2022-03-03 18:57:56.079742 False [   70747.645654] 0003 0035 000002bc
2022-03-03 18:57:56.096351 False [   70747.662634] 0003 0035 000002bc
2022-03-03 18:57:56.112588 False [   70747.678583] 0003 0035 000002bc
2022-03-03 18:57:56.131910 False [   70747.695260] 0003 0035 000002bc
2022-03-03 18:57:56.149012 False [   70747.714281] 0003 0035 000002bc
2022-03-03 18:57:56.164380 False [   70747.729892] 0003 0035 000002bc
2022-03-03 18:57:56.197788 False [   70747.764376] 0003 0035 000002bc
2022-03-03 18:57:56.215355 False [   70747.781082] 0003 0035 000002bc
2022-03-03 18:57:56.248578 False [   70747.815104] 0003 0035 000002bc
2022-03-03 18:57:56.264535 False [   70747.831062] 0003 0035 000002bc
2022-03-03 18:57:56.282342 False [   70747.848919] 0003 0035 000002bc
2022-03-03 18:57:56.298639 False [   70747.864930] 0003 0035 000002bc
2022-03-03 18:57:56.315505 False [   70747.882491] 0003 0035 000002bc
2022-03-03 18:57:56.333084 False [   70747.898574] 0003 0035 000002bc
2022-03-03 18:57:56.351870 False [   70747.916801] 0003 0035 000002ba
2022-03-03 18:57:56.351870 False [   70747.916801] 0003 0035 000002b7
2022-03-03 18:57:56.367827 True [   70747.933565] 0003 0035 000002b8
2022-03-03 18:57:56.369823 True [   70747.933565] 0003 0035 000002b3
2022-03-03 18:57:56.384787 True [   70747.950558] 0003 0035 000002b6
2022-03-03 18:57:56.400738 False [   70747.967247] 0003 0035 000002b4
2022-03-03 18:57:56.417693 False [   70747.983811] 0003 0035 000002b2
2022-03-03 18:57:56.434970 False [   70748.002252] 0003 0035 000002b2
2022-03-03 18:57:56.452878 False [   70748.018322] 0003 0035 000002b2
2022-03-03 18:57:56.452878 False [   70748.018322] 0003 0035 000002b2
2022-03-03 18:57:56.468836 False [   70748.034518] 0003 0035 000002b2
2022-03-03 18:57:56.469833 False [   70748.034518] 0003 0035 000002b2
2022-03-03 18:57:56.484824 True [   70748.050671] 0003 0035 000002b0
2022-03-03 18:57:56.503372 False [   70748.067790] 0003 0035 000002b0
2022-03-03 18:57:56.520495 False [   70748.085619] 0003 0035 000002b0
2022-03-03 18:57:56.554356 False [   70748.120296] 0003 0035 000002ae
2022-03-03 18:57:56.570642 False [   70748.136387] 0003 0035 000002ae
2022-03-03 18:57:56.587407 False [   70748.153218] 0003 0035 000002ae
2022-03-03 18:57:56.603962 False [   70748.169981] 0003 0035 000002ae
2022-03-03 18:57:56.619537 False [   70748.185805] 0003 0035 000002ae
2022-03-03 18:57:56.636871 False [   70748.203368] 0003 0035 000002ae
2022-03-03 18:57:56.654969 False [   70748.219558] 0003 0035 000002ac
2022-03-03 18:57:56.672670 False [   70748.236837] 0003 0035 000002ac
2022-03-03 18:57:56.689224 False [   70748.254448] 0003 0035 000002ac
2022-03-03 18:57:56.705126 False [   70748.271605] 0003 0035 000002ac
2022-03-03 18:57:56.721717 False [   70748.287640] 0003 0035 000002ac
2022-03-03 18:57:56.773501 False [   70748.339544] 0003 0035 000002ac
2022-03-03 18:57:56.789569 False [   70748.355823] 0003 0035 000002ac
2022-03-03 18:57:56.806768 False [   70748.373111] 0003 0035 000002ac
2022-03-03 18:57:56.824784 False [   70748.390232] 0003 0035 000002ac
2022-03-03 18:57:56.857006 False [   70748.423648] 0003 0035 000002ac
2022-03-03 18:57:56.873976 False [   70748.440410] 0003 0035 000002ac
2022-03-03 18:57:56.890836 False [   70748.457758] 0003 0035 000002aa
2022-03-03 18:57:56.907435 False [   70748.473897] 0003 0035 000002aa
2022-03-03 18:57:56.924094 False [   70748.490984] 0003 0035 000002aa
2022-03-03 18:57:56.943810 False [   70748.509085] 0003 0035 000002aa
2022-03-03 18:57:56.959970 False [   70748.524367] 0003 0035 000002aa
2022-03-03 18:57:56.977821 False [   70748.543042] 0003 0035 000002aa
2022-03-03 18:57:56.992771 False [   70748.559311] 0003 0035 000002aa
2022-03-03 18:57:57.011162 True [   70748.576630] 0003 0035 000002aa
2022-03-03 18:57:57.027909 True [   70748.593942] 0003 0035 000002aa
2022-03-03 18:57:57.047894 True [   70748.610829] 0003 0035 000002aa
2022-03-03 18:57:57.059858 True [   70748.626963] 0003 0035 000002a8
2022-03-03 18:57:57.076534 True [   70748.643361] 0003 0035 000002a8
2022-03-03 18:57:57.093850 True [   70748.660457] 0003 0035 000002a8
2022-03-03 18:57:57.111551 True [   70748.677928] 0003 0035 000002a8
2022-03-03 18:57:57.127100 True [   70748.694789] 0003 0035 000002a8
2022-03-03 18:57:57.181059 True [   70748.746453] 0003 0035 000002a8
2022-03-03 18:57:57.195651 True [   70748.761952] 0003 0035 000002a8
2022-03-03 18:57:57.213206 True [   70748.779278] 0003 0035 000002a8
2022-03-03 18:57:57.247618 True [   70748.813083] 0003 0035 000002a8
2022-03-03 18:57:57.264585 True [   70748.830424] 0003 0035 000002a8
2022-03-03 18:57:57.280749 True [   70748.846864] 0003 0035 000002a8
2022-03-03 18:57:57.297734 True [   70748.863948] 0003 0035 000002a6
2022-03-03 18:57:57.314371 True [   70748.880673] 0003 0035 000002a6
2022-03-03 18:57:57.331191 True [   70748.897568] 0003 0035 000002a6
2022-03-03 18:57:57.366466 True [   70748.932803] 0003 0035 000002a4
2022-03-03 18:57:57.383151 True [   70748.948127] 0003 0035 000002a4
2022-03-03 18:57:57.399434 True [   70748.966300] 0003 0035 000002a4
2022-03-03 18:57:57.417038 True [   70748.982605] 0003 0035 000002a4
2022-03-03 18:57:57.451959 True [   70749.017638] 0003 0035 000002a4
2022-03-03 18:57:57.466913 True [   70749.033692] 0003 0035 000002a4
2022-03-03 18:57:57.483022 True [   70749.049515] 0003 0035 000002a4
2022-03-03 18:57:57.500803 True [   70749.066805] 0003 0035 000002a4
2022-03-03 18:57:57.518561 True [   70749.084821] 0003 0035 000002a4
2022-03-03 18:57:57.552929 True [   70749.119001] 0003 0035 000002a4
2022-03-03 18:57:57.567191 True [   70749.134355] 0003 0035 000002a4
2022-03-03 18:57:57.586287 True [   70749.151265] 0003 0035 000002a4
2022-03-03 18:57:57.601957 True [   70749.168356] 0003 0035 000002a4
2022-03-03 18:57:57.622259 True [   70749.186519] 0003 0035 000002a4
2022-03-03 18:57:57.637303 True [   70749.203298] 0003 0035 000002a4
2022-03-03 18:57:57.653296 True [   70749.219100] 0003 0035 000002a4
2022-03-03 18:57:57.670688 True [   70749.235875] 0003 0035 000002a4
2022-03-03 18:57:57.688457 True [   70749.253923] 0003 0035 000002a4
2022-03-03 18:57:57.704245 True [   70749.270392] 0003 0035 000002a4
2022-03-03 18:57:57.721297 True [   70749.287359] 0003 0035 000002a4
2022-03-03 18:57:57.738304 True [   70749.303619] 0003 0035 000002a4
2022-03-03 18:57:57.753629 True [   70749.320880] 0003 0035 000002a4
2022-03-03 18:57:57.772791 True [   70749.338568] 0003 0035 000002a4
2022-03-03 18:57:57.788332 True [   70749.354475] 0003 0035 000002a4
2022-03-03 18:57:57.804552 True [   70749.370997] 0003 0035 000002a4
2022-03-03 18:57:57.821616 True [   70749.387881] 0003 0035 000002a4
2022-03-03 18:57:57.839545 True [   70749.405660] 0003 0035 000002a4
2022-03-03 18:57:57.855496 True [   70749.422152] 0003 0035 000002a4
2022-03-03 18:57:57.873441 True [   70749.439766] 0003 0035 000002a4
2022-03-03 18:57:57.889333 True [   70749.456635] 0003 0035 000002a4
2022-03-03 18:57:57.907270 True [   70749.474292] 0003 0035 000002a4
2022-03-03 18:57:57.923196 True [   70749.490638] 0003 0035 000002a4
2022-03-03 18:57:57.975836 True [   70749.541842] 0003 0035 000002a4
2022-03-03 18:57:57.991841 True [   70749.557510] 0003 0035 000002a4
2022-03-03 18:57:58.009143 True [   70749.575079] 0003 0035 000002a4
2022-03-03 18:57:58.026340 True [   70749.591650] 0003 0035 000002a4
2022-03-03 18:57:58.077749 True [   70749.643873] 0003 0035 000002a4
2022-03-03 18:57:58.091712 True [   70749.659120] 0003 0035 000002a4
2022-03-03 18:57:58.112147 True [   70749.677410] 0003 0035 000002a4
2022-03-03 18:57:58.128880 True [   70749.694278] 0003 0035 000002a4
2022-03-03 18:57:58.178976 True [   70749.745235] 0003 0035 000002a4
2022-03-03 18:57:58.195078 True [   70749.760730] 0003 0035 000002a4
2022-03-03 18:57:58.211064 True [   70749.777972] 0003 0035 000002a4
2022-03-03 18:57:58.228917 True [   70749.794310] 0003 0035 000002a4
2022-03-03 18:57:58.281077 True [   70749.846772] 0003 0035 000002a4
2022-03-03 18:57:58.296036 True [   70749.862014] 0003 0035 000002a4
2022-03-03 18:57:58.313098 True [   70749.878994] 0003 0035 000002a4
2022-03-03 18:57:58.329589 True [   70749.895649] 0003 0035 000002a4
2022-03-03 18:57:58.365258 True [   70749.931657] 0003 0035 000002a4
2022-03-03 18:57:58.381240 True [   70749.947402] 0003 0035 000002a4
2022-03-03 18:57:58.398411 True [   70749.963781] 0003 0035 000002a4
2022-03-03 18:57:58.414389 True [   70749.980743] 0003 0035 000002a4
2022-03-03 18:57:58.432259 True [   70749.998880] 0003 0035 000002a4
2022-03-03 18:57:58.464341 True [   70750.031425] 0003 0035 000002a4
2022-03-03 18:57:58.481912 True [   70750.048885] 0003 0035 000002a4
2022-03-03 18:57:58.500873 True [   70750.065609] 0003 0035 000002a4
2022-03-03 18:57:58.515967 True [   70750.082283] 0003 0035 000002a4
2022-03-03 18:57:58.534849 True [   70750.099662] 0003 0035 000002a4
2022-03-03 18:57:58.567055 True [   70750.133294] 0003 0035 000002a4
2022-03-03 18:57:58.586303 True [   70750.151387] 0003 0035 000002a4
2022-03-03 18:57:58.601410 True [   70750.166908] 0003 0035 000002a4
2022-03-03 18:57:58.618563 True [   70750.183273] 0003 0035 000002a4
2022-03-03 18:57:58.635118 True [   70750.202258] 0003 0035 000002a4
2022-03-03 18:57:58.651944 True [   70750.218058] 0003 0035 000002a4
2022-03-03 18:57:58.668426 True [   70750.233835] 0003 0035 000002a4
2022-03-03 18:57:58.687056 True [   70750.252116] 0003 0035 000002a4
2022-03-03 18:57:58.704002 True [   70750.269229] 0003 0035 000002a4
2022-03-03 18:57:58.720957 True [   70750.286518] 0003 0035 000002a4
2022-03-03 18:57:58.770939 True [   70750.338019] 0003 0035 000002a4
2022-03-03 18:57:58.786337 True [   70750.353880] 0003 0035 000002a4
2022-03-03 18:57:58.805012 True [   70750.370915] 0003 0035 000002a4
2022-03-03 18:57:58.821263 True [   70750.387835] 0003 0035 000002a4
2022-03-03 18:57:58.855386 True [   70750.422393] 0003 0035 000002a4
2022-03-03 18:57:58.871560 True [   70750.438102] 0003 0035 000002a4
2022-03-03 18:57:58.888416 True [   70750.454938] 0003 0035 000002a4
2022-03-03 18:57:58.905408 True [   70750.471821] 0003 0035 000002a4
2022-03-03 18:57:58.922366 True [   70750.489262] 0003 0035 000002a4
2022-03-03 18:57:58.974143 True [   70750.540304] 0003 0035 000002a4
2022-03-03 18:57:58.989802 True [   70750.556237] 0003 0035 000002a4
2022-03-03 18:57:59.007754 True [   70750.573672] 0003 0035 000002a4
2022-03-03 18:57:59.024881 True [   70750.590711] 0003 0035 000002a4
2022-03-03 18:57:59.075853 True [   70750.641779] 0003 0035 000002a4
2022-03-03 18:57:59.093380 True [   70750.658465] 0003 0035 000002a4
2022-03-03 18:57:59.109341 True [   70750.675196] 0003 0035 000002a4
2022-03-03 18:57:59.126294 True [   70750.691222] 0003 0035 000002a4
2022-03-03 18:57:59.175996 True [   70750.743121] 0003 0035 000002a4
2022-03-03 18:57:59.192119 True [   70750.758830] 0003 0035 000002a4
2022-03-03 18:57:59.210296 True [   70750.775658] 0003 0035 000002a4
2022-03-03 18:57:59.228632 True [   70750.793785] 0003 0035 000002a4
2022-03-03 18:57:59.278899 True [   70750.844878] 0003 0035 000002a4
2022-03-03 18:57:59.294243 True [   70750.860485] 0003 0035 000002a4
2022-03-03 18:57:59.311982 True [   70750.878896] 0003 0035 000002a4
2022-03-03 18:57:59.326929 True [   70750.894376] 0003 0035 000002a4
2022-03-03 18:57:59.347392 True [   70750.913554] 0003 0035 000002a4
2022-03-03 18:57:59.364348 True [   70750.929545] 0003 0035 000002a4
2022-03-03 18:57:59.380812 True [   70750.946360] 0003 0035 000002a4
2022-03-03 18:57:59.397721 True [   70750.962588] 0003 0035 000002a4
2022-03-03 18:57:59.413339 True [   70750.979028] 0003 0035 000002a4
2022-03-03 18:57:59.431265 True [   70750.997408] 0003 0035 000002a4
2022-03-03 18:57:59.449367 True [   70751.014560] 0003 0035 000002a4
2022-03-03 18:57:59.463829 True [   70751.030423] 0003 0035 000002a6
2022-03-03 18:57:59.480141 True [   70751.046784] 0003 0035 000002a8
2022-03-03 18:57:59.497853 True [   70751.063846] 0003 0035 000002ab
2022-03-03 18:57:59.513814 True [   70751.080573] 0003 0035 000002ae
2022-03-03 18:57:59.533829 True [   70751.098813] 0003 0035 000002b1
2022-03-03 18:57:59.549852 True [   70751.115683] 0003 0035 000002b3
2022-03-03 18:57:59.565071 True [   70751.131198] 0003 0035 000002b5
2022-03-03 18:57:59.584715 True [   70751.148799] 0003 0035 000002b5
2022-03-03 18:57:59.600743 True [   70751.165787] 0003 0035 000002b8
2022-03-03 18:57:59.616367 False [   70751.182865] 0003 0035 000002bb
2022-03-03 18:57:59.632764 False [   70751.198800] 0003 0035 000002bf
2022-03-03 18:57:59.651245 False [   70751.216775] 0003 0035 000002c4
2022-03-03 18:57:59.667634 False [   70751.234298] 0003 0035 000002cb
2022-03-03 18:57:59.685337 False [   70751.251082] 0003 0035 000002d3
2022-03-03 18:57:59.701305 False [   70751.268520] 0003 0035 000002db
2022-03-03 18:57:59.719266 False [   70751.284628] 0003 0035 000002e2
2022-03-03 18:57:59.737128 False [   70751.302231] 0003 0035 000002e9
2022-03-03 18:57:59.752288 False [   70751.318451] 0003 0035 000002ee
2022-03-03 18:57:59.768438 False [   70751.335063] 0003 0035 000002f2
2022-03-03 18:57:59.786394 False [   70751.352419] 0003 0035 000002f6
2022-03-03 18:57:59.802221 False [   70751.368717] 0003 0035 000002fa
2022-03-03 18:57:59.821435 False [   70751.386548] 0003 0035 000002fd
2022-03-03 18:57:59.836291 False [   70751.403018] 0003 0035 00000300
2022-03-03 18:57:59.852965 False [   70751.419372] 0003 0035 00000303
2022-03-03 18:57:59.873339 False [   70751.437536] 0003 0035 00000306
2022-03-03 18:57:59.889500 False [   70751.454365] 0003 0035 00000309
2022-03-03 18:57:59.904675 False [   70751.471030] 0003 0035 0000030b
2022-03-03 18:57:59.921726 False [   70751.487436] 0003 0035 0000030b
2022-03-03 18:57:59.938856 False [   70751.505044] 0003 0035 0000030d
2022-03-03 18:57:59.955044 False [   70751.521625] 0003 0035 0000030f
2022-03-03 18:57:59.972914 False [   70751.538438] 0003 0035 00000311
2022-03-03 18:57:59.989345 False [   70751.555332] 0003 0035 00000314
2022-03-03 18:58:00.005409 False [   70751.572121] 0003 0035 00000316
2022-03-03 18:58:00.024350 False [   70751.589186] 0003 0035 00000318
2022-03-03 18:58:00.041472 False [   70751.606414] 0003 0035 00000318
2022-03-03 18:58:00.057915 False [   70751.622810] 0003 0035 00000318
2022-03-03 18:58:00.074232 False [   70751.639135] 0003 0035 0000031a
2022-03-03 18:58:00.091478 False [   70751.656766] 0003 0035 0000031a
2022-03-03 18:58:00.107606 False [   70751.673345] 0003 0035 0000031a
2022-03-03 18:58:00.125597 False [   70751.690884] 0003 0035 0000031a
2022-03-03 18:58:00.141558 False [   70751.707134] 0003 0035 0000031a
2022-03-03 18:58:00.157145 False [   70751.723698] 0003 0035 0000031a
2022-03-03 18:58:00.174860 False [   70751.740575] 0003 0035 0000031a
2022-03-03 18:58:00.191474 False [   70751.757284] 0003 0035 0000031a
2022-03-03 18:58:00.208712 False [   70751.774800] 0003 0035 0000031a
2022-03-03 18:58:00.225652 False [   70751.791487] 0003 0035 0000031a
2022-03-03 18:58:00.244169 False [   70751.810240] 0003 0035 0000031a
2022-03-03 18:58:00.260374 False [   70751.824978] 0003 0035 0000031a
2022-03-03 18:58:00.274901 False [   70751.841832] 0003 0035 0000031a
2022-03-03 18:58:00.294667 False [   70751.859407] 0003 0035 0000031a
2022-03-03 18:58:00.310293 False [   70751.876330] 0003 0035 0000031a
2022-03-03 18:58:00.328263 False [   70751.893223] 0003 0035 0000031a
2022-03-03 18:58:00.362286 False [   70751.927390] 0003 0035 0000031a
2022-03-03 18:58:00.378458 False [   70751.943852] 0003 0035 0000031a
2022-03-03 18:58:00.394597 False [   70751.961771] 0003 0035 0000031a
2022-03-03 18:58:00.412126 False [   70751.978314] 0003 0035 0000031a
2022-03-03 18:58:00.429082 False [   70751.994607] 0003 0035 0000031a
2022-03-03 18:58:00.480156 False [   70752.046527] 0003 0035 0000031a
2022-03-03 18:58:00.496240 False [   70752.062320] 0003 0035 0000031a
2022-03-03 18:58:00.514410 False [   70752.079779] 0003 0035 0000031a
2022-03-03 18:58:00.531359 False [   70752.097205] 0003 0035 00000317
2022-03-03 18:58:00.564459 False [   70752.131138] 0003 0035 00000317
2022-03-03 18:58:00.582011 False [   70752.147002] 0003 0035 00000315
2022-03-03 18:58:00.597966 False [   70752.164119] 0003 0035 00000313
2022-03-03 18:58:00.616505 False [   70752.181768] 0003 0035 00000311
2022-03-03 18:58:00.631943 False [   70752.198322] 0003 0035 0000030f
2022-03-03 18:58:00.665664 False [   70752.232575] 0003 0035 0000030d
2022-03-03 18:58:00.682048 False [   70752.248522] 0003 0035 0000030b
2022-03-03 18:58:00.699860 False [   70752.266074] 0003 0035 00000309
2022-03-03 18:58:00.717809 False [   70752.282953] 0003 0035 00000307
2022-03-03 18:58:00.734922 False [   70752.300066] 0003 0035 00000305
2022-03-03 18:58:00.751567 False [   70752.317458] 0003 0035 00000303
2022-03-03 18:58:00.767541 False [   70752.333941] 0003 0035 00000303
2022-03-03 18:58:00.783918 False [   70752.350461] 0003 0035 00000300
2022-03-03 18:58:00.801909 False [   70752.367562] 0003 0035 000002fd
2022-03-03 18:58:00.819032 False [   70752.384649] 0003 0035 000002f8
2022-03-03 18:58:00.836840 False [   70752.401780] 0003 0035 000002f1
2022-03-03 18:58:00.852392 False [   70752.418327] 0003 0035 000002e8
2022-03-03 18:58:00.870331 False [   70752.435497] 0003 0035 000002e0
2022-03-03 18:58:00.887365 False [   70752.453367] 0003 0035 000002d8
2022-03-03 18:58:00.905601 False [   70752.470339] 0003 0035 000002d1
2022-03-03 18:58:00.920581 False [   70752.485772] 0003 0035 000002cb
2022-03-03 18:58:00.936842 False [   70752.503045] 0003 0035 000002c7
2022-03-03 18:58:00.952951 False [   70752.519734] 0003 0035 000002c4
2022-03-03 18:58:00.968939 False [   70752.536870] 0003 0035 000002c4
2022-03-03 18:58:00.987442 False [   70752.554146] 0003 0035 000002c4
2022-03-03 18:58:01.004438 False [   70752.570928] 0003 0035 000002c4
2022-03-03 18:58:01.020412 False [   70752.587429] 0003 0035 000002c4
2022-03-03 18:58:01.038494 False [   70752.604585] 0003 0035 000002c4
2022-03-03 18:58:01.055320 False [   70752.622310] 0003 0035 000002c2
2022-03-03 18:58:01.074424 False [   70752.639510] 0003 0035 000002c2
2022-03-03 18:58:01.090458 False [   70752.655289] 0003 0035 000002c2
2022-03-03 18:58:01.106466 False [   70752.672842] 0003 0035 000002c0
2022-03-03 18:58:01.125221 True [   70752.690364] 0003 0035 000002c0
2022-03-03 18:58:01.141472 True [   70752.706702] 0003 0035 000002c0
2022-03-03 18:58:01.157124 True [   70752.722988] 0003 0035 000002be
2022-03-03 18:58:01.190439 True [   70752.757207] 0003 0035 000002bc
2022-03-03 18:58:01.208841 True [   70752.774510] 0003 0035 000002b9
2022-03-03 18:58:01.225560 True [   70752.791361] 0003 0035 000002b6
2022-03-03 18:58:01.242509 True [   70752.808423] 0003 0035 000002b3
2022-03-03 18:58:01.258146 True [   70752.824082] 0003 0035 000002b1
2022-03-03 18:58:01.276963 True [   70752.842260] 0003 0035 000002af
2022-03-03 18:58:01.292502 True [   70752.858533] 0003 0035 000002af
2022-03-03 18:58:01.310446 True [   70752.875656] 0003 0035 000002ad
2022-03-03 18:58:01.326431 True [   70752.891919] 0003 0035 000002ad
2022-03-03 18:58:01.343628 True [   70752.909140] 0003 0035 000002ad
2022-03-03 18:58:01.361394 True [   70752.926477] 0003 0035 000002ad
2022-03-03 18:58:01.376973 True [   70752.943684] 0003 0035 000002ad
2022-03-03 18:58:01.393508 True [   70752.960069] 0003 0035 000002ad
2022-03-03 18:58:01.411126 True [   70752.977225] 0003 0035 000002ad
2022-03-03 18:58:01.428941 True [   70752.994362] 0003 0035 000002ad
2022-03-03 18:58:01.445690 True [   70753.011490] 0003 0035 000002ad
2022-03-03 18:58:01.460602 True [   70753.026804] 0003 0035 000002ad
2022-03-03 18:58:01.477970 True [   70753.044368] 0003 0035 000002ad
2022-03-03 18:58:01.496260 True [   70753.062063] 0003 0035 000002ad
2022-03-03 18:58:01.514215 True [   70753.078565] 0003 0035 000002ad
2022-03-03 18:58:01.530093 True [   70753.096072] 0003 0035 000002ad
2022-03-03 18:58:01.547737 True [   70753.113572] 0003 0035 000002ad
2022-03-03 18:58:01.563903 True [   70753.128987] 0003 0035 000002ad
2022-03-03 18:58:01.580952 True [   70753.146662] 0003 0035 000002ad
2022-03-03 18:58:01.596761 True [   70753.162827] 0003 0035 000002ad
2022-03-03 18:58:01.614506 True [   70753.180002] 0003 0035 000002ad
2022-03-03 18:58:01.631038 True [   70753.196069] 0003 0035 000002ad
2022-03-03 18:58:01.648579 True [   70753.214635] 0003 0035 000002a8
2022-03-03 18:58:01.664992 True [   70753.230916] 0003 0035 000002a3
2022-03-03 18:58:01.682133 True [   70753.247719] 0003 0035 0000029c
2022-03-03 18:58:01.698246 True [   70753.263821] 0003 0035 00000294
2022-03-03 18:58:01.716195 True [   70753.280927] 0003 0035 0000028b
2022-03-03 18:58:01.731928 True [   70753.297889] 0003 0035 00000281
2022-03-03 18:58:01.748129 True [   70753.315343] 0003 0035 00000278
2022-03-03 18:58:01.766040 True [   70753.332891] 0003 0035 00000270
2022-03-03 18:58:01.784173 True [   70753.350291] 0003 0035 00000269
2022-03-03 18:58:01.800847 True [   70753.366987] 0003 0035 00000263
2022-03-03 18:58:01.817556 True [   70753.383793] 0003 0035 0000025d
2022-03-03 18:58:01.834044 True [   70753.399982] 0003 0035 00000258
2022-03-03 18:58:01.851481 False [   70753.417572] 0003 0035 00000253
2022-03-03 18:58:01.869633 False [   70753.434393] 0003 0035 0000024c
2022-03-03 18:58:01.885297 False [   70753.450677] 0003 0035 00000244
2022-03-03 18:58:01.902676 False [   70753.467703] 0003 0035 00000239
2022-03-03 18:58:01.918644 False [   70753.484289] 0003 0035 0000022d
2022-03-03 18:58:01.936035 False [   70753.502348] 0003 0035 00000222
2022-03-03 18:58:01.952945 False [   70753.519130] 0003 0035 00000219
2022-03-03 18:58:01.970541 False [   70753.535926] 0003 0035 00000210
2022-03-03 18:58:01.986114 False [   70753.551773] 0003 0035 00000209
2022-03-03 18:58:02.002888 False [   70753.568681] 0003 0035 00000203
2022-03-03 18:58:02.020830 False [   70753.587077] 0003 0035 000001fd
2022-03-03 18:58:02.036299 False [   70753.603045] 0003 0035 000001f7
2022-03-03 18:58:02.052965 False [   70753.620068] 0003 0035 000001f1
2022-03-03 18:58:02.072764 False [   70753.638156] 0003 0035 000001ec
2022-03-03 18:58:02.089218 False [   70753.654381] 0003 0035 000001e7
2022-03-03 18:58:02.105104 False [   70753.670662] 0003 0035 000001e3
2022-03-03 18:58:02.123054 False [   70753.687549] 0003 0035 000001e3
2022-03-03 18:58:02.140261 False [   70753.705010] 0003 0035 000001e3
2022-03-03 18:58:02.155828 False [   70753.721665] 0003 0035 000001e3
2022-03-03 18:58:02.173568 False [   70753.739551] 0003 0035 000001e3
2022-03-03 18:58:02.190417 False [   70753.755913] 0003 0035 000001e3
2022-03-03 18:58:02.206496 False [   70753.772588] 0003 0035 000001e3
2022-03-03 18:58:02.223796 False [   70753.789942] 0003 0035 000001e3
2022-03-03 18:58:02.240379 False [   70753.806427] 0003 0035 000001e3
2022-03-03 18:58:02.255639 False [   70753.823017] 0003 0035 000001e3
2022-03-03 18:58:02.273691 False [   70753.839764] 0003 0035 000001e3
2022-03-03 18:58:02.290469 False [   70753.857269] 0003 0035 000001e3
2022-03-03 18:58:02.309142 False [   70753.874191] 0003 0035 000001e7
2022-03-03 18:58:02.324102 False [   70753.890272] 0003 0035 000001ec
2022-03-03 18:58:02.342230 False [   70753.907509] 0003 0035 000001f1
2022-03-03 18:58:02.359117 False [   70753.923707] 0003 0035 000001f7
2022-03-03 18:58:02.375897 False [   70753.941367] 0003 0035 000001fe
2022-03-03 18:58:02.394671 False [   70753.959288] 0003 0035 00000204
2022-03-03 18:58:02.410332 False [   70753.976343] 0003 0035 0000020c
2022-03-03 18:58:02.427352 False [   70753.993220] 0003 0035 00000215
2022-03-03 18:58:02.477492 False [   70754.043459] 0003 0035 00000220
2022-03-03 18:58:02.494962 False [   70754.060773] 0003 0035 0000022d
2022-03-03 18:58:02.512268 False [   70754.077801] 0003 0035 0000023a
2022-03-03 18:58:02.529224 False [   70754.094464] 0003 0035 00000245
2022-03-03 18:58:02.545680 False [   70754.111848] 0003 0035 0000024d
2022-03-03 18:58:02.560609 False [   70754.127114] 0003 0035 00000253
2022-03-03 18:58:02.578198 False [   70754.145421] 0003 0035 00000258
2022-03-03 18:58:02.596883 False [   70754.162997] 0003 0035 0000025c
2022-03-03 18:58:02.614335 False [   70754.179261] 0003 0035 00000261
2022-03-03 18:58:02.630617 True [   70754.195556] 0003 0035 00000266
2022-03-03 18:58:02.649015 True [   70754.213909] 0003 0035 0000026d
2022-03-03 18:58:02.664433 True [   70754.230332] 0003 0035 00000274
2022-03-03 18:58:02.681373 True [   70754.246773] 0003 0035 0000027b
2022-03-03 18:58:02.697590 True [   70754.263688] 0003 0035 00000282
2022-03-03 18:58:02.714380 True [   70754.279809] 0003 0035 00000288
2022-03-03 18:58:02.733334 True [   70754.298278] 0003 0035 0000028d
2022-03-03 18:58:02.748614 True [   70754.314809] 0003 0035 0000028d
2022-03-03 18:58:02.764422 True [   70754.330941] 0003 0035 00000291
2022-03-03 18:58:02.782681 True [   70754.347286] 0003 0035 00000291
2022-03-03 18:58:02.798783 True [   70754.365592] 0003 0035 00000291
2022-03-03 18:58:02.814458 True [   70754.381572] 0003 0035 00000291
2022-03-03 18:58:02.833048 True [   70754.398460] 0003 0035 00000293
2022-03-03 18:58:02.848844 True [   70754.415533] 0003 0035 00000293
2022-03-03 18:58:02.866524 True [   70754.432781] 0003 0035 00000293
2022-03-03 18:58:02.884248 True [   70754.450013] 0003 0035 00000293
2022-03-03 18:58:02.899995 True [   70754.466405] 0003 0035 00000293
2022-03-03 18:58:02.917949 True [   70754.484335] 0003 0035 00000296
2022-03-03 18:58:02.935995 True [   70754.501528] 0003 0035 00000296
2022-03-03 18:58:02.985399 True [   70754.551662] 0003 0035 00000296
2022-03-03 18:58:03.003248 True [   70754.569153] 0003 0035 00000296
2022-03-03 18:58:03.019674 True [   70754.585843] 0003 0035 00000296
2022-03-03 18:58:03.036284 True [   70754.602327] 0003 0035 00000296
2022-03-03 18:58:03.055626 True [   70754.619463] 0003 0035 00000296
2022-03-03 18:58:03.070582 True [   70754.635783] 0003 0035 00000291
2022-03-03 18:58:03.087299 True [   70754.653562] 0003 0035 00000287
2022-03-03 18:58:03.103953 True [   70754.670303] 0003 0035 0000027c
2022-03-03 18:58:03.120619 True [   70754.686996] 0003 0035 00000270
2022-03-03 18:58:03.138630 True [   70754.704415] 0003 0035 00000265
2022-03-03 18:58:03.157077 True [   70754.721911] 0003 0035 0000025c
2022-03-03 18:58:03.171618 True [   70754.738335] 0003 0035 00000251
2022-03-03 18:58:03.187438 True [   70754.754631] 0003 0035 00000245
2022-03-03 18:58:03.206100 True [   70754.771368] 0003 0035 00000239
2022-03-03 18:58:03.221806 True [   70754.787888] 0003 0035 0000022d
2022-03-03 18:58:03.239727 False [   70754.804790] 0003 0035 00000222
2022-03-03 18:58:03.255248 False [   70754.822296] 0003 0035 00000218
2022-03-03 18:58:03.273724 False [   70754.838774] 0003 0035 0000020f
2022-03-03 18:58:03.289357 False [   70754.855246] 0003 0035 00000205
2022-03-03 18:58:03.307089 False [   70754.872195] 0003 0035 000001fa
2022-03-03 18:58:03.325046 False [   70754.889784] 0003 0035 000001ec
2022-03-03 18:58:03.341003 False [   70754.906323] 0003 0035 000001df
2022-03-03 18:58:03.358820 False [   70754.924078] 0003 0035 000001d2
2022-03-03 18:58:03.375445 False [   70754.941170] 0003 0035 000001c6
2022-03-03 18:58:03.392574 False [   70754.957874] 0003 0035 000001bc
2022-03-03 18:58:03.409186 False [   70754.974771] 0003 0035 000001b3
2022-03-03 18:58:03.424853 False [   70754.991124] 0003 0035 000001a9
2022-03-03 18:58:03.442518 False [   70755.008613] 0003 0035 0000019f
2022-03-03 18:58:03.460610 False [   70755.024365] 0003 0035 00000192
2022-03-03 18:58:03.475811 False [   70755.041005] 0003 0035 00000183
2022-03-03 18:58:03.491439 False [   70755.057820] 0003 0035 00000174
2022-03-03 18:58:03.508350 False [   70755.074693] 0003 0035 00000166
2022-03-03 18:58:03.526303 False [   70755.091667] 0003 0035 0000015a
2022-03-03 18:58:03.544257 False [   70755.108546] 0003 0035 00000150
2022-03-03 18:58:03.563245 False [   70755.126730] 0003 0035 00000147
2022-03-03 18:58:03.575853 False [   70755.142930] 0003 0035 0000013e
2022-03-03 18:58:03.595915 False [   70755.159316] 0003 0035 00000135
2022-03-03 18:58:03.613167 False [   70755.176357] 0003 0035 0000012c
2022-03-03 18:58:03.627618 False [   70755.193313] 0003 0035 00000123
2022-03-03 18:58:03.643808 False [   70755.210304] 0003 0035 0000011b
2022-03-03 18:58:03.661296 False [   70755.227297] 0003 0035 00000114
2022-03-03 18:58:03.677886 False [   70755.243953] 0003 0035 0000010f
2022-03-03 18:58:03.695648 False [   70755.261528] 0003 0035 0000010b
2022-03-03 18:58:03.713314 False [   70755.278206] 0003 0035 0000010b
2022-03-03 18:58:03.729277 False [   70755.294766] 0003 0035 00000107
2022-03-03 18:58:03.748286 False [   70755.313536] 0003 0035 00000107
2022-03-03 18:58:03.764868 False [   70755.330411] 0003 0035 00000107
2022-03-03 18:58:03.782289 False [   70755.346540] 0003 0035 00000107
2022-03-03 18:58:03.798419 False [   70755.363076] 0003 0035 00000107
2022-03-03 18:58:03.811873 False [   70755.379260] 0003 0035 00000107
2022-03-03 18:58:03.832440 False [   70755.397524] 0003 0035 0000010c
2022-03-03 18:58:03.881114 False [   70755.448213] 0003 0035 00000113
2022-03-03 18:58:03.900158 False [   70755.464171] 0003 0035 0000011d
2022-03-03 18:58:03.915319 False [   70755.481526] 0003 0035 00000128
2022-03-03 18:58:03.932274 False [   70755.499170] 0003 0035 00000133
2022-03-03 18:58:03.950583 False [   70755.516043] 0003 0035 0000013e
2022-03-03 18:58:03.967084 False [   70755.532791] 0003 0035 00000148
2022-03-03 18:58:03.983336 False [   70755.550040] 0003 0035 00000152
2022-03-03 18:58:03.999791 False [   70755.566623] 0003 0035 0000015c
2022-03-03 18:58:04.017725 False [   70755.583736] 0003 0035 00000167
2022-03-03 18:58:04.035310 False [   70755.601386] 0003 0035 00000172
2022-03-03 18:58:04.085294 False [   70755.650534] 0003 0035 0000017d
2022-03-03 18:58:04.101960 False [   70755.667295] 0003 0035 00000187
2022-03-03 18:58:04.118470 False [   70755.684563] 0003 0035 00000192
2022-03-03 18:58:04.135422 False [   70755.702098] 0003 0035 0000019c
2022-03-03 18:58:04.153139 False [   70755.718736] 0003 0035 000001a6
2022-03-03 18:58:04.167471 False [   70755.735024] 0003 0035 000001b0
2022-03-03 18:58:04.186227 False [   70755.752659] 0003 0035 000001ba
2022-03-03 18:58:04.204977 False [   70755.770292] 0003 0035 000001c4
2022-03-03 18:58:04.219686 False [   70755.786841] 0003 0035 000001ce
2022-03-03 18:58:04.237413 False [   70755.803066] 0003 0035 000001d7
2022-03-03 18:58:04.270027 False [   70755.837126] 0003 0035 000001de
2022-03-03 18:58:04.287120 False [   70755.854088] 0003 0035 000001e3
2022-03-03 18:58:04.305371 False [   70755.870432] 0003 0035 000001e3
2022-03-03 18:58:04.321355 False [   70755.887349] 0003 0035 000001e7
2022-03-03 18:58:04.338305 False [   70755.904071] 0003 0035 000001eb
2022-03-03 18:58:04.357265 False [   70755.923364] 0003 0035 000001eb
2022-03-03 18:58:04.375109 False [   70755.939136] 0003 0035 000001ef
2022-03-03 18:58:04.389467 False [   70755.954838] 0003 0035 000001f3
2022-03-03 18:58:04.406927 False [   70755.972046] 0003 0035 000001f3
2022-03-03 18:58:04.424813 False [   70755.990130] 0003 0035 000001f6
2022-03-03 18:58:04.441427 False [   70756.007177] 0003 0035 000001f6
2022-03-03 18:58:04.456786 True [   70756.023189] 0003 0035 000001fb
2022-03-03 18:58:04.474768 True [   70756.039468] 0003 0035 00000201
2022-03-03 18:58:04.491403 True [   70756.056863] 0003 0035 00000207
2022-03-03 18:58:04.507136 True [   70756.074409] 0003 0035 0000020f
2022-03-03 18:58:04.523803 True [   70756.090426] 0003 0035 00000218
2022-03-03 18:58:04.541764 True [   70756.107802] 0003 0035 00000221
2022-03-03 18:58:04.561106 True [   70756.125667] 0003 0035 00000229
2022-03-03 18:58:04.562151 True [   70756.125667] 0003 0035 00000257
2022-03-03 18:58:04.574688 True [   70756.141732] 0003 0035 0000022f
2022-03-03 18:58:04.575643 True [   70756.141732] 0003 0035 00000257
2022-03-03 18:58:04.593515 False [   70756.159063] 0003 0035 00000234
2022-03-03 18:58:04.610301 True [   70756.175993] 0003 0035 00000238
2022-03-03 18:58:04.625967 True [   70756.192652] 0003 0035 0000023d
2022-03-03 18:58:04.644166 True [   70756.210212] 0003 0035 0000023d
2022-03-03 18:58:04.661978 True [   70756.226782] 0003 0035 00000241
2022-03-03 18:58:04.678848 True [   70756.242890] 0003 0035 00000245
2022-03-03 18:58:05.101812 True [   70756.666646] 0003 0035 0000030c
2022-03-03 18:58:05.119614 True [   70756.683606] 0003 0035 0000030c
2022-03-03 18:58:05.134682 True [   70756.700081] 0003 0035 0000030c
2022-03-03 18:58:05.152925 True [   70756.717787] 0003 0035 0000030c
2022-03-03 18:58:05.168454 True [   70756.734426] 0003 0035 0000030c
2022-03-03 18:58:05.185940 True [   70756.751500] 0003 0035 00000309
2022-03-03 18:58:05.201968 True [   70756.768085] 0003 0035 00000306
2022-03-03 18:58:05.219424 True [   70756.785440] 0003 0035 00000306
2022-03-03 18:58:05.236149 True [   70756.801742] 0003 0035 00000306
2022-03-03 18:58:05.253349 True [   70756.818340] 0003 0035 00000308
2022-03-03 18:58:05.268800 True [   70756.834766] 0003 0035 0000030b
2022-03-03 18:58:05.285117 True [   70756.851743] 0003 0035 0000030f
2022-03-03 18:58:05.302964 True [   70756.868575] 0003 0035 00000315
2022-03-03 18:58:06.404600 True [   70757.969984] 0003 0035 000001c1
2022-03-03 18:58:06.420575 True [   70757.986693] 0003 0035 000001c1
2022-03-03 18:58:06.437517 True [   70758.004078] 0003 0035 000001c1
2022-03-03 18:58:06.454749 True [   70758.021221] 0003 0035 000001bc
2022-03-03 18:58:06.470771 True [   70758.037260] 0003 0035 000001b5
2022-03-03 18:58:06.487994 True [   70758.054374] 0003 0035 000001aa
2022-03-03 18:58:06.505112 True [   70758.071100] 0003 0035 00000199
2022-03-03 18:58:06.522731 True [   70758.088077] 0003 0035 00000186
2022-03-03 18:58:06.540281 True [   70758.106293] 0003 0035 00000174
2022-03-03 18:58:06.555848 True [   70758.122791] 0003 0035 00000163
2022-03-03 18:58:06.572429 True [   70758.138428] 0003 0035 00000153
2022-03-03 18:58:06.591449 True [   70758.156475] 0003 0035 00000142
2022-03-03 18:58:06.605406 True [   70758.172416] 0003 0035 00000131
2022-03-03 18:58:06.623443 True [   70758.189958] 0003 0035 00000121
2022-03-03 18:58:06.639496 True [   70758.206696] 0003 0035 00000112
2022-03-03 18:58:06.659025 True [   70758.225086] 0003 0035 00000106
2022-03-03 18:58:06.674807 True [   70758.240344] 0003 0035 000000fc
2022-03-03 18:58:06.692810 True [   70758.257701] 0003 0035 000000f3
2022-03-03 18:58:06.709755 True [   70758.275061] 0003 0035 000000ec
2022-03-03 18:58:06.725765 True [   70758.291408] 0003 0035 000000e5
2022-03-03 18:58:06.743166 True [   70758.307980] 0003 0035 000000e0
2022-03-03 18:58:06.760244 True [   70758.326055] 0003 0035 000000dc
2022-03-03 18:58:06.776789 True [   70758.341421] 0003 0035 000000d8
2022-03-03 18:58:06.795738 True [   70758.360377] 0003 0035 000000d4
2022-03-03 18:58:06.809718 True [   70758.374994] 0003 0035 000000cf
2022-03-03 18:58:06.825895 True [   70758.391902] 0003 0035 000000c9
