Mode = area stim
        verts = 4 
        radius = 550 
        center = (800, 1280) 
        first_angle = 0.9920400165602349 
        wm_size = [1600 2560] 
        stim_amp = 6 
        baseline_stim = 4
        current_stim_group = stim
        sense_zone = 0
        task_code = 1
        ===============================
2022-04-07 14:40:14.448722 True [    7723.502594] 0003 0036 00000529
2022-04-07 14:40:14.538202 True [    7723.592738] 0003 0035 000001c5
2022-04-07 14:40:14.538670 True [    7723.592738] 0003 0036 00000528
2022-04-07 14:40:14.545836 True [    7723.601161] 0003 0035 000001c8
2022-04-07 14:40:14.554490 True [    7723.609374] 0003 0035 000001c9
2022-04-07 14:40:14.562291 True [    7723.617927] 0003 0035 000001cf
2022-04-07 14:40:14.562291 True [    7723.617927] 0003 0036 00000529
2022-04-07 14:40:14.571302 True [    7723.626061] 0003 0035 000001d3
2022-04-07 14:40:14.571302 True [    7723.626061] 0003 0036 0000052a
2022-04-07 14:40:14.578891 True [    7723.634548] 0003 0035 000001d7
2022-04-07 14:40:14.587095 True [    7723.642762] 0003 0035 000001de
2022-04-07 14:40:14.587095 True [    7723.642762] 0003 0036 0000052b
2022-04-07 14:40:14.595625 True [    7723.651215] 0003 0035 000001e2
2022-04-07 14:40:14.605613 True [    7723.659381] 0003 0035 000001e6
2022-04-07 14:40:14.612804 True [    7723.667809] 0003 0035 000001e9
2022-04-07 14:40:14.620597 True [    7723.676202] 0003 0035 000001f0
2022-04-07 14:40:14.620597 True [    7723.676202] 0003 0036 0000052d
2022-04-07 14:40:14.629147 True [    7723.684497] 0003 0035 000001f4
2022-04-07 14:40:14.629147 True [    7723.684497] 0003 0036 0000052e
2022-04-07 14:40:14.639220 True [    7723.692614] 0003 0035 000001f7
2022-04-07 14:40:14.644865 True [    7723.701013] 0003 0035 000001fb
2022-04-07 14:40:14.644865 True [    7723.701013] 0003 0036 0000052f
2022-04-07 14:40:14.653310 True [    7723.709235] 0003 0035 000001fc
2022-04-07 14:40:14.662597 True [    7723.717700] 0003 0035 00000202
2022-04-07 14:40:14.670280 True [    7723.725914] 0003 0035 00000207
2022-04-07 14:40:14.670280 True [    7723.725914] 0003 0036 00000530
2022-04-07 14:40:14.678711 True [    7723.734487] 0003 0035 0000020a
2022-04-07 14:40:14.678711 True [    7723.734487] 0003 0036 00000531
2022-04-07 14:40:14.687310 True [    7723.742597] 0003 0035 0000020d
2022-04-07 14:40:14.695156 True [    7723.750921] 0003 0035 00000215
2022-04-07 14:40:14.703609 True [    7723.759108] 0003 0035 0000021b
2022-04-07 14:40:14.711869 True [    7723.767663] 0003 0035 0000021f
2022-04-07 14:40:14.719640 True [    7723.775756] 0003 0035 00000223
2022-04-07 14:40:14.728478 True [    7723.784141] 0003 0035 00000229
2022-04-07 14:40:14.728478 True [    7723.784141] 0003 0036 00000530
2022-04-07 14:40:14.737089 True [    7723.792359] 0003 0035 0000022f
2022-04-07 14:40:14.745322 True [    7723.800785] 0003 0035 00000233
2022-04-07 14:40:14.752726 True [    7723.808969] 0003 0035 00000236
2022-04-07 14:40:14.763251 True [    7723.817464] 0003 0035 0000023b
2022-04-07 14:40:14.763251 True [    7723.817464] 0003 0036 0000052f
2022-04-07 14:40:14.770660 True [    7723.825645] 0003 0035 00000240
2022-04-07 14:40:14.778597 True [    7723.834014] 0003 0035 00000244
2022-04-07 14:40:14.787259 True [    7723.842248] 0003 0035 0000024b
2022-04-07 14:40:14.787259 True [    7723.842248] 0003 0036 0000052e
2022-04-07 14:40:14.795470 True [    7723.850646] 0003 0035 00000250
2022-04-07 14:40:14.795470 True [    7723.850646] 0003 0036 0000052d
2022-04-07 14:40:14.804515 True [    7723.858881] 0003 0035 00000254
2022-04-07 14:40:14.812740 True [    7723.867257] 0003 0035 00000257
2022-04-07 14:40:14.812740 True [    7723.867257] 0003 0036 0000052c
2022-04-07 14:40:14.820699 True [    7723.875460] 0003 0035 00000259
2022-04-07 14:40:14.820699 True [    7723.875460] 0003 0036 0000052b
2022-04-07 14:40:14.828897 True [    7723.883980] 0003 0035 0000025f
2022-04-07 14:40:14.838151 True [    7723.892041] 0003 0035 00000263
2022-04-07 14:40:14.838151 True [    7723.892041] 0003 0036 0000052a
2022-04-07 14:40:14.845594 True [    7723.900807] 0003 0035 00000266
2022-04-07 14:40:14.845594 True [    7723.900807] 0003 0036 00000529
2022-04-07 14:40:14.852666 True [    7723.908739] 0003 0035 00000269
2022-04-07 14:40:14.861271 True [    7723.917083] 0003 0035 0000026b
2022-04-07 14:40:14.861271 True [    7723.917083] 0003 0036 00000528
2022-04-07 14:40:14.871273 True [    7723.925404] 0003 0035 00000270
2022-04-07 14:40:14.871273 True [    7723.925404] 0003 0036 00000527
2022-04-07 14:40:14.879055 True [    7723.933717] 0003 0035 00000275
2022-04-07 14:40:14.886222 True [    7723.941906] 0003 0035 00000279
2022-04-07 14:40:14.894828 True [    7723.950366] 0003 0035 0000027b
2022-04-07 14:40:14.903997 True [    7723.958555] 0003 0035 00000281
2022-04-07 14:40:14.903997 True [    7723.958555] 0003 0036 00000526
2022-04-07 14:40:14.911558 True [    7723.966933] 0003 0035 00000285
2022-04-07 14:40:14.911558 True [    7723.966933] 0003 0036 00000525
2022-04-07 14:40:14.921090 True [    7723.975165] 0003 0035 00000288
2022-04-07 14:40:14.928984 True [    7723.983675] 0003 0035 0000028b
2022-04-07 14:40:14.936310 True [    7723.991765] 0003 0035 0000028d
2022-04-07 14:40:14.936310 True [    7723.991765] 0003 0036 00000524
2022-04-07 14:40:14.944927 True [    7724.000172] 0003 0035 00000291
2022-04-07 14:40:14.953320 True [    7724.008373] 0003 0035 00000295
2022-04-07 14:40:14.961891 True [    7724.016848] 0003 0035 00000298
2022-04-07 14:40:14.961891 True [    7724.016848] 0003 0036 00000523
2022-04-07 14:40:14.969084 True [    7724.024987] 0003 0035 0000029b
2022-04-07 14:40:14.978158 True [    7724.033462] 0003 0035 0000029d
2022-04-07 14:40:14.987056 True [    7724.041629] 0003 0035 000002a2
2022-04-07 14:40:14.995599 True [    7724.050049] 0003 0035 000002a6
2022-04-07 14:40:15.002200 True [    7724.058250] 0003 0035 000002aa
2022-04-07 14:40:15.010941 True [    7724.066859] 0003 0035 000002b0
2022-04-07 14:40:15.018669 True [    7724.074828] 0003 0035 000002b5
2022-04-07 14:40:15.028072 True [    7724.083296] 0003 0035 000002b8
2022-04-07 14:40:15.036361 True [    7724.091491] 0003 0035 000002bb
2022-04-07 14:40:15.044437 True [    7724.099888] 0003 0035 000002c2
2022-04-07 14:40:15.054543 True [    7724.108132] 0003 0035 000002c7
2022-04-07 14:40:15.060213 True [    7724.116586] 0003 0035 000002ca
2022-04-07 14:40:15.070278 True [    7724.124708] 0003 0035 000002d2
2022-04-07 14:40:15.070278 True [    7724.124708] 0003 0036 00000524
2022-04-07 14:40:15.078576 True [    7724.133232] 0003 0035 000002d8
2022-04-07 14:40:15.078576 True [    7724.133232] 0003 0036 00000525
2022-04-07 14:40:15.086614 True [    7724.141313] 0003 0035 000002dc
2022-04-07 14:40:15.086614 True [    7724.141313] 0003 0036 00000526
2022-04-07 14:40:15.096062 True [    7724.149811] 0003 0035 000002e3
2022-04-07 14:40:15.096062 True [    7724.149811] 0003 0036 00000527
2022-04-07 14:40:15.103342 True [    7724.157950] 0003 0035 000002ea
2022-04-07 14:40:15.103342 True [    7724.157950] 0003 0036 00000528
2022-04-07 14:40:15.111966 True [    7724.166332] 0003 0035 000002ed
2022-04-07 14:40:15.111966 True [    7724.166332] 0003 0036 00000529
2022-04-07 14:40:15.119537 True [    7724.174580] 0003 0035 000002f1
2022-04-07 14:40:15.128358 True [    7724.183009] 0003 0035 000002f8
2022-04-07 14:40:15.128358 True [    7724.183009] 0003 0036 0000052b
2022-04-07 14:40:15.136739 True [    7724.191201] 0003 0035 000002fc
2022-04-07 14:40:15.144831 True [    7724.199583] 0003 0035 00000300
2022-04-07 14:40:15.144831 True [    7724.199583] 0003 0036 0000052c
2022-04-07 14:40:15.152799 True [    7724.207869] 0003 0035 00000303
2022-04-07 14:40:15.152799 True [    7724.207869] 0003 0036 0000052d
2022-04-07 14:40:15.161285 True [    7724.216307] 0003 0035 0000030a
2022-04-07 14:40:15.161285 True [    7724.216307] 0003 0036 0000052e
2022-04-07 14:40:15.169204 True [    7724.224479] 0003 0035 0000030f
2022-04-07 14:40:15.169204 True [    7724.224479] 0003 0036 0000052f
2022-04-07 14:40:15.178063 True [    7724.232904] 0003 0035 00000313
2022-04-07 14:40:15.185325 True [    7724.241108] 0003 0035 00000319
2022-04-07 14:40:15.186284 True [    7724.241108] 0003 0036 00000530
2022-04-07 14:40:15.193264 True [    7724.249458] 0003 0035 0000031e
2022-04-07 14:40:15.204234 True [    7724.257703] 0003 0035 00000321
2022-04-07 14:40:15.211830 True [    7724.266130] 0003 0035 00000323
2022-04-07 14:40:15.219540 True [    7724.274308] 0003 0035 00000329
2022-04-07 14:40:15.219540 True [    7724.274308] 0003 0036 00000531
2022-04-07 14:40:15.227070 True [    7724.282754] 0003 0035 0000032e
2022-04-07 14:40:15.237087 True [    7724.290940] 0003 0035 00000331
2022-04-07 14:40:15.237087 True [    7724.290940] 0003 0036 00000532
2022-04-07 14:40:15.244699 True [    7724.299510] 0003 0035 00000333
2022-04-07 14:40:15.252569 True [    7724.307604] 0003 0035 00000335
2022-04-07 14:40:15.260101 True [    7724.316165] 0003 0035 00000337
2022-04-07 14:40:15.269050 True [    7724.324375] 0003 0035 0000033c
2022-04-07 14:40:15.269050 True [    7724.324375] 0003 0036 00000533
2022-04-07 14:40:15.277085 True [    7724.332656] 0003 0035 00000340
2022-04-07 14:40:15.286395 True [    7724.341009] 0003 0035 00000343
2022-04-07 14:40:15.293964 True [    7724.349240] 0003 0035 00000345
2022-04-07 14:40:15.302204 True [    7724.357451] 0003 0035 00000347
2022-04-07 14:40:15.303085 True [    7724.357451] 0003 0036 00000534
2022-04-07 14:40:15.311198 True [    7724.365932] 0003 0035 00000348
2022-04-07 14:40:15.318620 True [    7724.374119] 0003 0035 0000034a
2022-04-07 14:40:15.335250 True [    7724.390780] 0003 0035 0000034e
2022-04-07 14:40:15.335250 True [    7724.390780] 0003 0036 00000532
2022-04-07 14:40:15.344108 True [    7724.399251] 0003 0035 00000352
2022-04-07 14:40:15.344108 True [    7724.399251] 0003 0036 00000531
2022-04-07 14:40:15.351974 True [    7724.407352] 0003 0035 00000354
2022-04-07 14:40:15.359960 True [    7724.415742] 0003 0035 00000356
2022-04-07 14:40:15.359960 True [    7724.415742] 0003 0036 00000530
2022-04-07 14:40:15.369091 True [    7724.423986] 0003 0035 00000358
2022-04-07 14:40:15.369091 True [    7724.423986] 0003 0036 0000052f
2022-04-07 14:40:15.377163 True [    7724.432515] 0003 0035 00000359
2022-04-07 14:40:15.384519 True [    7724.440566] 0003 0035 0000035a
2022-04-07 14:40:15.394444 True [    7724.449022] 0003 0035 0000035b
2022-04-07 14:40:15.401773 True [    7724.457199] 0003 0035 0000035c
2022-04-07 14:40:15.410149 True [    7724.465630] 0003 0035 0000035f
2022-04-07 14:40:15.410149 True [    7724.465630] 0003 0036 0000052e
2022-04-07 14:40:15.418129 True [    7724.473823] 0003 0035 00000361
2022-04-07 14:40:15.418129 True [    7724.473823] 0003 0036 0000052d
2022-04-07 14:40:15.427178 True [    7724.482563] 0003 0035 00000363
2022-04-07 14:40:15.434229 True [    7724.490423] 0003 0035 00000365
2022-04-07 14:40:15.434229 True [    7724.490423] 0003 0036 0000052c
2022-04-07 14:40:15.443432 True [    7724.498880] 0003 0035 00000367
2022-04-07 14:40:15.452340 True [    7724.507110] 0003 0035 0000036b
2022-04-07 14:40:15.460147 True [    7724.515469] 0003 0035 0000036e
2022-04-07 14:40:15.469292 True [    7724.523669] 0003 0035 00000375
2022-04-07 14:40:15.469292 True [    7724.523669] 0003 0036 0000052b
2022-04-07 14:40:15.476943 True [    7724.532133] 0003 0035 00000379
2022-04-07 14:40:15.484655 True [    7724.540303] 0003 0035 0000037c
2022-04-07 14:40:15.493331 True [    7724.548863] 0003 0035 00000382
2022-04-07 14:40:15.493331 True [    7724.548863] 0003 0036 0000052c
2022-04-07 14:40:15.501236 True [    7724.556919] 0003 0035 00000385
2022-04-07 14:40:15.501236 True [    7724.556919] 0003 0036 0000052e
2022-04-07 14:40:15.509085 True [    7724.565381] 0003 0035 00000388
2022-04-07 14:40:15.509085 True [    7724.565381] 0003 0036 0000052f
2022-04-07 14:40:15.517641 True [    7724.573535] 0003 0035 0000038d
2022-04-07 14:40:15.517641 True [    7724.573535] 0003 0036 00000530
2022-04-07 14:40:15.526354 True [    7724.581959] 0003 0035 00000390
2022-04-07 14:40:15.526354 True [    7724.581959] 0003 0036 00000532
2022-04-07 14:40:15.534508 True [    7724.590153] 0003 0035 00000395
2022-04-07 14:40:15.534508 True [    7724.590153] 0003 0036 00000536
2022-04-07 14:40:15.543038 True [    7724.598557] 0003 0035 00000399
2022-04-07 14:40:15.543038 True [    7724.598557] 0003 0036 00000539
2022-04-07 14:40:15.550874 True [    7724.606765] 0003 0035 000003a0
2022-04-07 14:40:15.550874 True [    7724.606765] 0003 0036 0000053d
2022-04-07 14:40:15.559159 True [    7724.615203] 0003 0035 000003a5
2022-04-07 14:40:15.559159 True [    7724.615203] 0003 0036 0000053f
2022-04-07 14:40:15.568125 True [    7724.623412] 0003 0035 000003ab
2022-04-07 14:40:15.568125 True [    7724.623412] 0003 0036 00000543
2022-04-07 14:40:15.575917 True [    7724.631809] 0003 0035 000003b2
2022-04-07 14:40:15.575917 True [    7724.631809] 0003 0036 00000545
2022-04-07 14:40:15.585362 True [    7724.640197] 0003 0035 000003b8
2022-04-07 14:40:15.585362 True [    7724.640197] 0003 0036 00000547
2022-04-07 14:40:15.592869 True [    7724.648479] 0003 0035 000003be
2022-04-07 14:40:15.592869 True [    7724.648479] 0003 0036 00000549
2022-04-07 14:40:15.601569 True [    7724.656624] 0003 0035 000003c3
2022-04-07 14:40:15.601569 True [    7724.656624] 0003 0036 0000054b
2022-04-07 14:40:15.609341 True [    7724.665069] 0003 0035 000003cb
2022-04-07 14:40:15.609341 True [    7724.665069] 0003 0036 0000054e
2022-04-07 14:40:15.617541 True [    7724.673221] 0003 0035 000003d1
2022-04-07 14:40:15.617541 True [    7724.673221] 0003 0036 00000550
2022-04-07 14:40:15.626560 True [    7724.681672] 0003 0035 000003dd
2022-04-07 14:40:15.626560 True [    7724.681672] 0003 0036 00000554
2022-04-07 14:40:15.634740 True [    7724.689897] 0003 0035 000003e4
2022-04-07 14:40:15.634740 True [    7724.689897] 0003 0036 00000556
2022-04-07 14:40:15.643177 True [    7724.698284] 0003 0035 000003ec
2022-04-07 14:40:15.643177 True [    7724.698284] 0003 0036 0000055a
2022-04-07 14:40:15.650726 True [    7724.706493] 0003 0035 000003f2
2022-04-07 14:40:15.650726 True [    7724.706493] 0003 0036 0000055d
2022-04-07 14:40:15.659391 True [    7724.714936] 0003 0035 000003f8
2022-04-07 14:40:15.659391 True [    7724.714936] 0003 0036 0000055f
2022-04-07 14:40:15.667543 True [    7724.723113] 0003 0035 000003fd
2022-04-07 14:40:15.667543 True [    7724.723113] 0003 0036 00000562
2022-04-07 14:40:15.676644 True [    7724.731543] 0003 0035 00000408
2022-04-07 14:40:15.676644 True [    7724.731543] 0003 0036 00000567
2022-04-07 14:40:15.685105 True [    7724.739722] 0003 0035 00000412
2022-04-07 14:40:15.685105 True [    7724.739722] 0003 0036 0000056a
2022-04-07 14:40:15.692319 True [    7724.748115] 0003 0035 0000041a
2022-04-07 14:40:15.692319 True [    7724.748115] 0003 0036 0000056c
2022-04-07 14:40:15.701410 True [    7724.756433] 0003 0035 0000041f
2022-04-07 14:40:15.701410 True [    7724.756433] 0003 0036 0000056f
2022-04-07 14:40:15.708753 True [    7724.764810] 0003 0035 00000423
2022-04-07 14:40:15.708753 True [    7724.764810] 0003 0036 00000571
2022-04-07 14:40:15.716826 True [    7724.772929] 0003 0035 00000428
2022-04-07 14:40:15.716826 True [    7724.772929] 0003 0036 00000573
2022-04-07 14:40:15.725560 True [    7724.781385] 0003 0035 0000042b
2022-04-07 14:40:15.725560 True [    7724.781385] 0003 0036 00000574
2022-04-07 14:40:15.733909 True [    7724.789599] 0003 0035 00000432
2022-04-07 14:40:15.733909 True [    7724.789599] 0003 0036 00000576
2022-04-07 14:40:15.741970 True [    7724.797986] 0003 0035 00000437
2022-04-07 14:40:15.741970 True [    7724.797986] 0003 0036 00000578
2022-04-07 14:40:15.750592 True [    7724.806214] 0003 0035 0000043c
2022-04-07 14:40:15.750592 True [    7724.806214] 0003 0036 0000057a
2022-04-07 14:40:15.758618 True [    7724.814631] 0003 0035 0000043f
2022-04-07 14:40:15.766762 True [    7724.822812] 0003 0035 00000446
2022-04-07 14:40:15.766762 True [    7724.822812] 0003 0036 0000057b
2022-04-07 14:40:15.775245 True [    7724.831205] 0003 0035 0000044b
2022-04-07 14:40:15.775245 True [    7724.831205] 0003 0036 0000057d
2022-04-07 14:40:15.784865 True [    7724.839437] 0003 0035 00000450
2022-04-07 14:40:15.784865 True [    7724.839437] 0003 0036 0000057e
2022-04-07 14:40:15.791897 True [    7724.847865] 0003 0035 00000454
2022-04-07 14:40:15.791897 True [    7724.847865] 0003 0036 0000057f
2022-04-07 14:40:15.800345 True [    7724.856055] 0003 0035 00000456
2022-04-07 14:40:15.810169 True [    7724.864547] 0003 0035 0000045b
2022-04-07 14:40:15.810169 True [    7724.864547] 0003 0036 00000580
2022-04-07 14:40:15.817094 True [    7724.872797] 0003 0035 00000462
2022-04-07 14:40:15.817094 True [    7724.872797] 0003 0036 00000581
2022-04-07 14:40:15.825562 True [    7724.881077] 0003 0035 00000467
2022-04-07 14:40:15.825562 True [    7724.881077] 0003 0036 00000582
2022-04-07 14:40:15.834020 True [    7724.889327] 0003 0035 0000046b
2022-04-07 14:40:15.834020 True [    7724.889327] 0003 0036 00000583
2022-04-07 14:40:15.843561 True [    7724.897724] 0003 0035 0000046f
2022-04-07 14:40:15.843561 True [    7724.897724] 0003 0036 00000585
2022-04-07 14:40:15.850149 True [    7724.905879] 0003 0035 00000473
2022-04-07 14:40:15.858969 True [    7724.914293] 0003 0035 00000479
2022-04-07 14:40:15.858969 True [    7724.914293] 0003 0036 00000587
2022-04-07 14:40:15.867215 True [    7724.922526] 0003 0035 0000047e
2022-04-07 14:40:15.867215 True [    7724.922526] 0003 0036 00000588
2022-04-07 14:40:15.875727 True [    7724.930928] 0003 0035 00000482
2022-04-07 14:40:15.875727 True [    7724.930928] 0003 0036 0000058b
2022-04-07 14:40:15.884643 True [    7724.939142] 0003 0035 00000486
2022-04-07 14:40:15.884643 True [    7724.939142] 0003 0036 0000058e
2022-04-07 14:40:15.893093 True [    7724.947612] 0003 0035 00000489
2022-04-07 14:40:15.893093 True [    7724.947612] 0003 0036 0000058f
2022-04-07 14:40:15.899902 True [    7724.955759] 0003 0035 0000048d
2022-04-07 14:40:15.899902 True [    7724.955759] 0003 0036 00000593
2022-04-07 14:40:15.909254 False [    7724.964317] 0003 0035 00000490
2022-04-07 14:40:15.909254 False [    7724.964317] 0003 0036 00000595
2022-04-07 14:40:15.917041 False [    7724.972378] 0003 0035 00000495
2022-04-07 14:40:15.917041 False [    7724.972378] 0003 0036 0000059c
2022-04-07 14:40:15.925385 False [    7724.980998] 0003 0035 0000049d
2022-04-07 14:40:15.925385 False [    7724.980998] 0003 0036 000005a3
2022-04-07 14:40:15.934101 False [    7724.989057] 0003 0035 000004a2
2022-04-07 14:40:15.934101 False [    7724.989057] 0003 0036 000005a8
2022-04-07 14:40:15.942157 False [    7724.997436] 0003 0035 000004a8
2022-04-07 14:40:15.942157 False [    7724.997436] 0003 0036 000005ae
2022-04-07 14:40:15.951660 False [    7725.005576] 0003 0035 000004b3
2022-04-07 14:40:15.951660 False [    7725.005576] 0003 0036 000005b5
2022-04-07 14:40:15.958674 False [    7725.014001] 0003 0035 000004ba
2022-04-07 14:40:15.958674 False [    7725.014001] 0003 0036 000005be
2022-04-07 14:40:15.967108 False [    7725.022221] 0003 0035 000004c0
2022-04-07 14:40:15.967108 False [    7725.022221] 0003 0036 000005c2
2022-04-07 14:40:15.975012 False [    7725.030670] 0003 0035 000004c7
2022-04-07 14:40:15.975012 False [    7725.030670] 0003 0036 000005cd
2022-04-07 14:40:15.983539 False [    7725.038824] 0003 0035 000004d0
2022-04-07 14:40:15.983539 False [    7725.038824] 0003 0036 000005d5
2022-04-07 14:40:15.992625 False [    7725.047277] 0003 0035 000004d6
2022-04-07 14:40:15.992625 False [    7725.047277] 0003 0036 000005db
2022-04-07 14:40:15.999363 False [    7725.055444] 0003 0035 000004dc
2022-04-07 14:40:15.999363 False [    7725.055444] 0003 0036 000005e0
2022-04-07 14:40:16.007308 False [    7725.063842] 0003 0035 000004e3
2022-04-07 14:40:16.007308 False [    7725.063842] 0003 0036 000005e5
2022-04-07 14:40:16.016341 False [    7725.072093] 0003 0035 000004e9
2022-04-07 14:40:16.016341 False [    7725.072093] 0003 0036 000005eb
2022-04-07 14:40:16.024795 False [    7725.080587] 0003 0035 000004ee
2022-04-07 14:40:16.024795 False [    7725.080587] 0003 0036 000005ef
2022-04-07 14:40:16.032735 False [    7725.088693] 0003 0035 000004f1
2022-04-07 14:40:16.032735 False [    7725.088693] 0003 0036 000005f3
2022-04-07 14:40:16.041344 False [    7725.097130] 0003 0035 000004f3
2022-04-07 14:40:16.041344 False [    7725.097130] 0003 0036 000005f4
2022-04-07 14:40:16.050278 False [    7725.105317] 0003 0035 000004f5
2022-04-07 14:40:16.051243 False [    7725.105317] 0003 0036 000005f5
2022-04-07 14:40:16.059150 False [    7725.113741] 0003 0035 000004f7
2022-04-07 14:40:16.059150 False [    7725.113741] 0003 0036 000005f6
2022-04-07 14:40:16.066129 False [    7725.121913] 0003 0035 000004f8
2022-04-07 14:40:16.074176 False [    7725.130371] 0003 0035 000004f9
2022-04-07 14:40:16.074176 False [    7725.130371] 0003 0036 000005f7
2022-04-07 14:40:16.083622 False [    7725.138552] 0003 0035 000004fb
2022-04-07 14:40:16.083622 False [    7725.138552] 0003 0036 000005f9
2022-04-07 14:40:16.091296 False [    7725.146966] 0003 0035 000004fe
2022-04-07 14:40:16.091296 False [    7725.146966] 0003 0036 000005fa
2022-04-07 14:40:16.101264 False [    7725.155198] 0003 0035 000004ff
2022-04-07 14:40:16.101264 False [    7725.155198] 0003 0036 000005fc
2022-04-07 14:40:16.109029 False [    7725.163623] 0003 0035 00000502
2022-04-07 14:40:16.109029 False [    7725.163623] 0003 0036 000005fe
2022-04-07 14:40:16.117105 False [    7725.171776] 0003 0035 00000504
2022-04-07 14:40:16.117105 False [    7725.171776] 0003 0036 000005ff
2022-04-07 14:40:16.125730 False [    7725.180386] 0003 0035 00000506
2022-04-07 14:40:16.125730 False [    7725.180386] 0003 0036 00000600
2022-04-07 14:40:16.134881 False [    7725.188566] 0003 0035 00000508
2022-04-07 14:40:16.134881 False [    7725.188566] 0003 0036 00000601
2022-04-07 14:40:16.141874 False [    7725.196884] 0003 0035 0000050b
2022-04-07 14:40:16.141874 False [    7725.196884] 0003 0036 00000604
2022-04-07 14:40:16.149388 False [    7725.205055] 0003 0035 0000050e
2022-04-07 14:40:16.149388 False [    7725.205055] 0003 0036 00000606
2022-04-07 14:40:16.159195 False [    7725.213448] 0003 0035 00000510
2022-04-07 14:40:16.159195 False [    7725.213448] 0003 0036 00000608
2022-04-07 14:40:16.166220 False [    7725.221623] 0003 0035 00000512
2022-04-07 14:40:16.166220 False [    7725.221623] 0003 0036 0000060a
2022-04-07 14:40:16.176834 False [    7725.230088] 0003 0035 00000514
2022-04-07 14:40:16.182607 False [    7725.238238] 0003 0036 0000060d
2022-04-07 14:40:16.190801 False [    7725.246643] 0003 0035 00000517
2022-04-07 14:40:16.190801 False [    7725.246643] 0003 0036 00000611
2022-04-07 14:40:16.198681 False [    7725.254854] 0003 0035 0000051a
2022-04-07 14:40:16.198681 False [    7725.254854] 0003 0036 00000614
2022-04-07 14:40:16.208132 False [    7725.263279] 0003 0035 0000051d
2022-04-07 14:40:16.209185 False [    7725.263279] 0003 0036 00000618
2022-04-07 14:40:16.215815 False [    7725.271481] 0003 0035 0000051f
2022-04-07 14:40:16.215815 False [    7725.271481] 0003 0036 0000061f
2022-04-07 14:40:16.224992 False [    7725.279920] 0003 0035 00000522
2022-04-07 14:40:16.224992 False [    7725.279920] 0003 0036 00000624
2022-04-07 14:40:16.232916 False [    7725.288120] 0003 0035 00000525
2022-04-07 14:40:16.232916 False [    7725.288120] 0003 0036 0000062a
2022-04-07 14:40:16.240671 False [    7725.296548] 0003 0035 00000527
2022-04-07 14:40:16.240671 False [    7725.296548] 0003 0036 00000630
2022-04-07 14:40:16.249696 False [    7725.304730] 0003 0035 0000052b
2022-04-07 14:40:16.249696 False [    7725.304730] 0003 0036 0000063b
2022-04-07 14:40:16.258402 False [    7725.313176] 0003 0035 00000530
2022-04-07 14:40:16.258402 False [    7725.313176] 0003 0036 00000646
2022-04-07 14:40:16.266358 False [    7725.321384] 0003 0035 00000534
2022-04-07 14:40:16.266358 False [    7725.321384] 0003 0036 0000064d
2022-04-07 14:40:16.275442 False [    7725.329779] 0003 0035 00000537
2022-04-07 14:40:16.275442 False [    7725.329779] 0003 0036 00000656
2022-04-07 14:40:16.284550 False [    7725.337994] 0003 0035 0000053c
2022-04-07 14:40:16.284550 False [    7725.337994] 0003 0036 00000660
2022-04-07 14:40:16.290943 False [    7725.346386] 0003 0035 0000053e
2022-04-07 14:40:16.290943 False [    7725.346386] 0003 0036 0000066a
2022-04-07 14:40:16.299262 False [    7725.354574] 0003 0035 00000541
2022-04-07 14:40:16.299262 False [    7725.354574] 0003 0036 00000671
2022-04-07 14:40:16.308079 False [    7725.363040] 0003 0035 00000542
2022-04-07 14:40:16.308079 False [    7725.363040] 0003 0036 00000676
2022-04-07 14:40:16.316248 False [    7725.371299] 0003 0035 00000543
2022-04-07 14:40:16.316248 False [    7725.371299] 0003 0036 0000067a
2022-04-07 14:40:16.323367 False [    7725.379602] 0003 0035 00000544
2022-04-07 14:40:16.323367 False [    7725.379602] 0003 0036 0000067e
2022-04-07 14:40:16.333599 False [    7725.387839] 0003 0035 00000545
2022-04-07 14:40:16.333599 False [    7725.387839] 0003 0036 00000682
2022-04-07 14:40:16.341246 False [    7725.395785] 0003 0036 00000685
2022-04-07 14:40:16.349344 False [    7725.404231] 0003 0035 0000053e
2022-04-07 14:40:16.349344 False [    7725.404231] 0003 0036 0000067c
2022-04-07 14:40:16.356992 False [    7725.412744] 0003 0035 00000538
2022-04-07 14:40:16.356992 False [    7725.412744] 0003 0036 00000676
2022-04-07 14:40:16.365738 False [    7725.420995] 0003 0035 00000534
2022-04-07 14:40:16.365738 False [    7725.420995] 0003 0036 0000066b
2022-04-07 14:40:16.375277 False [    7725.429389] 0003 0035 00000530
2022-04-07 14:40:16.375277 False [    7725.429389] 0003 0036 00000665
2022-04-07 14:40:16.383053 False [    7725.437632] 0003 0035 0000052f
2022-04-07 14:40:16.383053 False [    7725.437632] 0003 0036 00000660
2022-04-07 14:40:16.392090 False [    7725.445991] 0003 0035 0000052c
2022-04-07 14:40:16.392090 False [    7725.445991] 0003 0036 0000065d
2022-04-07 14:40:16.399439 False [    7725.454242] 0003 0035 00000527
2022-04-07 14:40:16.399439 False [    7725.454242] 0003 0036 00000658
2022-04-07 14:40:16.407997 False [    7725.462721] 0003 0036 00000654
2022-04-07 14:40:16.415475 False [    7725.470780] 0003 0035 00000524
2022-04-07 14:40:16.424442 False [    7725.479279] 0003 0036 00000653
2022-04-07 14:40:16.433622 False [    7725.487331] 0003 0036 00000652
2022-04-07 14:40:16.449339 False [    7725.503918] 0003 0035 00000521
2022-04-07 14:40:16.449339 False [    7725.503918] 0003 0036 00000654
2022-04-07 14:40:16.457226 False [    7725.512309] 0003 0035 0000051e
2022-04-07 14:40:16.457226 False [    7725.512309] 0003 0036 00000655
2022-04-07 14:40:16.466517 False [    7725.520670] 0003 0035 0000051c
2022-04-07 14:40:16.474140 False [    7725.528986] 0003 0035 0000051b
2022-04-07 14:40:16.474140 False [    7725.528986] 0003 0036 0000065f
2022-04-07 14:40:16.483570 False [    7725.537207] 0003 0035 00000516
2022-04-07 14:40:16.483570 False [    7725.537207] 0003 0036 00000664
2022-04-07 14:40:16.490359 False [    7725.545703] 0003 0035 00000515
2022-04-07 14:40:16.490359 False [    7725.545703] 0003 0036 0000066c
2022-04-07 14:40:16.504415 False [    7725.554016] 0003 0035 00000510
2022-04-07 14:40:16.504415 False [    7725.554016] 0003 0036 00000675
2022-04-07 14:40:16.508093 False [    7725.562238] 0003 0035 00000505
2022-04-07 14:40:16.508093 False [    7725.562238] 0003 0036 00000689
2022-04-07 14:40:16.515448 False [    7725.570435] 0003 0035 00000500
2022-04-07 14:40:16.515448 False [    7725.570435] 0003 0036 0000068e
2022-04-07 14:40:16.523514 False [    7725.578961] 0003 0035 000004fb
2022-04-07 14:40:16.523514 False [    7725.578961] 0003 0036 00000694
2022-04-07 14:40:16.532813 False [    7725.587121] 0003 0035 000004f6
2022-04-07 14:40:16.532813 False [    7725.587121] 0003 0036 0000069c
2022-04-07 14:40:16.540332 False [    7725.595490] 0003 0035 000004e4
2022-04-07 14:40:16.540332 False [    7725.595490] 0003 0036 000006bf
2022-04-07 14:40:16.549170 False [    7725.603665] 0003 0036 000006bb
2022-04-07 14:40:16.556813 False [    7725.611956] 0003 0035 000004c6
2022-04-07 14:40:16.557847 False [    7725.611956] 0003 0036 000006f4
2022-04-07 14:40:16.565792 False [    7725.620224] 0003 0035 000004bf
2022-04-07 14:40:16.565792 False [    7725.620224] 0003 0036 00000709
2022-04-07 14:40:16.573567 False [    7725.628581] 0003 0035 000004cc
2022-04-07 14:40:16.574573 False [    7725.628581] 0003 0036 0000070f
2022-04-07 14:40:16.581300 False [    7725.636736] 0003 0035 000004c1
2022-04-07 14:40:16.581300 False [    7725.636736] 0003 0036 0000071a
2022-04-07 14:40:17.289230 False [    7726.343276] 0003 0035 00000386
2022-04-07 14:40:17.289230 False [    7726.343276] 0003 0036 00000862
2022-04-07 14:40:17.328864 False [    7726.384689] 0003 0036 00000861
2022-04-07 14:40:17.336935 False [    7726.393113] 0003 0035 00000387
2022-04-07 14:40:17.336935 False [    7726.393113] 0003 0036 00000860
2022-04-07 14:40:17.345984 False [    7726.401280] 0003 0036 0000085f
2022-04-07 14:40:17.353905 False [    7726.409724] 0003 0036 0000085d
2022-04-07 14:40:17.363421 False [    7726.417907] 0003 0036 00000859
2022-04-07 14:40:17.371554 False [    7726.426394] 0003 0036 00000854
2022-04-07 14:40:17.380986 False [    7726.434637] 0003 0036 0000084f
2022-04-07 14:40:17.387046 False [    7726.442972] 0003 0035 00000386
2022-04-07 14:40:17.387046 False [    7726.442972] 0003 0036 00000847
2022-04-07 14:40:17.396524 False [    7726.451217] 0003 0036 0000083e
2022-04-07 14:40:17.405320 False [    7726.459661] 0003 0035 00000385
2022-04-07 14:40:17.405320 False [    7726.459661] 0003 0036 00000834
2022-04-07 14:40:17.411977 False [    7726.467793] 0003 0035 00000384
2022-04-07 14:40:17.411977 False [    7726.467793] 0003 0036 00000829
2022-04-07 14:40:17.421187 False [    7726.476276] 0003 0035 00000383
2022-04-07 14:40:17.421187 False [    7726.476276] 0003 0036 0000081d
2022-04-07 14:40:17.429010 False [    7726.484566] 0003 0035 00000382
2022-04-07 14:40:17.429010 False [    7726.484566] 0003 0036 00000810
2022-04-07 14:40:17.437075 False [    7726.492921] 0003 0036 00000803
2022-04-07 14:40:17.446388 False [    7726.501120] 0003 0035 00000380
2022-04-07 14:40:17.446388 False [    7726.501120] 0003 0036 000007f5
2022-04-07 14:40:17.453987 False [    7726.509545] 0003 0036 000007e7
2022-04-07 14:40:17.463075 False [    7726.517758] 0003 0035 0000037f
2022-04-07 14:40:17.463212 False [    7726.517758] 0003 0036 000007de
2022-04-07 14:40:17.471033 False [    7726.526129] 0003 0035 0000037e
2022-04-07 14:40:17.471614 False [    7726.526129] 0003 0036 000007d4
2022-04-07 14:40:17.478791 False [    7726.534345] 0003 0035 0000037d
2022-04-07 14:40:17.478791 False [    7726.534345] 0003 0036 000007c7
2022-04-07 14:40:17.487023 False [    7726.542836] 0003 0035 0000037c
2022-04-07 14:40:17.487023 False [    7726.542836] 0003 0036 000007b7
2022-04-07 14:40:17.496917 False [    7726.551101] 0003 0036 000007a8
2022-04-07 14:40:17.505113 False [    7726.559491] 0003 0035 0000037b
2022-04-07 14:40:17.505113 False [    7726.559491] 0003 0036 00000799
2022-04-07 14:40:17.513141 False [    7726.567587] 0003 0035 0000037a
2022-04-07 14:40:17.513141 False [    7726.567587] 0003 0036 00000789
2022-04-07 14:40:17.520316 False [    7726.576036] 0003 0035 00000379
2022-04-07 14:40:17.520316 False [    7726.576036] 0003 0036 0000077a
2022-04-07 14:40:17.529897 False [    7726.584276] 0003 0036 0000076b
2022-04-07 14:40:17.537772 False [    7726.592739] 0003 0036 0000075a
2022-04-07 14:40:17.545600 False [    7726.600890] 0003 0036 0000074a
2022-04-07 14:40:17.554133 False [    7726.609383] 0003 0036 00000739
2022-04-07 14:40:17.561813 False [    7726.617621] 0003 0036 00000728
2022-04-07 14:40:17.569771 False [    7726.625954] 0003 0035 00000378
2022-04-07 14:40:17.569771 False [    7726.625954] 0003 0036 00000717
2022-04-07 14:40:17.578148 False [    7726.634183] 0003 0036 00000706
2022-04-07 14:40:17.586990 False [    7726.642697] 0003 0035 00000377
2022-04-07 14:40:17.586990 False [    7726.642697] 0003 0036 000006f5
2022-04-07 14:40:17.597647 False [    7726.650811] 0003 0036 000006e4
2022-04-07 14:40:17.603414 False [    7726.659289] 0003 0036 000006d2
2022-04-07 14:40:17.611549 False [    7726.667480] 0003 0036 000006c0
2022-04-07 14:40:17.619661 False [    7726.675865] 0003 0035 00000376
2022-04-07 14:40:17.620402 False [    7726.675865] 0003 0036 000006b0
2022-04-07 14:40:17.630152 False [    7726.684079] 0003 0035 00000375
2022-04-07 14:40:17.630152 True [    7726.684079] 0003 0036 0000069f
2022-04-07 14:40:17.636607 True [    7726.692601] 0003 0036 0000068f
2022-04-07 14:40:17.646660 True [    7726.700673] 0003 0035 00000374
2022-04-07 14:40:17.646660 True [    7726.700673] 0003 0036 0000067f
2022-04-07 14:40:17.653810 True [    7726.709259] 0003 0035 00000373
2022-04-07 14:40:17.653810 True [    7726.709259] 0003 0036 00000670
2022-04-07 14:40:17.662537 True [    7726.717313] 0003 0035 00000372
2022-04-07 14:40:17.662537 True [    7726.717313] 0003 0036 00000662
2022-04-07 14:40:17.669590 True [    7726.725707] 0003 0036 00000654
2022-04-07 14:40:17.679400 True [    7726.733981] 0003 0035 00000371
2022-04-07 14:40:17.679400 True [    7726.733981] 0003 0036 00000648
2022-04-07 14:40:17.686475 True [    7726.742391] 0003 0035 00000370
2022-04-07 14:40:17.686475 True [    7726.742391] 0003 0036 0000063a
2022-04-07 14:40:17.695885 True [    7726.750561] 0003 0035 0000036f
2022-04-07 14:40:17.695885 True [    7726.750561] 0003 0036 0000062e
2022-04-07 14:40:17.703090 True [    7726.759012] 0003 0035 0000036e
2022-04-07 14:40:17.703090 True [    7726.759012] 0003 0036 00000624
2022-04-07 14:40:17.711541 True [    7726.767204] 0003 0036 00000619
2022-04-07 14:40:17.720434 True [    7726.775609] 0003 0035 0000036c
2022-04-07 14:40:17.720434 True [    7726.775609] 0003 0036 0000060e
2022-04-07 14:40:17.729944 True [    7726.783797] 0003 0035 0000036b
2022-04-07 14:40:17.729944 True [    7726.783797] 0003 0036 00000604
2022-04-07 14:40:17.735832 True [    7726.792251] 0003 0035 0000036a
2022-04-07 14:40:17.735832 True [    7726.792251] 0003 0036 000005fa
2022-04-07 14:40:17.745245 True [    7726.800551] 0003 0035 00000369
2022-04-07 14:40:17.745245 True [    7726.800551] 0003 0036 000005f0
2022-04-07 14:40:17.753384 True [    7726.808858] 0003 0035 00000368
2022-04-07 14:40:17.753384 True [    7726.808858] 0003 0036 000005e6
2022-04-07 14:40:17.761469 True [    7726.817046] 0003 0035 00000367
2022-04-07 14:40:17.761469 True [    7726.817046] 0003 0036 000005dd
2022-04-07 14:40:17.770411 True [    7726.825681] 0003 0035 00000366
2022-04-07 14:40:17.770411 True [    7726.825681] 0003 0036 000005d4
2022-04-07 14:40:17.777876 True [    7726.833670] 0003 0035 00000365
2022-04-07 14:40:17.777876 True [    7726.833670] 0003 0036 000005cc
2022-04-07 14:40:17.786309 True [    7726.842106] 0003 0036 000005c7
2022-04-07 14:40:17.795517 True [    7726.850298] 0003 0035 00000364
2022-04-07 14:40:17.795517 True [    7726.850298] 0003 0036 000005c0
2022-04-07 14:40:17.802821 True [    7726.858721] 0003 0036 000005ba
2022-04-07 14:40:17.810328 True [    7726.866925] 0003 0035 00000363
2022-04-07 14:40:17.810328 True [    7726.866925] 0003 0036 000005b4
2022-04-07 14:40:17.820563 True [    7726.875358] 0003 0036 000005ae
2022-04-07 14:40:17.828142 True [    7726.883515] 0003 0036 000005a8
2022-04-07 14:40:17.837023 True [    7726.891926] 0003 0036 000005a3
2022-04-07 14:40:17.844076 True [    7726.900166] 0003 0035 00000362
2022-04-07 14:40:17.844076 True [    7726.900166] 0003 0036 0000059d
2022-04-07 14:40:17.853579 True [    7726.908530] 0003 0036 00000598
2022-04-07 14:40:17.862132 True [    7726.916750] 0003 0035 00000361
2022-04-07 14:40:17.862132 True [    7726.916750] 0003 0036 00000593
2022-04-07 14:40:17.870218 True [    7726.925223] 0003 0036 0000058e
2022-04-07 14:40:17.879341 True [    7726.933369] 0003 0036 0000058a
2022-04-07 14:40:17.886929 True [    7726.941835] 0003 0036 00000585
2022-04-07 14:40:17.894843 True [    7726.950014] 0003 0036 0000057f
2022-04-07 14:40:17.903217 True [    7726.958435] 0003 0036 0000057a
2022-04-07 14:40:17.911763 True [    7726.966652] 0003 0036 00000576
2022-04-07 14:40:17.919448 True [    7726.975102] 0003 0036 00000572
2022-04-07 14:40:17.928146 True [    7726.983307] 0003 0036 0000056f
2022-04-07 14:40:17.935369 True [    7726.991661] 0003 0036 0000056b
2022-04-07 14:40:17.944577 True [    7726.999910] 0003 0036 00000568
2022-04-07 14:40:17.952630 True [    7727.008389] 0003 0036 00000564
2022-04-07 14:40:17.960314 True [    7727.016527] 0003 0036 00000561
2022-04-07 14:40:17.969417 True [    7727.024961] 0003 0036 0000055c
2022-04-07 14:40:17.977315 True [    7727.033271] 0003 0036 00000559
2022-04-07 14:40:17.985706 True [    7727.041563] 0003 0036 00000554
2022-04-07 14:40:17.994408 True [    7727.049871] 0003 0036 0000054f
2022-04-07 14:40:18.002686 True [    7727.058223] 0003 0036 0000054a
2022-04-07 14:40:18.010435 True [    7727.066429] 0003 0036 00000544
2022-04-07 14:40:18.019049 True [    7727.074780] 0003 0036 0000053e
2022-04-07 14:40:18.027110 True [    7727.083036] 0003 0036 00000539
2022-04-07 14:40:18.035269 True [    7727.091426] 0003 0035 00000362
2022-04-07 14:40:18.035269 True [    7727.091426] 0003 0036 00000534
2022-04-07 14:40:18.044769 True [    7727.099618] 0003 0036 0000052f
2022-04-07 14:40:18.052379 True [    7727.108077] 0003 0036 0000052b
2022-04-07 14:40:18.061503 True [    7727.116289] 0003 0036 00000526
2022-04-07 14:40:18.069023 True [    7727.124703] 0003 0036 00000522
2022-04-07 14:40:18.077281 True [    7727.132896] 0003 0036 0000051e
2022-04-07 14:40:18.085144 True [    7727.141330] 0003 0036 00000519
2022-04-07 14:40:18.094110 True [    7727.149523] 0003 0036 00000514
2022-04-07 14:40:18.102581 True [    7727.157930] 0003 0036 0000050f
2022-04-07 14:40:18.110847 True [    7727.166157] 0003 0036 0000050a
2022-04-07 14:40:18.119055 True [    7727.174527] 0003 0036 00000504
2022-04-07 14:40:18.127046 True [    7727.182757] 0003 0036 00000500
2022-04-07 14:40:18.135349 True [    7727.191150] 0003 0036 000004fc
2022-04-07 14:40:18.143608 True [    7727.199346] 0003 0036 000004f7
2022-04-07 14:40:18.153200 True [    7727.207820] 0003 0036 000004f2
2022-04-07 14:40:18.160443 True [    7727.216049] 0003 0036 000004ed
2022-04-07 14:40:18.168163 True [    7727.224395] 0003 0036 000004e7
2022-04-07 14:40:18.177220 True [    7727.232633] 0003 0036 000004e2
2022-04-07 14:40:18.185297 True [    7727.241053] 0003 0036 000004dc
2022-04-07 14:40:18.193979 True [    7727.249203] 0003 0036 000004d6
2022-04-07 14:40:18.202848 True [    7727.257699] 0003 0036 000004cf
2022-04-07 14:40:18.212399 True [    7727.265862] 0003 0035 00000363
2022-04-07 14:40:18.212399 True [    7727.265862] 0003 0036 000004c9
2022-04-07 14:40:18.220359 True [    7727.274286] 0003 0036 000004c0
2022-04-07 14:40:18.227941 True [    7727.282463] 0003 0036 000004b8
2022-04-07 14:40:18.235326 True [    7727.290881] 0003 0035 00000364
2022-04-07 14:40:18.235326 True [    7727.290881] 0003 0036 000004ae
2022-04-07 14:40:18.244155 True [    7727.299060] 0003 0036 000004a4
2022-04-07 14:40:18.252713 True [    7727.307479] 0003 0035 00000365
2022-04-07 14:40:18.252713 True [    7727.307479] 0003 0036 00000499
2022-04-07 14:40:18.261394 True [    7727.315707] 0003 0036 0000048d
2022-04-07 14:40:18.269356 True [    7727.324182] 0003 0035 00000366
2022-04-07 14:40:18.269356 True [    7727.324182] 0003 0036 00000482
2022-04-07 14:40:18.279854 True [    7727.332294] 0003 0036 00000476
2022-04-07 14:40:18.284866 True [    7727.340728] 0003 0035 00000367
2022-04-07 14:40:18.284866 True [    7727.340728] 0003 0036 0000046b
2022-04-07 14:40:18.293887 True [    7727.348964] 0003 0036 0000045f
2022-04-07 14:40:18.302027 True [    7727.357369] 0003 0036 00000453
2022-04-07 14:40:18.313295 True [    7727.365575] 0003 0036 00000447
