Mode = area stim
    verts = 22 
    radius = 550 
    center = (800, 1280) 
    first_angle = 1.5157115037091708 
    wm_size = [1600 2560] 
    stim_amp = 3 
    baseline_stim = 3
    current_stim_group = 0
    sense_zone = 0
    ===============================
2022-04-02 13:46:37.095693 True [  144711.005935] 0003 0036 0000065e
2022-04-02 13:46:37.101833 True [  144711.013867] 0003 0036 00000661
2022-04-02 13:46:37.104783 True [  144711.021782] 0003 0036 00000662
2022-04-02 13:46:37.113209 True [  144711.029871] 0003 0036 00000664
2022-04-02 13:46:37.119959 True [  144711.038273] 0003 0035 00000375
2022-04-02 13:46:37.120359 True [  144711.038273] 0003 0036 00000663
2022-04-02 13:46:38.389292 True [  144712.303441] 0003 0035 00000303
2022-04-02 13:46:38.389292 True [  144712.303441] 0003 0036 0000054a
2022-04-02 13:46:38.408297 True [  144712.326406] 0003 0035 00000339
2022-04-02 13:46:38.408297 True [  144712.326406] 0003 0036 0000046a
2022-04-02 13:46:38.544109 True [  144712.459366] 0003 0035 00000302
2022-04-02 13:46:38.545166 True [  144712.459366] 0003 0036 0000054b
2022-04-02 13:46:38.548993 True [  144712.467718] 0003 0035 00000301
2022-04-02 13:46:38.548993 True [  144712.467718] 0003 0036 0000054c
2022-04-02 13:46:38.558865 True [  144712.476308] 0003 0035 00000300
2022-04-02 13:46:38.558865 True [  144712.476308] 0003 0036 0000054e
2022-04-02 13:46:38.574410 True [  144712.492596] 0003 0035 000002fe
2022-04-02 13:46:38.574410 True [  144712.492596] 0003 0036 0000054f
2022-04-02 13:46:38.574410 True [  144712.492596] 0003 0035 0000033a
2022-04-02 13:46:38.574410 True [  144712.492596] 0003 0036 00000469
2022-04-02 13:46:38.583155 True [  144712.501380] 0003 0035 000002fb
2022-04-02 13:46:38.583155 True [  144712.501380] 0003 0036 00000553
2022-04-02 13:46:38.583155 True [  144712.501380] 0003 0035 0000033b
2022-04-02 13:46:38.590384 True [  144712.509127] 0003 0035 000002f8
2022-04-02 13:46:38.590384 True [  144712.509127] 0003 0036 00000556
2022-04-02 13:46:38.590384 True [  144712.509127] 0003 0035 0000033c
2022-04-02 13:46:38.597908 True [  144712.517763] 0003 0035 000002f6
2022-04-02 13:46:38.597908 True [  144712.517763] 0003 0036 00000559
2022-04-02 13:46:38.597908 True [  144712.517763] 0003 0035 0000033d
2022-04-02 13:46:38.608010 True [  144712.525893] 0003 0035 000002f4
2022-04-02 13:46:38.608010 True [  144712.525893] 0003 0036 0000055a
2022-04-02 13:46:38.608010 True [  144712.525893] 0003 0035 0000033e
2022-04-02 13:46:38.616324 True [  144712.534388] 0003 0035 000002f1
2022-04-02 13:46:38.616324 True [  144712.534388] 0003 0036 0000055d
2022-04-02 13:46:38.616324 True [  144712.534388] 0003 0035 0000033f
2022-04-02 13:46:38.616324 True [  144712.534388] 0003 0036 00000468
2022-04-02 13:46:38.623664 True [  144712.542495] 0003 0035 000002ef
2022-04-02 13:46:38.623664 True [  144712.542495] 0003 0036 0000055f
2022-04-02 13:46:38.623664 True [  144712.542495] 0003 0035 00000340
2022-04-02 13:46:38.631485 True [  144712.550890] 0003 0035 000002ed
2022-04-02 13:46:38.631485 True [  144712.550890] 0003 0036 00000561
2022-04-02 13:46:38.642556 True [  144712.559353] 0003 0035 000002ea
2022-04-02 13:46:38.642556 True [  144712.559353] 0003 0036 00000564
2022-04-02 13:46:38.642556 True [  144712.559353] 0003 0035 00000341
2022-04-02 13:46:38.659430 True [  144712.575845] 0003 0035 000002e7
2022-04-02 13:46:38.659430 True [  144712.575845] 0003 0036 00000566
2022-04-02 13:46:38.659430 True [  144712.575845] 0003 0035 00000342
2022-04-02 13:46:38.665982 True [  144712.584361] 0003 0035 000002e5
2022-04-02 13:46:38.665982 True [  144712.584361] 0003 0036 00000568
2022-04-02 13:46:38.665982 True [  144712.584361] 0003 0035 00000343
2022-04-02 13:46:38.665982 True [  144712.584361] 0003 0036 00000467
2022-04-02 13:46:38.674436 True [  144712.592673] 0003 0035 000002e3
2022-04-02 13:46:38.674436 True [  144712.592673] 0003 0036 0000056a
2022-04-02 13:46:38.674436 True [  144712.592673] 0003 0036 00000466
2022-04-02 13:46:38.682952 True [  144712.600992] 0003 0035 000002e1
2022-04-02 13:46:38.682952 True [  144712.600992] 0003 0036 0000056b
2022-04-02 13:46:38.682952 True [  144712.600992] 0003 0035 00000344
2022-04-02 13:46:38.692440 True [  144712.609136] 0003 0035 000002df
2022-04-02 13:46:38.692440 True [  144712.609136] 0003 0036 0000056c
2022-04-02 13:46:38.692440 True [  144712.609136] 0003 0035 00000345
2022-04-02 13:46:38.692440 True [  144712.609136] 0003 0036 00000465
2022-04-02 13:46:38.698424 True [  144712.617307] 0003 0036 0000056e
2022-04-02 13:46:38.698424 True [  144712.617307] 0003 0035 00000346
2022-04-02 13:46:38.708368 True [  144712.625885] 0003 0035 000002dd
2022-04-02 13:46:38.708368 True [  144712.625885] 0003 0036 0000056f
2022-04-02 13:46:38.708368 True [  144712.625885] 0003 0035 00000347
2022-04-02 13:46:38.708368 True [  144712.625885] 0003 0036 00000464
2022-04-02 13:46:38.715459 True [  144712.634179] 0003 0035 000002dc
2022-04-02 13:46:38.715459 True [  144712.634179] 0003 0036 00000570
2022-04-02 13:46:38.724900 True [  144712.642421] 0003 0035 000002da
2022-04-02 13:46:38.724900 True [  144712.642421] 0003 0036 00000572
2022-04-02 13:46:38.724900 True [  144712.642421] 0003 0035 00000348
2022-04-02 13:46:38.732875 True [  144712.651341] 0003 0035 000002d8
2022-04-02 13:46:38.732875 True [  144712.651341] 0003 0036 00000573
2022-04-02 13:46:38.732875 True [  144712.651341] 0003 0036 00000463
2022-04-02 13:46:38.741439 True [  144712.658830] 0003 0035 000002d7
2022-04-02 13:46:38.741439 True [  144712.658830] 0003 0036 00000574
2022-04-02 13:46:38.741439 True [  144712.658830] 0003 0035 00000349
2022-04-02 13:46:38.741439 True [  144712.658830] 0003 0036 00000462
2022-04-02 13:46:38.750025 True [  144712.667650] 0003 0035 000002d5
2022-04-02 13:46:38.750025 True [  144712.667650] 0003 0036 00000575
2022-04-02 13:46:38.750025 True [  144712.667650] 0003 0035 0000034a
2022-04-02 13:46:38.750025 True [  144712.667650] 0003 0036 00000461
2022-04-02 13:46:38.757426 True [  144712.675481] 0003 0035 000002d4
2022-04-02 13:46:38.757426 True [  144712.675481] 0003 0036 00000576
2022-04-02 13:46:38.757426 True [  144712.675481] 0003 0036 00000460
2022-04-02 13:46:38.766864 True [  144712.684654] 0003 0035 000002d2
2022-04-02 13:46:38.766864 True [  144712.684654] 0003 0036 00000577
2022-04-02 13:46:38.766864 True [  144712.684654] 0003 0035 0000034b
2022-04-02 13:46:38.766864 True [  144712.684654] 0003 0036 0000045f
2022-04-02 13:46:38.774477 True [  144712.692184] 0003 0035 000002d1
2022-04-02 13:46:38.774477 True [  144712.692184] 0003 0036 00000578
2022-04-02 13:46:38.791982 True [  144712.709057] 0003 0035 000002cf
2022-04-02 13:46:38.791982 True [  144712.709057] 0003 0036 0000057a
2022-04-02 13:46:38.791982 True [  144712.709057] 0003 0035 0000034c
2022-04-02 13:46:38.791982 True [  144712.709057] 0003 0036 0000045e
2022-04-02 13:46:38.798979 True [  144712.717152] 0003 0035 000002cd
2022-04-02 13:46:38.798979 True [  144712.717152] 0003 0036 0000057b
2022-04-02 13:46:38.798979 True [  144712.717152] 0003 0035 0000034d
2022-04-02 13:46:38.798979 True [  144712.717152] 0003 0036 0000045c
2022-04-02 13:46:38.807257 True [  144712.725380] 0003 0035 000002cb
2022-04-02 13:46:38.808254 True [  144712.725380] 0003 0036 0000057c
2022-04-02 13:46:38.808254 True [  144712.725380] 0003 0035 0000034e
2022-04-02 13:46:38.808254 True [  144712.725380] 0003 0036 0000045b
2022-04-02 13:46:38.815603 True [  144712.733956] 0003 0035 000002ca
2022-04-02 13:46:38.815603 True [  144712.733956] 0003 0036 0000057e
2022-04-02 13:46:38.815603 True [  144712.733956] 0003 0036 0000045a
2022-04-02 13:46:38.823923 True [  144712.741997] 0003 0035 000002c8
2022-04-02 13:46:38.823923 True [  144712.741997] 0003 0036 0000057f
2022-04-02 13:46:38.823923 True [  144712.741997] 0003 0035 0000034f
2022-04-02 13:46:38.823923 True [  144712.741997] 0003 0036 00000459
2022-04-02 13:46:38.832877 True [  144712.750818] 0003 0035 000002c6
2022-04-02 13:46:38.832877 True [  144712.750818] 0003 0036 00000458
2022-04-02 13:46:38.841040 True [  144712.758580] 0003 0035 000002c5
2022-04-02 13:46:38.841040 True [  144712.758580] 0003 0036 00000581
2022-04-02 13:46:38.841040 True [  144712.758580] 0003 0035 00000350
2022-04-02 13:46:38.841040 True [  144712.758580] 0003 0036 00000457
2022-04-02 13:46:38.848903 True [  144712.767003] 0003 0035 000002c3
2022-04-02 13:46:38.848903 True [  144712.767003] 0003 0036 00000582
2022-04-02 13:46:38.848903 True [  144712.767003] 0003 0036 00000456
2022-04-02 13:46:38.857452 True [  144712.775189] 0003 0035 000002c0
2022-04-02 13:46:38.857452 True [  144712.775189] 0003 0036 00000585
2022-04-02 13:46:38.857452 True [  144712.775189] 0003 0035 00000351
2022-04-02 13:46:38.857452 True [  144712.775189] 0003 0036 00000455
2022-04-02 13:46:38.876852 True [  144712.791928] 0003 0035 000002bd
2022-04-02 13:46:38.876852 True [  144712.791928] 0003 0036 00000586
2022-04-02 13:46:38.876852 True [  144712.791928] 0003 0035 00000352
2022-04-02 13:46:38.876852 True [  144712.791928] 0003 0036 00000454
2022-04-02 13:46:38.881747 True [  144712.800377] 0003 0035 000002bb
2022-04-02 13:46:38.881747 True [  144712.800377] 0003 0036 00000589
2022-04-02 13:46:38.881747 True [  144712.800377] 0003 0036 00000453
2022-04-02 13:46:38.889962 True [  144712.808477] 0003 0035 000002b8
2022-04-02 13:46:38.889962 True [  144712.808477] 0003 0036 0000058a
2022-04-02 13:46:38.889962 True [  144712.808477] 0003 0036 00000452
2022-04-02 13:46:38.897941 True [  144712.816980] 0003 0035 000002b6
2022-04-02 13:46:38.897941 True [  144712.816980] 0003 0036 0000058c
2022-04-02 13:46:38.897941 True [  144712.816980] 0003 0035 00000353
2022-04-02 13:46:38.897941 True [  144712.816980] 0003 0036 00000450
2022-04-02 13:46:38.906986 True [  144712.825153] 0003 0035 000002b4
2022-04-02 13:46:38.906986 True [  144712.825153] 0003 0036 0000058e
2022-04-02 13:46:38.906986 True [  144712.825153] 0003 0035 00000354
2022-04-02 13:46:38.906986 True [  144712.825153] 0003 0036 0000044f
2022-04-02 13:46:38.914962 True [  144712.833581] 0003 0035 000002b2
2022-04-02 13:46:38.914962 True [  144712.833581] 0003 0036 0000058f
2022-04-02 13:46:38.914962 True [  144712.833581] 0003 0036 0000044e
2022-04-02 13:46:38.923438 True [  144712.841801] 0003 0035 000002b1
2022-04-02 13:46:38.923438 True [  144712.841801] 0003 0035 00000355
2022-04-02 13:46:38.923438 True [  144712.841801] 0003 0036 0000044d
2022-04-02 13:46:38.933443 True [  144712.850602] 0003 0035 000002b0
2022-04-02 13:46:38.933443 True [  144712.850602] 0003 0036 00000590
2022-04-02 13:46:38.933443 True [  144712.850602] 0003 0036 0000044b
2022-04-02 13:46:38.940876 True [  144712.858424] 0003 0035 000002af
2022-04-02 13:46:38.940876 True [  144712.858424] 0003 0036 00000591
2022-04-02 13:46:38.940876 True [  144712.858424] 0003 0035 00000356
2022-04-02 13:46:38.940876 True [  144712.858424] 0003 0036 0000044a
2022-04-02 13:46:38.955954 True [  144712.875018] 0003 0035 000002ad
2022-04-02 13:46:38.955954 True [  144712.875018] 0003 0036 00000592
2022-04-02 13:46:38.955954 True [  144712.875018] 0003 0035 00000357
2022-04-02 13:46:38.955954 True [  144712.875018] 0003 0036 00000449
2022-04-02 13:46:38.964106 True [  144712.883818] 0003 0035 000002ac
2022-04-02 13:46:38.964106 True [  144712.883818] 0003 0036 00000593
2022-04-02 13:46:38.964106 True [  144712.883818] 0003 0035 00000358
2022-04-02 13:46:38.964106 True [  144712.883818] 0003 0036 00000447
2022-04-02 13:46:38.973628 True [  144712.891552] 0003 0035 000002ab
2022-04-02 13:46:38.973628 True [  144712.891552] 0003 0036 00000594
2022-04-02 13:46:38.973628 True [  144712.891552] 0003 0035 00000359
2022-04-02 13:46:38.973628 True [  144712.891552] 0003 0036 00000445
2022-04-02 13:46:38.983708 True [  144712.900393] 0003 0035 000002aa
2022-04-02 13:46:38.983708 True [  144712.900393] 0003 0036 00000595
2022-04-02 13:46:38.983708 True [  144712.900393] 0003 0035 0000035a
2022-04-02 13:46:38.983708 True [  144712.900393] 0003 0036 00000444
2022-04-02 13:46:38.990058 True [  144712.908740] 0003 0035 000002a9
2022-04-02 13:46:38.990058 True [  144712.908740] 0003 0035 0000035b
2022-04-02 13:46:38.990058 True [  144712.908740] 0003 0036 00000443
2022-04-02 13:46:38.997905 True [  144712.916853] 0003 0035 000002a7
2022-04-02 13:46:38.997905 True [  144712.916853] 0003 0036 00000596
2022-04-02 13:46:38.997905 True [  144712.916853] 0003 0035 0000035c
2022-04-02 13:46:38.997905 True [  144712.916853] 0003 0036 00000442
2022-04-02 13:46:39.006944 True [  144712.925096] 0003 0035 000002a6
2022-04-02 13:46:39.006944 True [  144712.925096] 0003 0036 00000440
2022-04-02 13:46:39.014573 True [  144712.933474] 0003 0035 000002a5
2022-04-02 13:46:39.014573 True [  144712.933474] 0003 0036 00000598
2022-04-02 13:46:39.014573 True [  144712.933474] 0003 0035 0000035d
2022-04-02 13:46:39.014573 True [  144712.933474] 0003 0036 0000043f
2022-04-02 13:46:39.022581 True [  144712.941492] 0003 0035 000002a3
2022-04-02 13:46:39.022581 True [  144712.941492] 0003 0036 00000599
2022-04-02 13:46:39.022581 True [  144712.941492] 0003 0035 0000035e
2022-04-02 13:46:39.022581 True [  144712.941492] 0003 0036 0000043e
2022-04-02 13:46:39.031752 True [  144712.949878] 0003 0035 000002a2
2022-04-02 13:46:39.031752 True [  144712.949878] 0003 0036 0000059a
2022-04-02 13:46:39.031752 True [  144712.949878] 0003 0035 0000035f
2022-04-02 13:46:39.031752 True [  144712.949878] 0003 0036 0000043d
2022-04-02 13:46:39.041455 True [  144712.958038] 0003 0035 000002a0
2022-04-02 13:46:39.041455 True [  144712.958038] 0003 0035 00000360
2022-04-02 13:46:39.041455 True [  144712.958038] 0003 0036 0000043b
2022-04-02 13:46:39.048883 True [  144712.966717] 0003 0035 0000029f
2022-04-02 13:46:39.048883 True [  144712.966717] 0003 0036 0000059b
2022-04-02 13:46:39.048883 True [  144712.966717] 0003 0035 00000361
2022-04-02 13:46:39.048883 True [  144712.966717] 0003 0036 0000043a
2022-04-02 13:46:39.056772 True [  144712.974992] 0003 0035 0000029e
2022-04-02 13:46:39.056772 True [  144712.974992] 0003 0035 00000362
2022-04-02 13:46:39.056772 True [  144712.974992] 0003 0036 00000439
2022-04-02 13:46:39.066744 True [  144712.983837] 0003 0035 0000029c
2022-04-02 13:46:39.066744 True [  144712.983837] 0003 0036 0000059d
2022-04-02 13:46:39.066744 True [  144712.983837] 0003 0035 00000363
2022-04-02 13:46:39.066744 True [  144712.983837] 0003 0036 00000437
2022-04-02 13:46:39.074668 True [  144712.991290] 0003 0035 0000029b
2022-04-02 13:46:39.074668 True [  144712.991290] 0003 0036 0000059e
2022-04-02 13:46:39.075665 True [  144712.991290] 0003 0036 00000436
2022-04-02 13:46:39.082762 True [  144712.999850] 0003 0035 0000029a
2022-04-02 13:46:39.082762 True [  144712.999850] 0003 0036 0000059f
2022-04-02 13:46:39.082762 True [  144712.999850] 0003 0035 00000364
2022-04-02 13:46:39.082762 True [  144712.999850] 0003 0036 00000434
2022-04-02 13:46:39.090695 True [  144713.007927] 0003 0035 00000298
2022-04-02 13:46:39.090695 True [  144713.007927] 0003 0036 000005a0
2022-04-02 13:46:39.090695 True [  144713.007927] 0003 0035 00000365
2022-04-02 13:46:39.097917 True [  144713.016539] 0003 0035 00000297
2022-04-02 13:46:39.097917 True [  144713.016539] 0003 0035 00000366
2022-04-02 13:46:39.097917 True [  144713.016539] 0003 0036 00000432
2022-04-02 13:46:39.105763 True [  144713.024578] 0003 0035 00000296
2022-04-02 13:46:39.105763 True [  144713.024578] 0003 0036 000005a1
2022-04-02 13:46:39.105763 True [  144713.024578] 0003 0035 00000367
2022-04-02 13:46:39.105763 True [  144713.024578] 0003 0036 00000431
2022-04-02 13:46:39.114556 True [  144713.033141] 0003 0035 00000294
2022-04-02 13:46:39.114556 True [  144713.033141] 0003 0036 000005a3
2022-04-02 13:46:39.114556 True [  144713.033141] 0003 0036 0000042f
2022-04-02 13:46:39.124510 True [  144713.041342] 0003 0036 000005a4
2022-04-02 13:46:39.124510 True [  144713.041342] 0003 0035 00000369
2022-04-02 13:46:39.124510 True [  144713.041342] 0003 0036 0000042e
2022-04-02 13:46:39.132096 True [  144713.049538] 0003 0035 00000292
2022-04-02 13:46:39.132096 True [  144713.049538] 0003 0035 0000036a
2022-04-02 13:46:39.132096 True [  144713.049538] 0003 0036 0000042d
2022-04-02 13:46:39.139521 True [  144713.057709] 0003 0035 00000291
2022-04-02 13:46:39.139521 True [  144713.057709] 0003 0036 000005a6
2022-04-02 13:46:39.139521 True [  144713.057709] 0003 0035 0000036b
2022-04-02 13:46:39.139521 True [  144713.057709] 0003 0036 0000042b
2022-04-02 13:46:39.147905 True [  144713.066154] 0003 0035 0000028f
2022-04-02 13:46:39.147905 True [  144713.066154] 0003 0036 000005a8
2022-04-02 13:46:39.147905 True [  144713.066154] 0003 0035 0000036c
2022-04-02 13:46:39.147905 True [  144713.066154] 0003 0036 0000042a
2022-04-02 13:46:39.158297 True [  144713.074554] 0003 0035 0000028d
2022-04-02 13:46:39.158297 True [  144713.074554] 0003 0035 0000036d
2022-04-02 13:46:39.158297 True [  144713.074554] 0003 0036 00000429
2022-04-02 13:46:39.164064 True [  144713.083121] 0003 0035 0000028b
2022-04-02 13:46:39.164064 True [  144713.083121] 0003 0036 000005aa
2022-04-02 13:46:39.173960 True [  144713.090999] 0003 0035 00000289
2022-04-02 13:46:39.173960 True [  144713.090999] 0003 0036 000005ac
2022-04-02 13:46:39.173960 True [  144713.090999] 0003 0035 0000036e
2022-04-02 13:46:39.173960 True [  144713.090999] 0003 0036 00000428
2022-04-02 13:46:39.180352 True [  144713.099776] 0003 0035 00000287
2022-04-02 13:46:39.180352 True [  144713.099776] 0003 0036 000005ae
2022-04-02 13:46:39.180352 True [  144713.099776] 0003 0036 00000427
2022-04-02 13:46:39.199121 True [  144713.116575] 0003 0035 00000284
2022-04-02 13:46:39.199121 True [  144713.116575] 0003 0036 000005b1
2022-04-02 13:46:39.199121 True [  144713.116575] 0003 0035 0000036f
2022-04-02 13:46:39.199121 True [  144713.116575] 0003 0036 00000426
2022-04-02 13:46:39.206950 True [  144713.124591] 0003 0035 00000282
2022-04-02 13:46:39.207942 True [  144713.124591] 0003 0036 000005b4
2022-04-02 13:46:39.207942 True [  144713.124591] 0003 0036 00000425
2022-04-02 13:46:39.214938 True [  144713.132998] 0003 0035 0000027f
2022-04-02 13:46:39.214938 True [  144713.132998] 0003 0036 000005b5
2022-04-02 13:46:39.214938 True [  144713.132998] 0003 0035 00000370
2022-04-02 13:46:39.214938 True [  144713.132998] 0003 0036 00000424
2022-04-02 13:46:39.222271 True [  144713.141116] 0003 0035 0000027d
2022-04-02 13:46:39.222271 True [  144713.141116] 0003 0036 000005b8
2022-04-02 13:46:39.222271 True [  144713.141116] 0003 0035 00000371
2022-04-02 13:46:39.231029 True [  144713.149287] 0003 0035 0000027b
2022-04-02 13:46:39.231029 True [  144713.149287] 0003 0036 000005ba
2022-04-02 13:46:39.231029 True [  144713.149287] 0003 0035 00000372
2022-04-02 13:46:39.231029 True [  144713.149287] 0003 0036 00000423
2022-04-02 13:46:39.238970 True [  144713.157475] 0003 0035 0000027a
2022-04-02 13:46:39.238970 True [  144713.157475] 0003 0036 000005bb
2022-04-02 13:46:39.238970 True [  144713.157475] 0003 0036 00000422
2022-04-02 13:46:39.246912 True [  144713.165890] 0003 0035 00000278
2022-04-02 13:46:39.246912 True [  144713.165890] 0003 0036 000005bc
2022-04-02 13:46:39.247904 True [  144713.165890] 0003 0036 00000421
2022-04-02 13:46:39.255730 True [  144713.174157] 0003 0036 000005bd
2022-04-02 13:46:39.255730 True [  144713.174157] 0003 0035 00000373
2022-04-02 13:46:39.255730 True [  144713.174157] 0003 0036 00000420
2022-04-02 13:46:39.265099 True [  144713.182889] 0003 0035 00000277
2022-04-02 13:46:39.265099 True [  144713.182889] 0003 0036 000005be
2022-04-02 13:46:39.265099 True [  144713.182889] 0003 0035 00000374
2022-04-02 13:46:39.265099 True [  144713.182889] 0003 0036 0000041f
2022-04-02 13:46:39.273544 True [  144713.190993] 0003 0035 00000275
2022-04-02 13:46:39.273544 True [  144713.190993] 0003 0036 000005bf
2022-04-02 13:46:39.273544 True [  144713.190993] 0003 0035 00000375
2022-04-02 13:46:39.283033 True [  144713.199883] 0003 0035 00000274
2022-04-02 13:46:39.283033 True [  144713.199883] 0003 0036 000005c1
2022-04-02 13:46:39.289377 True [  144713.207351] 0003 0035 00000273
2022-04-02 13:46:39.289377 True [  144713.207351] 0003 0036 000005c2
2022-04-02 13:46:39.289377 True [  144713.207351] 0003 0036 0000041e
2022-04-02 13:46:39.297900 True [  144713.215972] 0003 0035 00000271
2022-04-02 13:46:39.297900 True [  144713.215972] 0003 0036 000005c3
2022-04-02 13:46:39.297900 True [  144713.215972] 0003 0036 0000041d
2022-04-02 13:46:39.308858 True [  144713.224139] 0003 0035 00000270
2022-04-02 13:46:39.308858 True [  144713.224139] 0003 0036 000005c4
2022-04-02 13:46:39.308858 True [  144713.224139] 0003 0035 00000376
2022-04-02 13:46:39.308858 True [  144713.224139] 0003 0036 0000041c
2022-04-02 13:46:39.315287 True [  144713.232647] 0003 0036 000005c6
2022-04-02 13:46:39.315287 True [  144713.232647] 0003 0035 00000377
2022-04-02 13:46:39.315287 True [  144713.232647] 0003 0036 0000041b
2022-04-02 13:46:39.323219 True [  144713.240903] 0003 0035 0000026e
2022-04-02 13:46:39.323219 True [  144713.240903] 0003 0036 000005c7
2022-04-02 13:46:39.343229 True [  144713.257231] 0003 0035 0000026d
2022-04-02 13:46:39.343229 True [  144713.257231] 0003 0035 00000378
2022-04-02 13:46:39.343229 True [  144713.257231] 0003 0036 0000041a
2022-04-02 13:46:39.347900 True [  144713.265638] 0003 0035 0000026c
2022-04-02 13:46:39.347900 True [  144713.265638] 0003 0036 000005c8
2022-04-02 13:46:39.347900 True [  144713.265638] 0003 0035 00000379
2022-04-02 13:46:39.347900 True [  144713.265638] 0003 0036 00000419
2022-04-02 13:46:39.356473 True [  144713.273850] 0003 0035 0000026b
2022-04-02 13:46:39.356473 True [  144713.273850] 0003 0036 000005c9
2022-04-02 13:46:39.364780 True [  144713.282250] 0003 0035 00000269
2022-04-02 13:46:39.364780 True [  144713.282250] 0003 0036 000005cb
2022-04-02 13:46:39.364780 True [  144713.282250] 0003 0036 00000418
2022-04-02 13:46:39.373872 True [  144713.290443] 0003 0035 00000268
2022-04-02 13:46:39.373872 True [  144713.290443] 0003 0036 00000417
2022-04-02 13:46:39.381727 True [  144713.299206] 0003 0035 00000267
2022-04-02 13:46:39.381727 True [  144713.299206] 0003 0036 000005cd
2022-04-02 13:46:39.381727 True [  144713.299206] 0003 0035 0000037a
2022-04-02 13:46:39.390408 True [  144713.307350] 0003 0035 000002ff
2022-04-02 13:46:39.390408 False [  144713.307350] 0003 0036 0000019f
2022-04-02 13:46:39.397907 False [  144713.316556] 0003 0035 00000266
2022-04-02 13:46:39.405283 True [  144713.323881] 0003 0036 000005ce
2022-04-02 13:46:39.438855 True [  144713.357102] 0003 0036 000005cf
2022-04-02 13:46:39.445906 True [  144713.365711] 0003 0035 00000265
2022-04-02 13:46:39.446907 True [  144713.365711] 0003 0035 0000037b
2022-04-02 13:46:39.455413 True [  144713.373983] 0003 0035 00000264
2022-04-02 13:46:39.463882 True [  144713.381938] 0003 0035 00000260
2022-04-02 13:46:39.463882 True [  144713.381938] 0003 0036 000005d3
2022-04-02 13:46:39.463882 True [  144713.381938] 0003 0035 0000037c
2022-04-02 13:46:39.463882 True [  144713.381938] 0003 0036 00000415
2022-04-02 13:46:39.472828 True [  144713.390076] 0003 0035 0000025d
2022-04-02 13:46:39.472828 True [  144713.390076] 0003 0036 000005d5
2022-04-02 13:46:39.472828 True [  144713.390076] 0003 0035 0000037d
2022-04-02 13:46:39.472828 True [  144713.390076] 0003 0036 00000414
2022-04-02 13:46:39.480896 True [  144713.398742] 0003 0035 0000025b
2022-04-02 13:46:39.480896 True [  144713.398742] 0003 0036 000005d8
2022-04-02 13:46:39.480896 True [  144713.398742] 0003 0035 0000037e
2022-04-02 13:46:39.480896 True [  144713.398742] 0003 0036 00000413
2022-04-02 13:46:39.489609 True [  144713.406698] 0003 0035 00000258
2022-04-02 13:46:39.489609 True [  144713.406698] 0003 0036 000005da
2022-04-02 13:46:39.489609 True [  144713.406698] 0003 0035 0000037f
2022-04-02 13:46:39.489609 True [  144713.406698] 0003 0036 00000412
2022-04-02 13:46:39.496585 True [  144713.415528] 0003 0035 00000257
2022-04-02 13:46:39.496585 True [  144713.415528] 0003 0036 000005dc
2022-04-02 13:46:39.496585 True [  144713.415528] 0003 0035 00000380
2022-04-02 13:46:39.496585 True [  144713.415528] 0003 0036 00000411
2022-04-02 13:46:39.513666 True [  144713.431736] 0003 0035 00000254
2022-04-02 13:46:39.513666 True [  144713.431736] 0003 0036 000005dd
2022-04-02 13:46:39.522658 True [  144713.440277] 0003 0036 000005de
2022-04-02 13:46:39.522658 True [  144713.440277] 0003 0035 00000381
2022-04-02 13:46:39.522658 True [  144713.440277] 0003 0036 00000410
2022-04-02 13:46:39.530352 True [  144713.448332] 0003 0035 00000253
2022-04-02 13:46:39.530352 True [  144713.448332] 0003 0035 00000382
2022-04-02 13:46:39.530352 True [  144713.448332] 0003 0036 0000040f
2022-04-02 13:46:39.538723 True [  144713.456536] 0003 0035 00000252
2022-04-02 13:46:39.538723 True [  144713.456536] 0003 0036 000005df
2022-04-02 13:46:39.538723 True [  144713.456536] 0003 0035 00000383
2022-04-02 13:46:39.538723 True [  144713.456536] 0003 0036 0000040e
2022-04-02 13:46:39.545989 True [  144713.465031] 0003 0035 00000250
2022-04-02 13:46:39.546983 True [  144713.465031] 0003 0036 000005e0
2022-04-02 13:46:39.546983 True [  144713.465031] 0003 0035 00000384
2022-04-02 13:46:39.554947 True [  144713.473269] 0003 0036 000005e1
2022-04-02 13:46:39.573145 True [  144713.489885] 0003 0035 0000024e
2022-04-02 13:46:39.573145 True [  144713.489885] 0003 0036 000005e2
2022-04-02 13:46:39.573145 True [  144713.489885] 0003 0035 00000385
2022-04-02 13:46:39.580225 True [  144713.498228] 0003 0035 0000024d
2022-04-02 13:46:39.580225 True [  144713.498228] 0003 0036 000005e3
2022-04-02 13:46:39.580225 True [  144713.498228] 0003 0036 0000040d
2022-04-02 13:46:39.588307 True [  144713.506442] 0003 0035 0000024c
2022-04-02 13:46:39.588307 True [  144713.506442] 0003 0036 000005e4
2022-04-02 13:46:39.588307 True [  144713.506442] 0003 0035 00000386
2022-04-02 13:46:39.595660 True [  144713.514882] 0003 0035 0000024a
2022-04-02 13:46:39.595660 True [  144713.514882] 0003 0036 0000040c
2022-04-02 13:46:39.605217 True [  144713.523104] 0003 0035 00000249
2022-04-02 13:46:39.605217 True [  144713.523104] 0003 0036 000005e6
2022-04-02 13:46:39.605217 True [  144713.523104] 0003 0035 00000387
2022-04-02 13:46:39.612730 True [  144713.531501] 0003 0035 00000248
2022-04-02 13:46:39.612730 True [  144713.531501] 0003 0036 000005e7
2022-04-02 13:46:39.612730 True [  144713.531501] 0003 0036 0000040b
2022-04-02 13:46:39.620844 True [  144713.539696] 0003 0035 00000246
2022-04-02 13:46:39.620844 True [  144713.539696] 0003 0036 000005e9
2022-04-02 13:46:39.629891 True [  144713.548118] 0003 0036 0000040a
2022-04-02 13:46:39.638286 True [  144713.556359] 0003 0035 00000244
2022-04-02 13:46:39.638286 True [  144713.556359] 0003 0036 000005eb
2022-04-02 13:46:39.657249 True [  144713.573161] 0003 0035 00000243
2022-04-02 13:46:39.657249 True [  144713.573161] 0003 0036 000005ec
2022-04-02 13:46:39.657249 True [  144713.573161] 0003 0035 00000388
2022-04-02 13:46:39.657249 True [  144713.573161] 0003 0036 00000409
2022-04-02 13:46:39.662603 True [  144713.581316] 0003 0035 00000242
2022-04-02 13:46:39.662603 True [  144713.581316] 0003 0036 000005ed
2022-04-02 13:46:39.672259 True [  144713.589541] 0003 0035 00000241
2022-04-02 13:46:39.672259 True [  144713.589541] 0003 0036 000005ee
2022-04-02 13:46:39.672259 True [  144713.589541] 0003 0035 00000389
2022-04-02 13:46:39.679893 True [  144713.599004] 0003 0035 00000240
2022-04-02 13:46:39.679893 True [  144713.599004] 0003 0036 000005ef
2022-04-02 13:46:39.687733 True [  144713.606653] 0003 0035 0000023f
2022-04-02 13:46:39.687733 True [  144713.606653] 0003 0035 0000038a
2022-04-02 13:46:39.687733 True [  144713.606653] 0003 0036 00000408
2022-04-02 13:46:39.696910 True [  144713.614573] 0003 0035 0000023e
2022-04-02 13:46:39.696910 True [  144713.614573] 0003 0036 000005f0
2022-04-02 13:46:39.705416 True [  144713.622767] 0003 0036 000005f1
2022-04-02 13:46:39.705416 True [  144713.622767] 0003 0035 0000038b
2022-04-02 13:46:39.705416 True [  144713.622767] 0003 0036 00000407
2022-04-02 13:46:39.711982 True [  144713.631180] 0003 0035 0000023d
2022-04-02 13:46:39.720849 True [  144713.639394] 0003 0035 0000023c
2022-04-02 13:46:39.720849 True [  144713.639394] 0003 0036 000005f2
2022-04-02 13:46:39.728090 True [  144713.647805] 0003 0035 0000023b
2022-04-02 13:46:39.737338 True [  144713.656047] 0003 0036 000005f3
2022-04-02 13:46:39.746880 True [  144713.664428] 0003 0035 0000023a
2022-04-02 13:46:39.746880 True [  144713.664428] 0003 0035 0000038c
2022-04-02 13:46:39.761489 True [  144713.681082] 0003 0035 00000239
2022-04-02 13:46:39.770264 True [  144713.689003] 0003 0035 00000237
2022-04-02 13:46:39.922358 True [  144713.838902] 0003 0035 00000220
2022-04-02 13:46:39.923323 False [  144713.838902] 0003 0036 00000189
2022-04-02 13:46:39.954918 False [  144713.872065] 0003 0035 00000221
2022-04-02 13:46:39.965082 False [  144713.880490] 0003 0035 00000222
