Mode = area stim
    verts = 4 
    radius = 550 
    center = (600, 960) 
    first_angle = 1.745578596409672 
    wm_size = [1200 1920] 
    stim_amp = 6 
    baseline_stim = 4
    current_stim_group = audio
    sense_zone = 0
    ===============================
2022-03-12 15:31:53.331163 False [   14249.938861] 0003 0036 0000028b
2022-03-12 15:31:53.346538 False [   14249.954302] 0003 0035 0000008f
2022-03-12 15:31:53.346538 False [   14249.954302] 0003 0036 0000028b
2022-03-12 15:31:53.363274 False [   14249.971347] 0003 0035 0000008f
2022-03-12 15:31:53.363274 False [   14249.971347] 0003 0036 0000028b
2022-03-12 15:31:53.378695 False [   14249.988667] 0003 0035 0000008f
2022-03-12 15:31:53.378695 False [   14249.988667] 0003 0036 0000028b
2022-03-12 15:31:53.396129 False [   14250.005701] 0003 0035 0000008f
2022-03-12 15:31:53.396129 False [   14250.005701] 0003 0036 0000028b
2022-03-12 15:31:53.412409 False [   14250.022001] 0003 0035 0000008f
2022-03-12 15:31:53.412409 False [   14250.022001] 0003 0036 0000028b
2022-03-12 15:31:53.430371 False [   14250.038738] 0003 0035 0000008f
2022-03-12 15:31:53.430371 False [   14250.038738] 0003 0036 0000028b
2022-03-12 15:31:53.445954 False [   14250.055517] 0003 0035 0000008f
2022-03-12 15:31:53.445954 False [   14250.055517] 0003 0036 0000028b
2022-03-12 15:31:53.463495 False [   14250.072399] 0003 0035 00000095
2022-03-12 15:31:53.463495 False [   14250.072399] 0003 0036 00000288
2022-03-12 15:31:53.482455 False [   14250.089096] 0003 0035 0000009f
2022-03-12 15:31:53.482455 False [   14250.089096] 0003 0036 00000285
2022-03-12 15:31:53.499314 False [   14250.106484] 0003 0035 000000aa
2022-03-12 15:31:53.499314 False [   14250.106484] 0003 0036 00000282
2022-03-12 15:31:53.516472 False [   14250.123254] 0003 0035 000000b5
2022-03-12 15:31:53.516472 False [   14250.123254] 0003 0036 0000027f
2022-03-12 15:31:53.531029 False [   14250.139919] 0003 0035 000000bf
2022-03-12 15:31:53.531029 False [   14250.139919] 0003 0036 0000027c
2022-03-12 15:31:53.548227 False [   14250.157560] 0003 0035 000000c8
2022-03-12 15:31:53.548227 False [   14250.157560] 0003 0036 00000278
2022-03-12 15:31:53.566152 False [   14250.174864] 0003 0035 000000d0
2022-03-12 15:31:53.566152 False [   14250.174864] 0003 0036 00000275
2022-03-12 15:31:53.582201 False [   14250.191138] 0003 0035 000000d5
2022-03-12 15:31:53.582201 False [   14250.191138] 0003 0036 00000272
2022-03-12 15:31:53.597932 False [   14250.207670] 0003 0035 000000d9
2022-03-12 15:31:53.597932 False [   14250.207670] 0003 0036 0000026f
2022-03-12 15:31:53.615543 False [   14250.224974] 0003 0035 000000dd
2022-03-12 15:31:53.615543 False [   14250.224974] 0003 0036 0000026b
2022-03-12 15:31:53.633225 False [   14250.241754] 0003 0035 000000e2
2022-03-12 15:31:53.633225 False [   14250.241754] 0003 0036 00000267
2022-03-12 15:31:53.651968 False [   14250.258663] 0003 0035 000000ea
2022-03-12 15:31:53.651968 False [   14250.258663] 0003 0036 00000263
2022-03-12 15:31:53.667711 False [   14250.275936] 0003 0035 000000f6
2022-03-12 15:31:53.667711 False [   14250.275936] 0003 0036 0000025e
2022-03-12 15:31:53.683478 False [   14250.292883] 0003 0035 00000103
2022-03-12 15:31:53.683478 False [   14250.292883] 0003 0036 0000025a
2022-03-12 15:31:53.701160 False [   14250.309981] 0003 0035 00000110
2022-03-12 15:31:53.701160 False [   14250.309981] 0003 0036 00000255
2022-03-12 15:31:53.716634 False [   14250.326544] 0003 0035 0000011c
2022-03-12 15:31:53.716634 False [   14250.326544] 0003 0036 00000250
2022-03-12 15:31:53.733729 False [   14250.344120] 0003 0035 00000126
2022-03-12 15:31:53.733729 False [   14250.344120] 0003 0036 0000024b
2022-03-12 15:31:53.750701 False [   14250.360675] 0003 0035 0000012e
2022-03-12 15:31:53.750701 False [   14250.360675] 0003 0036 00000246
2022-03-12 15:31:53.767242 False [   14250.377202] 0003 0035 00000134
2022-03-12 15:31:53.768252 False [   14250.377202] 0003 0036 00000242
2022-03-12 15:31:53.784512 False [   14250.394354] 0003 0035 0000013a
2022-03-12 15:31:53.784512 False [   14250.394354] 0003 0036 0000023e
2022-03-12 15:31:53.802251 False [   14250.411448] 0003 0035 00000143
2022-03-12 15:31:53.802251 False [   14250.411448] 0003 0036 0000023a
2022-03-12 15:31:53.821626 False [   14250.428424] 0003 0035 00000150
2022-03-12 15:31:53.821626 False [   14250.428424] 0003 0036 00000235
2022-03-12 15:31:53.838529 False [   14250.445027] 0003 0035 0000015f
2022-03-12 15:31:53.838529 False [   14250.445027] 0003 0036 0000022f
2022-03-12 15:31:53.853220 False [   14250.461896] 0003 0035 0000016d
2022-03-12 15:31:53.853220 False [   14250.461896] 0003 0036 00000229
2022-03-12 15:31:53.870862 False [   14250.479074] 0003 0035 00000179
2022-03-12 15:31:53.870862 False [   14250.479074] 0003 0036 00000223
2022-03-12 15:31:53.886408 False [   14250.495685] 0003 0035 00000184
2022-03-12 15:31:53.886408 True [   14250.495685] 0003 0036 0000021e
2022-03-12 15:31:53.903114 True [   14250.512861] 0003 0035 0000018d
2022-03-12 15:31:53.905116 True [   14250.512861] 0003 0036 00000219
2022-03-12 15:31:53.920247 True [   14250.529820] 0003 0035 00000193
2022-03-12 15:31:53.920247 True [   14250.529820] 0003 0036 00000215
2022-03-12 15:31:53.938668 True [   14250.547098] 0003 0035 00000199
2022-03-12 15:31:53.938668 True [   14250.547098] 0003 0036 00000211
2022-03-12 15:31:53.955287 True [   14250.564089] 0003 0035 000001a2
2022-03-12 15:31:53.955287 True [   14250.564089] 0003 0036 0000020d
2022-03-12 15:31:53.972915 True [   14250.580958] 0003 0035 000001ae
2022-03-12 15:31:53.972915 True [   14250.580958] 0003 0036 00000208
2022-03-12 15:31:53.988681 True [   14250.597964] 0003 0035 000001bb
2022-03-12 15:31:53.988681 True [   14250.597964] 0003 0036 00000204
2022-03-12 15:31:54.005890 True [   14250.614494] 0003 0035 000001c8
2022-03-12 15:31:54.005890 True [   14250.614494] 0003 0036 00000200
2022-03-12 15:31:54.021137 True [   14250.631038] 0003 0035 000001d4
2022-03-12 15:31:54.021137 True [   14250.631038] 0003 0036 000001fc
2022-03-12 15:31:54.039358 True [   14250.647941] 0003 0035 000001de
2022-03-12 15:31:54.039358 True [   14250.647941] 0003 0036 000001f8
2022-03-12 15:31:54.055442 True [   14250.664895] 0003 0035 000001e4
2022-03-12 15:31:54.055442 True [   14250.664895] 0003 0036 000001f5
2022-03-12 15:31:54.073500 True [   14250.682540] 0003 0035 000001e8
2022-03-12 15:31:54.073500 True [   14250.682540] 0003 0036 000001f3
2022-03-12 15:31:54.089364 True [   14250.698760] 0003 0035 000001e8
2022-03-12 15:31:54.089364 True [   14250.698760] 0003 0036 000001f3
2022-03-12 15:31:54.106822 True [   14250.716414] 0003 0035 000001ed
2022-03-12 15:31:54.106822 True [   14250.716414] 0003 0036 000001ef
2022-03-12 15:31:54.123979 True [   14250.733776] 0003 0035 000001ed
2022-03-12 15:31:54.123979 True [   14250.733776] 0003 0036 000001ef
2022-03-12 15:31:54.141193 True [   14250.750274] 0003 0035 000001ed
2022-03-12 15:31:54.141193 True [   14250.750274] 0003 0036 000001ef
2022-03-12 15:31:54.157471 True [   14250.766976] 0003 0035 000001f1
2022-03-12 15:31:54.157471 True [   14250.766976] 0003 0036 000001eb
2022-03-12 15:31:54.174506 True [   14250.784103] 0003 0035 000001f1
2022-03-12 15:31:54.174506 True [   14250.784103] 0003 0036 000001eb
2022-03-12 15:31:54.191239 True [   14250.801203] 0003 0035 000001f1
2022-03-12 15:31:54.191239 True [   14250.801203] 0003 0036 000001eb
2022-03-12 15:31:54.210075 True [   14250.817804] 0003 0035 000001f1
2022-03-12 15:31:54.210075 True [   14250.817804] 0003 0036 000001eb
2022-03-12 15:31:54.464134 True [   14251.073462] 0003 0035 0000013f
2022-03-12 15:31:54.464134 False [   14251.073462] 0003 0036 00000297
2022-03-12 15:31:54.480338 False [   14251.089820] 0003 0035 0000013f
2022-03-12 15:31:54.480338 False [   14251.089820] 0003 0036 00000297
2022-03-12 15:31:54.496433 False [   14251.105706] 0003 0035 0000013f
2022-03-12 15:31:54.496433 False [   14251.105706] 0003 0036 00000297
2022-03-12 15:31:54.513588 False [   14251.122957] 0003 0035 0000013f
2022-03-12 15:31:54.513588 False [   14251.122957] 0003 0036 00000297
2022-03-12 15:31:54.531371 False [   14251.139940] 0003 0035 0000013f
2022-03-12 15:31:54.531371 False [   14251.139940] 0003 0036 00000297
2022-03-12 15:31:54.547467 False [   14251.155912] 0003 0035 0000013f
2022-03-12 15:31:54.547467 False [   14251.155912] 0003 0036 00000297
2022-03-12 15:31:54.563594 False [   14251.172842] 0003 0035 00000142
2022-03-12 15:31:54.563594 False [   14251.172842] 0003 0036 00000293
2022-03-12 15:31:54.581570 False [   14251.190771] 0003 0035 0000014a
2022-03-12 15:31:54.581570 False [   14251.190771] 0003 0036 0000028e
2022-03-12 15:31:54.598271 False [   14251.207617] 0003 0035 00000157
2022-03-12 15:31:54.598271 False [   14251.207617] 0003 0036 00000288
2022-03-12 15:31:54.618955 False [   14251.224848] 0003 0035 00000166
2022-03-12 15:31:54.618955 False [   14251.224848] 0003 0036 00000282
2022-03-12 15:31:54.638766 False [   14251.246647] 0003 0035 00000175
2022-03-12 15:31:54.638766 False [   14251.246647] 0003 0036 0000027c
2022-03-12 15:31:54.649116 False [   14251.257559] 0003 0035 00000181
2022-03-12 15:31:54.649116 False [   14251.257559] 0003 0036 00000275
2022-03-12 15:31:54.666154 False [   14251.274465] 0003 0035 0000018c
2022-03-12 15:31:54.666154 False [   14251.274465] 0003 0036 0000026e
2022-03-12 15:31:54.685104 False [   14251.291793] 0003 0035 00000199
2022-03-12 15:31:54.685104 False [   14251.291793] 0003 0036 00000267
2022-03-12 15:31:54.698979 False [   14251.308309] 0003 0035 000001a7
2022-03-12 15:31:54.698979 False [   14251.308309] 0003 0036 00000261
2022-03-12 15:31:54.715892 False [   14251.325571] 0003 0035 000001b7
2022-03-12 15:31:54.715892 False [   14251.325571] 0003 0036 0000025b
2022-03-12 15:31:54.733110 False [   14251.342197] 0003 0035 000001c6
2022-03-12 15:31:54.733110 False [   14251.342197] 0003 0036 00000255
2022-03-12 15:31:54.749594 False [   14251.359309] 0003 0035 000001d4
2022-03-12 15:31:54.749594 False [   14251.359309] 0003 0036 00000250
2022-03-12 15:31:54.767191 True [   14251.376192] 0003 0035 000001df
2022-03-12 15:31:54.768210 True [   14251.376192] 0003 0036 0000024b
2022-03-12 15:31:54.783107 True [   14251.392964] 0003 0035 000001e8
2022-03-12 15:31:54.783107 True [   14251.392964] 0003 0036 00000246
2022-03-12 15:31:54.800066 True [   14251.409927] 0003 0035 000001ef
2022-03-12 15:31:54.800066 True [   14251.409927] 0003 0036 00000242
2022-03-12 15:31:54.818480 True [   14251.427037] 0003 0035 000001f5
2022-03-12 15:31:54.818480 True [   14251.427037] 0003 0036 0000023e
2022-03-12 15:31:54.834524 True [   14251.443798] 0003 0035 000001fc
2022-03-12 15:31:54.834524 True [   14251.443798] 0003 0036 0000023a
2022-03-12 15:31:54.851286 True [   14251.461100] 0003 0035 00000204
2022-03-12 15:31:54.851286 True [   14251.461100] 0003 0036 00000236
2022-03-12 15:31:54.867998 True [   14251.477810] 0003 0035 0000020f
2022-03-12 15:31:54.867998 True [   14251.477810] 0003 0036 00000232
2022-03-12 15:31:54.885382 True [   14251.494623] 0003 0035 0000021b
2022-03-12 15:31:54.885382 True [   14251.494623] 0003 0036 0000022e
2022-03-12 15:31:54.903065 True [   14251.511554] 0003 0035 00000226
2022-03-12 15:31:54.903065 True [   14251.511554] 0003 0036 0000022a
2022-03-12 15:31:54.921008 True [   14251.528442] 0003 0035 0000022f
2022-03-12 15:31:54.921008 True [   14251.528442] 0003 0036 00000227
2022-03-12 15:31:54.937137 True [   14251.546224] 0003 0035 00000237
2022-03-12 15:31:54.937137 True [   14251.546224] 0003 0036 00000224
2022-03-12 15:31:54.954562 True [   14251.563118] 0003 0035 0000023d
2022-03-12 15:31:54.954562 True [   14251.563118] 0003 0036 00000221
2022-03-12 15:31:54.970951 True [   14251.579911] 0003 0035 00000242
2022-03-12 15:31:54.970951 True [   14251.579911] 0003 0036 0000021f
2022-03-12 15:31:54.986701 True [   14251.596321] 0003 0035 00000246
2022-03-12 15:31:54.986701 True [   14251.596321] 0003 0036 0000021d
2022-03-12 15:31:55.004312 True [   14251.613227] 0003 0035 00000246
2022-03-12 15:31:55.004312 True [   14251.613227] 0003 0036 0000021d
2022-03-12 15:31:55.021205 True [   14251.631030] 0003 0035 00000246
2022-03-12 15:31:55.021205 True [   14251.631030] 0003 0036 0000021d
2022-03-12 15:31:55.038595 True [   14251.647805] 0003 0035 00000246
2022-03-12 15:31:55.038595 True [   14251.647805] 0003 0036 0000021d
2022-03-12 15:31:55.055140 True [   14251.664177] 0003 0035 00000246
2022-03-12 15:31:55.055140 True [   14251.664177] 0003 0036 0000021d
2022-03-12 15:31:55.073610 True [   14251.681259] 0003 0035 00000246
2022-03-12 15:31:55.073610 True [   14251.681259] 0003 0036 0000021d
2022-03-12 15:31:55.310856 True [   14251.919304] 0003 0035 0000019c
2022-03-12 15:31:55.310856 False [   14251.919304] 0003 0036 000002a2
2022-03-12 15:31:55.326797 False [   14251.935791] 0003 0035 0000019c
2022-03-12 15:31:55.326797 False [   14251.935791] 0003 0036 000002a2
2022-03-12 15:31:55.343392 False [   14251.952557] 0003 0035 0000019c
2022-03-12 15:31:55.343392 False [   14251.952557] 0003 0036 000002a2
2022-03-12 15:31:55.361922 False [   14251.969866] 0003 0035 0000019c
2022-03-12 15:31:55.361922 False [   14251.969866] 0003 0036 000002a2
2022-03-12 15:31:55.377061 False [   14251.986534] 0003 0035 000001a0
2022-03-12 15:31:55.377061 False [   14251.986534] 0003 0036 000002a2
2022-03-12 15:31:55.394495 False [   14252.002670] 0003 0035 000001aa
2022-03-12 15:31:55.394495 False [   14252.002670] 0003 0036 0000029f
2022-03-12 15:31:55.412327 False [   14252.019551] 0003 0035 000001b7
2022-03-12 15:31:55.412327 False [   14252.019551] 0003 0036 0000029c
2022-03-12 15:31:55.430008 False [   14252.037572] 0003 0035 000001c6
2022-03-12 15:31:55.430008 False [   14252.037572] 0003 0036 00000298
2022-03-12 15:31:55.447134 False [   14252.054242] 0003 0035 000001d3
2022-03-12 15:31:55.447134 False [   14252.054242] 0003 0036 00000294
2022-03-12 15:31:55.461337 False [   14252.071144] 0003 0035 000001de
2022-03-12 15:31:55.461337 False [   14252.071144] 0003 0036 0000028f
2022-03-12 15:31:55.478904 False [   14252.088218] 0003 0035 000001ea
2022-03-12 15:31:55.478904 False [   14252.088218] 0003 0036 0000028a
2022-03-12 15:31:55.495418 False [   14252.104566] 0003 0035 000001f9
2022-03-12 15:31:55.495418 False [   14252.104566] 0003 0036 00000284
2022-03-12 15:31:55.513152 False [   14252.121562] 0003 0035 0000020c
2022-03-12 15:31:55.513152 False [   14252.121562] 0003 0036 0000027d
2022-03-12 15:31:55.529976 False [   14252.138460] 0003 0035 0000021f
2022-03-12 15:31:55.529976 False [   14252.138460] 0003 0036 00000276
2022-03-12 15:31:55.546372 False [   14252.155050] 0003 0035 00000230
2022-03-12 15:31:55.546372 False [   14252.155050] 0003 0036 0000026f
2022-03-12 15:31:55.562469 False [   14252.172242] 0003 0035 0000023f
2022-03-12 15:31:55.562469 False [   14252.172242] 0003 0036 00000268
2022-03-12 15:31:55.583133 False [   14252.189323] 0003 0035 0000024b
2022-03-12 15:31:55.583133 True [   14252.189323] 0003 0036 00000262
2022-03-12 15:31:55.597337 False [   14252.206495] 0003 0035 00000258
2022-03-12 15:31:55.597337 True [   14252.206495] 0003 0036 0000025d
2022-03-12 15:31:55.616348 False [   14252.223285] 0003 0035 00000268
2022-03-12 15:31:55.616348 True [   14252.223285] 0003 0036 00000259
2022-03-12 15:31:55.632156 False [   14252.240127] 0003 0035 00000278
2022-03-12 15:31:55.632156 True [   14252.240127] 0003 0036 00000255
2022-03-12 15:31:55.649172 False [   14252.257481] 0003 0035 00000287
2022-03-12 15:31:55.649172 True [   14252.257481] 0003 0036 00000251
2022-03-12 15:31:55.665269 False [   14252.273910] 0003 0035 00000293
2022-03-12 15:31:55.665269 True [   14252.273910] 0003 0036 0000024d
2022-03-12 15:31:55.682188 True [   14252.291370] 0003 0035 0000029d
2022-03-12 15:31:55.682188 True [   14252.291370] 0003 0036 00000249
2022-03-12 15:31:55.698761 True [   14252.308230] 0003 0035 000002a5
2022-03-12 15:31:55.698761 True [   14252.308230] 0003 0036 00000245
2022-03-12 15:31:55.716112 True [   14252.325438] 0003 0035 000002aa
2022-03-12 15:31:55.716112 True [   14252.325438] 0003 0036 00000243
2022-03-12 15:31:55.733208 True [   14252.342094] 0003 0035 000002aa
2022-03-12 15:31:55.733208 True [   14252.342094] 0003 0036 00000243
2022-03-12 15:31:55.750771 True [   14252.358263] 0003 0035 000002af
2022-03-12 15:31:55.750771 True [   14252.358263] 0003 0036 00000240
2022-03-12 15:31:55.767717 True [   14252.375504] 0003 0035 000002b3
2022-03-12 15:31:55.767717 True [   14252.375504] 0003 0036 0000023e
2022-03-12 15:31:55.783554 True [   14252.392948] 0003 0035 000002b3
2022-03-12 15:31:55.783554 True [   14252.392948] 0003 0036 0000023e
2022-03-12 15:31:55.799750 True [   14252.409146] 0003 0035 000002b7
2022-03-12 15:31:55.799750 True [   14252.409146] 0003 0036 0000023c
2022-03-12 15:31:55.816723 True [   14252.426339] 0003 0035 000002b7
2022-03-12 15:31:55.816723 True [   14252.426339] 0003 0036 0000023c
2022-03-12 15:31:55.833711 True [   14252.442713] 0003 0035 000002b7
2022-03-12 15:31:55.833711 True [   14252.442713] 0003 0036 0000023c
2022-03-12 15:31:56.092964 True [   14252.698845] 0003 0035 00000249
2022-03-12 15:31:56.092964 False [   14252.698845] 0003 0036 000002bb
2022-03-12 15:31:56.105662 False [   14252.715453] 0003 0035 00000249
2022-03-12 15:31:56.106668 False [   14252.715453] 0003 0036 000002bb
2022-03-12 15:31:56.122162 False [   14252.731305] 0003 0035 00000249
2022-03-12 15:31:56.122162 False [   14252.731305] 0003 0036 000002bb
2022-03-12 15:31:56.138919 False [   14252.748416] 0003 0035 00000249
2022-03-12 15:31:56.138919 False [   14252.748416] 0003 0036 000002bb
2022-03-12 15:31:56.156517 False [   14252.764722] 0003 0035 00000249
2022-03-12 15:31:56.156517 False [   14252.764722] 0003 0036 000002bb
2022-03-12 15:31:56.175009 False [   14252.781649] 0003 0035 0000024e
2022-03-12 15:31:56.175009 False [   14252.781649] 0003 0036 000002b7
2022-03-12 15:31:56.190983 False [   14252.798605] 0003 0035 00000257
2022-03-12 15:31:56.190983 False [   14252.798605] 0003 0036 000002b2
2022-03-12 15:31:56.210050 False [   14252.816546] 0003 0035 00000266
2022-03-12 15:31:56.210050 False [   14252.816546] 0003 0036 000002ad
2022-03-12 15:31:56.225136 False [   14252.832699] 0003 0035 00000277
2022-03-12 15:31:56.225136 False [   14252.832699] 0003 0036 000002a7
2022-03-12 15:31:56.242970 False [   14252.850119] 0003 0035 00000288
2022-03-12 15:31:56.242970 False [   14252.850119] 0003 0036 000002a0
2022-03-12 15:31:56.257498 False [   14252.866879] 0003 0035 00000297
2022-03-12 15:31:56.257498 False [   14252.866879] 0003 0036 0000029a
2022-03-12 15:31:56.274527 False [   14252.883657] 0003 0035 000002a4
2022-03-12 15:31:56.274527 False [   14252.883657] 0003 0036 00000293
2022-03-12 15:31:56.292173 False [   14252.900482] 0003 0035 000002b3
2022-03-12 15:31:56.292173 False [   14252.900482] 0003 0036 0000028c
2022-03-12 15:31:56.309453 False [   14252.918849] 0003 0035 000002c5
2022-03-12 15:31:56.309453 False [   14252.918849] 0003 0036 00000284
2022-03-12 15:31:56.325063 False [   14252.934598] 0003 0035 000002d7
2022-03-12 15:31:56.325063 False [   14252.934598] 0003 0036 0000027c
2022-03-12 15:31:56.342195 False [   14252.951630] 0003 0035 000002e8
2022-03-12 15:31:56.342195 False [   14252.951630] 0003 0036 00000274
2022-03-12 15:31:56.358512 False [   14252.968326] 0003 0035 000002f6
2022-03-12 15:31:56.358512 False [   14252.968326] 0003 0036 0000026d
2022-03-12 15:31:56.376469 False [   14252.985513] 0003 0035 00000303
2022-03-12 15:31:56.376469 False [   14252.985513] 0003 0036 00000266
2022-03-12 15:31:56.392178 False [   14253.001845] 0003 0035 00000311
2022-03-12 15:31:56.392178 False [   14253.001845] 0003 0036 00000260
2022-03-12 15:31:56.409534 False [   14253.019162] 0003 0035 00000320
2022-03-12 15:31:56.409534 False [   14253.019162] 0003 0036 0000025b
2022-03-12 15:31:56.426438 False [   14253.035857] 0003 0035 0000032e
2022-03-12 15:31:56.426438 False [   14253.035857] 0003 0036 00000257
2022-03-12 15:31:56.445277 False [   14253.053630] 0003 0035 0000033b
2022-03-12 15:31:56.445277 False [   14253.053630] 0003 0036 00000252
2022-03-12 15:31:56.460315 False [   14253.069739] 0003 0035 00000346
2022-03-12 15:31:56.460315 False [   14253.069739] 0003 0036 0000024e
2022-03-12 15:31:56.477104 False [   14253.086555] 0003 0035 0000034f
2022-03-12 15:31:56.477104 False [   14253.086555] 0003 0036 0000024b
2022-03-12 15:31:56.495348 False [   14253.103878] 0003 0035 00000355
2022-03-12 15:31:56.495348 False [   14253.103878] 0003 0036 00000248
2022-03-12 15:31:56.510950 False [   14253.120593] 0003 0035 0000035b
2022-03-12 15:31:56.510950 False [   14253.120593] 0003 0036 00000246
2022-03-12 15:31:56.527837 False [   14253.137308] 0003 0035 0000035f
2022-03-12 15:31:56.527837 False [   14253.137308] 0003 0036 00000244
2022-03-12 15:31:56.545100 False [   14253.154523] 0003 0035 0000035f
2022-03-12 15:31:56.545100 False [   14253.154523] 0003 0036 00000244
2022-03-12 15:31:56.565241 False [   14253.171473] 0003 0035 0000035f
2022-03-12 15:31:56.565241 False [   14253.171473] 0003 0036 00000244
2022-03-12 15:31:56.849933 False [   14253.459602] 0003 0035 000002d2
2022-03-12 15:31:56.849933 False [   14253.459602] 0003 0036 000002bd
2022-03-12 15:31:56.867169 False [   14253.476549] 0003 0035 000002d2
2022-03-12 15:31:56.867169 False [   14253.476549] 0003 0036 000002bd
2022-03-12 15:31:56.884521 False [   14253.494117] 0003 0035 000002d2
2022-03-12 15:31:56.884521 False [   14253.494117] 0003 0036 000002bd
2022-03-12 15:31:56.902094 False [   14253.510413] 0003 0035 000002d8
2022-03-12 15:31:56.902094 False [   14253.510413] 0003 0036 000002bd
2022-03-12 15:31:56.920247 False [   14253.528393] 0003 0035 000002df
2022-03-12 15:31:56.920247 False [   14253.528393] 0003 0036 000002bb
2022-03-12 15:31:56.933549 False [   14253.543872] 0003 0035 000002e6
2022-03-12 15:31:56.933549 False [   14253.543872] 0003 0036 000002b9
2022-03-12 15:31:56.952239 False [   14253.561421] 0003 0035 000002ee
2022-03-12 15:31:56.952239 False [   14253.561421] 0003 0036 000002b6
2022-03-12 15:31:56.970211 False [   14253.578228] 0003 0035 000002f6
2022-03-12 15:31:56.970211 False [   14253.578228] 0003 0036 000002b2
2022-03-12 15:31:56.987150 False [   14253.595139] 0003 0035 000002ff
2022-03-12 15:31:56.987150 False [   14253.595139] 0003 0036 000002ad
2022-03-12 15:31:57.002223 False [   14253.611661] 0003 0035 0000030d
2022-03-12 15:31:57.002223 False [   14253.611661] 0003 0036 000002a7
2022-03-12 15:31:57.019534 False [   14253.629052] 0003 0035 0000031e
2022-03-12 15:31:57.019534 False [   14253.629052] 0003 0036 000002a1
2022-03-12 15:31:57.036532 False [   14253.646097] 0003 0035 00000330
2022-03-12 15:31:57.037569 False [   14253.646097] 0003 0036 0000029a
2022-03-12 15:31:57.054637 False [   14253.662273] 0003 0035 00000341
2022-03-12 15:31:57.054637 False [   14253.662273] 0003 0036 00000292
2022-03-12 15:31:57.070788 False [   14253.679191] 0003 0035 0000034f
2022-03-12 15:31:57.070788 False [   14253.679191] 0003 0036 0000028a
2022-03-12 15:31:57.087804 False [   14253.696484] 0003 0035 0000035c
2022-03-12 15:31:57.087804 False [   14253.696484] 0003 0036 00000282
2022-03-12 15:31:57.104303 False [   14253.714039] 0003 0035 0000036b
2022-03-12 15:31:57.105337 False [   14253.714039] 0003 0036 0000027a
2022-03-12 15:31:57.121059 False [   14253.730738] 0003 0035 0000037d
2022-03-12 15:31:57.121059 False [   14253.730738] 0003 0036 00000272
2022-03-12 15:31:57.138633 False [   14253.747978] 0003 0035 0000038f
2022-03-12 15:31:57.138633 False [   14253.747978] 0003 0036 0000026b
2022-03-12 15:31:57.156157 False [   14253.763821] 0003 0035 000003a0
2022-03-12 15:31:57.156157 False [   14253.763821] 0003 0036 00000264
2022-03-12 15:31:57.171052 False [   14253.780746] 0003 0035 000003af
2022-03-12 15:31:57.171052 False [   14253.780746] 0003 0036 0000025e
2022-03-12 15:31:57.189324 False [   14253.798512] 0003 0035 000003bd
2022-03-12 15:31:57.189324 False [   14253.798512] 0003 0036 00000258
2022-03-12 15:31:57.205310 False [   14253.814777] 0003 0035 000003cf
2022-03-12 15:31:57.205310 False [   14253.814777] 0003 0036 00000251
2022-03-12 15:31:57.222310 False [   14253.831781] 0003 0035 000003e2
2022-03-12 15:31:57.222310 False [   14253.831781] 0003 0036 0000024b
2022-03-12 15:31:57.240420 False [   14253.848956] 0003 0035 000003f3
2022-03-12 15:31:57.240420 False [   14253.848956] 0003 0036 00000245
2022-03-12 15:31:57.256909 False [   14253.866308] 0003 0035 00000401
2022-03-12 15:31:57.256909 False [   14253.866308] 0003 0036 0000023f
2022-03-12 15:31:57.273700 False [   14253.883146] 0003 0035 0000040d
2022-03-12 15:31:57.273700 False [   14253.883146] 0003 0036 0000023a
2022-03-12 15:31:57.291338 False [   14253.900240] 0003 0035 00000416
2022-03-12 15:31:57.291338 False [   14253.900240] 0003 0036 00000235
2022-03-12 15:31:57.307797 False [   14253.917249] 0003 0035 00000420
2022-03-12 15:31:57.307797 False [   14253.917249] 0003 0036 00000230
2022-03-12 15:31:57.326092 False [   14253.933979] 0003 0035 0000042d
2022-03-12 15:31:57.326092 False [   14253.933979] 0003 0036 0000022b
2022-03-12 15:31:57.342981 False [   14253.952347] 0003 0035 0000043b
2022-03-12 15:31:57.342981 False [   14253.952347] 0003 0036 00000226
2022-03-12 15:31:57.358992 False [   14253.967674] 0003 0035 00000449
2022-03-12 15:31:57.358992 False [   14253.967674] 0003 0036 00000221
2022-03-12 15:31:57.377030 False [   14253.984684] 0003 0035 00000456
2022-03-12 15:31:57.377030 False [   14253.984684] 0003 0036 0000021c
2022-03-12 15:31:57.394246 False [   14254.001361] 0003 0035 00000461
2022-03-12 15:31:57.394246 False [   14254.001361] 0003 0036 00000217
2022-03-12 15:31:57.408752 False [   14254.017988] 0003 0035 0000046a
2022-03-12 15:31:57.408752 False [   14254.017988] 0003 0036 00000212
2022-03-12 15:31:57.425655 False [   14254.035234] 0003 0035 00000475
2022-03-12 15:31:57.425655 False [   14254.035234] 0003 0036 0000020d
2022-03-12 15:31:57.442435 False [   14254.051807] 0003 0035 00000486
2022-03-12 15:31:57.442435 False [   14254.051807] 0003 0036 00000208
2022-03-12 15:31:57.459924 False [   14254.069149] 0003 0035 0000049a
2022-03-12 15:31:57.459924 False [   14254.069149] 0003 0036 00000202
2022-03-12 15:31:57.477367 False [   14254.086350] 0003 0035 000004af
2022-03-12 15:31:57.477367 False [   14254.086350] 0003 0036 000001fc
2022-03-12 15:31:57.493693 False [   14254.103470] 0003 0035 000004c2
2022-03-12 15:31:57.493693 False [   14254.103470] 0003 0036 000001f6
2022-03-12 15:31:57.511023 False [   14254.120478] 0003 0035 000004d1
2022-03-12 15:31:57.511023 False [   14254.120478] 0003 0036 000001ef
2022-03-12 15:31:57.527178 False [   14254.136467] 0003 0035 000004dc
2022-03-12 15:31:57.527178 False [   14254.136467] 0003 0036 000001e9
2022-03-12 15:31:57.544537 False [   14254.153419] 0003 0035 000004e4
2022-03-12 15:31:57.544537 False [   14254.153419] 0003 0036 000001e4
2022-03-12 15:31:57.562227 False [   14254.171126] 0003 0035 000004e9
2022-03-12 15:31:57.562227 False [   14254.171126] 0003 0036 000001df
2022-03-12 15:31:57.579897 False [   14254.187283] 0003 0035 000004eb
2022-03-12 15:31:57.579897 False [   14254.187283] 0003 0036 000001db
2022-03-12 15:31:57.595192 False [   14254.204492] 0003 0035 000004eb
2022-03-12 15:31:57.599147 False [   14254.204492] 0003 0036 000001d7
2022-03-12 15:31:58.359591 True [   14254.968783] 0003 0035 000003d4
2022-03-12 15:31:58.359591 True [   14254.968783] 0003 0036 000001cb
2022-03-12 15:31:58.375451 True [   14254.984374] 0003 0035 000003d4
2022-03-12 15:31:58.375451 True [   14254.984374] 0003 0036 000001cb
2022-03-12 15:31:58.392758 True [   14255.000955] 0003 0035 000003d4
2022-03-12 15:31:58.392758 True [   14255.000955] 0003 0036 000001cb
2022-03-12 15:31:58.408267 True [   14255.017548] 0003 0035 000003d4
2022-03-12 15:31:58.408267 True [   14255.017548] 0003 0036 000001cb
2022-03-12 15:31:58.426629 True [   14255.034940] 0003 0035 000003d4
2022-03-12 15:31:58.426629 True [   14255.034940] 0003 0036 000001cb
2022-03-12 15:31:58.443834 True [   14255.051265] 0003 0035 000003db
2022-03-12 15:31:58.443834 True [   14255.051265] 0003 0036 000001cb
2022-03-12 15:31:58.458725 True [   14255.067878] 0003 0035 000003e4
2022-03-12 15:31:58.458725 True [   14255.067878] 0003 0036 000001cd
2022-03-12 15:31:58.476309 True [   14255.085601] 0003 0035 000003ef
2022-03-12 15:31:58.476309 True [   14255.085601] 0003 0036 000001d1
2022-03-12 15:31:58.493027 True [   14255.102652] 0003 0035 000003fb
2022-03-12 15:31:58.493027 True [   14255.102652] 0003 0036 000001d5
2022-03-12 15:31:58.509199 True [   14255.118650] 0003 0035 0000040d
2022-03-12 15:31:58.509199 True [   14255.118650] 0003 0036 000001db
2022-03-12 15:31:58.527470 True [   14255.136101] 0003 0035 00000425
2022-03-12 15:31:58.527470 True [   14255.136101] 0003 0036 000001e2
2022-03-12 15:31:58.543534 False [   14255.153421] 0003 0035 0000043d
2022-03-12 15:31:58.543534 False [   14255.153421] 0003 0036 000001eb
2022-03-12 15:31:58.560424 False [   14255.169562] 0003 0035 00000453
2022-03-12 15:31:58.560424 False [   14255.169562] 0003 0036 000001f3
2022-03-12 15:31:58.577020 False [   14255.186483] 0003 0035 00000465
2022-03-12 15:31:58.577020 False [   14255.186483] 0003 0036 000001fa
2022-03-12 15:31:58.594537 False [   14255.204269] 0003 0035 00000476
2022-03-12 15:31:58.594537 False [   14255.204269] 0003 0036 00000201
2022-03-12 15:31:58.611333 False [   14255.221120] 0003 0035 0000048c
2022-03-12 15:31:58.611333 False [   14255.221120] 0003 0036 00000208
2022-03-12 15:31:58.629385 False [   14255.237854] 0003 0035 000004a4
2022-03-12 15:31:58.629385 False [   14255.237854] 0003 0036 0000020f
2022-03-12 15:31:58.645152 False [   14255.254227] 0003 0035 000004b8
2022-03-12 15:31:58.645152 False [   14255.254227] 0003 0036 00000214
2022-03-12 15:31:58.662195 False [   14255.271286] 0003 0035 000004c8
2022-03-12 15:31:58.662195 False [   14255.271286] 0003 0036 00000218
2022-03-12 15:31:58.678425 False [   14255.288161] 0003 0035 000004d4
2022-03-12 15:31:58.678425 False [   14255.288161] 0003 0036 0000021b
2022-03-12 15:31:58.696073 False [   14255.305778] 0003 0035 000004db
2022-03-12 15:31:58.696073 False [   14255.305778] 0003 0036 0000021d
2022-03-12 15:31:58.713184 False [   14255.322482] 0003 0035 000004df
2022-03-12 15:31:58.713184 False [   14255.322482] 0003 0036 0000021d
2022-03-12 15:31:58.729173 False [   14255.338601] 0003 0035 000004df
2022-03-12 15:31:58.729173 False [   14255.338601] 0003 0036 0000021d
2022-03-12 15:31:59.002243 False [   14255.611175] 0003 0035 00000419
2022-03-12 15:31:59.002243 True [   14255.611175] 0003 0036 000001b4
2022-03-12 15:31:59.017782 True [   14255.627054] 0003 0035 00000419
2022-03-12 15:31:59.017782 True [   14255.627054] 0003 0036 000001b4
2022-03-12 15:31:59.034375 True [   14255.644420] 0003 0035 00000419
2022-03-12 15:31:59.034375 True [   14255.644420] 0003 0036 000001b4
2022-03-12 15:31:59.053074 True [   14255.662264] 0003 0035 00000419
2022-03-12 15:31:59.053074 True [   14255.662264] 0003 0036 000001b4
2022-03-12 15:31:59.069591 True [   14255.678919] 0003 0035 00000419
2022-03-12 15:31:59.069591 True [   14255.678919] 0003 0036 000001b4
2022-03-12 15:31:59.086544 True [   14255.695241] 0003 0035 00000419
2022-03-12 15:31:59.086544 True [   14255.695241] 0003 0036 000001b4
2022-03-12 15:31:59.103473 True [   14255.711594] 0003 0035 00000421
2022-03-12 15:31:59.103473 True [   14255.711594] 0003 0036 000001b6
2022-03-12 15:31:59.121886 True [   14255.729082] 0003 0035 00000430
2022-03-12 15:31:59.121886 True [   14255.729082] 0003 0036 000001ba
2022-03-12 15:31:59.138259 True [   14255.746140] 0003 0035 00000442
2022-03-12 15:31:59.138259 True [   14255.746140] 0003 0036 000001bf
2022-03-12 15:31:59.153340 True [   14255.762564] 0003 0035 00000455
2022-03-12 15:31:59.153340 True [   14255.762564] 0003 0036 000001c4
2022-03-12 15:31:59.171046 True [   14255.779218] 0003 0035 00000465
2022-03-12 15:31:59.171046 True [   14255.779218] 0003 0036 000001c9
2022-03-12 15:31:59.187524 True [   14255.796894] 0003 0035 00000479
2022-03-12 15:31:59.187524 False [   14255.796894] 0003 0036 000001cf
2022-03-12 15:31:59.204731 False [   14255.814185] 0003 0035 00000494
2022-03-12 15:31:59.204731 False [   14255.814185] 0003 0036 000001d5
2022-03-12 15:31:59.220163 False [   14255.830298] 0003 0035 000004af
2022-03-12 15:31:59.220163 False [   14255.830298] 0003 0036 000001da
2022-03-12 15:31:59.255808 False [   14255.864202] 0003 0035 000004c5
2022-03-12 15:31:59.255808 False [   14255.864202] 0003 0036 000001df
2022-03-12 15:31:59.271139 False [   14255.881172] 0003 0035 000004d5
2022-03-12 15:31:59.271139 False [   14255.881172] 0003 0036 000001e3
2022-03-12 15:31:59.289982 False [   14255.898185] 0003 0035 000004e0
2022-03-12 15:31:59.289982 False [   14255.898185] 0003 0036 000001e6
2022-03-12 15:31:59.307466 False [   14255.914744] 0003 0035 000004e6
2022-03-12 15:31:59.307466 False [   14255.914744] 0003 0036 000001e8
2022-03-12 15:31:59.325090 False [   14255.932526] 0003 0035 000004ea
2022-03-12 15:31:59.325090 False [   14255.932526] 0003 0036 000001e8
2022-03-12 15:31:59.614282 False [   14256.221555] 0003 0035 00000436
2022-03-12 15:31:59.615259 True [   14256.221555] 0003 0036 00000173
2022-03-12 15:31:59.628533 True [   14256.237899] 0003 0035 00000436
2022-03-12 15:31:59.628533 True [   14256.237899] 0003 0036 00000173
2022-03-12 15:31:59.645769 True [   14256.254295] 0003 0035 00000436
2022-03-12 15:31:59.645769 True [   14256.254295] 0003 0036 00000173
2022-03-12 15:31:59.661103 True [   14256.271046] 0003 0035 00000436
2022-03-12 15:31:59.661103 True [   14256.271046] 0003 0036 00000173
2022-03-12 15:31:59.678186 True [   14256.287752] 0003 0035 0000043b
2022-03-12 15:31:59.678186 True [   14256.287752] 0003 0036 00000173
2022-03-12 15:31:59.695525 True [   14256.304739] 0003 0035 00000441
2022-03-12 15:31:59.695525 True [   14256.304739] 0003 0036 00000173
2022-03-12 15:31:59.712537 False [   14256.322089] 0003 0035 00000449
2022-03-12 15:31:59.712537 False [   14256.322089] 0003 0036 00000173
2022-03-12 15:31:59.729481 False [   14256.338784] 0003 0035 00000452
2022-03-12 15:31:59.729481 False [   14256.338784] 0003 0036 00000175
2022-03-12 15:31:59.745491 False [   14256.354921] 0003 0035 0000045c
2022-03-12 15:31:59.745491 False [   14256.354921] 0003 0036 00000177
2022-03-12 15:31:59.762527 False [   14256.371921] 0003 0035 00000467
2022-03-12 15:31:59.762527 False [   14256.371921] 0003 0036 0000017a
2022-03-12 15:31:59.781145 False [   14256.389676] 0003 0035 00000477
2022-03-12 15:31:59.781145 False [   14256.389676] 0003 0036 0000017e
2022-03-12 15:31:59.799499 False [   14256.406381] 0003 0035 0000048e
2022-03-12 15:31:59.799499 False [   14256.406381] 0003 0036 00000183
2022-03-12 15:31:59.814727 False [   14256.423645] 0003 0035 000004a7
2022-03-12 15:31:59.814727 False [   14256.423645] 0003 0036 00000188
2022-03-12 15:31:59.831768 False [   14256.440411] 0003 0035 000004bd
2022-03-12 15:31:59.831768 False [   14256.440411] 0003 0036 0000018d
2022-03-12 15:31:59.847374 False [   14256.456861] 0003 0035 000004cf
2022-03-12 15:31:59.847374 False [   14256.456861] 0003 0036 00000191
2022-03-12 15:31:59.863545 False [   14256.473482] 0003 0035 000004db
2022-03-12 15:31:59.863545 False [   14256.473482] 0003 0036 00000195
2022-03-12 15:31:59.881139 False [   14256.490836] 0003 0035 000004e3
2022-03-12 15:31:59.881139 False [   14256.490836] 0003 0036 00000198
2022-03-12 15:31:59.899470 False [   14256.508093] 0003 0035 000004e9
2022-03-12 15:31:59.899470 False [   14256.508093] 0003 0036 0000019a
2022-03-12 15:31:59.917189 False [   14256.524282] 0003 0035 000004ed
2022-03-12 15:31:59.917189 False [   14256.524282] 0003 0036 0000019a
2022-03-12 15:31:59.934207 False [   14256.541531] 0003 0035 000004ed
2022-03-12 15:31:59.934207 False [   14256.541531] 0003 0036 0000019a
2022-03-12 15:31:59.949490 False [   14256.558879] 0003 0035 000004ed
2022-03-12 15:31:59.950501 False [   14256.558879] 0003 0036 0000019a
2022-03-12 15:31:59.967071 False [   14256.575262] 0003 0035 000004ed
2022-03-12 15:31:59.967071 False [   14256.575262] 0003 0036 0000019a
2022-03-12 15:31:59.983413 False [   14256.592549] 0003 0035 000004ed
2022-03-12 15:31:59.983413 False [   14256.592549] 0003 0036 0000019a
2022-03-12 15:32:00.459373 True [   14257.068412] 0003 0035 00000426
2022-03-12 15:32:00.459373 False [   14257.068412] 0003 0036 0000015d
2022-03-12 15:32:00.475446 False [   14257.084776] 0003 0035 00000426
2022-03-12 15:32:00.475446 False [   14257.084776] 0003 0036 0000015d
2022-03-12 15:32:00.495204 False [   14257.101469] 0003 0035 00000426
2022-03-12 15:32:00.495204 False [   14257.101469] 0003 0036 0000015d
2022-03-12 15:32:00.508301 False [   14257.118043] 0003 0035 00000426
2022-03-12 15:32:00.508301 False [   14257.118043] 0003 0036 0000015d
2022-03-12 15:32:00.524878 False [   14257.134736] 0003 0035 00000426
2022-03-12 15:32:00.524878 False [   14257.134736] 0003 0036 0000015d
2022-03-12 15:32:00.541826 False [   14257.150968] 0003 0035 0000042b
2022-03-12 15:32:00.541826 False [   14257.150968] 0003 0036 0000015d
2022-03-12 15:32:00.558401 False [   14257.167842] 0003 0035 00000435
2022-03-12 15:32:00.558401 False [   14257.167842] 0003 0036 0000015d
2022-03-12 15:32:00.575308 False [   14257.184867] 0003 0035 00000443
2022-03-12 15:32:00.575308 False [   14257.184867] 0003 0036 0000015d
2022-03-12 15:32:00.593009 False [   14257.202301] 0003 0035 00000451
2022-03-12 15:32:00.593009 False [   14257.202301] 0003 0036 0000015f
2022-03-12 15:32:00.610230 False [   14257.219718] 0003 0035 00000464
2022-03-12 15:32:00.610230 False [   14257.219718] 0003 0036 00000161
2022-03-12 15:32:00.627117 False [   14257.236419] 0003 0035 0000047f
2022-03-12 15:32:00.627117 False [   14257.236419] 0003 0036 00000164
2022-03-12 15:32:00.643134 False [   14257.252833] 0003 0035 0000049c
2022-03-12 15:32:00.644140 False [   14257.252833] 0003 0036 00000168
2022-03-12 15:32:00.662196 False [   14257.269687] 0003 0035 000004b7
2022-03-12 15:32:00.662196 False [   14257.269687] 0003 0036 0000016c
2022-03-12 15:32:00.677026 False [   14257.286416] 0003 0035 000004cc
2022-03-12 15:32:00.677026 False [   14257.286416] 0003 0036 00000170
2022-03-12 15:32:00.694524 False [   14257.303261] 0003 0035 000004db
2022-03-12 15:32:00.694524 False [   14257.303261] 0003 0036 00000174
2022-03-12 15:32:00.711379 False [   14257.320691] 0003 0035 000004e3
2022-03-12 15:32:00.711379 False [   14257.320691] 0003 0036 00000178
2022-03-12 15:32:00.728442 False [   14257.338124] 0003 0035 000004e8
2022-03-12 15:32:00.728442 False [   14257.338124] 0003 0036 0000017b
2022-03-12 15:32:00.745399 False [   14257.354634] 0003 0035 000004e8
2022-03-12 15:32:00.745399 False [   14257.354634] 0003 0036 0000017b
2022-03-12 15:32:00.762550 False [   14257.371302] 0003 0035 000004e8
2022-03-12 15:32:00.762550 False [   14257.371302] 0003 0036 0000017b
2022-03-12 15:32:00.779177 False [   14257.388741] 0003 0035 000004e8
2022-03-12 15:32:00.779177 False [   14257.388741] 0003 0036 0000017b
2022-03-12 15:32:00.797356 False [   14257.405716] 0003 0035 000004e8
2022-03-12 15:32:00.797356 False [   14257.405716] 0003 0036 0000017b
2022-03-12 15:32:00.813526 False [   14257.422507] 0003 0035 000004e8
2022-03-12 15:32:00.813526 False [   14257.422507] 0003 0036 0000017b
2022-03-12 15:32:00.829544 False [   14257.438957] 0003 0035 000004e8
2022-03-12 15:32:00.829544 False [   14257.438957] 0003 0036 0000017b
2022-03-12 15:32:00.847097 False [   14257.455867] 0003 0035 000004e8
2022-03-12 15:32:00.847097 False [   14257.455867] 0003 0036 0000017b
2022-03-12 15:32:01.101090 True [   14257.710781] 0003 0035 000003c2
2022-03-12 15:32:01.101090 False [   14257.710781] 0003 0036 0000011a
2022-03-12 15:32:01.118132 False [   14257.727436] 0003 0035 000003c2
2022-03-12 15:32:01.118132 False [   14257.727436] 0003 0036 0000011a
2022-03-12 15:32:01.134726 False [   14257.744212] 0003 0035 000003c2
2022-03-12 15:32:01.134726 False [   14257.744212] 0003 0036 0000011a
2022-03-12 15:32:01.152751 False [   14257.761916] 0003 0035 000003c2
2022-03-12 15:32:01.152751 False [   14257.761916] 0003 0036 0000011a
2022-03-12 15:32:01.168671 False [   14257.777833] 0003 0035 000003c2
2022-03-12 15:32:01.168671 False [   14257.777833] 0003 0036 0000011a
2022-03-12 15:32:01.187851 False [   14257.795095] 0003 0035 000003c7
2022-03-12 15:32:01.187851 False [   14257.795095] 0003 0036 0000011a
2022-03-12 15:32:01.203517 False [   14257.811937] 0003 0035 000003d3
2022-03-12 15:32:01.203517 False [   14257.811937] 0003 0036 0000011c
2022-03-12 15:32:01.221041 False [   14257.829271] 0003 0035 000003e3
2022-03-12 15:32:01.222038 False [   14257.829271] 0003 0036 0000011f
2022-03-12 15:32:01.236281 False [   14257.845480] 0003 0035 000003f4
2022-03-12 15:32:01.236281 False [   14257.845480] 0003 0036 00000123
2022-03-12 15:32:01.253363 False [   14257.862156] 0003 0035 00000408
2022-03-12 15:32:01.253363 False [   14257.862156] 0003 0036 00000128
2022-03-12 15:32:01.270485 False [   14257.879146] 0003 0035 00000421
2022-03-12 15:32:01.270485 False [   14257.879146] 0003 0036 0000012e
2022-03-12 15:32:01.287180 False [   14257.896311] 0003 0035 0000043a
2022-03-12 15:32:01.287180 False [   14257.896311] 0003 0036 00000134
2022-03-12 15:32:01.303178 False [   14257.913008] 0003 0035 00000451
2022-03-12 15:32:01.303178 False [   14257.913008] 0003 0036 0000013b
2022-03-12 15:32:01.321094 False [   14257.930283] 0003 0035 00000463
2022-03-12 15:32:01.321094 False [   14257.930283] 0003 0036 00000141
2022-03-12 15:32:01.339890 False [   14257.946891] 0003 0035 00000476
2022-03-12 15:32:01.339890 False [   14257.946891] 0003 0036 00000146
2022-03-12 15:32:01.355374 False [   14257.964619] 0003 0035 0000048e
2022-03-12 15:32:01.355374 False [   14257.964619] 0003 0036 0000014b
2022-03-12 15:32:01.372197 False [   14257.981146] 0003 0035 000004a7
2022-03-12 15:32:01.372197 False [   14257.981146] 0003 0036 00000150
2022-03-12 15:32:01.388931 False [   14257.998179] 0003 0035 000004bd
2022-03-12 15:32:01.388931 False [   14257.998179] 0003 0036 00000154
2022-03-12 15:32:01.406130 False [   14258.014777] 0003 0035 000004ce
2022-03-12 15:32:01.406130 False [   14258.014777] 0003 0036 00000158
2022-03-12 15:32:01.424711 False [   14258.032536] 0003 0035 000004da
2022-03-12 15:32:01.424711 False [   14258.032536] 0003 0036 0000015b
2022-03-12 15:32:01.440748 False [   14258.049279] 0003 0035 000004e2
2022-03-12 15:32:01.440748 False [   14258.049279] 0003 0036 0000015d
2022-03-12 15:32:01.456384 False [   14258.066017] 0003 0035 000004e8
2022-03-12 15:32:01.456384 False [   14258.066017] 0003 0036 0000015d
2022-03-12 15:32:01.476388 False [   14258.083117] 0003 0035 000004e8
2022-03-12 15:32:01.476388 False [   14258.083117] 0003 0036 0000015d
2022-03-12 15:32:01.490506 False [   14258.099684] 0003 0035 000004e8
2022-03-12 15:32:01.490506 False [   14258.099684] 0003 0036 0000015d
2022-03-12 15:32:01.506605 False [   14258.116420] 0003 0035 000004e8
2022-03-12 15:32:01.507659 False [   14258.116420] 0003 0036 0000015d
2022-03-12 15:32:01.745471 True [   14258.354860] 0003 0035 0000031c
2022-03-12 15:32:01.746465 True [   14258.354860] 0003 0036 000000e2
2022-03-12 15:32:01.765239 True [   14258.371226] 0003 0035 0000031c
2022-03-12 15:32:01.765239 True [   14258.371226] 0003 0036 000000e2
2022-03-12 15:32:01.778242 True [   14258.387865] 0003 0035 0000031c
2022-03-12 15:32:01.778242 True [   14258.387865] 0003 0036 000000e2
2022-03-12 15:32:01.795534 True [   14258.404819] 0003 0035 0000031c
2022-03-12 15:32:01.795534 True [   14258.404819] 0003 0036 000000e2
2022-03-12 15:32:01.813615 True [   14258.422036] 0003 0035 0000031c
2022-03-12 15:32:01.813615 True [   14258.422036] 0003 0036 000000e2
2022-03-12 15:32:01.828788 True [   14258.437926] 0003 0035 0000031c
2022-03-12 15:32:01.828788 True [   14258.437926] 0003 0036 000000e2
2022-03-12 15:32:01.845468 True [   14258.454920] 0003 0035 00000325
2022-03-12 15:32:01.845468 True [   14258.454920] 0003 0036 000000e2
2022-03-12 15:32:01.862504 True [   14258.472157] 0003 0035 00000331
2022-03-12 15:32:01.862504 True [   14258.472157] 0003 0036 000000e2
2022-03-12 15:32:01.880406 True [   14258.488813] 0003 0035 0000033f
2022-03-12 15:32:01.880406 True [   14258.488813] 0003 0036 000000e5
2022-03-12 15:32:01.896371 False [   14258.505733] 0003 0035 00000351
2022-03-12 15:32:01.896371 False [   14258.505733] 0003 0036 000000e9
2022-03-12 15:32:01.914518 False [   14258.522850] 0003 0035 00000369
2022-03-12 15:32:01.914518 False [   14258.522850] 0003 0036 000000ee
2022-03-12 15:32:01.931246 False [   14258.539798] 0003 0035 00000383
2022-03-12 15:32:01.931246 False [   14258.539798] 0003 0036 000000f3
2022-03-12 15:32:01.948100 False [   14258.556485] 0003 0035 0000039a
2022-03-12 15:32:01.948100 False [   14258.556485] 0003 0036 000000f8
2022-03-12 15:32:01.964545 False [   14258.574130] 0003 0035 000003ae
2022-03-12 15:32:01.964545 False [   14258.574130] 0003 0036 000000fd
2022-03-12 15:32:01.982186 False [   14258.590971] 0003 0035 000003c2
2022-03-12 15:32:01.982186 False [   14258.590971] 0003 0036 00000102
2022-03-12 15:32:01.999628 False [   14258.607478] 0003 0035 000003d6
2022-03-12 15:32:02.000625 False [   14258.607478] 0003 0036 00000107
2022-03-12 15:32:02.018531 False [   14258.624751] 0003 0035 000003ea
2022-03-12 15:32:02.018531 False [   14258.624751] 0003 0036 0000010b
2022-03-12 15:32:02.033240 False [   14258.641500] 0003 0035 000003fb
2022-03-12 15:32:02.034238 False [   14258.641500] 0003 0036 0000010f
2022-03-12 15:32:02.050452 False [   14258.658519] 0003 0035 0000040d
2022-03-12 15:32:02.050452 False [   14258.658519] 0003 0036 00000113
2022-03-12 15:32:02.066525 False [   14258.675600] 0003 0035 00000422
2022-03-12 15:32:02.066525 False [   14258.675600] 0003 0036 00000118
2022-03-12 15:32:02.084027 False [   14258.692371] 0003 0035 00000438
2022-03-12 15:32:02.084027 False [   14258.692371] 0003 0036 0000011d
2022-03-12 15:32:02.103059 False [   14258.709187] 0003 0035 0000044d
2022-03-12 15:32:02.103059 False [   14258.709187] 0003 0036 00000122
2022-03-12 15:32:02.118401 False [   14258.726412] 0003 0035 00000460
2022-03-12 15:32:02.118401 False [   14258.726412] 0003 0036 00000127
2022-03-12 15:32:02.136170 False [   14258.743033] 0003 0035 00000471
2022-03-12 15:32:02.136170 False [   14258.743033] 0003 0036 0000012b
2022-03-12 15:32:02.151366 False [   14258.760071] 0003 0035 00000484
2022-03-12 15:32:02.151366 False [   14258.760071] 0003 0036 0000012f
2022-03-12 15:32:02.167872 False [   14258.776721] 0003 0035 00000497
2022-03-12 15:32:02.167872 False [   14258.776721] 0003 0036 00000133
2022-03-12 15:32:02.184422 False [   14258.793614] 0003 0035 000004a9
2022-03-12 15:32:02.184422 False [   14258.793614] 0003 0036 00000135
2022-03-12 15:32:02.202231 False [   14258.810932] 0003 0035 000004b8
2022-03-12 15:32:02.202231 False [   14258.810932] 0003 0036 00000137
2022-03-12 15:32:02.219872 False [   14258.827718] 0003 0035 000004c4
2022-03-12 15:32:02.219872 False [   14258.827718] 0003 0036 00000139
2022-03-12 15:32:02.234701 False [   14258.844629] 0003 0035 000004cc
2022-03-12 15:32:02.235548 False [   14258.844629] 0003 0036 00000139
2022-03-12 15:32:02.252674 False [   14258.861815] 0003 0035 000004d1
2022-03-12 15:32:02.252674 False [   14258.861815] 0003 0036 00000139
2022-03-12 15:32:02.271398 False [   14258.878736] 0003 0035 000004d1
2022-03-12 15:32:02.271398 False [   14258.878736] 0003 0036 00000139
2022-03-12 15:32:02.558471 True [   14259.166361] 0003 0035 000002d3
2022-03-12 15:32:02.558471 True [   14259.166361] 0003 0036 000000c4
2022-03-12 15:32:02.575481 True [   14259.183919] 0003 0035 000002d3
2022-03-12 15:32:02.575481 True [   14259.183919] 0003 0036 000000c4
2022-03-12 15:32:02.591595 True [   14259.201607] 0003 0035 000002d3
2022-03-12 15:32:02.591595 True [   14259.201607] 0003 0036 000000c4
2022-03-12 15:32:02.608730 True [   14259.217661] 0003 0035 000002d3
2022-03-12 15:32:02.608730 True [   14259.217661] 0003 0036 000000c4
2022-03-12 15:32:02.624941 True [   14259.234174] 0003 0035 000002d9
2022-03-12 15:32:02.626591 True [   14259.234174] 0003 0036 000000c4
2022-03-12 15:32:02.642968 True [   14259.251585] 0003 0035 000002e0
2022-03-12 15:32:02.642968 True [   14259.251585] 0003 0036 000000c4
2022-03-12 15:32:02.661023 True [   14259.267990] 0003 0035 000002e9
2022-03-12 15:32:02.661023 True [   14259.267990] 0003 0036 000000c4
2022-03-12 15:32:02.679006 True [   14259.287020] 0003 0035 000002fa
2022-03-12 15:32:02.679006 True [   14259.287020] 0003 0036 000000c6
2022-03-12 15:32:02.693468 False [   14259.302274] 0003 0035 00000313
2022-03-12 15:32:02.693468 True [   14259.302274] 0003 0036 000000c8
2022-03-12 15:32:02.710238 False [   14259.319166] 0003 0035 0000032e
2022-03-12 15:32:02.710238 False [   14259.319166] 0003 0036 000000cc
2022-03-12 15:32:02.727338 False [   14259.335989] 0003 0035 0000034b
2022-03-12 15:32:02.728336 False [   14259.335989] 0003 0036 000000d0
2022-03-12 15:32:02.746480 False [   14259.353655] 0003 0035 00000368
2022-03-12 15:32:02.748141 False [   14259.353655] 0003 0036 000000d4
2022-03-12 15:32:02.761109 False [   14259.370150] 0003 0035 00000384
2022-03-12 15:32:02.761109 False [   14259.370150] 0003 0036 000000d8
2022-03-12 15:32:02.778668 False [   14259.386704] 0003 0035 000003a1
2022-03-12 15:32:02.778668 False [   14259.386704] 0003 0036 000000dc
2022-03-12 15:32:02.794289 False [   14259.403490] 0003 0035 000003bf
2022-03-12 15:32:02.794289 False [   14259.403490] 0003 0036 000000e0
2022-03-12 15:32:02.812283 False [   14259.422030] 0003 0035 000003dc
2022-03-12 15:32:02.813295 False [   14259.422030] 0003 0036 000000e5
2022-03-12 15:32:02.831512 False [   14259.438159] 0003 0035 000003f5
2022-03-12 15:32:02.831512 False [   14259.438159] 0003 0036 000000e9
2022-03-12 15:32:02.846027 False [   14259.455044] 0003 0035 0000040c
2022-03-12 15:32:02.846027 False [   14259.455044] 0003 0036 000000ec
2022-03-12 15:32:02.863263 False [   14259.471042] 0003 0035 00000421
2022-03-12 15:32:02.863263 False [   14259.471042] 0003 0036 000000ef
2022-03-12 15:32:02.882021 False [   14259.488181] 0003 0035 00000434
2022-03-12 15:32:02.882021 False [   14259.488181] 0003 0036 000000f1
2022-03-12 15:32:02.895935 False [   14259.505519] 0003 0035 00000444
2022-03-12 15:32:02.896943 False [   14259.505519] 0003 0036 000000f3
2022-03-12 15:32:02.912494 False [   14259.522296] 0003 0035 00000451
2022-03-12 15:32:02.912494 False [   14259.522296] 0003 0036 000000f3
2022-03-12 15:32:02.929257 False [   14259.538817] 0003 0035 0000045b
2022-03-12 15:32:02.929257 False [   14259.538817] 0003 0036 000000f5
2022-03-12 15:32:02.946011 False [   14259.555741] 0003 0035 00000461
2022-03-12 15:32:02.946011 False [   14259.555741] 0003 0036 000000f5
2022-03-12 15:32:02.966671 False [   14259.573170] 0003 0035 00000465
2022-03-12 15:32:02.966671 False [   14259.573170] 0003 0036 000000f5
2022-03-12 15:32:03.237059 False [   14259.845829] 0003 0035 000001a6
2022-03-12 15:32:03.237059 False [   14259.845829] 0003 0036 0000009c
2022-03-12 15:32:03.252675 False [   14259.862352] 0003 0035 000001a6
2022-03-12 15:32:03.252675 False [   14259.862352] 0003 0036 0000009c
2022-03-12 15:32:03.270603 False [   14259.878695] 0003 0035 000001a6
2022-03-12 15:32:03.270603 False [   14259.878695] 0003 0036 0000009c
2022-03-12 15:32:03.286277 False [   14259.895820] 0003 0035 000001a6
2022-03-12 15:32:03.286277 False [   14259.895820] 0003 0036 0000009c
2022-03-12 15:32:03.302668 False [   14259.911374] 0003 0035 000001a6
2022-03-12 15:32:03.302668 False [   14259.911374] 0003 0036 0000009c
2022-03-12 15:32:03.319832 False [   14259.928410] 0003 0035 000001b2
2022-03-12 15:32:03.319832 False [   14259.928410] 0003 0036 0000009c
2022-03-12 15:32:03.337170 False [   14259.945223] 0003 0035 000001c3
2022-03-12 15:32:03.337170 False [   14259.945223] 0003 0036 0000009c
2022-03-12 15:32:03.353064 False [   14259.962463] 0003 0035 000001db
2022-03-12 15:32:03.353064 False [   14259.962463] 0003 0036 0000009e
2022-03-12 15:32:03.371517 False [   14259.979332] 0003 0035 000001fb
2022-03-12 15:32:03.371517 False [   14259.979332] 0003 0036 000000a0
2022-03-12 15:32:03.390892 False [   14259.996394] 0003 0035 0000021a
2022-03-12 15:32:03.390892 False [   14259.996394] 0003 0036 000000a3
2022-03-12 15:32:03.406064 False [   14260.013511] 0003 0035 0000023a
2022-03-12 15:32:03.406064 False [   14260.013511] 0003 0036 000000a6
2022-03-12 15:32:03.423734 False [   14260.030138] 0003 0035 0000025a
2022-03-12 15:32:03.423734 False [   14260.030138] 0003 0036 000000a9
2022-03-12 15:32:03.440533 False [   14260.047877] 0003 0035 00000278
2022-03-12 15:32:03.440533 False [   14260.047877] 0003 0036 000000ac
2022-03-12 15:32:03.455635 False [   14260.064713] 0003 0035 00000296
2022-03-12 15:32:03.455635 False [   14260.064713] 0003 0036 000000b0
2022-03-12 15:32:03.472209 False [   14260.081460] 0003 0035 000002b5
2022-03-12 15:32:03.472209 False [   14260.081460] 0003 0036 000000b4
2022-03-12 15:32:03.490378 True [   14260.098152] 0003 0035 000002d3
2022-03-12 15:32:03.490378 True [   14260.098152] 0003 0036 000000b7
2022-03-12 15:32:03.507619 True [   14260.114695] 0003 0035 000002ef
2022-03-12 15:32:03.507619 True [   14260.114695] 0003 0036 000000ba
2022-03-12 15:32:03.523725 False [   14260.132249] 0003 0035 00000309
2022-03-12 15:32:03.523725 False [   14260.132249] 0003 0036 000000bd
2022-03-12 15:32:03.541354 False [   14260.149293] 0003 0035 00000320
2022-03-12 15:32:03.541354 False [   14260.149293] 0003 0036 000000c0
2022-03-12 15:32:03.556193 False [   14260.165761] 0003 0035 00000333
2022-03-12 15:32:03.556193 False [   14260.165761] 0003 0036 000000c2
2022-03-12 15:32:03.573589 False [   14260.183051] 0003 0035 00000342
2022-03-12 15:32:03.573589 False [   14260.183051] 0003 0036 000000c4
2022-03-12 15:32:03.589747 False [   14260.199219] 0003 0035 0000034e
2022-03-12 15:32:03.589747 False [   14260.199219] 0003 0036 000000c6
2022-03-12 15:32:03.607303 False [   14260.216660] 0003 0035 00000356
2022-03-12 15:32:03.607303 False [   14260.216660] 0003 0036 000000c6
2022-03-12 15:32:03.624542 False [   14260.233718] 0003 0035 0000035b
2022-03-12 15:32:03.624542 False [   14260.233718] 0003 0036 000000c8
2022-03-12 15:32:03.641228 False [   14260.250742] 0003 0035 0000035b
2022-03-12 15:32:03.641228 False [   14260.250742] 0003 0036 000000c8
2022-03-12 15:32:03.896461 False [   14260.506340] 0003 0035 00000157
2022-03-12 15:32:03.896461 False [   14260.506340] 0003 0036 00000084
2022-03-12 15:32:03.913503 False [   14260.522560] 0003 0035 00000157
2022-03-12 15:32:03.913503 False [   14260.522560] 0003 0036 00000084
2022-03-12 15:32:03.930771 False [   14260.539178] 0003 0035 00000157
2022-03-12 15:32:03.930771 False [   14260.539178] 0003 0036 00000084
2022-03-12 15:32:03.948390 False [   14260.557076] 0003 0035 00000157
2022-03-12 15:32:03.948390 False [   14260.557076] 0003 0036 00000084
2022-03-12 15:32:03.966099 False [   14260.572872] 0003 0035 0000015b
2022-03-12 15:32:03.966099 False [   14260.572872] 0003 0036 00000084
2022-03-12 15:32:03.979321 False [   14260.588821] 0003 0035 00000164
2022-03-12 15:32:03.979321 False [   14260.588821] 0003 0036 00000084
2022-03-12 15:32:03.996167 False [   14260.605675] 0003 0035 0000016f
2022-03-12 15:32:03.996167 False [   14260.605675] 0003 0036 00000084
2022-03-12 15:32:04.013190 False [   14260.622691] 0003 0035 0000017f
2022-03-12 15:32:04.013190 False [   14260.622691] 0003 0036 00000084
2022-03-12 15:32:04.032190 False [   14260.640343] 0003 0035 00000196
2022-03-12 15:32:04.032190 False [   14260.640343] 0003 0036 00000084
2022-03-12 15:32:04.048301 False [   14260.656980] 0003 0035 000001b0
2022-03-12 15:32:04.048301 False [   14260.656980] 0003 0036 00000086
2022-03-12 15:32:04.064635 False [   14260.673627] 0003 0035 000001cc
2022-03-12 15:32:04.064635 False [   14260.673627] 0003 0036 00000088
2022-03-12 15:32:04.082662 False [   14260.691178] 0003 0035 000001ea
2022-03-12 15:32:04.082662 False [   14260.691178] 0003 0036 0000008a
2022-03-12 15:32:04.098516 False [   14260.707541] 0003 0035 00000208
2022-03-12 15:32:04.098516 False [   14260.707541] 0003 0036 0000008c
2022-03-12 15:32:04.114676 False [   14260.724368] 0003 0035 00000228
2022-03-12 15:32:04.114676 False [   14260.724368] 0003 0036 0000008f
2022-03-12 15:32:04.133678 False [   14260.741610] 0003 0035 0000024b
2022-03-12 15:32:04.133678 False [   14260.741610] 0003 0036 00000092
2022-03-12 15:32:04.149113 False [   14260.758080] 0003 0035 0000026b
2022-03-12 15:32:04.149113 False [   14260.758080] 0003 0036 00000095
2022-03-12 15:32:04.166527 False [   14260.776160] 0003 0035 00000287
2022-03-12 15:32:04.166527 False [   14260.776160] 0003 0036 00000098
2022-03-12 15:32:04.183130 False [   14260.792558] 0003 0035 0000029e
2022-03-12 15:32:04.183130 False [   14260.792558] 0003 0036 0000009a
2022-03-12 15:32:04.200034 False [   14260.809161] 0003 0035 000002b0
2022-03-12 15:32:04.200034 False [   14260.809161] 0003 0036 0000009c
2022-03-12 15:32:04.218590 False [   14260.826020] 0003 0035 000002bc
2022-03-12 15:32:04.218590 False [   14260.826020] 0003 0036 0000009c
2022-03-12 15:32:04.233433 False [   14260.843145] 0003 0035 000002c4
2022-03-12 15:32:04.233433 False [   14260.843145] 0003 0036 0000009e
2022-03-12 15:32:04.251169 False [   14260.859703] 0003 0035 000002c9
2022-03-12 15:32:04.251169 False [   14260.859703] 0003 0036 0000009e
2022-03-12 15:32:04.267329 False [   14260.876820] 0003 0035 000002c9
2022-03-12 15:32:04.267329 False [   14260.876820] 0003 0036 0000009e
2022-03-12 15:32:04.286294 False [   14260.894111] 0003 0035 000002c9
2022-03-12 15:32:04.286294 False [   14260.894111] 0003 0036 0000009e
2022-03-12 15:32:04.522958 False [   14261.131809] 0003 0035 0000008f
2022-03-12 15:32:04.522958 False [   14261.131809] 0003 0036 000000bf
2022-03-12 15:32:04.539740 False [   14261.148939] 0003 0035 0000008f
2022-03-12 15:32:04.539740 False [   14261.148939] 0003 0036 000000bf
2022-03-12 15:32:04.557721 False [   14261.166117] 0003 0035 0000008f
2022-03-12 15:32:04.557721 False [   14261.166117] 0003 0036 000000bf
2022-03-12 15:32:04.575697 False [   14261.183543] 0003 0035 0000008f
2022-03-12 15:32:04.575697 False [   14261.183543] 0003 0036 000000bf
2022-03-12 15:32:04.590564 False [   14261.199371] 0003 0035 0000008f
2022-03-12 15:32:04.590564 False [   14261.199371] 0003 0036 000000bf
2022-03-12 15:32:04.608360 False [   14261.215569] 0003 0035 00000095
2022-03-12 15:32:04.608360 False [   14261.215569] 0003 0036 000000bf
2022-03-12 15:32:04.623128 False [   14261.233083] 0003 0035 000000a1
2022-03-12 15:32:04.623128 False [   14261.233083] 0003 0036 000000bf
2022-03-12 15:32:04.642193 False [   14261.250225] 0003 0035 000000b1
2022-03-12 15:32:04.642193 False [   14261.250225] 0003 0036 000000bf
2022-03-12 15:32:04.657887 False [   14261.267003] 0003 0035 000000c6
2022-03-12 15:32:04.657887 False [   14261.267003] 0003 0036 000000bf
2022-03-12 15:32:04.675384 False [   14261.283896] 0003 0035 000000e1
2022-03-12 15:32:04.675384 False [   14261.283896] 0003 0036 000000bf
2022-03-12 15:32:04.692140 False [   14261.300421] 0003 0035 000000fe
2022-03-12 15:32:04.692140 False [   14261.300421] 0003 0036 000000bf
2022-03-12 15:32:04.708386 False [   14261.317611] 0003 0035 0000011c
2022-03-12 15:32:04.708386 False [   14261.317611] 0003 0036 000000c1
2022-03-12 15:32:04.724974 False [   14261.334371] 0003 0035 0000013c
2022-03-12 15:32:04.724974 False [   14261.334371] 0003 0036 000000c3
2022-03-12 15:32:04.742304 False [   14261.351590] 0003 0035 0000015a
2022-03-12 15:32:04.742304 False [   14261.351590] 0003 0036 000000c5
2022-03-12 15:32:04.759033 False [   14261.368431] 0003 0035 00000177
2022-03-12 15:32:04.759033 False [   14261.368431] 0003 0036 000000c7
2022-03-12 15:32:04.776135 False [   14261.385493] 0003 0035 00000193
2022-03-12 15:32:04.776135 False [   14261.385493] 0003 0036 000000c9
2022-03-12 15:32:04.793077 False [   14261.402356] 0003 0035 000001ad
2022-03-12 15:32:04.794077 False [   14261.402356] 0003 0036 000000c9
2022-03-12 15:32:04.812870 False [   14261.419110] 0003 0035 000001c4
2022-03-12 15:32:04.812870 False [   14261.419110] 0003 0036 000000cb
2022-03-12 15:32:04.826549 False [   14261.435970] 0003 0035 000001d4
2022-03-12 15:32:04.826549 False [   14261.435970] 0003 0036 000000cd
2022-03-12 15:32:04.843721 False [   14261.453202] 0003 0035 000001e0
2022-03-12 15:32:04.843721 False [   14261.453202] 0003 0036 000000cd
2022-03-12 15:32:04.861025 False [   14261.470367] 0003 0035 000001e8
2022-03-12 15:32:04.861025 False [   14261.470367] 0003 0036 000000cd
2022-03-12 15:32:04.878792 False [   14261.487713] 0003 0035 000001ed
2022-03-12 15:32:04.878792 False [   14261.487713] 0003 0036 000000cf
2022-03-12 15:32:04.896216 False [   14261.504379] 0003 0035 000001ed
2022-03-12 15:32:04.896216 False [   14261.504379] 0003 0036 000000cf
2022-03-12 15:32:05.102162 False [   14261.708418] 0003 0035 00000056
2022-03-12 15:32:05.102162 False [   14261.708418] 0003 0036 000000f2
2022-03-12 15:32:05.116520 False [   14261.724806] 0003 0035 00000056
2022-03-12 15:32:05.116520 False [   14261.724806] 0003 0036 000000f2
2022-03-12 15:32:05.133336 False [   14261.741944] 0003 0035 00000056
2022-03-12 15:32:05.133336 False [   14261.741944] 0003 0036 000000f2
2022-03-12 15:32:05.151255 False [   14261.758760] 0003 0035 00000056
2022-03-12 15:32:05.151255 False [   14261.758760] 0003 0036 000000f2
2022-03-12 15:32:05.165526 False [   14261.774945] 0003 0035 0000005c
2022-03-12 15:32:05.165526 False [   14261.774945] 0003 0036 000000f2
2022-03-12 15:32:05.181698 False [   14261.791327] 0003 0035 00000065
2022-03-12 15:32:05.181698 False [   14261.791327] 0003 0036 000000f2
2022-03-12 15:32:05.199146 False [   14261.808927] 0003 0035 00000076
2022-03-12 15:32:05.200152 False [   14261.808927] 0003 0036 000000f2
2022-03-12 15:32:05.216766 False [   14261.826264] 0003 0035 00000090
2022-03-12 15:32:05.216766 False [   14261.826264] 0003 0036 000000f2
2022-03-12 15:32:05.233561 False [   14261.842618] 0003 0035 000000ad
2022-03-12 15:32:05.233561 False [   14261.842618] 0003 0036 000000f0
2022-03-12 15:32:05.249863 False [   14261.858957] 0003 0035 000000cd
2022-03-12 15:32:05.249863 False [   14261.858957] 0003 0036 000000f0
2022-03-12 15:32:05.266639 False [   14261.875913] 0003 0035 000000ed
2022-03-12 15:32:05.266639 False [   14261.875913] 0003 0036 000000f0
2022-03-12 15:32:05.283585 False [   14261.893057] 0003 0035 00000111
2022-03-12 15:32:05.283585 False [   14261.893057] 0003 0036 000000ee
2022-03-12 15:32:05.302227 False [   14261.909717] 0003 0035 00000137
2022-03-12 15:32:05.303258 False [   14261.909717] 0003 0036 000000ee
2022-03-12 15:32:05.317980 False [   14261.927019] 0003 0035 0000015b
2022-03-12 15:32:05.317980 False [   14261.927019] 0003 0036 000000ee
2022-03-12 15:32:05.336833 False [   14261.944671] 0003 0035 0000017c
2022-03-12 15:32:05.336833 False [   14261.944671] 0003 0036 000000ec
2022-03-12 15:32:05.354007 False [   14261.960950] 0003 0035 00000199
2022-03-12 15:32:05.354007 False [   14261.960950] 0003 0036 000000ec
2022-03-12 15:32:05.368635 False [   14261.977638] 0003 0035 000001b2
2022-03-12 15:32:05.368635 False [   14261.977638] 0003 0036 000000ec
2022-03-12 15:32:05.385393 False [   14261.994670] 0003 0035 000001c8
2022-03-12 15:32:05.385393 False [   14261.994670] 0003 0036 000000ec
2022-03-12 15:32:05.403053 False [   14262.011333] 0003 0035 000001d8
2022-03-12 15:32:05.403053 False [   14262.011333] 0003 0036 000000ec
2022-03-12 15:32:05.419017 False [   14262.028442] 0003 0035 000001e3
2022-03-12 15:32:05.419017 False [   14262.028442] 0003 0036 000000ec
2022-03-12 15:32:05.436253 False [   14262.045740] 0003 0035 000001eb
2022-03-12 15:32:05.436253 False [   14262.045740] 0003 0036 000000ec
2022-03-12 15:32:05.453830 False [   14262.062295] 0003 0035 000001ef
2022-03-12 15:32:05.453830 False [   14262.062295] 0003 0036 000000ec
2022-03-12 15:32:05.471070 False [   14262.079257] 0003 0035 000001ef
2022-03-12 15:32:05.471070 False [   14262.079257] 0003 0036 000000ec
2022-03-12 15:32:05.692525 False [   14262.299910] 0003 0035 0000008e
2022-03-12 15:32:05.692525 False [   14262.299910] 0003 0036 00000124
2022-03-12 15:32:05.707964 False [   14262.317528] 0003 0035 0000008e
2022-03-12 15:32:05.707964 False [   14262.317528] 0003 0036 00000124
2022-03-12 15:32:05.727457 False [   14262.334863] 0003 0035 0000008e
2022-03-12 15:32:05.727457 False [   14262.334863] 0003 0036 00000124
2022-03-12 15:32:05.742088 False [   14262.351340] 0003 0035 0000008e
2022-03-12 15:32:05.742088 False [   14262.351340] 0003 0036 00000124
2022-03-12 15:32:05.758365 False [   14262.367612] 0003 0035 0000008e
2022-03-12 15:32:05.758365 False [   14262.367612] 0003 0036 00000124
2022-03-12 15:32:05.775022 False [   14262.384081] 0003 0035 00000095
2022-03-12 15:32:05.775022 False [   14262.384081] 0003 0036 00000124
2022-03-12 15:32:05.793113 False [   14262.400934] 0003 0035 000000a3
2022-03-12 15:32:05.793113 False [   14262.400934] 0003 0036 00000124
2022-03-12 15:32:05.809394 False [   14262.418579] 0003 0035 000000b5
2022-03-12 15:32:05.809394 False [   14262.418579] 0003 0036 00000122
2022-03-12 15:32:05.825443 False [   14262.434740] 0003 0035 000000cf
2022-03-12 15:32:05.825443 False [   14262.434740] 0003 0036 00000122
2022-03-12 15:32:05.844128 False [   14262.451840] 0003 0035 000000ee
2022-03-12 15:32:05.845119 False [   14262.451840] 0003 0036 00000120
2022-03-12 15:32:05.859366 False [   14262.468596] 0003 0035 00000111
2022-03-12 15:32:05.859366 False [   14262.468596] 0003 0036 00000120
2022-03-12 15:32:05.877098 False [   14262.486249] 0003 0035 00000136
2022-03-12 15:32:05.877098 False [   14262.486249] 0003 0036 0000011e
2022-03-12 15:32:05.893179 True [   14262.502434] 0003 0035 0000015a
2022-03-12 15:32:05.893179 True [   14262.502434] 0003 0036 0000011c
2022-03-12 15:32:05.910886 True [   14262.519340] 0003 0035 0000017c
2022-03-12 15:32:05.910886 True [   14262.519340] 0003 0036 0000011a
2022-03-12 15:32:05.929970 True [   14262.537162] 0003 0035 0000019c
2022-03-12 15:32:05.929970 True [   14262.537162] 0003 0036 0000011a
2022-03-12 15:32:05.947929 True [   14262.553964] 0003 0035 000001b8
2022-03-12 15:32:05.947929 True [   14262.553964] 0003 0036 0000011a
2022-03-12 15:32:05.961180 True [   14262.570173] 0003 0035 000001ce
2022-03-12 15:32:05.961180 True [   14262.570173] 0003 0036 00000118
2022-03-12 15:32:05.980152 True [   14262.587728] 0003 0035 000001dd
2022-03-12 15:32:05.980152 True [   14262.587728] 0003 0036 00000118
2022-03-12 15:32:05.995890 True [   14262.604207] 0003 0035 000001e8
2022-03-12 15:32:05.995890 True [   14262.604207] 0003 0036 00000118
2022-03-12 15:32:06.012579 True [   14262.620960] 0003 0035 000001ef
2022-03-12 15:32:06.012579 True [   14262.620960] 0003 0036 00000118
2022-03-12 15:32:06.031774 True [   14262.638375] 0003 0035 000001f3
2022-03-12 15:32:06.031774 True [   14262.638375] 0003 0036 00000118
2022-03-12 15:32:06.215657 False [   14262.824941] 0003 0035 00000069
2022-03-12 15:32:06.215657 False [   14262.824941] 0003 0036 00000141
2022-03-12 15:32:06.233204 False [   14262.842316] 0003 0035 00000069
2022-03-12 15:32:06.233204 False [   14262.842316] 0003 0036 00000141
2022-03-12 15:32:06.250754 False [   14262.859124] 0003 0035 00000069
2022-03-12 15:32:06.250754 False [   14262.859124] 0003 0036 00000141
2022-03-12 15:32:06.268055 False [   14262.875518] 0003 0035 00000069
2022-03-12 15:32:06.268055 False [   14262.875518] 0003 0036 00000141
2022-03-12 15:32:06.283399 False [   14262.892870] 0003 0035 00000069
2022-03-12 15:32:06.283399 False [   14262.892870] 0003 0036 00000141
2022-03-12 15:32:06.300524 False [   14262.909050] 0003 0035 00000069
2022-03-12 15:32:06.300524 False [   14262.909050] 0003 0036 00000141
2022-03-12 15:32:06.316397 False [   14262.926106] 0003 0035 00000069
2022-03-12 15:32:06.316397 False [   14262.926106] 0003 0036 00000141
2022-03-12 15:32:06.335304 False [   14262.943519] 0003 0035 00000077
2022-03-12 15:32:06.335304 False [   14262.943519] 0003 0036 00000141
2022-03-12 15:32:06.351014 False [   14262.960358] 0003 0035 00000090
2022-03-12 15:32:06.351014 False [   14262.960358] 0003 0036 00000141
2022-03-12 15:32:06.367818 False [   14262.976674] 0003 0035 000000b0
2022-03-12 15:32:06.367818 False [   14262.976674] 0003 0036 0000013f
2022-03-12 15:32:06.384223 True [   14262.993738] 0003 0035 000000d4
2022-03-12 15:32:06.384223 True [   14262.993738] 0003 0036 0000013f
2022-03-12 15:32:06.401648 True [   14263.011252] 0003 0035 000000f8
2022-03-12 15:32:06.401648 True [   14263.011252] 0003 0036 0000013d
2022-03-12 15:32:06.418366 True [   14263.028171] 0003 0035 0000011d
2022-03-12 15:32:06.418366 True [   14263.028171] 0003 0036 0000013d
2022-03-12 15:32:06.435322 True [   14263.044997] 0003 0035 00000141
2022-03-12 15:32:06.435322 True [   14263.044997] 0003 0036 0000013b
2022-03-12 15:32:06.453117 True [   14263.062219] 0003 0035 00000161
2022-03-12 15:32:06.453117 True [   14263.062219] 0003 0036 0000013b
2022-03-12 15:32:06.469771 True [   14263.078590] 0003 0035 0000017c
2022-03-12 15:32:06.469771 True [   14263.078590] 0003 0036 0000013b
2022-03-12 15:32:06.487862 True [   14263.095142] 0003 0035 00000191
2022-03-12 15:32:06.488862 True [   14263.095142] 0003 0036 0000013b
2022-03-12 15:32:06.504350 True [   14263.112187] 0003 0035 000001a0
2022-03-12 15:32:06.504350 True [   14263.112187] 0003 0036 0000013b
2022-03-12 15:32:06.520950 True [   14263.129050] 0003 0035 000001aa
2022-03-12 15:32:06.520950 True [   14263.129050] 0003 0036 0000013b
2022-03-12 15:32:06.540657 True [   14263.146567] 0003 0035 000001af
2022-03-12 15:32:06.540657 True [   14263.146567] 0003 0036 0000013b
2022-03-12 15:32:06.553759 True [   14263.163196] 0003 0035 000001af
2022-03-12 15:32:06.553759 True [   14263.163196] 0003 0036 0000013b
2022-03-12 15:32:06.706997 False [   14263.315593] 0003 0035 0000003a
2022-03-12 15:32:06.706997 False [   14263.315593] 0003 0036 00000165
2022-03-12 15:32:06.723189 False [   14263.332653] 0003 0035 0000003a
2022-03-12 15:32:06.723189 False [   14263.332653] 0003 0036 00000165
2022-03-12 15:32:06.741461 False [   14263.350967] 0003 0035 0000003a
2022-03-12 15:32:06.741461 False [   14263.350967] 0003 0036 00000165
2022-03-12 15:32:06.759503 False [   14263.368430] 0003 0035 0000003a
2022-03-12 15:32:06.759503 False [   14263.368430] 0003 0036 00000165
2022-03-12 15:32:06.774698 False [   14263.383905] 0003 0035 0000003f
2022-03-12 15:32:06.774698 False [   14263.383905] 0003 0036 00000165
2022-03-12 15:32:06.791196 True [   14263.400683] 0003 0035 0000004a
2022-03-12 15:32:06.791196 True [   14263.400683] 0003 0036 00000165
2022-03-12 15:32:06.808467 True [   14263.417843] 0003 0035 00000059
2022-03-12 15:32:06.808467 True [   14263.417843] 0003 0036 00000165
2022-03-12 15:32:06.825808 True [   14263.435104] 0003 0035 00000070
2022-03-12 15:32:06.825808 True [   14263.435104] 0003 0036 00000165
2022-03-12 15:32:06.842255 True [   14263.451473] 0003 0035 0000008e
2022-03-12 15:32:06.842255 True [   14263.451473] 0003 0036 00000165
2022-03-12 15:32:06.858476 True [   14263.467867] 0003 0035 000000ac
2022-03-12 15:32:06.858476 True [   14263.467867] 0003 0036 00000165
2022-03-12 15:32:06.875503 True [   14263.484791] 0003 0035 000000cb
2022-03-12 15:32:06.876512 True [   14263.484791] 0003 0036 00000163
2022-03-12 15:32:06.892299 True [   14263.501686] 0003 0035 000000eb
2022-03-12 15:32:06.892299 True [   14263.501686] 0003 0036 00000161
2022-03-12 15:32:06.912893 True [   14263.518605] 0003 0035 00000108
2022-03-12 15:32:06.912893 True [   14263.518605] 0003 0036 0000015f
2022-03-12 15:32:06.926932 True [   14263.535476] 0003 0035 00000120
2022-03-12 15:32:06.926932 True [   14263.535476] 0003 0036 0000015f
2022-03-12 15:32:06.946295 True [   14263.553185] 0003 0035 00000131
2022-03-12 15:32:06.947291 True [   14263.553185] 0003 0036 0000015f
2022-03-12 15:32:06.963351 True [   14263.569950] 0003 0035 0000013d
2022-03-12 15:32:06.963351 True [   14263.569950] 0003 0036 0000015f
2022-03-12 15:32:06.980276 True [   14263.586327] 0003 0035 00000144
2022-03-12 15:32:06.980276 True [   14263.586327] 0003 0036 0000015f
2022-03-12 15:32:06.994470 True [   14263.603238] 0003 0035 00000148
2022-03-12 15:32:06.994470 True [   14263.603238] 0003 0036 0000015f
2022-03-12 15:32:07.150250 False [   14263.756609] 0003 0035 0000003f
2022-03-12 15:32:07.150250 False [   14263.756609] 0003 0036 00000187
2022-03-12 15:32:07.165401 False [   14263.773724] 0003 0035 0000003f
2022-03-12 15:32:07.165401 False [   14263.773724] 0003 0036 00000187
2022-03-12 15:32:07.180923 False [   14263.790382] 0003 0035 0000003f
2022-03-12 15:32:07.180923 False [   14263.790382] 0003 0036 00000187
2022-03-12 15:32:07.198741 False [   14263.806542] 0003 0035 0000003f
2022-03-12 15:32:07.198741 False [   14263.806542] 0003 0036 00000187
2022-03-12 15:32:07.215152 False [   14263.824262] 0003 0035 00000048
2022-03-12 15:32:07.215152 False [   14263.824262] 0003 0036 00000187
2022-03-12 15:32:07.231919 False [   14263.840846] 0003 0035 00000056
2022-03-12 15:32:07.231919 False [   14263.840846] 0003 0036 00000187
2022-03-12 15:32:07.248721 False [   14263.858134] 0003 0035 0000006d
2022-03-12 15:32:07.249730 False [   14263.858134] 0003 0036 00000185
2022-03-12 15:32:07.264692 True [   14263.874718] 0003 0035 0000008e
2022-03-12 15:32:07.264692 True [   14263.874718] 0003 0036 00000183
2022-03-12 15:32:07.283368 True [   14263.891925] 0003 0035 000000b1
2022-03-12 15:32:07.283368 True [   14263.891925] 0003 0036 00000181
2022-03-12 15:32:07.299642 True [   14263.908372] 0003 0035 000000d3
2022-03-12 15:32:07.299642 True [   14263.908372] 0003 0036 00000181
2022-03-12 15:32:07.316261 True [   14263.925425] 0003 0035 000000f3
2022-03-12 15:32:07.316261 True [   14263.925425] 0003 0036 0000017f
2022-03-12 15:32:07.332833 True [   14263.942002] 0003 0035 0000010d
2022-03-12 15:32:07.332833 True [   14263.942002] 0003 0036 0000017d
2022-03-12 15:32:07.351167 True [   14263.959278] 0003 0035 00000122
2022-03-12 15:32:07.351167 True [   14263.959278] 0003 0036 0000017d
2022-03-12 15:32:07.369715 True [   14263.976248] 0003 0035 00000132
2022-03-12 15:32:07.369715 True [   14263.976248] 0003 0036 0000017d
2022-03-12 15:32:07.383344 True [   14263.993154] 0003 0035 0000013d
2022-03-12 15:32:07.383344 True [   14263.993154] 0003 0036 0000017d
2022-03-12 15:32:07.401168 True [   14264.010207] 0003 0035 00000143
2022-03-12 15:32:07.401168 True [   14264.010207] 0003 0036 0000017d
2022-03-12 15:32:07.417903 True [   14264.027207] 0003 0035 00000143
2022-03-12 15:32:07.417903 True [   14264.027207] 0003 0036 0000017d
2022-03-12 15:32:07.434728 True [   14264.043410] 0003 0035 00000143
2022-03-12 15:32:07.434728 True [   14264.043410] 0003 0036 0000017d
2022-03-12 15:32:07.572832 False [   14264.179595] 0003 0035 00000017
2022-03-12 15:32:07.573826 False [   14264.179595] 0003 0036 000001b2
2022-03-12 15:32:07.586970 False [   14264.196095] 0003 0035 00000017
2022-03-12 15:32:07.586970 False [   14264.196095] 0003 0036 000001b2
2022-03-12 15:32:07.604323 False [   14264.212977] 0003 0035 00000017
2022-03-12 15:32:07.604323 False [   14264.212977] 0003 0036 000001b2
2022-03-12 15:32:07.620080 False [   14264.229947] 0003 0035 00000017
2022-03-12 15:32:07.620080 False [   14264.229947] 0003 0036 000001b2
2022-03-12 15:32:07.639600 False [   14264.248611] 0003 0035 0000001f
2022-03-12 15:32:07.639600 False [   14264.248611] 0003 0036 000001b2
2022-03-12 15:32:07.657195 False [   14264.264870] 0003 0035 00000034
2022-03-12 15:32:07.657195 False [   14264.264870] 0003 0036 000001b2
2022-03-12 15:32:07.672070 False [   14264.281763] 0003 0035 0000004d
2022-03-12 15:32:07.673041 False [   14264.281763] 0003 0036 000001b2
2022-03-12 15:32:07.693522 False [   14264.299803] 0003 0035 00000066
2022-03-12 15:32:07.693522 False [   14264.299803] 0003 0036 000001b0
2022-03-12 15:32:07.706343 False [   14264.315445] 0003 0035 0000007f
2022-03-12 15:32:07.706343 False [   14264.315445] 0003 0036 000001ae
2022-03-12 15:32:07.723924 False [   14264.332050] 0003 0035 00000098
2022-03-12 15:32:07.723924 False [   14264.332050] 0003 0036 000001ac
2022-03-12 15:32:07.742171 False [   14264.350375] 0003 0035 000000b0
2022-03-12 15:32:07.742171 False [   14264.350375] 0003 0036 000001aa
2022-03-12 15:32:07.758019 True [   14264.367066] 0003 0035 000000c7
2022-03-12 15:32:07.758019 True [   14264.367066] 0003 0036 000001a8
2022-03-12 15:32:07.775996 True [   14264.383128] 0003 0035 000000dd
2022-03-12 15:32:07.775996 True [   14264.383128] 0003 0036 000001a6
2022-03-12 15:32:07.790369 True [   14264.399850] 0003 0035 000000f0
2022-03-12 15:32:07.790369 True [   14264.399850] 0003 0036 000001a4
2022-03-12 15:32:07.810502 True [   14264.417675] 0003 0035 000000fe
2022-03-12 15:32:07.810502 True [   14264.417675] 0003 0036 000001a4
2022-03-12 15:32:07.825129 True [   14264.434347] 0003 0035 00000107
2022-03-12 15:32:07.825129 True [   14264.434347] 0003 0036 000001a4
2022-03-12 15:32:07.841442 True [   14264.450788] 0003 0035 00000107
2022-03-12 15:32:07.841442 True [   14264.450788] 0003 0036 000001a4
2022-03-12 15:32:07.995436 False [   14264.603940] 0003 0035 00000017
2022-03-12 15:32:07.995436 False [   14264.603940] 0003 0036 000001db
2022-03-12 15:32:08.011491 False [   14264.620915] 0003 0035 00000017
2022-03-12 15:32:08.011491 False [   14264.620915] 0003 0036 000001db
2022-03-12 15:32:08.028864 False [   14264.637800] 0003 0035 00000017
2022-03-12 15:32:08.028864 False [   14264.637800] 0003 0036 000001db
2022-03-12 15:32:08.045526 False [   14264.654755] 0003 0035 00000017
2022-03-12 15:32:08.045526 False [   14264.654755] 0003 0036 000001db
2022-03-12 15:32:08.062240 False [   14264.670899] 0003 0035 00000020
2022-03-12 15:32:08.062240 False [   14264.670899] 0003 0036 000001db
2022-03-12 15:32:08.080330 False [   14264.687544] 0003 0035 00000034
2022-03-12 15:32:08.080330 False [   14264.687544] 0003 0036 000001db
2022-03-12 15:32:08.097119 False [   14264.704769] 0003 0035 0000004d
2022-03-12 15:32:08.097119 False [   14264.704769] 0003 0036 000001d8
2022-03-12 15:32:08.113638 False [   14264.722382] 0003 0035 0000006a
2022-03-12 15:32:08.113638 False [   14264.722382] 0003 0036 000001d6
2022-03-12 15:32:08.130171 False [   14264.739017] 0003 0035 00000089
2022-03-12 15:32:08.130171 False [   14264.739017] 0003 0036 000001d4
2022-03-12 15:32:08.147492 False [   14264.755682] 0003 0035 000000a6
2022-03-12 15:32:08.147492 False [   14264.755682] 0003 0036 000001d2
2022-03-12 15:32:08.166476 False [   14264.773225] 0003 0035 000000c3
2022-03-12 15:32:08.167472 False [   14264.773225] 0003 0036 000001d0
2022-03-12 15:32:08.180988 False [   14264.790242] 0003 0035 000000e1
2022-03-12 15:32:08.180988 False [   14264.790242] 0003 0036 000001ce
2022-03-12 15:32:08.197921 True [   14264.806986] 0003 0035 000000fc
2022-03-12 15:32:08.197921 True [   14264.806986] 0003 0036 000001cc
2022-03-12 15:32:08.213752 True [   14264.823484] 0003 0035 00000112
2022-03-12 15:32:08.213752 True [   14264.823484] 0003 0036 000001cc
2022-03-12 15:32:08.230302 True [   14264.840152] 0003 0035 00000122
2022-03-12 15:32:08.230302 True [   14264.840152] 0003 0036 000001ca
2022-03-12 15:32:08.249087 True [   14264.858185] 0003 0035 0000012d
2022-03-12 15:32:08.249087 True [   14264.858185] 0003 0036 000001ca
2022-03-12 15:32:08.266320 True [   14264.875049] 0003 0035 00000134
2022-03-12 15:32:08.266320 True [   14264.875049] 0003 0036 000001ca
2022-03-12 15:32:08.282207 True [   14264.890881] 0003 0035 00000134
2022-03-12 15:32:08.282207 True [   14264.890881] 0003 0036 000001ca
2022-03-12 15:32:08.438263 False [   14265.044820] 0003 0035 00000034
2022-03-12 15:32:08.438263 False [   14265.044820] 0003 0036 000001fd
2022-03-12 15:32:08.451199 False [   14265.060405] 0003 0035 00000034
2022-03-12 15:32:08.451199 False [   14265.060405] 0003 0036 000001fd
2022-03-12 15:32:08.468932 False [   14265.076900] 0003 0035 00000034
2022-03-12 15:32:08.468932 False [   14265.076900] 0003 0036 000001fd
2022-03-12 15:32:08.484597 False [   14265.093584] 0003 0035 00000034
2022-03-12 15:32:08.484597 False [   14265.093584] 0003 0036 000001fd
2022-03-12 15:32:08.501152 False [   14265.110742] 0003 0035 00000039
2022-03-12 15:32:08.502157 False [   14265.110742] 0003 0036 000001fd
2022-03-12 15:32:08.519372 False [   14265.128447] 0003 0035 00000044
2022-03-12 15:32:08.519372 False [   14265.128447] 0003 0036 000001fd
2022-03-12 15:32:08.534689 False [   14265.144654] 0003 0035 00000052
2022-03-12 15:32:08.534689 False [   14265.144654] 0003 0036 000001fd
2022-03-12 15:32:08.553171 False [   14265.162452] 0003 0035 00000062
2022-03-12 15:32:08.553171 False [   14265.162452] 0003 0036 000001fd
2022-03-12 15:32:08.569477 False [   14265.179132] 0003 0035 00000079
2022-03-12 15:32:08.569477 False [   14265.179132] 0003 0036 000001fd
2022-03-12 15:32:08.586497 False [   14265.195627] 0003 0035 00000094
2022-03-12 15:32:08.586497 False [   14265.195627] 0003 0036 000001fd
2022-03-12 15:32:08.603165 False [   14265.212547] 0003 0035 000000b0
2022-03-12 15:32:08.603165 False [   14265.212547] 0003 0036 000001fb
2022-03-12 15:32:08.619635 False [   14265.229082] 0003 0035 000000cc
2022-03-12 15:32:08.619635 False [   14265.229082] 0003 0036 000001f8
2022-03-12 15:32:08.637511 False [   14265.246085] 0003 0035 000000e9
2022-03-12 15:32:08.637511 False [   14265.246085] 0003 0036 000001f6
2022-03-12 15:32:08.653683 False [   14265.263161] 0003 0035 00000102
2022-03-12 15:32:08.653683 False [   14265.263161] 0003 0036 000001f4
2022-03-12 15:32:08.673028 False [   14265.281320] 0003 0035 00000116
2022-03-12 15:32:08.673028 False [   14265.281320] 0003 0036 000001f2
2022-03-12 15:32:08.689228 False [   14265.297653] 0003 0035 00000125
2022-03-12 15:32:08.689228 False [   14265.297653] 0003 0036 000001f0
2022-03-12 15:32:08.704668 False [   14265.313708] 0003 0035 0000012e
2022-03-12 15:32:08.704668 False [   14265.313708] 0003 0036 000001f0
2022-03-12 15:32:08.720963 True [   14265.330484] 0003 0035 00000134
2022-03-12 15:32:08.722019 True [   14265.330484] 0003 0036 000001f0
2022-03-12 15:32:08.908541 False [   14265.517978] 0003 0035 00000023
2022-03-12 15:32:08.908541 False [   14265.517978] 0003 0036 00000229
2022-03-12 15:32:08.927459 False [   14265.534523] 0003 0035 00000023
2022-03-12 15:32:08.927459 False [   14265.534523] 0003 0036 00000229
2022-03-12 15:32:08.941282 False [   14265.550854] 0003 0035 00000023
2022-03-12 15:32:08.941282 False [   14265.550854] 0003 0036 00000229
2022-03-12 15:32:08.960495 False [   14265.567815] 0003 0035 0000002c
2022-03-12 15:32:08.961456 False [   14265.567815] 0003 0036 00000229
2022-03-12 15:32:08.976704 False [   14265.585161] 0003 0035 0000003d
2022-03-12 15:32:08.976704 False [   14265.585161] 0003 0036 00000227
2022-03-12 15:32:08.993714 False [   14265.602298] 0003 0035 00000051
2022-03-12 15:32:08.993714 False [   14265.602298] 0003 0036 00000225
2022-03-12 15:32:09.010760 False [   14265.619951] 0003 0035 0000006b
2022-03-12 15:32:09.010760 False [   14265.619951] 0003 0036 00000223
2022-03-12 15:32:09.027004 False [   14265.636000] 0003 0035 0000008a
2022-03-12 15:32:09.027004 False [   14265.636000] 0003 0036 00000220
2022-03-12 15:32:09.048295 False [   14265.653717] 0003 0035 000000aa
2022-03-12 15:32:09.048295 False [   14265.653717] 0003 0036 0000021d
2022-03-12 15:32:09.061175 False [   14265.670613] 0003 0035 000000c9
2022-03-12 15:32:09.061175 False [   14265.670613] 0003 0036 0000021b
2022-03-12 15:32:09.078299 False [   14265.687545] 0003 0035 000000e7
2022-03-12 15:32:09.078299 False [   14265.687545] 0003 0036 00000218
2022-03-12 15:32:09.094625 False [   14265.704090] 0003 0035 00000102
2022-03-12 15:32:09.094625 False [   14265.704090] 0003 0036 00000216
2022-03-12 15:32:09.113040 False [   14265.721582] 0003 0035 00000119
2022-03-12 15:32:09.113040 False [   14265.721582] 0003 0036 00000214
2022-03-12 15:32:09.129648 False [   14265.738719] 0003 0035 0000012e
2022-03-12 15:32:09.129648 False [   14265.738719] 0003 0036 00000212
2022-03-12 15:32:09.147380 False [   14265.755084] 0003 0035 00000142
2022-03-12 15:32:09.147380 False [   14265.755084] 0003 0036 00000210
2022-03-12 15:32:09.162946 False [   14265.771492] 0003 0035 00000155
2022-03-12 15:32:09.162946 False [   14265.771492] 0003 0036 0000020e
2022-03-12 15:32:09.179373 False [   14265.789176] 0003 0035 00000164
2022-03-12 15:32:09.179373 True [   14265.789176] 0003 0036 0000020c
2022-03-12 15:32:09.198344 True [   14265.805891] 0003 0035 0000016f
2022-03-12 15:32:09.198344 True [   14265.805891] 0003 0036 0000020c
2022-03-12 15:32:09.213207 True [   14265.822367] 0003 0035 00000175
2022-03-12 15:32:09.213207 True [   14265.822367] 0003 0036 0000020c
2022-03-12 15:32:09.536827 False [   14266.145881] 0003 0035 0000008e
2022-03-12 15:32:09.536827 False [   14266.145881] 0003 0036 0000023e
2022-03-12 15:32:09.555303 False [   14266.161853] 0003 0035 0000008e
2022-03-12 15:32:09.555303 False [   14266.161853] 0003 0036 0000023e
2022-03-12 15:32:09.570549 False [   14266.179622] 0003 0035 0000008e
2022-03-12 15:32:09.570549 False [   14266.179622] 0003 0036 0000023e
2022-03-12 15:32:09.586268 False [   14266.195440] 0003 0035 0000008e
2022-03-12 15:32:09.586268 False [   14266.195440] 0003 0036 0000023e
2022-03-12 15:32:09.602716 False [   14266.211931] 0003 0035 0000008e
2022-03-12 15:32:09.602716 False [   14266.211931] 0003 0036 0000023e
2022-03-12 15:32:09.619568 False [   14266.228883] 0003 0035 0000008e
2022-03-12 15:32:09.619568 False [   14266.228883] 0003 0036 0000023e
2022-03-12 15:32:09.636271 False [   14266.245149] 0003 0035 0000008e
2022-03-12 15:32:09.636271 False [   14266.245149] 0003 0036 0000023e
2022-03-12 15:32:09.653776 False [   14266.263085] 0003 0035 0000009b
2022-03-12 15:32:09.653776 False [   14266.263085] 0003 0036 0000023e
2022-03-12 15:32:09.671391 False [   14266.279405] 0003 0035 000000ad
2022-03-12 15:32:09.671391 False [   14266.279405] 0003 0036 0000023c
2022-03-12 15:32:09.686423 False [   14266.295964] 0003 0035 000000c8
2022-03-12 15:32:09.686423 False [   14266.295964] 0003 0036 0000023a
2022-03-12 15:32:09.705598 False [   14266.313282] 0003 0035 000000e9
2022-03-12 15:32:09.705598 False [   14266.313282] 0003 0036 00000238
2022-03-12 15:32:09.721190 False [   14266.330224] 0003 0035 0000010a
2022-03-12 15:32:09.721190 False [   14266.330224] 0003 0036 00000235
2022-03-12 15:32:09.737921 False [   14266.346836] 0003 0035 00000129
2022-03-12 15:32:09.737921 False [   14266.346836] 0003 0036 00000232
2022-03-12 15:32:09.755635 False [   14266.363941] 0003 0035 00000146
2022-03-12 15:32:09.755635 False [   14266.363941] 0003 0036 0000022f
2022-03-12 15:32:09.771207 False [   14266.380912] 0003 0035 00000160
2022-03-12 15:32:09.771207 False [   14266.380912] 0003 0036 0000022d
2022-03-12 15:32:09.789276 False [   14266.397805] 0003 0035 00000176
2022-03-12 15:32:09.789276 False [   14266.397805] 0003 0036 0000022a
2022-03-12 15:32:09.805316 False [   14266.414811] 0003 0035 00000188
2022-03-12 15:32:09.805316 False [   14266.414811] 0003 0036 00000228
2022-03-12 15:32:09.822876 True [   14266.431634] 0003 0035 00000197
2022-03-12 15:32:09.822876 True [   14266.431634] 0003 0036 00000228
2022-03-12 15:32:09.840483 True [   14266.448966] 0003 0035 000001a2
2022-03-12 15:32:09.840483 True [   14266.448966] 0003 0036 00000226
2022-03-12 15:32:09.859408 True [   14266.465886] 0003 0035 000001a9
2022-03-12 15:32:09.859408 True [   14266.465886] 0003 0036 00000226
2022-03-12 15:32:09.875919 True [   14266.482935] 0003 0035 000001ae
2022-03-12 15:32:09.876911 True [   14266.482935] 0003 0036 00000226
2022-03-12 15:32:09.891083 True [   14266.500168] 0003 0035 000001b2
2022-03-12 15:32:09.891083 True [   14266.500168] 0003 0036 00000226
2022-03-12 15:32:09.908430 True [   14266.515861] 0003 0035 000001b2
2022-03-12 15:32:09.908430 True [   14266.515861] 0003 0036 00000226
2022-03-12 15:32:10.146174 False [   14266.755213] 0003 0035 0000003c
2022-03-12 15:32:10.146174 False [   14266.755213] 0003 0036 00000237
2022-03-12 15:32:10.161796 False [   14266.771129] 0003 0035 0000003c
2022-03-12 15:32:10.161796 False [   14266.771129] 0003 0036 00000237
2022-03-12 15:32:10.178320 False [   14266.787819] 0003 0035 0000003c
2022-03-12 15:32:10.178320 False [   14266.787819] 0003 0036 00000237
2022-03-12 15:32:10.196752 False [   14266.804944] 0003 0035 00000045
2022-03-12 15:32:10.197749 False [   14266.804944] 0003 0036 00000237
2022-03-12 15:32:10.212299 False [   14266.822376] 0003 0035 00000051
2022-03-12 15:32:10.212299 False [   14266.822376] 0003 0036 00000237
2022-03-12 15:32:10.231643 False [   14266.838523] 0003 0035 0000005f
2022-03-12 15:32:10.231643 False [   14266.838523] 0003 0036 00000235
2022-03-12 15:32:10.246662 False [   14266.855278] 0003 0035 00000073
2022-03-12 15:32:10.246662 False [   14266.855278] 0003 0036 00000233
2022-03-12 15:32:10.264538 False [   14266.872946] 0003 0035 0000008f
2022-03-12 15:32:10.264538 False [   14266.872946] 0003 0036 00000230
2022-03-12 15:32:10.280735 False [   14266.889908] 0003 0035 000000ad
2022-03-12 15:32:10.280735 False [   14266.889908] 0003 0036 0000022d
2022-03-12 15:32:10.298589 False [   14266.906304] 0003 0035 000000cc
2022-03-12 15:32:10.298589 False [   14266.906304] 0003 0036 0000022a
2022-03-12 15:32:10.314709 False [   14266.923287] 0003 0035 000000ea
2022-03-12 15:32:10.314709 False [   14266.923287] 0003 0036 00000227
2022-03-12 15:32:10.330489 False [   14266.939692] 0003 0035 00000105
2022-03-12 15:32:10.330489 False [   14266.939692] 0003 0036 00000225
2022-03-12 15:32:10.347970 False [   14266.957143] 0003 0035 0000011d
2022-03-12 15:32:10.347970 False [   14266.957143] 0003 0036 00000223
2022-03-12 15:32:10.367675 False [   14266.974267] 0003 0035 00000132
2022-03-12 15:32:10.367675 False [   14266.974267] 0003 0036 00000221
2022-03-12 15:32:10.384457 False [   14266.991643] 0003 0035 00000147
2022-03-12 15:32:10.384457 False [   14266.991643] 0003 0036 00000221
2022-03-12 15:32:10.398911 False [   14267.007183] 0003 0035 0000015b
2022-03-12 15:32:10.398911 False [   14267.007183] 0003 0036 0000021f
2022-03-12 15:32:10.415689 False [   14267.024355] 0003 0035 0000016c
2022-03-12 15:32:10.415689 False [   14267.024355] 0003 0036 0000021f
2022-03-12 15:32:10.432679 False [   14267.041985] 0003 0035 0000017a
2022-03-12 15:32:10.432679 False [   14267.041985] 0003 0036 0000021d
2022-03-12 15:32:10.448983 True [   14267.058060] 0003 0035 00000184
2022-03-12 15:32:10.448983 True [   14267.058060] 0003 0036 0000021d
2022-03-12 15:32:10.467162 True [   14267.075194] 0003 0035 0000018b
2022-03-12 15:32:10.467162 True [   14267.075194] 0003 0036 0000021d
2022-03-12 15:32:10.483243 True [   14267.091873] 0003 0035 00000190
2022-03-12 15:32:10.483243 True [   14267.091873] 0003 0036 0000021d
2022-03-12 15:32:10.501942 True [   14267.109513] 0003 0035 00000190
2022-03-12 15:32:10.501942 True [   14267.109513] 0003 0036 0000021d
2022-03-12 15:32:10.519875 True [   14267.126144] 0003 0035 00000190
2022-03-12 15:32:10.519875 True [   14267.126144] 0003 0036 0000021d
2022-03-12 15:32:10.923948 False [   14267.533160] 0003 0035 000000e2
2022-03-12 15:32:10.923948 False [   14267.533160] 0003 0036 00000271
2022-03-12 15:32:10.941164 False [   14267.549525] 0003 0035 000000e2
2022-03-12 15:32:10.941164 False [   14267.549525] 0003 0036 00000271
2022-03-12 15:32:10.960454 False [   14267.566812] 0003 0035 000000e2
2022-03-12 15:32:10.960454 False [   14267.566812] 0003 0036 00000271
2022-03-12 15:32:10.974694 False [   14267.583945] 0003 0035 000000e2
2022-03-12 15:32:10.974694 False [   14267.583945] 0003 0036 00000271
2022-03-12 15:32:10.991224 False [   14267.600745] 0003 0035 000000ea
2022-03-12 15:32:10.991224 False [   14267.600745] 0003 0036 0000026f
2022-03-12 15:32:11.008378 False [   14267.617607] 0003 0035 000000fb
2022-03-12 15:32:11.008378 False [   14267.617607] 0003 0036 0000026d
2022-03-12 15:32:11.025018 False [   14267.634316] 0003 0035 00000115
2022-03-12 15:32:11.025018 False [   14267.634316] 0003 0036 0000026a
2022-03-12 15:32:11.041889 False [   14267.650971] 0003 0035 00000136
2022-03-12 15:32:11.041889 False [   14267.650971] 0003 0036 00000267
2022-03-12 15:32:11.060201 False [   14267.668816] 0003 0035 00000158
2022-03-12 15:32:11.060201 False [   14267.668816] 0003 0036 00000265
2022-03-12 15:32:11.075774 False [   14267.685335] 0003 0035 0000017a
2022-03-12 15:32:11.075774 False [   14267.685335] 0003 0036 00000263
2022-03-12 15:32:11.094768 False [   14267.701973] 0003 0035 00000199
2022-03-12 15:32:11.094768 False [   14267.701973] 0003 0036 00000261
2022-03-12 15:32:11.110246 False [   14267.719170] 0003 0035 000001b7
2022-03-12 15:32:11.110246 False [   14267.719170] 0003 0036 0000025f
2022-03-12 15:32:11.126413 False [   14267.735374] 0003 0035 000001d5
2022-03-12 15:32:11.126413 False [   14267.735374] 0003 0036 0000025d
2022-03-12 15:32:11.143751 True [   14267.752508] 0003 0035 000001f5
2022-03-12 15:32:11.143751 True [   14267.752508] 0003 0036 0000025b
2022-03-12 15:32:11.161745 True [   14267.770117] 0003 0035 00000212
2022-03-12 15:32:11.161745 True [   14267.770117] 0003 0036 00000259
2022-03-12 15:32:11.177877 True [   14267.786695] 0003 0035 0000022b
2022-03-12 15:32:11.177877 True [   14267.786695] 0003 0036 00000259
2022-03-12 15:32:11.195465 True [   14267.803289] 0003 0035 0000023e
2022-03-12 15:32:11.195465 True [   14267.803289] 0003 0036 00000257
2022-03-12 15:32:11.213181 True [   14267.820606] 0003 0035 0000024c
2022-03-12 15:32:11.213181 True [   14267.820606] 0003 0036 00000257
2022-03-12 15:32:11.229164 True [   14267.838227] 0003 0035 00000255
2022-03-12 15:32:11.229164 True [   14267.838227] 0003 0036 00000255
2022-03-12 15:32:11.246092 True [   14267.854384] 0003 0035 0000025a
2022-03-12 15:32:11.246092 True [   14267.854384] 0003 0036 00000255
2022-03-12 15:32:11.262158 True [   14267.870785] 0003 0035 0000025a
2022-03-12 15:32:11.262158 True [   14267.870785] 0003 0036 00000255
2022-03-12 15:32:12.821950 False [   14269.430740] 0003 0035 000001e3
2022-03-12 15:32:12.821950 False [   14269.430740] 0003 0036 000002b7
2022-03-12 15:32:12.837516 False [   14269.446707] 0003 0035 000001e3
2022-03-12 15:32:12.837516 False [   14269.446707] 0003 0036 000002b7
2022-03-12 15:32:12.854297 False [   14269.463043] 0003 0035 000001e3
2022-03-12 15:32:12.854297 False [   14269.463043] 0003 0036 000002b7
2022-03-12 15:32:12.871335 False [   14269.479841] 0003 0035 000001e3
2022-03-12 15:32:12.871335 False [   14269.479841] 0003 0036 000002b7
