Mode = area stim
    verts = 22 
    radius = 550 
    center = (800, 1280) 
    first_angle = 0.8598711945403295 
    wm_size = [1600 2560] 
    stim_amp = 3 
    baseline_stim = 3
    current_stim_group = 0
    sense_zone = 0
    ===============================
2022-04-02 13:43:24.311236 False [  144518.232155] 0003 0036 000004cb
2022-04-02 13:43:24.392365 False [  144518.312843] 0003 0036 000004cc
2022-04-02 13:43:24.400651 False [  144518.321453] 0003 0036 000004cd
2022-04-02 13:43:24.415945 False [  144518.337918] 0003 0035 00000053
2022-04-02 13:43:24.415945 False [  144518.337918] 0003 0036 000004ce
2022-04-02 13:43:24.423762 False [  144518.346035] 0003 0035 00000054
2022-04-02 13:43:24.433152 False [  144518.354635] 0003 0035 00000055
2022-04-02 13:43:24.433152 False [  144518.354635] 0003 0036 000004cf
2022-04-02 13:43:24.441249 False [  144518.362715] 0003 0035 00000057
2022-04-02 13:43:24.450726 False [  144518.371884] 0003 0035 00000059
2022-04-02 13:43:24.457394 False [  144518.379311] 0003 0035 0000005b
2022-04-02 13:43:24.457394 False [  144518.379311] 0003 0036 000004d0
2022-04-02 13:43:24.465859 False [  144518.388109] 0003 0035 0000005d
2022-04-02 13:43:24.473788 False [  144518.396257] 0003 0035 00000060
2022-04-02 13:43:24.483398 False [  144518.404364] 0003 0035 00000062
2022-04-02 13:43:24.492012 False [  144518.412918] 0003 0035 00000065
2022-04-02 13:43:24.492012 False [  144518.412918] 0003 0036 000004d1
2022-04-02 13:43:24.499675 False [  144518.421141] 0003 0035 00000067
2022-04-02 13:43:24.507829 False [  144518.429344] 0003 0035 0000006b
2022-04-02 13:43:24.516325 False [  144518.437830] 0003 0035 0000006d
2022-04-02 13:43:24.524440 False [  144518.445824] 0003 0035 0000006f
2022-04-02 13:43:24.533570 False [  144518.454683] 0003 0035 00000072
2022-04-02 13:43:24.541239 False [  144518.462741] 0003 0035 00000075
2022-04-02 13:43:24.549712 False [  144518.471094] 0003 0035 00000077
2022-04-02 13:43:24.557889 False [  144518.479050] 0003 0035 00000079
2022-04-02 13:43:24.557889 False [  144518.479050] 0003 0036 000004d2
2022-04-02 13:43:24.565865 False [  144518.487473] 0003 0035 0000007b
2022-04-02 13:43:24.573911 False [  144518.495790] 0003 0035 0000007d
2022-04-02 13:43:24.582066 False [  144518.504097] 0003 0035 00000080
2022-04-02 13:43:24.590340 False [  144518.512527] 0003 0035 00000082
2022-04-02 13:43:24.590340 False [  144518.512527] 0003 0036 000004d3
2022-04-02 13:43:24.600225 False [  144518.521389] 0003 0035 00000084
2022-04-02 13:43:24.607427 False [  144518.529097] 0003 0035 00000087
2022-04-02 13:43:24.607427 False [  144518.529097] 0003 0036 000004d4
2022-04-02 13:43:24.615888 False [  144518.537546] 0003 0035 00000089
2022-04-02 13:43:24.623606 False [  144518.545749] 0003 0035 0000008c
2022-04-02 13:43:24.631997 False [  144518.554414] 0003 0035 0000008e
2022-04-02 13:43:24.641119 False [  144518.562445] 0003 0035 00000092
2022-04-02 13:43:24.641119 False [  144518.562445] 0003 0036 000004d5
2022-04-02 13:43:24.649361 False [  144518.570586] 0003 0035 00000095
2022-04-02 13:43:24.658486 False [  144518.579098] 0003 0035 00000098
2022-04-02 13:43:24.658486 False [  144518.579098] 0003 0036 000004d6
2022-04-02 13:43:24.665963 False [  144518.587451] 0003 0035 0000009b
2022-04-02 13:43:24.665963 False [  144518.587451] 0003 0036 000004d7
2022-04-02 13:43:24.674096 False [  144518.595397] 0003 0035 0000009e
2022-04-02 13:43:24.674096 False [  144518.595397] 0003 0036 000004d8
2022-04-02 13:43:24.682869 False [  144518.604344] 0003 0035 000000a2
2022-04-02 13:43:24.691290 False [  144518.612315] 0003 0035 000000a5
2022-04-02 13:43:24.691290 False [  144518.612315] 0003 0036 000004d9
2022-04-02 13:43:24.699877 False [  144518.620962] 0003 0035 000000a8
2022-04-02 13:43:24.699877 False [  144518.620962] 0003 0036 000004da
2022-04-02 13:43:24.707945 False [  144518.628761] 0003 0035 000000ac
2022-04-02 13:43:24.715947 False [  144518.637391] 0003 0035 000000af
2022-04-02 13:43:24.715947 False [  144518.637391] 0003 0036 000004db
2022-04-02 13:43:24.723864 False [  144518.645669] 0003 0035 000000b2
2022-04-02 13:43:24.732772 False [  144518.653905] 0003 0035 000000b6
2022-04-02 13:43:24.732772 False [  144518.653905] 0003 0036 000004dc
2022-04-02 13:43:24.741278 False [  144518.661901] 0003 0035 000000b9
2022-04-02 13:43:24.742288 False [  144518.661901] 0003 0036 000004dd
2022-04-02 13:43:24.749170 False [  144518.670522] 0003 0035 000000bd
2022-04-02 13:43:24.756454 False [  144518.678497] 0003 0035 000000c0
2022-04-02 13:43:24.756454 False [  144518.678497] 0003 0036 000004de
2022-04-02 13:43:24.765843 False [  144518.687174] 0003 0035 000000c4
2022-04-02 13:43:24.765843 False [  144518.687174] 0003 0036 000004df
2022-04-02 13:43:24.773390 False [  144518.695356] 0003 0035 000000c8
2022-04-02 13:43:24.783489 False [  144518.704360] 0003 0035 000000cc
2022-04-02 13:43:24.790896 False [  144518.711736] 0003 0035 000000cf
2022-04-02 13:43:24.799640 False [  144518.720537] 0003 0035 000000d3
2022-04-02 13:43:24.808335 False [  144518.728736] 0003 0035 000000d6
2022-04-02 13:43:24.815677 False [  144518.736803] 0003 0035 000000da
2022-04-02 13:43:24.823744 False [  144518.745015] 0003 0035 000000dd
2022-04-02 13:43:24.830898 False [  144518.753460] 0003 0035 000000e0
2022-04-02 13:43:24.839836 False [  144518.761669] 0003 0035 000000e4
2022-04-02 13:43:24.848345 False [  144518.770158] 0003 0035 000000e8
2022-04-02 13:43:24.848345 False [  144518.770158] 0003 0036 000004de
2022-04-02 13:43:24.857131 False [  144518.778381] 0003 0035 000000ee
2022-04-02 13:43:24.865279 False [  144518.786672] 0003 0035 000000f4
2022-04-02 13:43:24.865279 False [  144518.786672] 0003 0036 000004dd
2022-04-02 13:43:24.874397 False [  144518.794879] 0003 0035 000000f9
2022-04-02 13:43:24.874397 False [  144518.794879] 0003 0036 000004dc
2022-04-02 13:43:24.881456 True [  144518.803363] 0003 0035 00000100
2022-04-02 13:43:24.881456 True [  144518.803363] 0003 0036 000004db
2022-04-02 13:43:24.889904 True [  144518.811861] 0003 0035 00000105
2022-04-02 13:43:24.899519 True [  144518.819965] 0003 0035 0000010a
2022-04-02 13:43:24.899519 True [  144518.819965] 0003 0036 000004da
2022-04-02 13:43:24.906062 True [  144518.828093] 0003 0035 0000010f
2022-04-02 13:43:24.914923 True [  144518.836530] 0003 0035 00000113
2022-04-02 13:43:24.923224 True [  144518.844747] 0003 0035 00000118
2022-04-02 13:43:24.931536 True [  144518.853137] 0003 0035 0000011d
2022-04-02 13:43:24.939295 True [  144518.861492] 0003 0035 00000121
2022-04-02 13:43:24.948750 True [  144518.869890] 0003 0035 00000125
2022-04-02 13:43:24.955968 True [  144518.877978] 0003 0035 00000129
2022-04-02 13:43:24.955968 True [  144518.877978] 0003 0036 000004d9
2022-04-02 13:43:24.963883 True [  144518.886486] 0003 0035 0000012e
2022-04-02 13:43:24.973339 True [  144518.894725] 0003 0035 00000132
2022-04-02 13:43:24.973339 True [  144518.894725] 0003 0036 000004d8
2022-04-02 13:43:24.981390 True [  144518.903030] 0003 0035 00000136
2022-04-02 13:43:24.990531 True [  144518.911736] 0003 0035 00000139
2022-04-02 13:43:24.998123 True [  144518.919660] 0003 0035 0000013d
2022-04-02 13:43:25.006575 True [  144518.928135] 0003 0035 00000140
2022-04-02 13:43:25.006575 True [  144518.928135] 0003 0036 000004d7
2022-04-02 13:43:25.015160 True [  144518.936715] 0003 0035 00000143
2022-04-02 13:43:25.024487 True [  144518.944622] 0003 0035 00000146
2022-04-02 13:43:25.031749 True [  144518.952874] 0003 0035 00000148
2022-04-02 13:43:25.031749 True [  144518.952874] 0003 0036 000004d6
2022-04-02 13:43:25.040641 True [  144518.961522] 0003 0035 0000014b
2022-04-02 13:43:25.048395 True [  144518.969799] 0003 0035 0000014d
2022-04-02 13:43:25.057822 True [  144518.978211] 0003 0035 0000014f
2022-04-02 13:43:25.065116 True [  144518.986347] 0003 0035 00000152
2022-04-02 13:43:25.073471 True [  144518.994568] 0003 0035 00000154
2022-04-02 13:43:25.082008 True [  144519.003590] 0003 0035 00000156
2022-04-02 13:43:25.089537 True [  144519.011053] 0003 0035 00000159
2022-04-02 13:43:25.098819 True [  144519.019629] 0003 0035 0000015b
2022-04-02 13:43:25.106922 True [  144519.028002] 0003 0035 0000015d
2022-04-02 13:43:25.114781 True [  144519.036824] 0003 0035 00000160
2022-04-02 13:43:25.122822 True [  144519.044290] 0003 0035 00000162
2022-04-02 13:43:25.130808 True [  144519.052870] 0003 0035 00000165
2022-04-02 13:43:25.139336 True [  144519.061367] 0003 0035 00000167
2022-04-02 13:43:25.148204 True [  144519.070117] 0003 0035 00000169
2022-04-02 13:43:25.148204 True [  144519.070117] 0003 0036 000004d7
2022-04-02 13:43:25.157124 True [  144519.078033] 0003 0035 0000016c
2022-04-02 13:43:25.163869 True [  144519.086039] 0003 0035 0000016e
2022-04-02 13:43:25.163869 True [  144519.086039] 0003 0036 000004d8
2022-04-02 13:43:25.172067 True [  144519.094309] 0003 0035 00000170
2022-04-02 13:43:25.181164 True [  144519.103063] 0003 0035 00000172
2022-04-02 13:43:25.181164 True [  144519.103063] 0003 0036 000004d9
2022-04-02 13:43:25.190180 True [  144519.111145] 0003 0035 00000174
2022-04-02 13:43:25.197141 True [  144519.119936] 0003 0035 00000176
2022-04-02 13:43:25.206169 True [  144519.127729] 0003 0035 00000177
2022-04-02 13:43:25.213844 True [  144519.136166] 0003 0035 00000179
2022-04-02 13:43:25.213844 True [  144519.136166] 0003 0036 000004da
2022-04-02 13:43:25.222794 True [  144519.144057] 0003 0035 0000017a
2022-04-02 13:43:25.231040 True [  144519.152492] 0003 0035 0000017c
2022-04-02 13:43:25.239218 True [  144519.160852] 0003 0035 0000017e
2022-04-02 13:43:25.247855 True [  144519.169454] 0003 0035 0000017f
2022-04-02 13:43:25.255901 True [  144519.177316] 0003 0035 00000181
2022-04-02 13:43:25.264545 True [  144519.185962] 0003 0035 00000182
2022-04-02 13:43:25.272875 True [  144519.193859] 0003 0035 00000184
2022-04-02 13:43:25.272875 True [  144519.193859] 0003 0036 000004db
2022-04-02 13:43:25.281164 True [  144519.202629] 0003 0035 00000185
2022-04-02 13:43:25.288899 True [  144519.210532] 0003 0035 00000187
2022-04-02 13:43:25.298134 True [  144519.219806] 0003 0035 00000189
2022-04-02 13:43:25.298134 True [  144519.219806] 0003 0036 000004dc
2022-04-02 13:43:25.305417 True [  144519.227099] 0003 0035 0000018b
2022-04-02 13:43:25.314240 True [  144519.235733] 0003 0035 0000018d
2022-04-02 13:43:25.322532 True [  144519.243754] 0003 0035 0000018f
2022-04-02 13:43:25.322532 True [  144519.243754] 0003 0036 000004dd
2022-04-02 13:43:25.330589 True [  144519.252195] 0003 0035 00000191
2022-04-02 13:43:25.339872 True [  144519.260905] 0003 0035 00000193
2022-04-02 13:43:25.339872 True [  144519.260905] 0003 0036 000004de
2022-04-02 13:43:25.347173 True [  144519.269233] 0003 0035 00000195
2022-04-02 13:43:25.355725 True [  144519.276963] 0003 0035 00000197
2022-04-02 13:43:25.363772 True [  144519.285631] 0003 0035 00000198
2022-04-02 13:43:25.371624 True [  144519.293816] 0003 0035 0000019a
2022-04-02 13:43:25.371624 True [  144519.293816] 0003 0036 000004df
2022-04-02 13:43:25.381611 True [  144519.302029] 0003 0035 0000019c
2022-04-02 13:43:25.388092 True [  144519.310591] 0003 0035 0000019e
2022-04-02 13:43:25.398401 True [  144519.319036] 0003 0035 0000019f
2022-04-02 13:43:25.405322 True [  144519.326929] 0003 0035 000001a1
2022-04-02 13:43:25.414254 True [  144519.335616] 0003 0035 000001a2
2022-04-02 13:43:25.421622 True [  144519.343629] 0003 0035 000001a4
2022-04-02 13:43:25.421622 True [  144519.343629] 0003 0036 000004e0
2022-04-02 13:43:25.430375 True [  144519.351885] 0003 0035 000001a6
2022-04-02 13:43:25.438983 True [  144519.360499] 0003 0035 000001a8
2022-04-02 13:43:25.447007 True [  144519.368944] 0003 0035 000001a9
2022-04-02 13:43:25.448007 True [  144519.368944] 0003 0036 000004e1
2022-04-02 13:43:25.455925 True [  144519.377001] 0003 0035 000001ab
2022-04-02 13:43:25.464284 True [  144519.385477] 0003 0035 000001ac
2022-04-02 13:43:25.464284 True [  144519.385477] 0003 0036 000004e2
2022-04-02 13:43:25.471786 True [  144519.393698] 0003 0035 000001ae
2022-04-02 13:43:25.481767 True [  144519.402184] 0003 0035 000001b0
2022-04-02 13:43:25.481767 True [  144519.402184] 0003 0036 000004e3
2022-04-02 13:43:25.489572 True [  144519.410182] 0003 0035 000001b2
2022-04-02 13:43:25.497289 True [  144519.418527] 0003 0035 000001b3
2022-04-02 13:43:25.497289 True [  144519.418527] 0003 0036 000004e4
2022-04-02 13:43:25.505954 True [  144519.427044] 0003 0035 000001b6
2022-04-02 13:43:25.512789 True [  144519.435337] 0003 0035 000001b7
2022-04-02 13:43:25.522779 True [  144519.443688] 0003 0035 000001ba
2022-04-02 13:43:25.522779 True [  144519.443688] 0003 0036 000004e5
2022-04-02 13:43:25.530287 True [  144519.451616] 0003 0035 000001bc
2022-04-02 13:43:25.538230 True [  144519.460096] 0003 0035 000001be
2022-04-02 13:43:25.538230 True [  144519.460096] 0003 0036 000004e6
2022-04-02 13:43:25.547698 True [  144519.468580] 0003 0035 000001c1
2022-04-02 13:43:25.554389 True [  144519.476469] 0003 0035 000001c4
2022-04-02 13:43:25.554389 True [  144519.476469] 0003 0036 000004e7
2022-04-02 13:43:25.562525 True [  144519.484948] 0003 0035 000001c6
2022-04-02 13:43:25.571273 True [  144519.493204] 0003 0035 000001c9
2022-04-02 13:43:25.580111 True [  144519.501459] 0003 0035 000001cb
2022-04-02 13:43:25.580111 True [  144519.501459] 0003 0036 000004e8
2022-04-02 13:43:25.588729 True [  144519.509703] 0003 0035 000001cd
2022-04-02 13:43:25.595852 True [  144519.518031] 0003 0035 000001d0
2022-04-02 13:43:25.603823 True [  144519.526257] 0003 0035 000001d2
2022-04-02 13:43:25.611948 True [  144519.534797] 0003 0035 000001d4
2022-04-02 13:43:25.620888 True [  144519.542926] 0003 0035 000001d7
2022-04-02 13:43:25.630102 True [  144519.552032] 0003 0035 000001d8
2022-04-02 13:43:25.636820 True [  144519.559574] 0003 0035 000001da
2022-04-02 13:43:25.646142 True [  144519.568321] 0003 0035 000001dc
2022-04-02 13:43:25.654698 True [  144519.576306] 0003 0035 000001de
2022-04-02 13:43:25.662883 True [  144519.584927] 0003 0035 000001df
2022-04-02 13:43:25.670916 True [  144519.592771] 0003 0035 000001e1
2022-04-02 13:43:25.679014 True [  144519.601175] 0003 0035 000001e2
2022-04-02 13:43:25.689140 True [  144519.609774] 0003 0035 000001e4
2022-04-02 13:43:25.695932 True [  144519.617970] 0003 0035 000001e5
2022-04-02 13:43:25.704962 True [  144519.626011] 0003 0035 000001e7
2022-04-02 13:43:25.712271 True [  144519.634560] 0003 0035 000001e9
2022-04-02 13:43:25.712271 True [  144519.634560] 0003 0036 000004e7
2022-04-02 13:43:25.720475 True [  144519.642600] 0003 0035 000001ea
2022-04-02 13:43:25.729983 True [  144519.651322] 0003 0035 000001ec
2022-04-02 13:43:25.737563 True [  144519.659272] 0003 0035 000001ef
2022-04-02 13:43:25.746996 True [  144519.668526] 0003 0035 000001f0
2022-04-02 13:43:25.753809 True [  144519.675824] 0003 0035 000001f3
2022-04-02 13:43:25.763758 True [  144519.684645] 0003 0035 000001f4
2022-04-02 13:43:25.771094 True [  144519.692867] 0003 0035 000001f6
2022-04-02 13:43:25.780428 True [  144519.701702] 0003 0035 000001f7
2022-04-02 13:43:25.787149 True [  144519.709105] 0003 0035 000001fa
2022-04-02 13:43:25.787149 True [  144519.709105] 0003 0036 000004e6
2022-04-02 13:43:25.795633 True [  144519.717742] 0003 0035 000001fb
2022-04-02 13:43:25.803928 True [  144519.725740] 0003 0035 000001fd
2022-04-02 13:43:25.812740 True [  144519.734443] 0003 0035 000001fe
2022-04-02 13:43:25.820982 True [  144519.742341] 0003 0035 00000200
2022-04-02 13:43:25.828486 True [  144519.750752] 0003 0035 00000202
2022-04-02 13:43:25.838267 True [  144519.759262] 0003 0035 00000204
2022-04-02 13:43:25.845738 True [  144519.767692] 0003 0035 00000205
2022-04-02 13:43:25.854361 True [  144519.775479] 0003 0035 00000207
2022-04-02 13:43:25.861717 True [  144519.783988] 0003 0035 00000209
2022-04-02 13:43:25.871666 True [  144519.792305] 0003 0035 0000020a
2022-04-02 13:43:25.879895 True [  144519.800956] 0003 0035 0000020c
2022-04-02 13:43:25.886899 True [  144519.808823] 0003 0035 0000020d
2022-04-02 13:43:25.895912 True [  144519.817347] 0003 0035 0000020e
2022-04-02 13:43:25.903794 True [  144519.825423] 0003 0035 00000210
2022-04-02 13:43:25.912745 True [  144519.834161] 0003 0035 00000211
2022-04-02 13:43:25.924126 True [  144519.842129] 0003 0035 00000213
2022-04-02 13:43:25.929059 True [  144519.851094] 0003 0035 00000214
2022-04-02 13:43:25.937060 True [  144519.858669] 0003 0035 00000216
2022-04-02 13:43:25.946043 True [  144519.867478] 0003 0035 00000217
2022-04-02 13:43:25.953779 True [  144519.875294] 0003 0035 00000219
2022-04-02 13:43:25.962059 True [  144519.884498] 0003 0035 0000021b
2022-04-02 13:43:25.970249 True [  144519.891946] 0003 0035 0000021c
2022-04-02 13:43:25.978687 True [  144519.900596] 0003 0035 0000021e
2022-04-02 13:43:25.986300 True [  144519.908541] 0003 0035 00000221
2022-04-02 13:43:25.995036 True [  144519.916937] 0003 0035 00000222
2022-04-02 13:43:26.003235 True [  144519.925172] 0003 0035 00000225
2022-04-02 13:43:26.011723 True [  144519.933607] 0003 0035 00000226
2022-04-02 13:43:26.020494 True [  144519.941755] 0003 0035 00000229
2022-04-02 13:43:26.028437 True [  144519.950155] 0003 0035 0000022b
2022-04-02 13:43:26.028437 True [  144519.950155] 0003 0036 000004e7
2022-04-02 13:43:26.038024 True [  144519.958385] 0003 0035 0000022d
2022-04-02 13:43:26.045069 True [  144519.966776] 0003 0035 0000022f
2022-04-02 13:43:26.053529 True [  144519.974919] 0003 0035 00000231
2022-04-02 13:43:26.061690 True [  144519.983460] 0003 0035 00000233
2022-04-02 13:43:26.061690 True [  144519.983460] 0003 0036 000004e8
2022-04-02 13:43:26.069814 True [  144519.991692] 0003 0035 00000234
2022-04-02 13:43:26.078341 True [  144519.999997] 0003 0035 00000237
2022-04-02 13:43:26.085939 True [  144520.008240] 0003 0035 00000238
2022-04-02 13:43:26.094842 True [  144520.016656] 0003 0035 0000023b
2022-04-02 13:43:26.094842 True [  144520.016656] 0003 0036 000004e9
2022-04-02 13:43:26.103755 True [  144520.024950] 0003 0035 0000023c
2022-04-02 13:43:26.111711 True [  144520.033265] 0003 0035 0000023e
2022-04-02 13:43:26.119140 True [  144520.041429] 0003 0035 00000241
2022-04-02 13:43:26.119140 True [  144520.041429] 0003 0036 000004ea
2022-04-02 13:43:26.128687 True [  144520.049859] 0003 0035 00000242
2022-04-02 13:43:26.135907 True [  144520.058225] 0003 0035 00000245
2022-04-02 13:43:26.144496 True [  144520.066513] 0003 0035 00000247
2022-04-02 13:43:26.153756 True [  144520.074675] 0003 0035 0000024a
2022-04-02 13:43:26.161714 True [  144520.083109] 0003 0035 0000024d
2022-04-02 13:43:26.170712 True [  144520.091398] 0003 0035 0000024f
2022-04-02 13:43:26.177989 True [  144520.099694] 0003 0035 00000251
2022-04-02 13:43:26.178995 True [  144520.099694] 0003 0036 000004eb
2022-04-02 13:43:26.186957 True [  144520.108038] 0003 0035 00000254
2022-04-02 13:43:26.194128 True [  144520.116330] 0003 0035 00000257
2022-04-02 13:43:26.203250 True [  144520.124536] 0003 0035 00000259
2022-04-02 13:43:26.203250 True [  144520.124536] 0003 0036 000004ec
2022-04-02 13:43:26.211406 True [  144520.132924] 0003 0035 0000025b
2022-04-02 13:43:26.220032 True [  144520.141161] 0003 0035 0000025e
2022-04-02 13:43:26.228272 True [  144520.149561] 0003 0035 00000260
2022-04-02 13:43:26.236957 True [  144520.157742] 0003 0035 00000263
2022-04-02 13:43:26.245534 True [  144520.166235] 0003 0035 00000266
2022-04-02 13:43:26.252972 True [  144520.174419] 0003 0035 00000269
2022-04-02 13:43:26.261853 True [  144520.182901] 0003 0035 0000026b
2022-04-02 13:43:26.270044 True [  144520.191053] 0003 0035 0000026d
2022-04-02 13:43:26.278802 True [  144520.199434] 0003 0035 00000270
2022-04-02 13:43:26.286089 True [  144520.207575] 0003 0035 00000273
2022-04-02 13:43:26.295136 True [  144520.216036] 0003 0035 00000275
2022-04-02 13:43:26.302658 True [  144520.224367] 0003 0035 00000279
2022-04-02 13:43:26.311429 True [  144520.232659] 0003 0035 0000027c
2022-04-02 13:43:26.311429 True [  144520.232659] 0003 0036 000004ed
2022-04-02 13:43:26.319237 True [  144520.240904] 0003 0035 0000027f
2022-04-02 13:43:26.327757 True [  144520.249347] 0003 0035 00000282
2022-04-02 13:43:26.335688 True [  144520.257494] 0003 0035 00000285
2022-04-02 13:43:26.336542 True [  144520.257494] 0003 0036 000004ee
2022-04-02 13:43:26.343729 True [  144520.265958] 0003 0035 00000288
2022-04-02 13:43:26.353518 True [  144520.274116] 0003 0035 0000028b
2022-04-02 13:43:26.353518 True [  144520.274116] 0003 0036 000004ef
2022-04-02 13:43:26.360612 True [  144520.282527] 0003 0035 0000028d
2022-04-02 13:43:26.369387 True [  144520.290707] 0003 0035 00000291
2022-04-02 13:43:26.377397 True [  144520.299246] 0003 0035 00000293
2022-04-02 13:43:26.385901 True [  144520.307321] 0003 0035 00000296
2022-04-02 13:43:26.394314 True [  144520.315760] 0003 0035 00000298
2022-04-02 13:43:26.403693 True [  144520.323956] 0003 0035 0000029b
2022-04-02 13:43:26.403693 True [  144520.323956] 0003 0036 000004f0
2022-04-02 13:43:26.410449 True [  144520.332361] 0003 0035 0000029e
2022-04-02 13:43:26.418370 True [  144520.340608] 0003 0035 000002a0
2022-04-02 13:43:26.427637 True [  144520.348976] 0003 0035 000002a2
2022-04-02 13:43:26.427637 True [  144520.348976] 0003 0036 000004f1
2022-04-02 13:43:26.436068 True [  144520.357218] 0003 0035 000002a4
2022-04-02 13:43:26.443326 True [  144520.365681] 0003 0035 000002a6
2022-04-02 13:43:26.451765 True [  144520.373899] 0003 0035 000002a9
2022-04-02 13:43:26.453710 True [  144520.373899] 0003 0036 000004f2
2022-04-02 13:43:26.459841 True [  144520.382196] 0003 0035 000002ab
2022-04-02 13:43:26.468056 True [  144520.390450] 0003 0035 000002ae
2022-04-02 13:43:26.469883 True [  144520.390450] 0003 0036 000004f3
2022-04-02 13:43:26.477021 True [  144520.398871] 0003 0035 000002b1
2022-04-02 13:43:26.477541 True [  144520.398871] 0003 0036 000004f4
2022-04-02 13:43:26.485857 True [  144520.407111] 0003 0035 000002b3
2022-04-02 13:43:26.492949 True [  144520.415466] 0003 0035 000002b5
2022-04-02 13:43:26.494259 True [  144520.415466] 0003 0036 000004f5
2022-04-02 13:43:26.503667 True [  144520.423837] 0003 0035 000002b8
2022-04-02 13:43:26.510808 True [  144520.432147] 0003 0035 000002bb
2022-04-02 13:43:26.518208 True [  144520.440298] 0003 0035 000002bd
2022-04-02 13:43:26.527800 True [  144520.448718] 0003 0035 000002bf
2022-04-02 13:43:26.535959 True [  144520.457004] 0003 0035 000002c2
2022-04-02 13:43:26.535959 True [  144520.457004] 0003 0036 000004f6
2022-04-02 13:43:26.543904 True [  144520.465361] 0003 0035 000002c4
2022-04-02 13:43:26.551588 True [  144520.473558] 0003 0035 000002c6
2022-04-02 13:43:26.560163 True [  144520.481968] 0003 0035 000002c9
2022-04-02 13:43:26.568591 True [  144520.490307] 0003 0035 000002cb
2022-04-02 13:43:26.568591 True [  144520.490307] 0003 0036 000004f7
2022-04-02 13:43:26.576529 True [  144520.498621] 0003 0035 000002ce
2022-04-02 13:43:26.585118 True [  144520.506850] 0003 0035 000002d1
2022-04-02 13:43:26.585118 True [  144520.506850] 0003 0036 000004f8
2022-04-02 13:43:26.594322 True [  144520.515261] 0003 0035 000002d4
2022-04-02 13:43:26.603137 True [  144520.523393] 0003 0035 000002d8
2022-04-02 13:43:26.603137 True [  144520.523393] 0003 0036 000004f9
2022-04-02 13:43:26.610788 True [  144520.531835] 0003 0035 000002dc
2022-04-02 13:43:26.618082 True [  144520.540106] 0003 0035 000002df
2022-04-02 13:43:26.618082 True [  144520.540106] 0003 0036 000004fa
2022-04-02 13:43:26.626991 True [  144520.548524] 0003 0035 000002e2
2022-04-02 13:43:26.635569 True [  144520.556680] 0003 0035 000002e5
2022-04-02 13:43:26.643316 True [  144520.565127] 0003 0035 000002e7
2022-04-02 13:43:26.651668 True [  144520.573396] 0003 0035 000002ea
2022-04-02 13:43:26.660718 True [  144520.581714] 0003 0035 000002ed
2022-04-02 13:43:26.660718 True [  144520.581714] 0003 0036 000004fb
2022-04-02 13:43:26.667956 True [  144520.589882] 0003 0035 000002f0
2022-04-02 13:43:26.675940 True [  144520.598289] 0003 0035 000002f3
2022-04-02 13:43:26.684921 True [  144520.606516] 0003 0035 000002f5
2022-04-02 13:43:26.694250 True [  144520.615003] 0003 0035 000002f8
2022-04-02 13:43:26.701808 True [  144520.623180] 0003 0035 000002fc
2022-04-02 13:43:26.710814 True [  144520.631708] 0003 0035 000002ff
2022-04-02 13:43:26.719137 True [  144520.639759] 0003 0035 00000303
2022-04-02 13:43:26.719137 True [  144520.639759] 0003 0036 000004fc
2022-04-02 13:43:26.726093 True [  144520.648177] 0003 0035 00000307
2022-04-02 13:43:26.735156 True [  144520.656413] 0003 0035 0000030c
2022-04-02 13:43:26.735156 True [  144520.656413] 0003 0036 000004fd
2022-04-02 13:43:26.742289 True [  144520.664772] 0003 0035 00000310
2022-04-02 13:43:26.751265 True [  144520.672985] 0003 0035 00000314
2022-04-02 13:43:26.751265 True [  144520.672985] 0003 0036 000004fe
2022-04-02 13:43:26.759888 True [  144520.681475] 0003 0035 00000318
2022-04-02 13:43:26.768040 True [  144520.689645] 0003 0035 0000031c
2022-04-02 13:43:26.775992 True [  144520.698064] 0003 0035 0000031f
2022-04-02 13:43:26.785034 True [  144520.706245] 0003 0035 00000322
2022-04-02 13:43:26.785034 True [  144520.706245] 0003 0036 000004ff
2022-04-02 13:43:26.793529 True [  144520.714625] 0003 0035 00000326
2022-04-02 13:43:26.801311 True [  144520.722896] 0003 0035 00000329
2022-04-02 13:43:26.809486 True [  144520.731255] 0003 0035 0000032e
2022-04-02 13:43:26.819118 True [  144520.739539] 0003 0035 00000334
2022-04-02 13:43:26.819118 True [  144520.739539] 0003 0036 00000500
2022-04-02 13:43:26.826919 True [  144520.747926] 0003 0035 00000339
2022-04-02 13:43:26.836812 True [  144520.756102] 0003 0035 0000033e
2022-04-02 13:43:26.844021 True [  144520.764539] 0003 0035 00000343
2022-04-02 13:43:26.844021 True [  144520.764539] 0003 0036 00000501
2022-04-02 13:43:26.851827 True [  144520.772683] 0003 0035 00000347
2022-04-02 13:43:26.860619 True [  144520.781144] 0003 0035 0000034b
2022-04-02 13:43:26.869007 True [  144520.789320] 0003 0035 0000034e
2022-04-02 13:43:26.876849 True [  144520.797756] 0003 0035 00000352
2022-04-02 13:43:26.885990 True [  144520.806022] 0003 0035 00000355
2022-04-02 13:43:26.892111 True [  144520.814404] 0003 0035 00000359
2022-04-02 13:43:26.901387 True [  144520.822618] 0003 0035 0000035e
2022-04-02 13:43:26.908630 True [  144520.830917] 0003 0035 00000363
2022-04-02 13:43:26.917799 True [  144520.839144] 0003 0035 00000369
2022-04-02 13:43:26.925926 True [  144520.847629] 0003 0035 0000036e
2022-04-02 13:43:26.934540 True [  144520.855920] 0003 0035 00000372
2022-04-02 13:43:26.942931 True [  144520.864251] 0003 0035 00000376
2022-04-02 13:43:26.950909 True [  144520.872492] 0003 0035 0000037a
2022-04-02 13:43:26.959685 True [  144520.880856] 0003 0035 0000037e
2022-04-02 13:43:26.967588 True [  144520.889051] 0003 0035 00000383
2022-04-02 13:43:26.975545 True [  144520.897438] 0003 0035 00000387
2022-04-02 13:43:26.985195 True [  144520.906668] 0003 0035 0000038b
2022-04-02 13:43:26.985195 True [  144520.906668] 0003 0036 00000500
2022-04-02 13:43:26.993550 True [  144520.914165] 0003 0035 00000390
2022-04-02 13:43:27.001541 True [  144520.922288] 0003 0035 00000396
2022-04-02 13:43:27.001541 True [  144520.922288] 0003 0036 00000501
2022-04-02 13:43:27.009436 True [  144520.930668] 0003 0035 0000039c
2022-04-02 13:43:27.018921 True [  144520.938889] 0003 0035 000003a0
2022-04-02 13:43:27.026194 True [  144520.947312] 0003 0035 000003a5
2022-04-02 13:43:27.034070 True [  144520.955504] 0003 0035 000003aa
2022-04-02 13:43:27.043257 True [  144520.964062] 0003 0035 000003ad
2022-04-02 13:43:27.050958 True [  144520.972135] 0003 0035 000003b1
2022-04-02 13:43:27.059162 True [  144520.980582] 0003 0035 000003b5
2022-04-02 13:43:27.066880 True [  144520.988797] 0003 0035 000003b9
2022-04-02 13:43:27.075935 True [  144520.997230] 0003 0035 000003bd
2022-04-02 13:43:27.083405 True [  144521.005366] 0003 0035 000003c0
2022-04-02 13:43:27.091775 True [  144521.013764] 0003 0035 000003c5
2022-04-02 13:43:27.091775 True [  144521.013764] 0003 0036 00000502
2022-04-02 13:43:27.100589 True [  144521.021940] 0003 0035 000003cb
2022-04-02 13:43:27.100589 True [  144521.021940] 0003 0036 00000503
2022-04-02 13:43:27.109128 True [  144521.030382] 0003 0035 000003d0
2022-04-02 13:43:27.117704 True [  144521.038648] 0003 0035 000003d5
2022-04-02 13:43:27.117704 True [  144521.038648] 0003 0036 00000504
2022-04-02 13:43:27.125197 True [  144521.046981] 0003 0035 000003d9
2022-04-02 13:43:27.134491 True [  144521.055227] 0003 0035 000003de
2022-04-02 13:43:27.142318 True [  144521.063746] 0003 0035 000003e2
2022-04-02 13:43:27.149826 True [  144521.071852] 0003 0035 000003e7
2022-04-02 13:43:27.158984 True [  144521.080342] 0003 0035 000003ea
2022-04-02 13:43:27.158984 True [  144521.080342] 0003 0036 00000505
2022-04-02 13:43:27.167190 True [  144521.088519] 0003 0035 000003ee
2022-04-02 13:43:27.167190 True [  144521.088519] 0003 0036 00000506
2022-04-02 13:43:27.175873 True [  144521.096922] 0003 0035 000003f2
2022-04-02 13:43:27.175873 True [  144521.096922] 0003 0036 00000507
2022-04-02 13:43:27.183730 True [  144521.105072] 0003 0035 000003f7
2022-04-02 13:43:27.183730 True [  144521.105072] 0003 0036 00000508
2022-04-02 13:43:27.191798 True [  144521.113482] 0003 0035 000003fb
2022-04-02 13:43:27.201040 True [  144521.121723] 0003 0035 000003ff
2022-04-02 13:43:27.201040 True [  144521.121723] 0003 0036 00000509
2022-04-02 13:43:27.208991 True [  144521.130094] 0003 0035 00000404
2022-04-02 13:43:27.208991 True [  144521.130094] 0003 0036 0000050a
2022-04-02 13:43:27.216219 True [  144521.138290] 0003 0035 00000408
2022-04-02 13:43:27.216219 True [  144521.138290] 0003 0036 0000050b
2022-04-02 13:43:27.225216 True [  144521.146684] 0003 0035 0000040c
2022-04-02 13:43:27.225216 True [  144521.146684] 0003 0036 0000050c
2022-04-02 13:43:27.233396 True [  144521.154904] 0003 0035 00000411
2022-04-02 13:43:27.233396 True [  144521.154904] 0003 0036 0000050d
2022-04-02 13:43:27.242565 True [  144521.163314] 0003 0035 00000415
2022-04-02 13:43:27.250436 True [  144521.171557] 0003 0035 00000419
2022-04-02 13:43:27.258373 True [  144521.179967] 0003 0035 0000041d
2022-04-02 13:43:27.258373 True [  144521.179967] 0003 0036 0000050e
2022-04-02 13:43:27.266422 True [  144521.188292] 0003 0035 00000421
2022-04-02 13:43:27.266422 True [  144521.188292] 0003 0036 0000050f
2022-04-02 13:43:27.274832 True [  144521.196549] 0003 0035 00000424
2022-04-02 13:43:27.274832 True [  144521.196549] 0003 0036 00000510
2022-04-02 13:43:27.282495 True [  144521.204791] 0003 0035 00000428
2022-04-02 13:43:27.282495 True [  144521.204791] 0003 0036 00000511
2022-04-02 13:43:27.291838 True [  144521.213226] 0003 0035 0000042c
2022-04-02 13:43:27.299731 True [  144521.221383] 0003 0035 00000430
2022-04-02 13:43:27.299731 True [  144521.221383] 0003 0036 00000512
2022-04-02 13:43:27.307674 True [  144521.229817] 0003 0035 00000434
2022-04-02 13:43:27.307674 True [  144521.229817] 0003 0036 00000513
2022-04-02 13:43:27.317098 True [  144521.238062] 0003 0035 00000437
2022-04-02 13:43:27.317098 True [  144521.238062] 0003 0036 00000514
2022-04-02 13:43:27.324950 True [  144521.246445] 0003 0035 0000043b
2022-04-02 13:43:27.333463 True [  144521.254615] 0003 0035 00000441
2022-04-02 13:43:27.333463 True [  144521.254615] 0003 0036 00000515
2022-04-02 13:43:27.340934 True [  144521.263029] 0003 0035 00000445
2022-04-02 13:43:27.349526 True [  144521.271196] 0003 0035 0000044a
2022-04-02 13:43:27.357931 True [  144521.279664] 0003 0035 0000044f
2022-04-02 13:43:27.357931 True [  144521.279664] 0003 0036 00000516
2022-04-02 13:43:27.366930 True [  144521.287938] 0003 0035 00000453
2022-04-02 13:43:27.374275 True [  144521.296309] 0003 0035 00000457
2022-04-02 13:43:27.382806 True [  144521.304597] 0003 0035 0000045c
2022-04-02 13:43:27.391579 True [  144521.313003] 0003 0035 00000460
2022-04-02 13:43:27.399379 True [  144521.321143] 0003 0035 00000464
2022-04-02 13:43:27.407508 True [  144521.329530] 0003 0035 00000468
2022-04-02 13:43:27.407508 True [  144521.329530] 0003 0036 00000515
2022-04-02 13:43:27.415762 True [  144521.337712] 0003 0035 0000046d
2022-04-02 13:43:27.423737 True [  144521.346137] 0003 0035 00000473
2022-04-02 13:43:27.432829 True [  144521.354319] 0003 0035 00000477
2022-04-02 13:43:27.440968 True [  144521.362844] 0003 0035 0000047d
2022-04-02 13:43:27.449307 True [  144521.370988] 0003 0035 00000481
2022-04-02 13:43:27.458001 True [  144521.379361] 0003 0035 00000487
2022-04-02 13:43:27.458001 True [  144521.379361] 0003 0036 00000514
2022-04-02 13:43:27.466924 True [  144521.387659] 0003 0035 0000048c
2022-04-02 13:43:27.473844 True [  144521.396042] 0003 0035 00000490
2022-04-02 13:43:27.473844 True [  144521.396042] 0003 0036 00000513
2022-04-02 13:43:27.482832 True [  144521.404321] 0003 0035 00000494
2022-04-02 13:43:27.490647 True [  144521.412583] 0003 0035 00000499
2022-04-02 13:43:27.498444 True [  144521.420798] 0003 0035 0000049d
2022-04-02 13:43:27.507354 True [  144521.429298] 0003 0035 000004a1
2022-04-02 13:43:27.515505 True [  144521.437446] 0003 0035 000004a6
2022-04-02 13:43:27.522866 True [  144521.445841] 0003 0035 000004ac
2022-04-02 13:43:27.532127 True [  144521.453999] 0003 0035 000004b0
2022-04-02 13:43:27.540582 True [  144521.462476] 0003 0035 000004b6
2022-04-02 13:43:27.548146 True [  144521.470707] 0003 0035 000004bb
2022-04-02 13:43:27.557083 True [  144521.479125] 0003 0035 000004c0
2022-04-02 13:43:27.565740 True [  144521.487348] 0003 0035 000004c4
2022-04-02 13:43:27.575146 True [  144521.495696] 0003 0035 000004c9
2022-04-02 13:43:27.582009 True [  144521.503930] 0003 0035 000004cc
2022-04-02 13:43:27.591517 True [  144521.512353] 0003 0035 000004d2
2022-04-02 13:43:27.599497 True [  144521.520674] 0003 0035 000004d7
2022-04-02 13:43:27.607552 True [  144521.528934] 0003 0035 000004dc
2022-04-02 13:43:27.607552 True [  144521.528934] 0003 0036 00000512
2022-04-02 13:43:27.615569 True [  144521.537126] 0003 0035 000004e2
2022-04-02 13:43:27.623675 True [  144521.545582] 0003 0035 000004e7
2022-04-02 13:43:27.631937 True [  144521.553855] 0003 0035 000004ec
2022-04-02 13:43:27.639988 True [  144521.562164] 0003 0035 000004f1
2022-04-02 13:43:27.639988 True [  144521.562164] 0003 0036 00000511
2022-04-02 13:43:27.649651 True [  144521.570430] 0003 0035 000004f6
2022-04-02 13:43:27.657426 True [  144521.578835] 0003 0035 000004fb
2022-04-02 13:43:27.665693 True [  144521.587007] 0003 0035 00000500
2022-04-02 13:43:27.673897 True [  144521.595372] 0003 0035 00000506
2022-04-02 13:43:27.681245 True [  144521.603641] 0003 0035 0000050c
2022-04-02 13:43:27.690233 True [  144521.612088] 0003 0035 00000511
2022-04-02 13:43:27.690233 True [  144521.612088] 0003 0036 00000510
2022-04-02 13:43:27.698997 True [  144521.620343] 0003 0035 00000517
2022-04-02 13:43:27.706129 True [  144521.628686] 0003 0035 0000051c
2022-04-02 13:43:27.714754 True [  144521.636869] 0003 0035 00000522
2022-04-02 13:43:27.714754 True [  144521.636869] 0003 0036 0000050f
2022-04-02 13:43:27.723313 True [  144521.645308] 0003 0035 00000526
2022-04-02 13:43:27.731714 True [  144521.653506] 0003 0035 0000052c
2022-04-02 13:43:27.741042 True [  144521.661955] 0003 0035 00000531
2022-04-02 13:43:27.741042 True [  144521.661955] 0003 0036 0000050e
2022-04-02 13:43:27.748270 True [  144521.670134] 0003 0035 00000536
2022-04-02 13:43:27.748270 True [  144521.670134] 0003 0036 0000050d
2022-04-02 13:43:27.756959 True [  144521.678547] 0003 0035 0000053b
2022-04-02 13:43:27.764381 True [  144521.686772] 0003 0035 00000540
2022-04-02 13:43:27.764381 True [  144521.686772] 0003 0036 0000050c
2022-04-02 13:43:27.773922 False [  144521.695172] 0003 0035 00000545
2022-04-02 13:43:27.774259 False [  144521.695172] 0003 0036 0000050b
2022-04-02 13:43:27.781800 False [  144521.703467] 0003 0035 00000549
2022-04-02 13:43:27.781800 False [  144521.703467] 0003 0036 0000050a
2022-04-02 13:43:27.790322 False [  144521.711746] 0003 0035 0000054d
2022-04-02 13:43:27.790322 False [  144521.711746] 0003 0036 00000509
2022-04-02 13:43:27.799364 False [  144521.720161] 0003 0035 00000552
2022-04-02 13:43:27.799364 False [  144521.720161] 0003 0036 00000508
2022-04-02 13:43:27.807706 False [  144521.728393] 0003 0035 00000556
2022-04-02 13:43:27.815803 False [  144521.736722] 0003 0035 0000055a
2022-04-02 13:43:27.815803 False [  144521.736722] 0003 0036 00000507
2022-04-02 13:43:27.823230 False [  144521.744983] 0003 0035 0000055d
2022-04-02 13:43:27.823230 False [  144521.744983] 0003 0036 00000506
2022-04-02 13:43:27.831578 False [  144521.753231] 0003 0035 00000560
2022-04-02 13:43:27.831578 False [  144521.753231] 0003 0036 00000505
2022-04-02 13:43:27.839918 False [  144521.761621] 0003 0035 00000563
2022-04-02 13:43:27.839918 False [  144521.761621] 0003 0036 00000504
2022-04-02 13:43:27.848718 False [  144521.769833] 0003 0035 00000566
2022-04-02 13:43:27.848718 False [  144521.769833] 0003 0036 00000503
2022-04-02 13:43:27.856242 False [  144521.778264] 0003 0035 00000569
2022-04-02 13:43:27.856242 False [  144521.778264] 0003 0036 00000501
2022-04-02 13:43:27.864663 False [  144521.786449] 0003 0035 0000056b
2022-04-02 13:43:27.864663 False [  144521.786449] 0003 0036 00000500
2022-04-02 13:43:27.872731 False [  144521.794932] 0003 0035 0000056d
2022-04-02 13:43:27.872731 False [  144521.794932] 0003 0036 000004ff
2022-04-02 13:43:27.881827 False [  144521.803107] 0003 0035 00000570
2022-04-02 13:43:27.881827 False [  144521.803107] 0003 0036 000004fd
2022-04-02 13:43:27.890042 False [  144521.811505] 0003 0035 00000572
2022-04-02 13:43:27.890042 False [  144521.811505] 0003 0036 000004fb
2022-04-02 13:43:27.897392 False [  144521.819639] 0003 0035 00000575
2022-04-02 13:43:27.897392 False [  144521.819639] 0003 0036 000004f9
2022-04-02 13:43:27.905951 False [  144521.828062] 0003 0035 00000578
2022-04-02 13:43:27.906951 False [  144521.828062] 0003 0036 000004f6
2022-04-02 13:43:27.915416 False [  144521.836325] 0003 0035 0000057a
2022-04-02 13:43:27.915416 False [  144521.836325] 0003 0036 000004f4
2022-04-02 13:43:27.922994 False [  144521.844748] 0003 0035 0000057d
2022-04-02 13:43:27.924524 False [  144521.844748] 0003 0036 000004f0
2022-04-02 13:43:27.931773 False [  144521.852942] 0003 0035 0000057f
2022-04-02 13:43:27.931773 False [  144521.852942] 0003 0036 000004ed
2022-04-02 13:43:27.939393 False [  144521.861311] 0003 0035 00000582
2022-04-02 13:43:27.939393 False [  144521.861311] 0003 0036 000004e9
2022-04-02 13:43:27.947770 False [  144521.869641] 0003 0035 00000586
2022-04-02 13:43:27.947770 False [  144521.869641] 0003 0036 000004e4
2022-04-02 13:43:27.955943 False [  144521.878002] 0003 0035 00000589
2022-04-02 13:43:27.955943 False [  144521.878002] 0003 0036 000004e0
2022-04-02 13:43:27.963827 False [  144521.886199] 0003 0035 0000058b
2022-04-02 13:43:27.963827 False [  144521.886199] 0003 0036 000004db
2022-04-02 13:43:27.974536 False [  144521.895609] 0003 0035 0000058d
2022-04-02 13:43:27.974536 False [  144521.895609] 0003 0036 000004d6
2022-04-02 13:43:27.980678 False [  144521.903277] 0003 0035 00000591
2022-04-02 13:43:27.980678 False [  144521.903277] 0003 0036 000004d1
2022-04-02 13:43:27.989836 False [  144521.911217] 0003 0035 00000593
2022-04-02 13:43:27.989836 False [  144521.911217] 0003 0036 000004cc
2022-04-02 13:43:27.997987 False [  144521.919424] 0003 0035 00000595
2022-04-02 13:43:27.997987 False [  144521.919424] 0003 0036 000004c8
2022-04-02 13:43:28.005961 False [  144521.927904] 0003 0035 00000598
2022-04-02 13:43:28.005961 False [  144521.927904] 0003 0036 000004c4
2022-04-02 13:43:28.014534 False [  144521.936062] 0003 0035 00000599
2022-04-02 13:43:28.014534 False [  144521.936062] 0003 0036 000004bf
2022-04-02 13:43:28.023853 False [  144521.944470] 0003 0035 0000059b
2022-04-02 13:43:28.023853 False [  144521.944470] 0003 0036 000004bb
2022-04-02 13:43:28.031455 False [  144521.952805] 0003 0035 0000059d
2022-04-02 13:43:28.031455 False [  144521.952805] 0003 0036 000004b7
2022-04-02 13:43:28.039363 False [  144521.961071] 0003 0035 0000059f
2022-04-02 13:43:28.039363 False [  144521.961071] 0003 0036 000004b3
2022-04-02 13:43:28.048015 False [  144521.969280] 0003 0036 000004af
2022-04-02 13:43:28.055951 False [  144521.977681] 0003 0035 000005a1
2022-04-02 13:43:28.055951 False [  144521.977681] 0003 0036 000004ae
2022-04-02 13:43:28.066146 False [  144521.985885] 0003 0035 000005a2
2022-04-02 13:43:28.066146 False [  144521.985885] 0003 0036 000004ab
2022-04-02 13:43:28.073208 False [  144521.994337] 0003 0036 000004a9
2022-04-02 13:43:28.081624 False [  144522.002528] 0003 0035 000005a3
2022-04-02 13:43:28.081624 False [  144522.002528] 0003 0036 000004a7
2022-04-02 13:43:28.089033 False [  144522.010870] 0003 0035 000005a4
2022-04-02 13:43:28.090032 False [  144522.010870] 0003 0036 000004a4
2022-04-02 13:43:28.099208 False [  144522.019206] 0003 0036 000004a2
2022-04-02 13:43:28.107687 False [  144522.027568] 0003 0035 000005a5
2022-04-02 13:43:28.107687 False [  144522.027568] 0003 0036 000004a0
2022-04-02 13:43:28.114814 False [  144522.035777] 0003 0035 000005a6
2022-04-02 13:43:28.114814 False [  144522.035777] 0003 0036 0000049e
2022-04-02 13:43:28.122483 False [  144522.044149] 0003 0036 0000049c
2022-04-02 13:43:28.132465 False [  144522.052480] 0003 0036 0000049a
2022-04-02 13:43:28.139395 False [  144522.060845] 0003 0036 00000498
2022-04-02 13:43:28.147590 False [  144522.068982] 0003 0036 00000496
2022-04-02 13:43:28.155941 False [  144522.077442] 0003 0036 00000494
2022-04-02 13:43:28.164279 False [  144522.085563] 0003 0036 00000492
2022-04-02 13:43:28.172133 False [  144522.094027] 0003 0036 0000048f
2022-04-02 13:43:28.180476 False [  144522.102254] 0003 0036 0000048e
2022-04-02 13:43:28.189015 False [  144522.110730] 0003 0036 0000048b
2022-04-02 13:43:28.197138 False [  144522.118870] 0003 0036 00000488
2022-04-02 13:43:28.205420 False [  144522.127253] 0003 0036 00000485
2022-04-02 13:43:28.212929 False [  144522.135500] 0003 0036 00000482
2022-04-02 13:43:28.222911 False [  144522.143894] 0003 0036 0000047e
2022-04-02 13:43:28.230890 False [  144522.152133] 0003 0036 0000047b
2022-04-02 13:43:28.239211 False [  144522.160582] 0003 0036 00000477
2022-04-02 13:43:28.246155 False [  144522.168733] 0003 0036 00000474
2022-04-02 13:43:28.255976 False [  144522.177185] 0003 0036 00000471
2022-04-02 13:43:28.263779 False [  144522.185378] 0003 0036 0000046c
2022-04-02 13:43:28.271851 False [  144522.193707] 0003 0036 00000469
2022-04-02 13:43:28.281408 False [  144522.202019] 0003 0036 00000464
2022-04-02 13:43:28.288704 False [  144522.210367] 0003 0035 000005a5
2022-04-02 13:43:28.288704 False [  144522.210367] 0003 0036 00000460
2022-04-02 13:43:28.297464 False [  144522.218547] 0003 0036 0000045c
2022-04-02 13:43:28.305010 False [  144522.226975] 0003 0035 000005a4
2022-04-02 13:43:28.305010 False [  144522.226975] 0003 0036 00000458
2022-04-02 13:43:28.314617 False [  144522.235180] 0003 0035 000005a3
2022-04-02 13:43:28.314617 False [  144522.235180] 0003 0036 00000453
2022-04-02 13:43:28.322699 False [  144522.243639] 0003 0036 0000044f
2022-04-02 13:43:28.330933 False [  144522.251857] 0003 0036 0000044a
2022-04-02 13:43:28.338238 False [  144522.260319] 0003 0036 00000445
2022-04-02 13:43:28.346955 False [  144522.268378] 0003 0036 00000441
2022-04-02 13:43:28.355025 False [  144522.276986] 0003 0036 0000043c
2022-04-02 13:43:28.363809 False [  144522.285107] 0003 0035 000005a2
2022-04-02 13:43:28.363809 False [  144522.285107] 0003 0036 00000436
2022-04-02 13:43:28.373809 False [  144522.293470] 0003 0036 00000430
2022-04-02 13:43:28.380986 False [  144522.301786] 0003 0036 0000042b
2022-04-02 13:43:28.389266 False [  144522.310042] 0003 0035 000005a1
2022-04-02 13:43:28.389266 False [  144522.310042] 0003 0036 00000425
2022-04-02 13:43:28.397038 False [  144522.318288] 0003 0035 000005a0
2022-04-02 13:43:28.397038 False [  144522.318288] 0003 0036 00000420
2022-04-02 13:43:28.406271 False [  144522.326798] 0003 0035 0000059f
2022-04-02 13:43:28.406271 False [  144522.326798] 0003 0036 0000041b
2022-04-02 13:43:28.413796 False [  144522.334898] 0003 0036 00000416
2022-04-02 13:43:28.421869 False [  144522.343309] 0003 0035 0000059e
2022-04-02 13:43:28.421869 False [  144522.343309] 0003 0036 00000411
2022-04-02 13:43:28.430016 False [  144522.351542] 0003 0035 0000059d
2022-04-02 13:43:28.430016 False [  144522.351542] 0003 0036 0000040c
2022-04-02 13:43:28.439056 False [  144522.359964] 0003 0035 0000059c
2022-04-02 13:43:28.439056 False [  144522.359964] 0003 0036 00000407
2022-04-02 13:43:28.446384 False [  144522.368305] 0003 0035 0000059a
2022-04-02 13:43:28.446384 False [  144522.368305] 0003 0036 00000401
2022-04-02 13:43:28.455031 False [  144522.376649] 0003 0035 00000598
2022-04-02 13:43:28.455031 False [  144522.376649] 0003 0036 000003fc
2022-04-02 13:43:28.463897 False [  144522.384785] 0003 0035 00000597
2022-04-02 13:43:28.463897 False [  144522.384785] 0003 0036 000003f8
2022-04-02 13:43:28.472326 False [  144522.393175] 0003 0035 00000595
2022-04-02 13:43:28.472326 False [  144522.393175] 0003 0036 000003f3
2022-04-02 13:43:28.479811 False [  144522.401373] 0003 0035 00000593
2022-04-02 13:43:28.481162 False [  144522.401373] 0003 0036 000003ef
2022-04-02 13:43:28.488841 False [  144522.409782] 0003 0035 00000591
2022-04-02 13:43:28.489564 False [  144522.409782] 0003 0036 000003ed
2022-04-02 13:43:28.497278 False [  144522.418029] 0003 0035 00000590
2022-04-02 13:43:28.498368 False [  144522.418029] 0003 0036 000003eb
2022-04-02 13:43:28.505370 False [  144522.426445] 0003 0035 0000058d
2022-04-02 13:43:28.506118 False [  144522.426445] 0003 0036 000003e8
2022-04-02 13:43:28.513532 False [  144522.434641] 0003 0035 0000058b
2022-04-02 13:43:28.513532 False [  144522.434641] 0003 0036 000003e6
2022-04-02 13:43:28.521883 False [  144522.443037] 0003 0035 00000588
2022-04-02 13:43:28.521883 False [  144522.443037] 0003 0036 000003e3
2022-04-02 13:43:28.529943 False [  144522.451252] 0003 0035 00000584
2022-04-02 13:43:28.529943 False [  144522.451252] 0003 0036 000003e2
2022-04-02 13:43:28.537989 False [  144522.459616] 0003 0035 00000580
2022-04-02 13:43:28.537989 False [  144522.459616] 0003 0036 000003df
2022-04-02 13:43:28.546868 False [  144522.467884] 0003 0035 0000057d
2022-04-02 13:43:28.546868 False [  144522.467884] 0003 0036 000003de
2022-04-02 13:43:28.555989 False [  144522.476292] 0003 0035 00000579
2022-04-02 13:43:28.555989 False [  144522.476292] 0003 0036 000003dd
2022-04-02 13:43:28.563819 False [  144522.484602] 0003 0035 00000576
2022-04-02 13:43:28.563819 False [  144522.484602] 0003 0036 000003db
2022-04-02 13:43:28.571540 False [  144522.492879] 0003 0035 00000572
2022-04-02 13:43:28.572271 False [  144522.492879] 0003 0036 000003da
2022-04-02 13:43:28.579414 False [  144522.501196] 0003 0035 0000056f
2022-04-02 13:43:28.581581 False [  144522.501196] 0003 0036 000003d9
2022-04-02 13:43:28.588156 False [  144522.509496] 0003 0035 0000056c
2022-04-02 13:43:28.596818 False [  144522.517746] 0003 0035 00000569
2022-04-02 13:43:28.605583 False [  144522.526122] 0003 0035 00000566
2022-04-02 13:43:28.613258 False [  144522.534335] 0003 0035 00000562
2022-04-02 13:43:28.613258 False [  144522.534335] 0003 0036 000003d8
2022-04-02 13:43:28.621746 False [  144522.542795] 0003 0035 00000560
2022-04-02 13:43:28.629768 False [  144522.550998] 0003 0035 0000055d
2022-04-02 13:43:28.638156 False [  144522.559387] 0003 0035 0000055b
2022-04-02 13:43:28.651095 False [  144522.567567] 0003 0035 00000558
2022-04-02 13:43:28.654004 False [  144522.575946] 0003 0035 00000556
2022-04-02 13:43:28.664196 False [  144522.584199] 0003 0035 00000554
2022-04-02 13:43:28.672361 False [  144522.592612] 0003 0035 00000553
2022-04-02 13:43:28.679907 False [  144522.600888] 0003 0035 00000551
2022-04-02 13:43:28.688803 False [  144522.609229] 0003 0035 00000550
2022-04-02 13:43:28.696803 False [  144522.617496] 0003 0035 0000054f
2022-04-02 13:43:28.704757 False [  144522.625872] 0003 0035 0000054d
2022-04-02 13:43:28.714863 False [  144522.634106] 0003 0035 0000054c
2022-04-02 13:43:28.721472 False [  144522.642466] 0003 0035 0000054b
2022-04-02 13:43:28.729046 False [  144522.650713] 0003 0035 00000549
2022-04-02 13:43:28.737142 False [  144522.659108] 0003 0035 00000548
2022-04-02 13:43:28.745482 False [  144522.667322] 0003 0035 00000547
2022-04-02 13:43:28.753862 False [  144522.675746] 0003 0035 00000546
2022-04-02 13:43:28.761914 False [  144522.683974] 0003 0035 00000545
2022-04-02 13:43:28.770980 False [  144522.692334] 0003 0035 00000544
2022-04-02 13:43:28.778721 False [  144522.700623] 0003 0035 00000543
2022-04-02 13:43:28.787011 False [  144522.709026] 0003 0035 00000542
2022-04-02 13:43:28.787011 False [  144522.709026] 0003 0036 000003d7
2022-04-02 13:43:28.803854 False [  144522.725598] 0003 0035 00000541
2022-04-02 13:43:28.803854 False [  144522.725598] 0003 0036 000003d6
2022-04-02 13:43:28.812532 False [  144522.733286] 0003 0035 0000053e
2022-04-02 13:43:28.812532 False [  144522.733286] 0003 0036 000003d5
2022-04-02 13:43:28.820243 False [  144522.741783] 0003 0036 000003d3
2022-04-02 13:43:28.828671 False [  144522.749950] 0003 0035 0000053c
2022-04-02 13:43:28.828671 False [  144522.749950] 0003 0036 000003d2
2022-04-02 13:43:28.836957 False [  144522.758264] 0003 0035 0000053b
2022-04-02 13:43:28.836957 False [  144522.758264] 0003 0036 000003d1
