Mode = area stim
    verts = 4 
    radius = 550 
    center = (600, 960) 
    first_angle = 2.0931176187513074 
    wm_size = [1200 1920] 
    stim_amp = 6 
    baseline_stim = 4
    current_stim_group = audio
    sense_zone = 0
    ===============================
2022-03-16 15:18:47.686781 False [   18904.769557] 0003 0036 00000057
2022-03-16 15:18:47.704405 False [   18904.786348] 0003 0035 000004e5
2022-03-16 15:18:47.704405 False [   18904.786348] 0003 0036 00000057
2022-03-16 15:18:47.718835 False [   18904.802340] 0003 0035 000004e5
2022-03-16 15:18:47.718835 False [   18904.802340] 0003 0036 00000057
2022-03-16 15:18:47.736787 False [   18904.819343] 0003 0035 000004e5
2022-03-16 15:18:47.737801 False [   18904.819343] 0003 0036 00000057
2022-03-16 15:18:47.754258 False [   18904.837141] 0003 0035 000004e5
2022-03-16 15:18:47.754258 False [   18904.837141] 0003 0036 00000057
2022-03-16 15:18:47.768040 False [   18904.853944] 0003 0035 000004e5
2022-03-16 15:18:47.768040 False [   18904.853944] 0003 0036 00000057
2022-03-16 15:18:47.789297 False [   18904.870889] 0003 0035 000004e5
2022-03-16 15:18:47.789297 False [   18904.870889] 0003 0036 00000057
2022-03-16 15:18:47.806105 False [   18904.887708] 0003 0035 000004e5
2022-03-16 15:18:47.806105 False [   18904.887708] 0003 0036 00000057
2022-03-16 15:18:47.820984 False [   18904.904373] 0003 0035 000004e5
2022-03-16 15:18:47.820984 False [   18904.904373] 0003 0036 00000057
2022-03-16 15:18:47.839065 False [   18904.920630] 0003 0035 000004e5
2022-03-16 15:18:47.839065 False [   18904.920630] 0003 0036 00000057
2022-03-16 15:18:47.857469 False [   18904.938289] 0003 0035 000004e5
2022-03-16 15:18:47.857469 False [   18904.938289] 0003 0036 00000057
2022-03-16 15:18:47.873311 False [   18904.954512] 0003 0035 000004e8
2022-03-16 15:18:47.873311 False [   18904.954512] 0003 0036 0000005b
2022-03-16 15:18:47.889892 False [   18904.970929] 0003 0035 000004eb
2022-03-16 15:18:47.889892 False [   18904.970929] 0003 0036 0000005f
2022-03-16 15:18:47.905471 False [   18904.987844] 0003 0035 000004eb
2022-03-16 15:18:47.905471 False [   18904.987844] 0003 0036 0000005f
2022-03-16 15:18:47.923154 False [   18905.004964] 0003 0035 000004ee
2022-03-16 15:18:47.924150 False [   18905.004964] 0003 0036 00000063
2022-03-16 15:18:47.941677 False [   18905.021667] 0003 0035 000004ee
2022-03-16 15:18:47.941677 False [   18905.021667] 0003 0036 00000063
2022-03-16 15:18:47.956164 False [   18905.038648] 0003 0035 000004ee
2022-03-16 15:18:47.956164 False [   18905.038648] 0003 0036 00000063
2022-03-16 15:18:47.974890 False [   18905.055611] 0003 0035 000004ee
2022-03-16 15:18:47.974890 False [   18905.055611] 0003 0036 00000063
2022-03-16 15:18:47.988361 False [   18905.072554] 0003 0035 000004ee
2022-03-16 15:18:47.988361 False [   18905.072554] 0003 0036 00000063
2022-03-16 15:18:48.007734 False [   18905.089943] 0003 0035 000004ee
2022-03-16 15:18:48.007734 False [   18905.089943] 0003 0036 00000063
2022-03-16 15:18:48.023793 False [   18905.107201] 0003 0035 000004ee
2022-03-16 15:18:48.023793 False [   18905.107201] 0003 0036 00000063
2022-03-16 15:18:48.041937 False [   18905.123346] 0003 0035 000004f1
2022-03-16 15:18:48.041937 False [   18905.123346] 0003 0036 0000005d
2022-03-16 15:18:48.056306 False [   18905.140350] 0003 0035 000004f1
2022-03-16 15:18:48.056306 False [   18905.140350] 0003 0036 00000059
2022-03-16 15:18:48.076678 False [   18905.157276] 0003 0035 000004f1
2022-03-16 15:18:48.076678 False [   18905.157276] 0003 0036 00000055
2022-03-16 15:18:48.092752 False [   18905.174176] 0003 0035 000004f1
2022-03-16 15:18:48.094760 False [   18905.174176] 0003 0036 00000055
2022-03-16 15:18:48.109002 False [   18905.191320] 0003 0035 000004f1
2022-03-16 15:18:48.109002 False [   18905.191320] 0003 0036 00000055
2022-03-16 15:18:48.123402 False [   18905.208242] 0003 0035 000004f1
2022-03-16 15:18:48.123402 False [   18905.208242] 0003 0036 00000055
2022-03-16 15:18:48.143968 False [   18905.224991] 0003 0035 000004f1
2022-03-16 15:18:48.143968 False [   18905.224991] 0003 0036 00000055
2022-03-16 15:18:48.160886 False [   18905.241905] 0003 0035 000004f1
2022-03-16 15:18:48.160886 False [   18905.241905] 0003 0036 00000055
2022-03-16 15:18:48.173857 False [   18905.259559] 0003 0035 000004f1
2022-03-16 15:18:48.173857 False [   18905.259559] 0003 0036 0000005a
2022-03-16 15:18:48.192440 False [   18905.276557] 0003 0035 000004f1
2022-03-16 15:18:48.192440 False [   18905.276557] 0003 0036 00000060
2022-03-16 15:18:48.211158 False [   18905.293077] 0003 0035 000004f1
2022-03-16 15:18:48.211158 False [   18905.293077] 0003 0036 00000066
2022-03-16 15:18:48.224120 False [   18905.309776] 0003 0035 000004f1
2022-03-16 15:18:48.224120 False [   18905.309776] 0003 0036 0000006b
2022-03-16 15:18:48.244013 False [   18905.326553] 0003 0035 000004f1
2022-03-16 15:18:48.244013 False [   18905.326553] 0003 0036 0000006f
2022-03-16 15:18:48.258713 False [   18905.343508] 0003 0035 000004f1
2022-03-16 15:18:48.258713 False [   18905.343508] 0003 0036 0000006f
2022-03-16 15:18:48.278536 False [   18905.362004] 0003 0035 000004f1
2022-03-16 15:18:48.278536 False [   18905.362004] 0003 0036 0000006f
2022-03-16 15:18:48.296580 False [   18905.378545] 0003 0035 000004f1
2022-03-16 15:18:48.296580 False [   18905.378545] 0003 0036 0000006f
2022-03-16 15:18:48.312739 False [   18905.394807] 0003 0035 000004f1
2022-03-16 15:18:48.312739 False [   18905.394807] 0003 0036 0000006f
2022-03-16 15:18:48.331062 False [   18905.411515] 0003 0035 000004f1
2022-03-16 15:18:48.331062 False [   18905.411515] 0003 0036 0000006f
2022-03-16 15:18:48.344786 False [   18905.428970] 0003 0035 000004f1
2022-03-16 15:18:48.344786 False [   18905.428970] 0003 0036 0000006f
2022-03-16 15:18:48.365406 False [   18905.445993] 0003 0035 000004f1
2022-03-16 15:18:48.365406 False [   18905.445993] 0003 0036 0000006f
2022-03-16 15:18:48.379716 False [   18905.462732] 0003 0035 000004f1
2022-03-16 15:18:48.379716 False [   18905.462732] 0003 0036 0000006f
2022-03-16 15:18:48.398970 False [   18905.480471] 0003 0035 000004f1
2022-03-16 15:18:48.398970 False [   18905.480471] 0003 0036 0000006f
2022-03-16 15:18:48.923956 False [   18906.006330] 0003 0035 000004cd
2022-03-16 15:18:48.923956 False [   18906.006330] 0003 0036 0000005f
2022-03-16 15:18:48.940881 False [   18906.022171] 0003 0035 000004cd
2022-03-16 15:18:48.940881 False [   18906.022171] 0003 0036 0000005f
2022-03-16 15:18:48.955137 False [   18906.038806] 0003 0035 000004cd
2022-03-16 15:18:48.955137 False [   18906.038806] 0003 0036 0000005f
2022-03-16 15:18:48.974552 False [   18906.056627] 0003 0035 000004cd
2022-03-16 15:18:48.974552 False [   18906.056627] 0003 0036 0000005f
2022-03-16 15:18:48.990043 False [   18906.072524] 0003 0035 000004cd
2022-03-16 15:18:48.990043 False [   18906.072524] 0003 0036 0000005f
2022-03-16 15:18:49.006471 False [   18906.088888] 0003 0035 000004cd
2022-03-16 15:18:49.006471 False [   18906.088888] 0003 0036 0000005f
2022-03-16 15:18:49.022671 False [   18906.106372] 0003 0035 000004d2
2022-03-16 15:18:49.022671 False [   18906.106372] 0003 0036 00000062
2022-03-16 15:18:49.039922 False [   18906.123114] 0003 0035 000004d8
2022-03-16 15:18:49.040919 False [   18906.123114] 0003 0036 00000067
2022-03-16 15:18:49.058540 False [   18906.139636] 0003 0035 000004de
2022-03-16 15:18:49.058540 False [   18906.139636] 0003 0036 0000006c
2022-03-16 15:18:49.073014 False [   18906.157040] 0003 0035 000004e4
2022-03-16 15:18:49.073014 False [   18906.157040] 0003 0036 00000071
2022-03-16 15:18:49.090515 False [   18906.173905] 0003 0035 000004e9
2022-03-16 15:18:49.090515 False [   18906.173905] 0003 0036 00000075
2022-03-16 15:18:49.108025 False [   18906.191673] 0003 0035 000004ed
2022-03-16 15:18:49.108025 False [   18906.191673] 0003 0036 00000079
2022-03-16 15:18:49.126305 False [   18906.208122] 0003 0035 000004ed
2022-03-16 15:18:49.126305 False [   18906.208122] 0003 0036 00000079
2022-03-16 15:18:49.143110 False [   18906.224962] 0003 0035 000004ed
2022-03-16 15:18:49.143110 False [   18906.224962] 0003 0036 00000079
2022-03-16 15:18:49.157510 False [   18906.241865] 0003 0035 000004ed
2022-03-16 15:18:49.157510 False [   18906.241865] 0003 0036 00000079
2022-03-16 15:18:49.174557 False [   18906.258201] 0003 0035 000004ed
2022-03-16 15:18:49.174557 False [   18906.258201] 0003 0036 00000079
2022-03-16 15:18:49.192118 False [   18906.275188] 0003 0035 000004ed
2022-03-16 15:18:49.193082 False [   18906.275188] 0003 0036 00000079
2022-03-16 15:18:49.211020 False [   18906.292125] 0003 0035 000004e7
2022-03-16 15:18:49.211020 False [   18906.292125] 0003 0036 00000072
2022-03-16 15:18:49.226727 False [   18906.309051] 0003 0035 000004df
2022-03-16 15:18:49.226727 False [   18906.309051] 0003 0036 0000006c
2022-03-16 15:18:49.245818 False [   18906.326772] 0003 0035 000004d8
2022-03-16 15:18:49.245818 False [   18906.326772] 0003 0036 00000068
2022-03-16 15:18:49.260392 False [   18906.343105] 0003 0035 000004d2
2022-03-16 15:18:49.260392 False [   18906.343105] 0003 0036 00000065
2022-03-16 15:18:49.276480 False [   18906.359866] 0003 0035 000004d2
2022-03-16 15:18:49.276480 False [   18906.359866] 0003 0036 00000065
2022-03-16 15:18:49.295014 False [   18906.377455] 0003 0035 000004d2
2022-03-16 15:18:49.295014 False [   18906.377455] 0003 0036 00000065
2022-03-16 15:18:49.312917 False [   18906.394365] 0003 0035 000004d2
2022-03-16 15:18:49.312917 False [   18906.394365] 0003 0036 00000065
2022-03-16 15:18:49.328971 False [   18906.410849] 0003 0035 000004d8
2022-03-16 15:18:49.328971 False [   18906.410849] 0003 0036 00000069
2022-03-16 15:18:49.346817 False [   18906.428357] 0003 0035 000004de
2022-03-16 15:18:49.346817 False [   18906.428357] 0003 0036 0000006e
2022-03-16 15:18:49.363041 False [   18906.444909] 0003 0035 000004e4
2022-03-16 15:18:49.363041 False [   18906.444909] 0003 0036 00000073
2022-03-16 15:18:49.379270 False [   18906.461449] 0003 0035 000004e9
2022-03-16 15:18:49.379270 False [   18906.461449] 0003 0036 00000077
2022-03-16 15:18:49.397618 False [   18906.478454] 0003 0035 000004e9
2022-03-16 15:18:49.397618 False [   18906.478454] 0003 0036 00000077
2022-03-16 15:18:49.413889 False [   18906.495427] 0003 0035 000004ed
2022-03-16 15:18:49.413889 False [   18906.495427] 0003 0036 00000079
2022-03-16 15:18:49.428654 False [   18906.513143] 0003 0035 000004ed
2022-03-16 15:18:49.428654 False [   18906.513143] 0003 0036 00000079
2022-03-16 15:18:49.447193 False [   18906.529317] 0003 0035 000004ed
2022-03-16 15:18:49.447193 False [   18906.529317] 0003 0036 00000073
2022-03-16 15:18:49.464508 False [   18906.546165] 0003 0035 000004e7
2022-03-16 15:18:49.464508 False [   18906.546165] 0003 0036 0000006b
2022-03-16 15:18:49.479059 False [   18906.563900] 0003 0035 000004db
2022-03-16 15:18:49.479059 False [   18906.563900] 0003 0036 00000062
2022-03-16 15:18:49.497434 False [   18906.580826] 0003 0035 000004cd
2022-03-16 15:18:49.497434 False [   18906.580826] 0003 0036 0000005b
2022-03-16 15:18:49.514809 False [   18906.597066] 0003 0035 000004bf
2022-03-16 15:18:49.514809 False [   18906.597066] 0003 0036 00000055
2022-03-16 15:18:49.532076 False [   18906.613928] 0003 0035 000004b5
2022-03-16 15:18:49.532076 False [   18906.613928] 0003 0036 00000052
2022-03-16 15:18:49.546719 False [   18906.630908] 0003 0035 000004b1
2022-03-16 15:18:49.546719 False [   18906.630908] 0003 0036 00000052
2022-03-16 15:18:49.564777 False [   18906.648229] 0003 0035 000004b6
2022-03-16 15:18:49.564777 False [   18906.648229] 0003 0036 00000055
2022-03-16 15:18:49.582508 False [   18906.664964] 0003 0035 000004c3
2022-03-16 15:18:49.582508 False [   18906.664964] 0003 0036 0000005d
2022-03-16 15:18:49.599104 False [   18906.682051] 0003 0035 000004d1
2022-03-16 15:18:49.600087 False [   18906.682051] 0003 0036 00000067
2022-03-16 15:18:49.616512 False [   18906.698781] 0003 0035 000004dd
2022-03-16 15:18:49.616512 False [   18906.698781] 0003 0036 00000072
2022-03-16 15:18:49.633306 False [   18906.716383] 0003 0035 000004e6
2022-03-16 15:18:49.633306 False [   18906.716383] 0003 0036 0000007c
2022-03-16 15:18:49.651304 False [   18906.733073] 0003 0035 000004eb
2022-03-16 15:18:49.652301 False [   18906.733073] 0003 0036 00000083
2022-03-16 15:18:49.665977 False [   18906.749451] 0003 0035 000004ee
2022-03-16 15:18:49.665977 False [   18906.749451] 0003 0036 00000088
2022-03-16 15:18:49.685649 False [   18906.767819] 0003 0035 000004ee
2022-03-16 15:18:49.685649 False [   18906.767819] 0003 0036 00000088
2022-03-16 15:18:49.700234 False [   18906.784554] 0003 0035 000004ee
2022-03-16 15:18:49.700234 False [   18906.784554] 0003 0036 00000088
2022-03-16 15:18:49.718997 False [   18906.800973] 0003 0035 000004e7
2022-03-16 15:18:49.718997 False [   18906.800973] 0003 0036 00000085
2022-03-16 15:18:49.736188 False [   18906.818046] 0003 0035 000004d2
2022-03-16 15:18:49.736188 False [   18906.818046] 0003 0036 0000007c
2022-03-16 15:18:49.755946 False [   18906.834746] 0003 0035 000004b9
2022-03-16 15:18:49.755946 False [   18906.834746] 0003 0036 00000071
2022-03-16 15:18:49.769234 False [   18906.851521] 0003 0035 000004a4
2022-03-16 15:18:49.770232 False [   18906.851521] 0003 0036 00000067
2022-03-16 15:18:49.787048 False [   18906.868663] 0003 0035 00000495
2022-03-16 15:18:49.787048 False [   18906.868663] 0003 0036 0000005f
2022-03-16 15:18:49.803141 False [   18906.885693] 0003 0035 0000048c
2022-03-16 15:18:49.803141 False [   18906.885693] 0003 0036 0000005a
2022-03-16 15:18:49.820942 False [   18906.902903] 0003 0035 00000486
2022-03-16 15:18:49.820942 False [   18906.902903] 0003 0036 00000058
2022-03-16 15:18:49.837047 False [   18906.919227] 0003 0035 00000486
2022-03-16 15:18:49.837047 False [   18906.919227] 0003 0036 00000058
2022-03-16 15:18:49.851237 False [   18906.936184] 0003 0035 0000048b
2022-03-16 15:18:49.851237 False [   18906.936184] 0003 0036 00000062
2022-03-16 15:18:49.871871 False [   18906.953341] 0003 0035 0000049d
2022-03-16 15:18:49.871871 False [   18906.953341] 0003 0036 00000072
2022-03-16 15:18:49.887395 False [   18906.969658] 0003 0035 000004b6
2022-03-16 15:18:49.887395 False [   18906.969658] 0003 0036 00000085
2022-03-16 15:18:49.903545 False [   18906.986571] 0003 0035 000004cd
2022-03-16 15:18:49.903545 False [   18906.986571] 0003 0036 00000098
2022-03-16 15:18:49.920190 False [   18907.004082] 0003 0035 000004dc
2022-03-16 15:18:49.920190 False [   18907.004082] 0003 0036 000000a8
2022-03-16 15:18:49.940112 False [   18907.021076] 0003 0035 000004e6
2022-03-16 15:18:49.940112 False [   18907.021076] 0003 0036 000000b4
2022-03-16 15:18:49.956274 False [   18907.037841] 0003 0035 000004ec
2022-03-16 15:18:49.956274 False [   18907.037841] 0003 0036 000000bc
2022-03-16 15:18:49.973231 False [   18907.054760] 0003 0035 000004ef
2022-03-16 15:18:49.973231 False [   18907.054760] 0003 0036 000000c0
2022-03-16 15:18:49.989986 False [   18907.072522] 0003 0035 000004ef
2022-03-16 15:18:49.989986 False [   18907.072522] 0003 0036 000000c0
2022-03-16 15:18:50.006812 False [   18907.088809] 0003 0035 000004e4
2022-03-16 15:18:50.006812 False [   18907.088809] 0003 0036 000000b9
2022-03-16 15:18:50.023403 False [   18907.105976] 0003 0035 000004ca
2022-03-16 15:18:50.023403 False [   18907.105976] 0003 0036 000000ab
2022-03-16 15:18:50.041557 False [   18907.122979] 0003 0035 000004ad
2022-03-16 15:18:50.041557 False [   18907.122979] 0003 0036 0000009a
2022-03-16 15:18:50.058706 False [   18907.139770] 0003 0035 0000048e
2022-03-16 15:18:50.058706 False [   18907.139770] 0003 0036 00000088
2022-03-16 15:18:50.073331 False [   18907.156422] 0003 0035 0000046e
2022-03-16 15:18:50.073331 False [   18907.156422] 0003 0036 00000078
2022-03-16 15:18:50.091177 False [   18907.173617] 0003 0035 00000456
2022-03-16 15:18:50.091177 False [   18907.173617] 0003 0036 0000006b
2022-03-16 15:18:50.107552 False [   18907.190402] 0003 0035 00000446
2022-03-16 15:18:50.107552 False [   18907.190402] 0003 0036 00000063
2022-03-16 15:18:50.125147 False [   18907.206991] 0003 0035 0000043e
2022-03-16 15:18:50.125147 False [   18907.206991] 0003 0036 0000005f
2022-03-16 15:18:50.141075 False [   18907.223797] 0003 0035 0000043e
2022-03-16 15:18:50.141075 False [   18907.223797] 0003 0036 0000005f
2022-03-16 15:18:50.158057 False [   18907.241281] 0003 0035 0000044a
2022-03-16 15:18:50.158057 False [   18907.241281] 0003 0036 00000067
2022-03-16 15:18:50.175668 False [   18907.258246] 0003 0035 0000045d
2022-03-16 15:18:50.175668 False [   18907.258246] 0003 0036 00000076
2022-03-16 15:18:50.192192 False [   18907.274792] 0003 0035 0000047c
2022-03-16 15:18:50.192192 False [   18907.274792] 0003 0036 0000008b
2022-03-16 15:18:50.208663 False [   18907.291810] 0003 0035 000004a3
2022-03-16 15:18:50.208663 False [   18907.291810] 0003 0036 000000a3
2022-03-16 15:18:50.225754 False [   18907.308381] 0003 0035 000004c3
2022-03-16 15:18:50.225754 False [   18907.308381] 0003 0036 000000ba
2022-03-16 15:18:50.246135 False [   18907.325968] 0003 0035 000004d8
2022-03-16 15:18:50.246135 False [   18907.325968] 0003 0036 000000cd
2022-03-16 15:18:50.260783 False [   18907.343158] 0003 0035 000004e4
2022-03-16 15:18:50.260783 False [   18907.343158] 0003 0036 000000dc
2022-03-16 15:18:50.276449 False [   18907.359231] 0003 0035 000004eb
2022-03-16 15:18:50.276449 False [   18907.359231] 0003 0036 000000e5
2022-03-16 15:18:50.296828 False [   18907.377636] 0003 0035 000004ee
2022-03-16 15:18:50.296828 False [   18907.377636] 0003 0036 000000e9
2022-03-16 15:18:50.312492 False [   18907.393688] 0003 0035 000004ee
2022-03-16 15:18:50.312492 False [   18907.393688] 0003 0036 000000e9
2022-03-16 15:18:50.325408 False [   18907.410423] 0003 0035 000004df
2022-03-16 15:18:50.326419 False [   18907.410423] 0003 0036 000000de
2022-03-16 15:18:50.344744 False [   18907.427575] 0003 0035 000004bf
2022-03-16 15:18:50.344744 False [   18907.427575] 0003 0036 000000cb
2022-03-16 15:18:50.362932 False [   18907.444625] 0003 0035 00000499
2022-03-16 15:18:50.362932 False [   18907.444625] 0003 0036 000000b5
2022-03-16 15:18:50.378542 False [   18907.461560] 0003 0035 00000473
2022-03-16 15:18:50.378542 False [   18907.461560] 0003 0036 0000009f
2022-03-16 15:18:50.395228 False [   18907.477895] 0003 0035 00000453
2022-03-16 15:18:50.395228 False [   18907.477895] 0003 0036 0000008a
2022-03-16 15:18:50.413227 False [   18907.494607] 0003 0035 00000439
2022-03-16 15:18:50.413227 False [   18907.494607] 0003 0036 00000077
2022-03-16 15:18:50.432242 False [   18907.512354] 0003 0035 00000425
2022-03-16 15:18:50.432242 False [   18907.512354] 0003 0036 00000068
2022-03-16 15:18:50.446699 False [   18907.529312] 0003 0035 00000418
2022-03-16 15:18:50.446699 False [   18907.529312] 0003 0036 0000005e
2022-03-16 15:18:50.465857 False [   18907.545542] 0003 0035 00000411
2022-03-16 15:18:50.465857 False [   18907.545542] 0003 0036 0000005a
2022-03-16 15:18:50.479851 False [   18907.563189] 0003 0035 00000411
2022-03-16 15:18:50.479851 False [   18907.563189] 0003 0036 0000005a
2022-03-16 15:18:50.497690 False [   18907.580179] 0003 0035 00000415
2022-03-16 15:18:50.497690 False [   18907.580179] 0003 0036 00000063
2022-03-16 15:18:50.516285 False [   18907.596668] 0003 0035 00000426
2022-03-16 15:18:50.516285 False [   18907.596668] 0003 0036 00000075
2022-03-16 15:18:50.531179 False [   18907.614174] 0003 0035 00000444
2022-03-16 15:18:50.531179 False [   18907.614174] 0003 0036 0000008c
2022-03-16 15:18:50.547221 False [   18907.631030] 0003 0035 00000469
2022-03-16 15:18:50.547221 False [   18907.631030] 0003 0036 000000a6
2022-03-16 15:18:50.566354 False [   18907.647405] 0003 0035 00000493
2022-03-16 15:18:50.566354 False [   18907.647405] 0003 0036 000000c0
2022-03-16 15:18:50.581932 False [   18907.664920] 0003 0035 000004b8
2022-03-16 15:18:50.581932 False [   18907.664920] 0003 0036 000000d8
2022-03-16 15:18:50.601050 False [   18907.681712] 0003 0035 000004d1
2022-03-16 15:18:50.601050 False [   18907.681712] 0003 0036 000000ec
2022-03-16 15:18:50.615078 False [   18907.698417] 0003 0035 000004df
2022-03-16 15:18:50.615078 False [   18907.698417] 0003 0036 000000fb
2022-03-16 15:18:50.634440 False [   18907.715362] 0003 0035 000004e7
2022-03-16 15:18:50.634440 False [   18907.715362] 0003 0036 00000104
2022-03-16 15:18:50.648941 False [   18907.732384] 0003 0035 000004ec
2022-03-16 15:18:50.650011 False [   18907.732384] 0003 0036 00000108
2022-03-16 15:18:50.667437 False [   18907.748879] 0003 0035 000004ec
2022-03-16 15:18:50.667437 False [   18907.748879] 0003 0036 00000108
2022-03-16 15:18:50.682839 False [   18907.766412] 0003 0035 000004d7
2022-03-16 15:18:50.682839 False [   18907.766412] 0003 0036 000000fd
2022-03-16 15:18:50.699425 False [   18907.782949] 0003 0035 000004b2
2022-03-16 15:18:50.699425 False [   18907.782949] 0003 0036 000000ea
2022-03-16 15:18:50.715618 False [   18907.799833] 0003 0035 00000486
2022-03-16 15:18:50.715618 False [   18907.799833] 0003 0036 000000d3
2022-03-16 15:18:50.734936 False [   18907.817380] 0003 0035 0000045c
2022-03-16 15:18:50.734936 False [   18907.817380] 0003 0036 000000bb
2022-03-16 15:18:50.752225 False [   18907.834565] 0003 0035 00000436
2022-03-16 15:18:50.752225 False [   18907.834565] 0003 0036 000000a4
2022-03-16 15:18:50.770077 False [   18907.852219] 0003 0035 00000414
2022-03-16 15:18:50.770077 False [   18907.852219] 0003 0036 00000090
2022-03-16 15:18:50.785882 False [   18907.867559] 0003 0035 000003f9
2022-03-16 15:18:50.785882 False [   18907.867559] 0003 0036 00000080
2022-03-16 15:18:50.801560 False [   18907.884947] 0003 0035 000003e6
2022-03-16 15:18:50.801560 False [   18907.884947] 0003 0036 00000073
2022-03-16 15:18:50.818727 False [   18907.902028] 0003 0035 000003d9
2022-03-16 15:18:50.818727 False [   18907.902028] 0003 0036 0000006a
2022-03-16 15:18:50.837082 False [   18907.918267] 0003 0035 000003d1
2022-03-16 15:18:50.837082 False [   18907.918267] 0003 0036 00000064
2022-03-16 15:18:50.853105 False [   18907.935995] 0003 0035 000003cc
2022-03-16 15:18:50.853105 False [   18907.935995] 0003 0036 00000062
2022-03-16 15:18:50.871782 False [   18907.952158] 0003 0035 000003cc
2022-03-16 15:18:50.871782 False [   18907.952158] 0003 0036 00000062
2022-03-16 15:18:50.886962 False [   18907.969278] 0003 0035 000003d6
2022-03-16 15:18:50.886962 False [   18907.969278] 0003 0036 0000006c
2022-03-16 15:18:50.903081 False [   18907.986421] 0003 0035 000003ea
2022-03-16 15:18:50.903081 False [   18907.986421] 0003 0036 0000007b
2022-03-16 15:18:50.922037 False [   18908.003169] 0003 0035 00000408
2022-03-16 15:18:50.922037 False [   18908.003169] 0003 0036 0000008f
2022-03-16 15:18:50.936155 False [   18908.019960] 0003 0035 0000042e
2022-03-16 15:18:50.937135 False [   18908.019960] 0003 0036 000000a7
2022-03-16 15:18:50.958080 False [   18908.036854] 0003 0035 00000453
2022-03-16 15:18:50.958080 False [   18908.036854] 0003 0036 000000bf
2022-03-16 15:18:50.971054 False [   18908.054419] 0003 0035 0000047a
2022-03-16 15:18:50.971054 False [   18908.054419] 0003 0036 000000d6
2022-03-16 15:18:50.989994 False [   18908.070961] 0003 0035 000004a1
2022-03-16 15:18:50.989994 False [   18908.070961] 0003 0036 000000ea
2022-03-16 15:18:51.003889 False [   18908.087889] 0003 0035 000004c0
2022-03-16 15:18:51.004888 False [   18908.087889] 0003 0036 000000fb
2022-03-16 15:18:51.022225 False [   18908.105230] 0003 0035 000004d5
2022-03-16 15:18:51.022225 False [   18908.105230] 0003 0036 00000108
2022-03-16 15:18:51.039784 False [   18908.121591] 0003 0035 000004e3
2022-03-16 15:18:51.039784 False [   18908.121591] 0003 0036 00000110
2022-03-16 15:18:51.056365 False [   18908.138919] 0003 0035 000004ea
2022-03-16 15:18:51.056365 False [   18908.138919] 0003 0036 00000113
2022-03-16 15:18:51.073571 False [   18908.156260] 0003 0035 000004e0
2022-03-16 15:18:51.073571 False [   18908.156260] 0003 0036 0000010f
2022-03-16 15:18:51.091930 False [   18908.173644] 0003 0035 000004c5
2022-03-16 15:18:51.092953 False [   18908.173644] 0003 0036 00000104
2022-03-16 15:18:51.107385 False [   18908.190070] 0003 0035 000004a1
2022-03-16 15:18:51.107385 False [   18908.190070] 0003 0036 000000f2
2022-03-16 15:18:51.124756 False [   18908.206588] 0003 0035 00000478
2022-03-16 15:18:51.124756 False [   18908.206588] 0003 0036 000000dc
2022-03-16 15:18:51.140837 False [   18908.223385] 0003 0035 0000044d
2022-03-16 15:18:51.140837 False [   18908.223385] 0003 0036 000000c3
2022-03-16 15:18:51.157587 False [   18908.240494] 0003 0035 00000423
2022-03-16 15:18:51.159583 False [   18908.240494] 0003 0036 000000aa
2022-03-16 15:18:51.174654 False [   18908.257031] 0003 0035 00000400
2022-03-16 15:18:51.175679 False [   18908.257031] 0003 0036 00000093
2022-03-16 15:18:51.192575 False [   18908.273975] 0003 0035 000003e5
2022-03-16 15:18:51.192575 False [   18908.273975] 0003 0036 00000080
2022-03-16 15:18:51.208915 False [   18908.290899] 0003 0035 000003d2
2022-03-16 15:18:51.209869 False [   18908.290899] 0003 0036 00000072
2022-03-16 15:18:51.227327 False [   18908.308202] 0003 0035 000003c5
2022-03-16 15:18:51.227327 False [   18908.308202] 0003 0036 00000068
2022-03-16 15:18:51.244757 False [   18908.326297] 0003 0035 000003bd
2022-03-16 15:18:51.244757 False [   18908.326297] 0003 0036 00000062
2022-03-16 15:18:51.260878 False [   18908.342467] 0003 0035 000003b9
2022-03-16 15:18:51.260878 False [   18908.342467] 0003 0036 00000062
2022-03-16 15:18:51.275349 False [   18908.359380] 0003 0035 000003b9
2022-03-16 15:18:51.275349 False [   18908.359380] 0003 0036 00000066
2022-03-16 15:18:51.295344 False [   18908.377337] 0003 0035 000003c0
2022-03-16 15:18:51.295344 False [   18908.377337] 0003 0036 00000072
2022-03-16 15:18:51.310109 False [   18908.392591] 0003 0035 000003d2
2022-03-16 15:18:51.311109 False [   18908.392591] 0003 0036 00000086
2022-03-16 15:18:51.326113 False [   18908.409996] 0003 0035 000003ed
2022-03-16 15:18:51.326113 False [   18908.409996] 0003 0036 0000009f
2022-03-16 15:18:51.345034 False [   18908.426764] 0003 0035 0000040f
2022-03-16 15:18:51.345034 False [   18908.426764] 0003 0036 000000ba
2022-03-16 15:18:51.362904 False [   18908.444417] 0003 0035 00000434
2022-03-16 15:18:51.363904 False [   18908.444417] 0003 0036 000000d6
2022-03-16 15:18:51.376923 False [   18908.461015] 0003 0035 0000045e
2022-03-16 15:18:51.376923 False [   18908.461015] 0003 0036 000000f1
2022-03-16 15:18:51.396048 False [   18908.478299] 0003 0035 0000048c
2022-03-16 15:18:51.396048 False [   18908.478299] 0003 0036 0000010a
2022-03-16 15:18:51.413601 False [   18908.495037] 0003 0035 000004b3
2022-03-16 15:18:51.413601 False [   18908.495037] 0003 0036 0000011f
2022-03-16 15:18:51.428171 False [   18908.511417] 0003 0035 000004cf
2022-03-16 15:18:51.428171 False [   18908.511417] 0003 0036 0000012f
2022-03-16 15:18:51.445831 False [   18908.528416] 0003 0035 000004e0
2022-03-16 15:18:51.445831 False [   18908.528416] 0003 0036 0000013a
2022-03-16 15:18:51.465884 False [   18908.545382] 0003 0035 000004e8
2022-03-16 15:18:51.465884 False [   18908.545382] 0003 0036 0000013f
2022-03-16 15:18:51.479040 False [   18908.562469] 0003 0035 000004df
2022-03-16 15:18:51.479040 False [   18908.562469] 0003 0036 0000013d
2022-03-16 15:18:51.497033 False [   18908.578958] 0003 0035 000004c3
2022-03-16 15:18:51.497033 False [   18908.578958] 0003 0036 00000133
2022-03-16 15:18:51.512175 False [   18908.595836] 0003 0035 0000049e
2022-03-16 15:18:51.512175 False [   18908.595836] 0003 0036 00000123
2022-03-16 15:18:51.530008 False [   18908.613571] 0003 0035 00000474
2022-03-16 15:18:51.530008 False [   18908.613571] 0003 0036 0000010e
2022-03-16 15:18:51.548859 False [   18908.630558] 0003 0035 00000447
2022-03-16 15:18:51.548859 False [   18908.630558] 0003 0036 000000f7
2022-03-16 15:18:51.567086 False [   18908.646899] 0003 0035 0000041a
2022-03-16 15:18:51.567086 False [   18908.646899] 0003 0036 000000dd
2022-03-16 15:18:51.580982 False [   18908.663603] 0003 0035 000003ee
2022-03-16 15:18:51.580982 False [   18908.663603] 0003 0036 000000c3
2022-03-16 15:18:51.599222 False [   18908.680619] 0003 0035 000003c6
2022-03-16 15:18:51.599222 False [   18908.680619] 0003 0036 000000ab
2022-03-16 15:18:51.614796 False [   18908.698141] 0003 0035 000003a5
2022-03-16 15:18:51.614796 False [   18908.698141] 0003 0036 00000095
2022-03-16 15:18:51.631748 False [   18908.714712] 0003 0035 0000038d
2022-03-16 15:18:51.631748 False [   18908.714712] 0003 0036 00000083
2022-03-16 15:18:51.649721 False [   18908.731578] 0003 0035 0000037c
2022-03-16 15:18:51.649721 False [   18908.731578] 0003 0036 00000075
2022-03-16 15:18:51.665769 False [   18908.748934] 0003 0035 00000371
2022-03-16 15:18:51.665769 False [   18908.748934] 0003 0036 0000006b
2022-03-16 15:18:51.682806 False [   18908.765291] 0003 0035 0000036b
2022-03-16 15:18:51.682806 False [   18908.765291] 0003 0036 00000065
2022-03-16 15:18:51.701283 False [   18908.782427] 0003 0035 0000036b
2022-03-16 15:18:51.701283 False [   18908.782427] 0003 0036 00000065
2022-03-16 15:18:51.715249 False [   18908.799172] 0003 0035 0000036b
2022-03-16 15:18:51.715249 False [   18908.799172] 0003 0036 00000065
2022-03-16 15:18:51.733938 False [   18908.816742] 0003 0035 00000376
2022-03-16 15:18:51.733938 False [   18908.816742] 0003 0036 00000072
2022-03-16 15:18:51.752485 False [   18908.834002] 0003 0035 0000038e
2022-03-16 15:18:51.752485 False [   18908.834002] 0003 0036 00000087
2022-03-16 15:18:51.768456 False [   18908.850406] 0003 0035 000003ae
2022-03-16 15:18:51.768456 False [   18908.850406] 0003 0036 000000a0
2022-03-16 15:18:51.785829 False [   18908.867242] 0003 0035 000003d4
2022-03-16 15:18:51.785829 False [   18908.867242] 0003 0036 000000bc
2022-03-16 15:18:51.804500 False [   18908.885273] 0003 0035 000003fd
2022-03-16 15:18:51.804500 False [   18908.885273] 0003 0036 000000d9
2022-03-16 15:18:51.818214 False [   18908.901511] 0003 0035 00000429
2022-03-16 15:18:51.818214 False [   18908.901511] 0003 0036 000000f5
2022-03-16 15:18:51.834801 False [   18908.917889] 0003 0035 00000457
2022-03-16 15:18:51.834801 False [   18908.917889] 0003 0036 00000111
2022-03-16 15:18:51.851406 False [   18908.935137] 0003 0035 00000487
2022-03-16 15:18:51.851406 False [   18908.935137] 0003 0036 0000012b
2022-03-16 15:18:51.869529 False [   18908.951704] 0003 0035 000004af
2022-03-16 15:18:51.869529 False [   18908.951704] 0003 0036 00000141
2022-03-16 15:18:51.887193 False [   18908.969945] 0003 0035 000004cb
2022-03-16 15:18:51.887193 False [   18908.969945] 0003 0036 00000152
2022-03-16 15:18:51.903151 False [   18908.986145] 0003 0035 000004dd
2022-03-16 15:18:51.903151 False [   18908.986145] 0003 0036 0000015e
2022-03-16 15:18:51.921445 False [   18909.003303] 0003 0035 000004e7
2022-03-16 15:18:51.922442 False [   18909.003303] 0003 0036 00000165
2022-03-16 15:18:51.937728 False [   18909.019863] 0003 0035 000004e7
2022-03-16 15:18:51.937728 False [   18909.019863] 0003 0036 00000165
2022-03-16 15:18:51.952184 False [   18909.037132] 0003 0035 000004d8
2022-03-16 15:18:51.952184 False [   18909.037132] 0003 0036 00000160
2022-03-16 15:18:51.973419 False [   18909.053600] 0003 0035 000004b9
2022-03-16 15:18:51.973419 False [   18909.053600] 0003 0036 00000152
2022-03-16 15:18:51.990030 False [   18909.070265] 0003 0035 00000491
2022-03-16 15:18:51.990030 False [   18909.070265] 0003 0036 0000013d
2022-03-16 15:18:52.006320 False [   18909.087163] 0003 0035 0000045f
2022-03-16 15:18:52.007282 False [   18909.087163] 0003 0036 00000123
2022-03-16 15:18:52.021610 False [   18909.104370] 0003 0035 0000042b
2022-03-16 15:18:52.021610 False [   18909.104370] 0003 0036 00000105
2022-03-16 15:18:52.038195 False [   18909.121210] 0003 0035 000003f9
2022-03-16 15:18:52.039194 False [   18909.121210] 0003 0036 000000e6
2022-03-16 15:18:52.055784 False [   18909.138156] 0003 0035 000003ca
2022-03-16 15:18:52.055784 False [   18909.138156] 0003 0036 000000c9
2022-03-16 15:18:52.071229 False [   18909.154964] 0003 0035 000003a3
2022-03-16 15:18:52.071229 False [   18909.154964] 0003 0036 000000ae
2022-03-16 15:18:52.091780 False [   18909.172500] 0003 0035 00000384
2022-03-16 15:18:52.091780 False [   18909.172500] 0003 0036 00000097
2022-03-16 15:18:52.106417 False [   18909.188730] 0003 0035 00000369
2022-03-16 15:18:52.106417 False [   18909.188730] 0003 0036 00000085
2022-03-16 15:18:52.122107 False [   18909.205731] 0003 0035 00000353
2022-03-16 15:18:52.122107 False [   18909.205731] 0003 0036 00000078
2022-03-16 15:18:52.138955 False [   18909.222720] 0003 0035 00000343
2022-03-16 15:18:52.138955 False [   18909.222720] 0003 0036 00000071
2022-03-16 15:18:52.158262 False [   18909.240219] 0003 0035 0000033c
2022-03-16 15:18:52.158262 False [   18909.240219] 0003 0036 0000006e
2022-03-16 15:18:52.176450 False [   18909.257004] 0003 0035 0000033c
2022-03-16 15:18:52.176450 False [   18909.257004] 0003 0036 0000006e
2022-03-16 15:18:52.189325 False [   18909.273870] 0003 0035 00000348
2022-03-16 15:18:52.189325 False [   18909.273870] 0003 0036 00000079
2022-03-16 15:18:52.207489 False [   18909.290841] 0003 0035 00000361
2022-03-16 15:18:52.207489 False [   18909.290841] 0003 0036 0000008d
2022-03-16 15:18:52.224052 False [   18909.307411] 0003 0035 00000385
2022-03-16 15:18:52.224052 False [   18909.307411] 0003 0036 000000a8
2022-03-16 15:18:52.241893 False [   18909.324942] 0003 0035 000003ae
2022-03-16 15:18:52.241893 False [   18909.324942] 0003 0036 000000c6
2022-03-16 15:18:52.256867 False [   18909.341809] 0003 0035 000003db
2022-03-16 15:18:52.257853 False [   18909.341809] 0003 0036 000000e5
2022-03-16 15:18:52.275853 False [   18909.358337] 0003 0035 00000409
2022-03-16 15:18:52.275853 False [   18909.358337] 0003 0036 00000104
2022-03-16 15:18:52.293064 False [   18909.375529] 0003 0035 00000438
2022-03-16 15:18:52.293064 False [   18909.375529] 0003 0036 00000123
2022-03-16 15:18:52.309056 False [   18909.392414] 0003 0035 00000467
2022-03-16 15:18:52.309056 False [   18909.392414] 0003 0036 00000140
2022-03-16 15:18:52.325649 False [   18909.409317] 0003 0035 00000495
2022-03-16 15:18:52.325649 False [   18909.409317] 0003 0036 00000159
2022-03-16 15:18:52.343753 False [   18909.426719] 0003 0035 000004b9
2022-03-16 15:18:52.344716 False [   18909.426719] 0003 0036 0000016c
2022-03-16 15:18:52.361480 False [   18909.443589] 0003 0035 000004d1
2022-03-16 15:18:52.361480 False [   18909.443589] 0003 0036 00000179
2022-03-16 15:18:52.378332 False [   18909.460764] 0003 0035 000004df
2022-03-16 15:18:52.378332 False [   18909.460764] 0003 0036 00000181
2022-03-16 15:18:52.396905 False [   18909.477508] 0003 0035 000004df
2022-03-16 15:18:52.396905 False [   18909.477508] 0003 0036 00000181
2022-03-16 15:18:52.412500 False [   18909.494558] 0003 0035 000004cc
2022-03-16 15:18:52.412500 False [   18909.494558] 0003 0036 0000017c
2022-03-16 15:18:52.427053 False [   18909.510980] 0003 0035 000004aa
2022-03-16 15:18:52.427053 False [   18909.510980] 0003 0036 0000016e
2022-03-16 15:18:52.446827 False [   18909.527719] 0003 0035 0000047e
2022-03-16 15:18:52.446827 False [   18909.527719] 0003 0036 00000158
2022-03-16 15:18:52.462033 False [   18909.545186] 0003 0035 0000044d
2022-03-16 15:18:52.462033 False [   18909.545186] 0003 0036 0000013e
2022-03-16 15:18:52.478117 False [   18909.561480] 0003 0035 0000041b
2022-03-16 15:18:52.478117 False [   18909.561480] 0003 0036 00000121
2022-03-16 15:18:52.495028 False [   18909.578415] 0003 0035 000003e9
2022-03-16 15:18:52.495028 False [   18909.578415] 0003 0036 00000102
2022-03-16 15:18:52.515776 True [   18909.596873] 0003 0035 000003b9
