Mode = area stim
    verts = 5 
    radius = 550 
    center = (800, 1280) 
    first_angle = 0.23816853657635756 
    wm_size = [1600 2560] 
    stim_amp = 3 
    baseline_stim = 2
    current_stim_group = 0
    sense_zone = 0
    ===============================
2022-04-02 18:04:06.754049 False [  160169.872210] 0003 0036 00000011
2022-04-02 18:04:09.508141 False [  160172.630091] 0003 0035 0000054d
2022-04-02 18:04:09.509145 False [  160172.630091] 0003 0036 00000455
2022-04-02 18:04:09.602765 False [  160172.653614] 0003 0036 00000458
2022-04-02 18:04:09.693258 False [  160172.670015] 0003 0035 0000054e
2022-04-02 18:04:09.693258 False [  160172.670015] 0003 0036 0000045b
2022-04-02 18:04:09.693258 False [  160172.678968] 0003 0035 00000551
2022-04-02 18:04:09.693258 False [  160172.678968] 0003 0036 0000046f
2022-04-02 18:04:09.693258 False [  160172.690726] 0003 0035 00000554
2022-04-02 18:04:09.693258 False [  160172.690726] 0003 0036 0000047f
2022-04-02 18:04:09.693258 False [  160172.703303] 0003 0036 00000489
2022-04-02 18:04:09.693258 False [  160172.721243] 0003 0036 000004a0
2022-04-02 18:04:09.693258 False [  160172.740177] 0003 0036 000004b4
2022-04-02 18:04:09.706349 False [  160172.757121] 0003 0036 000004c3
2022-04-02 18:04:09.706349 False [  160172.774800] 0003 0035 00000553
2022-04-02 18:04:09.706349 False [  160172.774800] 0003 0036 000004cd
2022-04-02 18:04:09.706349 False [  160172.787225] 0003 0035 00000552
2022-04-02 18:04:09.706349 False [  160172.787225] 0003 0036 000004d3
2022-04-02 18:04:09.706349 False [  160172.803454] 0003 0036 000004d6
2022-04-02 18:04:09.706349 False [  160172.819109] 0003 0035 00000551
2022-04-02 18:04:09.706349 False [  160172.819109] 0003 0036 000004d8
2022-04-02 18:04:09.817741 False [  160172.836385] 0003 0035 0000054c
2022-04-02 18:04:09.817741 False [  160172.836385] 0003 0036 000004d7
2022-04-02 18:04:09.910508 False [  160172.845330] 0003 0035 00000549
2022-04-02 18:04:09.910508 False [  160172.862813] 0003 0035 00000543
2022-04-02 18:04:09.910508 False [  160172.862813] 0003 0036 000004cf
2022-04-02 18:04:09.910508 False [  160172.877229] 0003 0035 00000539
2022-04-02 18:04:09.911516 False [  160172.877229] 0003 0036 000004bc
2022-04-02 18:04:09.911516 False [  160172.892621] 0003 0035 00000535
2022-04-02 18:04:09.911516 False [  160172.892621] 0003 0036 000004b4
2022-04-02 18:04:09.911516 False [  160172.908215] 0003 0035 0000052d
2022-04-02 18:04:09.911516 False [  160172.908215] 0003 0036 0000049d
2022-04-02 18:04:09.911516 False [  160172.924600] 0003 0035 00000525
2022-04-02 18:04:09.911516 False [  160172.924600] 0003 0036 00000484
2022-04-02 18:04:09.911516 False [  160172.941260] 0003 0035 00000520
2022-04-02 18:04:09.911516 False [  160172.941260] 0003 0036 00000473
2022-04-02 18:04:09.911516 False [  160172.956059] 0003 0035 0000051e
2022-04-02 18:04:09.911516 False [  160172.956059] 0003 0036 0000046b
2022-04-02 18:04:10.004021 False [  160172.963205] 0003 0035 0000051d
2022-04-02 18:04:10.004021 False [  160172.963205] 0003 0036 00000467
2022-04-02 18:04:10.004021 False [  160172.972952] 0003 0035 00000520
2022-04-02 18:04:10.004021 False [  160172.988506] 0003 0035 0000052c
2022-04-02 18:04:10.004021 False [  160172.988506] 0003 0036 0000046e
2022-04-02 18:04:10.004021 False [  160173.003656] 0003 0035 0000054c
2022-04-02 18:04:10.004021 False [  160173.003656] 0003 0036 00000492
2022-04-02 18:04:10.004021 False [  160173.016197] 0003 0035 00000567
2022-04-02 18:04:10.004021 False [  160173.016197] 0003 0036 000004bf
2022-04-02 18:04:10.004021 False [  160173.031672] 0003 0035 00000570
2022-04-02 18:04:10.004021 False [  160173.031672] 0003 0036 000004d6
2022-04-02 18:04:10.004021 False [  160173.047069] 0003 0035 0000057f
2022-04-02 18:04:10.004021 False [  160173.047069] 0003 0036 000004ff
2022-04-02 18:04:10.097275 False [  160173.061447] 0003 0035 00000589
2022-04-02 18:04:10.097275 False [  160173.061447] 0003 0036 00000529
2022-04-02 18:04:10.097275 False [  160173.075390] 0003 0035 0000058e
2022-04-02 18:04:10.097275 False [  160173.075390] 0003 0036 00000548
2022-04-02 18:04:10.097275 False [  160173.087394] 0003 0035 0000058f
2022-04-02 18:04:10.097275 False [  160173.087394] 0003 0036 00000556
2022-04-02 18:04:10.097275 False [  160173.099092] 0003 0035 00000590
2022-04-02 18:04:10.097275 False [  160173.099092] 0003 0036 0000056b
2022-04-02 18:04:10.097275 False [  160173.103343] 0003 0035 0000058f
2022-04-02 18:04:10.097275 False [  160173.103343] 0003 0036 00000573
2022-04-02 18:04:10.097275 False [  160173.111502] 0003 0036 00000579
2022-04-02 18:04:10.097275 False [  160173.125122] 0003 0036 0000057d
2022-04-02 18:04:10.097275 False [  160173.141093] 0003 0036 0000057f
2022-04-02 18:04:10.195836 False [  160173.160715] 0003 0035 0000058c
2022-04-02 18:04:10.195836 False [  160173.160715] 0003 0036 00000582
2022-04-02 18:04:10.195836 False [  160173.174180] 0003 0035 0000057a
2022-04-02 18:04:10.195836 False [  160173.174180] 0003 0036 00000577
2022-04-02 18:04:10.196837 False [  160173.185261] 0003 0035 0000056e
2022-04-02 18:04:10.196837 False [  160173.185261] 0003 0036 00000564
2022-04-02 18:04:10.196837 False [  160173.198183] 0003 0035 00000568
2022-04-02 18:04:10.196837 False [  160173.198183] 0003 0036 0000055a
2022-04-02 18:04:10.196837 False [  160173.211047] 0003 0035 00000555
2022-04-02 18:04:10.196837 False [  160173.211047] 0003 0036 0000052d
2022-04-02 18:04:10.196837 False [  160173.222739] 0003 0035 00000546
2022-04-02 18:04:10.196837 False [  160173.222739] 0003 0036 00000504
2022-04-02 18:04:10.196837 False [  160173.234837] 0003 0035 00000541
2022-04-02 18:04:10.196837 False [  160173.234837] 0003 0036 000004f2
2022-04-02 18:04:10.253747 False [  160173.249892] 0003 0035 0000053b
2022-04-02 18:04:10.253747 False [  160173.249892] 0003 0036 000004e0
2022-04-02 18:04:10.253747 False [  160173.263542] 0003 0035 00000530
2022-04-02 18:04:10.253747 False [  160173.263542] 0003 0036 000004ba
2022-04-02 18:04:10.253747 False [  160173.277400] 0003 0035 00000529
2022-04-02 18:04:10.253747 False [  160173.277400] 0003 0036 0000049e
2022-04-02 18:04:10.253747 False [  160173.290638] 0003 0035 00000522
2022-04-02 18:04:10.253747 False [  160173.290638] 0003 0036 00000488
2022-04-02 18:04:10.253747 False [  160173.304164] 0003 0035 0000051f
2022-04-02 18:04:10.253747 False [  160173.304164] 0003 0036 00000480
2022-04-02 18:04:10.253747 False [  160173.319883] 0003 0035 0000051d
2022-04-02 18:04:10.253747 False [  160173.319883] 0003 0036 00000477
2022-04-02 18:04:10.253747 False [  160173.331936] 0003 0035 00000519
2022-04-02 18:04:10.253747 False [  160173.331936] 0003 0036 0000046c
2022-04-02 18:04:10.366175 False [  160173.344656] 0003 0035 00000518
2022-04-02 18:04:10.366175 False [  160173.344656] 0003 0036 00000469
2022-04-02 18:04:10.366849 False [  160173.352167] 0003 0035 00000516
2022-04-02 18:04:10.366849 False [  160173.360230] 0003 0035 00000514
2022-04-02 18:04:10.366849 False [  160173.360230] 0003 0036 0000046c
2022-04-02 18:04:10.366849 False [  160173.374631] 0003 0035 00000511
2022-04-02 18:04:10.366849 False [  160173.374631] 0003 0036 00000477
2022-04-02 18:04:10.366849 False [  160173.389478] 0003 0035 0000050f
2022-04-02 18:04:10.366849 False [  160173.389478] 0003 0036 00000486
2022-04-02 18:04:10.467508 False [  160173.403248] 0003 0035 0000050b
2022-04-02 18:04:10.467508 False [  160173.403248] 0003 0036 000004a1
2022-04-02 18:04:10.467508 False [  160173.416725] 0003 0035 00000506
2022-04-02 18:04:10.467508 False [  160173.416725] 0003 0036 000004c5
2022-04-02 18:04:10.467508 False [  160173.432490] 0003 0035 00000504
2022-04-02 18:04:10.467508 False [  160173.432490] 0003 0036 000004d7
2022-04-02 18:04:10.467508 False [  160173.448184] 0003 0035 000004ff
2022-04-02 18:04:10.467508 True [  160173.448184] 0003 0036 000004fe
2022-04-02 18:04:10.467508 True [  160173.463003] 0003 0035 000004fb
2022-04-02 18:04:10.468507 True [  160173.490878] 0003 0036 00000545
2022-04-02 18:04:10.468507 True [  160173.504422] 0003 0035 000004d8
2022-04-02 18:04:10.468507 True [  160173.504422] 0003 0036 00000549
2022-04-02 18:04:10.561041 True [  160173.516990] 0003 0035 000004c9
2022-04-02 18:04:10.561041 True [  160173.516990] 0003 0036 0000054d
2022-04-02 18:04:10.561041 True [  160173.531693] 0003 0035 000004c1
2022-04-02 18:04:10.561041 True [  160173.548975] 0003 0035 000004ad
2022-04-02 18:04:10.561041 True [  160173.548975] 0003 0036 00000545
2022-04-02 18:04:10.561041 True [  160173.559093] 0003 0035 0000049a
2022-04-02 18:04:10.561041 True [  160173.559093] 0003 0036 00000531
2022-04-02 18:04:10.561041 True [  160173.576492] 0003 0035 00000486
2022-04-02 18:04:10.561041 True [  160173.576492] 0003 0036 000004f9
2022-04-02 18:04:10.561041 True [  160173.590416] 0003 0035 00000484
2022-04-02 18:04:10.561041 True [  160173.590416] 0003 0036 000004ef
2022-04-02 18:04:10.561041 True [  160173.604442] 0003 0035 00000483
2022-04-02 18:04:10.561041 True [  160173.604442] 0003 0036 000004e0
2022-04-02 18:04:10.695309 True [  160173.612604] 0003 0035 00000486
2022-04-02 18:04:10.695309 True [  160173.612604] 0003 0036 000004c6
2022-04-02 18:04:10.695309 True [  160173.617576] 0003 0035 00000488
2022-04-02 18:04:10.695309 True [  160173.617576] 0003 0036 000004bc
2022-04-02 18:04:10.695309 True [  160173.627069] 0003 0035 00000490
2022-04-02 18:04:10.695309 True [  160173.627069] 0003 0036 000004ad
2022-04-02 18:04:10.695309 True [  160173.640351] 0003 0035 00000498
2022-04-02 18:04:10.695309 True [  160173.640351] 0003 0036 000004a1
2022-04-02 18:04:10.695309 True [  160173.653513] 0003 0035 000004a0
2022-04-02 18:04:10.695309 True [  160173.653513] 0003 0036 00000496
2022-04-02 18:04:10.695309 True [  160173.666636] 0003 0035 000004ab
2022-04-02 18:04:10.695309 True [  160173.666636] 0003 0036 00000483
2022-04-02 18:04:10.695309 True [  160173.678968] 0003 0035 000004ae
2022-04-02 18:04:10.695309 True [  160173.678968] 0003 0036 0000047e
2022-04-02 18:04:10.695309 True [  160173.694977] 0003 0035 000004b2
2022-04-02 18:04:10.696318 True [  160173.694977] 0003 0036 00000475
2022-04-02 18:04:10.779651 True [  160173.710580] 0003 0035 000004b5
2022-04-02 18:04:10.779651 True [  160173.710580] 0003 0036 0000046c
2022-04-02 18:04:10.779651 True [  160173.725553] 0003 0035 000004b7
2022-04-02 18:04:10.779651 True [  160173.725553] 0003 0036 00000464
2022-04-02 18:04:10.779651 True [  160173.739444] 0003 0035 000004b5
2022-04-02 18:04:10.779651 True [  160173.739444] 0003 0036 0000045d
2022-04-02 18:04:10.779651 True [  160173.755395] 0003 0035 000004b3
2022-04-02 18:04:10.779651 True [  160173.755395] 0003 0036 0000045a
2022-04-02 18:04:10.779651 True [  160173.771802] 0003 0035 000004ad
2022-04-02 18:04:10.779651 True [  160173.771802] 0003 0036 00000455
2022-04-02 18:04:10.780648 True [  160173.785249] 0003 0035 000004a5
2022-04-02 18:04:10.780648 True [  160173.785249] 0003 0036 00000454
2022-04-02 18:04:10.780648 True [  160173.794605] 0003 0035 000004a2
2022-04-02 18:04:10.780648 True [  160173.794605] 0003 0036 0000045b
2022-04-02 18:04:10.780648 True [  160173.805326] 0003 0036 00000463
2022-04-02 18:04:10.780648 True [  160173.818299] 0003 0035 000004a8
2022-04-02 18:04:10.780648 True [  160173.818299] 0003 0036 0000046e
2022-04-02 18:04:10.780648 True [  160173.833334] 0003 0035 000004b7
2022-04-02 18:04:10.780648 True [  160173.833334] 0003 0036 00000488
2022-04-02 18:04:10.849374 True [  160173.846789] 0003 0035 000004c1
2022-04-02 18:04:10.849374 True [  160173.846789] 0003 0036 00000492
2022-04-02 18:04:10.849374 True [  160173.858955] 0003 0035 000004d3
2022-04-02 18:04:10.849374 True [  160173.858955] 0003 0036 0000049f
2022-04-02 18:04:10.849374 False [  160173.869304] 0003 0035 000004de
2022-04-02 18:04:10.849374 False [  160173.905866] 0003 0036 000004a9
2022-04-02 18:04:10.849374 False [  160173.917206] 0003 0035 000004e9
2022-04-02 18:04:10.849374 False [  160173.917206] 0003 0036 000004aa
2022-04-02 18:04:10.908508 False [  160173.929291] 0003 0035 000004e4
2022-04-02 18:04:10.908508 False [  160173.929291] 0003 0036 000004a9
2022-04-02 18:04:10.908508 True [  160173.940794] 0003 0035 000004d7
2022-04-02 18:04:10.909512 False [  160173.976354] 0003 0036 0000046f
2022-04-02 18:04:10.909512 True [  160173.983509] 0003 0035 0000045c
2022-04-02 18:04:10.909512 True [  160173.983509] 0003 0036 00000462
2022-04-02 18:04:10.994223 True [  160173.991700] 0003 0035 00000449
2022-04-02 18:04:10.994223 True [  160173.991700] 0003 0036 00000454
2022-04-02 18:04:10.994223 True [  160174.005809] 0003 0035 0000043a
2022-04-02 18:04:10.994223 True [  160174.005809] 0003 0036 00000447
2022-04-02 18:04:10.994223 True [  160174.020284] 0003 0035 0000042f
2022-04-02 18:04:10.994223 True [  160174.020284] 0003 0036 0000043b
2022-04-02 18:04:10.994223 True [  160174.034992] 0003 0035 00000428
2022-04-02 18:04:10.994223 True [  160174.034992] 0003 0036 00000429
2022-04-02 18:04:10.994223 True [  160174.046585] 0003 0036 00000423
2022-04-02 18:04:11.095598 True [  160174.060271] 0003 0035 0000042b
2022-04-02 18:04:11.095598 True [  160174.060271] 0003 0036 0000041f
2022-04-02 18:04:11.095598 True [  160174.071571] 0003 0035 0000043a
2022-04-02 18:04:11.095598 True [  160174.071571] 0003 0036 00000414
2022-04-02 18:04:11.095598 True [  160174.081906] 0003 0035 00000445
2022-04-02 18:04:11.095598 True [  160174.081906] 0003 0036 0000040f
2022-04-02 18:04:11.095598 True [  160174.093250] 0003 0035 00000452
2022-04-02 18:04:11.095598 True [  160174.093250] 0003 0036 0000040b
2022-04-02 18:04:11.095598 True [  160174.106054] 0003 0035 0000046d
2022-04-02 18:04:11.095598 True [  160174.106054] 0003 0036 00000404
2022-04-02 18:04:11.095598 True [  160174.121586] 0003 0035 00000479
2022-04-02 18:04:11.095598 True [  160174.121586] 0003 0036 00000402
2022-04-02 18:04:11.095598 True [  160174.131635] 0003 0035 00000485
2022-04-02 18:04:11.095598 True [  160174.131635] 0003 0036 000003fe
2022-04-02 18:04:11.095598 True [  160174.136246] 0003 0035 00000487
2022-04-02 18:04:11.159794 True [  160174.141352] 0003 0035 00000489
2022-04-02 18:04:11.159794 True [  160174.155835] 0003 0035 0000048a
2022-04-02 18:04:11.160661 True [  160174.170776] 0003 0035 0000048b
2022-04-02 18:04:11.160661 True [  160174.170776] 0003 0036 000003fd
2022-04-02 18:04:11.160661 True [  160174.185253] 0003 0035 00000485
2022-04-02 18:04:11.160661 True [  160174.185253] 0003 0036 000003fe
2022-04-02 18:04:11.160661 True [  160174.202068] 0003 0035 00000467
2022-04-02 18:04:11.160661 True [  160174.202068] 0003 0036 000003ff
2022-04-02 18:04:11.160661 True [  160174.216525] 0003 0035 00000438
2022-04-02 18:04:11.160661 True [  160174.216525] 0003 0036 00000400
2022-04-02 18:04:11.265422 True [  160174.233547] 0003 0035 00000408
2022-04-02 18:04:11.265422 True [  160174.233547] 0003 0036 000003fe
2022-04-02 18:04:11.265422 True [  160174.248412] 0003 0035 000003df
2022-04-02 18:04:11.265422 True [  160174.248412] 0003 0036 000003f9
2022-04-02 18:04:11.265422 True [  160174.252041] 0003 0035 000003d4
2022-04-02 18:04:11.265422 True [  160174.252041] 0003 0036 000003f7
2022-04-02 18:04:11.265422 True [  160174.257722] 0003 0035 000003d0
2022-04-02 18:04:11.265422 True [  160174.257722] 0003 0036 000003f3
2022-04-02 18:04:11.265422 True [  160174.269706] 0003 0035 000003cf
2022-04-02 18:04:11.265422 True [  160174.269706] 0003 0036 000003f1
2022-04-02 18:04:11.265422 True [  160174.283277] 0003 0035 000003d3
2022-04-02 18:04:11.265422 True [  160174.283277] 0003 0036 000003ef
2022-04-02 18:04:11.265422 True [  160174.298359] 0003 0035 000003f9
2022-04-02 18:04:11.265422 True [  160174.298359] 0003 0036 000003eb
2022-04-02 18:04:11.375042 True [  160174.314645] 0003 0035 00000418
2022-04-02 18:04:11.375042 True [  160174.314645] 0003 0036 000003ec
2022-04-02 18:04:11.375042 True [  160174.329345] 0003 0035 0000045a
2022-04-02 18:04:11.375042 True [  160174.329345] 0003 0036 000003ed
2022-04-02 18:04:11.375042 False [  160174.342094] 0003 0035 0000049a
2022-04-02 18:04:11.376007 False [  160174.387430] 0003 0036 000003d9
2022-04-02 18:04:11.376007 False [  160174.402161] 0003 0035 00000516
2022-04-02 18:04:11.376007 False [  160174.402161] 0003 0036 000003d3
2022-04-02 18:04:11.461242 False [  160174.417259] 0003 0035 0000051b
2022-04-02 18:04:11.461242 False [  160174.417259] 0003 0036 000003cf
2022-04-02 18:04:11.461242 False [  160174.430576] 0003 0035 0000051e
2022-04-02 18:04:11.461242 False [  160174.430576] 0003 0036 000003cd
2022-04-02 18:04:11.461242 False [  160174.445272] 0003 0036 000003cc
2022-04-02 18:04:11.461242 False [  160174.459765] 0003 0035 00000517
2022-04-02 18:04:11.461242 False [  160174.459765] 0003 0036 000003c9
2022-04-02 18:04:11.461242 False [  160174.473586] 0003 0035 00000504
2022-04-02 18:04:11.461242 False [  160174.473586] 0003 0036 000003c4
2022-04-02 18:04:11.461242 False [  160174.485028] 0003 0035 000004e7
2022-04-02 18:04:11.461242 False [  160174.485028] 0003 0036 000003ba
2022-04-02 18:04:11.461242 False [  160174.500856] 0003 0035 000004d5
2022-04-02 18:04:11.461242 False [  160174.500856] 0003 0036 000003b3
2022-04-02 18:04:11.461242 False [  160174.510701] 0003 0035 000004b1
2022-04-02 18:04:11.461242 False [  160174.510701] 0003 0036 000003a7
2022-04-02 18:04:11.539837 False [  160174.522702] 0003 0035 000004a0
2022-04-02 18:04:11.539837 False [  160174.522702] 0003 0036 000003a0
2022-04-02 18:04:11.539837 False [  160174.531115] 0003 0035 0000048f
2022-04-02 18:04:11.539837 False [  160174.531115] 0003 0036 0000039a
2022-04-02 18:04:11.539837 False [  160174.544098] 0003 0035 00000481
2022-04-02 18:04:11.539837 False [  160174.544098] 0003 0036 00000393
2022-04-02 18:04:11.539837 True [  160174.557116] 0003 0035 00000467
2022-04-02 18:04:11.540136 False [  160174.586308] 0003 0036 0000037c
2022-04-02 18:04:11.540136 True [  160174.598950] 0003 0035 0000044c
2022-04-02 18:04:11.540136 True [  160174.598950] 0003 0036 00000377
2022-04-02 18:04:11.595299 True [  160174.613262] 0003 0035 00000444
2022-04-02 18:04:11.595299 True [  160174.613262] 0003 0036 00000372
2022-04-02 18:04:11.595299 True [  160174.625989] 0003 0035 00000441
2022-04-02 18:04:11.595299 True [  160174.625989] 0003 0036 0000036f
2022-04-02 18:04:11.595299 True [  160174.639410] 0003 0035 00000435
2022-04-02 18:04:11.595299 True [  160174.639410] 0003 0036 00000368
2022-04-02 18:04:11.595299 True [  160174.655388] 0003 0035 0000042e
2022-04-02 18:04:11.595299 True [  160174.655388] 0003 0036 00000364
2022-04-02 18:04:11.595299 True [  160174.664090] 0003 0035 00000420
2022-04-02 18:04:11.595299 True [  160174.664090] 0003 0036 0000035a
2022-04-02 18:04:11.595299 True [  160174.667270] 0003 0035 00000417
2022-04-02 18:04:11.595299 True [  160174.667270] 0003 0036 00000355
2022-04-02 18:04:11.595299 True [  160174.673198] 0003 0035 0000040a
2022-04-02 18:04:11.595299 True [  160174.673198] 0003 0036 0000034f
2022-04-02 18:04:11.683979 True [  160174.681287] 0003 0035 000003f6
2022-04-02 18:04:11.683979 True [  160174.681287] 0003 0036 0000034a
2022-04-02 18:04:11.683979 True [  160174.694046] 0003 0035 000003d2
2022-04-02 18:04:11.683979 True [  160174.694046] 0003 0036 00000343
2022-04-02 18:04:11.683979 True [  160174.708575] 0003 0035 000003a5
2022-04-02 18:04:11.683979 True [  160174.708575] 0003 0036 00000340
2022-04-02 18:04:11.683979 True [  160174.722272] 0003 0035 0000033d
2022-04-02 18:04:11.683979 True [  160174.722272] 0003 0036 00000346
2022-04-02 18:04:11.683979 True [  160174.732628] 0003 0035 0000031b
2022-04-02 18:04:11.683979 True [  160174.732628] 0003 0036 0000034b
2022-04-02 18:04:11.698704 True [  160174.745914] 0003 0035 00000302
2022-04-02 18:04:11.698704 True [  160174.745914] 0003 0036 0000034f
2022-04-02 18:04:11.698704 True [  160174.758664] 0003 0035 00000305
2022-04-02 18:04:11.698704 True [  160174.758664] 0003 0036 00000351
2022-04-02 18:04:11.698704 True [  160174.769624] 0003 0035 00000307
2022-04-02 18:04:11.698704 True [  160174.769624] 0003 0036 00000352
2022-04-02 18:04:11.698704 True [  160174.777855] 0003 0035 00000309
2022-04-02 18:04:11.698704 True [  160174.781274] 0003 0035 0000030c
2022-04-02 18:04:11.698704 True [  160174.781274] 0003 0036 00000351
2022-04-02 18:04:11.698704 True [  160174.792759] 0003 0035 0000030f
2022-04-02 18:04:11.698704 True [  160174.792759] 0003 0036 00000350
2022-04-02 18:04:11.698704 True [  160174.807391] 0003 0035 00000318
2022-04-02 18:04:11.698704 True [  160174.807391] 0003 0036 0000034a
2022-04-02 18:04:11.858389 True [  160174.940824] 0003 0035 0000043e
2022-04-02 18:04:11.858389 False [  160174.940824] 0003 0036 00000321
2022-04-02 18:04:11.858389 False [  160174.956085] 0003 0035 0000043c
2022-04-02 18:04:11.859388 False [  160174.963789] 0003 0035 00000431
2022-04-02 18:04:11.859388 False [  160174.963789] 0003 0036 00000322
2022-04-02 18:04:11.859388 False [  160174.978428] 0003 0035 0000040c
2022-04-02 18:04:11.859388 False [  160174.978428] 0003 0036 00000324
2022-04-02 18:04:11.859388 False [  160174.987127] 0003 0035 000003d7
2022-04-02 18:04:11.859388 False [  160174.987127] 0003 0036 00000328
2022-04-02 18:04:11.943805 False [  160174.989207] 0003 0035 0000038f
2022-04-02 18:04:11.943805 False [  160174.989207] 0003 0036 00000331
2022-04-02 18:04:11.943805 False [  160174.997083] 0003 0035 00000354
2022-04-02 18:04:11.943805 True [  160174.997083] 0003 0036 0000033e
2022-04-02 18:04:12.059558 False [  160175.009611] 0003 0035 00000327
2022-04-02 18:04:12.060513 True [  160175.009611] 0003 0036 0000034b
2022-04-02 18:04:12.060513 True [  160175.026939] 0003 0035 0000030f
2022-04-02 18:04:12.060513 True [  160175.075407] 0003 0035 000002d6
2022-04-02 18:04:12.061514 True [  160175.075407] 0003 0036 00000357
2022-04-02 18:04:12.061514 True [  160175.081139] 0003 0035 000002d4
2022-04-02 18:04:12.162861 True [  160175.095759] 0003 0036 00000353
2022-04-02 18:04:12.162861 True [  160175.113389] 0003 0035 000002f1
2022-04-02 18:04:12.162861 False [  160175.113389] 0003 0036 00000342
2022-04-02 18:04:12.162861 False [  160175.128334] 0003 0035 0000030f
2022-04-02 18:04:12.163526 True [  160175.185138] 0003 0035 0000040c
2022-04-02 18:04:12.163782 True [  160175.185138] 0003 0036 0000035e
2022-04-02 18:04:12.163782 True [  160175.198425] 0003 0035 00000421
2022-04-02 18:04:12.239428 True [  160175.211724] 0003 0035 00000433
2022-04-02 18:04:12.239428 True [  160175.228182] 0003 0035 00000435
2022-04-02 18:04:12.239428 True [  160175.244830] 0003 0035 00000436
2022-04-02 18:04:12.239428 True [  160175.262216] 0003 0035 0000040f
2022-04-02 18:04:12.239428 True [  160175.262216] 0003 0036 0000034f
2022-04-02 18:04:12.239428 True [  160175.276498] 0003 0035 000003c2
2022-04-02 18:04:12.239428 True [  160175.276498] 0003 0036 0000033e
2022-04-02 18:04:12.239428 True [  160175.287544] 0003 0035 00000363
2022-04-02 18:04:12.239428 False [  160175.287544] 0003 0036 00000331
2022-04-02 18:04:12.239428 False [  160175.298297] 0003 0035 00000335
2022-04-02 18:04:12.239428 False [  160175.298297] 0003 0036 0000032e
2022-04-02 18:04:12.340306 False [  160175.311210] 0003 0035 000002ee
2022-04-02 18:04:12.340306 False [  160175.311210] 0003 0036 0000032c
2022-04-02 18:04:12.340306 False [  160175.328419] 0003 0035 000002e3
2022-04-02 18:04:12.340306 False [  160175.328419] 0003 0036 0000032b
2022-04-02 18:04:12.340306 False [  160175.341913] 0003 0035 000002cc
2022-04-02 18:04:12.340306 False [  160175.341913] 0003 0036 00000328
2022-04-02 18:04:12.340306 False [  160175.348895] 0003 0035 000002c3
2022-04-02 18:04:12.340306 False [  160175.348895] 0003 0036 00000327
2022-04-02 18:04:12.340306 False [  160175.354518] 0003 0035 000002c0
2022-04-02 18:04:12.340306 False [  160175.362693] 0003 0035 000002c3
2022-04-02 18:04:12.340306 False [  160175.377475] 0003 0035 000002c7
2022-04-02 18:04:12.340306 False [  160175.377475] 0003 0036 00000328
2022-04-02 18:04:12.420133 False [  160175.390543] 0003 0035 000002d5
2022-04-02 18:04:12.420133 False [  160175.407171] 0003 0035 0000030e
2022-04-02 18:04:12.420133 False [  160175.407171] 0003 0036 0000032c
2022-04-02 18:04:12.420133 False [  160175.420538] 0003 0035 0000034f
2022-04-02 18:04:12.420133 False [  160175.420538] 0003 0036 0000032f
2022-04-02 18:04:12.420133 False [  160175.432355] 0003 0035 0000036e
2022-04-02 18:04:12.420133 False [  160175.432355] 0003 0036 00000331
2022-04-02 18:04:12.420133 False [  160175.447188] 0003 0035 000003a0
2022-04-02 18:04:12.420133 False [  160175.447188] 0003 0036 00000334
2022-04-02 18:04:12.420133 False [  160175.463022] 0003 0035 000003bd
2022-04-02 18:04:12.420133 False [  160175.478641] 0003 0035 000003cb
2022-04-02 18:04:12.420133 False [  160175.478641] 0003 0036 00000331
2022-04-02 18:04:12.515811 False [  160175.493461] 0003 0035 000003cd
2022-04-02 18:04:12.515811 False [  160175.510790] 0003 0035 000003cf
2022-04-02 18:04:12.515811 False [  160175.529040] 0003 0035 000003bb
2022-04-02 18:04:12.515811 False [  160175.529040] 0003 0036 00000333
2022-04-02 18:04:12.515811 False [  160175.543923] 0003 0035 00000395
2022-04-02 18:04:12.515811 False [  160175.543923] 0003 0036 00000338
2022-04-02 18:04:12.515811 False [  160175.557724] 0003 0035 00000386
2022-04-02 18:04:12.515811 False [  160175.557724] 0003 0036 00000339
2022-04-02 18:04:12.607818 False [  160175.574594] 0003 0035 00000352
2022-04-02 18:04:12.607818 True [  160175.574594] 0003 0036 0000033f
2022-04-02 18:04:12.607818 False [  160175.589601] 0003 0035 00000326
2022-04-02 18:04:12.607818 True [  160175.589601] 0003 0036 00000347
2022-04-02 18:04:12.607818 True [  160175.603691] 0003 0035 00000312
2022-04-02 18:04:12.607818 True [  160175.643362] 0003 0035 000002ff
2022-04-02 18:04:12.607818 True [  160175.643362] 0003 0036 00000356
2022-04-02 18:04:12.607818 True [  160175.653694] 0003 0036 00000358
2022-04-02 18:04:12.626476 True [  160175.665942] 0003 0035 0000030b
2022-04-02 18:04:12.626476 True [  160175.665942] 0003 0036 00000364
2022-04-02 18:04:12.626476 True [  160175.677106] 0003 0035 0000031c
2022-04-02 18:04:12.626476 True [  160175.677106] 0003 0036 0000036e
2022-04-02 18:04:12.626476 True [  160175.681268] 0003 0035 0000032c
2022-04-02 18:04:12.626476 True [  160175.681268] 0003 0036 00000376
2022-04-02 18:04:12.626476 True [  160175.692515] 0003 0035 0000033c
2022-04-02 18:04:12.626476 True [  160175.692515] 0003 0036 0000037c
2022-04-02 18:04:12.626476 True [  160175.706125] 0003 0035 00000349
2022-04-02 18:04:12.626476 True [  160175.706125] 0003 0036 00000381
2022-04-02 18:04:12.626476 True [  160175.720417] 0003 0035 00000357
2022-04-02 18:04:12.626476 True [  160175.720417] 0003 0036 00000386
2022-04-02 18:04:12.627473 True [  160175.733883] 0003 0035 0000035b
2022-04-02 18:04:12.627473 True [  160175.733883] 0003 0036 00000388
2022-04-02 18:04:12.627473 True [  160175.745960] 0003 0035 0000035c
2022-04-02 18:04:12.705798 True [  160175.769916] 0003 0035 0000034e
2022-04-02 18:04:12.705798 True [  160175.769916] 0003 0036 00000380
2022-04-02 18:04:12.772879 True [  160175.785088] 0003 0035 00000347
2022-04-02 18:04:12.772879 True [  160175.785088] 0003 0036 0000037c
2022-04-02 18:04:12.772879 True [  160175.796686] 0003 0035 0000032e
2022-04-02 18:04:12.772879 True [  160175.796686] 0003 0036 00000372
2022-04-02 18:04:12.772879 True [  160175.807637] 0003 0035 00000304
2022-04-02 18:04:12.772879 True [  160175.807637] 0003 0036 00000361
2022-04-02 18:04:12.772879 True [  160175.819657] 0003 0035 000002f8
2022-04-02 18:04:12.772879 True [  160175.819657] 0003 0036 0000035c
2022-04-02 18:04:12.772879 True [  160175.832145] 0003 0035 000002cd
2022-04-02 18:04:12.772879 True [  160175.832145] 0003 0036 0000034a
2022-04-02 18:04:12.772879 True [  160175.843561] 0003 0035 000002b9
2022-04-02 18:04:12.772879 False [  160175.843561] 0003 0036 00000340
2022-04-02 18:04:12.871359 False [  160175.857200] 0003 0035 000002ae
2022-04-02 18:04:12.871359 False [  160175.857200] 0003 0036 0000033b
2022-04-02 18:04:12.872356 False [  160175.870756] 0003 0035 000002a6
2022-04-02 18:04:12.872356 False [  160175.870756] 0003 0036 00000337
2022-04-02 18:04:12.872356 False [  160175.885899] 0003 0035 000002a4
2022-04-02 18:04:12.872356 False [  160175.885899] 0003 0036 00000336
2022-04-02 18:04:12.872356 False [  160175.894137] 0003 0035 000002a3
2022-04-02 18:04:12.972630 False [  160175.911252] 0003 0035 000002ad
2022-04-02 18:04:12.972630 False [  160175.911252] 0003 0036 00000341
2022-04-02 18:04:12.972630 False [  160175.925765] 0003 0035 000002bc
2022-04-02 18:04:12.972630 True [  160175.925765] 0003 0036 0000034f
2022-04-02 18:04:12.972630 True [  160175.940209] 0003 0035 000002cc
2022-04-02 18:04:12.973635 True [  160175.992693] 0003 0035 00000301
2022-04-02 18:04:12.973635 True [  160175.992693] 0003 0036 0000039a
2022-04-02 18:04:12.973635 True [  160176.009263] 0003 0035 00000302
2022-04-02 18:04:13.046235 True [  160176.026268] 0003 0035 00000301
2022-04-02 18:04:13.046235 True [  160176.039351] 0003 0035 000002ff
2022-04-02 18:04:13.046235 True [  160176.039351] 0003 0036 00000396
2022-04-02 18:04:13.046235 True [  160176.050929] 0003 0035 000002f5
2022-04-02 18:04:13.046235 True [  160176.050929] 0003 0036 0000038b
2022-04-02 18:04:13.046235 True [  160176.062293] 0003 0035 000002ee
2022-04-02 18:04:13.046235 True [  160176.062293] 0003 0036 00000383
2022-04-02 18:04:13.046235 True [  160176.077319] 0003 0035 000002e1
2022-04-02 18:04:13.046235 True [  160176.077319] 0003 0036 00000372
2022-04-02 18:04:13.046235 True [  160176.092794] 0003 0035 000002d7
2022-04-02 18:04:13.046235 True [  160176.092794] 0003 0036 00000361
2022-04-02 18:04:13.046235 True [  160176.110456] 0003 0035 000002d1
2022-04-02 18:04:13.046235 True [  160176.110456] 0003 0036 00000353
2022-04-02 18:04:13.137492 True [  160176.125689] 0003 0036 00000352
2022-04-02 18:04:13.137492 True [  160176.143658] 0003 0035 000002d8
2022-04-02 18:04:13.137492 True [  160176.143658] 0003 0036 00000355
2022-04-02 18:04:13.137492 True [  160176.156883] 0003 0035 000002df
2022-04-02 18:04:13.137492 True [  160176.156883] 0003 0036 00000358
2022-04-02 18:04:13.137492 True [  160176.168621] 0003 0035 000002e5
2022-04-02 18:04:13.137492 True [  160176.168621] 0003 0036 0000035a
2022-04-02 18:04:13.137492 True [  160176.177329] 0003 0035 000002ef
2022-04-02 18:04:13.137492 True [  160176.177329] 0003 0036 0000035f
2022-04-02 18:04:13.211715 True [  160176.185356] 0003 0035 000002f2
2022-04-02 18:04:13.211715 True [  160176.185356] 0003 0036 00000362
2022-04-02 18:04:13.211715 True [  160176.197104] 0003 0035 000002f5
2022-04-02 18:04:13.211715 True [  160176.197104] 0003 0036 00000364
2022-04-02 18:04:13.211715 True [  160176.211369] 0003 0036 00000366
2022-04-02 18:04:13.211715 True [  160176.228772] 0003 0035 000002f2
2022-04-02 18:04:13.211715 True [  160176.228772] 0003 0036 0000036b
2022-04-02 18:04:13.211715 True [  160176.243845] 0003 0035 000002ee
2022-04-02 18:04:13.211715 True [  160176.243845] 0003 0036 0000036e
2022-04-02 18:04:13.211715 True [  160176.260573] 0003 0035 000002d9
2022-04-02 18:04:13.211715 True [  160176.260573] 0003 0036 0000037a
2022-04-02 18:04:13.211715 True [  160176.273219] 0003 0035 000002cc
2022-04-02 18:04:13.211715 True [  160176.273219] 0003 0036 00000382
2022-04-02 18:04:13.285520 True [  160176.286143] 0003 0035 000002c6
2022-04-02 18:04:13.285520 True [  160176.286143] 0003 0036 00000385
2022-04-02 18:04:13.285520 True [  160176.294172] 0003 0035 000002bb
2022-04-02 18:04:13.285520 True [  160176.294172] 0003 0036 0000038a
2022-04-02 18:04:13.285520 True [  160176.301809] 0003 0035 000002b8
2022-04-02 18:04:13.285520 True [  160176.301809] 0003 0036 0000038e
2022-04-02 18:04:13.285520 True [  160176.313064] 0003 0035 000002b4
2022-04-02 18:04:13.285520 True [  160176.313064] 0003 0036 00000391
2022-04-02 18:04:13.285520 True [  160176.326962] 0003 0035 000002b3
2022-04-02 18:04:13.285520 True [  160176.326962] 0003 0036 00000394
2022-04-02 18:04:13.285520 True [  160176.339929] 0003 0035 000002b4
2022-04-02 18:04:13.285520 True [  160176.339929] 0003 0036 0000039d
2022-04-02 18:04:13.382365 True [  160176.353350] 0003 0035 000002bb
2022-04-02 18:04:13.382365 True [  160176.353350] 0003 0036 000003a4
2022-04-02 18:04:13.382365 True [  160176.367578] 0003 0035 000002d3
2022-04-02 18:04:13.382365 True [  160176.367578] 0003 0036 000003b8
2022-04-02 18:04:13.382365 True [  160176.374784] 0003 0035 000002e3
2022-04-02 18:04:13.382365 True [  160176.374784] 0003 0036 000003c2
2022-04-02 18:04:13.382365 True [  160176.384586] 0003 0035 000002f5
2022-04-02 18:04:13.382365 True [  160176.384586] 0003 0036 000003ca
2022-04-02 18:04:13.382365 True [  160176.394185] 0003 0035 00000306
2022-04-02 18:04:13.382365 True [  160176.394185] 0003 0036 000003d1
2022-04-02 18:04:13.382365 True [  160176.407654] 0003 0035 00000324
2022-04-02 18:04:13.382365 True [  160176.407654] 0003 0036 000003dd
2022-04-02 18:04:13.382365 True [  160176.421428] 0003 0035 0000032f
2022-04-02 18:04:13.382365 True [  160176.421428] 0003 0036 000003e2
2022-04-02 18:04:13.444481 True [  160176.433351] 0003 0035 0000033b
2022-04-02 18:04:13.444481 True [  160176.433351] 0003 0036 000003e7
2022-04-02 18:04:13.444481 True [  160176.446882] 0003 0035 0000033d
2022-04-02 18:04:13.444481 True [  160176.446882] 0003 0036 000003e9
2022-04-02 18:04:13.444481 True [  160176.461649] 0003 0035 0000033e
2022-04-02 18:04:13.444481 True [  160176.461649] 0003 0036 000003eb
2022-04-02 18:04:13.444481 True [  160176.476047] 0003 0035 0000033d
2022-04-02 18:04:13.444481 True [  160176.492720] 0003 0035 00000338
2022-04-02 18:04:13.444481 True [  160176.492720] 0003 0036 000003ea
2022-04-02 18:04:13.444481 True [  160176.506957] 0003 0035 00000334
2022-04-02 18:04:13.444481 True [  160176.506957] 0003 0036 000003e9
2022-04-02 18:04:13.444481 True [  160176.520668] 0003 0035 00000331
2022-04-02 18:04:13.452168 True [  160176.539108] 0003 0035 0000032d
2022-04-02 18:04:13.452168 True [  160176.558291] 0003 0035 0000032c
2022-04-02 18:04:13.452168 True [  160176.558291] 0003 0036 000003ea
2022-04-02 18:04:13.452168 True [  160176.571672] 0003 0035 0000032d
2022-04-02 18:04:13.522673 True [  160176.642033] 0003 0035 0000036b
2022-04-02 18:04:13.522673 True [  160176.642033] 0003 0036 0000042f
2022-04-02 18:04:13.731492 True [  160176.850160] 0003 0035 00000377
2022-04-02 18:04:13.731492 True [  160176.850160] 0003 0036 00000455
2022-04-02 18:04:13.971588 True [  160177.024550] 0003 0035 00000378
2022-04-02 18:04:14.038646 True [  160177.033002] 0003 0035 00000379
2022-04-02 18:04:14.038646 True [  160177.033002] 0003 0036 00000456
2022-04-02 18:04:14.038646 True [  160177.046554] 0003 0036 00000457
2022-04-02 18:04:14.038646 True [  160177.064863] 0003 0035 0000037a
2022-04-02 18:04:14.038646 True [  160177.064863] 0003 0036 00000458
2022-04-02 18:04:14.039623 True [  160177.079321] 0003 0035 0000037c
2022-04-02 18:04:14.039623 True [  160177.079321] 0003 0036 0000045b
2022-04-02 18:04:14.039623 True [  160177.094830] 0003 0035 0000037f
2022-04-02 18:04:14.039623 True [  160177.094830] 0003 0036 00000462
2022-04-02 18:04:14.039623 True [  160177.108154] 0003 0035 00000383
2022-04-02 18:04:14.039623 True [  160177.108154] 0003 0036 0000046e
2022-04-02 18:04:14.150527 True [  160177.116087] 0003 0035 00000387
2022-04-02 18:04:14.150527 True [  160177.116087] 0003 0036 00000484
2022-04-02 18:04:14.150527 True [  160177.130564] 0003 0035 0000038b
2022-04-02 18:04:14.150527 True [  160177.130564] 0003 0036 00000491
2022-04-02 18:04:14.150527 True [  160177.145205] 0003 0035 0000038e
2022-04-02 18:04:14.150527 True [  160177.145205] 0003 0036 000004a1
2022-04-02 18:04:14.150527 True [  160177.159488] 0003 0035 00000396
2022-04-02 18:04:14.150527 True [  160177.159488] 0003 0036 000004c1
2022-04-02 18:04:14.150527 True [  160177.175626] 0003 0035 0000039d
2022-04-02 18:04:14.150527 True [  160177.175626] 0003 0036 000004e3
2022-04-02 18:04:14.253127 True [  160177.192753] 0003 0035 000003a4
2022-04-02 18:04:14.253127 True [  160177.192753] 0003 0036 00000508
2022-04-02 18:04:14.253127 True [  160177.208958] 0003 0035 000003ac
2022-04-02 18:04:14.253127 True [  160177.208958] 0003 0036 00000534
2022-04-02 18:04:14.254116 True [  160177.225596] 0003 0035 000003b6
2022-04-02 18:04:14.254116 True [  160177.225596] 0003 0036 0000056d
2022-04-02 18:04:14.254116 True [  160177.241897] 0003 0035 000003c0
2022-04-02 18:04:14.254116 True [  160177.241897] 0003 0036 000005aa
2022-04-02 18:04:14.254116 True [  160177.257555] 0003 0035 000003c8
2022-04-02 18:04:14.254116 True [  160177.257555] 0003 0036 000005e6
2022-04-02 18:04:14.254116 True [  160177.272982] 0003 0035 000003cf
2022-04-02 18:04:14.254116 True [  160177.272982] 0003 0036 0000061e
2022-04-02 18:04:14.254116 True [  160177.287642] 0003 0035 000003d0
2022-04-02 18:04:14.254116 True [  160177.287642] 0003 0036 00000637
2022-04-02 18:04:14.347396 True [  160177.301192] 0003 0035 000003d2
2022-04-02 18:04:14.347396 True [  160177.301192] 0003 0036 0000065f
2022-04-02 18:04:14.347396 True [  160177.315229] 0003 0036 00000688
2022-04-02 18:04:14.347396 True [  160177.328793] 0003 0035 000003d1
2022-04-02 18:04:14.347396 True [  160177.328793] 0003 0036 0000069d
2022-04-02 18:04:14.347396 True [  160177.344298] 0003 0035 000003ce
2022-04-02 18:04:14.347396 False [  160177.344298] 0003 0036 000006c4
2022-04-02 18:04:14.347396 False [  160177.360272] 0003 0035 000003ca
2022-04-02 18:04:14.348337 False [  160177.373665] 0003 0036 00000708
2022-04-02 18:04:14.348337 False [  160177.390598] 0003 0035 000003c3
2022-04-02 18:04:14.348337 False [  160177.390598] 0003 0036 0000071e
2022-04-02 18:04:14.424131 False [  160177.405120] 0003 0035 000003c0
2022-04-02 18:04:14.424131 False [  160177.405120] 0003 0036 00000734
2022-04-02 18:04:14.424131 False [  160177.417705] 0003 0035 000003be
2022-04-02 18:04:14.424131 False [  160177.417705] 0003 0036 0000073d
2022-04-02 18:04:14.424131 False [  160177.427653] 0003 0035 000003bc
2022-04-02 18:04:14.424131 False [  160177.427653] 0003 0036 0000074f
2022-04-02 18:04:14.424131 False [  160177.442800] 0003 0035 000003ba
2022-04-02 18:04:14.424131 False [  160177.442800] 0003 0036 00000754
2022-04-02 18:04:14.424131 False [  160177.454613] 0003 0035 000003b7
2022-04-02 18:04:14.424131 False [  160177.454613] 0003 0036 00000764
2022-04-02 18:04:14.424131 False [  160177.462965] 0003 0035 000003b6
2022-04-02 18:04:14.424131 False [  160177.462965] 0003 0036 00000768
2022-04-02 18:04:14.424131 False [  160177.471670] 0003 0036 0000076b
2022-04-02 18:04:14.424131 False [  160177.484316] 0003 0036 0000076d
2022-04-02 18:04:14.430397 False [  160177.499192] 0003 0035 000003b5
2022-04-02 18:04:14.430397 False [  160177.499192] 0003 0036 00000770
2022-04-02 18:04:14.430397 False [  160177.510763] 0003 0035 000003b4
2022-04-02 18:04:14.430397 False [  160177.510763] 0003 0036 00000771
2022-04-02 18:04:14.430397 False [  160177.522136] 0003 0036 00000772
2022-04-02 18:04:14.430397 False [  160177.549152] 0003 0036 00000773
2022-04-02 18:04:14.544338 False [  160177.589553] 0003 0036 0000076f
2022-04-02 18:04:14.579167 False [  160177.615846] 0003 0035 000003b2
2022-04-02 18:04:14.579167 False [  160177.615846] 0003 0036 00000766
2022-04-02 18:04:14.579167 False [  160177.630981] 0003 0036 0000075c
2022-04-02 18:04:14.579167 False [  160177.650420] 0003 0036 0000073f
2022-04-02 18:04:14.579167 False [  160177.657816] 0003 0035 000003b1
2022-04-02 18:04:14.579167 False [  160177.657816] 0003 0036 0000072c
2022-04-02 18:04:14.579167 False [  160177.664722] 0003 0035 000003b0
2022-04-02 18:04:14.579167 False [  160177.664722] 0003 0036 00000719
2022-04-02 18:04:14.579167 False [  160177.672981] 0003 0035 000003af
2022-04-02 18:04:14.579167 False [  160177.672981] 0003 0036 00000705
2022-04-02 18:04:14.579167 False [  160177.681982] 0003 0035 000003ae
2022-04-02 18:04:14.579167 False [  160177.681982] 0003 0036 000006f1
2022-04-02 18:04:14.635821 False [  160177.696767] 0003 0035 000003ad
2022-04-02 18:04:14.635821 False [  160177.696767] 0003 0036 000006db
2022-04-02 18:04:14.635821 False [  160177.707239] 0003 0035 000003ab
2022-04-02 18:04:14.635821 True [  160177.707239] 0003 0036 000006c5
2022-04-02 18:04:14.636820 True [  160177.714664] 0003 0035 000003a6
2022-04-02 18:04:14.636820 True [  160177.714664] 0003 0036 00000693
2022-04-02 18:04:14.660010 True [  160177.722945] 0003 0035 000003a3
2022-04-02 18:04:14.660010 True [  160177.722945] 0003 0036 00000679
2022-04-02 18:04:14.660010 True [  160177.736183] 0003 0035 0000039e
2022-04-02 18:04:14.660010 True [  160177.736183] 0003 0036 0000065c
2022-04-02 18:04:14.660010 True [  160177.746315] 0003 0035 00000399
2022-04-02 18:04:14.660010 True [  160177.746315] 0003 0036 00000641
2022-04-02 18:04:14.660010 True [  160177.760151] 0003 0035 00000394
2022-04-02 18:04:14.660010 True [  160177.760151] 0003 0036 00000625
2022-04-02 18:04:14.766949 True [  160177.773497] 0003 0035 00000388
2022-04-02 18:04:14.766949 True [  160177.773497] 0003 0036 000005eb
2022-04-02 18:04:14.766949 True [  160177.780858] 0003 0035 0000037c
2022-04-02 18:04:14.766949 True [  160177.780858] 0003 0036 000005b2
2022-04-02 18:04:14.766949 True [  160177.789098] 0003 0035 00000375
2022-04-02 18:04:14.766949 True [  160177.789098] 0003 0036 00000597
2022-04-02 18:04:14.766949 True [  160177.797539] 0003 0035 0000036f
2022-04-02 18:04:14.766949 True [  160177.797539] 0003 0036 0000057d
2022-04-02 18:04:14.851281 True [  160177.813401] 0003 0035 00000369
2022-04-02 18:04:14.851281 True [  160177.813401] 0003 0036 00000564
2022-04-02 18:04:14.851281 True [  160177.827077] 0003 0035 00000363
2022-04-02 18:04:14.851281 True [  160177.827077] 0003 0036 0000054a
2022-04-02 18:04:14.851281 True [  160177.843082] 0003 0035 00000358
2022-04-02 18:04:14.851281 True [  160177.843082] 0003 0036 0000051a
2022-04-02 18:04:14.851281 True [  160177.847807] 0003 0035 0000034e
2022-04-02 18:04:14.851281 True [  160177.847807] 0003 0036 000004ea
2022-04-02 18:04:14.851281 True [  160177.855502] 0003 0035 00000349
2022-04-02 18:04:14.851281 True [  160177.855502] 0003 0036 000004d3
2022-04-02 18:04:14.851281 True [  160177.864939] 0003 0035 00000343
2022-04-02 18:04:14.851281 True [  160177.864939] 0003 0036 000004b7
2022-04-02 18:04:14.851281 True [  160177.877496] 0003 0035 0000033d
2022-04-02 18:04:14.851281 True [  160177.877496] 0003 0036 0000049e
2022-04-02 18:04:14.851281 True [  160177.890588] 0003 0035 00000336
2022-04-02 18:04:14.851281 True [  160177.890588] 0003 0036 00000483
2022-04-02 18:04:14.851281 True [  160177.904275] 0003 0035 00000328
2022-04-02 18:04:14.851281 True [  160177.904275] 0003 0036 00000455
2022-04-02 18:04:14.934185 True [  160177.916529] 0003 0035 00000320
2022-04-02 18:04:14.934185 True [  160177.916529] 0003 0036 0000043e
2022-04-02 18:04:14.934185 True [  160177.925914] 0003 0035 00000310
2022-04-02 18:04:14.934185 True [  160177.925914] 0003 0036 00000411
2022-04-02 18:04:14.934185 True [  160177.930516] 0003 0035 00000305
2022-04-02 18:04:14.934185 True [  160177.930516] 0003 0036 000003fc
2022-04-02 18:04:14.934185 True [  160177.943978] 0003 0035 000002fa
2022-04-02 18:04:14.934185 True [  160177.943978] 0003 0036 000003e7
2022-04-02 18:04:14.934185 True [  160177.958122] 0003 0035 000002f0
2022-04-02 18:04:14.934185 True [  160177.958122] 0003 0036 000003d4
2022-04-02 18:04:14.934185 True [  160177.973574] 0003 0035 000002da
2022-04-02 18:04:14.934185 True [  160177.973574] 0003 0036 000003b1
2022-04-02 18:04:14.934185 True [  160177.988606] 0003 0035 000002c6
2022-04-02 18:04:14.934185 True [  160177.988606] 0003 0036 00000393
2022-04-02 18:04:15.008447 True [  160178.003392] 0003 0035 000002b5
2022-04-02 18:04:15.008447 True [  160178.003392] 0003 0036 00000379
2022-04-02 18:04:15.008447 True [  160178.018327] 0003 0035 000002b1
2022-04-02 18:04:15.008447 True [  160178.018327] 0003 0036 00000373
2022-04-02 18:04:15.008447 True [  160178.030078] 0003 0035 000002a6
2022-04-02 18:04:15.008447 True [  160178.030078] 0003 0036 00000366
2022-04-02 18:04:15.008447 True [  160178.043839] 0003 0035 0000029e
2022-04-02 18:04:15.008447 True [  160178.043839] 0003 0036 0000035e
2022-04-02 18:04:15.008447 True [  160178.056971] 0003 0035 0000029b
2022-04-02 18:04:15.008447 True [  160178.056971] 0003 0036 0000035b
2022-04-02 18:04:15.008447 True [  160178.063601] 0003 0035 00000298
2022-04-02 18:04:15.008447 True [  160178.063601] 0003 0036 00000359
2022-04-02 18:04:15.008447 True [  160178.071643] 0003 0035 00000296
2022-04-02 18:04:15.050013 True [  160178.080705] 0003 0035 00000294
2022-04-02 18:04:15.050013 True [  160178.080705] 0003 0036 0000035a
2022-04-02 18:04:15.050013 True [  160178.093453] 0003 0035 00000291
2022-04-02 18:04:15.050013 True [  160178.093453] 0003 0036 0000035d
2022-04-02 18:04:15.050013 True [  160178.108170] 0003 0035 0000028f
2022-04-02 18:04:15.050013 True [  160178.108170] 0003 0036 00000363
2022-04-02 18:04:15.050013 True [  160178.123091] 0003 0035 0000028b
2022-04-02 18:04:15.050013 True [  160178.123091] 0003 0036 00000376
2022-04-02 18:04:15.050013 True [  160178.138331] 0003 0035 0000028f
2022-04-02 18:04:15.050013 True [  160178.138331] 0003 0036 0000039d
2022-04-02 18:04:15.050013 True [  160178.146523] 0003 0035 0000029e
2022-04-02 18:04:15.050013 True [  160178.146523] 0003 0036 000003d7
2022-04-02 18:04:15.128177 True [  160178.160181] 0003 0035 000002a7
2022-04-02 18:04:15.128177 True [  160178.160181] 0003 0036 000003f3
2022-04-02 18:04:15.128177 True [  160178.172768] 0003 0035 000002b1
2022-04-02 18:04:15.128177 True [  160178.172768] 0003 0036 00000411
2022-04-02 18:04:15.128177 True [  160178.180864] 0003 0035 000002c4
2022-04-02 18:04:15.128177 True [  160178.180864] 0003 0036 00000447
2022-04-02 18:04:15.128177 True [  160178.187948] 0003 0035 000002cc
2022-04-02 18:04:15.128177 True [  160178.187948] 0003 0036 00000461
2022-04-02 18:04:15.186873 True [  160178.196375] 0003 0035 000002d2
2022-04-02 18:04:15.186873 True [  160178.196375] 0003 0036 0000047b
2022-04-02 18:04:15.186873 True [  160178.207847] 0003 0035 000002d8
2022-04-02 18:04:15.186873 True [  160178.207847] 0003 0036 00000494
2022-04-02 18:04:15.186873 True [  160178.218094] 0003 0035 000002dd
2022-04-02 18:04:15.186873 True [  160178.218094] 0003 0036 000004ae
2022-04-02 18:04:15.186873 True [  160178.225230] 0003 0035 000002df
2022-04-02 18:04:15.186873 True [  160178.225230] 0003 0036 000004c9
2022-04-02 18:04:15.186873 True [  160178.240369] 0003 0035 000002e3
2022-04-02 18:04:15.186873 True [  160178.240369] 0003 0036 000004dd
2022-04-02 18:04:15.186873 True [  160178.248172] 0003 0035 000002eb
2022-04-02 18:04:15.186873 True [  160178.248172] 0003 0036 00000519
2022-04-02 18:04:15.186873 True [  160178.254444] 0003 0035 000002ee
2022-04-02 18:04:15.186873 True [  160178.254444] 0003 0036 00000537
2022-04-02 18:04:15.186873 True [  160178.262997] 0003 0035 000002f1
2022-04-02 18:04:15.186873 True [  160178.262997] 0003 0036 00000559
2022-04-02 18:04:15.259921 True [  160178.271067] 0003 0035 000002f3
2022-04-02 18:04:15.259921 True [  160178.271067] 0003 0036 0000057a
2022-04-02 18:04:15.259921 True [  160178.283371] 0003 0035 000002f5
2022-04-02 18:04:15.259921 True [  160178.283371] 0003 0036 0000059e
2022-04-02 18:04:15.259921 True [  160178.294602] 0003 0035 000002f4
2022-04-02 18:04:15.259921 True [  160178.294602] 0003 0036 000005be
2022-04-02 18:04:15.259921 True [  160178.309000] 0003 0035 000002f3
2022-04-02 18:04:15.259921 True [  160178.309000] 0003 0036 000005da
2022-04-02 18:04:15.259921 True [  160178.323462] 0003 0035 000002ed
2022-04-02 18:04:15.259921 True [  160178.323462] 0003 0036 00000610
2022-04-02 18:04:15.314878 True [  160178.339031] 0003 0035 000002e4
2022-04-02 18:04:15.314878 True [  160178.339031] 0003 0036 0000063f
2022-04-02 18:04:15.314878 True [  160178.353518] 0003 0035 000002d6
2022-04-02 18:04:15.314878 True [  160178.353518] 0003 0036 00000664
2022-04-02 18:04:15.314878 True [  160178.366545] 0003 0035 000002cf
2022-04-02 18:04:15.314878 True [  160178.366545] 0003 0036 00000673
2022-04-02 18:04:15.314878 True [  160178.376850] 0003 0035 000002bf
2022-04-02 18:04:15.314878 True [  160178.376850] 0003 0036 0000068b
2022-04-02 18:04:15.314878 True [  160178.382987] 0003 0035 000002b7
2022-04-02 18:04:15.314878 True [  160178.382987] 0003 0036 00000695
2022-04-02 18:04:15.314878 True [  160178.387410] 0003 0035 000002ae
2022-04-02 18:04:15.314878 True [  160178.387410] 0003 0036 0000069d
2022-04-02 18:04:15.314878 True [  160178.395809] 0003 0035 000002a5
2022-04-02 18:04:15.314878 True [  160178.395809] 0003 0036 000006a2
2022-04-02 18:04:15.351064 True [  160178.410376] 0003 0035 000002a0
2022-04-02 18:04:15.351064 True [  160178.410376] 0003 0036 000006a5
2022-04-02 18:04:15.351064 True [  160178.424691] 0003 0035 0000029d
2022-04-02 18:04:15.351064 True [  160178.436681] 0003 0035 00000293
2022-04-02 18:04:15.351064 True [  160178.436681] 0003 0036 000006a4
2022-04-02 18:04:15.351064 True [  160178.445114] 0003 0035 00000289
2022-04-02 18:04:15.351064 True [  160178.445114] 0003 0036 0000069f
2022-04-02 18:04:15.351064 True [  160178.447601] 0003 0035 0000027d
2022-04-02 18:04:15.351064 True [  160178.447601] 0003 0036 00000693
2022-04-02 18:04:15.407824 True [  160178.454009] 0003 0035 00000272
2022-04-02 18:04:15.407824 True [  160178.454009] 0003 0036 00000683
2022-04-02 18:04:15.407824 True [  160178.467872] 0003 0035 00000267
2022-04-02 18:04:15.407824 True [  160178.467872] 0003 0036 0000066d
2022-04-02 18:04:15.407824 True [  160178.473512] 0003 0035 0000025d
2022-04-02 18:04:15.407824 True [  160178.473512] 0003 0036 00000653
2022-04-02 18:04:15.407824 True [  160178.479137] 0003 0035 00000254
2022-04-02 18:04:15.407824 True [  160178.479137] 0003 0036 00000638
2022-04-02 18:04:15.407824 True [  160178.488128] 0003 0035 0000024c
2022-04-02 18:04:15.407824 True [  160178.488128] 0003 0036 0000061a
2022-04-02 18:04:15.513028 True [  160178.495535] 0003 0035 00000242
2022-04-02 18:04:15.513028 True [  160178.495535] 0003 0036 000005fa
2022-04-02 18:04:15.513028 True [  160178.509065] 0003 0035 0000023a
2022-04-02 18:04:15.513028 True [  160178.509065] 0003 0036 000005db
2022-04-02 18:04:15.513028 True [  160178.519661] 0003 0035 00000231
2022-04-02 18:04:15.513028 True [  160178.519661] 0003 0036 000005bb
2022-04-02 18:04:15.513028 True [  160178.531403] 0003 0035 00000228
2022-04-02 18:04:15.513028 True [  160178.531403] 0003 0036 0000059c
2022-04-02 18:04:15.513028 True [  160178.545591] 0003 0035 00000217
2022-04-02 18:04:15.513028 True [  160178.545591] 0003 0036 0000055d
2022-04-02 18:04:15.623363 True [  160178.560364] 0003 0035 00000205
2022-04-02 18:04:15.623363 True [  160178.560364] 0003 0036 0000051e
2022-04-02 18:04:15.623363 True [  160178.575878] 0003 0035 000001fc
2022-04-02 18:04:15.623363 True [  160178.575878] 0003 0036 000004ff
2022-04-02 18:04:15.623363 True [  160178.591109] 0003 0035 000001eb
2022-04-02 18:04:15.623363 True [  160178.591109] 0003 0036 000004c2
2022-04-02 18:04:15.623363 True [  160178.605292] 0003 0035 000001da
2022-04-02 18:04:15.623363 True [  160178.605292] 0003 0036 0000048a
2022-04-02 18:04:15.623363 True [  160178.620352] 0003 0035 000001cc
2022-04-02 18:04:15.623363 True [  160178.620352] 0003 0036 0000045d
2022-04-02 18:04:15.623363 True [  160178.635524] 0003 0035 000001bb
2022-04-02 18:04:15.623363 True [  160178.635524] 0003 0036 00000437
2022-04-02 18:04:15.728150 True [  160178.649788] 0003 0035 000001b3
2022-04-02 18:04:15.728150 True [  160178.649788] 0003 0036 00000425
2022-04-02 18:04:15.728150 True [  160178.665199] 0003 0035 000001a2
2022-04-02 18:04:15.728150 True [  160178.665199] 0003 0036 00000408
2022-04-02 18:04:15.728150 False [  160178.679375] 0003 0035 0000018f
2022-04-02 18:04:15.728746 False [  160178.746646] 0003 0036 000003e5
2022-04-02 18:04:15.728746 False [  160178.761301] 0003 0035 00000144
2022-04-02 18:04:15.728746 False [  160178.761301] 0003 0036 000003f6
2022-04-02 18:04:15.831242 False [  160178.776691] 0003 0035 00000135
2022-04-02 18:04:15.831242 False [  160178.776691] 0003 0036 0000040b
2022-04-02 18:04:15.831242 False [  160178.787212] 0003 0035 0000012e
2022-04-02 18:04:15.831242 False [  160178.787212] 0003 0036 00000419
2022-04-02 18:04:15.831242 False [  160178.794637] 0003 0035 00000122
2022-04-02 18:04:15.831242 False [  160178.794637] 0003 0036 00000435
2022-04-02 18:04:15.831242 False [  160178.808714] 0003 0035 0000011d
2022-04-02 18:04:15.831242 False [  160178.808714] 0003 0036 00000446
2022-04-02 18:04:15.831242 False [  160178.826838] 0003 0035 0000011a
2022-04-02 18:04:15.831242 False [  160178.826838] 0003 0036 0000045a
2022-04-02 18:04:15.831242 False [  160178.842506] 0003 0035 00000119
2022-04-02 18:04:15.831242 False [  160178.842506] 0003 0036 00000484
2022-04-02 18:04:15.831242 False [  160178.855202] 0003 0035 0000011c
2022-04-02 18:04:15.831242 False [  160178.855202] 0003 0036 000004b9
2022-04-02 18:04:15.831242 False [  160178.864977] 0003 0035 00000124
2022-04-02 18:04:15.831242 False [  160178.864977] 0003 0036 000004ee
2022-04-02 18:04:15.888229 False [  160178.879530] 0003 0035 00000128
2022-04-02 18:04:15.888229 False [  160178.879530] 0003 0036 00000508
2022-04-02 18:04:15.888229 False [  160178.893622] 0003 0035 00000130
2022-04-02 18:04:15.888229 False [  160178.893622] 0003 0036 00000540
2022-04-02 18:04:15.888229 False [  160178.901896] 0003 0035 00000134
2022-04-02 18:04:15.888229 False [  160178.901896] 0003 0036 0000055e
2022-04-02 18:04:15.888229 False [  160178.912421] 0003 0035 00000138
2022-04-02 18:04:15.888229 False [  160178.912421] 0003 0036 0000057a
2022-04-02 18:04:15.888229 True [  160178.927403] 0003 0035 00000140
2022-04-02 18:04:15.888229 False [  160178.958379] 0003 0036 00000607
2022-04-02 18:04:15.888229 False [  160178.970047] 0003 0035 0000015c
2022-04-02 18:04:15.889228 False [  160178.970047] 0003 0036 00000637
2022-04-02 18:04:15.955926 False [  160178.978732] 0003 0035 0000016c
2022-04-02 18:04:15.955926 False [  160178.978732] 0003 0036 00000664
2022-04-02 18:04:15.955926 False [  160178.990296] 0003 0035 00000176
2022-04-02 18:04:15.955926 False [  160178.990296] 0003 0036 00000679
2022-04-02 18:04:15.955926 False [  160179.003810] 0003 0035 00000182
2022-04-02 18:04:15.955926 False [  160179.003810] 0003 0036 0000068f
2022-04-02 18:04:15.955926 False [  160179.011016] 0003 0035 0000019f
2022-04-02 18:04:15.955926 False [  160179.011016] 0003 0036 000006b7
2022-04-02 18:04:15.955926 False [  160179.019572] 0003 0035 000001af
2022-04-02 18:04:15.955926 False [  160179.019572] 0003 0036 000006ca
2022-04-02 18:04:16.042441 False [  160179.027741] 0003 0035 000001be
2022-04-02 18:04:16.042441 False [  160179.027741] 0003 0036 000006da
2022-04-02 18:04:16.042441 False [  160179.038398] 0003 0035 000001cf
2022-04-02 18:04:16.042441 False [  160179.038398] 0003 0036 000006e9
2022-04-02 18:04:16.042441 False [  160179.052401] 0003 0035 000001df
2022-04-02 18:04:16.042441 False [  160179.052401] 0003 0036 000006f6
2022-04-02 18:04:16.042441 False [  160179.066860] 0003 0035 000001fe
2022-04-02 18:04:16.042441 False [  160179.066860] 0003 0036 00000708
2022-04-02 18:04:16.042441 False [  160179.080385] 0003 0035 0000020c
2022-04-02 18:04:16.042441 False [  160179.080385] 0003 0036 0000070e
2022-04-02 18:04:16.042441 False [  160179.093587] 0003 0035 00000227
2022-04-02 18:04:16.156841 False [  160179.093587] 0003 0036 00000714
2022-04-02 18:04:16.156841 False [  160179.106304] 0003 0035 0000022d
2022-04-02 18:04:16.156841 False [  160179.106304] 0003 0036 00000715
2022-04-02 18:04:16.156841 False [  160179.110761] 0003 0035 00000246
2022-04-02 18:04:16.156841 False [  160179.110761] 0003 0036 00000716
2022-04-02 18:04:16.156841 False [  160179.121505] 0003 0035 00000254
2022-04-02 18:04:16.156841 False [  160179.121505] 0003 0036 00000717
2022-04-02 18:04:16.156841 False [  160179.137892] 0003 0035 00000266
2022-04-02 18:04:16.157801 False [  160179.137892] 0003 0036 00000718
2022-04-02 18:04:16.157801 False [  160179.151444] 0003 0035 00000289
2022-04-02 18:04:16.157801 False [  160179.151444] 0003 0036 0000071b
2022-04-02 18:04:16.157801 False [  160179.167236] 0003 0035 0000029b
2022-04-02 18:04:16.157801 False [  160179.167236] 0003 0036 0000071e
2022-04-02 18:04:16.157801 False [  160179.179897] 0003 0035 000002bf
2022-04-02 18:04:16.157801 False [  160179.179897] 0003 0036 00000724
2022-04-02 18:04:16.210343 False [  160179.192718] 0003 0035 000002df
2022-04-02 18:04:16.210343 False [  160179.192718] 0003 0036 00000728
2022-04-02 18:04:16.210343 False [  160179.205453] 0003 0035 000002f0
2022-04-02 18:04:16.210343 False [  160179.205453] 0003 0036 00000729
2022-04-02 18:04:16.210343 False [  160179.220651] 0003 0035 0000030a
2022-04-02 18:04:16.210343 False [  160179.238633] 0003 0035 00000327
2022-04-02 18:04:16.210343 False [  160179.238633] 0003 0036 00000728
2022-04-02 18:04:16.210343 False [  160179.253185] 0003 0035 00000347
2022-04-02 18:04:16.210343 False [  160179.253185] 0003 0036 00000724
2022-04-02 18:04:16.210343 False [  160179.269450] 0003 0035 00000369
2022-04-02 18:04:16.210343 False [  160179.269450] 0003 0036 0000071f
2022-04-02 18:04:16.210343 False [  160179.283323] 0003 0035 0000038c
2022-04-02 18:04:16.210343 False [  160179.283323] 0003 0036 00000719
2022-04-02 18:04:16.210343 False [  160179.293564] 0003 0035 0000039e
2022-04-02 18:04:16.210343 False [  160179.293564] 0003 0036 00000715
2022-04-02 18:04:16.210343 False [  160179.301620] 0003 0035 000003c3
2022-04-02 18:04:16.210343 False [  160179.301620] 0003 0036 0000070b
2022-04-02 18:04:16.303550 False [  160179.309912] 0003 0035 000003d4
2022-04-02 18:04:16.303550 False [  160179.309912] 0003 0036 00000703
2022-04-02 18:04:16.303550 False [  160179.323790] 0003 0035 000003e7
2022-04-02 18:04:16.303550 False [  160179.323790] 0003 0036 000006fa
2022-04-02 18:04:16.303550 False [  160179.337597] 0003 0035 000003f9
2022-04-02 18:04:16.303550 False [  160179.337597] 0003 0036 000006f0
2022-04-02 18:04:16.303550 False [  160179.347294] 0003 0035 00000419
2022-04-02 18:04:16.303550 False [  160179.347294] 0003 0036 000006db
2022-04-02 18:04:16.389098 False [  160179.360241] 0003 0035 00000428
2022-04-02 18:04:16.389098 False [  160179.360241] 0003 0036 000006d1
2022-04-02 18:04:16.389098 False [  160179.373216] 0003 0035 00000445
2022-04-02 18:04:16.389098 False [  160179.373216] 0003 0036 000006be
2022-04-02 18:04:16.389098 False [  160179.384898] 0003 0035 00000452
2022-04-02 18:04:16.389098 False [  160179.384898] 0003 0036 000006b4
2022-04-02 18:04:16.389098 False [  160179.399326] 0003 0035 0000046d
2022-04-02 18:04:16.389098 False [  160179.399326] 0003 0036 0000069f
2022-04-02 18:04:16.389098 False [  160179.412107] 0003 0035 0000047b
2022-04-02 18:04:16.389098 False [  160179.412107] 0003 0036 00000691
2022-04-02 18:04:16.389098 False [  160179.426450] 0003 0035 00000497
2022-04-02 18:04:16.389098 False [  160179.426450] 0003 0036 00000671
2022-04-02 18:04:16.389098 False [  160179.441206] 0003 0035 000004b0
2022-04-02 18:04:16.389098 False [  160179.441206] 0003 0036 00000649
2022-04-02 18:04:16.507430 False [  160179.454947] 0003 0035 000004b9
2022-04-02 18:04:16.507430 False [  160179.454947] 0003 0036 00000635
2022-04-02 18:04:16.507430 False [  160179.468603] 0003 0035 000004c9
2022-04-02 18:04:16.507430 False [  160179.468603] 0003 0036 0000060a
2022-04-02 18:04:16.507430 False [  160179.481963] 0003 0035 000004d6
2022-04-02 18:04:16.507430 False [  160179.481963] 0003 0036 000005de
2022-04-02 18:04:16.507430 False [  160179.494071] 0003 0035 000004db
2022-04-02 18:04:16.507430 True [  160179.494071] 0003 0036 000005c8
2022-04-02 18:04:16.507430 False [  160179.504910] 0003 0035 000004e4
2022-04-02 18:04:16.507430 True [  160179.504910] 0003 0036 0000059d
2022-04-02 18:04:16.508392 True [  160179.512784] 0003 0035 000004e8
2022-04-02 18:04:16.508392 True [  160179.512784] 0003 0036 00000587
2022-04-02 18:04:16.508392 True [  160179.526591] 0003 0035 000004ec
2022-04-02 18:04:16.508392 True [  160179.526591] 0003 0036 0000056f
2022-04-02 18:04:16.589910 True [  160179.540366] 0003 0035 000004f3
2022-04-02 18:04:16.589910 True [  160179.540366] 0003 0036 00000540
2022-04-02 18:04:16.589910 True [  160179.556923] 0003 0035 000004f5
2022-04-02 18:04:16.589910 True [  160179.556923] 0003 0036 00000527
2022-04-02 18:04:16.589910 True [  160179.570584] 0003 0035 000004fa
2022-04-02 18:04:16.589910 True [  160179.570584] 0003 0036 000004f2
2022-04-02 18:04:16.589910 False [  160179.584983] 0003 0035 000004fc
2022-04-02 18:04:16.591319 False [  160179.630378] 0003 0036 0000041b
2022-04-02 18:04:16.591319 False [  160179.645745] 0003 0035 000004f7
2022-04-02 18:04:16.591319 False [  160179.645745] 0003 0036 000003e6
2022-04-02 18:04:16.633521 False [  160179.662046] 0003 0035 000004f0
2022-04-02 18:04:16.633521 False [  160179.662046] 0003 0036 000003ba
2022-04-02 18:04:16.634531 False [  160179.677510] 0003 0035 000004e6
2022-04-02 18:04:16.634531 False [  160179.677510] 0003 0036 0000038f
2022-04-02 18:04:16.634531 False [  160179.692591] 0003 0035 000004db
2022-04-02 18:04:16.634531 False [  160179.692591] 0003 0036 00000370
2022-04-02 18:04:16.634531 False [  160179.707601] 0003 0035 000004c9
2022-04-02 18:04:16.634531 False [  160179.707601] 0003 0036 0000034a
2022-04-02 18:04:16.634531 False [  160179.716613] 0003 0035 000004be
2022-04-02 18:04:16.634531 False [  160179.716613] 0003 0036 00000335
2022-04-02 18:04:16.634531 False [  160179.724149] 0003 0035 000004b4
2022-04-02 18:04:16.634531 False [  160179.724149] 0003 0036 00000323
2022-04-02 18:04:16.634531 False [  160179.726877] 0003 0035 000004a9
2022-04-02 18:04:16.634531 False [  160179.726877] 0003 0036 00000311
2022-04-02 18:04:16.718858 False [  160179.733550] 0003 0035 0000049b
2022-04-02 18:04:16.718858 False [  160179.733550] 0003 0036 000002fe
2022-04-02 18:04:16.718858 False [  160179.746004] 0003 0035 0000048d
2022-04-02 18:04:16.718858 False [  160179.746004] 0003 0036 000002ec
2022-04-02 18:04:16.718858 False [  160179.750299] 0003 0035 00000480
2022-04-02 18:04:16.718858 False [  160179.750299] 0003 0036 000002da
2022-04-02 18:04:16.718858 False [  160179.761517] 0003 0035 00000471
2022-04-02 18:04:16.718858 False [  160179.761517] 0003 0036 000002c9
2022-04-02 18:04:16.821057 False [  160179.771432] 0003 0035 00000462
2022-04-02 18:04:16.821057 False [  160179.771432] 0003 0036 000002ba
2022-04-02 18:04:16.821057 False [  160179.776910] 0003 0035 00000453
2022-04-02 18:04:16.821057 False [  160179.776910] 0003 0036 000002ab
2022-04-02 18:04:16.821057 False [  160179.787637] 0003 0035 00000444
2022-04-02 18:04:16.821057 False [  160179.787637] 0003 0036 0000029e
2022-04-02 18:04:16.821057 False [  160179.802552] 0003 0035 00000436
2022-04-02 18:04:16.821057 False [  160179.802552] 0003 0036 00000291
2022-04-02 18:04:16.821057 False [  160179.814823] 0003 0035 00000416
2022-04-02 18:04:16.821057 False [  160179.814823] 0003 0036 0000027c
2022-04-02 18:04:16.821057 False [  160179.829435] 0003 0035 00000405
2022-04-02 18:04:16.821057 False [  160179.829435] 0003 0036 00000271
2022-04-02 18:04:16.821057 False [  160179.842765] 0003 0035 000003e4
2022-04-02 18:04:16.821057 False [  160179.842765] 0003 0036 0000025f
2022-04-02 18:04:16.821057 False [  160179.856002] 0003 0035 000003c3
2022-04-02 18:04:16.821057 False [  160179.856002] 0003 0036 00000251
2022-04-02 18:04:16.908308 False [  160179.868950] 0003 0035 000003b2
2022-04-02 18:04:16.908308 False [  160179.868950] 0003 0036 0000024b
2022-04-02 18:04:16.908308 False [  160179.881106] 0003 0035 00000391
2022-04-02 18:04:16.908308 False [  160179.881106] 0003 0036 00000240
2022-04-02 18:04:16.908308 False [  160179.889063] 0003 0035 00000380
2022-04-02 18:04:16.908308 False [  160179.889063] 0003 0036 0000023b
2022-04-02 18:04:16.908308 False [  160179.901522] 0003 0035 00000370
2022-04-02 18:04:16.908308 False [  160179.901522] 0003 0036 00000237
2022-04-02 18:04:16.908308 False [  160179.913957] 0003 0035 00000351
2022-04-02 18:04:16.908308 False [  160179.913957] 0003 0036 0000022f
2022-04-02 18:04:16.908308 False [  160179.930388] 0003 0035 00000341
2022-04-02 18:04:16.908308 False [  160179.930388] 0003 0036 0000022b
2022-04-02 18:04:16.908308 False [  160179.943293] 0003 0035 00000321
2022-04-02 18:04:16.908308 False [  160179.943293] 0003 0036 00000226
2022-04-02 18:04:16.908308 False [  160179.957390] 0003 0035 00000301
2022-04-02 18:04:16.908308 False [  160179.957390] 0003 0036 00000222
2022-04-02 18:04:16.983347 False [  160179.973235] 0003 0035 000002ef
2022-04-02 18:04:16.983347 False [  160179.973235] 0003 0036 0000021f
2022-04-02 18:04:16.983347 False [  160179.987959] 0003 0035 000002c9
2022-04-02 18:04:16.983347 False [  160179.987959] 0003 0036 0000021c
2022-04-02 18:04:16.983347 False [  160180.002873] 0003 0035 0000029e
2022-04-02 18:04:16.983347 False [  160180.002873] 0003 0036 00000219
2022-04-02 18:04:16.983347 False [  160180.014116] 0003 0035 00000274
2022-04-02 18:04:16.983347 False [  160180.014116] 0003 0036 00000217
2022-04-02 18:04:16.983347 False [  160180.019756] 0003 0035 00000262
2022-04-02 18:04:16.984382 False [  160180.024522] 0003 0035 00000250
2022-04-02 18:04:16.984382 False [  160180.036449] 0003 0035 00000241
2022-04-02 18:04:16.984382 False [  160180.044964] 0003 0035 00000231
2022-04-02 18:04:17.040693 False [  160180.049383] 0003 0035 0000021f
2022-04-02 18:04:17.040693 False [  160180.049383] 0003 0036 00000219
2022-04-02 18:04:17.040693 False [  160180.063268] 0003 0035 0000020e
2022-04-02 18:04:17.040693 False [  160180.063268] 0003 0036 0000021b
2022-04-02 18:04:17.040693 False [  160180.078004] 0003 0035 000001fe
2022-04-02 18:04:17.041690 False [  160180.078004] 0003 0036 0000021f
2022-04-02 18:04:17.041690 False [  160180.093087] 0003 0035 000001dc
2022-04-02 18:04:17.041690 False [  160180.093087] 0003 0036 0000022c
2022-04-02 18:04:17.041690 False [  160180.106527] 0003 0035 000001bf
2022-04-02 18:04:17.041690 False [  160180.106527] 0003 0036 0000023c
2022-04-02 18:04:17.115664 False [  160180.120227] 0003 0035 000001b0
2022-04-02 18:04:17.115664 False [  160180.120227] 0003 0036 00000247
2022-04-02 18:04:17.115664 False [  160180.133887] 0003 0035 00000196
2022-04-02 18:04:17.115664 False [  160180.133887] 0003 0036 00000261
2022-04-02 18:04:17.115664 False [  160180.148386] 0003 0035 0000017e
2022-04-02 18:04:17.115664 False [  160180.148386] 0003 0036 00000284
2022-04-02 18:04:17.115664 False [  160180.161125] 0003 0035 00000174
2022-04-02 18:04:17.115664 False [  160180.161125] 0003 0036 00000295
2022-04-02 18:04:17.115664 False [  160180.174264] 0003 0035 00000163
2022-04-02 18:04:17.115664 False [  160180.174264] 0003 0036 000002bd
2022-04-02 18:04:17.228024 False [  160180.182185] 0003 0035 00000156
2022-04-02 18:04:17.228024 False [  160180.182185] 0003 0036 000002eb
2022-04-02 18:04:17.228024 False [  160180.193119] 0003 0035 0000014f
2022-04-02 18:04:17.228024 False [  160180.193119] 0003 0036 00000306
2022-04-02 18:04:17.228024 False [  160180.208406] 0003 0035 0000014c
2022-04-02 18:04:17.228024 False [  160180.208406] 0003 0036 00000323
2022-04-02 18:04:17.228024 False [  160180.222234] 0003 0035 00000145
2022-04-02 18:04:17.228024 False [  160180.222234] 0003 0036 00000362
2022-04-02 18:04:17.228024 False [  160180.232201] 0003 0035 00000144
2022-04-02 18:04:17.228024 False [  160180.232201] 0003 0036 00000384
2022-04-02 18:04:17.228024 False [  160180.240751] 0003 0036 000003ca
2022-04-02 18:04:17.228024 False [  160180.253987] 0003 0035 00000145
2022-04-02 18:04:17.228024 False [  160180.253987] 0003 0036 000003eb
2022-04-02 18:04:17.306537 False [  160180.265260] 0003 0035 00000148
2022-04-02 18:04:17.306537 False [  160180.265260] 0003 0036 00000414
2022-04-02 18:04:17.306537 False [  160180.278105] 0003 0035 0000014e
2022-04-02 18:04:17.306537 False [  160180.278105] 0003 0036 00000459
2022-04-02 18:04:17.306537 False [  160180.290895] 0003 0035 00000153
2022-04-02 18:04:17.306983 False [  160180.290895] 0003 0036 0000047e
2022-04-02 18:04:17.306983 False [  160180.306562] 0003 0035 0000015f
2022-04-02 18:04:17.306983 False [  160180.306562] 0003 0036 000004ca
2022-04-02 18:04:17.306983 True [  160180.323077] 0003 0035 00000168
2022-04-02 18:04:17.306983 True [  160180.349960] 0003 0036 000005bd
2022-04-02 18:04:17.306983 True [  160180.365169] 0003 0035 000001b1
2022-04-02 18:04:17.306983 True [  160180.365169] 0003 0036 00000620
2022-04-02 18:04:17.372053 True [  160180.376464] 0003 0035 000001c9
2022-04-02 18:04:17.372053 False [  160180.376464] 0003 0036 00000674
2022-04-02 18:04:17.372053 False [  160180.381728] 0003 0035 000001d3
2022-04-02 18:04:17.373001 False [  160180.427024] 0003 0036 00000734
2022-04-02 18:04:17.373001 False [  160180.431593] 0003 0035 00000213
2022-04-02 18:04:17.373001 False [  160180.431593] 0003 0036 00000750
