Mode = area stim
    verts = 5 
    radius = 550 
    center = (800, 1280) 
    first_angle = 3.083491420835297 
    wm_size = [1600 2560] 
    stim_amp = 2 
    baseline_stim = 3
    current_stim_group = 0
    sense_zone = 0
    ===============================
2022-03-16 19:47:16.635086 False [   35353.651043] 0003 0036 000009f8
2022-03-16 19:47:16.650579 False [   35353.675019] 0003 0035 000003c3
2022-03-16 19:47:16.650579 False [   35353.675019] 0003 0036 000009f7
2022-03-16 19:47:16.660063 False [   35353.683175] 0003 0035 000003bf
2022-03-16 19:47:16.660063 False [   35353.683175] 0003 0036 000009f5
2022-03-16 19:47:16.666772 False [   35353.691610] 0003 0035 000003bb
2022-03-16 19:47:16.666772 False [   35353.691610] 0003 0036 000009f1
2022-03-16 19:47:16.678207 False [   35353.699859] 0003 0035 000003b7
2022-03-16 19:47:16.678207 False [   35353.699859] 0003 0036 000009eb
2022-03-16 19:47:16.685189 False [   35353.708231] 0003 0035 000003b2
2022-03-16 19:47:16.685189 False [   35353.708231] 0003 0036 000009dd
2022-03-16 19:47:16.694165 False [   35353.716387] 0003 0035 000003ae
2022-03-16 19:47:16.694165 False [   35353.716387] 0003 0036 000009cd
2022-03-16 19:47:16.702317 False [   35353.724876] 0003 0035 000003ab
2022-03-16 19:47:16.702317 False [   35353.724876] 0003 0036 000009c1
2022-03-16 19:47:16.712940 False [   35353.733222] 0003 0035 000003a9
2022-03-16 19:47:16.712940 False [   35353.733222] 0003 0036 000009b9
2022-03-16 19:47:16.725780 False [   35353.741540] 0003 0035 000003a7
2022-03-16 19:47:16.725780 False [   35353.741540] 0003 0036 000009a9
2022-03-16 19:47:16.729474 False [   35353.749817] 0003 0035 000003a4
2022-03-16 19:47:16.729474 False [   35353.749817] 0003 0036 00000998
2022-03-16 19:47:16.736398 False [   35353.758103] 0003 0036 0000098e
2022-03-16 19:47:16.744362 False [   35353.766372] 0003 0035 000003a3
2022-03-16 19:47:16.744362 False [   35353.766372] 0003 0036 0000097a
2022-03-16 19:47:16.752350 False [   35353.774709] 0003 0035 000003a2
2022-03-16 19:47:16.752350 False [   35353.774709] 0003 0036 00000964
2022-03-16 19:47:16.761134 False [   35353.782908] 0003 0035 000003a1
2022-03-16 19:47:16.761134 False [   35353.782908] 0003 0036 00000950
2022-03-16 19:47:16.766313 False [   35353.791371] 0003 0036 0000093a
2022-03-16 19:47:16.774501 False [   35353.799645] 0003 0036 00000924
2022-03-16 19:47:16.784339 False [   35353.807995] 0003 0036 0000090d
2022-03-16 19:47:16.793364 False [   35353.816255] 0003 0035 000003a0
2022-03-16 19:47:16.793364 False [   35353.816255] 0003 0036 000008f5
2022-03-16 19:47:16.804680 False [   35353.824654] 0003 0036 000008dc
2022-03-16 19:47:16.810608 False [   35353.832788] 0003 0036 000008c4
2022-03-16 19:47:16.817609 False [   35353.841185] 0003 0036 000008ab
2022-03-16 19:47:16.826580 False [   35353.849428] 0003 0036 00000892
2022-03-16 19:47:16.835689 False [   35353.857930] 0003 0036 0000087b
2022-03-16 19:47:16.843127 False [   35353.866085] 0003 0035 000003a1
2022-03-16 19:47:16.843127 False [   35353.866085] 0003 0036 0000085f
2022-03-16 19:47:16.851178 False [   35353.874490] 0003 0035 000003a4
2022-03-16 19:47:16.851178 False [   35353.874490] 0003 0036 00000847
2022-03-16 19:47:16.860859 False [   35353.882760] 0003 0035 000003a6
2022-03-16 19:47:16.860859 False [   35353.882760] 0003 0036 0000082d
2022-03-16 19:47:16.869316 False [   35353.891129] 0003 0035 000003a9
2022-03-16 19:47:16.869316 False [   35353.891129] 0003 0036 00000815
2022-03-16 19:47:16.877310 False [   35353.899325] 0003 0035 000003aa
2022-03-16 19:47:16.877310 False [   35353.899325] 0003 0036 000007fc
2022-03-16 19:47:16.884595 False [   35353.907781] 0003 0035 000003ad
2022-03-16 19:47:16.884595 False [   35353.907781] 0003 0036 000007e8
2022-03-16 19:47:16.893172 False [   35353.916075] 0003 0035 000003b0
2022-03-16 19:47:16.893172 False [   35353.916075] 0003 0036 000007d4
2022-03-16 19:47:16.902018 False [   35353.924516] 0003 0035 000003b2
2022-03-16 19:47:16.902018 False [   35353.924516] 0003 0036 000007b9
2022-03-16 19:47:16.911863 False [   35353.933592] 0003 0035 000003b4
2022-03-16 19:47:16.911863 False [   35353.933592] 0003 0036 000007a2
2022-03-16 19:47:16.918548 False [   35353.941046] 0003 0035 000003b6
2022-03-16 19:47:16.918548 False [   35353.941046] 0003 0036 00000788
2022-03-16 19:47:16.926225 False [   35353.949177] 0003 0035 000003b8
2022-03-16 19:47:16.926225 False [   35353.949177] 0003 0036 00000770
2022-03-16 19:47:16.938384 False [   35353.957635] 0003 0035 000003ba
2022-03-16 19:47:16.938384 False [   35353.957635] 0003 0036 00000753
2022-03-16 19:47:16.944529 False [   35353.965910] 0003 0035 000003bd
2022-03-16 19:47:16.944529 False [   35353.965910] 0003 0036 00000737
2022-03-16 19:47:16.950031 False [   35353.974243] 0003 0035 000003bf
2022-03-16 19:47:16.951043 False [   35353.974243] 0003 0036 00000718
2022-03-16 19:47:16.960446 False [   35353.982583] 0003 0035 000003c1
2022-03-16 19:47:16.960446 False [   35353.982583] 0003 0036 000006f9
2022-03-16 19:47:16.966743 False [   35353.990843] 0003 0035 000003c4
2022-03-16 19:47:16.967756 False [   35353.990843] 0003 0036 000006da
2022-03-16 19:47:16.975374 False [   35353.999066] 0003 0035 000003c5
2022-03-16 19:47:16.975374 False [   35353.999066] 0003 0036 000006b9
2022-03-16 19:47:16.985505 False [   35354.007463] 0003 0035 000003c6
2022-03-16 19:47:16.985505 True [   35354.007463] 0003 0036 0000069a
2022-03-16 19:47:16.992828 True [   35354.015736] 0003 0036 0000067d
2022-03-16 19:47:17.001884 True [   35354.024105] 0003 0036 00000661
2022-03-16 19:47:17.009931 True [   35354.032329] 0003 0035 000003c5
2022-03-16 19:47:17.010874 True [   35354.032329] 0003 0036 00000648
2022-03-16 19:47:17.017609 True [   35354.040789] 0003 0035 000003c4
2022-03-16 19:47:17.018612 True [   35354.040789] 0003 0036 00000630
2022-03-16 19:47:17.026551 True [   35354.049039] 0003 0035 000003c1
2022-03-16 19:47:17.026551 True [   35354.049039] 0003 0036 00000614
2022-03-16 19:47:17.036562 True [   35354.057371] 0003 0035 000003bf
2022-03-16 19:47:17.036562 True [   35354.057371] 0003 0036 000005fb
2022-03-16 19:47:17.042348 True [   35354.065614] 0003 0035 000003bc
2022-03-16 19:47:17.042348 True [   35354.065614] 0003 0036 000005e0
2022-03-16 19:47:17.051440 True [   35354.074276] 0003 0035 000003b9
2022-03-16 19:47:17.051440 True [   35354.074276] 0003 0036 000005c8
2022-03-16 19:47:17.059358 True [   35354.082230] 0003 0035 000003b6
2022-03-16 19:47:17.059358 True [   35354.082230] 0003 0036 000005ac
2022-03-16 19:47:17.067138 True [   35354.090895] 0003 0035 000003b2
2022-03-16 19:47:17.067138 True [   35354.090895] 0003 0036 00000592
2022-03-16 19:47:17.075057 True [   35354.098841] 0003 0035 000003af
2022-03-16 19:47:17.075057 True [   35354.098841] 0003 0036 00000576
2022-03-16 19:47:17.085563 True [   35354.108115] 0003 0035 000003ad
2022-03-16 19:47:17.085563 True [   35354.108115] 0003 0036 0000055d
2022-03-16 19:47:17.092745 True [   35354.115461] 0003 0035 000003ab
2022-03-16 19:47:17.092745 True [   35354.115461] 0003 0036 0000053a
2022-03-16 19:47:17.100469 True [   35354.124298] 0003 0035 000003a7
2022-03-16 19:47:17.100469 True [   35354.124298] 0003 0036 0000051c
2022-03-16 19:47:17.111718 True [   35354.132071] 0003 0035 000003a5
2022-03-16 19:47:17.111718 True [   35354.132071] 0003 0036 000004ff
2022-03-16 19:47:17.117800 True [   35354.140645] 0003 0035 000003a0
2022-03-16 19:47:17.117800 True [   35354.140645] 0003 0036 000004db
2022-03-16 19:47:17.127358 True [   35354.148752] 0003 0035 0000039d
2022-03-16 19:47:17.127358 True [   35354.148752] 0003 0036 000004b9
2022-03-16 19:47:17.134559 True [   35354.157169] 0003 0035 00000399
2022-03-16 19:47:17.134559 True [   35354.157169] 0003 0036 00000494
2022-03-16 19:47:17.142276 True [   35354.165497] 0003 0035 00000397
2022-03-16 19:47:17.142276 True [   35354.165497] 0003 0036 00000471
2022-03-16 19:47:17.152191 True [   35354.173859] 0003 0035 00000394
2022-03-16 19:47:17.152191 True [   35354.173859] 0003 0036 0000044e
2022-03-16 19:47:17.158970 True [   35354.182046] 0003 0035 00000392
2022-03-16 19:47:17.158970 True [   35354.182046] 0003 0036 0000042a
2022-03-16 19:47:17.166900 True [   35354.190458] 0003 0035 00000391
2022-03-16 19:47:17.166900 True [   35354.190458] 0003 0036 00000409
2022-03-16 19:47:17.174881 True [   35354.198611] 0003 0036 000003ea
2022-03-16 19:47:17.185065 True [   35354.207808] 0003 0035 00000390
2022-03-16 19:47:17.185065 True [   35354.207808] 0003 0036 000003cf
2022-03-16 19:47:17.191331 True [   35354.215253] 0003 0036 000003b6
2022-03-16 19:47:17.201782 True [   35354.224059] 0003 0035 0000038f
2022-03-16 19:47:17.201782 True [   35354.224059] 0003 0036 00000397
2022-03-16 19:47:17.208936 True [   35354.231955] 0003 0036 0000037e
2022-03-16 19:47:17.217508 True [   35354.240964] 0003 0036 00000364
2022-03-16 19:47:17.225246 True [   35354.248547] 0003 0035 00000390
2022-03-16 19:47:17.225246 False [   35354.248547] 0003 0036 0000034d
2022-03-16 19:47:17.235233 False [   35354.257221] 0003 0035 00000391
2022-03-16 19:47:17.235991 False [   35354.257221] 0003 0036 00000335
2022-03-16 19:47:17.240889 False [   35354.265084] 0003 0036 0000031e
2022-03-16 19:47:17.252598 False [   35354.274336] 0003 0035 00000392
2022-03-16 19:47:17.252598 False [   35354.274336] 0003 0036 00000308
2022-03-16 19:47:17.258588 False [   35354.281697] 0003 0036 000002f0
2022-03-16 19:47:17.267278 False [   35354.290838] 0003 0035 00000394
2022-03-16 19:47:17.267278 False [   35354.290838] 0003 0036 000002db
2022-03-16 19:47:17.277654 False [   35354.298341] 0003 0036 000002c3
2022-03-16 19:47:17.284765 False [   35354.306738] 0003 0035 00000395
2022-03-16 19:47:17.284765 False [   35354.306738] 0003 0036 000002ad
2022-03-16 19:47:17.292683 False [   35354.315010] 0003 0036 00000299
2022-03-16 19:47:17.301070 False [   35354.323367] 0003 0036 00000287
2022-03-16 19:47:17.309547 False [   35354.331576] 0003 0036 0000027b
2022-03-16 19:47:17.317882 False [   35354.341390] 0003 0035 00000393
2022-03-16 19:47:17.317882 False [   35354.341390] 0003 0036 00000265
2022-03-16 19:47:17.326843 False [   35354.348261] 0003 0035 00000392
2022-03-16 19:47:17.326843 False [   35354.348261] 0003 0036 00000251
2022-03-16 19:47:17.332832 False [   35354.356622] 0003 0036 00000245
2022-03-16 19:47:17.343268 False [   35354.364777] 0003 0035 00000391
2022-03-16 19:47:17.344261 False [   35354.364777] 0003 0036 00000235
2022-03-16 19:47:17.350388 False [   35354.373250] 0003 0035 00000390
2022-03-16 19:47:17.350388 False [   35354.373250] 0003 0036 0000022a
2022-03-16 19:47:17.359214 False [   35354.381474] 0003 0035 0000038f
2022-03-16 19:47:17.359214 False [   35354.381474] 0003 0036 00000218
2022-03-16 19:47:17.367018 False [   35354.389884] 0003 0035 0000038e
2022-03-16 19:47:17.367018 False [   35354.389884] 0003 0036 0000020d
2022-03-16 19:47:17.374345 False [   35354.398042] 0003 0036 000001ff
2022-03-16 19:47:17.382966 False [   35354.406458] 0003 0035 0000038d
2022-03-16 19:47:17.382966 False [   35354.406458] 0003 0036 000001f6
2022-03-16 19:47:17.394098 False [   35354.414626] 0003 0036 000001e8
2022-03-16 19:47:17.400039 False [   35354.423107] 0003 0036 000001de
2022-03-16 19:47:17.406656 False [   35354.431423] 0003 0036 000001d3
2022-03-16 19:47:17.416577 False [   35354.439686] 0003 0036 000001cb
2022-03-16 19:47:17.425290 False [   35354.447909] 0003 0036 000001be
2022-03-16 19:47:17.431598 False [   35354.456563] 0003 0036 000001b4
2022-03-16 19:47:17.441235 False [   35354.464532] 0003 0036 000001a8
2022-03-16 19:47:17.450275 False [   35354.473142] 0003 0036 0000019f
2022-03-16 19:47:17.458708 False [   35354.481174] 0003 0036 00000195
2022-03-16 19:47:17.468110 False [   35354.489590] 0003 0036 0000018e
2022-03-16 19:47:17.475987 False [   35354.497759] 0003 0036 00000184
2022-03-16 19:47:17.482146 False [   35354.506161] 0003 0036 0000017c
2022-03-16 19:47:17.490469 False [   35354.514580] 0003 0036 00000172
2022-03-16 19:47:17.502870 False [   35354.523380] 0003 0036 0000016b
2022-03-16 19:47:17.509927 False [   35354.531264] 0003 0036 00000166
2022-03-16 19:47:17.518172 False [   35354.539442] 0003 0035 0000038c
2022-03-16 19:47:17.518172 False [   35354.539442] 0003 0036 0000015e
2022-03-16 19:47:17.526551 False [   35354.547633] 0003 0035 0000038b
2022-03-16 19:47:17.526551 False [   35354.547633] 0003 0036 00000158
2022-03-16 19:47:17.530554 False [   35354.555999] 0003 0036 00000153
2022-03-16 19:47:17.540522 False [   35354.564343] 0003 0036 0000014b
2022-03-16 19:47:17.549963 False [   35354.573982] 0003 0035 0000038a
2022-03-16 19:47:17.549963 False [   35354.573982] 0003 0036 00000145
2022-03-16 19:47:17.557940 False [   35354.580867] 0003 0036 0000013c
2022-03-16 19:47:18.458058 False [   35355.478704] 0003 0035 000003dc
2022-03-16 19:47:18.458058 False [   35355.478704] 0003 0036 000006e5
2022-03-16 19:47:19.781342 False [   35356.800408] 0003 0035 00000329
2022-03-16 19:47:19.781342 False [   35356.800408] 0003 0036 000007ef
2022-03-16 19:47:20.068916 False [   35357.082173] 0003 0035 000003b3
2022-03-16 19:47:20.068916 False [   35357.082173] 0003 0036 0000076d
2022-03-16 19:47:20.236156 False [   35357.256619] 0003 0035 0000027d
2022-03-16 19:47:20.236156 False [   35357.256619] 0003 0036 0000075b
2022-03-16 19:47:20.463316 False [   35357.481041] 0003 0035 0000026d
2022-03-16 19:47:20.463316 True [   35357.481041] 0003 0036 000006d1
2022-03-16 19:47:20.590128 True [   35357.613820] 0003 0035 00000268
2022-03-16 19:47:20.590128 True [   35357.613820] 0003 0036 000006bb
2022-03-16 19:47:20.948388 False [   35357.972104] 0003 0035 000003d4
2022-03-16 19:47:20.949398 False [   35357.972104] 0003 0036 0000084b
2022-03-16 19:47:22.589362 False [   35359.610365] 0003 0035 000003dd
2022-03-16 19:47:22.589362 False [   35359.610365] 0003 0036 0000087f
2022-03-16 19:47:31.660136 False [   35368.683125] 0003 0035 00000408
2022-03-16 19:47:31.660136 False [   35368.683125] 0003 0036 000008e8
2022-03-16 19:47:31.676099 False [   35368.699190] 0003 0035 000004d7
2022-03-16 19:47:31.676099 False [   35368.699190] 0003 0036 00000881
2022-03-16 19:47:31.708890 False [   35368.732226] 0003 0036 0000087f
2022-03-16 19:47:31.727017 False [   35368.748673] 0003 0036 0000087e
2022-03-16 19:47:31.733994 False [   35368.756895] 0003 0035 000004d9
2022-03-16 19:47:31.733994 False [   35368.756895] 0003 0036 0000087c
2022-03-16 19:47:31.743293 False [   35368.765313] 0003 0035 000004da
2022-03-16 19:47:31.743293 False [   35368.765313] 0003 0036 0000087a
2022-03-16 19:47:31.749487 False [   35368.773543] 0003 0035 000004db
2022-03-16 19:47:31.749487 False [   35368.773543] 0003 0036 00000879
2022-03-16 19:47:31.757195 False [   35368.782020] 0003 0035 000004dd
2022-03-16 19:47:31.757195 False [   35368.782020] 0003 0036 00000878
2022-03-16 19:47:31.767409 False [   35368.790227] 0003 0035 000004df
2022-03-16 19:47:31.767409 False [   35368.790227] 0003 0036 00000877
2022-03-16 19:47:31.775475 False [   35368.798573] 0003 0035 000004e2
2022-03-16 19:47:31.775475 False [   35368.798573] 0003 0036 00000876
2022-03-16 19:47:31.784899 False [   35368.806724] 0003 0035 000004e4
2022-03-16 19:47:31.784899 False [   35368.806724] 0003 0036 00000875
2022-03-16 19:47:31.791244 False [   35368.815524] 0003 0035 000004e7
2022-03-16 19:47:31.791244 False [   35368.815524] 0003 0036 00000874
2022-03-16 19:47:31.799039 False [   35368.823444] 0003 0036 000008e7
2022-03-16 19:47:31.800065 False [   35368.823444] 0003 0035 000004e9
2022-03-16 19:47:31.807163 False [   35368.831796] 0003 0035 000004ec
2022-03-16 19:47:31.807163 False [   35368.831796] 0003 0036 00000873
2022-03-16 19:47:31.817454 False [   35368.840371] 0003 0036 000008e6
2022-03-16 19:47:31.817454 False [   35368.840371] 0003 0035 000004ef
2022-03-16 19:47:31.824358 False [   35368.849013] 0003 0035 000004f1
2022-03-16 19:47:31.833966 False [   35368.856750] 0003 0035 00000407
2022-03-16 19:47:31.833966 False [   35368.856750] 0003 0036 000008e5
2022-03-16 19:47:31.833966 False [   35368.856750] 0003 0035 000004f3
2022-03-16 19:47:31.834953 False [   35368.856750] 0003 0036 00000872
2022-03-16 19:47:31.841211 False [   35368.865180] 0003 0036 000008e4
2022-03-16 19:47:31.841211 False [   35368.865180] 0003 0035 000004f5
2022-03-16 19:47:31.850808 False [   35368.873280] 0003 0035 00000406
2022-03-16 19:47:31.850808 False [   35368.873280] 0003 0035 000004f7
2022-03-16 19:47:31.857895 False [   35368.881667] 0003 0035 000004f9
2022-03-16 19:47:31.868846 False [   35368.889934] 0003 0035 00000405
2022-03-16 19:47:31.868846 False [   35368.889934] 0003 0035 000004fb
2022-03-16 19:47:31.874995 False [   35368.898273] 0003 0035 00000404
2022-03-16 19:47:31.874995 False [   35368.898273] 0003 0036 000008e3
2022-03-16 19:47:31.892291 False [   35368.915027] 0003 0035 000004fc
2022-03-16 19:47:31.909865 False [   35368.931987] 0003 0035 00000403
2022-03-16 19:47:31.909865 False [   35368.931987] 0003 0035 000004fd
2022-03-16 19:47:31.917355 False [   35368.939814] 0003 0035 000004fe
2022-03-16 19:47:31.924460 False [   35368.948376] 0003 0035 00000402
2022-03-16 19:47:31.932124 False [   35368.956412] 0003 0035 00000401
2022-03-16 19:47:31.940887 False [   35368.964950] 0003 0035 000004ff
2022-03-16 19:47:31.950202 False [   35368.972974] 0003 0035 00000500
2022-03-16 19:47:31.958116 False [   35368.981529] 0003 0035 00000501
2022-03-16 19:47:31.968033 False [   35368.989659] 0003 0035 00000400
2022-03-16 19:47:31.976664 False [   35368.998254] 0003 0035 00000502
2022-03-16 19:47:31.985379 False [   35369.006193] 0003 0035 000003ff
2022-03-16 19:47:31.991339 False [   35369.014594] 0003 0035 00000503
2022-03-16 19:47:32.000929 False [   35369.022993] 0003 0035 000003fe
2022-03-16 19:47:32.000929 False [   35369.022993] 0003 0035 00000504
2022-03-16 19:47:32.000929 False [   35369.022993] 0003 0036 00000873
2022-03-16 19:47:32.019396 False [   35369.039719] 0003 0035 000003fd
2022-03-16 19:47:32.019396 False [   35369.039719] 0003 0035 00000505
2022-03-16 19:47:32.038287 False [   35369.056267] 0003 0035 00000506
2022-03-16 19:47:32.044363 False [   35369.064882] 0003 0035 000003fc
2022-03-16 19:47:32.050250 False [   35369.072750] 0003 0035 00000507
2022-03-16 19:47:32.056955 False [   35369.081093] 0003 0035 000003fb
2022-03-16 19:47:32.066150 False [   35369.089301] 0003 0035 00000508
2022-03-16 19:47:32.073410 False [   35369.097711] 0003 0035 000003fa
2022-03-16 19:47:32.091948 False [   35369.114494] 0003 0035 000003f9
2022-03-16 19:47:32.091948 False [   35369.114494] 0003 0035 00000509
2022-03-16 19:47:32.142039 False [   35369.164817] 0003 0035 000003f8
2022-03-16 19:47:32.161417 False [   35369.181133] 0003 0035 0000050a
2022-03-16 19:47:32.175466 False [   35369.197407] 0003 0035 000003f7
2022-03-16 19:47:32.210159 False [   35369.230704] 0003 0035 000003f6
2022-03-16 19:47:32.848800 False [   35369.862243] 0003 0035 000003e3
2022-03-16 19:47:32.848800 False [   35369.862243] 0003 0036 000008e6
2022-03-16 19:47:32.997574 False [   35370.019857] 0003 0036 000008e5
2022-03-16 19:47:33.032956 False [   35370.053089] 0003 0036 000008e4
2022-03-16 19:47:33.050689 False [   35370.069722] 0003 0036 000008e3
2022-03-16 19:47:33.066246 False [   35370.086393] 0003 0036 000008e2
2022-03-16 19:47:33.087506 False [   35370.111515] 0003 0036 000008e1
2022-03-16 19:47:33.107450 False [   35370.128076] 0003 0036 000008e0
2022-03-16 19:47:33.114453 False [   35370.136311] 0003 0036 000008df
2022-03-16 19:47:33.122421 False [   35370.144778] 0003 0036 000008de
2022-03-16 19:47:33.153769 False [   35370.169684] 0003 0036 000008dd
2022-03-16 19:47:33.157282 False [   35370.177965] 0003 0036 000008dc
2022-03-16 19:47:33.163887 False [   35370.186235] 0003 0036 000008db
2022-03-16 19:47:33.170821 False [   35370.194488] 0003 0036 000008da
2022-03-16 19:47:33.197161 False [   35370.219366] 0003 0036 000008d9
2022-03-16 19:47:33.203216 False [   35370.227947] 0003 0036 000008d8
2022-03-16 19:47:33.210541 False [   35370.236159] 0003 0036 000008d7
2022-03-16 19:47:33.220251 False [   35370.244405] 0003 0036 000008d6
2022-03-16 19:47:33.229347 False [   35370.252633] 0003 0036 000008d5
2022-03-16 19:47:33.246136 False [   35370.269223] 0003 0036 000008d4
2022-03-16 19:47:33.253807 False [   35370.277599] 0003 0036 000008d2
2022-03-16 19:47:33.261123 False [   35370.285857] 0003 0036 000008d1
2022-03-16 19:47:33.279693 False [   35370.302537] 0003 0036 000008d0
2022-03-16 19:47:33.287965 False [   35370.310877] 0003 0036 000008cf
2022-03-16 19:47:33.294970 False [   35370.319050] 0003 0036 000008ce
2022-03-16 19:47:33.305287 False [   35370.327586] 0003 0036 000008cd
2022-03-16 19:47:33.313266 False [   35370.335737] 0003 0036 000008cc
2022-03-16 19:47:33.321921 False [   35370.344279] 0003 0036 000008cb
2022-03-16 19:47:33.329511 False [   35370.352484] 0003 0035 000003e4
2022-03-16 19:47:33.330036 False [   35370.352484] 0003 0036 000008c9
2022-03-16 19:47:33.337462 False [   35370.360741] 0003 0036 000008c8
2022-03-16 19:47:33.355964 False [   35370.377374] 0003 0036 000008c7
2022-03-16 19:47:33.362954 False [   35370.385595] 0003 0036 000008c5
2022-03-16 19:47:33.371287 False [   35370.393973] 0003 0036 000008c4
2022-03-16 19:47:33.387529 False [   35370.410605] 0003 0036 000008c2
2022-03-16 19:47:33.396158 False [   35370.418929] 0003 0036 000008c1
2022-03-16 19:47:33.404951 False [   35370.427271] 0003 0036 000008c0
2022-03-16 19:47:33.413087 False [   35370.435457] 0003 0036 000008bf
2022-03-16 19:47:33.420497 False [   35370.443870] 0003 0036 000008be
2022-03-16 19:47:33.431291 False [   35370.452051] 0003 0036 000008bc
2022-03-16 19:47:33.437922 False [   35370.460477] 0003 0036 000008bb
2022-03-16 19:47:33.445932 False [   35370.468707] 0003 0036 000008ba
2022-03-16 19:47:33.456643 False [   35370.477203] 0003 0036 000008b9
2022-03-16 19:47:33.461834 False [   35370.485362] 0003 0036 000008b8
2022-03-16 19:47:33.470689 False [   35370.493721] 0003 0036 000008b7
2022-03-16 19:47:33.477734 False [   35370.501943] 0003 0036 000008b5
2022-03-16 19:47:33.495875 False [   35370.518567] 0003 0036 000008b4
2022-03-16 19:47:33.503496 False [   35370.526969] 0003 0036 000008b2
2022-03-16 19:47:33.515715 False [   35370.535231] 0003 0036 000008b1
2022-03-16 19:47:33.519304 False [   35370.543704] 0003 0036 000008af
2022-03-16 19:47:33.540518 False [   35370.560491] 0003 0036 000008ad
2022-03-16 19:47:33.544506 False [   35370.568700] 0003 0036 000008ab
2022-03-16 19:47:33.553380 False [   35370.576808] 0003 0036 000008aa
2022-03-16 19:47:33.560762 False [   35370.585094] 0003 0036 000008a9
2022-03-16 19:47:33.571808 False [   35370.593487] 0003 0035 000003e5
2022-03-16 19:47:33.572315 False [   35370.593487] 0003 0036 000008a7
2022-03-16 19:47:33.579003 False [   35370.601716] 0003 0036 000008a6
2022-03-16 19:47:33.587086 False [   35370.610074] 0003 0036 000008a4
2022-03-16 19:47:33.595138 False [   35370.618278] 0003 0036 000008a2
2022-03-16 19:47:33.604128 False [   35370.626728] 0003 0036 0000089f
2022-03-16 19:47:33.611276 False [   35370.634926] 0003 0036 0000089e
2022-03-16 19:47:33.619623 False [   35370.643358] 0003 0036 0000089c
2022-03-16 19:47:33.627822 False [   35370.651492] 0003 0036 0000089a
2022-03-16 19:47:33.636352 False [   35370.659905] 0003 0036 00000899
2022-03-16 19:47:33.645056 False [   35370.668275] 0003 0036 00000897
2022-03-16 19:47:33.652976 False [   35370.676667] 0003 0036 00000896
2022-03-16 19:47:33.660573 False [   35370.684779] 0003 0036 00000895
2022-03-16 19:47:33.668054 False [   35370.693154] 0003 0036 00000894
2022-03-16 19:47:33.676964 False [   35370.701473] 0003 0036 00000893
2022-03-16 19:47:33.686568 False [   35370.709819] 0003 0036 00000892
2022-03-16 19:47:33.693418 False [   35370.718045] 0003 0036 00000890
2022-03-16 19:47:33.702974 False [   35370.726500] 0003 0036 0000088f
2022-03-16 19:47:33.723097 False [   35370.743095] 0003 0036 0000088e
2022-03-16 19:47:33.728376 False [   35370.751464] 0003 0036 0000088d
2022-03-16 19:47:33.737396 False [   35370.759640] 0003 0036 0000088c
2022-03-16 19:47:33.745567 False [   35370.767881] 0003 0036 0000088b
2022-03-16 19:47:33.755748 False [   35370.776329] 0003 0036 0000088a
2022-03-16 19:47:33.771717 False [   35370.792978] 0003 0036 00000889
2022-03-16 19:47:33.777370 False [   35370.801145] 0003 0036 00000888
2022-03-16 19:47:33.785115 False [   35370.809494] 0003 0036 00000887
2022-03-16 19:47:33.793044 False [   35370.817726] 0003 0036 00000886
2022-03-16 19:47:33.801976 False [   35370.826168] 0003 0036 00000885
2022-03-16 19:47:33.812138 False [   35370.834379] 0003 0036 00000884
2022-03-16 19:47:33.819630 False [   35370.842749] 0003 0036 00000883
2022-03-16 19:47:33.829235 False [   35370.851091] 0003 0036 00000882
2022-03-16 19:47:33.836305 False [   35370.859463] 0003 0036 00000881
2022-03-16 19:47:33.844444 False [   35370.867646] 0003 0036 00000880
2022-03-16 19:47:33.851983 False [   35370.876034] 0003 0036 0000087f
2022-03-16 19:47:33.869978 False [   35370.892658] 0003 0036 0000087e
2022-03-16 19:47:33.878190 False [   35370.900930] 0003 0036 0000087d
2022-03-16 19:47:33.885556 False [   35370.909262] 0003 0036 0000087c
2022-03-16 19:47:33.892871 False [   35370.917526] 0003 0036 0000087b
2022-03-16 19:47:33.902792 False [   35370.925945] 0003 0036 0000087a
2022-03-16 19:47:33.912258 False [   35370.934140] 0003 0036 00000879
2022-03-16 19:47:33.929041 False [   35370.950757] 0003 0036 00000878
2022-03-16 19:47:33.936256 False [   35370.959116] 0003 0036 00000877
2022-03-16 19:47:33.944860 False [   35370.967372] 0003 0036 00000876
2022-03-16 19:47:33.954960 False [   35370.975800] 0003 0035 000003e4
2022-03-16 19:47:33.962565 False [   35370.984057] 0003 0036 00000875
2022-03-16 19:47:33.970020 False [   35370.992408] 0003 0036 00000874
2022-03-16 19:47:33.998562 False [   35371.017237] 0003 0036 00000873
2022-03-16 19:47:34.003690 False [   35371.025807] 0003 0036 00000872
2022-03-16 19:47:34.011268 False [   35371.033809] 0003 0036 00000871
2022-03-16 19:47:34.027123 False [   35371.050449] 0003 0036 00000870
2022-03-16 19:47:34.034857 False [   35371.058866] 0003 0036 0000086f
2022-03-16 19:47:34.062533 False [   35371.083885] 0003 0036 0000086e
2022-03-16 19:47:34.069239 False [   35371.092153] 0003 0036 0000086d
2022-03-16 19:47:34.078579 False [   35371.100396] 0003 0036 0000086c
2022-03-16 19:47:34.087490 False [   35371.108814] 0003 0036 0000086a
2022-03-16 19:47:34.095634 False [   35371.116934] 0003 0036 00000869
2022-03-16 19:47:34.111338 False [   35371.133707] 0003 0036 00000867
2022-03-16 19:47:34.119477 False [   35371.142057] 0003 0036 00000866
2022-03-16 19:47:34.127381 False [   35371.150200] 0003 0035 000003e3
2022-03-16 19:47:34.127381 False [   35371.150200] 0003 0036 00000864
2022-03-16 19:47:34.143701 False [   35371.166933] 0003 0036 00000862
2022-03-16 19:47:34.151854 False [   35371.175253] 0003 0036 00000861
2022-03-16 19:47:34.161193 False [   35371.183400] 0003 0035 000003e2
2022-03-16 19:47:34.161193 False [   35371.183400] 0003 0036 00000860
2022-03-16 19:47:34.173119 False [   35371.191827] 0003 0036 0000085f
2022-03-16 19:47:34.176694 False [   35371.200244] 0003 0036 0000085e
2022-03-16 19:47:34.194101 False [   35371.216799] 0003 0035 000003e1
2022-03-16 19:47:34.194101 False [   35371.216799] 0003 0036 0000085c
2022-03-16 19:47:34.202102 False [   35371.225101] 0003 0036 0000085b
2022-03-16 19:47:34.210936 False [   35371.233414] 0003 0036 0000085a
2022-03-16 19:47:34.219299 False [   35371.241782] 0003 0036 00000859
2022-03-16 19:47:34.228717 False [   35371.249894] 0003 0035 000003e0
2022-03-16 19:47:34.234962 False [   35371.258308] 0003 0036 00000858
2022-03-16 19:47:34.244010 False [   35371.266529] 0003 0036 00000857
2022-03-16 19:47:34.252583 False [   35371.274946] 0003 0036 00000856
2022-03-16 19:47:34.261925 False [   35371.283210] 0003 0036 00000855
2022-03-16 19:47:34.268903 False [   35371.291632] 0003 0036 00000854
2022-03-16 19:47:34.276760 False [   35371.299799] 0003 0036 00000853
2022-03-16 19:47:34.285572 False [   35371.308181] 0003 0036 00000852
2022-03-16 19:47:34.291889 False [   35371.316462] 0003 0036 00000851
2022-03-16 19:47:34.301558 False [   35371.324835] 0003 0036 0000084f
2022-03-16 19:47:34.319154 False [   35371.341412] 0003 0035 000003df
2022-03-16 19:47:34.319154 False [   35371.341412] 0003 0036 0000084e
2022-03-16 19:47:34.329135 False [   35371.349655] 0003 0036 0000084d
2022-03-16 19:47:34.335765 False [   35371.358126] 0003 0036 0000084b
2022-03-16 19:47:34.351654 False [   35371.374644] 0003 0036 0000084a
2022-03-16 19:47:34.358362 False [   35371.382924] 0003 0036 00000849
2022-03-16 19:47:34.370277 False [   35371.391308] 0003 0035 000003de
2022-03-16 19:47:34.370277 False [   35371.391308] 0003 0036 00000847
2022-03-16 19:47:34.385527 False [   35371.407921] 0003 0036 00000846
2022-03-16 19:47:34.391345 False [   35371.416097] 0003 0036 00000845
2022-03-16 19:47:34.402325 False [   35371.424585] 0003 0036 00000844
2022-03-16 19:47:34.410651 False [   35371.432734] 0003 0036 00000843
2022-03-16 19:47:34.419154 False [   35371.441191] 0003 0036 00000842
2022-03-16 19:47:34.438757 False [   35371.457917] 0003 0036 00000841
2022-03-16 19:47:34.445517 False [   35371.466033] 0003 0036 00000840
2022-03-16 19:47:34.451077 False [   35371.474406] 0003 0035 000003dd
2022-03-16 19:47:34.451077 False [   35371.474406] 0003 0036 0000083f
2022-03-16 19:47:34.459955 False [   35371.482606] 0003 0036 0000083e
2022-03-16 19:47:34.483990 False [   35371.507662] 0003 0036 0000083c
2022-03-16 19:47:34.494059 False [   35371.515860] 0003 0036 0000083b
2022-03-16 19:47:34.502622 False [   35371.524263] 0003 0036 0000083a
2022-03-16 19:47:34.508359 False [   35371.532540] 0003 0036 00000839
2022-03-16 19:47:34.516455 False [   35371.540953] 0003 0036 00000838
2022-03-16 19:47:34.525826 False [   35371.549130] 0003 0035 000003dc
2022-03-16 19:47:34.526850 False [   35371.549130] 0003 0036 00000837
2022-03-16 19:47:34.533587 False [   35371.557511] 0003 0036 00000836
2022-03-16 19:47:34.547202 False [   35371.565745] 0003 0036 00000835
2022-03-16 19:47:34.560168 False [   35371.582443] 0003 0035 000003db
2022-03-16 19:47:34.560168 False [   35371.582443] 0003 0036 00000834
2022-03-16 19:47:34.568144 False [   35371.590752] 0003 0036 00000833
2022-03-16 19:47:34.574128 False [   35371.599017] 0003 0036 00000832
2022-03-16 19:47:34.583766 False [   35371.607368] 0003 0036 00000831
2022-03-16 19:47:34.608892 False [   35371.632280] 0003 0036 00000830
2022-03-16 19:47:34.618322 False [   35371.640650] 0003 0036 0000082f
2022-03-16 19:47:34.635011 False [   35371.657390] 0003 0036 0000082e
2022-03-16 19:47:34.650101 False [   35371.673832] 0003 0035 000003da
2022-03-16 19:47:34.650101 False [   35371.673832] 0003 0036 0000082d
2022-03-16 19:47:34.677548 False [   35371.698707] 0003 0036 0000082c
2022-03-16 19:47:34.684525 False [   35371.707217] 0003 0036 0000082b
2022-03-16 19:47:34.699348 False [   35371.723728] 0003 0036 0000082a
2022-03-16 19:47:34.708951 False [   35371.732055] 0003 0035 000003d9
2022-03-16 19:47:34.708951 False [   35371.732055] 0003 0036 00000829
2022-03-16 19:47:34.718252 False [   35371.740357] 0003 0036 00000828
2022-03-16 19:47:34.743479 False [   35371.765326] 0003 0036 00000827
2022-03-16 19:47:34.748952 False [   35371.773586] 0003 0036 00000826
2022-03-16 19:47:34.761691 False [   35371.781935] 0003 0036 00000825
2022-03-16 19:47:34.774670 False [   35371.798510] 0003 0036 00000824
2022-03-16 19:47:34.791811 False [   35371.815052] 0003 0036 00000823
2022-03-16 19:47:34.811044 False [   35371.831644] 0003 0036 00000822
2022-03-16 19:47:34.815947 False [   35371.840069] 0003 0036 00000821
2022-03-16 19:47:34.825488 False [   35371.848268] 0003 0036 00000820
2022-03-16 19:47:34.850276 False [   35371.873277] 0003 0036 0000081f
2022-03-16 19:47:34.860195 False [   35371.881511] 0003 0036 0000081e
2022-03-16 19:47:34.877253 False [   35371.898180] 0003 0036 0000081d
2022-03-16 19:47:34.884352 False [   35371.906550] 0003 0036 0000081c
2022-03-16 19:47:34.900105 False [   35371.923246] 0003 0036 0000081b
2022-03-16 19:47:34.915202 False [   35371.939755] 0003 0036 0000081a
2022-03-16 19:47:34.948706 False [   35371.973012] 0003 0036 00000819
2022-03-16 19:47:34.966660 False [   35371.989623] 0003 0036 00000818
2022-03-16 19:47:34.985628 False [   35372.006314] 0003 0036 00000817
2022-03-16 19:47:34.999575 False [   35372.022860] 0003 0036 00000816
2022-03-16 19:47:35.024501 False [   35372.039535] 0003 0036 00000815
2022-03-16 19:47:35.052425 False [   35372.072815] 0003 0036 00000814
2022-03-16 19:47:35.064393 False [   35372.089364] 0003 0036 00000813
2022-03-16 19:47:35.083371 False [   35372.106010] 0003 0036 00000812
2022-03-16 19:47:35.101326 False [   35372.122601] 0003 0036 00000811
2022-03-16 19:47:35.118025 False [   35372.139221] 0003 0036 00000810
2022-03-16 19:47:35.132256 False [   35372.155863] 0003 0036 0000080f
2022-03-16 19:47:35.166815 False [   35372.189087] 0003 0036 0000080e
2022-03-16 19:47:35.183005 False [   35372.205671] 0003 0036 0000080d
2022-03-16 19:47:35.202109 False [   35372.222298] 0003 0036 0000080c
2022-03-16 19:47:35.221552 False [   35372.238999] 0003 0036 0000080b
2022-03-16 19:47:35.235293 False [   35372.255559] 0003 0036 0000080a
2022-03-16 19:47:35.268090 False [   35372.288913] 0003 0036 00000808
2022-03-16 19:47:35.276070 False [   35372.297165] 0003 0036 00000807
2022-03-16 19:47:35.283178 False [   35372.305460] 0003 0036 00000806
2022-03-16 19:47:35.293157 False [   35372.313645] 0003 0036 00000805
2022-03-16 19:47:35.308955 False [   35372.330545] 0003 0036 00000804
2022-03-16 19:47:35.315344 False [   35372.338758] 0003 0036 00000803
2022-03-16 19:47:35.323425 False [   35372.346891] 0003 0036 00000802
2022-03-16 19:47:35.332473 False [   35372.355303] 0003 0036 00000801
2022-03-16 19:47:35.339049 False [   35372.363486] 0003 0036 00000800
2022-03-16 19:47:35.349976 False [   35372.371925] 0003 0036 000007ff
2022-03-16 19:47:35.365655 False [   35372.388512] 0003 0036 000007fe
2022-03-16 19:47:35.372641 False [   35372.396732] 0003 0036 000007fd
2022-03-16 19:47:35.390583 False [   35372.413606] 0003 0036 000007fc
2022-03-16 19:47:35.398579 False [   35372.421831] 0003 0036 000007fb
2022-03-16 19:47:35.407496 False [   35372.429994] 0003 0036 000007fa
2022-03-16 19:47:35.422351 False [   35372.446708] 0003 0036 000007f9
2022-03-16 19:47:35.437701 False [   35372.455028] 0003 0036 000007f8
2022-03-16 19:47:35.444250 False [   35372.463344] 0003 0036 000007f7
2022-03-16 19:47:35.448561 False [   35372.471654] 0003 0036 000007f6
2022-03-16 19:47:35.455089 False [   35372.479815] 0003 0036 000007f5
2022-03-16 19:47:35.465329 False [   35372.488308] 0003 0036 000007f4
2022-03-16 19:47:35.482278 False [   35372.504829] 0003 0036 000007f2
2022-03-16 19:47:35.489224 False [   35372.513067] 0003 0036 000007f1
2022-03-16 19:47:35.498709 False [   35372.521499] 0003 0036 000007f0
2022-03-16 19:47:35.508826 False [   35372.529707] 0003 0035 000003d8
2022-03-16 19:47:35.508826 False [   35372.529707] 0003 0036 000007ef
2022-03-16 19:47:35.522361 False [   35372.538153] 0003 0036 000007ee
2022-03-16 19:47:35.527504 False [   35372.546375] 0003 0036 000007ec
2022-03-16 19:47:35.531478 False [   35372.554789] 0003 0036 000007eb
2022-03-16 19:47:35.540749 False [   35372.562943] 0003 0035 000003d7
2022-03-16 19:47:35.540749 False [   35372.562943] 0003 0036 000007ea
2022-03-16 19:47:35.548702 False [   35372.571334] 0003 0036 000007e9
2022-03-16 19:47:35.556693 False [   35372.579552] 0003 0036 000007e8
2022-03-16 19:47:35.564662 False [   35372.587958] 0003 0036 000007e6
2022-03-16 19:47:35.571612 False [   35372.596162] 0003 0035 000003d6
2022-03-16 19:47:35.571612 False [   35372.596162] 0003 0036 000007e5
2022-03-16 19:47:35.580657 False [   35372.604626] 0003 0036 000007e4
2022-03-16 19:47:35.589653 False [   35372.612826] 0003 0036 000007e3
2022-03-16 19:47:35.598129 False [   35372.621180] 0003 0036 000007e2
2022-03-16 19:47:35.605720 False [   35372.629431] 0003 0036 000007e1
2022-03-16 19:47:35.615336 False [   35372.637840] 0003 0036 000007df
2022-03-16 19:47:35.632395 False [   35372.654545] 0003 0036 000007de
2022-03-16 19:47:35.638352 False [   35372.662696] 0003 0036 000007dd
2022-03-16 19:47:35.648055 False [   35372.671065] 0003 0036 000007db
2022-03-16 19:47:35.656047 False [   35372.679233] 0003 0036 000007da
2022-03-16 19:47:35.664213 False [   35372.687693] 0003 0036 000007d9
2022-03-16 19:47:35.682346 False [   35372.704296] 0003 0036 000007d8
2022-03-16 19:47:35.691564 False [   35372.712568] 0003 0036 000007d7
2022-03-16 19:47:35.697975 False [   35372.720923] 0003 0036 000007d6
2022-03-16 19:47:35.706650 False [   35372.729156] 0003 0036 000007d4
2022-03-16 19:47:35.722738 False [   35372.745849] 0003 0036 000007d2
2022-03-16 19:47:35.732868 False [   35372.754150] 0003 0036 000007d1
2022-03-16 19:47:35.741038 False [   35372.762332] 0003 0036 000007d0
2022-03-16 19:47:35.749563 False [   35372.770881] 0003 0036 000007cf
2022-03-16 19:47:35.757051 False [   35372.779040] 0003 0036 000007ce
2022-03-16 19:47:35.764583 False [   35372.787453] 0003 0036 000007cd
2022-03-16 19:47:35.773242 False [   35372.795649] 0003 0036 000007cc
2022-03-16 19:47:35.780390 False [   35372.804033] 0003 0036 000007ca
2022-03-16 19:47:35.787729 False [   35372.812257] 0003 0036 000007c9
2022-03-16 19:47:35.797833 False [   35372.820670] 0003 0036 000007c8
2022-03-16 19:47:35.805679 False [   35372.828874] 0003 0036 000007c7
2022-03-16 19:47:35.813463 False [   35372.837288] 0003 0036 000007c6
2022-03-16 19:47:35.822344 False [   35372.845501] 0003 0036 000007c4
2022-03-16 19:47:35.841901 False [   35372.862275] 0003 0036 000007c3
2022-03-16 19:47:35.846421 False [   35372.870602] 0003 0036 000007c2
2022-03-16 19:47:35.855961 False [   35372.878810] 0003 0036 000007c0
2022-03-16 19:47:35.862359 False [   35372.887116] 0003 0036 000007bf
2022-03-16 19:47:35.870366 False [   35372.895302] 0003 0036 000007be
2022-03-16 19:47:35.881381 False [   35372.903744] 0003 0036 000007bd
2022-03-16 19:47:35.889228 False [   35372.911996] 0003 0036 000007bb
2022-03-16 19:47:35.899298 False [   35372.920394] 0003 0036 000007b9
2022-03-16 19:47:35.914593 False [   35372.936956] 0003 0036 000007b7
2022-03-16 19:47:35.920753 False [   35372.945199] 0003 0036 000007b6
2022-03-16 19:47:35.929782 False [   35372.953625] 0003 0036 000007b5
2022-03-16 19:47:35.937403 False [   35372.961794] 0003 0036 000007b4
2022-03-16 19:47:35.948130 False [   35372.970193] 0003 0036 000007b3
2022-03-16 19:47:35.956220 False [   35372.978412] 0003 0036 000007b2
2022-03-16 19:47:35.965907 False [   35372.986845] 0003 0036 000007b1
2022-03-16 19:47:35.975647 False [   35372.995113] 0003 0036 000007b0
2022-03-16 19:47:35.981008 False [   35373.003528] 0003 0036 000007af
2022-03-16 19:47:35.989182 False [   35373.011645] 0003 0036 000007ae
2022-03-16 19:47:35.998099 False [   35373.020120] 0003 0036 000007ad
2022-03-16 19:47:36.014105 False [   35373.036770] 0003 0036 000007ac
2022-03-16 19:47:36.021344 False [   35373.044914] 0003 0036 000007ab
2022-03-16 19:47:36.047596 False [   35373.069930] 0003 0036 000007aa
2022-03-16 19:47:36.054043 False [   35373.078121] 0003 0036 000007a9
2022-03-16 19:47:36.063937 False [   35373.086540] 0003 0036 000007a8
2022-03-16 19:47:36.072308 False [   35373.094910] 0003 0036 000007a7
2022-03-16 19:47:36.090183 False [   35373.111399] 0003 0036 000007a6
2022-03-16 19:47:36.095553 False [   35373.119767] 0003 0036 000007a5
2022-03-16 19:47:36.103948 False [   35373.128055] 0003 0036 000007a4
2022-03-16 19:47:36.111763 False [   35373.136530] 0003 0036 000007a2
2022-03-16 19:47:36.122265 False [   35373.144652] 0003 0036 000007a1
2022-03-16 19:47:36.130364 False [   35373.153076] 0003 0036 000007a0
2022-03-16 19:47:36.136486 False [   35373.161227] 0003 0036 0000079e
2022-03-16 19:47:36.154589 False [   35373.177909] 0003 0036 0000079c
