Mode = area stim
    verts = 4 
    radius = 550 
    center = (600, 960) 
    first_angle = 0.6510293235592144 
    wm_size = [1200 1920] 
    stim_amp = 4 
    baseline_stim = 2
    current_stim_group = 0
    sense_zone = 0
    ===============================
2022-03-10 15:43:17.057510 False [   88119.928695] 0003 0035 000002be
2022-03-10 15:43:17.074378 False [   88119.945384] 0003 0035 000002be
2022-03-10 15:43:17.091665 False [   88119.962320] 0003 0035 000002be
2022-03-10 15:43:17.107385 False [   88119.979306] 0003 0035 000002be
2022-03-10 15:43:17.124311 False [   88119.996180] 0003 0035 000002be
2022-03-10 15:43:17.143048 False [   88120.012908] 0003 0035 000002be
2022-03-10 15:43:18.381823 True [   88121.249982] 0003 0035 000004ca
2022-03-10 15:43:18.395595 True [   88121.266342] 0003 0035 000004ca
2022-03-10 15:43:18.414423 True [   88121.283363] 0003 0035 000004ca
2022-03-10 15:43:18.431361 True [   88121.300447] 0003 0035 000004ca
2022-03-10 15:43:18.446236 True [   88121.317340] 0003 0035 000004ca
2022-03-10 15:43:18.465096 True [   88121.334174] 0003 0035 000004ca
2022-03-10 15:43:18.478711 True [   88121.351006] 0003 0035 000004ca
2022-03-10 15:43:18.497383 True [   88121.367762] 0003 0035 000004ca
2022-03-10 15:43:20.057450 False [   88122.928250] 0003 0035 00000070
2022-03-10 15:43:20.073597 False [   88122.943707] 0003 0035 00000070
2022-03-10 15:43:20.089980 False [   88122.960476] 0003 0035 00000070
2022-03-10 15:43:20.109641 False [   88122.977410] 0003 0035 00000070
2022-03-10 15:43:20.123825 False [   88122.994528] 0003 0035 00000070
2022-03-10 15:43:20.142607 False [   88123.010965] 0003 0035 00000070
2022-03-10 15:43:20.159915 False [   88123.027683] 0003 0035 00000070
2022-03-10 15:43:20.174336 False [   88123.044551] 0003 0035 00000070
2022-03-10 15:43:20.191079 False [   88123.061478] 0003 0035 00000070
2022-03-10 15:43:20.207751 False [   88123.078476] 0003 0035 00000070
2022-03-10 15:43:20.224221 False [   88123.095464] 0003 0035 00000070
2022-03-10 15:43:20.241902 False [   88123.112369] 0003 0035 00000070
2022-03-10 15:43:20.257759 False [   88123.129457] 0003 0035 00000070
2022-03-10 15:43:26.526312 False [   88129.396660] 0003 0035 0000000d
2022-03-10 15:43:26.542186 False [   88129.412875] 0003 0035 0000000d
2022-03-10 15:43:26.558726 False [   88129.430149] 0003 0035 0000000d
2022-03-10 15:43:26.576356 False [   88129.446508] 0003 0035 0000000d
2022-03-10 15:43:26.595363 False [   88129.465803] 0003 0035 0000000d
2022-03-10 15:43:26.611882 False [   88129.480261] 0003 0035 0000000d
2022-03-10 15:43:26.627049 False [   88129.497164] 0003 0035 0000000d
2022-03-10 15:43:26.644512 False [   88129.514426] 0003 0035 0000000d
2022-03-10 15:43:26.659798 False [   88129.530889] 0003 0035 0000000d
2022-03-10 15:44:44.288980 True [   88207.156962] 0003 0035 00000268
2022-03-10 15:44:44.304117 True [   88207.173331] 0003 0035 00000268
2022-03-10 15:44:44.320179 True [   88207.190108] 0003 0035 00000268
2022-03-10 15:44:44.337257 True [   88207.207045] 0003 0035 00000268
2022-03-10 15:44:44.355772 True [   88207.224099] 0003 0035 00000268
2022-03-10 15:44:44.371433 True [   88207.240976] 0003 0035 00000268
2022-03-10 15:44:44.388128 True [   88207.258160] 0003 0035 00000268
2022-03-10 15:44:44.405070 True [   88207.274512] 0003 0035 00000268
2022-03-10 15:44:47.794990 False [   88210.664397] 0003 0035 0000001c
2022-03-10 15:44:47.809583 False [   88210.679661] 0003 0035 0000001c
2022-03-10 15:44:47.828542 False [   88210.696369] 0003 0035 0000001c
2022-03-10 15:44:47.843389 False [   88210.713064] 0003 0035 0000001c
2022-03-10 15:44:47.860762 False [   88210.730003] 0003 0035 0000001c
2022-03-10 15:44:47.878917 False [   88210.746876] 0003 0035 0000001c
2022-03-10 15:44:49.899805 False [   88212.767487] 0003 0035 0000000c
2022-03-10 15:44:49.917145 False [   88212.783612] 0003 0035 0000000c
2022-03-10 15:44:49.934736 False [   88212.800676] 0003 0035 0000000c
2022-03-10 15:44:49.949504 False [   88212.817554] 0003 0035 0000000c
2022-03-10 15:44:49.966061 False [   88212.834356] 0003 0035 0000000c
2022-03-10 15:44:49.982493 False [   88212.851335] 0003 0035 0000000c
2022-03-10 15:44:49.999328 False [   88212.868211] 0003 0035 0000000c
2022-03-10 15:44:51.659375 False [   88214.530328] 0003 0035 000004eb
2022-03-10 15:44:51.676519 False [   88214.545329] 0003 0035 000004eb
2022-03-10 15:44:51.693547 False [   88214.562223] 0003 0035 000004eb
2022-03-10 15:44:51.710642 False [   88214.579125] 0003 0035 000004eb
2022-03-10 15:44:51.726434 False [   88214.596127] 0003 0035 000004eb
2022-03-10 15:44:51.742945 False [   88214.612999] 0003 0035 000004eb
2022-03-10 15:44:51.761123 False [   88214.629920] 0003 0035 000004eb
2022-03-10 15:45:10.465877 True [   88233.331733] 0003 0035 000002b7
2022-03-10 15:45:10.479844 False [   88233.348360] 0003 0035 000002b7
2022-03-10 15:45:10.496168 False [   88233.364879] 0003 0035 000002b7
2022-03-10 15:45:10.513320 False [   88233.381483] 0003 0035 000002b7
2022-03-10 15:45:10.531319 False [   88233.399583] 0003 0035 000002b7
2022-03-10 15:45:10.548274 False [   88233.415125] 0003 0035 000002b7
2022-03-10 15:45:10.563159 False [   88233.432821] 0003 0035 000002b7
2022-03-10 15:45:10.581253 False [   88233.449728] 0003 0035 000002b7
2022-03-10 15:45:10.596394 False [   88233.465708] 0003 0035 000002b7
2022-03-10 15:45:10.614015 False [   88233.483255] 0003 0035 000002b7
2022-03-10 15:45:10.630849 False [   88233.499234] 0003 0035 000002b7
2022-03-10 15:45:13.206414 False [   88236.074863] 0003 0035 0000023c
2022-03-10 15:45:13.222440 False [   88236.091599] 0003 0035 0000023c
2022-03-10 15:45:13.238804 False [   88236.108322] 0003 0035 0000023c
2022-03-10 15:45:13.256071 False [   88236.125039] 0003 0035 0000023c
2022-03-10 15:45:13.274114 False [   88236.142015] 0003 0035 0000023c
2022-03-10 15:45:13.289159 False [   88236.158686] 0003 0035 0000023c
2022-03-10 15:45:13.307559 False [   88236.175670] 0003 0035 0000023c
2022-03-10 15:45:13.324475 False [   88236.192757] 0003 0035 0000023c
2022-03-10 15:45:13.341484 False [   88236.210588] 0003 0035 0000023c
2022-03-10 15:45:13.358866 False [   88236.227654] 0003 0035 0000023c
2022-03-10 15:45:13.375155 False [   88236.243596] 0003 0035 0000023c
2022-03-10 15:45:13.391655 False [   88236.260356] 0003 0035 0000023c
2022-03-10 15:45:13.409647 False [   88236.277635] 0003 0035 0000023c
2022-03-10 15:45:13.427322 False [   88236.295728] 0003 0035 0000023c
2022-03-10 15:45:13.442809 False [   88236.313100] 0003 0035 0000023c
2022-03-10 15:45:13.461021 False [   88236.329897] 0003 0035 0000023c
2022-03-10 15:45:13.477514 False [   88236.346444] 0003 0035 0000023c
2022-03-10 15:45:13.493067 False [   88236.362057] 0003 0035 0000023c
2022-03-10 15:45:13.510845 False [   88236.379244] 0003 0035 00000240
2022-03-10 15:45:13.527864 False [   88236.397003] 0003 0035 00000240
2022-03-10 15:45:13.544933 False [   88236.414299] 0003 0035 00000240
2022-03-10 15:45:13.561509 False [   88236.430801] 0003 0035 00000240
2022-03-10 15:45:13.577535 False [   88236.447072] 0003 0035 00000240
2022-03-10 15:45:13.594354 False [   88236.463264] 0003 0035 00000240
2022-03-10 15:45:13.613331 False [   88236.481976] 0003 0035 00000240
2022-03-10 15:45:13.628879 False [   88236.497663] 0003 0035 00000240
2022-03-10 15:45:13.646132 False [   88236.514697] 0003 0035 00000240
2022-03-10 15:45:16.475370 False [   88239.344756] 0003 0035 00000304
2022-03-10 15:45:16.493160 True [   88239.361856] 0003 0035 00000304
2022-03-10 15:45:16.509983 True [   88239.378826] 0003 0035 00000304
2022-03-10 15:45:16.526433 True [   88239.394767] 0003 0035 00000304
2022-03-10 15:45:16.543283 True [   88239.411811] 0003 0035 00000304
2022-03-10 15:45:16.559119 True [   88239.428813] 0003 0035 00000304
2022-03-10 15:45:47.410969 True [   88270.275669] 0003 0035 000002bf
2022-03-10 15:45:47.423877 True [   88270.291660] 0003 0035 000002bf
2022-03-10 15:45:47.444683 True [   88270.308836] 0003 0035 000002bf
2022-03-10 15:45:47.457184 True [   88270.325160] 0003 0035 000002bf
2022-03-10 15:45:47.474004 True [   88270.342190] 0003 0035 000002c9
2022-03-10 15:45:47.491943 True [   88270.359094] 0003 0035 000002d6
2022-03-10 15:45:47.509827 True [   88270.376187] 0003 0035 000002e5
2022-03-10 15:45:47.525708 True [   88270.392969] 0003 0035 000002f8
2022-03-10 15:45:47.543314 True [   88270.409880] 0003 0035 00000312
2022-03-10 15:45:47.558985 True [   88270.427198] 0003 0035 0000032c
2022-03-10 15:45:47.575796 True [   88270.443840] 0003 0035 00000343
2022-03-10 15:45:47.592186 True [   88270.460685] 0003 0035 00000358
2022-03-10 15:45:47.611337 True [   88270.477614] 0003 0035 0000036b
2022-03-10 15:45:47.627686 True [   88270.494609] 0003 0035 0000037d
2022-03-10 15:45:47.645554 True [   88270.511522] 0003 0035 0000038e
2022-03-10 15:45:47.660007 True [   88270.528397] 0003 0035 0000039d
2022-03-10 15:45:47.677812 True [   88270.545372] 0003 0035 000003a9
2022-03-10 15:45:47.694850 True [   88270.562378] 0003 0035 000003b4
2022-03-10 15:45:47.712584 True [   88270.579265] 0003 0035 000003bc
2022-03-10 15:45:47.728664 True [   88270.596155] 0003 0035 000003c2
2022-03-10 15:45:47.745321 True [   88270.613058] 0003 0035 000003cb
2022-03-10 15:45:47.763203 True [   88270.630405] 0003 0035 000003de
2022-03-10 15:45:50.289784 True [   88273.155342] 0003 0035 000001ae
2022-03-10 15:45:50.302915 True [   88273.171293] 0003 0035 000001ae
2022-03-10 15:45:50.320319 True [   88273.188123] 0003 0035 000001ae
2022-03-10 15:45:50.336049 True [   88273.204953] 0003 0035 000001ae
2022-03-10 15:45:50.354650 True [   88273.221964] 0003 0035 000001b2
2022-03-10 15:45:50.371377 True [   88273.238780] 0003 0035 000001b9
2022-03-10 15:45:50.388950 True [   88273.255806] 0003 0035 000001c3
2022-03-10 15:45:50.404616 True [   88273.272669] 0003 0035 000001d0
2022-03-10 15:45:50.424684 True [   88273.289660] 0003 0035 000001de
2022-03-10 15:45:50.438128 True [   88273.306596] 0003 0035 000001ed
2022-03-10 15:45:50.457480 True [   88273.323567] 0003 0035 000001ff
2022-03-10 15:45:50.473965 True [   88273.340465] 0003 0035 00000210
2022-03-10 15:45:50.489709 True [   88273.357407] 0003 0035 00000220
2022-03-10 15:45:50.510175 True [   88273.374854] 0003 0035 0000022d
2022-03-10 15:45:50.524414 True [   88273.391404] 0003 0035 00000237
2022-03-10 15:45:50.541248 True [   88273.408277] 0003 0035 0000023f
2022-03-10 15:45:50.559027 True [   88273.425160] 0003 0035 00000244
2022-03-10 15:45:50.575660 True [   88273.442071] 0003 0035 00000248
2022-03-10 15:45:50.590781 True [   88273.458988] 0003 0035 00000248
2022-03-10 15:45:50.608833 True [   88273.475971] 0003 0035 00000248
2022-03-10 15:45:50.625863 True [   88273.493395] 0003 0035 00000248
2022-03-10 15:45:50.642503 True [   88273.509886] 0003 0035 00000248
2022-03-10 15:45:50.661186 True [   88273.527059] 0003 0035 0000024c
2022-03-10 15:45:50.675617 True [   88273.543771] 0003 0035 00000251
2022-03-10 15:45:50.693289 True [   88273.560626] 0003 0035 00000257
2022-03-10 15:45:50.710471 True [   88273.577681] 0003 0035 00000261
2022-03-10 15:45:50.727744 True [   88273.594532] 0003 0035 0000026d
2022-03-10 15:45:50.746581 True [   88273.611386] 0003 0035 00000279
2022-03-10 15:45:50.946441 True [   88273.814655] 0003 0035 00000250
2022-03-10 15:45:50.966233 True [   88273.831852] 0003 0035 00000250
2022-03-10 15:45:50.979880 True [   88273.848722] 0003 0035 00000250
2022-03-10 15:45:50.998376 True [   88273.865638] 0003 0035 00000250
2022-03-10 15:45:51.014614 True [   88273.882743] 0003 0035 00000250
2022-03-10 15:45:51.032448 True [   88273.899509] 0003 0035 00000250
2022-03-10 15:45:51.049145 True [   88273.916365] 0003 0035 00000257
2022-03-10 15:45:51.069476 True [   88273.934253] 0003 0035 00000262
2022-03-10 15:45:51.082885 True [   88273.950344] 0003 0035 00000270
2022-03-10 15:45:51.099605 True [   88273.967183] 0003 0035 0000027f
2022-03-10 15:45:51.118694 True [   88273.984493] 0003 0035 0000028d
2022-03-10 15:45:51.135936 True [   88274.001932] 0003 0035 00000299
2022-03-10 15:45:51.151239 True [   88274.018080] 0003 0035 000002a3
2022-03-10 15:45:51.167629 True [   88274.034909] 0003 0035 000002ad
2022-03-10 15:45:51.184245 True [   88274.051900] 0003 0035 000002bc
2022-03-10 15:45:51.201531 True [   88274.068839] 0003 0035 000002cc
2022-03-10 15:45:51.220176 True [   88274.086466] 0003 0035 000002dc
2022-03-10 15:45:51.235703 True [   88274.102824] 0003 0035 000002e9
2022-03-10 15:45:51.252994 True [   88274.119559] 0003 0035 000002fa
2022-03-10 15:45:51.270455 True [   88274.136321] 0003 0035 00000316
