Mode = area stim
    verts = 5 
    radius = 550 
    center = (800, 1280) 
    first_angle = 0.8880435933283662 
    wm_size = [1600 2560] 
    stim_amp = 3 
    baseline_stim = 2
    current_stim_group = 0
    sense_zone = 0
    ===============================
2022-04-06 13:46:10.258719 False [  229801.628458] 0003 0035 00000323
2022-04-06 13:46:10.258719 False [  229801.628458] 0003 0036 00000847
2022-04-06 13:46:10.359695 False [  229801.728429] 0003 0036 00000846
2022-04-06 13:46:10.392988 False [  229801.761834] 0003 0036 00000845
2022-04-06 13:46:10.399251 False [  229801.769612] 0003 0036 00000844
2022-04-06 13:46:10.407865 False [  229801.778124] 0003 0036 00000843
2022-04-06 13:46:10.416561 False [  229801.786571] 0003 0036 00000842
2022-04-06 13:46:10.424169 False [  229801.794368] 0003 0036 00000841
2022-04-06 13:46:10.433365 False [  229801.803077] 0003 0036 0000083e
2022-04-06 13:46:10.443426 False [  229801.811334] 0003 0036 00000838
2022-04-06 13:46:10.449952 False [  229801.819923] 0003 0036 00000831
2022-04-06 13:46:10.456933 False [  229801.827778] 0003 0035 00000324
2022-04-06 13:46:10.458482 False [  229801.827778] 0003 0036 00000828
2022-04-06 13:46:10.465853 False [  229801.836120] 0003 0036 00000820
2022-04-06 13:46:10.474132 False [  229801.844583] 0003 0036 00000818
2022-04-06 13:46:10.482694 False [  229801.852703] 0003 0035 00000326
2022-04-06 13:46:10.482694 False [  229801.852703] 0003 0036 0000080f
2022-04-06 13:46:10.491937 False [  229801.861239] 0003 0035 00000327
2022-04-06 13:46:10.492702 False [  229801.861239] 0003 0036 00000805
2022-04-06 13:46:10.499660 False [  229801.869644] 0003 0036 000007fb
2022-04-06 13:46:10.507937 False [  229801.877816] 0003 0036 000007f4
2022-04-06 13:46:10.516271 False [  229801.885901] 0003 0036 000007ef
2022-04-06 13:46:10.524012 False [  229801.894079] 0003 0036 000007ed
2022-04-06 13:46:10.532443 False [  229801.902536] 0003 0036 000007ea
2022-04-06 13:46:10.539989 False [  229801.910808] 0003 0036 000007e8
2022-04-06 13:46:10.548631 False [  229801.919124] 0003 0035 00000328
2022-04-06 13:46:10.548631 False [  229801.919124] 0003 0036 000007e6
2022-04-06 13:46:10.557342 False [  229801.927721] 0003 0036 000007e4
2022-04-06 13:46:10.565987 False [  229801.935959] 0003 0036 000007e2
2022-04-06 13:46:10.573996 False [  229801.944158] 0003 0035 00000327
2022-04-06 13:46:10.573996 False [  229801.944158] 0003 0036 000007e0
2022-04-06 13:46:10.582901 False [  229801.952762] 0003 0036 000007df
2022-04-06 13:46:10.590815 False [  229801.961004] 0003 0036 000007dd
2022-04-06 13:46:10.599120 False [  229801.969250] 0003 0036 000007db
2022-04-06 13:46:10.606976 False [  229801.977546] 0003 0036 000007da
2022-04-06 13:46:10.615806 False [  229801.985903] 0003 0036 000007d9
2022-04-06 13:46:10.623774 False [  229801.994045] 0003 0036 000007d8
2022-04-06 13:46:10.632450 False [  229802.002490] 0003 0035 00000326
2022-04-06 13:46:10.632450 False [  229802.002490] 0003 0036 000007d7
2022-04-06 13:46:10.640728 False [  229802.010662] 0003 0036 000007d6
2022-04-06 13:46:10.649214 False [  229802.018907] 0003 0036 000007d5
2022-04-06 13:46:10.657371 False [  229802.027484] 0003 0036 000007d4
2022-04-06 13:46:10.665790 False [  229802.035867] 0003 0035 00000325
2022-04-06 13:46:10.682450 False [  229802.052099] 0003 0036 000007d3
2022-04-06 13:46:10.699092 False [  229802.069127] 0003 0036 000007d2
2022-04-06 13:46:10.726238 False [  229802.095332] 0003 0036 000006ef
2022-04-06 13:46:10.726238 False [  229802.095332] 0003 0036 000007d1
2022-04-06 13:46:10.756743 False [  229802.126978] 0003 0036 000007d0
2022-04-06 13:46:10.773506 False [  229802.143429] 0003 0036 000007cf
2022-04-06 13:46:10.781908 False [  229802.152130] 0003 0036 000007ce
2022-04-06 13:46:10.790714 False [  229802.160364] 0003 0036 000006ee
2022-04-06 13:46:10.790714 False [  229802.160364] 0003 0036 000007c9
2022-04-06 13:46:10.798851 False [  229802.168678] 0003 0035 00000324
2022-04-06 13:46:10.798851 False [  229802.168678] 0003 0036 000007c5
2022-04-06 13:46:10.807785 False [  229802.177877] 0003 0035 00000323
2022-04-06 13:46:10.807785 False [  229802.177877] 0003 0036 000007c0
2022-04-06 13:46:10.814816 False [  229802.185110] 0003 0036 000007ba
2022-04-06 13:46:10.823700 False [  229802.193521] 0003 0035 00000322
2022-04-06 13:46:10.823700 False [  229802.193521] 0003 0036 000007b4
2022-04-06 13:46:10.831648 False [  229802.201984] 0003 0036 000007ac
2022-04-06 13:46:10.840793 False [  229802.210456] 0003 0035 00000321
2022-04-06 13:46:10.840793 False [  229802.210456] 0003 0036 000007a1
2022-04-06 13:46:10.848697 False [  229802.218315] 0003 0035 00000320
2022-04-06 13:46:10.848697 False [  229802.218315] 0003 0036 00000795
2022-04-06 13:46:10.856631 False [  229802.226549] 0003 0036 0000078b
2022-04-06 13:46:10.865423 False [  229802.234949] 0003 0036 00000780
2022-04-06 13:46:10.873819 False [  229802.243592] 0003 0036 00000776
2022-04-06 13:46:10.881515 False [  229802.251571] 0003 0036 00000768
2022-04-06 13:46:10.889652 False [  229802.259980] 0003 0035 0000031f
2022-04-06 13:46:10.889652 False [  229802.259980] 0003 0036 0000075a
2022-04-06 13:46:10.898991 False [  229802.268609] 0003 0036 0000074e
2022-04-06 13:46:10.906762 False [  229802.276739] 0003 0035 0000031d
2022-04-06 13:46:10.906762 False [  229802.276739] 0003 0036 0000073f
2022-04-06 13:46:10.914707 False [  229802.284856] 0003 0035 0000031c
2022-04-06 13:46:10.914707 False [  229802.284856] 0003 0036 00000730
2022-04-06 13:46:10.922715 False [  229802.293532] 0003 0036 00000722
2022-04-06 13:46:10.931674 False [  229802.301952] 0003 0036 00000715
2022-04-06 13:46:10.940776 False [  229802.311588] 0003 0035 00000318
2022-04-06 13:46:10.940776 False [  229802.311588] 0003 0036 00000704
2022-04-06 13:46:10.948606 False [  229802.318314] 0003 0035 00000317
2022-04-06 13:46:10.948606 False [  229802.318314] 0003 0036 000006f3
2022-04-06 13:46:10.956325 False [  229802.327077] 0003 0036 000006e4
2022-04-06 13:46:10.963248 False [  229802.334692] 0003 0035 00000315
2022-04-06 13:46:10.963248 False [  229802.334692] 0003 0036 000006d5
2022-04-06 13:46:10.974637 False [  229802.344412] 0003 0036 000006ed
2022-04-06 13:46:10.974637 False [  229802.344412] 0003 0035 00000314
2022-04-06 13:46:10.974637 False [  229802.344412] 0003 0036 000006c5
2022-04-06 13:46:10.980453 False [  229802.351301] 0003 0035 00000312
2022-04-06 13:46:10.980453 True [  229802.351301] 0003 0036 000006b6
2022-04-06 13:46:10.990684 True [  229802.360966] 0003 0035 00000310
2022-04-06 13:46:10.991854 True [  229802.360966] 0003 0036 000006a8
2022-04-06 13:46:10.998650 True [  229802.368289] 0003 0035 0000030e
2022-04-06 13:46:10.998650 True [  229802.368289] 0003 0036 0000069a
2022-04-06 13:46:11.005636 True [  229802.376288] 0003 0035 0000030d
2022-04-06 13:46:11.005636 True [  229802.376288] 0003 0036 0000068d
2022-04-06 13:46:11.014110 True [  229802.384896] 0003 0035 0000030a
2022-04-06 13:46:11.014110 True [  229802.384896] 0003 0036 00000681
2022-04-06 13:46:11.023150 True [  229802.393659] 0003 0035 00000309
2022-04-06 13:46:11.023150 True [  229802.393659] 0003 0036 00000676
2022-04-06 13:46:11.031030 True [  229802.401210] 0003 0035 00000306
2022-04-06 13:46:11.031030 True [  229802.401210] 0003 0036 0000066b
2022-04-06 13:46:11.040714 True [  229802.410719] 0003 0035 00000304
2022-04-06 13:46:11.040714 True [  229802.410719] 0003 0036 00000661
2022-04-06 13:46:11.048853 True [  229802.418845] 0003 0035 00000303
2022-04-06 13:46:11.048853 True [  229802.418845] 0003 0036 00000656
2022-04-06 13:46:11.055908 True [  229802.426139] 0003 0035 00000300
2022-04-06 13:46:11.055908 True [  229802.426139] 0003 0036 0000064d
2022-04-06 13:46:11.064684 True [  229802.434905] 0003 0035 000002fd
2022-04-06 13:46:11.064684 True [  229802.434905] 0003 0036 00000644
2022-04-06 13:46:11.072557 True [  229802.442780] 0003 0035 000002fb
2022-04-06 13:46:11.072557 True [  229802.442780] 0003 0036 0000063c
2022-04-06 13:46:11.080813 True [  229802.451002] 0003 0035 000002f8
2022-04-06 13:46:11.080813 True [  229802.451002] 0003 0036 00000635
2022-04-06 13:46:11.089554 True [  229802.459874] 0003 0035 000002f7
2022-04-06 13:46:11.089554 True [  229802.459874] 0003 0036 0000062c
2022-04-06 13:46:11.097334 True [  229802.467701] 0003 0035 000002f5
2022-04-06 13:46:11.097334 True [  229802.467701] 0003 0036 00000623
2022-04-06 13:46:11.104826 True [  229802.475783] 0003 0035 000002f2
2022-04-06 13:46:11.104826 True [  229802.475783] 0003 0036 0000061a
2022-04-06 13:46:11.114156 True [  229802.484299] 0003 0035 000002f0
2022-04-06 13:46:11.114156 True [  229802.484299] 0003 0036 00000613
2022-04-06 13:46:11.124379 True [  229802.494540] 0003 0035 000002ee
2022-04-06 13:46:11.124379 True [  229802.494540] 0003 0036 0000060b
2022-04-06 13:46:11.130690 True [  229802.501254] 0003 0035 000002ec
2022-04-06 13:46:11.130690 True [  229802.501254] 0003 0036 00000604
2022-04-06 13:46:11.140740 True [  229802.510746] 0003 0035 000002ea
2022-04-06 13:46:11.140740 True [  229802.510746] 0003 0036 000005ff
2022-04-06 13:46:11.147928 True [  229802.517812] 0003 0035 000002e8
2022-04-06 13:46:11.147928 True [  229802.517812] 0003 0036 000005f8
2022-04-06 13:46:11.156153 True [  229802.526402] 0003 0035 000002e6
2022-04-06 13:46:11.156153 True [  229802.526402] 0003 0036 000005f2
2022-04-06 13:46:11.164110 True [  229802.534955] 0003 0035 000002e5
2022-04-06 13:46:11.164110 True [  229802.534955] 0003 0036 000005ec
2022-04-06 13:46:11.173931 True [  229802.543707] 0003 0035 000002e4
2022-04-06 13:46:11.173931 True [  229802.543707] 0003 0036 000005e7
2022-04-06 13:46:11.180657 True [  229802.550986] 0003 0035 000002e3
2022-04-06 13:46:11.180657 True [  229802.550986] 0003 0036 000005e1
2022-04-06 13:46:11.188996 True [  229802.558886] 0003 0035 000002e1
2022-04-06 13:46:11.188996 True [  229802.558886] 0003 0036 000005dc
2022-04-06 13:46:11.197039 True [  229802.567312] 0003 0035 000002df
2022-04-06 13:46:11.197039 True [  229802.567312] 0003 0036 000005d7
2022-04-06 13:46:11.207127 True [  229802.576976] 0003 0036 000005d3
2022-04-06 13:46:11.213906 True [  229802.584385] 0003 0035 000002de
2022-04-06 13:46:11.213906 True [  229802.584385] 0003 0036 000005cf
2022-04-06 13:46:11.223005 True [  229802.593278] 0003 0035 000002dc
2022-04-06 13:46:11.223005 True [  229802.593278] 0003 0036 000005cb
2022-04-06 13:46:11.230603 True [  229802.601373] 0003 0036 000005c7
2022-04-06 13:46:11.240345 False [  229802.610246] 0003 0036 000006ec
2022-04-06 13:46:11.240345 False [  229802.610246] 0003 0035 000002db
2022-04-06 13:46:11.240709 True [  229802.610246] 0003 0036 000005c3
2022-04-06 13:46:11.247675 True [  229802.617653] 0003 0035 000002da
2022-04-06 13:46:11.248779 True [  229802.617653] 0003 0036 000005bf
2022-04-06 13:46:11.255625 True [  229802.625601] 0003 0036 000005bb
2022-04-06 13:46:11.263719 True [  229802.634040] 0003 0035 000002d9
2022-04-06 13:46:11.263719 True [  229802.634040] 0003 0036 000005b6
2022-04-06 13:46:11.271736 True [  229802.642200] 0003 0035 000002d8
2022-04-06 13:46:11.271736 True [  229802.642200] 0003 0036 000005b0
2022-04-06 13:46:11.280347 True [  229802.650584] 0003 0036 000005ab
2022-04-06 13:46:11.289312 True [  229802.658609] 0003 0036 000005a5
2022-04-06 13:46:11.296961 True [  229802.667018] 0003 0036 000005a0
2022-04-06 13:46:11.305667 False [  229802.675437] 0003 0036 000006eb
2022-04-06 13:46:11.305667 True [  229802.675437] 0003 0036 0000059b
2022-04-06 13:46:11.314664 True [  229802.683642] 0003 0036 00000596
2022-04-06 13:46:11.321625 True [  229802.692104] 0003 0036 00000593
2022-04-06 13:46:11.331598 True [  229802.701277] 0003 0036 0000058e
2022-04-06 13:46:11.338580 True [  229802.709232] 0003 0036 00000589
2022-04-06 13:46:11.346558 True [  229802.717747] 0003 0036 00000584
2022-04-06 13:46:11.355534 True [  229802.726023] 0003 0036 0000057e
2022-04-06 13:46:11.363513 True [  229802.734347] 0003 0036 00000578
2022-04-06 13:46:11.372489 True [  229802.743121] 0003 0035 000002d7
2022-04-06 13:46:11.373492 True [  229802.743121] 0003 0036 00000573
2022-04-06 13:46:11.380468 True [  229802.750880] 0003 0036 0000056e
2022-04-06 13:46:11.387449 True [  229802.758343] 0003 0035 000002d6
2022-04-06 13:46:11.387449 True [  229802.758343] 0003 0036 00000569
2022-04-06 13:46:11.395428 True [  229802.766740] 0003 0036 00000564
2022-04-06 13:46:11.407265 True [  229802.777064] 0003 0035 000002d5
2022-04-06 13:46:11.407265 True [  229802.777064] 0003 0036 0000055f
2022-04-06 13:46:11.413341 True [  229802.783403] 0003 0035 000002d4
2022-04-06 13:46:11.413341 True [  229802.783403] 0003 0036 00000559
2022-04-06 13:46:11.421668 True [  229802.792409] 0003 0036 00000554
2022-04-06 13:46:11.430644 True [  229802.800621] 0003 0035 000002d3
2022-04-06 13:46:11.430644 True [  229802.800621] 0003 0036 0000054e
2022-04-06 13:46:11.438622 True [  229802.808899] 0003 0035 000002d2
2022-04-06 13:46:11.438622 True [  229802.808899] 0003 0036 00000547
2022-04-06 13:46:11.446265 True [  229802.816795] 0003 0035 000002d1
2022-04-06 13:46:11.446265 True [  229802.816795] 0003 0036 00000541
2022-04-06 13:46:11.455535 True [  229802.825787] 0003 0035 000002d0
2022-04-06 13:46:11.455535 True [  229802.825787] 0003 0036 0000053a
2022-04-06 13:46:11.464364 True [  229802.834116] 0003 0035 000002ce
2022-04-06 13:46:11.464364 True [  229802.834116] 0003 0036 00000534
2022-04-06 13:46:11.472350 True [  229802.841846] 0003 0035 000002cd
2022-04-06 13:46:11.472350 True [  229802.841846] 0003 0036 0000052f
2022-04-06 13:46:11.480308 True [  229802.850204] 0003 0035 000002cc
2022-04-06 13:46:11.480308 True [  229802.850204] 0003 0036 00000529
2022-04-06 13:46:11.488172 True [  229802.858466] 0003 0035 000002cb
2022-04-06 13:46:11.489641 True [  229802.858466] 0003 0036 00000523
2022-04-06 13:46:11.496147 True [  229802.866758] 0003 0035 000002c9
2022-04-06 13:46:11.498066 True [  229802.866758] 0003 0036 0000051a
2022-04-06 13:46:11.504556 True [  229802.874902] 0003 0035 000002c6
2022-04-06 13:46:11.505819 True [  229802.874902] 0003 0036 00000511
2022-04-06 13:46:11.514484 True [  229802.883400] 0003 0035 000002c5
2022-04-06 13:46:11.514484 True [  229802.883400] 0003 0036 00000508
2022-04-06 13:46:11.520791 True [  229802.891541] 0003 0035 000002c3
2022-04-06 13:46:11.522319 True [  229802.891541] 0003 0036 00000501
2022-04-06 13:46:11.529493 True [  229802.899741] 0003 0035 000002c2
2022-04-06 13:46:11.530493 True [  229802.899741] 0003 0036 000004fb
2022-04-06 13:46:11.537828 True [  229802.907944] 0003 0035 000002c0
2022-04-06 13:46:11.539076 True [  229802.907944] 0003 0036 000004f5
2022-04-06 13:46:11.548306 True [  229802.917275] 0003 0035 000002bf
2022-04-06 13:46:11.548306 True [  229802.917275] 0003 0036 000004ef
2022-04-06 13:46:11.555658 True [  229802.925173] 0003 0035 000002be
2022-04-06 13:46:11.555658 True [  229802.925173] 0003 0036 000004e6
2022-04-06 13:46:11.564624 True [  229802.933786] 0003 0035 000002bc
2022-04-06 13:46:11.564624 True [  229802.933786] 0003 0036 000004df
2022-04-06 13:46:11.570823 True [  229802.941763] 0003 0035 000002bb
2022-04-06 13:46:11.572558 True [  229802.941763] 0003 0036 000004d6
2022-04-06 13:46:11.580715 False [  229802.950469] 0003 0036 000006ea
2022-04-06 13:46:11.580715 False [  229802.950469] 0003 0035 000002ba
2022-04-06 13:46:11.581889 True [  229802.950469] 0003 0036 000004cf
2022-04-06 13:46:11.588788 True [  229802.959155] 0003 0035 000002b8
2022-04-06 13:46:11.589781 True [  229802.959155] 0003 0036 000004c9
2022-04-06 13:46:11.595924 True [  229802.966987] 0003 0035 000002b6
2022-04-06 13:46:11.597090 True [  229802.966987] 0003 0036 000004c1
2022-04-06 13:46:11.604079 True [  229802.974638] 0003 0035 000002b4
2022-04-06 13:46:11.604954 True [  229802.974638] 0003 0036 000004b9
2022-04-06 13:46:11.613806 True [  229802.982848] 0003 0035 000002b2
2022-04-06 13:46:11.613806 True [  229802.982848] 0003 0036 000004af
2022-04-06 13:46:11.624255 True [  229802.992410] 0003 0035 000002b0
2022-04-06 13:46:11.624255 True [  229802.992410] 0003 0036 000004a4
2022-04-06 13:46:11.629339 True [  229802.999854] 0003 0035 000002ad
2022-04-06 13:46:11.631340 True [  229802.999854] 0003 0036 0000049b
2022-04-06 13:46:11.637824 True [  229803.008421] 0003 0035 000002ab
2022-04-06 13:46:11.639808 True [  229803.008421] 0003 0036 00000492
2022-04-06 13:46:11.646108 True [  229803.016786] 0003 0035 000002aa
2022-04-06 13:46:11.648165 True [  229803.016786] 0003 0036 00000489
2022-04-06 13:46:11.654153 True [  229803.024326] 0003 0035 000002a8
2022-04-06 13:46:11.655611 True [  229803.024326] 0003 0036 00000481
2022-04-06 13:46:11.662750 True [  229803.033442] 0003 0035 000002a6
2022-04-06 13:46:11.664716 True [  229803.033442] 0003 0036 00000476
2022-04-06 13:46:11.671752 True [  229803.041724] 0003 0035 000002a3
2022-04-06 13:46:11.672813 True [  229803.041724] 0003 0036 0000046e
2022-04-06 13:46:11.678917 True [  229803.049302] 0003 0035 000002a2
2022-04-06 13:46:11.679972 True [  229803.049302] 0003 0036 00000465
2022-04-06 13:46:11.689581 True [  229803.058275] 0003 0035 0000029f
2022-04-06 13:46:11.689581 True [  229803.058275] 0003 0036 0000045f
2022-04-06 13:46:11.695850 True [  229803.066201] 0003 0035 0000029c
2022-04-06 13:46:11.696858 True [  229803.066201] 0003 0036 00000458
2022-04-06 13:46:11.704070 True [  229803.074353] 0003 0035 0000029b
2022-04-06 13:46:11.705455 True [  229803.074353] 0003 0036 00000450
2022-04-06 13:46:11.713378 True [  229803.082576] 0003 0035 00000298
2022-04-06 13:46:11.713378 True [  229803.082576] 0003 0036 00000445
2022-04-06 13:46:11.720732 True [  229803.091260] 0003 0035 00000294
2022-04-06 13:46:11.722770 True [  229803.091260] 0003 0036 0000043b
2022-04-06 13:46:11.730438 True [  229803.099193] 0003 0035 00000292
2022-04-06 13:46:11.730438 True [  229803.099193] 0003 0036 00000432
2022-04-06 13:46:11.738970 True [  229803.107397] 0003 0035 00000291
2022-04-06 13:46:11.738970 True [  229803.107397] 0003 0036 00000429
2022-04-06 13:46:11.745864 True [  229803.116367] 0003 0035 0000028f
2022-04-06 13:46:11.747905 True [  229803.116367] 0003 0036 00000421
2022-04-06 13:46:11.755288 True [  229803.124380] 0003 0036 00000419
2022-04-06 13:46:11.763645 True [  229803.132846] 0003 0035 0000028d
2022-04-06 13:46:11.763645 True [  229803.132846] 0003 0036 00000410
2022-04-06 13:46:11.770724 True [  229803.140997] 0003 0036 00000407
2022-04-06 13:46:11.778841 True [  229803.149060] 0003 0035 0000028b
2022-04-06 13:46:11.779489 True [  229803.149060] 0003 0036 000003fe
2022-04-06 13:46:11.788628 True [  229803.158542] 0003 0035 0000028a
2022-04-06 13:46:11.789941 True [  229803.158542] 0003 0036 000003f6
2022-04-06 13:46:11.796089 True [  229803.166347] 0003 0035 00000289
2022-04-06 13:46:11.796089 True [  229803.166347] 0003 0036 000003ef
2022-04-06 13:46:11.804390 True [  229803.173863] 0003 0035 00000286
2022-04-06 13:46:11.804390 True [  229803.173863] 0003 0036 000003e6
2022-04-06 13:46:11.812761 True [  229803.182567] 0003 0035 00000285
2022-04-06 13:46:11.812761 True [  229803.182567] 0003 0036 000003da
2022-04-06 13:46:11.820730 True [  229803.190471] 0003 0035 00000284
2022-04-06 13:46:11.821795 True [  229803.190471] 0003 0036 000003d1
2022-04-06 13:46:11.829403 True [  229803.199909] 0003 0035 00000282
2022-04-06 13:46:11.830409 True [  229803.199909] 0003 0036 000003ca
2022-04-06 13:46:11.837813 True [  229803.207401] 0003 0035 00000280
2022-04-06 13:46:11.839472 True [  229803.207401] 0003 0036 000003c3
2022-04-06 13:46:11.846460 True [  229803.215877] 0003 0036 000003bc
2022-04-06 13:46:11.854451 True [  229803.224089] 0003 0035 0000027f
2022-04-06 13:46:11.854451 True [  229803.224089] 0003 0036 000003b5
2022-04-06 13:46:11.862632 True [  229803.232880] 0003 0035 0000027d
2022-04-06 13:46:11.863824 True [  229803.232880] 0003 0036 000003ab
2022-04-06 13:46:11.870870 True [  229803.241406] 0003 0036 000003a2
2022-04-06 13:46:11.879156 True [  229803.248916] 0003 0035 0000027b
2022-04-06 13:46:11.880168 True [  229803.248916] 0003 0036 00000399
2022-04-06 13:46:11.887233 True [  229803.256924] 0003 0036 0000038f
2022-04-06 13:46:11.896085 True [  229803.265403] 0003 0036 00000387
2022-04-06 13:46:11.904369 True [  229803.274585] 0003 0035 0000027a
2022-04-06 13:46:11.905694 True [  229803.274585] 0003 0036 0000037e
2022-04-06 13:46:11.912672 True [  229803.282796] 0003 0035 00000279
2022-04-06 13:46:11.913971 True [  229803.282796] 0003 0036 00000371
2022-04-06 13:46:11.920679 True [  229803.290622] 0003 0035 00000278
2022-04-06 13:46:11.921729 True [  229803.290622] 0003 0036 00000365
2022-04-06 13:46:11.930298 True [  229803.299437] 0003 0036 0000035a
2022-04-06 13:46:11.937187 True [  229803.306843] 0003 0036 00000350
2022-04-06 13:46:11.944599 False [  229803.315186] 0003 0036 00000346
2022-04-06 13:46:11.953847 False [  229803.323677] 0003 0035 00000277
2022-04-06 13:46:11.954201 False [  229803.323677] 0003 0036 0000033a
2022-04-06 13:46:11.960799 False [  229803.331793] 0003 0035 00000276
2022-04-06 13:46:11.961800 False [  229803.331793] 0003 0036 00000330
2022-04-06 13:46:11.970676 False [  229803.340789] 0003 0036 00000327
2022-04-06 13:46:11.978691 False [  229803.349279] 0003 0035 00000275
2022-04-06 13:46:11.978691 False [  229803.349279] 0003 0036 0000031f
2022-04-06 13:46:11.987439 False [  229803.357293] 0003 0035 00000274
2022-04-06 13:46:11.987439 False [  229803.357293] 0003 0036 00000315
2022-04-06 13:46:11.995438 False [  229803.365333] 0003 0035 00000273
2022-04-06 13:46:11.995438 False [  229803.365333] 0003 0036 0000030a
2022-04-06 13:46:12.003670 False [  229803.373629] 0003 0035 00000271
2022-04-06 13:46:12.003670 False [  229803.373629] 0003 0036 000002ff
2022-04-06 13:46:12.011946 False [  229803.382076] 0003 0035 00000270
2022-04-06 13:46:12.011946 False [  229803.382076] 0003 0036 000002f5
2022-04-06 13:46:12.019709 False [  229803.389855] 0003 0035 0000026f
2022-04-06 13:46:12.019709 False [  229803.389855] 0003 0036 000002eb
2022-04-06 13:46:12.029453 False [  229803.399563] 0003 0035 0000026d
2022-04-06 13:46:12.029453 False [  229803.399563] 0003 0036 000002e2
2022-04-06 13:46:12.036699 False [  229803.406739] 0003 0035 0000026c
2022-04-06 13:46:12.036699 False [  229803.406739] 0003 0036 000002d8
2022-04-06 13:46:12.045474 False [  229803.415665] 0003 0035 0000026a
2022-04-06 13:46:12.045474 False [  229803.415665] 0003 0036 000002cc
2022-04-06 13:46:12.053664 False [  229803.423402] 0003 0035 00000269
2022-04-06 13:46:12.053664 False [  229803.423402] 0003 0036 000002c0
2022-04-06 13:46:12.061755 False [  229803.431949] 0003 0035 00000266
2022-04-06 13:46:12.061755 False [  229803.431949] 0003 0036 000002b6
2022-04-06 13:46:12.069848 False [  229803.440685] 0003 0036 000002ad
2022-04-06 13:46:12.078830 False [  229803.448158] 0003 0035 00000264
2022-04-06 13:46:12.078830 False [  229803.448158] 0003 0036 000002a4
2022-04-06 13:46:12.088462 False [  229803.456895] 0003 0035 00000262
2022-04-06 13:46:12.088462 False [  229803.456895] 0003 0036 00000299
2022-04-06 13:46:12.094613 False [  229803.465050] 0003 0035 00000260
2022-04-06 13:46:12.096054 False [  229803.465050] 0003 0036 00000290
2022-04-06 13:46:12.103793 False [  229803.473744] 0003 0035 0000025e
2022-04-06 13:46:12.104480 False [  229803.473744] 0003 0036 00000287
2022-04-06 13:46:12.111953 False [  229803.482234] 0003 0035 0000025c
2022-04-06 13:46:12.111953 False [  229803.482234] 0003 0036 0000027e
2022-04-06 13:46:12.119030 False [  229803.489841] 0003 0035 0000025b
2022-04-06 13:46:12.121034 False [  229803.489841] 0003 0036 00000275
2022-04-06 13:46:12.129421 False [  229803.498531] 0003 0035 00000259
2022-04-06 13:46:12.129421 False [  229803.498531] 0003 0036 0000026c
2022-04-06 13:46:12.137316 False [  229803.506437] 0003 0035 00000257
2022-04-06 13:46:12.137316 False [  229803.506437] 0003 0036 00000264
2022-04-06 13:46:12.144576 False [  229803.514816] 0003 0036 0000025b
2022-04-06 13:46:12.152661 False [  229803.522832] 0003 0035 00000256
2022-04-06 13:46:12.154573 False [  229803.522832] 0003 0036 00000253
2022-04-06 13:46:12.162411 False [  229803.531449] 0003 0035 00000255
2022-04-06 13:46:12.162411 False [  229803.531449] 0003 0036 0000024b
2022-04-06 13:46:12.171022 False [  229803.539465] 0003 0035 00000254
2022-04-06 13:46:12.171022 False [  229803.539465] 0003 0036 00000244
2022-04-06 13:46:12.179448 False [  229803.548626] 0003 0036 0000023f
2022-04-06 13:46:12.187797 False [  229803.556820] 0003 0035 00000253
2022-04-06 13:46:12.187797 False [  229803.556820] 0003 0036 00000239
2022-04-06 13:46:12.196072 False [  229803.565261] 0003 0035 00000251
2022-04-06 13:46:12.196878 False [  229803.565261] 0003 0036 00000230
2022-04-06 13:46:12.204465 False [  229803.573453] 0003 0035 00000250
2022-04-06 13:46:12.204465 False [  229803.573453] 0003 0036 00000229
2022-04-06 13:46:12.212721 False [  229803.581914] 0003 0036 00000223
2022-04-06 13:46:12.220679 False [  229803.589311] 0003 0035 0000024f
2022-04-06 13:46:12.220679 False [  229803.589311] 0003 0036 0000021c
2022-04-06 13:46:12.227327 False [  229803.598112] 0003 0035 0000024e
2022-04-06 13:46:12.229319 False [  229803.598112] 0003 0036 00000217
2022-04-06 13:46:12.236793 False [  229803.605957] 0003 0036 00000211
2022-04-06 13:46:12.245744 False [  229803.615445] 0003 0035 0000024d
2022-04-06 13:46:12.245744 False [  229803.615445] 0003 0036 0000020b
2022-04-06 13:46:12.254168 False [  229803.624093] 0003 0036 00000206
2022-04-06 13:46:12.261704 False [  229803.631293] 0003 0035 0000024c
2022-04-06 13:46:12.261704 False [  229803.631293] 0003 0036 000001ff
2022-04-06 13:46:12.269667 False [  229803.639184] 0003 0035 0000024b
2022-04-06 13:46:12.269667 False [  229803.639184] 0003 0036 000001f9
2022-04-06 13:46:12.279918 False [  229803.648741] 0003 0036 000001f3
2022-04-06 13:46:12.286802 False [  229803.655763] 0003 0035 0000024a
2022-04-06 13:46:12.286802 False [  229803.655763] 0003 0036 000001ed
2022-04-06 13:46:12.295756 False [  229803.664798] 0003 0035 00000249
2022-04-06 13:46:12.295756 False [  229803.664798] 0003 0036 000001e8
2022-04-06 13:46:12.302294 False [  229803.672407] 0003 0036 000001e2
2022-04-06 13:46:12.310795 False [  229803.681656] 0003 0036 000001dd
2022-04-06 13:46:12.318923 False [  229803.689031] 0003 0035 00000248
2022-04-06 13:46:12.318923 False [  229803.689031] 0003 0036 000001d8
2022-04-06 13:46:12.327745 False [  229803.698307] 0003 0035 00000247
2022-04-06 13:46:12.327745 False [  229803.698307] 0003 0036 000001d3
2022-04-06 13:46:12.335457 False [  229803.705695] 0003 0036 000001ce
2022-04-06 13:46:12.343779 False [  229803.714295] 0003 0035 00000246
2022-04-06 13:46:12.343779 False [  229803.714295] 0003 0036 000001ca
2022-04-06 13:46:12.351755 False [  229803.722537] 0003 0036 000001c4
2022-04-06 13:46:12.360751 False [  229803.731072] 0003 0035 00000245
2022-04-06 13:46:12.360751 False [  229803.731072] 0003 0036 000001bf
2022-04-06 13:46:12.369029 False [  229803.739111] 0003 0036 000001ba
2022-04-06 13:46:12.377128 False [  229803.747292] 0003 0035 00000244
2022-04-06 13:46:12.377128 False [  229803.747292] 0003 0036 000001b5
2022-04-06 13:46:12.385622 False [  229803.755758] 0003 0035 00000243
2022-04-06 13:46:12.385622 False [  229803.755758] 0003 0036 000001b0
2022-04-06 13:46:12.395406 False [  229803.765199] 0003 0036 000001ac
2022-04-06 13:46:12.401869 False [  229803.772117] 0003 0036 000001a7
2022-04-06 13:46:12.410742 False [  229803.780966] 0003 0035 00000242
2022-04-06 13:46:12.410742 False [  229803.780966] 0003 0036 000001a1
2022-04-06 13:46:12.418264 False [  229803.788735] 0003 0036 0000019b
2022-04-06 13:46:12.427715 False [  229803.798293] 0003 0036 00000196
2022-04-06 13:46:12.435298 False [  229803.805603] 0003 0035 00000241
2022-04-06 13:46:12.435298 False [  229803.805603] 0003 0036 00000190
2022-04-06 13:46:12.444768 False [  229803.814992] 0003 0036 00000189
2022-04-06 13:46:12.452661 False [  229803.822157] 0003 0035 00000240
2022-04-06 13:46:12.452661 False [  229803.822157] 0003 0036 00000184
2022-04-06 13:46:12.460687 False [  229803.831288] 0003 0036 0000017e
2022-04-06 13:46:12.468700 False [  229803.838997] 0003 0035 0000023f
2022-04-06 13:46:12.468700 False [  229803.838997] 0003 0036 0000017a
2022-04-06 13:46:12.477403 False [  229803.847379] 0003 0036 00000175
2022-04-06 13:46:12.485451 False [  229803.855411] 0003 0035 0000023e
2022-04-06 13:46:12.485451 False [  229803.855411] 0003 0036 00000171
2022-04-06 13:46:12.493872 False [  229803.864184] 0003 0036 0000016d
2022-04-06 13:46:12.501988 False [  229803.871844] 0003 0036 00000169
2022-04-06 13:46:12.509901 False [  229803.880605] 0003 0036 00000166
2022-04-06 13:46:12.518774 False [  229803.888506] 0003 0036 00000162
2022-04-06 13:46:12.527546 False [  229803.898035] 0003 0036 0000015f
2022-04-06 13:46:12.535233 False [  229803.905116] 0003 0035 0000023d
2022-04-06 13:46:12.535233 False [  229803.905116] 0003 0036 0000015c
2022-04-06 13:46:12.544271 False [  229803.914304] 0003 0036 00000158
2022-04-06 13:46:12.550678 False [  229803.921698] 0003 0036 00000153
2022-04-06 13:46:12.559650 False [  229803.930108] 0003 0036 0000014f
2022-04-06 13:46:12.569428 False [  229803.939302] 0003 0035 0000023c
2022-04-06 13:46:12.569428 False [  229803.939302] 0003 0036 0000014c
2022-04-06 13:46:12.576582 False [  229803.946804] 0003 0036 00000148
2022-04-06 13:46:12.583655 False [  229803.954868] 0003 0036 00000144
2022-04-06 13:46:12.593565 False [  229803.963437] 0003 0036 00000142
2022-04-06 13:46:12.600904 False [  229803.971467] 0003 0036 0000013f
2022-04-06 13:46:12.610058 False [  229803.980494] 0003 0036 0000013d
2022-04-06 13:46:12.618255 False [  229803.988345] 0003 0036 0000013a
2022-04-06 13:46:12.626340 False [  229803.996591] 0003 0036 00000138
2022-04-06 13:46:12.634593 False [  229804.004771] 0003 0036 00000136
2022-04-06 13:46:12.652010 False [  229804.021878] 0003 0036 00000135
2022-04-06 13:46:12.668287 False [  229804.038023] 0003 0036 00000134
2022-04-06 13:46:12.684845 False [  229804.054682] 0003 0036 00000133
2022-04-06 13:46:12.692490 False [  229804.063072] 0003 0036 00000132
2022-04-06 13:46:12.700681 False [  229804.071246] 0003 0035 0000023b
2022-04-06 13:46:12.710732 False [  229804.080939] 0003 0036 00000131
2022-04-06 13:46:12.717636 False [  229804.087852] 0003 0036 00000130
2022-04-06 13:46:12.735086 False [  229804.104871] 0003 0036 0000012f
2022-04-06 13:46:12.760057 False [  229804.130251] 0003 0036 000006e9
2022-04-06 13:46:12.767485 False [  229804.137693] 0003 0035 0000023a
2022-04-06 13:46:12.793017 False [  229804.162946] 0003 0036 0000012e
2022-04-06 13:46:13.025237 False [  229804.395143] 0003 0036 000006e8
2022-04-06 13:46:13.083376 False [  229804.453162] 0003 0036 000006e7
2022-04-06 13:46:13.116679 False [  229804.486496] 0003 0036 000006e6
2022-04-06 13:46:13.423851 False [  229804.793982] 0003 0036 000006e5
2022-04-06 13:46:13.456332 False [  229804.827259] 0003 0036 000006e4
2022-04-06 13:46:13.574788 False [  229804.943879] 0003 0035 00000352
2022-04-06 13:46:13.574788 False [  229804.943879] 0003 0036 000007af
2022-04-06 13:46:13.673722 False [  229805.043532] 0003 0035 00000351
2022-04-06 13:46:13.673722 False [  229805.043532] 0003 0036 000007ae
2022-04-06 13:46:13.681485 False [  229805.051768] 0003 0036 000007ab
2022-04-06 13:46:13.690129 False [  229805.060365] 0003 0035 00000352
2022-04-06 13:46:13.690129 False [  229805.060365] 0003 0036 000007a0
2022-04-06 13:46:13.698523 False [  229805.068407] 0003 0035 00000354
2022-04-06 13:46:13.698523 False [  229805.068407] 0003 0036 0000078d
2022-04-06 13:46:13.706824 False [  229805.076831] 0003 0035 00000359
2022-04-06 13:46:13.706824 False [  229805.076831] 0003 0036 0000077a
2022-04-06 13:46:13.714793 False [  229805.085028] 0003 0035 0000035b
2022-04-06 13:46:13.714793 False [  229805.085028] 0003 0036 00000765
2022-04-06 13:46:13.723343 False [  229805.093465] 0003 0035 0000035c
2022-04-06 13:46:13.723343 False [  229805.093465] 0003 0036 00000750
2022-04-06 13:46:13.731543 False [  229805.101719] 0003 0035 0000035e
2022-04-06 13:46:13.731543 False [  229805.101719] 0003 0036 0000073d
2022-04-06 13:46:13.739756 False [  229805.110061] 0003 0036 000006e3
2022-04-06 13:46:13.739756 False [  229805.110061] 0003 0035 00000360
2022-04-06 13:46:13.739756 False [  229805.110061] 0003 0036 00000724
2022-04-06 13:46:13.747780 False [  229805.118245] 0003 0035 00000362
2022-04-06 13:46:13.747780 False [  229805.118245] 0003 0036 0000070b
2022-04-06 13:46:13.757407 False [  229805.126675] 0003 0035 00000364
2022-04-06 13:46:13.757407 False [  229805.126675] 0003 0036 000006ec
2022-04-06 13:46:13.764536 False [  229805.134884] 0003 0035 00000366
2022-04-06 13:46:13.765903 False [  229805.134884] 0003 0036 000006ce
2022-04-06 13:46:13.774800 False [  229805.143343] 0003 0036 000006e2
2022-04-06 13:46:13.774800 True [  229805.143343] 0003 0036 000006af
2022-04-06 13:46:13.781837 True [  229805.151482] 0003 0036 00000691
2022-04-06 13:46:13.789703 True [  229805.159933] 0003 0035 00000365
2022-04-06 13:46:13.791758 True [  229805.159933] 0003 0036 0000066f
2022-04-06 13:46:13.799097 True [  229805.168132] 0003 0035 00000363
2022-04-06 13:46:13.799097 True [  229805.168132] 0003 0036 0000064e
2022-04-06 13:46:13.807532 False [  229805.176643] 0003 0036 000006e1
2022-04-06 13:46:13.807532 False [  229805.176643] 0003 0035 00000361
2022-04-06 13:46:13.808507 True [  229805.176643] 0003 0036 00000630
2022-04-06 13:46:13.816032 True [  229805.184732] 0003 0035 0000035d
2022-04-06 13:46:13.816975 True [  229805.184732] 0003 0036 00000611
2022-04-06 13:46:13.822689 True [  229805.193190] 0003 0035 0000035b
2022-04-06 13:46:13.824421 True [  229805.193190] 0003 0036 000005f6
2022-04-06 13:46:13.831493 True [  229805.201460] 0003 0035 00000356
2022-04-06 13:46:13.832488 True [  229805.201460] 0003 0036 000005d9
2022-04-06 13:46:13.840850 True [  229805.209850] 0003 0035 00000352
2022-04-06 13:46:13.840850 True [  229805.209850] 0003 0036 000005be
2022-04-06 13:46:13.848497 True [  229805.217974] 0003 0035 0000034b
2022-04-06 13:46:13.849269 True [  229805.217974] 0003 0036 000005a2
2022-04-06 13:46:13.857369 True [  229805.226457] 0003 0035 00000346
2022-04-06 13:46:13.857369 True [  229805.226457] 0003 0036 00000585
2022-04-06 13:46:13.865185 True [  229805.234595] 0003 0035 00000342
2022-04-06 13:46:13.865185 True [  229805.234595] 0003 0036 0000056a
2022-04-06 13:46:13.874435 True [  229805.243046] 0003 0035 0000033e
2022-04-06 13:46:13.874435 True [  229805.243046] 0003 0036 0000054e
2022-04-06 13:46:13.881652 True [  229805.251292] 0003 0035 0000033a
2022-04-06 13:46:13.881652 True [  229805.251292] 0003 0036 00000530
2022-04-06 13:46:13.890080 True [  229805.259657] 0003 0035 00000335
2022-04-06 13:46:13.890080 True [  229805.259657] 0003 0036 0000050c
2022-04-06 13:46:13.897851 True [  229805.267846] 0003 0035 00000331
2022-04-06 13:46:13.900678 True [  229805.267846] 0003 0036 000004ec
2022-04-06 13:46:13.906526 True [  229805.276308] 0003 0035 0000032c
2022-04-06 13:46:13.906526 True [  229805.276308] 0003 0036 000004cb
2022-04-06 13:46:13.914506 True [  229805.284563] 0003 0035 00000329
2022-04-06 13:46:13.915628 True [  229805.284563] 0003 0036 000004ab
2022-04-06 13:46:13.923453 False [  229805.292917] 0003 0036 000006e0
2022-04-06 13:46:13.923453 False [  229805.292917] 0003 0035 00000326
2022-04-06 13:46:13.923788 True [  229805.292917] 0003 0036 0000048a
2022-04-06 13:46:13.931142 True [  229805.301182] 0003 0035 00000323
2022-04-06 13:46:13.932141 True [  229805.301182] 0003 0036 00000468
2022-04-06 13:46:13.941663 True [  229805.309549] 0003 0035 00000321
2022-04-06 13:46:13.941663 True [  229805.309549] 0003 0036 00000448
2022-04-06 13:46:13.948315 True [  229805.317700] 0003 0035 00000320
2022-04-06 13:46:13.948315 True [  229805.317700] 0003 0036 00000427
2022-04-06 13:46:13.957019 True [  229805.326146] 0003 0036 00000408
2022-04-06 13:46:13.965193 True [  229805.334303] 0003 0035 0000031f
2022-04-06 13:46:13.965193 True [  229805.334303] 0003 0036 000003eb
2022-04-06 13:46:13.973187 True [  229805.342785] 0003 0036 000003ce
2022-04-06 13:46:13.981699 True [  229805.350938] 0003 0036 000003b5
2022-04-06 13:46:13.990677 True [  229805.359454] 0003 0036 00000397
2022-04-06 13:46:13.998317 True [  229805.367550] 0003 0035 00000320
2022-04-06 13:46:13.998317 True [  229805.367550] 0003 0036 0000037f
2022-04-06 13:46:14.007497 True [  229805.375974] 0003 0036 00000364
2022-04-06 13:46:14.015315 True [  229805.384192] 0003 0036 0000034d
2022-04-06 13:46:14.022791 True [  229805.392690] 0003 0036 00000334
2022-04-06 13:46:14.030678 True [  229805.400893] 0003 0036 0000031f
2022-04-06 13:46:14.040622 True [  229805.409266] 0003 0036 0000030b
2022-04-06 13:46:14.047604 True [  229805.417409] 0003 0036 000002f6
2022-04-06 13:46:14.055748 False [  229805.425850] 0003 0036 000002e9
2022-04-06 13:46:14.065143 False [  229805.434053] 0003 0035 0000031f
2022-04-06 13:46:14.065507 False [  229805.434053] 0003 0036 000002d9
2022-04-06 13:46:14.072951 False [  229805.442454] 0003 0035 0000031c
2022-04-06 13:46:14.072951 False [  229805.442454] 0003 0036 000002c7
2022-04-06 13:46:14.080648 False [  229805.450628] 0003 0035 0000031b
2022-04-06 13:46:14.080648 False [  229805.450628] 0003 0036 000002bc
2022-04-06 13:46:14.089211 False [  229805.459112] 0003 0036 000002b2
2022-04-06 13:46:14.096867 False [  229805.467255] 0003 0036 000002ab
2022-04-06 13:46:14.106037 False [  229805.475844] 0003 0035 0000031e
2022-04-06 13:46:14.106037 False [  229805.475844] 0003 0036 0000029b
2022-04-06 13:46:14.198200 False [  229805.566704] 0003 0036 000006df
2022-04-06 13:46:14.221736 False [  229805.591727] 0003 0036 000006de
2022-04-06 13:46:14.239177 False [  229805.608378] 0003 0036 000006dc
2022-04-06 13:46:14.247321 False [  229805.616581] 0003 0036 000006db
2022-04-06 13:46:14.256823 False [  229805.625024] 0003 0036 000006da
2022-04-06 13:46:14.272728 False [  229805.641616] 0003 0036 000006d8
2022-04-06 13:46:14.281416 False [  229805.649808] 0003 0036 000006d7
2022-04-06 13:46:14.288328 False [  229805.658273] 0003 0036 000006d6
2022-04-06 13:46:14.297641 False [  229805.666422] 0003 0036 000006d5
2022-04-06 13:46:14.313931 False [  229805.683101] 0003 0036 000006d4
2022-04-06 13:46:14.321911 False [  229805.691526] 0003 0036 000006d3
2022-04-06 13:46:14.329572 False [  229805.699755] 0003 0036 000006d2
2022-04-06 13:46:14.347497 False [  229805.716256] 0003 0036 000006d1
2022-04-06 13:46:14.362819 False [  229805.732851] 0003 0036 000006d0
2022-04-06 13:46:14.389697 False [  229805.757946] 0003 0036 000006cf
2022-04-06 13:46:14.423768 False [  229805.791459] 0003 0035 0000035d
2022-04-06 13:46:14.424615 True [  229805.791459] 0003 0036 00000430
2022-04-06 13:46:14.463551 True [  229805.832857] 0003 0036 00000431
2022-04-06 13:46:14.472202 True [  229805.841313] 0003 0036 00000432
2022-04-06 13:46:14.479656 True [  229805.849522] 0003 0036 00000436
2022-04-06 13:46:14.487918 True [  229805.857892] 0003 0035 0000035e
2022-04-06 13:46:14.488728 True [  229805.857892] 0003 0036 0000043c
2022-04-06 13:46:14.496442 True [  229805.866110] 0003 0035 0000035f
2022-04-06 13:46:14.496442 True [  229805.866110] 0003 0036 00000443
2022-04-06 13:46:14.505337 True [  229805.874514] 0003 0035 00000360
2022-04-06 13:46:14.506335 True [  229805.874514] 0003 0036 0000044b
2022-04-06 13:46:14.513659 True [  229805.882861] 0003 0035 00000361
2022-04-06 13:46:14.513659 True [  229805.882861] 0003 0036 00000455
2022-04-06 13:46:14.522062 True [  229805.891132] 0003 0035 00000363
2022-04-06 13:46:14.522062 True [  229805.891132] 0003 0036 0000045f
2022-04-06 13:46:14.530451 False [  229805.899341] 0003 0036 000006ce
2022-04-06 13:46:14.530451 False [  229805.899341] 0003 0035 00000364
2022-04-06 13:46:14.531492 True [  229805.899341] 0003 0036 0000046c
2022-04-06 13:46:14.538948 True [  229805.907767] 0003 0035 00000366
2022-04-06 13:46:14.539956 True [  229805.907767] 0003 0036 00000479
2022-04-06 13:46:14.545830 True [  229805.915976] 0003 0035 00000367
2022-04-06 13:46:14.547168 True [  229805.915976] 0003 0036 00000484
2022-04-06 13:46:14.555383 False [  229805.924366] 0003 0036 000006cd
2022-04-06 13:46:14.555383 False [  229805.924366] 0003 0035 00000369
2022-04-06 13:46:14.556419 True [  229805.924366] 0003 0036 00000490
2022-04-06 13:46:14.562534 True [  229805.932585] 0003 0035 0000036a
2022-04-06 13:46:14.563732 True [  229805.932585] 0003 0036 0000049e
2022-04-06 13:46:14.572735 False [  229805.940984] 0003 0036 000006cc
2022-04-06 13:46:14.572735 False [  229805.940984] 0003 0035 0000036b
2022-04-06 13:46:14.573900 True [  229805.940984] 0003 0036 000004ad
2022-04-06 13:46:14.579124 True [  229805.949218] 0003 0036 000004ba
2022-04-06 13:46:14.589209 False [  229805.957612] 0003 0036 000006cb
2022-04-06 13:46:14.589209 True [  229805.957612] 0003 0036 000004c9
2022-04-06 13:46:14.596778 True [  229805.965834] 0003 0035 0000036c
2022-04-06 13:46:14.598327 True [  229805.965834] 0003 0036 000004da
2022-04-06 13:46:14.605097 False [  229805.974254] 0003 0036 000006ca
2022-04-06 13:46:14.605097 True [  229805.974254] 0003 0036 000004eb
2022-04-06 13:46:14.613400 True [  229805.982466] 0003 0035 0000036b
2022-04-06 13:46:14.613400 True [  229805.982466] 0003 0036 000004fa
2022-04-06 13:46:14.621731 True [  229805.990850] 0003 0036 0000050e
2022-04-06 13:46:14.630076 True [  229805.999087] 0003 0035 0000036a
2022-04-06 13:46:14.630076 True [  229805.999087] 0003 0036 00000520
2022-04-06 13:46:14.638273 False [  229806.007457] 0003 0036 000006c9
2022-04-06 13:46:14.638273 False [  229806.007457] 0003 0035 00000368
2022-04-06 13:46:14.638504 True [  229806.007457] 0003 0036 00000533
2022-04-06 13:46:14.647028 True [  229806.015725] 0003 0035 00000367
2022-04-06 13:46:14.647324 True [  229806.015725] 0003 0036 00000549
2022-04-06 13:46:14.654789 False [  229806.024162] 0003 0036 000006c8
2022-04-06 13:46:14.655486 False [  229806.024162] 0003 0035 00000366
2022-04-06 13:46:14.655486 True [  229806.024162] 0003 0036 0000055e
2022-04-06 13:46:14.662795 True [  229806.032338] 0003 0035 00000364
2022-04-06 13:46:14.662795 True [  229806.032338] 0003 0036 00000574
2022-04-06 13:46:14.670824 False [  229806.040728] 0003 0036 000006c7
2022-04-06 13:46:14.670824 False [  229806.040728] 0003 0035 00000363
2022-04-06 13:46:14.670824 True [  229806.040728] 0003 0036 0000058a
2022-04-06 13:46:14.680587 True [  229806.048888] 0003 0036 0000059f
2022-04-06 13:46:14.688174 False [  229806.057404] 0003 0036 000006c6
2022-04-06 13:46:14.688174 True [  229806.057404] 0003 0036 000005b2
2022-04-06 13:46:14.696031 True [  229806.065541] 0003 0036 000005c5
2022-04-06 13:46:14.704523 False [  229806.073930] 0003 0036 000006c5
2022-04-06 13:46:14.704523 True [  229806.073930] 0003 0036 000005d6
2022-04-06 13:46:14.713218 True [  229806.082215] 0003 0035 00000366
2022-04-06 13:46:14.713462 True [  229806.082215] 0003 0036 000005e9
2022-04-06 13:46:14.738831 False [  229806.107025] 0003 0036 000006c4
2022-04-06 13:46:14.754973 False [  229806.123646] 0003 0036 000006c3
2022-04-06 13:46:14.761801 False [  229806.131834] 0003 0036 000006c2
2022-04-06 13:46:15.420850 False [  229806.788754] 0003 0035 000003f3
2022-04-06 13:46:15.421850 False [  229806.788754] 0003 0036 000007c8
2022-04-06 13:46:15.468310 False [  229806.838151] 0003 0035 000003f2
2022-04-06 13:46:15.468310 False [  229806.838151] 0003 0036 000007c5
2022-04-06 13:46:15.476371 False [  229806.846394] 0003 0036 000007c4
2022-04-06 13:46:15.485178 False [  229806.854764] 0003 0035 000003f3
2022-04-06 13:46:15.485178 False [  229806.854764] 0003 0036 000007b9
2022-04-06 13:46:15.492830 False [  229806.862900] 0003 0035 000003f7
2022-04-06 13:46:15.492830 False [  229806.862900] 0003 0036 000007ab
2022-04-06 13:46:15.501693 False [  229806.871393] 0003 0035 000003fd
2022-04-06 13:46:15.501693 False [  229806.871393] 0003 0036 00000795
2022-04-06 13:46:15.509658 False [  229806.879526] 0003 0035 00000408
2022-04-06 13:46:15.509658 False [  229806.879526] 0003 0036 0000077a
2022-04-06 13:46:15.519377 False [  229806.887970] 0003 0035 0000041a
2022-04-06 13:46:15.519377 False [  229806.887970] 0003 0036 00000756
2022-04-06 13:46:15.526365 False [  229806.896181] 0003 0035 0000042e
2022-04-06 13:46:15.527399 False [  229806.896181] 0003 0036 00000733
2022-04-06 13:46:15.535582 False [  229806.904702] 0003 0035 00000448
2022-04-06 13:46:15.535582 False [  229806.904702] 0003 0036 00000708
2022-04-06 13:46:15.543529 False [  229806.912809] 0003 0035 00000461
2022-04-06 13:46:15.543529 False [  229806.912809] 0003 0036 000006e4
2022-04-06 13:46:15.551675 False [  229806.921137] 0003 0035 00000478
2022-04-06 13:46:15.551675 False [  229806.921137] 0003 0036 000006c0
2022-04-06 13:46:15.562634 False [  229806.929372] 0003 0035 0000048d
2022-04-06 13:46:15.562634 False [  229806.929372] 0003 0036 000006a2
2022-04-06 13:46:15.568807 False [  229806.937748] 0003 0035 0000049e
2022-04-06 13:46:15.568807 False [  229806.937748] 0003 0036 00000687
2022-04-06 13:46:15.577471 False [  229806.946007] 0003 0035 000004ac
2022-04-06 13:46:15.577471 False [  229806.946007] 0003 0036 00000670
2022-04-06 13:46:15.585504 False [  229806.954393] 0003 0035 000004b5
2022-04-06 13:46:15.585504 False [  229806.954393] 0003 0036 0000065b
2022-04-06 13:46:15.594083 False [  229806.962646] 0003 0035 000004bb
2022-04-06 13:46:15.594083 False [  229806.962646] 0003 0036 00000648
2022-04-06 13:46:15.602687 False [  229806.971149] 0003 0035 000004be
2022-04-06 13:46:15.602687 False [  229806.971149] 0003 0036 00000641
2022-04-06 13:46:15.610755 False [  229806.979411] 0003 0035 000004c4
2022-04-06 13:46:15.610755 False [  229806.979411] 0003 0036 0000062f
2022-04-06 13:46:15.617800 False [  229806.987647] 0003 0035 000004cb
2022-04-06 13:46:15.619000 False [  229806.987647] 0003 0036 0000061a
2022-04-06 13:46:15.627411 False [  229806.995807] 0003 0035 000004d3
2022-04-06 13:46:15.627411 False [  229806.995807] 0003 0036 00000604
2022-04-06 13:46:15.636996 False [  229807.004456] 0003 0035 000004da
2022-04-06 13:46:15.636996 False [  229807.004456] 0003 0036 000005ef
2022-04-06 13:46:15.643391 False [  229807.012526] 0003 0035 000004de
2022-04-06 13:46:15.643391 False [  229807.012526] 0003 0036 000005e4
2022-04-06 13:46:15.651695 False [  229807.020937] 0003 0035 000004e6
2022-04-06 13:46:15.651695 False [  229807.020937] 0003 0036 000005d3
2022-04-06 13:46:15.658870 False [  229807.029246] 0003 0035 000004ea
2022-04-06 13:46:15.659578 False [  229807.029246] 0003 0036 000005ca
2022-04-06 13:46:15.667590 False [  229807.037690] 0003 0035 000004ec
2022-04-06 13:46:15.668244 False [  229807.037690] 0003 0036 000005c5
2022-04-06 13:46:15.675234 False [  229807.045723] 0003 0035 000004f2
2022-04-06 13:46:15.677997 False [  229807.045723] 0003 0036 000005bc
2022-04-06 13:46:15.685382 False [  229807.054200] 0003 0035 000004f5
2022-04-06 13:46:15.685382 False [  229807.054200] 0003 0036 000005b6
2022-04-06 13:46:15.693515 False [  229807.062289] 0003 0035 000004f7
2022-04-06 13:46:15.693515 False [  229807.062289] 0003 0036 000005b2
2022-04-06 13:46:15.700677 False [  229807.070748] 0003 0035 000004f9
2022-04-06 13:46:15.700677 False [  229807.070748] 0003 0036 000005b0
2022-04-06 13:46:15.708642 False [  229807.078951] 0003 0035 00000500
2022-04-06 13:46:15.709858 False [  229807.078951] 0003 0036 000005ab
2022-04-06 13:46:15.718509 False [  229807.087399] 0003 0035 00000505
2022-04-06 13:46:15.718509 False [  229807.087399] 0003 0036 000005a8
2022-04-06 13:46:15.726455 False [  229807.095692] 0003 0035 00000509
2022-04-06 13:46:15.726455 False [  229807.095692] 0003 0036 000005a6
2022-04-06 13:46:15.734852 False [  229807.103991] 0003 0035 00000512
2022-04-06 13:46:15.734852 False [  229807.103991] 0003 0036 000005a4
2022-04-06 13:46:15.743078 False [  229807.112172] 0003 0035 00000518
2022-04-06 13:46:15.743078 False [  229807.112172] 0003 0036 000005a2
2022-04-06 13:46:15.749407 False [  229807.120187] 0003 0035 0000051d
2022-04-06 13:46:15.751416 False [  229807.120187] 0003 0036 000005a1
2022-04-06 13:46:15.759626 False [  229807.128358] 0003 0035 00000520
2022-04-06 13:46:15.759626 False [  229807.128358] 0003 0036 000005a0
2022-04-06 13:46:15.767799 False [  229807.136789] 0003 0035 00000528
2022-04-06 13:46:15.767799 False [  229807.136789] 0003 0036 0000059b
2022-04-06 13:46:15.775402 False [  229807.144907] 0003 0035 0000052d
2022-04-06 13:46:15.775402 False [  229807.144907] 0003 0036 00000598
2022-04-06 13:46:16.311494 True [  229807.677612] 0003 0035 000002a0
2022-04-06 13:46:16.311494 False [  229807.677612] 0003 0036 00000842
2022-04-06 13:46:16.342720 False [  229807.710536] 0003 0035 000002a1
2022-04-06 13:46:16.343741 False [  229807.710536] 0003 0036 00000841
2022-04-06 13:46:16.349778 False [  229807.718896] 0003 0035 000002a3
2022-04-06 13:46:16.349778 False [  229807.718896] 0003 0036 0000083d
2022-04-06 13:46:16.358592 False [  229807.727100] 0003 0035 000002a6
2022-04-06 13:46:16.358592 False [  229807.727100] 0003 0036 00000835
2022-04-06 13:46:16.366541 False [  229807.735499] 0003 0035 000002aa
2022-04-06 13:46:16.366541 False [  229807.735499] 0003 0036 0000082c
2022-04-06 13:46:16.375186 False [  229807.743747] 0003 0035 000002ad
2022-04-06 13:46:16.375186 False [  229807.743747] 0003 0036 00000821
2022-04-06 13:46:16.382677 False [  229807.752272] 0003 0035 000002b1
2022-04-06 13:46:16.382677 False [  229807.752272] 0003 0036 00000819
2022-04-06 13:46:16.391227 False [  229807.760397] 0003 0035 000002b4
2022-04-06 13:46:16.391227 False [  229807.760397] 0003 0036 0000080f
2022-04-06 13:46:16.399457 False [  229807.768780] 0003 0035 000002b8
2022-04-06 13:46:16.399457 False [  229807.768780] 0003 0036 00000801
2022-04-06 13:46:16.406581 False [  229807.776947] 0003 0035 000002bb
2022-04-06 13:46:16.406581 False [  229807.776947] 0003 0036 000007f4
2022-04-06 13:46:16.416334 False [  229807.785481] 0003 0035 000002bc
2022-04-06 13:46:16.416334 False [  229807.785481] 0003 0036 000007ea
2022-04-06 13:46:16.424226 False [  229807.793646] 0003 0035 000002bf
2022-04-06 13:46:16.424226 False [  229807.793646] 0003 0036 000007e4
2022-04-06 13:46:16.433087 False [  229807.802042] 0003 0035 000002c2
2022-04-06 13:46:16.433087 False [  229807.802042] 0003 0036 000007d6
2022-04-06 13:46:16.440682 False [  229807.810238] 0003 0035 000002c5
2022-04-06 13:46:16.440682 False [  229807.810238] 0003 0036 000007c7
2022-04-06 13:46:16.449298 False [  229807.818595] 0003 0035 000002c8
2022-04-06 13:46:16.449298 False [  229807.818595] 0003 0036 000007b8
2022-04-06 13:46:16.457713 False [  229807.826867] 0003 0035 000002cb
2022-04-06 13:46:16.457713 False [  229807.826867] 0003 0036 000007a9
2022-04-06 13:46:16.466303 False [  229807.835312] 0003 0035 000002ce
2022-04-06 13:46:16.466303 False [  229807.835312] 0003 0036 00000798
2022-04-06 13:46:16.474175 False [  229807.843530] 0003 0035 000002d3
2022-04-06 13:46:16.474175 False [  229807.843530] 0003 0036 00000787
2022-04-06 13:46:16.481646 False [  229807.851966] 0003 0035 000002d8
2022-04-06 13:46:16.481646 False [  229807.851966] 0003 0036 00000776
2022-04-06 13:46:16.490727 False [  229807.860077] 0003 0035 000002dc
2022-04-06 13:46:16.490727 False [  229807.860077] 0003 0036 00000763
2022-04-06 13:46:16.499379 False [  229807.868733] 0003 0035 000002e3
2022-04-06 13:46:16.499379 False [  229807.868733] 0003 0036 0000074f
2022-04-06 13:46:16.507723 False [  229807.876863] 0003 0035 000002e8
2022-04-06 13:46:16.507723 False [  229807.876863] 0003 0036 0000073d
2022-04-06 13:46:16.515984 False [  229807.885247] 0003 0035 000002ed
2022-04-06 13:46:16.515984 False [  229807.885247] 0003 0036 00000725
2022-04-06 13:46:16.523803 False [  229807.893400] 0003 0035 000002f4
2022-04-06 13:46:16.523803 False [  229807.893400] 0003 0036 00000710
2022-04-06 13:46:16.532570 False [  229807.901879] 0003 0035 000002fb
2022-04-06 13:46:16.532570 False [  229807.901879] 0003 0036 000006fa
2022-04-06 13:46:16.539972 False [  229807.910095] 0003 0035 00000302
2022-04-06 13:46:16.540739 False [  229807.910095] 0003 0036 000006e3
2022-04-06 13:46:16.549505 False [  229807.918500] 0003 0035 00000308
2022-04-06 13:46:16.549505 False [  229807.918500] 0003 0036 000006ca
2022-04-06 13:46:16.557753 False [  229807.926596] 0003 0035 00000311
2022-04-06 13:46:16.557753 True [  229807.926596] 0003 0036 000006b0
2022-04-06 13:46:16.566159 True [  229807.935144] 0003 0035 00000315
2022-04-06 13:46:16.566536 True [  229807.935144] 0003 0036 00000695
2022-04-06 13:46:16.574437 True [  229807.943328] 0003 0035 0000031c
2022-04-06 13:46:16.574437 True [  229807.943328] 0003 0036 0000067d
2022-04-06 13:46:16.581638 True [  229807.951736] 0003 0035 00000321
2022-04-06 13:46:16.581638 True [  229807.951736] 0003 0036 00000666
2022-04-06 13:46:16.589692 True [  229807.959903] 0003 0035 00000326
2022-04-06 13:46:16.589692 True [  229807.959903] 0003 0036 0000064e
2022-04-06 13:46:16.599184 True [  229807.968314] 0003 0035 0000032c
2022-04-06 13:46:16.599184 True [  229807.968314] 0003 0036 0000063a
2022-04-06 13:46:16.606989 True [  229807.976606] 0003 0035 0000032f
2022-04-06 13:46:16.606989 True [  229807.976606] 0003 0036 00000624
2022-04-06 13:46:16.615775 True [  229807.984989] 0003 0035 00000333
2022-04-06 13:46:16.615775 True [  229807.984989] 0003 0036 0000060f
2022-04-06 13:46:16.624241 True [  229807.993240] 0003 0035 00000337
2022-04-06 13:46:16.624241 True [  229807.993240] 0003 0036 000005f6
2022-04-06 13:46:16.631506 True [  229808.001547] 0003 0035 0000033b
2022-04-06 13:46:16.631506 True [  229808.001547] 0003 0036 000005dd
2022-04-06 13:46:16.639363 True [  229808.009829] 0003 0035 0000033e
2022-04-06 13:46:16.639986 True [  229808.009829] 0003 0036 000005c6
2022-04-06 13:46:16.649657 True [  229808.018196] 0003 0035 00000341
2022-04-06 13:46:16.649657 True [  229808.018196] 0003 0036 000005ae
2022-04-06 13:46:16.657312 True [  229808.026437] 0003 0035 00000345
2022-04-06 13:46:16.657312 True [  229808.026437] 0003 0036 00000599
2022-04-06 13:46:16.666022 True [  229808.034903] 0003 0035 00000349
2022-04-06 13:46:16.666022 True [  229808.034903] 0003 0036 0000057f
2022-04-06 13:46:16.674019 True [  229808.043086] 0003 0035 0000034b
2022-04-06 13:46:16.674019 True [  229808.043086] 0003 0036 00000569
2022-04-06 13:46:16.681638 True [  229808.051484] 0003 0035 0000034d
2022-04-06 13:46:16.681638 True [  229808.051484] 0003 0036 00000551
2022-04-06 13:46:16.689869 True [  229808.059707] 0003 0035 0000034e
2022-04-06 13:46:16.689869 True [  229808.059707] 0003 0036 0000053a
2022-04-06 13:46:16.698976 True [  229808.068119] 0003 0035 0000034f
2022-04-06 13:46:16.698976 True [  229808.068119] 0003 0036 00000520
2022-04-06 13:46:16.706220 True [  229808.076471] 0003 0035 00000351
2022-04-06 13:46:16.706996 True [  229808.076471] 0003 0036 00000508
2022-04-06 13:46:16.715282 True [  229808.084693] 0003 0035 00000352
2022-04-06 13:46:16.715282 True [  229808.084693] 0003 0036 000004ee
2022-04-06 13:46:16.724623 True [  229808.093055] 0003 0036 000004d4
2022-04-06 13:46:16.732367 True [  229808.101434] 0003 0036 000004b6
2022-04-06 13:46:16.740468 True [  229808.109548] 0003 0036 0000049a
2022-04-06 13:46:16.748363 True [  229808.117932] 0003 0035 00000351
2022-04-06 13:46:16.748363 True [  229808.117932] 0003 0036 0000047e
2022-04-06 13:46:16.757452 True [  229808.126149] 0003 0035 00000350
2022-04-06 13:46:16.757452 True [  229808.126149] 0003 0036 00000463
2022-04-06 13:46:16.765575 True [  229808.134571] 0003 0035 0000034e
2022-04-06 13:46:16.765575 True [  229808.134571] 0003 0036 00000444
2022-04-06 13:46:16.773027 True [  229808.142770] 0003 0036 00000429
2022-04-06 13:46:16.781631 True [  229808.151212] 0003 0035 0000034c
2022-04-06 13:46:16.781631 True [  229808.151212] 0003 0036 0000040e
2022-04-06 13:46:16.789498 True [  229808.159366] 0003 0035 0000034b
2022-04-06 13:46:16.789498 True [  229808.159366] 0003 0036 000003f6
2022-04-06 13:46:16.798611 True [  229808.167791] 0003 0035 00000349
2022-04-06 13:46:16.798611 True [  229808.167791] 0003 0036 000003db
2022-04-06 13:46:16.807098 True [  229808.176066] 0003 0035 00000346
2022-04-06 13:46:16.807098 True [  229808.176066] 0003 0036 000003c4
2022-04-06 13:46:16.815331 True [  229808.184503] 0003 0035 00000343
2022-04-06 13:46:16.815331 True [  229808.184503] 0003 0036 000003ab
2022-04-06 13:46:16.823379 True [  229808.192671] 0003 0035 00000341
2022-04-06 13:46:16.823379 True [  229808.192671] 0003 0036 00000394
2022-04-06 13:46:16.831176 True [  229808.201017] 0003 0035 0000033f
2022-04-06 13:46:16.831176 True [  229808.201017] 0003 0036 0000037f
2022-04-06 13:46:16.839594 True [  229808.209171] 0003 0035 0000033c
2022-04-06 13:46:16.839594 True [  229808.209171] 0003 0036 00000366
2022-04-06 13:46:16.848603 True [  229808.217683] 0003 0035 0000033a
2022-04-06 13:46:16.848603 True [  229808.217683] 0003 0036 0000034f
2022-04-06 13:46:16.856510 True [  229808.225871] 0003 0035 00000337
2022-04-06 13:46:16.856510 True [  229808.225871] 0003 0036 00000336
2022-04-06 13:46:16.864046 True [  229808.234247] 0003 0035 00000335
2022-04-06 13:46:16.865402 True [  229808.234247] 0003 0036 00000322
2022-04-06 13:46:16.873064 True [  229808.242483] 0003 0035 00000332
2022-04-06 13:46:16.873064 True [  229808.242483] 0003 0036 0000030f
2022-04-06 13:46:16.881536 True [  229808.250838] 0003 0035 00000330
2022-04-06 13:46:16.881536 True [  229808.250838] 0003 0036 000002fa
2022-04-06 13:46:16.888930 True [  229808.259128] 0003 0035 0000032e
2022-04-06 13:46:16.889879 False [  229808.259128] 0003 0036 000002e5
2022-04-06 13:46:16.898389 False [  229808.267531] 0003 0035 0000032a
2022-04-06 13:46:16.899404 False [  229808.267531] 0003 0036 000002ce
2022-04-06 13:46:16.906440 False [  229808.275661] 0003 0035 00000328
2022-04-06 13:46:16.906440 False [  229808.275661] 0003 0036 000002b9
2022-04-06 13:46:16.914830 False [  229808.284144] 0003 0035 00000327
2022-04-06 13:46:16.914830 False [  229808.284144] 0003 0036 000002a6
2022-04-06 13:46:16.923809 False [  229808.292330] 0003 0035 00000325
2022-04-06 13:46:16.923809 False [  229808.292330] 0003 0036 00000292
2022-04-06 13:46:16.930165 False [  229808.300772] 0003 0035 00000323
2022-04-06 13:46:16.932160 False [  229808.300772] 0003 0036 0000027e
2022-04-06 13:46:16.938423 False [  229808.308958] 0003 0036 00000269
2022-04-06 13:46:16.948311 False [  229808.317310] 0003 0035 00000322
2022-04-06 13:46:16.948311 False [  229808.317310] 0003 0036 00000254
2022-04-06 13:46:16.956632 False [  229808.325618] 0003 0035 00000320
2022-04-06 13:46:16.956632 False [  229808.325618] 0003 0036 00000241
2022-04-06 13:46:16.965102 False [  229808.333998] 0003 0036 0000022e
2022-04-06 13:46:16.972870 False [  229808.342187] 0003 0035 0000031f
2022-04-06 13:46:16.972870 False [  229808.342187] 0003 0036 0000021d
2022-04-06 13:46:16.980711 False [  229808.350591] 0003 0036 0000020d
2022-04-06 13:46:16.989644 False [  229808.358852] 0003 0035 0000031c
2022-04-06 13:46:16.989644 False [  229808.358852] 0003 0036 000001fc
2022-04-06 13:46:16.998132 False [  229808.367199] 0003 0036 000001ed
2022-04-06 13:46:17.005828 False [  229808.375414] 0003 0036 000001e0
2022-04-06 13:46:17.014792 False [  229808.383866] 0003 0036 000001d5
2022-04-06 13:46:17.022809 False [  229808.391997] 0003 0035 0000031a
2022-04-06 13:46:17.022809 False [  229808.391997] 0003 0036 000001cd
2022-04-06 13:46:17.030594 False [  229808.400460] 0003 0035 00000319
2022-04-06 13:46:17.031626 False [  229808.400460] 0003 0036 000001c4
2022-04-06 13:46:17.038632 False [  229808.408654] 0003 0036 000001ba
2022-04-06 13:46:17.048018 False [  229808.417220] 0003 0035 00000318
2022-04-06 13:46:17.048018 False [  229808.417220] 0003 0036 000001b2
2022-04-06 13:46:17.055267 False [  229808.425244] 0003 0036 000001ac
2022-04-06 13:46:17.063799 False [  229808.433683] 0003 0036 000001a5
2022-04-06 13:46:17.071712 False [  229808.441877] 0003 0036 0000019e
2022-04-06 13:46:17.082464 False [  229808.451321] 0003 0036 00000193
2022-04-06 13:46:17.089929 False [  229808.459001] 0003 0035 00000317
2022-04-06 13:46:17.090717 False [  229808.459001] 0003 0036 00000189
2022-04-06 13:46:17.098050 False [  229808.466919] 0003 0036 00000183
2022-04-06 13:46:17.105848 False [  229808.475154] 0003 0036 0000017d
2022-04-06 13:46:17.114789 False [  229808.483544] 0003 0035 00000318
2022-04-06 13:46:17.114789 False [  229808.483544] 0003 0036 00000179
2022-04-06 13:46:17.120822 False [  229808.491737] 0003 0036 00000175
2022-04-06 13:46:17.131625 False [  229808.500141] 0003 0036 00000172
2022-04-06 13:46:17.139347 False [  229808.508355] 0003 0036 0000016f
2022-04-06 13:46:17.147138 False [  229808.516749] 0003 0035 00000317
2022-04-06 13:46:17.148135 False [  229808.516749] 0003 0036 0000016c
2022-04-06 13:46:17.156539 False [  229808.525062] 0003 0036 00000169
2022-04-06 13:46:17.164378 False [  229808.533443] 0003 0036 00000167
2022-04-06 13:46:17.173262 False [  229808.541573] 0003 0036 00000166
2022-04-06 13:46:17.181237 False [  229808.549951] 0003 0035 00000316
2022-04-06 13:46:17.181237 False [  229808.549951] 0003 0036 00000164
2022-04-06 13:46:17.189174 False [  229808.558143] 0003 0036 00000162
2022-04-06 13:46:17.204492 False [  229808.574811] 0003 0036 00000161
2022-04-06 13:46:17.214373 False [  229808.583252] 0003 0036 00000160
2022-04-06 13:46:17.222724 False [  229808.591408] 0003 0036 0000015f
2022-04-06 13:46:17.238756 False [  229808.608169] 0003 0036 0000015e
2022-04-06 13:46:17.290024 False [  229808.657969] 0003 0036 0000015d
2022-04-06 13:46:17.312974 False [  229808.683009] 0003 0036 0000015f
2022-04-06 13:46:17.320791 False [  229808.691169] 0003 0035 00000315
2022-04-06 13:46:17.322388 False [  229808.691169] 0003 0036 00000162
2022-04-06 13:46:17.331235 False [  229808.699580] 0003 0036 00000164
2022-04-06 13:46:17.338461 False [  229808.707870] 0003 0035 00000314
2022-04-06 13:46:17.339303 False [  229808.707870] 0003 0036 00000166
2022-04-06 13:46:17.346159 False [  229808.716191] 0003 0035 00000313
2022-04-06 13:46:17.347665 False [  229808.716191] 0003 0036 00000167
2022-04-06 13:46:17.355744 False [  229808.724379] 0003 0036 00000169
2022-04-06 13:46:17.362793 False [  229808.732911] 0003 0035 00000312
2022-04-06 13:46:17.363701 False [  229808.732911] 0003 0036 0000016b
2022-04-06 13:46:17.379434 False [  229808.749422] 0003 0035 00000311
2022-04-06 13:46:17.379434 False [  229808.749422] 0003 0036 0000016c
2022-04-06 13:46:17.387425 False [  229808.757606] 0003 0035 0000030f
2022-04-06 13:46:17.387425 False [  229808.757606] 0003 0036 00000173
2022-04-06 13:46:17.395579 False [  229808.766041] 0003 0035 0000030e
2022-04-06 13:46:17.395579 False [  229808.766041] 0003 0036 00000177
2022-04-06 13:46:17.403817 False [  229808.774232] 0003 0035 0000030a
2022-04-06 13:46:17.403817 False [  229808.774232] 0003 0036 00000182
2022-04-06 13:46:17.412843 False [  229808.782658] 0003 0035 00000308
2022-04-06 13:46:17.412843 False [  229808.782658] 0003 0036 00000189
2022-04-06 13:46:17.420585 False [  229808.790894] 0003 0035 00000303
2022-04-06 13:46:17.420585 False [  229808.790894] 0003 0036 00000199
2022-04-06 13:46:17.429407 False [  229808.799256] 0003 0035 00000301
2022-04-06 13:46:17.429407 False [  229808.799256] 0003 0036 000001a3
2022-04-06 13:46:17.436863 False [  229808.807479] 0003 0035 000002fc
2022-04-06 13:46:17.436863 False [  229808.807479] 0003 0036 000001b5
2022-04-06 13:46:17.446017 False [  229808.815912] 0003 0035 000002f8
2022-04-06 13:46:17.446017 False [  229808.815912] 0003 0036 000001bf
2022-04-06 13:46:17.453913 False [  229808.824088] 0003 0035 000002f4
2022-04-06 13:46:17.453913 False [  229808.824088] 0003 0036 000001d6
2022-04-06 13:46:17.462673 False [  229808.832555] 0003 0035 000002ef
2022-04-06 13:46:17.462673 False [  229808.832555] 0003 0036 000001eb
2022-04-06 13:46:17.470249 False [  229808.840728] 0003 0035 000002ea
2022-04-06 13:46:17.470249 False [  229808.840728] 0003 0036 000001fc
2022-04-06 13:46:17.479070 False [  229808.849176] 0003 0035 000002e6
2022-04-06 13:46:17.479070 False [  229808.849176] 0003 0036 0000020d
2022-04-06 13:46:17.487298 False [  229808.857341] 0003 0035 000002e2
2022-04-06 13:46:17.487298 False [  229808.857341] 0003 0036 00000221
2022-04-06 13:46:17.495532 False [  229808.865733] 0003 0035 000002df
2022-04-06 13:46:17.495532 False [  229808.865733] 0003 0036 00000234
2022-04-06 13:46:17.504280 False [  229808.873912] 0003 0035 000002dc
2022-04-06 13:46:17.504280 False [  229808.873912] 0003 0036 0000024a
2022-04-06 13:46:17.512750 False [  229808.882346] 0003 0035 000002d8
2022-04-06 13:46:17.512750 False [  229808.882346] 0003 0036 00000261
2022-04-06 13:46:17.521674 False [  229808.890542] 0003 0035 000002d4
2022-04-06 13:46:17.521674 False [  229808.890542] 0003 0036 0000027a
2022-04-06 13:46:17.529573 False [  229808.899015] 0003 0035 000002cf
2022-04-06 13:46:17.529573 False [  229808.899015] 0003 0036 00000295
2022-04-06 13:46:17.537486 False [  229808.907190] 0003 0035 000002ca
2022-04-06 13:46:17.537486 False [  229808.907190] 0003 0036 000002af
2022-04-06 13:46:17.546182 False [  229808.915653] 0003 0035 000002c4
2022-04-06 13:46:17.546182 False [  229808.915653] 0003 0036 000002c9
2022-04-06 13:46:17.554820 False [  229808.923840] 0003 0035 000002bf
2022-04-06 13:46:17.554820 False [  229808.923840] 0003 0036 000002e5
2022-04-06 13:46:17.562926 False [  229808.932265] 0003 0035 000002bb
2022-04-06 13:46:17.562926 False [  229808.932265] 0003 0036 00000300
2022-04-06 13:46:17.570793 False [  229808.940512] 0003 0035 000002b4
2022-04-06 13:46:17.571792 False [  229808.940512] 0003 0036 0000031a
2022-04-06 13:46:17.579549 False [  229808.948837] 0003 0035 000002b0
2022-04-06 13:46:17.579549 True [  229808.948837] 0003 0036 00000334
2022-04-06 13:46:17.587422 True [  229808.957206] 0003 0035 000002ac
2022-04-06 13:46:17.587867 True [  229808.957206] 0003 0036 0000034e
2022-04-06 13:46:17.596580 True [  229808.965462] 0003 0035 000002a7
2022-04-06 13:46:17.596580 True [  229808.965462] 0003 0036 00000369
2022-04-06 13:46:17.604493 True [  229808.973705] 0003 0035 000002a3
2022-04-06 13:46:17.604493 True [  229808.973705] 0003 0036 00000384
2022-04-06 13:46:17.613754 True [  229808.982058] 0003 0035 0000029f
2022-04-06 13:46:17.613754 True [  229808.982058] 0003 0036 000003a0
2022-04-06 13:46:17.620821 True [  229808.990298] 0003 0035 0000029b
2022-04-06 13:46:17.620821 True [  229808.990298] 0003 0036 000003bf
2022-04-06 13:46:17.629217 True [  229808.998704] 0003 0035 00000294
2022-04-06 13:46:17.629217 True [  229808.998704] 0003 0036 000003d9
2022-04-06 13:46:17.637532 True [  229809.006879] 0003 0035 00000291
2022-04-06 13:46:17.637532 True [  229809.006879] 0003 0036 000003f6
2022-04-06 13:46:17.646639 True [  229809.015344] 0003 0035 0000028b
2022-04-06 13:46:17.646639 True [  229809.015344] 0003 0036 00000410
2022-04-06 13:46:17.654347 True [  229809.023516] 0003 0035 00000285
2022-04-06 13:46:17.654347 True [  229809.023516] 0003 0036 0000042d
2022-04-06 13:46:17.662811 True [  229809.031975] 0003 0035 0000027f
2022-04-06 13:46:17.662811 True [  229809.031975] 0003 0036 00000445
2022-04-06 13:46:17.670786 True [  229809.040177] 0003 0035 0000027b
2022-04-06 13:46:17.670786 True [  229809.040177] 0003 0036 0000045f
2022-04-06 13:46:17.679198 True [  229809.048548] 0003 0035 00000276
2022-04-06 13:46:17.679198 True [  229809.048548] 0003 0036 00000476
2022-04-06 13:46:17.687100 True [  229809.056741] 0003 0035 00000272
2022-04-06 13:46:17.687733 True [  229809.056741] 0003 0036 00000493
2022-04-06 13:46:17.696155 True [  229809.065188] 0003 0035 0000026d
2022-04-06 13:46:17.696155 True [  229809.065188] 0003 0036 000004ad
2022-04-06 13:46:17.703502 True [  229809.073533] 0003 0035 00000269
2022-04-06 13:46:17.704498 True [  229809.073533] 0003 0036 000004c9
2022-04-06 13:46:17.712833 True [  229809.081825] 0003 0035 00000262
2022-04-06 13:46:17.712833 True [  229809.081825] 0003 0036 000004e3
2022-04-06 13:46:17.721771 True [  229809.089996] 0003 0035 0000025d
2022-04-06 13:46:17.721771 True [  229809.089996] 0003 0036 00000500
2022-04-06 13:46:17.729435 True [  229809.098501] 0003 0035 00000255
2022-04-06 13:46:17.729435 True [  229809.098501] 0003 0036 0000051a
2022-04-06 13:46:17.737853 True [  229809.106612] 0003 0035 0000024f
2022-04-06 13:46:17.737853 True [  229809.106612] 0003 0036 00000538
2022-04-06 13:46:17.745980 True [  229809.115037] 0003 0035 00000249
2022-04-06 13:46:17.745980 True [  229809.115037] 0003 0036 00000558
2022-04-06 13:46:17.752861 True [  229809.123126] 0003 0035 00000243
2022-04-06 13:46:17.754687 True [  229809.123126] 0003 0036 00000577
2022-04-06 13:46:17.762727 True [  229809.131606] 0003 0035 0000023e
2022-04-06 13:46:17.762727 True [  229809.131606] 0003 0036 00000595
2022-04-06 13:46:17.770398 True [  229809.139803] 0003 0035 00000239
2022-04-06 13:46:17.771393 True [  229809.139803] 0003 0036 000005b1
2022-04-06 13:46:17.779099 True [  229809.148271] 0003 0035 00000234
2022-04-06 13:46:17.779099 True [  229809.148271] 0003 0036 000005c9
2022-04-06 13:46:17.786453 True [  229809.156629] 0003 0035 0000022e
2022-04-06 13:46:17.786453 True [  229809.156629] 0003 0036 000005e2
2022-04-06 13:46:17.795388 True [  229809.164946] 0003 0035 00000225
2022-04-06 13:46:17.795388 True [  229809.164946] 0003 0036 000005ff
2022-04-06 13:46:17.802926 True [  229809.173038] 0003 0035 0000021e
2022-04-06 13:46:17.802926 True [  229809.173038] 0003 0036 0000061b
2022-04-06 13:46:17.811769 True [  229809.181552] 0003 0035 00000218
2022-04-06 13:46:17.811769 True [  229809.181552] 0003 0036 0000063a
2022-04-06 13:46:17.819433 True [  229809.189681] 0003 0035 00000212
2022-04-06 13:46:17.819433 True [  229809.189681] 0003 0036 00000657
2022-04-06 13:46:17.827731 True [  229809.198154] 0003 0035 0000020c
2022-04-06 13:46:17.827731 True [  229809.198154] 0003 0036 00000675
2022-04-06 13:46:17.835916 True [  229809.206255] 0003 0035 00000207
2022-04-06 13:46:17.835916 True [  229809.206255] 0003 0036 00000690
2022-04-06 13:46:17.844872 True [  229809.214761] 0003 0035 00000202
2022-04-06 13:46:17.844872 True [  229809.214761] 0003 0036 000006b1
2022-04-06 13:46:17.852921 True [  229809.222987] 0003 0035 000001fb
2022-04-06 13:46:17.852921 True [  229809.222987] 0003 0036 000006cb
2022-04-06 13:46:17.861757 False [  229809.231395] 0003 0035 000001f4
2022-04-06 13:46:17.861757 False [  229809.231395] 0003 0036 000006ec
2022-04-06 13:46:17.869570 False [  229809.239493] 0003 0035 000001ed
2022-04-06 13:46:17.869570 False [  229809.239493] 0003 0036 00000706
2022-04-06 13:46:17.877746 False [  229809.247931] 0003 0035 000001e9
2022-04-06 13:46:17.877746 False [  229809.247931] 0003 0036 00000720
2022-04-06 13:46:17.886115 False [  229809.256155] 0003 0035 000001e4
2022-04-06 13:46:17.886115 False [  229809.256155] 0003 0036 00000739
2022-04-06 13:46:17.894591 False [  229809.264571] 0003 0035 000001e0
2022-04-06 13:46:17.894591 False [  229809.264571] 0003 0036 00000753
2022-04-06 13:46:17.902697 False [  229809.272739] 0003 0035 000001de
2022-04-06 13:46:17.902697 False [  229809.272739] 0003 0036 00000760
2022-04-06 13:46:17.910738 False [  229809.281191] 0003 0035 000001d9
2022-04-06 13:46:17.910738 False [  229809.281191] 0003 0036 0000077c
2022-04-06 13:46:17.919001 False [  229809.289468] 0003 0035 000001d7
2022-04-06 13:46:17.919001 False [  229809.289468] 0003 0036 00000789
2022-04-06 13:46:17.927923 False [  229809.297904] 0003 0035 000001d3
2022-04-06 13:46:17.927923 False [  229809.297904] 0003 0036 0000079b
2022-04-06 13:46:17.935746 False [  229809.306113] 0003 0035 000001d2
2022-04-06 13:46:17.935746 False [  229809.306113] 0003 0036 000007a6
2022-04-06 13:46:17.944816 False [  229809.314512] 0003 0035 000001cf
2022-04-06 13:46:17.944816 False [  229809.314512] 0003 0036 000007b6
2022-04-06 13:46:17.952303 False [  229809.322687] 0003 0035 000001cd
2022-04-06 13:46:17.952303 False [  229809.322687] 0003 0036 000007c0
2022-04-06 13:46:17.960906 False [  229809.331073] 0003 0035 000001cc
2022-04-06 13:46:17.960906 False [  229809.331073] 0003 0036 000007c6
2022-04-06 13:46:17.969338 False [  229809.339287] 0003 0035 000001cb
2022-04-06 13:46:17.969338 False [  229809.339287] 0003 0036 000007ce
2022-04-06 13:46:17.977832 False [  229809.347800] 0003 0035 000001ca
2022-04-06 13:46:17.977832 False [  229809.347800] 0003 0036 000007d3
2022-04-06 13:46:17.985560 False [  229809.355914] 0003 0035 000001c9
2022-04-06 13:46:17.985560 False [  229809.355914] 0003 0036 000007d7
2022-04-06 13:46:17.994010 False [  229809.364500] 0003 0036 000007d9
2022-04-06 13:46:18.002279 False [  229809.372611] 0003 0036 000007dc
2022-04-06 13:46:18.010740 False [  229809.381004] 0003 0036 000007de
2022-04-06 13:46:18.019042 False [  229809.389177] 0003 0036 000007df
2022-04-06 13:46:18.027494 False [  229809.397577] 0003 0036 000007e0
2022-04-06 13:46:18.044226 False [  229809.414221] 0003 0036 000007e1
2022-04-06 13:46:18.052154 False [  229809.422381] 0003 0036 000007e2
2022-04-06 13:46:18.077082 False [  229809.447329] 0003 0036 000007e1
2022-04-06 13:46:19.258642 False [  229810.627982] 0003 0035 0000061f
2022-04-06 13:46:19.258642 False [  229810.627982] 0003 0036 00000071
2022-04-06 13:46:23.738935 False [  229815.107930] 0003 0035 0000055f
2022-04-06 13:46:23.738935 False [  229815.107930] 0003 0036 000001cb
2022-04-06 13:46:25.184732 False [  229816.553435] 0003 0035 00000448
2022-04-06 13:46:25.184732 True [  229816.553435] 0003 0036 0000054d
2022-04-06 13:46:26.381518 False [  229817.750853] 0003 0035 00000530
2022-04-06 13:46:26.381518 False [  229817.750853] 0003 0036 0000081e
2022-04-06 13:46:26.387458 False [  229817.757247] 0003 0035 00000554
2022-04-06 13:46:26.387458 False [  229817.757247] 0003 0036 0000077c
2022-04-06 13:46:26.420197 False [  229817.790025] 0003 0035 0000052e
2022-04-06 13:46:26.427808 False [  229817.798256] 0003 0035 0000052d
2022-04-06 13:46:26.427808 False [  229817.798256] 0003 0036 0000081f
2022-04-06 13:46:26.436849 False [  229817.806724] 0003 0036 00000820
2022-04-06 13:46:26.443884 False [  229817.815060] 0003 0035 0000052b
2022-04-06 13:46:26.453197 False [  229817.823327] 0003 0035 0000052a
2022-04-06 13:46:26.453197 False [  229817.823327] 0003 0036 00000821
2022-04-06 13:46:26.461359 False [  229817.831494] 0003 0035 00000529
2022-04-06 13:46:26.461359 False [  229817.831494] 0003 0036 00000822
2022-04-06 13:46:26.469715 False [  229817.839960] 0003 0035 00000528
2022-04-06 13:46:26.469715 False [  229817.839960] 0003 0036 00000824
2022-04-06 13:46:26.477406 False [  229817.848273] 0003 0035 00000527
2022-04-06 13:46:26.486300 False [  229817.856628] 0003 0035 00000525
2022-04-06 13:46:26.486300 False [  229817.856628] 0003 0036 00000825
2022-04-06 13:46:26.495163 False [  229817.864761] 0003 0035 00000524
2022-04-06 13:46:26.495163 False [  229817.864761] 0003 0036 00000827
2022-04-06 13:46:26.502275 False [  229817.873368] 0003 0035 00000523
2022-04-06 13:46:26.502275 False [  229817.873368] 0003 0036 00000828
2022-04-06 13:46:26.511259 False [  229817.881389] 0003 0035 00000522
2022-04-06 13:46:26.511259 False [  229817.881389] 0003 0036 00000829
2022-04-06 13:46:26.519689 False [  229817.890199] 0003 0036 0000082b
2022-04-06 13:46:26.527705 False [  229817.897992] 0003 0035 00000521
2022-04-06 13:46:26.527705 False [  229817.897992] 0003 0036 0000082c
2022-04-06 13:46:26.536799 False [  229817.906839] 0003 0035 00000520
2022-04-06 13:46:26.536799 False [  229817.906839] 0003 0036 0000082d
2022-04-06 13:46:26.544995 False [  229817.914746] 0003 0035 0000051f
2022-04-06 13:46:26.553568 False [  229817.923419] 0003 0035 0000051e
2022-04-06 13:46:26.553568 False [  229817.923419] 0003 0036 0000082e
2022-04-06 13:46:26.569694 False [  229817.939838] 0003 0036 0000082f
2022-04-06 13:46:26.577934 False [  229817.948206] 0003 0036 00000830
2022-04-06 13:46:26.586469 False [  229817.957025] 0003 0036 00000831
2022-04-06 13:46:26.611677 False [  229817.981272] 0003 0036 00000832
2022-04-06 13:46:26.627851 False [  229817.997810] 0003 0036 00000833
2022-04-06 13:46:26.635790 False [  229818.006176] 0003 0036 00000834
2022-04-06 13:46:26.644638 False [  229818.014356] 0003 0036 00000835
2022-04-06 13:46:26.653180 False [  229818.023034] 0003 0035 0000051d
2022-04-06 13:46:26.653180 False [  229818.023034] 0003 0036 00000837
2022-04-06 13:46:26.661796 False [  229818.031426] 0003 0036 00000839
2022-04-06 13:46:26.669700 False [  229818.039474] 0003 0036 0000083b
2022-04-06 13:46:26.678504 False [  229818.048096] 0003 0035 0000051c
2022-04-06 13:46:26.678504 False [  229818.048096] 0003 0036 0000083c
2022-04-06 13:46:26.678504 False [  229818.048096] 0003 0036 0000077b
2022-04-06 13:46:26.687135 False [  229818.056391] 0003 0036 0000083e
2022-04-06 13:46:26.702689 False [  229818.072639] 0003 0036 0000083f
2022-04-06 13:46:26.710801 False [  229818.080886] 0003 0036 00000840
2022-04-06 13:46:26.712804 False [  229818.080886] 0003 0036 0000077a
2022-04-06 13:46:26.719838 False [  229818.089292] 0003 0036 00000841
2022-04-06 13:46:26.737623 False [  229818.105912] 0003 0036 00000842
2022-04-06 13:46:26.762796 False [  229818.131153] 0003 0036 00000843
2022-04-06 13:46:26.778525 False [  229818.147487] 0003 0036 00000844
2022-04-06 13:46:26.812723 False [  229818.180871] 0003 0036 00000845
2022-04-06 13:46:26.845783 False [  229818.213899] 0003 0036 00000846
2022-04-06 13:46:26.878649 False [  229818.247051] 0003 0036 00000847
2022-04-06 13:46:26.886709 False [  229818.255697] 0003 0035 0000051b
2022-04-06 13:46:26.929162 False [  229818.296936] 0003 0036 00000848
2022-04-06 13:46:26.936776 False [  229818.305339] 0003 0035 0000051a
2022-04-06 13:46:26.936776 False [  229818.305339] 0003 0036 00000849
2022-04-06 13:46:26.937741 False [  229818.305339] 0003 0035 00000555
2022-04-06 13:46:26.937741 False [  229818.305339] 0003 0036 00000779
2022-04-06 13:46:26.944530 False [  229818.313676] 0003 0036 0000084a
2022-04-06 13:46:26.953170 False [  229818.322204] 0003 0035 00000519
2022-04-06 13:46:26.959830 False [  229818.330140] 0003 0036 0000084b
2022-04-06 13:46:26.959830 False [  229818.330140] 0003 0036 00000778
2022-04-06 13:46:26.986811 False [  229818.355603] 0003 0035 00000518
2022-04-06 13:46:26.994326 False [  229818.363380] 0003 0036 00000777
2022-04-06 13:46:27.010998 False [  229818.380179] 0003 0036 0000084c
2022-04-06 13:46:27.019788 False [  229818.389221] 0003 0035 00000517
2022-04-06 13:46:27.028110 False [  229818.396630] 0003 0036 00000776
2022-04-06 13:46:27.045521 False [  229818.413388] 0003 0036 0000084d
2022-04-06 13:46:27.077241 False [  229818.446615] 0003 0036 0000084e
2022-04-06 13:46:27.086284 False [  229818.454911] 0003 0035 00000516
2022-04-06 13:46:27.119393 False [  229818.488281] 0003 0035 00000557
2022-04-06 13:46:27.119393 False [  229818.488281] 0003 0036 00000775
