Mode = area stim
    verts = 4 
    radius = 550 
    center = (600, 960) 
    first_angle = 0.6510293235592144 
    wm_size = [1200 1920] 
    stim_amp = 4 
    baseline_stim = 2
    current_stim_group = 0
    sense_zone = 0
    ===============================
2022-03-10 15:37:58.085357 True [   87800.963076] 0003 0035 000003e4
2022-03-10 15:37:58.101161 True [   87800.979888] 0003 0035 000003e4
2022-03-10 15:37:58.118722 True [   87800.996764] 0003 0035 000003e4
2022-03-10 15:37:58.135508 True [   87801.013822] 0003 0035 000003e4
2022-03-10 15:38:23.511352 True [   87826.389143] 0003 0035 0000036f
2022-03-10 15:38:23.527947 True [   87826.404713] 0003 0035 0000036f
2022-03-10 15:38:23.545069 True [   87826.420929] 0003 0035 0000036f
2022-03-10 15:38:23.560856 True [   87826.437815] 0003 0035 0000036f
2022-03-10 15:38:23.577455 True [   87826.454752] 0003 0035 0000036f
2022-03-10 15:38:23.594826 True [   87826.471696] 0003 0035 0000036f
2022-03-10 15:38:23.612076 True [   87826.488637] 0003 0035 0000036f
2022-03-10 15:38:23.627995 True [   87826.505614] 0003 0035 0000036f
2022-03-10 15:38:23.645670 True [   87826.522435] 0003 0035 0000036f
2022-03-10 15:38:23.661296 True [   87826.539386] 0003 0035 0000036f
2022-03-10 15:38:23.678393 True [   87826.556314] 0003 0035 0000036f
2022-03-10 15:38:23.695856 True [   87826.573411] 0003 0035 0000036f
2022-03-10 15:38:23.714172 True [   87826.590198] 0003 0035 0000036f
2022-03-10 15:38:23.729279 True [   87826.607236] 0003 0035 0000036f
2022-03-10 15:38:26.320987 True [   87829.198730] 0003 0035 00000268
2022-03-10 15:38:26.336781 True [   87829.214318] 0003 0035 00000268
2022-03-10 15:38:26.355327 True [   87829.231248] 0003 0035 00000268
2022-03-10 15:38:26.370881 True [   87829.247973] 0003 0035 00000268
2022-03-10 15:38:26.387521 True [   87829.264914] 0003 0035 00000268
2022-03-10 15:38:26.404265 True [   87829.281865] 0003 0035 00000268
2022-03-10 15:38:26.422476 True [   87829.299295] 0003 0035 00000268
2022-03-10 15:38:26.438533 True [   87829.315740] 0003 0035 00000268
2022-03-10 15:38:26.454709 True [   87829.332383] 0003 0035 00000268
2022-03-10 15:38:29.233172 True [   87832.110679] 0003 0035 00000254
2022-03-10 15:38:29.248187 True [   87832.125897] 0003 0035 00000254
2022-03-10 15:38:29.264773 True [   87832.142791] 0003 0035 00000254
2022-03-10 15:38:29.283336 True [   87832.159710] 0003 0035 00000254
2022-03-10 15:38:29.299481 True [   87832.177090] 0003 0035 00000254
2022-03-10 15:38:29.316724 True [   87832.194217] 0003 0035 00000254
2022-03-10 15:38:29.333109 True [   87832.210525] 0003 0035 00000254
2022-03-10 15:38:29.351568 True [   87832.227417] 0003 0035 00000254
2022-03-10 15:38:29.366244 True [   87832.244160] 0003 0035 00000254
2022-03-10 15:38:30.095733 True [   87832.972271] 0003 0035 000001fd
2022-03-10 15:38:30.112559 True [   87832.989294] 0003 0035 000001fd
2022-03-10 15:38:30.129357 True [   87833.006163] 0003 0035 000001fd
2022-03-10 15:38:30.146541 True [   87833.023097] 0003 0035 000001fd
2022-03-10 15:38:30.163249 True [   87833.039979] 0003 0035 000001fd
2022-03-10 15:38:30.179400 True [   87833.056951] 0003 0035 000001fd
2022-03-10 15:38:30.196799 True [   87833.073916] 0003 0035 000001fd
2022-03-10 15:38:30.212936 True [   87833.090809] 0003 0035 000001fd
2022-03-10 15:38:30.230500 True [   87833.107974] 0003 0035 000001fd
2022-03-10 15:38:30.248083 True [   87833.124689] 0003 0035 00000205
2022-03-10 15:38:30.264737 True [   87833.141571] 0003 0035 0000020e
2022-03-10 15:38:30.280765 True [   87833.158548] 0003 0035 00000218
2022-03-10 15:38:30.298180 True [   87833.175768] 0003 0035 00000222
2022-03-10 15:38:30.317719 True [   87833.192770] 0003 0035 0000022b
2022-03-10 15:38:30.333956 True [   87833.209524] 0003 0035 00000233
2022-03-10 15:38:30.350902 True [   87833.226664] 0003 0035 0000023a
2022-03-10 15:38:30.366324 True [   87833.243137] 0003 0035 00000240
2022-03-10 15:38:30.382407 True [   87833.260164] 0003 0035 00000245
2022-03-10 15:38:30.398897 True [   87833.276970] 0003 0035 00000249
2022-03-10 15:38:30.416632 True [   87833.294106] 0003 0035 00000249
2022-03-10 15:38:30.435232 True [   87833.311104] 0003 0035 0000024e
2022-03-10 15:38:30.451131 True [   87833.327954] 0003 0035 0000024e
2022-03-10 15:38:30.471957 True [   87833.345465] 0003 0035 00000252
2022-03-10 15:38:30.484522 True [   87833.362398] 0003 0035 00000252
2022-03-10 15:38:30.502091 True [   87833.378607] 0003 0035 00000252
2022-03-10 15:38:30.519156 True [   87833.396484] 0003 0035 00000252
2022-03-10 15:38:30.537519 True [   87833.413045] 0003 0035 00000252
2022-03-10 15:38:30.552109 True [   87833.429565] 0003 0035 00000252
2022-03-10 15:38:30.568858 True [   87833.446239] 0003 0035 00000252
2022-03-10 15:38:30.586518 True [   87833.463227] 0003 0035 00000252
2022-03-10 15:38:30.602831 True [   87833.480170] 0003 0035 00000252
2022-03-10 15:38:30.619678 True [   87833.497189] 0003 0035 00000252
2022-03-10 15:38:30.637159 True [   87833.514478] 0003 0035 00000252
2022-03-10 15:38:30.653720 True [   87833.531000] 0003 0035 00000252
2022-03-10 15:38:30.669583 True [   87833.547851] 0003 0035 00000252
2022-03-10 15:38:30.687566 True [   87833.564828] 0003 0035 00000252
2022-03-10 15:38:30.704269 True [   87833.581725] 0003 0035 00000252
2022-03-10 15:38:30.721524 True [   87833.598760] 0003 0035 00000252
2022-03-10 15:38:30.738350 True [   87833.615820] 0003 0035 00000252
2022-03-10 15:38:30.755336 True [   87833.632545] 0003 0035 00000252
2022-03-10 15:38:30.772269 True [   87833.649432] 0003 0035 00000252
2022-03-10 15:38:30.789449 True [   87833.666364] 0003 0035 00000252
2022-03-10 15:38:30.805537 True [   87833.683280] 0003 0035 00000252
2022-03-10 15:38:30.824001 True [   87833.700371] 0003 0035 00000252
2022-03-10 15:38:30.839836 True [   87833.717162] 0003 0035 00000252
2022-03-10 15:38:30.857074 True [   87833.734493] 0003 0035 00000252
2022-03-10 15:38:30.873523 True [   87833.751000] 0003 0035 00000252
2022-03-10 15:38:30.890535 True [   87833.767914] 0003 0035 00000252
2022-03-10 15:38:30.906980 True [   87833.784835] 0003 0035 00000252
2022-03-10 15:38:30.924208 True [   87833.801896] 0003 0035 00000252
2022-03-10 15:38:30.941213 True [   87833.818892] 0003 0035 00000252
2022-03-10 15:38:30.958902 True [   87833.836143] 0003 0035 00000252
2022-03-10 15:38:30.975069 True [   87833.852598] 0003 0035 00000252
2022-03-10 15:38:30.991322 True [   87833.869473] 0003 0035 00000252
2022-03-10 15:38:31.008812 True [   87833.886468] 0003 0035 00000252
2022-03-10 15:38:31.026740 True [   87833.903449] 0003 0035 00000252
2022-03-10 15:38:31.042865 True [   87833.920321] 0003 0035 00000252
2022-03-10 15:38:31.062666 True [   87833.937723] 0003 0035 00000252
2022-03-10 15:38:31.077395 True [   87833.954111] 0003 0035 00000252
2022-03-10 15:38:31.093815 True [   87833.971113] 0003 0035 00000252
2022-03-10 15:38:31.111771 True [   87833.988077] 0003 0035 00000252
2022-03-10 15:38:31.128169 True [   87834.005346] 0003 0035 00000252
2022-03-10 15:38:31.162164 True [   87834.039047] 0003 0035 00000252
2022-03-10 15:38:31.178121 True [   87834.055670] 0003 0035 00000252
2022-03-10 15:38:31.195673 True [   87834.072665] 0003 0035 00000256
2022-03-10 15:38:31.212339 True [   87834.089658] 0003 0035 0000025b
2022-03-10 15:38:31.230184 True [   87834.106559] 0003 0035 00000263
2022-03-10 15:38:31.246168 True [   87834.123478] 0003 0035 0000026d
2022-03-10 15:38:31.263594 True [   87834.140356] 0003 0035 00000277
2022-03-10 15:38:31.279625 True [   87834.157363] 0003 0035 00000280
2022-03-10 15:38:31.296877 True [   87834.174233] 0003 0035 00000289
2022-03-10 15:38:31.313822 True [   87834.191252] 0003 0035 00000290
2022-03-10 15:38:31.332141 True [   87834.208298] 0003 0035 00000296
2022-03-10 15:38:31.346859 True [   87834.225032] 0003 0035 0000029b
2022-03-10 15:38:31.368863 True [   87834.241935] 0003 0035 0000029b
2022-03-10 15:38:31.380980 True [   87834.258888] 0003 0035 0000029f
2022-03-10 15:38:31.398024 True [   87834.275796] 0003 0035 0000029f
2022-03-10 15:38:31.414954 True [   87834.292905] 0003 0035 0000029f
2022-03-10 15:38:31.432098 True [   87834.309677] 0003 0035 0000029f
2022-03-10 15:38:31.449628 True [   87834.326616] 0003 0035 0000029f
2022-03-10 15:38:31.467054 True [   87834.344079] 0003 0035 0000029f
2022-03-10 15:38:31.482569 True [   87834.360479] 0003 0035 0000029f
2022-03-10 15:38:31.499625 True [   87834.377373] 0003 0035 0000029f
2022-03-10 15:38:31.516640 True [   87834.394358] 0003 0035 000002a3
2022-03-10 15:38:31.533725 True [   87834.411365] 0003 0035 000002a3
2022-03-10 15:38:31.550938 True [   87834.428199] 0003 0035 000002a3
2022-03-10 15:38:31.567808 True [   87834.445161] 0003 0035 000002a3
2022-03-10 15:38:31.584059 True [   87834.462077] 0003 0035 000002a3
2022-03-10 15:38:31.601296 True [   87834.478969] 0003 0035 000002a3
2022-03-10 15:38:31.618509 True [   87834.495967] 0003 0035 000002a3
2022-03-10 15:38:31.637658 True [   87834.513403] 0003 0035 000002a3
2022-03-10 15:38:31.652798 True [   87834.529755] 0003 0035 000002a3
2022-03-10 15:38:31.669725 True [   87834.546748] 0003 0035 000002a3
2022-03-10 15:38:31.686003 True [   87834.563666] 0003 0035 0000029d
2022-03-10 15:38:31.703656 True [   87834.580541] 0003 0035 00000295
2022-03-10 15:38:31.720611 True [   87834.598353] 0003 0035 0000028d
2022-03-10 15:38:31.736571 True [   87834.614423] 0003 0035 00000284
2022-03-10 15:38:31.753870 True [   87834.631401] 0003 0035 0000027c
2022-03-10 15:38:31.771447 True [   87834.648238] 0003 0035 00000275
2022-03-10 15:38:31.787517 True [   87834.665287] 0003 0035 0000026e
2022-03-10 15:38:31.805180 True [   87834.682099] 0003 0035 00000269
2022-03-10 15:38:31.822517 True [   87834.699071] 0003 0035 00000264
2022-03-10 15:38:31.840668 True [   87834.716202] 0003 0035 00000260
2022-03-10 15:38:31.856358 True [   87834.733527] 0003 0035 00000260
2022-03-10 15:38:31.873704 True [   87834.749865] 0003 0035 00000260
2022-03-10 15:38:31.889393 True [   87834.766703] 0003 0035 0000025c
2022-03-10 15:38:31.906179 True [   87834.783782] 0003 0035 0000025c
2022-03-10 15:38:31.923133 True [   87834.800748] 0003 0035 0000025c
2022-03-10 15:38:31.940352 True [   87834.817848] 0003 0035 0000025c
2022-03-10 15:38:31.958318 True [   87834.834544] 0003 0035 0000025c
2022-03-10 15:38:31.974522 True [   87834.851444] 0003 0035 0000025c
2022-03-10 15:38:31.991388 True [   87834.868715] 0003 0035 0000025c
2022-03-10 15:38:32.007274 True [   87834.885369] 0003 0035 0000025c
2022-03-10 15:38:32.024288 True [   87834.902220] 0003 0035 0000025c
2022-03-10 15:38:32.041694 True [   87834.919396] 0003 0035 0000025c
2022-03-10 15:38:32.059370 True [   87834.936646] 0003 0035 0000025c
2022-03-10 15:38:32.075404 True [   87834.953236] 0003 0035 0000025c
2022-03-10 15:38:32.092381 True [   87834.969967] 0003 0035 0000025c
2022-03-10 15:38:32.109510 True [   87834.986881] 0003 0035 0000025c
2022-03-10 15:38:32.126701 True [   87835.003840] 0003 0035 0000025c
2022-03-10 15:38:32.143777 True [   87835.021454] 0003 0035 0000025c
2022-03-10 15:38:32.160758 True [   87835.038193] 0003 0035 0000025c
2022-03-10 15:38:32.177728 True [   87835.055323] 0003 0035 0000025c
2022-03-10 15:38:32.194131 True [   87835.071541] 0003 0035 0000025c
2022-03-10 15:38:32.211356 True [   87835.089035] 0003 0035 0000025c
2022-03-10 15:38:32.228132 True [   87835.105624] 0003 0035 0000025c
2022-03-10 15:38:32.250011 True [   87835.125907] 0003 0035 0000025c
2022-03-10 15:38:32.262829 True [   87835.139293] 0003 0035 0000025c
2022-03-10 15:38:32.279125 True [   87835.156185] 0003 0035 0000025c
2022-03-10 15:38:32.296359 True [   87835.173115] 0003 0035 0000025c
2022-03-10 15:38:32.312821 True [   87835.190069] 0003 0035 0000025c
2022-03-10 15:38:32.329901 True [   87835.206947] 0003 0035 0000025c
2022-03-10 15:38:32.346649 True [   87835.223888] 0003 0035 0000025c
2022-03-10 15:38:32.363607 True [   87835.241149] 0003 0035 0000025c
2022-03-10 15:38:32.379562 True [   87835.257703] 0003 0035 0000025c
2022-03-10 15:38:32.397517 True [   87835.274721] 0003 0035 0000025c
2022-03-10 15:38:32.414488 True [   87835.291643] 0003 0035 0000025c
2022-03-10 15:38:32.431448 True [   87835.308567] 0003 0035 0000025c
2022-03-10 15:38:32.449396 True [   87835.325472] 0003 0035 0000025c
2022-03-10 15:38:32.467684 True [   87835.342441] 0003 0035 0000025c
2022-03-10 15:38:32.482624 True [   87835.359507] 0003 0035 0000025c
2022-03-10 15:38:32.499023 True [   87835.376195] 0003 0035 0000025c
2022-03-10 15:38:32.515977 True [   87835.393255] 0003 0035 0000025c
2022-03-10 15:38:32.533927 True [   87835.410145] 0003 0035 0000025c
2022-03-10 15:38:32.549884 True [   87835.427080] 0003 0035 0000025c
2022-03-10 15:38:32.569860 True [   87835.444067] 0003 0035 0000025c
2022-03-10 15:38:32.583361 True [   87835.460920] 0003 0035 0000025c
2022-03-10 15:38:32.600703 True [   87835.477887] 0003 0035 0000025c
2022-03-10 15:38:32.617707 True [   87835.494848] 0003 0035 0000025c
2022-03-10 15:38:32.634373 True [   87835.511801] 0003 0035 0000025c
2022-03-10 15:38:32.651891 True [   87835.528338] 0003 0035 0000025c
