Mode = area stim
        verts = 4 
        radius = 550 
        center = (800, 1280) 
        first_angle = 1.1032237792101471 
        wm_size = [1600 2560] 
        stim_amp = 6 
        baseline_stim = 4
        current_stim_group = audio
        sense_zone = 0
        ===============================
2022-04-07 14:28:50.110752 False [    7039.171009] 0003 0036 0000096b
2022-04-07 14:28:50.131553 False [    7039.195463] 0003 0035 00000463
2022-04-07 14:28:50.131553 False [    7039.195463] 0003 0036 00000962
2022-04-07 14:28:50.605524 False [    7039.669035] 0003 0035 00000354
2022-04-07 14:28:50.605524 False [    7039.669035] 0003 0036 0000094a
2022-04-07 14:28:50.705462 False [    7039.768685] 0003 0035 00000356
2022-04-07 14:28:50.705462 False [    7039.768685] 0003 0036 00000949
2022-04-07 14:28:51.189283 False [    7040.252981] 0003 0035 000002df
2022-04-07 14:28:51.189283 False [    7040.252981] 0003 0036 000009f4
2022-04-07 14:28:51.203811 False [    7040.268140] 0003 0035 000002dd
2022-04-07 14:28:51.203811 False [    7040.268140] 0003 0036 000009ec
2022-04-07 14:28:51.211621 False [    7040.275755] 0003 0035 000002dc
2022-04-07 14:28:51.211621 False [    7040.275755] 0003 0036 000009e3
2022-04-07 14:28:51.219123 False [    7040.283676] 0003 0035 000002db
2022-04-07 14:28:51.219123 False [    7040.283676] 0003 0036 000009d7
2022-04-07 14:28:51.228095 False [    7040.291965] 0003 0035 000002da
2022-04-07 14:28:51.229136 False [    7040.291965] 0003 0036 000009c9
2022-04-07 14:28:51.236086 False [    7040.300439] 0003 0036 000009c3
2022-04-07 14:28:51.244467 False [    7040.308612] 0003 0035 000002db
2022-04-07 14:28:51.244467 False [    7040.308612] 0003 0036 000009b0
2022-04-07 14:28:51.252093 False [    7040.317048] 0003 0035 000002dd
2022-04-07 14:28:51.252093 False [    7040.317048] 0003 0036 00000999
2022-04-07 14:28:51.260796 False [    7040.325335] 0003 0035 000002e0
2022-04-07 14:28:51.260796 False [    7040.325335] 0003 0036 00000982
2022-04-07 14:28:51.269172 False [    7040.333561] 0003 0035 000002e5
2022-04-07 14:28:51.269172 False [    7040.333561] 0003 0036 00000967
2022-04-07 14:28:51.277149 False [    7040.341872] 0003 0035 000002e9
2022-04-07 14:28:51.278159 False [    7040.341872] 0003 0036 0000094c
2022-04-07 14:28:51.286516 False [    7040.350201] 0003 0035 000002ed
2022-04-07 14:28:51.286516 False [    7040.350201] 0003 0036 0000092f
2022-04-07 14:28:51.294940 False [    7040.358432] 0003 0035 000002f4
2022-04-07 14:28:51.294940 False [    7040.358432] 0003 0036 00000911
2022-04-07 14:28:51.302569 False [    7040.366949] 0003 0035 000002f9
2022-04-07 14:28:51.302569 False [    7040.366949] 0003 0036 000008f4
2022-04-07 14:28:51.311466 False [    7040.375267] 0003 0035 000002ff
2022-04-07 14:28:51.311466 False [    7040.375267] 0003 0036 000008d9
2022-04-07 14:28:51.319145 False [    7040.383571] 0003 0035 00000304
2022-04-07 14:28:51.319145 False [    7040.383571] 0003 0036 000008be
2022-04-07 14:28:51.328102 False [    7040.391930] 0003 0035 00000308
2022-04-07 14:28:51.328102 False [    7040.391930] 0003 0036 000008a5
2022-04-07 14:28:51.335705 False [    7040.400182] 0003 0035 0000030b
2022-04-07 14:28:51.335705 False [    7040.400182] 0003 0036 0000088f
2022-04-07 14:28:51.345121 False [    7040.408484] 0003 0035 00000310
2022-04-07 14:28:51.345121 False [    7040.408484] 0003 0036 00000878
2022-04-07 14:28:51.352449 False [    7040.416851] 0003 0035 00000315
2022-04-07 14:28:51.353453 False [    7040.416851] 0003 0036 00000859
2022-04-07 14:28:51.360783 False [    7040.425081] 0003 0035 00000319
2022-04-07 14:28:51.361788 False [    7040.425081] 0003 0036 0000083f
2022-04-07 14:28:51.369104 False [    7040.433451] 0003 0035 0000031f
2022-04-07 14:28:51.369104 False [    7040.433451] 0003 0036 00000820
2022-04-07 14:28:51.378141 False [    7040.441827] 0003 0035 00000323
2022-04-07 14:28:51.379182 False [    7040.441827] 0003 0036 00000803
2022-04-07 14:28:51.385782 False [    7040.450099] 0003 0035 00000328
2022-04-07 14:28:51.385782 False [    7040.450099] 0003 0036 000007e5
2022-04-07 14:28:51.394116 False [    7040.458247] 0003 0035 0000032d
2022-04-07 14:28:51.394116 False [    7040.458247] 0003 0036 000007c1
2022-04-07 14:28:51.402710 False [    7040.466682] 0003 0035 00000331
2022-04-07 14:28:51.402710 False [    7040.466682] 0003 0036 0000079f
2022-04-07 14:28:51.410638 False [    7040.474889] 0003 0035 00000335
2022-04-07 14:28:51.410638 False [    7040.474889] 0003 0036 0000077d
2022-04-07 14:28:51.419045 False [    7040.483306] 0003 0035 0000033a
2022-04-07 14:28:51.419045 False [    7040.483306] 0003 0036 00000754
2022-04-07 14:28:51.427616 False [    7040.491482] 0003 0035 0000033c
2022-04-07 14:28:51.427616 False [    7040.491482] 0003 0036 0000072e
2022-04-07 14:28:51.435804 False [    7040.499988] 0003 0035 0000033e
2022-04-07 14:28:51.435804 False [    7040.499988] 0003 0036 00000707
2022-04-07 14:28:51.444053 False [    7040.508298] 0003 0035 0000033f
2022-04-07 14:28:51.444053 False [    7040.508298] 0003 0036 000006e0
2022-04-07 14:28:51.452619 False [    7040.516575] 0003 0035 00000340
2022-04-07 14:28:51.452619 False [    7040.516575] 0003 0036 000006bb
2022-04-07 14:28:51.460666 True [    7040.524776] 0003 0036 00000697
2022-04-07 14:28:51.469247 True [    7040.533213] 0003 0036 00000674
2022-04-07 14:28:51.477240 True [    7040.541370] 0003 0035 00000341
2022-04-07 14:28:51.478204 True [    7040.541370] 0003 0036 00000651
2022-04-07 14:28:51.485722 True [    7040.549819] 0003 0035 00000345
2022-04-07 14:28:51.485722 True [    7040.549819] 0003 0036 00000631
2022-04-07 14:28:51.493946 True [    7040.557979] 0003 0036 00000610
2022-04-07 14:28:51.502454 True [    7040.566541] 0003 0035 00000348
2022-04-07 14:28:51.502454 True [    7040.566541] 0003 0036 000005f4
2022-04-07 14:28:51.510564 True [    7040.574619] 0003 0035 0000034a
2022-04-07 14:28:51.510564 True [    7040.574619] 0003 0036 000005d8
2022-04-07 14:28:51.519113 True [    7040.583177] 0003 0036 000005b9
2022-04-07 14:28:51.527589 True [    7040.591245] 0003 0035 0000034e
2022-04-07 14:28:51.527589 True [    7040.591245] 0003 0036 0000059d
2022-04-07 14:28:51.535854 True [    7040.599809] 0003 0035 0000034f
2022-04-07 14:28:51.535854 True [    7040.599809] 0003 0036 0000057f
2022-04-07 14:28:51.544414 True [    7040.607867] 0003 0035 00000351
2022-04-07 14:28:51.544414 True [    7040.607867] 0003 0036 00000565
2022-04-07 14:28:51.552450 True [    7040.616370] 0003 0035 00000352
2022-04-07 14:28:51.552450 True [    7040.616370] 0003 0036 00000549
2022-04-07 14:28:51.561342 True [    7040.624631] 0003 0036 0000052d
2022-04-07 14:28:51.569093 True [    7040.632983] 0003 0035 00000353
2022-04-07 14:28:51.569093 True [    7040.632983] 0003 0036 0000050d
2022-04-07 14:28:51.578092 True [    7040.641090] 0003 0035 00000355
2022-04-07 14:28:51.578092 True [    7040.641090] 0003 0036 000004ef
2022-04-07 14:28:51.585849 True [    7040.649587] 0003 0036 000004ce
2022-04-07 14:28:51.594625 True [    7040.657757] 0003 0035 00000356
2022-04-07 14:28:51.594625 True [    7040.657757] 0003 0036 000004ac
2022-04-07 14:28:51.605513 True [    7040.667514] 0003 0035 00000357
2022-04-07 14:28:51.605513 True [    7040.667514] 0003 0036 0000048c
2022-04-07 14:28:51.611497 True [    7040.674597] 0003 0035 00000356
2022-04-07 14:28:51.611497 True [    7040.674597] 0003 0036 0000046c
2022-04-07 14:28:51.620188 True [    7040.683515] 0003 0035 00000357
2022-04-07 14:28:51.620188 True [    7040.683515] 0003 0036 0000044f
2022-04-07 14:28:51.628439 True [    7040.691442] 0003 0035 00000356
2022-04-07 14:28:51.628439 True [    7040.691442] 0003 0036 00000431
2022-04-07 14:28:51.635578 True [    7040.700207] 0003 0035 00000358
2022-04-07 14:28:51.636588 True [    7040.700207] 0003 0036 00000417
2022-04-07 14:28:51.644099 True [    7040.707776] 0003 0035 00000359
2022-04-07 14:28:51.644099 True [    7040.707776] 0003 0036 00000402
2022-04-07 14:28:51.653636 True [    7040.717215] 0003 0035 0000035c
2022-04-07 14:28:51.653636 True [    7040.717215] 0003 0036 000003eb
2022-04-07 14:28:51.660381 True [    7040.724658] 0003 0035 00000360
2022-04-07 14:28:51.661386 True [    7040.724658] 0003 0036 000003d0
2022-04-07 14:28:52.560677 True [    7041.623785] 0003 0035 000003bb
2022-04-07 14:28:52.560677 True [    7041.623785] 0003 0036 000006c3
2022-04-07 14:28:53.142708 False [    7042.205302] 0003 0035 00000347
2022-04-07 14:28:53.142708 False [    7042.205302] 0003 0036 0000082d
2022-04-07 14:28:53.499837 False [    7042.562496] 0003 0035 000003dd
2022-04-07 14:28:53.499837 False [    7042.562496] 0003 0036 00000792
2022-04-07 14:28:53.863132 False [    7042.926445] 0003 0035 00000276
2022-04-07 14:28:53.863132 False [    7042.926445] 0003 0036 0000076f
2022-04-07 14:28:54.061722 False [    7043.125686] 0003 0035 0000027f
2022-04-07 14:28:54.061722 False [    7043.125686] 0003 0036 000006e4
2022-04-07 14:28:54.203330 False [    7043.266810] 0003 0035 0000027e
2022-04-07 14:28:54.203330 False [    7043.266810] 0003 0036 000006da
2022-04-07 14:28:54.261748 False [    7043.325216] 0003 0036 000006dd
2022-04-07 14:28:54.696095 False [    7043.759453] 0003 0035 0000039a
2022-04-07 14:28:54.696095 False [    7043.759453] 0003 0036 000008c5
2022-04-07 14:28:55.269065 False [    7044.332529] 0003 0035 000003f5
2022-04-07 14:28:55.269065 False [    7044.332529] 0003 0036 0000087f
2022-04-07 14:28:56.481608 False [    7045.544469] 0003 0035 00000327
2022-04-07 14:28:56.481608 False [    7045.544469] 0003 0036 000009f4
